[2024-02-08T09:00:04.498+0000] {taskinstance.py:1956} INFO - Dependencies all met for dep_context=non-requeueable deps ti=<TaskInstance: 6_postgres.delete_data_from_table manual__2024-02-08T09:00:01.941173+00:00 [queued]>
[2024-02-08T09:00:04.510+0000] {taskinstance.py:1956} INFO - Dependencies all met for dep_context=requeueable deps ti=<TaskInstance: 6_postgres.delete_data_from_table manual__2024-02-08T09:00:01.941173+00:00 [queued]>
[2024-02-08T09:00:04.510+0000] {taskinstance.py:2170} INFO - Starting attempt 1 of 6
[2024-02-08T09:00:04.526+0000] {taskinstance.py:2191} INFO - Executing <Task(PostgresOperator): delete_data_from_table> on 2024-02-08 09:00:01.941173+00:00
[2024-02-08T09:00:04.530+0000] {standard_task_runner.py:60} INFO - Started process 7868 to run task
[2024-02-08T09:00:04.534+0000] {standard_task_runner.py:87} INFO - Running: ['***', 'tasks', 'run', '6_postgres', 'delete_data_from_table', 'manual__2024-02-08T09:00:01.941173+00:00', '--job-id', '111', '--raw', '--subdir', 'DAGS_FOLDER/6_postgres.py', '--cfg-path', '/tmp/tmpmm1aubsg']
[2024-02-08T09:00:04.537+0000] {standard_task_runner.py:88} INFO - Job 111: Subtask delete_data_from_table
[2024-02-08T09:00:04.583+0000] {task_command.py:423} INFO - Running <TaskInstance: 6_postgres.delete_data_from_table manual__2024-02-08T09:00:01.941173+00:00 [running]> on host 8c35f9d61d9d
[2024-02-08T09:00:04.673+0000] {taskinstance.py:2480} INFO - Exporting env vars: AIRFLOW_CTX_DAG_OWNER='cardthp' AIRFLOW_CTX_DAG_ID='6_postgres' AIRFLOW_CTX_TASK_ID='delete_data_from_table' AIRFLOW_CTX_EXECUTION_DATE='2024-02-08T09:00:01.941173+00:00' AIRFLOW_CTX_TRY_NUMBER='1' AIRFLOW_CTX_DAG_RUN_ID='manual__2024-02-08T09:00:01.941173+00:00'
[2024-02-08T09:00:04.674+0000] {sql.py:276} INFO - Executing: 
            delete from dag_runs where dt = '2024-02-08' and dag_id = '6_postgres';
        
[2024-02-08T09:00:04.682+0000] {base.py:83} INFO - Using connection ID 'postgres_localhost' for task execution.
[2024-02-08T09:00:04.691+0000] {base.py:83} INFO - Using connection ID 'postgres_localhost' for task execution.
[2024-02-08T09:00:04.703+0000] {sql.py:450} INFO - Running statement: 
            delete from dag_runs where dt = '2024-02-08' and dag_id = '6_postgres';
        , parameters: None
[2024-02-08T09:00:04.707+0000] {sql.py:459} INFO - Rows affected: 0
[2024-02-08T09:00:04.720+0000] {taskinstance.py:1138} INFO - Marking task as SUCCESS. dag_id=6_postgres, task_id=delete_data_from_table, execution_date=20240208T090001, start_date=20240208T090004, end_date=20240208T090004
[2024-02-08T09:00:04.747+0000] {local_task_job_runner.py:234} INFO - Task exited with return code 0
[2024-02-08T09:00:04.773+0000] {taskinstance.py:3280} INFO - 1 downstream tasks scheduled from follow-on schedule check
