[2024-02-05T15:06:31.934+0000] {processor.py:161} INFO - Started process (PID=1252) to work on /opt/airflow/dags/1_first.py
[2024-02-05T15:06:31.937+0000] {processor.py:830} INFO - Processing file /opt/airflow/dags/1_first.py for tasks to queue
[2024-02-05T15:06:31.941+0000] {logging_mixin.py:188} INFO - [2024-02-05T15:06:31.940+0000] {dagbag.py:538} INFO - Filling up the DagBag from /opt/airflow/dags/1_first.py
[2024-02-05T15:06:32.032+0000] {processor.py:840} INFO - DAG(s) '1' retrieved from /opt/airflow/dags/1_first.py
[2024-02-05T15:06:32.390+0000] {logging_mixin.py:188} INFO - [2024-02-05T15:06:32.388+0000] {override.py:1769} INFO - Created Permission View: can delete on DAG:1
[2024-02-05T15:06:32.411+0000] {logging_mixin.py:188} INFO - [2024-02-05T15:06:32.411+0000] {override.py:1769} INFO - Created Permission View: can edit on DAG:1
[2024-02-05T15:06:32.423+0000] {logging_mixin.py:188} INFO - [2024-02-05T15:06:32.423+0000] {override.py:1769} INFO - Created Permission View: can read on DAG:1
[2024-02-05T15:06:32.424+0000] {logging_mixin.py:188} INFO - [2024-02-05T15:06:32.424+0000] {dag.py:3036} INFO - Sync 1 DAGs
[2024-02-05T15:06:32.440+0000] {logging_mixin.py:188} INFO - [2024-02-05T15:06:32.440+0000] {dag.py:3058} INFO - Creating ORM DAG for 1
[2024-02-05T15:06:32.455+0000] {logging_mixin.py:188} INFO - [2024-02-05T15:06:32.454+0000] {dag.py:3823} INFO - Setting next_dagrun for 1 to 2024-02-01 00:00:00+00:00, run_after=2024-02-02 00:00:00+00:00
[2024-02-05T15:06:32.474+0000] {processor.py:183} INFO - Processing /opt/airflow/dags/1_first.py took 0.543 seconds
[2024-02-05T15:07:02.695+0000] {processor.py:161} INFO - Started process (PID=1263) to work on /opt/airflow/dags/1_first.py
[2024-02-05T15:07:02.696+0000] {processor.py:830} INFO - Processing file /opt/airflow/dags/1_first.py for tasks to queue
[2024-02-05T15:07:02.698+0000] {logging_mixin.py:188} INFO - [2024-02-05T15:07:02.697+0000] {dagbag.py:538} INFO - Filling up the DagBag from /opt/airflow/dags/1_first.py
[2024-02-05T15:07:02.721+0000] {processor.py:840} INFO - DAG(s) '1' retrieved from /opt/airflow/dags/1_first.py
[2024-02-05T15:07:02.746+0000] {logging_mixin.py:188} INFO - [2024-02-05T15:07:02.746+0000] {dag.py:3036} INFO - Sync 1 DAGs
[2024-02-05T15:07:02.768+0000] {logging_mixin.py:188} INFO - [2024-02-05T15:07:02.768+0000] {dag.py:3823} INFO - Setting next_dagrun for 1 to 2024-02-01 00:00:00+00:00, run_after=2024-02-02 00:00:00+00:00
[2024-02-05T15:07:02.788+0000] {processor.py:183} INFO - Processing /opt/airflow/dags/1_first.py took 0.096 seconds
[2024-02-05T15:07:03.710+0000] {processor.py:161} INFO - Started process (PID=1268) to work on /opt/airflow/dags/1_first.py
[2024-02-05T15:07:03.711+0000] {processor.py:830} INFO - Processing file /opt/airflow/dags/1_first.py for tasks to queue
[2024-02-05T15:07:03.712+0000] {logging_mixin.py:188} INFO - [2024-02-05T15:07:03.712+0000] {dagbag.py:538} INFO - Filling up the DagBag from /opt/airflow/dags/1_first.py
[2024-02-05T15:07:03.777+0000] {processor.py:840} INFO - DAG(s) '1_first' retrieved from /opt/airflow/dags/1_first.py
[2024-02-05T15:07:03.906+0000] {logging_mixin.py:188} INFO - [2024-02-05T15:07:03.905+0000] {override.py:1769} INFO - Created Permission View: can delete on DAG:1_first
[2024-02-05T15:07:03.920+0000] {logging_mixin.py:188} INFO - [2024-02-05T15:07:03.920+0000] {override.py:1769} INFO - Created Permission View: can edit on DAG:1_first
[2024-02-05T15:07:03.929+0000] {logging_mixin.py:188} INFO - [2024-02-05T15:07:03.928+0000] {override.py:1769} INFO - Created Permission View: can read on DAG:1_first
[2024-02-05T15:07:03.929+0000] {logging_mixin.py:188} INFO - [2024-02-05T15:07:03.929+0000] {dag.py:3036} INFO - Sync 1 DAGs
[2024-02-05T15:07:03.942+0000] {logging_mixin.py:188} INFO - [2024-02-05T15:07:03.941+0000] {dag.py:3058} INFO - Creating ORM DAG for 1_first
[2024-02-05T15:07:03.953+0000] {logging_mixin.py:188} INFO - [2024-02-05T15:07:03.953+0000] {dag.py:3823} INFO - Setting next_dagrun for 1_first to 2024-02-01 00:00:00+00:00, run_after=2024-02-02 00:00:00+00:00
[2024-02-05T15:07:03.976+0000] {processor.py:183} INFO - Processing /opt/airflow/dags/1_first.py took 0.270 seconds
[2024-02-05T15:07:34.069+0000] {processor.py:161} INFO - Started process (PID=1294) to work on /opt/airflow/dags/1_first.py
[2024-02-05T15:07:34.070+0000] {processor.py:830} INFO - Processing file /opt/airflow/dags/1_first.py for tasks to queue
[2024-02-05T15:07:34.071+0000] {logging_mixin.py:188} INFO - [2024-02-05T15:07:34.071+0000] {dagbag.py:538} INFO - Filling up the DagBag from /opt/airflow/dags/1_first.py
[2024-02-05T15:07:34.094+0000] {processor.py:840} INFO - DAG(s) '1_first' retrieved from /opt/airflow/dags/1_first.py
[2024-02-05T15:07:34.122+0000] {logging_mixin.py:188} INFO - [2024-02-05T15:07:34.122+0000] {dag.py:3036} INFO - Sync 1 DAGs
[2024-02-05T15:07:34.147+0000] {logging_mixin.py:188} INFO - [2024-02-05T15:07:34.147+0000] {dag.py:3823} INFO - Setting next_dagrun for 1_first to 2024-02-05 00:00:00+00:00, run_after=2024-02-06 00:00:00+00:00
[2024-02-05T15:07:34.180+0000] {processor.py:183} INFO - Processing /opt/airflow/dags/1_first.py took 0.115 seconds
[2024-02-05T15:08:04.471+0000] {processor.py:161} INFO - Started process (PID=1305) to work on /opt/airflow/dags/1_first.py
[2024-02-05T15:08:04.472+0000] {processor.py:830} INFO - Processing file /opt/airflow/dags/1_first.py for tasks to queue
[2024-02-05T15:08:04.473+0000] {logging_mixin.py:188} INFO - [2024-02-05T15:08:04.473+0000] {dagbag.py:538} INFO - Filling up the DagBag from /opt/airflow/dags/1_first.py
[2024-02-05T15:08:04.495+0000] {processor.py:840} INFO - DAG(s) '1_first' retrieved from /opt/airflow/dags/1_first.py
[2024-02-05T15:08:04.520+0000] {logging_mixin.py:188} INFO - [2024-02-05T15:08:04.519+0000] {dag.py:3036} INFO - Sync 1 DAGs
[2024-02-05T15:08:04.541+0000] {logging_mixin.py:188} INFO - [2024-02-05T15:08:04.541+0000] {dag.py:3823} INFO - Setting next_dagrun for 1_first to 2024-02-05 00:00:00+00:00, run_after=2024-02-06 00:00:00+00:00
[2024-02-05T15:08:04.567+0000] {processor.py:183} INFO - Processing /opt/airflow/dags/1_first.py took 0.098 seconds
[2024-02-05T15:08:34.749+0000] {processor.py:161} INFO - Started process (PID=1316) to work on /opt/airflow/dags/1_first.py
[2024-02-05T15:08:34.751+0000] {processor.py:830} INFO - Processing file /opt/airflow/dags/1_first.py for tasks to queue
[2024-02-05T15:08:34.752+0000] {logging_mixin.py:188} INFO - [2024-02-05T15:08:34.752+0000] {dagbag.py:538} INFO - Filling up the DagBag from /opt/airflow/dags/1_first.py
[2024-02-05T15:08:34.775+0000] {processor.py:840} INFO - DAG(s) '1_first' retrieved from /opt/airflow/dags/1_first.py
[2024-02-05T15:08:34.802+0000] {logging_mixin.py:188} INFO - [2024-02-05T15:08:34.802+0000] {dag.py:3036} INFO - Sync 1 DAGs
[2024-02-05T15:08:34.827+0000] {logging_mixin.py:188} INFO - [2024-02-05T15:08:34.827+0000] {dag.py:3823} INFO - Setting next_dagrun for 1_first to 2024-02-05 00:00:00+00:00, run_after=2024-02-06 00:00:00+00:00
[2024-02-05T15:08:34.846+0000] {processor.py:183} INFO - Processing /opt/airflow/dags/1_first.py took 0.100 seconds
[2024-02-05T15:09:05.179+0000] {processor.py:161} INFO - Started process (PID=1327) to work on /opt/airflow/dags/1_first.py
[2024-02-05T15:09:05.181+0000] {processor.py:830} INFO - Processing file /opt/airflow/dags/1_first.py for tasks to queue
[2024-02-05T15:09:05.183+0000] {logging_mixin.py:188} INFO - [2024-02-05T15:09:05.183+0000] {dagbag.py:538} INFO - Filling up the DagBag from /opt/airflow/dags/1_first.py
[2024-02-05T15:09:05.245+0000] {processor.py:840} INFO - DAG(s) '1_first' retrieved from /opt/airflow/dags/1_first.py
[2024-02-05T15:09:05.311+0000] {logging_mixin.py:188} INFO - [2024-02-05T15:09:05.310+0000] {dag.py:3036} INFO - Sync 1 DAGs
[2024-02-05T15:09:05.440+0000] {logging_mixin.py:188} INFO - [2024-02-05T15:09:05.439+0000] {dag.py:3823} INFO - Setting next_dagrun for 1_first to 2024-02-05 00:00:00+00:00, run_after=2024-02-06 00:00:00+00:00
[2024-02-05T15:09:05.497+0000] {processor.py:183} INFO - Processing /opt/airflow/dags/1_first.py took 0.323 seconds
[2024-02-05T15:09:35.620+0000] {processor.py:161} INFO - Started process (PID=1353) to work on /opt/airflow/dags/1_first.py
[2024-02-05T15:09:35.627+0000] {processor.py:830} INFO - Processing file /opt/airflow/dags/1_first.py for tasks to queue
[2024-02-05T15:09:35.629+0000] {logging_mixin.py:188} INFO - [2024-02-05T15:09:35.629+0000] {dagbag.py:538} INFO - Filling up the DagBag from /opt/airflow/dags/1_first.py
[2024-02-05T15:09:35.699+0000] {processor.py:840} INFO - DAG(s) '1_first' retrieved from /opt/airflow/dags/1_first.py
[2024-02-05T15:09:35.763+0000] {logging_mixin.py:188} INFO - [2024-02-05T15:09:35.762+0000] {dag.py:3036} INFO - Sync 1 DAGs
[2024-02-05T15:09:35.810+0000] {logging_mixin.py:188} INFO - [2024-02-05T15:09:35.809+0000] {dag.py:3823} INFO - Setting next_dagrun for 1_first to 2024-02-05 00:00:00+00:00, run_after=2024-02-06 00:00:00+00:00
[2024-02-05T15:09:35.905+0000] {processor.py:183} INFO - Processing /opt/airflow/dags/1_first.py took 0.298 seconds
[2024-02-05T15:10:06.095+0000] {processor.py:161} INFO - Started process (PID=1364) to work on /opt/airflow/dags/1_first.py
[2024-02-05T15:10:06.096+0000] {processor.py:830} INFO - Processing file /opt/airflow/dags/1_first.py for tasks to queue
[2024-02-05T15:10:06.097+0000] {logging_mixin.py:188} INFO - [2024-02-05T15:10:06.097+0000] {dagbag.py:538} INFO - Filling up the DagBag from /opt/airflow/dags/1_first.py
[2024-02-05T15:10:06.121+0000] {processor.py:840} INFO - DAG(s) '1_first' retrieved from /opt/airflow/dags/1_first.py
[2024-02-05T15:10:06.149+0000] {logging_mixin.py:188} INFO - [2024-02-05T15:10:06.149+0000] {dag.py:3036} INFO - Sync 1 DAGs
[2024-02-05T15:10:06.177+0000] {logging_mixin.py:188} INFO - [2024-02-05T15:10:06.177+0000] {dag.py:3823} INFO - Setting next_dagrun for 1_first to 2024-02-05 00:00:00+00:00, run_after=2024-02-06 00:00:00+00:00
[2024-02-05T15:10:06.199+0000] {processor.py:183} INFO - Processing /opt/airflow/dags/1_first.py took 0.108 seconds
[2024-02-05T15:10:36.325+0000] {processor.py:161} INFO - Started process (PID=1375) to work on /opt/airflow/dags/1_first.py
[2024-02-05T15:10:36.326+0000] {processor.py:830} INFO - Processing file /opt/airflow/dags/1_first.py for tasks to queue
[2024-02-05T15:10:36.328+0000] {logging_mixin.py:188} INFO - [2024-02-05T15:10:36.327+0000] {dagbag.py:538} INFO - Filling up the DagBag from /opt/airflow/dags/1_first.py
[2024-02-05T15:10:36.351+0000] {processor.py:840} INFO - DAG(s) '1_first' retrieved from /opt/airflow/dags/1_first.py
[2024-02-05T15:10:36.375+0000] {logging_mixin.py:188} INFO - [2024-02-05T15:10:36.375+0000] {dag.py:3036} INFO - Sync 1 DAGs
[2024-02-05T15:10:36.396+0000] {logging_mixin.py:188} INFO - [2024-02-05T15:10:36.395+0000] {dag.py:3823} INFO - Setting next_dagrun for 1_first to 2024-02-05 00:00:00+00:00, run_after=2024-02-06 00:00:00+00:00
[2024-02-05T15:10:36.418+0000] {processor.py:183} INFO - Processing /opt/airflow/dags/1_first.py took 0.097 seconds
[2024-02-05T15:11:06.619+0000] {processor.py:161} INFO - Started process (PID=1386) to work on /opt/airflow/dags/1_first.py
[2024-02-05T15:11:06.620+0000] {processor.py:830} INFO - Processing file /opt/airflow/dags/1_first.py for tasks to queue
[2024-02-05T15:11:06.621+0000] {logging_mixin.py:188} INFO - [2024-02-05T15:11:06.621+0000] {dagbag.py:538} INFO - Filling up the DagBag from /opt/airflow/dags/1_first.py
[2024-02-05T15:11:06.643+0000] {processor.py:840} INFO - DAG(s) '1_first' retrieved from /opt/airflow/dags/1_first.py
[2024-02-05T15:11:06.669+0000] {logging_mixin.py:188} INFO - [2024-02-05T15:11:06.669+0000] {dag.py:3036} INFO - Sync 1 DAGs
[2024-02-05T15:11:06.695+0000] {logging_mixin.py:188} INFO - [2024-02-05T15:11:06.694+0000] {dag.py:3823} INFO - Setting next_dagrun for 1_first to 2024-02-05 00:00:00+00:00, run_after=2024-02-06 00:00:00+00:00
[2024-02-05T15:11:06.717+0000] {processor.py:183} INFO - Processing /opt/airflow/dags/1_first.py took 0.102 seconds
[2024-02-05T15:11:36.890+0000] {processor.py:161} INFO - Started process (PID=1397) to work on /opt/airflow/dags/1_first.py
[2024-02-05T15:11:36.891+0000] {processor.py:830} INFO - Processing file /opt/airflow/dags/1_first.py for tasks to queue
[2024-02-05T15:11:36.892+0000] {logging_mixin.py:188} INFO - [2024-02-05T15:11:36.892+0000] {dagbag.py:538} INFO - Filling up the DagBag from /opt/airflow/dags/1_first.py
[2024-02-05T15:11:36.919+0000] {processor.py:840} INFO - DAG(s) '1_first' retrieved from /opt/airflow/dags/1_first.py
[2024-02-05T15:11:36.949+0000] {logging_mixin.py:188} INFO - [2024-02-05T15:11:36.949+0000] {dag.py:3036} INFO - Sync 1 DAGs
[2024-02-05T15:11:36.973+0000] {logging_mixin.py:188} INFO - [2024-02-05T15:11:36.973+0000] {dag.py:3823} INFO - Setting next_dagrun for 1_first to 2024-02-05 00:00:00+00:00, run_after=2024-02-06 00:00:00+00:00
[2024-02-05T15:11:36.995+0000] {processor.py:183} INFO - Processing /opt/airflow/dags/1_first.py took 0.108 seconds
[2024-02-05T15:12:07.193+0000] {processor.py:161} INFO - Started process (PID=1408) to work on /opt/airflow/dags/1_first.py
[2024-02-05T15:12:07.194+0000] {processor.py:830} INFO - Processing file /opt/airflow/dags/1_first.py for tasks to queue
[2024-02-05T15:12:07.195+0000] {logging_mixin.py:188} INFO - [2024-02-05T15:12:07.194+0000] {dagbag.py:538} INFO - Filling up the DagBag from /opt/airflow/dags/1_first.py
[2024-02-05T15:12:07.215+0000] {processor.py:840} INFO - DAG(s) '1_first' retrieved from /opt/airflow/dags/1_first.py
[2024-02-05T15:12:07.242+0000] {logging_mixin.py:188} INFO - [2024-02-05T15:12:07.242+0000] {dag.py:3036} INFO - Sync 1 DAGs
[2024-02-05T15:12:07.264+0000] {logging_mixin.py:188} INFO - [2024-02-05T15:12:07.264+0000] {dag.py:3823} INFO - Setting next_dagrun for 1_first to 2024-02-05 00:00:00+00:00, run_after=2024-02-06 00:00:00+00:00
[2024-02-05T15:12:07.285+0000] {processor.py:183} INFO - Processing /opt/airflow/dags/1_first.py took 0.095 seconds
[2024-02-05T15:12:11.263+0000] {processor.py:161} INFO - Started process (PID=1413) to work on /opt/airflow/dags/1_first.py
[2024-02-05T15:12:11.264+0000] {processor.py:830} INFO - Processing file /opt/airflow/dags/1_first.py for tasks to queue
[2024-02-05T15:12:11.266+0000] {logging_mixin.py:188} INFO - [2024-02-05T15:12:11.265+0000] {dagbag.py:538} INFO - Filling up the DagBag from /opt/airflow/dags/1_first.py
[2024-02-05T15:12:11.300+0000] {processor.py:840} INFO - DAG(s) '1_first' retrieved from /opt/airflow/dags/1_first.py
[2024-02-05T15:12:11.395+0000] {logging_mixin.py:188} INFO - [2024-02-05T15:12:11.395+0000] {dag.py:3036} INFO - Sync 1 DAGs
[2024-02-05T15:12:11.417+0000] {logging_mixin.py:188} INFO - [2024-02-05T15:12:11.417+0000] {dag.py:3823} INFO - Setting next_dagrun for 1_first to 2024-02-06 00:00:00+00:00, run_after=2024-02-07 00:00:00+00:00
[2024-02-05T15:12:11.443+0000] {processor.py:183} INFO - Processing /opt/airflow/dags/1_first.py took 0.183 seconds
[2024-02-05T15:12:41.585+0000] {processor.py:161} INFO - Started process (PID=1424) to work on /opt/airflow/dags/1_first.py
[2024-02-05T15:12:41.587+0000] {processor.py:830} INFO - Processing file /opt/airflow/dags/1_first.py for tasks to queue
[2024-02-05T15:12:41.588+0000] {logging_mixin.py:188} INFO - [2024-02-05T15:12:41.588+0000] {dagbag.py:538} INFO - Filling up the DagBag from /opt/airflow/dags/1_first.py
[2024-02-05T15:12:41.619+0000] {processor.py:840} INFO - DAG(s) '1_first' retrieved from /opt/airflow/dags/1_first.py
[2024-02-05T15:12:41.727+0000] {logging_mixin.py:188} INFO - [2024-02-05T15:12:41.727+0000] {dag.py:3036} INFO - Sync 1 DAGs
[2024-02-05T15:12:41.738+0000] {logging_mixin.py:188} INFO - [2024-02-05T15:12:41.738+0000] {dag.py:3058} INFO - Creating ORM DAG for 1_first
[2024-02-05T15:12:41.749+0000] {logging_mixin.py:188} INFO - [2024-02-05T15:12:41.748+0000] {dag.py:3823} INFO - Setting next_dagrun for 1_first to 2024-02-06 00:00:00+00:00, run_after=2024-02-07 00:00:00+00:00
[2024-02-05T15:12:41.767+0000] {processor.py:183} INFO - Processing /opt/airflow/dags/1_first.py took 0.186 seconds
[2024-02-05T15:12:48.794+0000] {processor.py:161} INFO - Started process (PID=1435) to work on /opt/airflow/dags/1_first.py
[2024-02-05T15:12:48.795+0000] {processor.py:830} INFO - Processing file /opt/airflow/dags/1_first.py for tasks to queue
[2024-02-05T15:12:48.796+0000] {logging_mixin.py:188} INFO - [2024-02-05T15:12:48.796+0000] {dagbag.py:538} INFO - Filling up the DagBag from /opt/airflow/dags/1_first.py
[2024-02-05T15:12:48.826+0000] {processor.py:840} INFO - DAG(s) '1_first' retrieved from /opt/airflow/dags/1_first.py
[2024-02-05T15:12:48.838+0000] {logging_mixin.py:188} INFO - [2024-02-05T15:12:48.838+0000] {dag.py:3036} INFO - Sync 1 DAGs
[2024-02-05T15:12:48.866+0000] {logging_mixin.py:188} INFO - [2024-02-05T15:12:48.865+0000] {dag.py:3823} INFO - Setting next_dagrun for 1_first to 2024-02-06 00:00:00+00:00, run_after=2024-02-07 00:00:00+00:00
[2024-02-05T15:12:48.890+0000] {processor.py:183} INFO - Processing /opt/airflow/dags/1_first.py took 0.099 seconds
[2024-02-05T15:12:50.821+0000] {processor.py:161} INFO - Started process (PID=1440) to work on /opt/airflow/dags/1_first.py
[2024-02-05T15:12:50.822+0000] {processor.py:830} INFO - Processing file /opt/airflow/dags/1_first.py for tasks to queue
[2024-02-05T15:12:50.823+0000] {logging_mixin.py:188} INFO - [2024-02-05T15:12:50.823+0000] {dagbag.py:538} INFO - Filling up the DagBag from /opt/airflow/dags/1_first.py
[2024-02-05T15:12:50.852+0000] {processor.py:840} INFO - DAG(s) '1_first' retrieved from /opt/airflow/dags/1_first.py
[2024-02-05T15:12:50.864+0000] {logging_mixin.py:188} INFO - [2024-02-05T15:12:50.864+0000] {dag.py:3036} INFO - Sync 1 DAGs
[2024-02-05T15:12:50.888+0000] {logging_mixin.py:188} INFO - [2024-02-05T15:12:50.887+0000] {dag.py:3823} INFO - Setting next_dagrun for 1_first to 2024-02-06 00:00:00+00:00, run_after=2024-02-07 00:00:00+00:00
[2024-02-05T15:12:50.921+0000] {processor.py:183} INFO - Processing /opt/airflow/dags/1_first.py took 0.103 seconds
[2024-02-05T15:13:21.190+0000] {processor.py:161} INFO - Started process (PID=1451) to work on /opt/airflow/dags/1_first.py
[2024-02-05T15:13:21.191+0000] {processor.py:830} INFO - Processing file /opt/airflow/dags/1_first.py for tasks to queue
[2024-02-05T15:13:21.192+0000] {logging_mixin.py:188} INFO - [2024-02-05T15:13:21.191+0000] {dagbag.py:538} INFO - Filling up the DagBag from /opt/airflow/dags/1_first.py
[2024-02-05T15:13:21.213+0000] {processor.py:840} INFO - DAG(s) '1_first' retrieved from /opt/airflow/dags/1_first.py
[2024-02-05T15:13:21.238+0000] {logging_mixin.py:188} INFO - [2024-02-05T15:13:21.238+0000] {dag.py:3036} INFO - Sync 1 DAGs
[2024-02-05T15:13:21.261+0000] {logging_mixin.py:188} INFO - [2024-02-05T15:13:21.261+0000] {dag.py:3823} INFO - Setting next_dagrun for 1_first to 2024-02-06 00:00:00+00:00, run_after=2024-02-07 00:00:00+00:00
[2024-02-05T15:13:21.293+0000] {processor.py:183} INFO - Processing /opt/airflow/dags/1_first.py took 0.106 seconds
[2024-02-05T15:13:51.462+0000] {processor.py:161} INFO - Started process (PID=1462) to work on /opt/airflow/dags/1_first.py
[2024-02-05T15:13:51.464+0000] {processor.py:830} INFO - Processing file /opt/airflow/dags/1_first.py for tasks to queue
[2024-02-05T15:13:51.465+0000] {logging_mixin.py:188} INFO - [2024-02-05T15:13:51.465+0000] {dagbag.py:538} INFO - Filling up the DagBag from /opt/airflow/dags/1_first.py
[2024-02-05T15:13:51.486+0000] {processor.py:840} INFO - DAG(s) '1_first' retrieved from /opt/airflow/dags/1_first.py
[2024-02-05T15:13:51.511+0000] {logging_mixin.py:188} INFO - [2024-02-05T15:13:51.511+0000] {dag.py:3036} INFO - Sync 1 DAGs
[2024-02-05T15:13:51.534+0000] {logging_mixin.py:188} INFO - [2024-02-05T15:13:51.534+0000] {dag.py:3823} INFO - Setting next_dagrun for 1_first to 2024-02-06 00:00:00+00:00, run_after=2024-02-07 00:00:00+00:00
[2024-02-05T15:13:51.553+0000] {processor.py:183} INFO - Processing /opt/airflow/dags/1_first.py took 0.094 seconds
[2024-02-05T15:14:21.733+0000] {processor.py:161} INFO - Started process (PID=1476) to work on /opt/airflow/dags/1_first.py
[2024-02-05T15:14:21.735+0000] {processor.py:830} INFO - Processing file /opt/airflow/dags/1_first.py for tasks to queue
[2024-02-05T15:14:21.736+0000] {logging_mixin.py:188} INFO - [2024-02-05T15:14:21.736+0000] {dagbag.py:538} INFO - Filling up the DagBag from /opt/airflow/dags/1_first.py
[2024-02-05T15:14:21.761+0000] {processor.py:840} INFO - DAG(s) '1_first' retrieved from /opt/airflow/dags/1_first.py
[2024-02-05T15:14:21.791+0000] {logging_mixin.py:188} INFO - [2024-02-05T15:14:21.790+0000] {dag.py:3036} INFO - Sync 1 DAGs
[2024-02-05T15:14:21.814+0000] {logging_mixin.py:188} INFO - [2024-02-05T15:14:21.814+0000] {dag.py:3823} INFO - Setting next_dagrun for 1_first to 2024-02-06 00:00:00+00:00, run_after=2024-02-07 00:00:00+00:00
[2024-02-05T15:14:21.841+0000] {processor.py:183} INFO - Processing /opt/airflow/dags/1_first.py took 0.111 seconds
[2024-02-05T15:14:52.006+0000] {processor.py:161} INFO - Started process (PID=1487) to work on /opt/airflow/dags/1_first.py
[2024-02-05T15:14:52.007+0000] {processor.py:830} INFO - Processing file /opt/airflow/dags/1_first.py for tasks to queue
[2024-02-05T15:14:52.009+0000] {logging_mixin.py:188} INFO - [2024-02-05T15:14:52.008+0000] {dagbag.py:538} INFO - Filling up the DagBag from /opt/airflow/dags/1_first.py
[2024-02-05T15:14:52.047+0000] {processor.py:840} INFO - DAG(s) '1_first' retrieved from /opt/airflow/dags/1_first.py
[2024-02-05T15:14:52.074+0000] {logging_mixin.py:188} INFO - [2024-02-05T15:14:52.074+0000] {dag.py:3036} INFO - Sync 1 DAGs
[2024-02-05T15:14:52.098+0000] {logging_mixin.py:188} INFO - [2024-02-05T15:14:52.098+0000] {dag.py:3823} INFO - Setting next_dagrun for 1_first to 2024-02-06 00:00:00+00:00, run_after=2024-02-07 00:00:00+00:00
[2024-02-05T15:14:52.127+0000] {processor.py:183} INFO - Processing /opt/airflow/dags/1_first.py took 0.125 seconds
[2024-02-05T15:15:22.334+0000] {processor.py:161} INFO - Started process (PID=1498) to work on /opt/airflow/dags/1_first.py
[2024-02-05T15:15:22.336+0000] {processor.py:830} INFO - Processing file /opt/airflow/dags/1_first.py for tasks to queue
[2024-02-05T15:15:22.337+0000] {logging_mixin.py:188} INFO - [2024-02-05T15:15:22.337+0000] {dagbag.py:538} INFO - Filling up the DagBag from /opt/airflow/dags/1_first.py
[2024-02-05T15:15:22.367+0000] {processor.py:840} INFO - DAG(s) '1_first' retrieved from /opt/airflow/dags/1_first.py
[2024-02-05T15:15:22.394+0000] {logging_mixin.py:188} INFO - [2024-02-05T15:15:22.393+0000] {dag.py:3036} INFO - Sync 1 DAGs
[2024-02-05T15:15:22.418+0000] {logging_mixin.py:188} INFO - [2024-02-05T15:15:22.418+0000] {dag.py:3823} INFO - Setting next_dagrun for 1_first to 2024-02-06 00:00:00+00:00, run_after=2024-02-07 00:00:00+00:00
[2024-02-05T15:15:22.440+0000] {processor.py:183} INFO - Processing /opt/airflow/dags/1_first.py took 0.109 seconds
[2024-02-05T15:15:52.606+0000] {processor.py:161} INFO - Started process (PID=1509) to work on /opt/airflow/dags/1_first.py
[2024-02-05T15:15:52.607+0000] {processor.py:830} INFO - Processing file /opt/airflow/dags/1_first.py for tasks to queue
[2024-02-05T15:15:52.608+0000] {logging_mixin.py:188} INFO - [2024-02-05T15:15:52.608+0000] {dagbag.py:538} INFO - Filling up the DagBag from /opt/airflow/dags/1_first.py
[2024-02-05T15:15:52.631+0000] {processor.py:840} INFO - DAG(s) '1_first' retrieved from /opt/airflow/dags/1_first.py
[2024-02-05T15:15:52.658+0000] {logging_mixin.py:188} INFO - [2024-02-05T15:15:52.658+0000] {dag.py:3036} INFO - Sync 1 DAGs
[2024-02-05T15:15:52.685+0000] {logging_mixin.py:188} INFO - [2024-02-05T15:15:52.684+0000] {dag.py:3823} INFO - Setting next_dagrun for 1_first to 2024-02-06 00:00:00+00:00, run_after=2024-02-07 00:00:00+00:00
[2024-02-05T15:15:52.714+0000] {processor.py:183} INFO - Processing /opt/airflow/dags/1_first.py took 0.113 seconds
[2024-02-05T15:16:22.930+0000] {processor.py:161} INFO - Started process (PID=1523) to work on /opt/airflow/dags/1_first.py
[2024-02-05T15:16:22.931+0000] {processor.py:830} INFO - Processing file /opt/airflow/dags/1_first.py for tasks to queue
[2024-02-05T15:16:22.933+0000] {logging_mixin.py:188} INFO - [2024-02-05T15:16:22.932+0000] {dagbag.py:538} INFO - Filling up the DagBag from /opt/airflow/dags/1_first.py
[2024-02-05T15:16:22.954+0000] {processor.py:840} INFO - DAG(s) '1_first' retrieved from /opt/airflow/dags/1_first.py
[2024-02-05T15:16:22.979+0000] {logging_mixin.py:188} INFO - [2024-02-05T15:16:22.979+0000] {dag.py:3036} INFO - Sync 1 DAGs
[2024-02-05T15:16:23.001+0000] {logging_mixin.py:188} INFO - [2024-02-05T15:16:23.000+0000] {dag.py:3823} INFO - Setting next_dagrun for 1_first to 2024-02-06 00:00:00+00:00, run_after=2024-02-07 00:00:00+00:00
[2024-02-05T15:16:23.023+0000] {processor.py:183} INFO - Processing /opt/airflow/dags/1_first.py took 0.096 seconds
[2024-02-05T15:16:53.202+0000] {processor.py:161} INFO - Started process (PID=1534) to work on /opt/airflow/dags/1_first.py
[2024-02-05T15:16:53.203+0000] {processor.py:830} INFO - Processing file /opt/airflow/dags/1_first.py for tasks to queue
[2024-02-05T15:16:53.204+0000] {logging_mixin.py:188} INFO - [2024-02-05T15:16:53.204+0000] {dagbag.py:538} INFO - Filling up the DagBag from /opt/airflow/dags/1_first.py
[2024-02-05T15:16:53.232+0000] {processor.py:840} INFO - DAG(s) '1_first' retrieved from /opt/airflow/dags/1_first.py
[2024-02-05T15:16:53.258+0000] {logging_mixin.py:188} INFO - [2024-02-05T15:16:53.258+0000] {dag.py:3036} INFO - Sync 1 DAGs
[2024-02-05T15:16:53.284+0000] {logging_mixin.py:188} INFO - [2024-02-05T15:16:53.283+0000] {dag.py:3823} INFO - Setting next_dagrun for 1_first to 2024-02-06 00:00:00+00:00, run_after=2024-02-07 00:00:00+00:00
[2024-02-05T15:16:53.306+0000] {processor.py:183} INFO - Processing /opt/airflow/dags/1_first.py took 0.107 seconds
[2024-02-05T15:17:23.463+0000] {processor.py:161} INFO - Started process (PID=1545) to work on /opt/airflow/dags/1_first.py
[2024-02-05T15:17:23.464+0000] {processor.py:830} INFO - Processing file /opt/airflow/dags/1_first.py for tasks to queue
[2024-02-05T15:17:23.466+0000] {logging_mixin.py:188} INFO - [2024-02-05T15:17:23.465+0000] {dagbag.py:538} INFO - Filling up the DagBag from /opt/airflow/dags/1_first.py
[2024-02-05T15:17:23.539+0000] {processor.py:840} INFO - DAG(s) '1_first' retrieved from /opt/airflow/dags/1_first.py
[2024-02-05T15:17:23.584+0000] {logging_mixin.py:188} INFO - [2024-02-05T15:17:23.582+0000] {dag.py:3036} INFO - Sync 1 DAGs
[2024-02-05T15:17:23.624+0000] {logging_mixin.py:188} INFO - [2024-02-05T15:17:23.624+0000] {dag.py:3823} INFO - Setting next_dagrun for 1_first to 2024-02-06 00:00:00+00:00, run_after=2024-02-07 00:00:00+00:00
[2024-02-05T15:17:23.697+0000] {processor.py:183} INFO - Processing /opt/airflow/dags/1_first.py took 0.238 seconds
[2024-02-05T15:17:53.786+0000] {processor.py:161} INFO - Started process (PID=1556) to work on /opt/airflow/dags/1_first.py
[2024-02-05T15:17:53.787+0000] {processor.py:830} INFO - Processing file /opt/airflow/dags/1_first.py for tasks to queue
[2024-02-05T15:17:53.788+0000] {logging_mixin.py:188} INFO - [2024-02-05T15:17:53.788+0000] {dagbag.py:538} INFO - Filling up the DagBag from /opt/airflow/dags/1_first.py
[2024-02-05T15:17:53.822+0000] {processor.py:840} INFO - DAG(s) '1_first' retrieved from /opt/airflow/dags/1_first.py
[2024-02-05T15:17:53.899+0000] {logging_mixin.py:188} INFO - [2024-02-05T15:17:53.899+0000] {dag.py:3036} INFO - Sync 1 DAGs
[2024-02-05T15:17:54.008+0000] {logging_mixin.py:188} INFO - [2024-02-05T15:17:54.007+0000] {dag.py:3823} INFO - Setting next_dagrun for 1_first to 2024-02-06 00:00:00+00:00, run_after=2024-02-07 00:00:00+00:00
[2024-02-05T15:17:54.053+0000] {processor.py:183} INFO - Processing /opt/airflow/dags/1_first.py took 0.270 seconds
[2024-02-05T15:18:24.212+0000] {processor.py:161} INFO - Started process (PID=1570) to work on /opt/airflow/dags/1_first.py
[2024-02-05T15:18:24.213+0000] {processor.py:830} INFO - Processing file /opt/airflow/dags/1_first.py for tasks to queue
[2024-02-05T15:18:24.214+0000] {logging_mixin.py:188} INFO - [2024-02-05T15:18:24.214+0000] {dagbag.py:538} INFO - Filling up the DagBag from /opt/airflow/dags/1_first.py
[2024-02-05T15:18:24.284+0000] {processor.py:840} INFO - DAG(s) '1_first' retrieved from /opt/airflow/dags/1_first.py
[2024-02-05T15:18:24.322+0000] {logging_mixin.py:188} INFO - [2024-02-05T15:18:24.322+0000] {dag.py:3036} INFO - Sync 1 DAGs
[2024-02-05T15:18:24.365+0000] {logging_mixin.py:188} INFO - [2024-02-05T15:18:24.364+0000] {dag.py:3823} INFO - Setting next_dagrun for 1_first to 2024-02-06 00:00:00+00:00, run_after=2024-02-07 00:00:00+00:00
[2024-02-05T15:18:24.389+0000] {processor.py:183} INFO - Processing /opt/airflow/dags/1_first.py took 0.181 seconds
[2024-02-05T15:18:54.530+0000] {processor.py:161} INFO - Started process (PID=1581) to work on /opt/airflow/dags/1_first.py
[2024-02-05T15:18:54.532+0000] {processor.py:830} INFO - Processing file /opt/airflow/dags/1_first.py for tasks to queue
[2024-02-05T15:18:54.534+0000] {logging_mixin.py:188} INFO - [2024-02-05T15:18:54.533+0000] {dagbag.py:538} INFO - Filling up the DagBag from /opt/airflow/dags/1_first.py
[2024-02-05T15:18:54.613+0000] {processor.py:840} INFO - DAG(s) '1_first' retrieved from /opt/airflow/dags/1_first.py
[2024-02-05T15:18:54.682+0000] {logging_mixin.py:188} INFO - [2024-02-05T15:18:54.681+0000] {dag.py:3036} INFO - Sync 1 DAGs
[2024-02-05T15:18:54.749+0000] {logging_mixin.py:188} INFO - [2024-02-05T15:18:54.749+0000] {dag.py:3823} INFO - Setting next_dagrun for 1_first to 2024-02-06 00:00:00+00:00, run_after=2024-02-07 00:00:00+00:00
[2024-02-05T15:18:54.798+0000] {processor.py:183} INFO - Processing /opt/airflow/dags/1_first.py took 0.273 seconds
[2024-02-05T15:19:25.181+0000] {processor.py:161} INFO - Started process (PID=1592) to work on /opt/airflow/dags/1_first.py
[2024-02-05T15:19:25.182+0000] {processor.py:830} INFO - Processing file /opt/airflow/dags/1_first.py for tasks to queue
[2024-02-05T15:19:25.183+0000] {logging_mixin.py:188} INFO - [2024-02-05T15:19:25.183+0000] {dagbag.py:538} INFO - Filling up the DagBag from /opt/airflow/dags/1_first.py
[2024-02-05T15:19:25.205+0000] {processor.py:840} INFO - DAG(s) '1_first' retrieved from /opt/airflow/dags/1_first.py
[2024-02-05T15:19:25.232+0000] {logging_mixin.py:188} INFO - [2024-02-05T15:19:25.231+0000] {dag.py:3036} INFO - Sync 1 DAGs
[2024-02-05T15:19:25.254+0000] {logging_mixin.py:188} INFO - [2024-02-05T15:19:25.254+0000] {dag.py:3823} INFO - Setting next_dagrun for 1_first to 2024-02-06 00:00:00+00:00, run_after=2024-02-07 00:00:00+00:00
[2024-02-05T15:19:25.275+0000] {processor.py:183} INFO - Processing /opt/airflow/dags/1_first.py took 0.097 seconds
[2024-02-05T15:19:42.315+0000] {processor.py:161} INFO - Started process (PID=1597) to work on /opt/airflow/dags/1_first.py
[2024-02-05T15:19:42.316+0000] {processor.py:830} INFO - Processing file /opt/airflow/dags/1_first.py for tasks to queue
[2024-02-05T15:19:42.318+0000] {logging_mixin.py:188} INFO - [2024-02-05T15:19:42.317+0000] {dagbag.py:538} INFO - Filling up the DagBag from /opt/airflow/dags/1_first.py
[2024-02-05T15:19:42.350+0000] {processor.py:840} INFO - DAG(s) '1_first' retrieved from /opt/airflow/dags/1_first.py
[2024-02-05T15:19:42.446+0000] {logging_mixin.py:188} INFO - [2024-02-05T15:19:42.446+0000] {dag.py:3036} INFO - Sync 1 DAGs
[2024-02-05T15:19:42.465+0000] {logging_mixin.py:188} INFO - [2024-02-05T15:19:42.465+0000] {dag.py:3823} INFO - Setting next_dagrun for 1_first to 2024-02-06 00:00:00+00:00, run_after=2024-02-07 00:00:00+00:00
[2024-02-05T15:19:42.502+0000] {processor.py:183} INFO - Processing /opt/airflow/dags/1_first.py took 0.190 seconds
[2024-02-05T15:20:12.732+0000] {processor.py:161} INFO - Started process (PID=1608) to work on /opt/airflow/dags/1_first.py
[2024-02-05T15:20:12.733+0000] {processor.py:830} INFO - Processing file /opt/airflow/dags/1_first.py for tasks to queue
[2024-02-05T15:20:12.734+0000] {logging_mixin.py:188} INFO - [2024-02-05T15:20:12.734+0000] {dagbag.py:538} INFO - Filling up the DagBag from /opt/airflow/dags/1_first.py
[2024-02-05T15:20:12.754+0000] {processor.py:840} INFO - DAG(s) '1_first' retrieved from /opt/airflow/dags/1_first.py
[2024-02-05T15:20:12.852+0000] {logging_mixin.py:188} INFO - [2024-02-05T15:20:12.852+0000] {dag.py:3036} INFO - Sync 1 DAGs
[2024-02-05T15:20:12.864+0000] {logging_mixin.py:188} INFO - [2024-02-05T15:20:12.863+0000] {dag.py:3058} INFO - Creating ORM DAG for 1_first
[2024-02-05T15:20:12.874+0000] {logging_mixin.py:188} INFO - [2024-02-05T15:20:12.874+0000] {dag.py:3823} INFO - Setting next_dagrun for 1_first to 2024-02-06 00:00:00+00:00, run_after=2024-02-07 00:00:00+00:00
[2024-02-05T15:20:12.893+0000] {processor.py:183} INFO - Processing /opt/airflow/dags/1_first.py took 0.164 seconds
[2024-02-05T15:20:23.013+0000] {processor.py:161} INFO - Started process (PID=1619) to work on /opt/airflow/dags/1_first.py
[2024-02-05T15:20:23.014+0000] {processor.py:830} INFO - Processing file /opt/airflow/dags/1_first.py for tasks to queue
[2024-02-05T15:20:23.015+0000] {logging_mixin.py:188} INFO - [2024-02-05T15:20:23.015+0000] {dagbag.py:538} INFO - Filling up the DagBag from /opt/airflow/dags/1_first.py
[2024-02-05T15:20:23.050+0000] {processor.py:840} INFO - DAG(s) '1_first' retrieved from /opt/airflow/dags/1_first.py
[2024-02-05T15:20:23.063+0000] {logging_mixin.py:188} INFO - [2024-02-05T15:20:23.063+0000] {dag.py:3036} INFO - Sync 1 DAGs
[2024-02-05T15:20:23.088+0000] {logging_mixin.py:188} INFO - [2024-02-05T15:20:23.088+0000] {dag.py:3823} INFO - Setting next_dagrun for 1_first to 2024-02-01 00:00:00+00:00, run_after=2024-02-02 00:00:00+00:00
[2024-02-05T15:20:23.116+0000] {processor.py:183} INFO - Processing /opt/airflow/dags/1_first.py took 0.107 seconds
[2024-02-05T15:20:53.233+0000] {processor.py:161} INFO - Started process (PID=1639) to work on /opt/airflow/dags/1_first.py
[2024-02-05T15:20:53.234+0000] {processor.py:830} INFO - Processing file /opt/airflow/dags/1_first.py for tasks to queue
[2024-02-05T15:20:53.235+0000] {logging_mixin.py:188} INFO - [2024-02-05T15:20:53.235+0000] {dagbag.py:538} INFO - Filling up the DagBag from /opt/airflow/dags/1_first.py
[2024-02-05T15:20:53.257+0000] {processor.py:840} INFO - DAG(s) '1_first' retrieved from /opt/airflow/dags/1_first.py
[2024-02-05T15:20:53.361+0000] {logging_mixin.py:188} INFO - [2024-02-05T15:20:53.361+0000] {dag.py:3036} INFO - Sync 1 DAGs
[2024-02-05T15:20:53.386+0000] {logging_mixin.py:188} INFO - [2024-02-05T15:20:53.385+0000] {dag.py:3823} INFO - Setting next_dagrun for 1_first to 2024-02-02 00:00:00+00:00, run_after=2024-02-03 00:00:00+00:00
[2024-02-05T15:20:53.409+0000] {processor.py:183} INFO - Processing /opt/airflow/dags/1_first.py took 0.180 seconds
[2024-02-05T15:21:23.601+0000] {processor.py:161} INFO - Started process (PID=1677) to work on /opt/airflow/dags/1_first.py
[2024-02-05T15:21:23.602+0000] {processor.py:830} INFO - Processing file /opt/airflow/dags/1_first.py for tasks to queue
[2024-02-05T15:21:23.603+0000] {logging_mixin.py:188} INFO - [2024-02-05T15:21:23.603+0000] {dagbag.py:538} INFO - Filling up the DagBag from /opt/airflow/dags/1_first.py
[2024-02-05T15:21:23.628+0000] {processor.py:840} INFO - DAG(s) '1_first' retrieved from /opt/airflow/dags/1_first.py
[2024-02-05T15:21:23.656+0000] {logging_mixin.py:188} INFO - [2024-02-05T15:21:23.656+0000] {dag.py:3036} INFO - Sync 1 DAGs
[2024-02-05T15:21:23.685+0000] {logging_mixin.py:188} INFO - [2024-02-05T15:21:23.685+0000] {dag.py:3823} INFO - Setting next_dagrun for 1_first to 2024-02-05 00:00:00+00:00, run_after=2024-02-06 00:00:00+00:00
[2024-02-05T15:21:23.706+0000] {processor.py:183} INFO - Processing /opt/airflow/dags/1_first.py took 0.110 seconds
[2024-02-05T15:21:54.020+0000] {processor.py:161} INFO - Started process (PID=1688) to work on /opt/airflow/dags/1_first.py
[2024-02-05T15:21:54.024+0000] {processor.py:830} INFO - Processing file /opt/airflow/dags/1_first.py for tasks to queue
[2024-02-05T15:21:54.027+0000] {logging_mixin.py:188} INFO - [2024-02-05T15:21:54.026+0000] {dagbag.py:538} INFO - Filling up the DagBag from /opt/airflow/dags/1_first.py
[2024-02-05T15:21:54.074+0000] {processor.py:840} INFO - DAG(s) '1_first' retrieved from /opt/airflow/dags/1_first.py
[2024-02-05T15:21:54.128+0000] {logging_mixin.py:188} INFO - [2024-02-05T15:21:54.128+0000] {dag.py:3036} INFO - Sync 1 DAGs
[2024-02-05T15:21:54.169+0000] {logging_mixin.py:188} INFO - [2024-02-05T15:21:54.168+0000] {dag.py:3823} INFO - Setting next_dagrun for 1_first to 2024-02-05 00:00:00+00:00, run_after=2024-02-06 00:00:00+00:00
[2024-02-05T15:21:54.219+0000] {processor.py:183} INFO - Processing /opt/airflow/dags/1_first.py took 0.210 seconds
[2024-02-05T15:22:24.370+0000] {processor.py:161} INFO - Started process (PID=1699) to work on /opt/airflow/dags/1_first.py
[2024-02-05T15:22:24.374+0000] {processor.py:830} INFO - Processing file /opt/airflow/dags/1_first.py for tasks to queue
[2024-02-05T15:22:24.376+0000] {logging_mixin.py:188} INFO - [2024-02-05T15:22:24.376+0000] {dagbag.py:538} INFO - Filling up the DagBag from /opt/airflow/dags/1_first.py
[2024-02-05T15:22:24.437+0000] {processor.py:840} INFO - DAG(s) '1_first' retrieved from /opt/airflow/dags/1_first.py
[2024-02-05T15:22:24.509+0000] {logging_mixin.py:188} INFO - [2024-02-05T15:22:24.509+0000] {dag.py:3036} INFO - Sync 1 DAGs
[2024-02-05T15:22:24.568+0000] {logging_mixin.py:188} INFO - [2024-02-05T15:22:24.567+0000] {dag.py:3823} INFO - Setting next_dagrun for 1_first to 2024-02-05 00:00:00+00:00, run_after=2024-02-06 00:00:00+00:00
[2024-02-05T15:22:24.627+0000] {processor.py:183} INFO - Processing /opt/airflow/dags/1_first.py took 0.265 seconds
