[2024-02-05T16:36:37.984+0000] {processor.py:161} INFO - Started process (PID=3290) to work on /opt/airflow/dags/2_python.py
[2024-02-05T16:36:37.986+0000] {processor.py:830} INFO - Processing file /opt/airflow/dags/2_python.py for tasks to queue
[2024-02-05T16:36:37.987+0000] {logging_mixin.py:188} INFO - [2024-02-05T16:36:37.987+0000] {dagbag.py:538} INFO - Filling up the DagBag from /opt/airflow/dags/2_python.py
[2024-02-05T16:36:38.019+0000] {processor.py:840} INFO - DAG(s) '2_python' retrieved from /opt/airflow/dags/2_python.py
[2024-02-05T16:36:38.124+0000] {logging_mixin.py:188} INFO - [2024-02-05T16:36:38.124+0000] {override.py:1769} INFO - Created Permission View: can delete on DAG:2_python
[2024-02-05T16:36:38.136+0000] {logging_mixin.py:188} INFO - [2024-02-05T16:36:38.135+0000] {override.py:1769} INFO - Created Permission View: can edit on DAG:2_python
[2024-02-05T16:36:38.144+0000] {logging_mixin.py:188} INFO - [2024-02-05T16:36:38.144+0000] {override.py:1769} INFO - Created Permission View: can read on DAG:2_python
[2024-02-05T16:36:38.145+0000] {logging_mixin.py:188} INFO - [2024-02-05T16:36:38.145+0000] {dag.py:3036} INFO - Sync 1 DAGs
[2024-02-05T16:36:38.158+0000] {logging_mixin.py:188} INFO - [2024-02-05T16:36:38.157+0000] {dag.py:3058} INFO - Creating ORM DAG for 2_python
[2024-02-05T16:36:38.169+0000] {logging_mixin.py:188} INFO - [2024-02-05T16:36:38.168+0000] {dag.py:3823} INFO - Setting next_dagrun for 2_python to 2024-01-31 00:00:00+00:00, run_after=2024-02-01 00:00:00+00:00
[2024-02-05T16:36:38.189+0000] {processor.py:183} INFO - Processing /opt/airflow/dags/2_python.py took 0.208 seconds
[2024-02-05T16:37:08.524+0000] {processor.py:161} INFO - Started process (PID=3342) to work on /opt/airflow/dags/2_python.py
[2024-02-05T16:37:08.525+0000] {processor.py:830} INFO - Processing file /opt/airflow/dags/2_python.py for tasks to queue
[2024-02-05T16:37:08.526+0000] {logging_mixin.py:188} INFO - [2024-02-05T16:37:08.525+0000] {dagbag.py:538} INFO - Filling up the DagBag from /opt/airflow/dags/2_python.py
[2024-02-05T16:37:08.548+0000] {processor.py:840} INFO - DAG(s) '2_python' retrieved from /opt/airflow/dags/2_python.py
[2024-02-05T16:37:08.573+0000] {logging_mixin.py:188} INFO - [2024-02-05T16:37:08.573+0000] {dag.py:3036} INFO - Sync 1 DAGs
[2024-02-05T16:37:08.596+0000] {logging_mixin.py:188} INFO - [2024-02-05T16:37:08.595+0000] {dag.py:3823} INFO - Setting next_dagrun for 2_python to 2024-02-05 00:00:00+00:00, run_after=2024-02-06 00:00:00+00:00
[2024-02-05T16:37:08.625+0000] {processor.py:183} INFO - Processing /opt/airflow/dags/2_python.py took 0.105 seconds
[2024-02-05T16:37:38.922+0000] {processor.py:161} INFO - Started process (PID=3358) to work on /opt/airflow/dags/2_python.py
[2024-02-05T16:37:38.923+0000] {processor.py:830} INFO - Processing file /opt/airflow/dags/2_python.py for tasks to queue
[2024-02-05T16:37:38.924+0000] {logging_mixin.py:188} INFO - [2024-02-05T16:37:38.924+0000] {dagbag.py:538} INFO - Filling up the DagBag from /opt/airflow/dags/2_python.py
[2024-02-05T16:37:38.948+0000] {processor.py:840} INFO - DAG(s) '2_python' retrieved from /opt/airflow/dags/2_python.py
[2024-02-05T16:37:38.981+0000] {logging_mixin.py:188} INFO - [2024-02-05T16:37:38.981+0000] {dag.py:3036} INFO - Sync 1 DAGs
[2024-02-05T16:37:39.011+0000] {logging_mixin.py:188} INFO - [2024-02-05T16:37:39.010+0000] {dag.py:3823} INFO - Setting next_dagrun for 2_python to 2024-02-05 00:00:00+00:00, run_after=2024-02-06 00:00:00+00:00
[2024-02-05T16:37:39.044+0000] {processor.py:183} INFO - Processing /opt/airflow/dags/2_python.py took 0.126 seconds
[2024-02-05T16:38:09.401+0000] {processor.py:161} INFO - Started process (PID=3375) to work on /opt/airflow/dags/2_python.py
[2024-02-05T16:38:09.402+0000] {processor.py:830} INFO - Processing file /opt/airflow/dags/2_python.py for tasks to queue
[2024-02-05T16:38:09.404+0000] {logging_mixin.py:188} INFO - [2024-02-05T16:38:09.403+0000] {dagbag.py:538} INFO - Filling up the DagBag from /opt/airflow/dags/2_python.py
[2024-02-05T16:38:09.429+0000] {processor.py:840} INFO - DAG(s) '2_python' retrieved from /opt/airflow/dags/2_python.py
[2024-02-05T16:38:09.459+0000] {logging_mixin.py:188} INFO - [2024-02-05T16:38:09.458+0000] {dag.py:3036} INFO - Sync 1 DAGs
[2024-02-05T16:38:09.487+0000] {logging_mixin.py:188} INFO - [2024-02-05T16:38:09.486+0000] {dag.py:3823} INFO - Setting next_dagrun for 2_python to 2024-02-05 00:00:00+00:00, run_after=2024-02-06 00:00:00+00:00
[2024-02-05T16:38:09.517+0000] {processor.py:183} INFO - Processing /opt/airflow/dags/2_python.py took 0.120 seconds
[2024-02-05T16:38:39.962+0000] {processor.py:161} INFO - Started process (PID=3391) to work on /opt/airflow/dags/2_python.py
[2024-02-05T16:38:39.963+0000] {processor.py:830} INFO - Processing file /opt/airflow/dags/2_python.py for tasks to queue
[2024-02-05T16:38:39.964+0000] {logging_mixin.py:188} INFO - [2024-02-05T16:38:39.964+0000] {dagbag.py:538} INFO - Filling up the DagBag from /opt/airflow/dags/2_python.py
[2024-02-05T16:38:39.987+0000] {processor.py:840} INFO - DAG(s) '2_python' retrieved from /opt/airflow/dags/2_python.py
[2024-02-05T16:38:40.017+0000] {logging_mixin.py:188} INFO - [2024-02-05T16:38:40.017+0000] {dag.py:3036} INFO - Sync 1 DAGs
[2024-02-05T16:38:40.041+0000] {logging_mixin.py:188} INFO - [2024-02-05T16:38:40.041+0000] {dag.py:3823} INFO - Setting next_dagrun for 2_python to 2024-02-05 00:00:00+00:00, run_after=2024-02-06 00:00:00+00:00
[2024-02-05T16:38:40.061+0000] {processor.py:183} INFO - Processing /opt/airflow/dags/2_python.py took 0.102 seconds
[2024-02-05T16:39:10.339+0000] {processor.py:161} INFO - Started process (PID=3407) to work on /opt/airflow/dags/2_python.py
[2024-02-05T16:39:10.340+0000] {processor.py:830} INFO - Processing file /opt/airflow/dags/2_python.py for tasks to queue
[2024-02-05T16:39:10.342+0000] {logging_mixin.py:188} INFO - [2024-02-05T16:39:10.341+0000] {dagbag.py:538} INFO - Filling up the DagBag from /opt/airflow/dags/2_python.py
[2024-02-05T16:39:10.363+0000] {processor.py:840} INFO - DAG(s) '2_python' retrieved from /opt/airflow/dags/2_python.py
[2024-02-05T16:39:10.387+0000] {logging_mixin.py:188} INFO - [2024-02-05T16:39:10.387+0000] {dag.py:3036} INFO - Sync 1 DAGs
[2024-02-05T16:39:10.410+0000] {logging_mixin.py:188} INFO - [2024-02-05T16:39:10.409+0000] {dag.py:3823} INFO - Setting next_dagrun for 2_python to 2024-02-05 00:00:00+00:00, run_after=2024-02-06 00:00:00+00:00
[2024-02-05T16:39:10.430+0000] {processor.py:183} INFO - Processing /opt/airflow/dags/2_python.py took 0.095 seconds
[2024-02-05T16:39:40.758+0000] {processor.py:161} INFO - Started process (PID=3423) to work on /opt/airflow/dags/2_python.py
[2024-02-05T16:39:40.759+0000] {processor.py:830} INFO - Processing file /opt/airflow/dags/2_python.py for tasks to queue
[2024-02-05T16:39:40.760+0000] {logging_mixin.py:188} INFO - [2024-02-05T16:39:40.760+0000] {dagbag.py:538} INFO - Filling up the DagBag from /opt/airflow/dags/2_python.py
[2024-02-05T16:39:40.782+0000] {processor.py:840} INFO - DAG(s) '2_python' retrieved from /opt/airflow/dags/2_python.py
[2024-02-05T16:39:40.807+0000] {logging_mixin.py:188} INFO - [2024-02-05T16:39:40.807+0000] {dag.py:3036} INFO - Sync 1 DAGs
[2024-02-05T16:39:40.830+0000] {logging_mixin.py:188} INFO - [2024-02-05T16:39:40.830+0000] {dag.py:3823} INFO - Setting next_dagrun for 2_python to 2024-02-05 00:00:00+00:00, run_after=2024-02-06 00:00:00+00:00
[2024-02-05T16:39:40.859+0000] {processor.py:183} INFO - Processing /opt/airflow/dags/2_python.py took 0.104 seconds
[2024-02-05T16:40:11.149+0000] {processor.py:161} INFO - Started process (PID=3439) to work on /opt/airflow/dags/2_python.py
[2024-02-05T16:40:11.150+0000] {processor.py:830} INFO - Processing file /opt/airflow/dags/2_python.py for tasks to queue
[2024-02-05T16:40:11.151+0000] {logging_mixin.py:188} INFO - [2024-02-05T16:40:11.151+0000] {dagbag.py:538} INFO - Filling up the DagBag from /opt/airflow/dags/2_python.py
[2024-02-05T16:40:11.176+0000] {processor.py:840} INFO - DAG(s) '2_python' retrieved from /opt/airflow/dags/2_python.py
[2024-02-05T16:40:11.201+0000] {logging_mixin.py:188} INFO - [2024-02-05T16:40:11.201+0000] {dag.py:3036} INFO - Sync 1 DAGs
[2024-02-05T16:40:11.226+0000] {logging_mixin.py:188} INFO - [2024-02-05T16:40:11.226+0000] {dag.py:3823} INFO - Setting next_dagrun for 2_python to 2024-02-05 00:00:00+00:00, run_after=2024-02-06 00:00:00+00:00
[2024-02-05T16:40:11.246+0000] {processor.py:183} INFO - Processing /opt/airflow/dags/2_python.py took 0.100 seconds
[2024-02-05T16:40:41.742+0000] {processor.py:161} INFO - Started process (PID=3455) to work on /opt/airflow/dags/2_python.py
[2024-02-05T16:40:41.743+0000] {processor.py:830} INFO - Processing file /opt/airflow/dags/2_python.py for tasks to queue
[2024-02-05T16:40:41.745+0000] {logging_mixin.py:188} INFO - [2024-02-05T16:40:41.744+0000] {dagbag.py:538} INFO - Filling up the DagBag from /opt/airflow/dags/2_python.py
[2024-02-05T16:40:41.800+0000] {processor.py:840} INFO - DAG(s) '2_python' retrieved from /opt/airflow/dags/2_python.py
[2024-02-05T16:40:41.860+0000] {logging_mixin.py:188} INFO - [2024-02-05T16:40:41.860+0000] {dag.py:3036} INFO - Sync 1 DAGs
[2024-02-05T16:40:41.924+0000] {logging_mixin.py:188} INFO - [2024-02-05T16:40:41.924+0000] {dag.py:3823} INFO - Setting next_dagrun for 2_python to 2024-02-05 00:00:00+00:00, run_after=2024-02-06 00:00:00+00:00
[2024-02-05T16:40:41.972+0000] {processor.py:183} INFO - Processing /opt/airflow/dags/2_python.py took 0.235 seconds
[2024-02-05T16:41:12.175+0000] {processor.py:161} INFO - Started process (PID=3471) to work on /opt/airflow/dags/2_python.py
[2024-02-05T16:41:12.177+0000] {processor.py:830} INFO - Processing file /opt/airflow/dags/2_python.py for tasks to queue
[2024-02-05T16:41:12.178+0000] {logging_mixin.py:188} INFO - [2024-02-05T16:41:12.178+0000] {dagbag.py:538} INFO - Filling up the DagBag from /opt/airflow/dags/2_python.py
[2024-02-05T16:41:12.203+0000] {processor.py:840} INFO - DAG(s) '2_python' retrieved from /opt/airflow/dags/2_python.py
[2024-02-05T16:41:12.233+0000] {logging_mixin.py:188} INFO - [2024-02-05T16:41:12.233+0000] {dag.py:3036} INFO - Sync 1 DAGs
[2024-02-05T16:41:12.259+0000] {logging_mixin.py:188} INFO - [2024-02-05T16:41:12.259+0000] {dag.py:3823} INFO - Setting next_dagrun for 2_python to 2024-02-05 00:00:00+00:00, run_after=2024-02-06 00:00:00+00:00
[2024-02-05T16:41:12.287+0000] {processor.py:183} INFO - Processing /opt/airflow/dags/2_python.py took 0.115 seconds
[2024-02-05T16:41:42.654+0000] {processor.py:161} INFO - Started process (PID=3487) to work on /opt/airflow/dags/2_python.py
[2024-02-05T16:41:42.655+0000] {processor.py:830} INFO - Processing file /opt/airflow/dags/2_python.py for tasks to queue
[2024-02-05T16:41:42.657+0000] {logging_mixin.py:188} INFO - [2024-02-05T16:41:42.657+0000] {dagbag.py:538} INFO - Filling up the DagBag from /opt/airflow/dags/2_python.py
[2024-02-05T16:41:42.685+0000] {processor.py:840} INFO - DAG(s) '2_python' retrieved from /opt/airflow/dags/2_python.py
[2024-02-05T16:41:42.722+0000] {logging_mixin.py:188} INFO - [2024-02-05T16:41:42.721+0000] {dag.py:3036} INFO - Sync 1 DAGs
[2024-02-05T16:41:42.757+0000] {logging_mixin.py:188} INFO - [2024-02-05T16:41:42.757+0000] {dag.py:3823} INFO - Setting next_dagrun for 2_python to 2024-02-05 00:00:00+00:00, run_after=2024-02-06 00:00:00+00:00
[2024-02-05T16:41:42.785+0000] {processor.py:183} INFO - Processing /opt/airflow/dags/2_python.py took 0.135 seconds
[2024-02-05T16:42:13.131+0000] {processor.py:161} INFO - Started process (PID=3503) to work on /opt/airflow/dags/2_python.py
[2024-02-05T16:42:13.132+0000] {processor.py:830} INFO - Processing file /opt/airflow/dags/2_python.py for tasks to queue
[2024-02-05T16:42:13.134+0000] {logging_mixin.py:188} INFO - [2024-02-05T16:42:13.134+0000] {dagbag.py:538} INFO - Filling up the DagBag from /opt/airflow/dags/2_python.py
[2024-02-05T16:42:13.164+0000] {processor.py:840} INFO - DAG(s) '2_python' retrieved from /opt/airflow/dags/2_python.py
[2024-02-05T16:42:13.192+0000] {logging_mixin.py:188} INFO - [2024-02-05T16:42:13.191+0000] {dag.py:3036} INFO - Sync 1 DAGs
[2024-02-05T16:42:13.219+0000] {logging_mixin.py:188} INFO - [2024-02-05T16:42:13.219+0000] {dag.py:3823} INFO - Setting next_dagrun for 2_python to 2024-02-05 00:00:00+00:00, run_after=2024-02-06 00:00:00+00:00
[2024-02-05T16:42:13.244+0000] {processor.py:183} INFO - Processing /opt/airflow/dags/2_python.py took 0.116 seconds
[2024-02-05T16:42:43.562+0000] {processor.py:161} INFO - Started process (PID=3519) to work on /opt/airflow/dags/2_python.py
[2024-02-05T16:42:43.563+0000] {processor.py:830} INFO - Processing file /opt/airflow/dags/2_python.py for tasks to queue
[2024-02-05T16:42:43.564+0000] {logging_mixin.py:188} INFO - [2024-02-05T16:42:43.564+0000] {dagbag.py:538} INFO - Filling up the DagBag from /opt/airflow/dags/2_python.py
[2024-02-05T16:42:43.612+0000] {processor.py:840} INFO - DAG(s) '2_python' retrieved from /opt/airflow/dags/2_python.py
[2024-02-05T16:42:43.656+0000] {logging_mixin.py:188} INFO - [2024-02-05T16:42:43.655+0000] {dag.py:3036} INFO - Sync 1 DAGs
[2024-02-05T16:42:43.693+0000] {logging_mixin.py:188} INFO - [2024-02-05T16:42:43.693+0000] {dag.py:3823} INFO - Setting next_dagrun for 2_python to 2024-02-05 00:00:00+00:00, run_after=2024-02-06 00:00:00+00:00
[2024-02-05T16:42:43.721+0000] {processor.py:183} INFO - Processing /opt/airflow/dags/2_python.py took 0.164 seconds
[2024-02-05T16:43:13.857+0000] {processor.py:161} INFO - Started process (PID=3535) to work on /opt/airflow/dags/2_python.py
[2024-02-05T16:43:13.858+0000] {processor.py:830} INFO - Processing file /opt/airflow/dags/2_python.py for tasks to queue
[2024-02-05T16:43:13.860+0000] {logging_mixin.py:188} INFO - [2024-02-05T16:43:13.859+0000] {dagbag.py:538} INFO - Filling up the DagBag from /opt/airflow/dags/2_python.py
[2024-02-05T16:43:13.891+0000] {processor.py:840} INFO - DAG(s) '2_python' retrieved from /opt/airflow/dags/2_python.py
[2024-02-05T16:43:13.917+0000] {logging_mixin.py:188} INFO - [2024-02-05T16:43:13.916+0000] {dag.py:3036} INFO - Sync 1 DAGs
[2024-02-05T16:43:13.942+0000] {logging_mixin.py:188} INFO - [2024-02-05T16:43:13.941+0000] {dag.py:3823} INFO - Setting next_dagrun for 2_python to 2024-02-05 00:00:00+00:00, run_after=2024-02-06 00:00:00+00:00
[2024-02-05T16:43:13.963+0000] {processor.py:183} INFO - Processing /opt/airflow/dags/2_python.py took 0.110 seconds
[2024-02-05T16:43:44.232+0000] {processor.py:161} INFO - Started process (PID=3551) to work on /opt/airflow/dags/2_python.py
[2024-02-05T16:43:44.234+0000] {processor.py:830} INFO - Processing file /opt/airflow/dags/2_python.py for tasks to queue
[2024-02-05T16:43:44.235+0000] {logging_mixin.py:188} INFO - [2024-02-05T16:43:44.235+0000] {dagbag.py:538} INFO - Filling up the DagBag from /opt/airflow/dags/2_python.py
[2024-02-05T16:43:44.269+0000] {processor.py:840} INFO - DAG(s) '2_python' retrieved from /opt/airflow/dags/2_python.py
[2024-02-05T16:43:44.304+0000] {logging_mixin.py:188} INFO - [2024-02-05T16:43:44.304+0000] {dag.py:3036} INFO - Sync 1 DAGs
[2024-02-05T16:43:44.334+0000] {logging_mixin.py:188} INFO - [2024-02-05T16:43:44.333+0000] {dag.py:3823} INFO - Setting next_dagrun for 2_python to 2024-02-05 00:00:00+00:00, run_after=2024-02-06 00:00:00+00:00
[2024-02-05T16:43:44.363+0000] {processor.py:183} INFO - Processing /opt/airflow/dags/2_python.py took 0.134 seconds
[2024-02-05T16:44:14.611+0000] {processor.py:161} INFO - Started process (PID=3567) to work on /opt/airflow/dags/2_python.py
[2024-02-05T16:44:14.612+0000] {processor.py:830} INFO - Processing file /opt/airflow/dags/2_python.py for tasks to queue
[2024-02-05T16:44:14.613+0000] {logging_mixin.py:188} INFO - [2024-02-05T16:44:14.613+0000] {dagbag.py:538} INFO - Filling up the DagBag from /opt/airflow/dags/2_python.py
[2024-02-05T16:44:14.638+0000] {processor.py:840} INFO - DAG(s) '2_python' retrieved from /opt/airflow/dags/2_python.py
[2024-02-05T16:44:14.666+0000] {logging_mixin.py:188} INFO - [2024-02-05T16:44:14.666+0000] {dag.py:3036} INFO - Sync 1 DAGs
[2024-02-05T16:44:14.694+0000] {logging_mixin.py:188} INFO - [2024-02-05T16:44:14.694+0000] {dag.py:3823} INFO - Setting next_dagrun for 2_python to 2024-02-05 00:00:00+00:00, run_after=2024-02-06 00:00:00+00:00
[2024-02-05T16:44:14.725+0000] {processor.py:183} INFO - Processing /opt/airflow/dags/2_python.py took 0.118 seconds
[2024-02-05T16:44:44.975+0000] {processor.py:161} INFO - Started process (PID=3583) to work on /opt/airflow/dags/2_python.py
[2024-02-05T16:44:44.981+0000] {processor.py:830} INFO - Processing file /opt/airflow/dags/2_python.py for tasks to queue
[2024-02-05T16:44:44.984+0000] {logging_mixin.py:188} INFO - [2024-02-05T16:44:44.984+0000] {dagbag.py:538} INFO - Filling up the DagBag from /opt/airflow/dags/2_python.py
[2024-02-05T16:44:45.053+0000] {processor.py:840} INFO - DAG(s) '2_python' retrieved from /opt/airflow/dags/2_python.py
[2024-02-05T16:44:45.141+0000] {logging_mixin.py:188} INFO - [2024-02-05T16:44:45.141+0000] {dag.py:3036} INFO - Sync 1 DAGs
[2024-02-05T16:44:45.230+0000] {logging_mixin.py:188} INFO - [2024-02-05T16:44:45.229+0000] {dag.py:3823} INFO - Setting next_dagrun for 2_python to 2024-02-05 00:00:00+00:00, run_after=2024-02-06 00:00:00+00:00
[2024-02-05T16:44:45.310+0000] {processor.py:183} INFO - Processing /opt/airflow/dags/2_python.py took 0.351 seconds
[2024-02-05T16:45:15.934+0000] {processor.py:161} INFO - Started process (PID=3599) to work on /opt/airflow/dags/2_python.py
[2024-02-05T16:45:15.939+0000] {processor.py:830} INFO - Processing file /opt/airflow/dags/2_python.py for tasks to queue
[2024-02-05T16:45:15.941+0000] {logging_mixin.py:188} INFO - [2024-02-05T16:45:15.941+0000] {dagbag.py:538} INFO - Filling up the DagBag from /opt/airflow/dags/2_python.py
[2024-02-05T16:45:16.074+0000] {processor.py:840} INFO - DAG(s) '2_python' retrieved from /opt/airflow/dags/2_python.py
[2024-02-05T16:45:16.207+0000] {logging_mixin.py:188} INFO - [2024-02-05T16:45:16.206+0000] {dag.py:3036} INFO - Sync 1 DAGs
[2024-02-05T16:45:16.358+0000] {logging_mixin.py:188} INFO - [2024-02-05T16:45:16.356+0000] {dag.py:3823} INFO - Setting next_dagrun for 2_python to 2024-02-05 00:00:00+00:00, run_after=2024-02-06 00:00:00+00:00
[2024-02-05T16:45:16.425+0000] {processor.py:183} INFO - Processing /opt/airflow/dags/2_python.py took 0.527 seconds
[2024-02-05T16:45:47.344+0000] {processor.py:161} INFO - Started process (PID=3615) to work on /opt/airflow/dags/2_python.py
[2024-02-05T16:45:47.347+0000] {processor.py:830} INFO - Processing file /opt/airflow/dags/2_python.py for tasks to queue
[2024-02-05T16:45:47.351+0000] {logging_mixin.py:188} INFO - [2024-02-05T16:45:47.350+0000] {dagbag.py:538} INFO - Filling up the DagBag from /opt/airflow/dags/2_python.py
[2024-02-05T16:45:47.388+0000] {processor.py:840} INFO - DAG(s) '2_python' retrieved from /opt/airflow/dags/2_python.py
[2024-02-05T16:45:47.423+0000] {logging_mixin.py:188} INFO - [2024-02-05T16:45:47.422+0000] {dag.py:3036} INFO - Sync 1 DAGs
[2024-02-05T16:45:47.456+0000] {logging_mixin.py:188} INFO - [2024-02-05T16:45:47.456+0000] {dag.py:3823} INFO - Setting next_dagrun for 2_python to 2024-02-05 00:00:00+00:00, run_after=2024-02-06 00:00:00+00:00
[2024-02-05T16:45:47.492+0000] {processor.py:183} INFO - Processing /opt/airflow/dags/2_python.py took 0.153 seconds
[2024-02-05T16:46:17.895+0000] {processor.py:161} INFO - Started process (PID=3632) to work on /opt/airflow/dags/2_python.py
[2024-02-05T16:46:17.896+0000] {processor.py:830} INFO - Processing file /opt/airflow/dags/2_python.py for tasks to queue
[2024-02-05T16:46:17.898+0000] {logging_mixin.py:188} INFO - [2024-02-05T16:46:17.897+0000] {dagbag.py:538} INFO - Filling up the DagBag from /opt/airflow/dags/2_python.py
[2024-02-05T16:46:17.927+0000] {processor.py:840} INFO - DAG(s) '2_python' retrieved from /opt/airflow/dags/2_python.py
[2024-02-05T16:46:17.959+0000] {logging_mixin.py:188} INFO - [2024-02-05T16:46:17.959+0000] {dag.py:3036} INFO - Sync 1 DAGs
[2024-02-05T16:46:17.991+0000] {logging_mixin.py:188} INFO - [2024-02-05T16:46:17.991+0000] {dag.py:3823} INFO - Setting next_dagrun for 2_python to 2024-02-05 00:00:00+00:00, run_after=2024-02-06 00:00:00+00:00
[2024-02-05T16:46:18.014+0000] {processor.py:183} INFO - Processing /opt/airflow/dags/2_python.py took 0.124 seconds
[2024-02-05T16:46:48.572+0000] {processor.py:161} INFO - Started process (PID=3648) to work on /opt/airflow/dags/2_python.py
[2024-02-05T16:46:48.574+0000] {processor.py:830} INFO - Processing file /opt/airflow/dags/2_python.py for tasks to queue
[2024-02-05T16:46:48.576+0000] {logging_mixin.py:188} INFO - [2024-02-05T16:46:48.576+0000] {dagbag.py:538} INFO - Filling up the DagBag from /opt/airflow/dags/2_python.py
[2024-02-05T16:46:48.641+0000] {processor.py:840} INFO - DAG(s) '2_python' retrieved from /opt/airflow/dags/2_python.py
[2024-02-05T16:46:48.703+0000] {logging_mixin.py:188} INFO - [2024-02-05T16:46:48.703+0000] {dag.py:3036} INFO - Sync 1 DAGs
[2024-02-05T16:46:48.746+0000] {logging_mixin.py:188} INFO - [2024-02-05T16:46:48.746+0000] {dag.py:3823} INFO - Setting next_dagrun for 2_python to 2024-02-05 00:00:00+00:00, run_after=2024-02-06 00:00:00+00:00
[2024-02-05T16:46:48.805+0000] {processor.py:183} INFO - Processing /opt/airflow/dags/2_python.py took 0.239 seconds
[2024-02-05T16:47:18.966+0000] {processor.py:161} INFO - Started process (PID=3664) to work on /opt/airflow/dags/2_python.py
[2024-02-05T16:47:18.967+0000] {processor.py:830} INFO - Processing file /opt/airflow/dags/2_python.py for tasks to queue
[2024-02-05T16:47:18.970+0000] {logging_mixin.py:188} INFO - [2024-02-05T16:47:18.969+0000] {dagbag.py:538} INFO - Filling up the DagBag from /opt/airflow/dags/2_python.py
[2024-02-05T16:47:19.013+0000] {processor.py:840} INFO - DAG(s) '2_python' retrieved from /opt/airflow/dags/2_python.py
[2024-02-05T16:47:19.056+0000] {logging_mixin.py:188} INFO - [2024-02-05T16:47:19.055+0000] {dag.py:3036} INFO - Sync 1 DAGs
[2024-02-05T16:47:19.095+0000] {logging_mixin.py:188} INFO - [2024-02-05T16:47:19.095+0000] {dag.py:3823} INFO - Setting next_dagrun for 2_python to 2024-02-05 00:00:00+00:00, run_after=2024-02-06 00:00:00+00:00
[2024-02-05T16:47:19.145+0000] {processor.py:183} INFO - Processing /opt/airflow/dags/2_python.py took 0.182 seconds
[2024-02-05T16:47:49.541+0000] {processor.py:161} INFO - Started process (PID=3680) to work on /opt/airflow/dags/2_python.py
[2024-02-05T16:47:49.545+0000] {processor.py:830} INFO - Processing file /opt/airflow/dags/2_python.py for tasks to queue
[2024-02-05T16:47:49.547+0000] {logging_mixin.py:188} INFO - [2024-02-05T16:47:49.546+0000] {dagbag.py:538} INFO - Filling up the DagBag from /opt/airflow/dags/2_python.py
[2024-02-05T16:47:49.583+0000] {processor.py:840} INFO - DAG(s) '2_python' retrieved from /opt/airflow/dags/2_python.py
[2024-02-05T16:47:49.622+0000] {logging_mixin.py:188} INFO - [2024-02-05T16:47:49.622+0000] {dag.py:3036} INFO - Sync 1 DAGs
[2024-02-05T16:47:49.657+0000] {logging_mixin.py:188} INFO - [2024-02-05T16:47:49.657+0000] {dag.py:3823} INFO - Setting next_dagrun for 2_python to 2024-02-05 00:00:00+00:00, run_after=2024-02-06 00:00:00+00:00
[2024-02-05T16:47:49.703+0000] {processor.py:183} INFO - Processing /opt/airflow/dags/2_python.py took 0.168 seconds
[2024-02-05T16:48:20.123+0000] {processor.py:161} INFO - Started process (PID=3696) to work on /opt/airflow/dags/2_python.py
[2024-02-05T16:48:20.127+0000] {processor.py:830} INFO - Processing file /opt/airflow/dags/2_python.py for tasks to queue
[2024-02-05T16:48:20.131+0000] {logging_mixin.py:188} INFO - [2024-02-05T16:48:20.130+0000] {dagbag.py:538} INFO - Filling up the DagBag from /opt/airflow/dags/2_python.py
[2024-02-05T16:48:20.172+0000] {processor.py:840} INFO - DAG(s) '2_python' retrieved from /opt/airflow/dags/2_python.py
[2024-02-05T16:48:20.211+0000] {logging_mixin.py:188} INFO - [2024-02-05T16:48:20.211+0000] {dag.py:3036} INFO - Sync 1 DAGs
[2024-02-05T16:48:20.258+0000] {logging_mixin.py:188} INFO - [2024-02-05T16:48:20.257+0000] {dag.py:3823} INFO - Setting next_dagrun for 2_python to 2024-02-05 00:00:00+00:00, run_after=2024-02-06 00:00:00+00:00
[2024-02-05T16:48:20.304+0000] {processor.py:183} INFO - Processing /opt/airflow/dags/2_python.py took 0.189 seconds
[2024-02-05T16:48:50.671+0000] {processor.py:161} INFO - Started process (PID=3712) to work on /opt/airflow/dags/2_python.py
[2024-02-05T16:48:50.672+0000] {processor.py:830} INFO - Processing file /opt/airflow/dags/2_python.py for tasks to queue
[2024-02-05T16:48:50.675+0000] {logging_mixin.py:188} INFO - [2024-02-05T16:48:50.673+0000] {dagbag.py:538} INFO - Filling up the DagBag from /opt/airflow/dags/2_python.py
[2024-02-05T16:48:50.721+0000] {processor.py:840} INFO - DAG(s) '2_python' retrieved from /opt/airflow/dags/2_python.py
[2024-02-05T16:48:50.767+0000] {logging_mixin.py:188} INFO - [2024-02-05T16:48:50.767+0000] {dag.py:3036} INFO - Sync 1 DAGs
[2024-02-05T16:48:50.823+0000] {logging_mixin.py:188} INFO - [2024-02-05T16:48:50.822+0000] {dag.py:3823} INFO - Setting next_dagrun for 2_python to 2024-02-05 00:00:00+00:00, run_after=2024-02-06 00:00:00+00:00
[2024-02-05T16:48:50.867+0000] {processor.py:183} INFO - Processing /opt/airflow/dags/2_python.py took 0.199 seconds
[2024-02-05T16:49:21.439+0000] {processor.py:161} INFO - Started process (PID=3728) to work on /opt/airflow/dags/2_python.py
[2024-02-05T16:49:21.441+0000] {processor.py:830} INFO - Processing file /opt/airflow/dags/2_python.py for tasks to queue
[2024-02-05T16:49:21.442+0000] {logging_mixin.py:188} INFO - [2024-02-05T16:49:21.442+0000] {dagbag.py:538} INFO - Filling up the DagBag from /opt/airflow/dags/2_python.py
[2024-02-05T16:49:21.468+0000] {processor.py:840} INFO - DAG(s) '2_python' retrieved from /opt/airflow/dags/2_python.py
[2024-02-05T16:49:21.507+0000] {logging_mixin.py:188} INFO - [2024-02-05T16:49:21.506+0000] {dag.py:3036} INFO - Sync 1 DAGs
[2024-02-05T16:49:21.554+0000] {logging_mixin.py:188} INFO - [2024-02-05T16:49:21.553+0000] {dag.py:3823} INFO - Setting next_dagrun for 2_python to 2024-02-05 00:00:00+00:00, run_after=2024-02-06 00:00:00+00:00
[2024-02-05T16:49:21.603+0000] {processor.py:183} INFO - Processing /opt/airflow/dags/2_python.py took 0.167 seconds
[2024-02-05T16:49:50.740+0000] {processor.py:161} INFO - Started process (PID=3744) to work on /opt/airflow/dags/2_python.py
[2024-02-05T16:49:50.741+0000] {processor.py:830} INFO - Processing file /opt/airflow/dags/2_python.py for tasks to queue
[2024-02-05T16:49:50.742+0000] {logging_mixin.py:188} INFO - [2024-02-05T16:49:50.742+0000] {dagbag.py:538} INFO - Filling up the DagBag from /opt/airflow/dags/2_python.py
[2024-02-05T16:49:50.774+0000] {processor.py:840} INFO - DAG(s) '2_python' retrieved from /opt/airflow/dags/2_python.py
[2024-02-05T16:49:50.801+0000] {logging_mixin.py:188} INFO - [2024-02-05T16:49:50.801+0000] {dag.py:3036} INFO - Sync 1 DAGs
[2024-02-05T16:49:50.826+0000] {logging_mixin.py:188} INFO - [2024-02-05T16:49:50.826+0000] {dag.py:3823} INFO - Setting next_dagrun for 2_python to 2024-02-05 00:00:00+00:00, run_after=2024-02-06 00:00:00+00:00
[2024-02-05T16:49:50.851+0000] {processor.py:183} INFO - Processing /opt/airflow/dags/2_python.py took 0.114 seconds
[2024-02-05T16:50:18.130+0000] {processor.py:161} INFO - Started process (PID=3760) to work on /opt/airflow/dags/2_python.py
[2024-02-05T16:50:18.131+0000] {processor.py:830} INFO - Processing file /opt/airflow/dags/2_python.py for tasks to queue
[2024-02-05T16:50:18.132+0000] {logging_mixin.py:188} INFO - [2024-02-05T16:50:18.132+0000] {dagbag.py:538} INFO - Filling up the DagBag from /opt/airflow/dags/2_python.py
[2024-02-05T16:50:18.165+0000] {processor.py:840} INFO - DAG(s) '2_python' retrieved from /opt/airflow/dags/2_python.py
[2024-02-05T16:50:18.189+0000] {logging_mixin.py:188} INFO - [2024-02-05T16:50:18.189+0000] {dag.py:3036} INFO - Sync 1 DAGs
[2024-02-05T16:50:18.213+0000] {logging_mixin.py:188} INFO - [2024-02-05T16:50:18.213+0000] {dag.py:3823} INFO - Setting next_dagrun for 2_python to 2024-02-05 00:00:00+00:00, run_after=2024-02-06 00:00:00+00:00
[2024-02-05T16:50:18.236+0000] {processor.py:183} INFO - Processing /opt/airflow/dags/2_python.py took 0.109 seconds
[2024-02-05T16:50:48.531+0000] {processor.py:161} INFO - Started process (PID=3776) to work on /opt/airflow/dags/2_python.py
[2024-02-05T16:50:48.532+0000] {processor.py:830} INFO - Processing file /opt/airflow/dags/2_python.py for tasks to queue
[2024-02-05T16:50:48.533+0000] {logging_mixin.py:188} INFO - [2024-02-05T16:50:48.533+0000] {dagbag.py:538} INFO - Filling up the DagBag from /opt/airflow/dags/2_python.py
[2024-02-05T16:50:48.555+0000] {processor.py:840} INFO - DAG(s) '2_python' retrieved from /opt/airflow/dags/2_python.py
[2024-02-05T16:50:48.580+0000] {logging_mixin.py:188} INFO - [2024-02-05T16:50:48.580+0000] {dag.py:3036} INFO - Sync 1 DAGs
[2024-02-05T16:50:48.604+0000] {logging_mixin.py:188} INFO - [2024-02-05T16:50:48.604+0000] {dag.py:3823} INFO - Setting next_dagrun for 2_python to 2024-02-05 00:00:00+00:00, run_after=2024-02-06 00:00:00+00:00
[2024-02-05T16:50:48.625+0000] {processor.py:183} INFO - Processing /opt/airflow/dags/2_python.py took 0.098 seconds
[2024-02-05T16:51:18.907+0000] {processor.py:161} INFO - Started process (PID=3792) to work on /opt/airflow/dags/2_python.py
[2024-02-05T16:51:18.909+0000] {processor.py:830} INFO - Processing file /opt/airflow/dags/2_python.py for tasks to queue
[2024-02-05T16:51:18.910+0000] {logging_mixin.py:188} INFO - [2024-02-05T16:51:18.910+0000] {dagbag.py:538} INFO - Filling up the DagBag from /opt/airflow/dags/2_python.py
[2024-02-05T16:51:18.936+0000] {processor.py:840} INFO - DAG(s) '2_python' retrieved from /opt/airflow/dags/2_python.py
[2024-02-05T16:51:18.967+0000] {logging_mixin.py:188} INFO - [2024-02-05T16:51:18.967+0000] {dag.py:3036} INFO - Sync 1 DAGs
[2024-02-05T16:51:18.992+0000] {logging_mixin.py:188} INFO - [2024-02-05T16:51:18.992+0000] {dag.py:3823} INFO - Setting next_dagrun for 2_python to 2024-02-05 00:00:00+00:00, run_after=2024-02-06 00:00:00+00:00
[2024-02-05T16:51:19.011+0000] {processor.py:183} INFO - Processing /opt/airflow/dags/2_python.py took 0.107 seconds
[2024-02-05T16:51:49.420+0000] {processor.py:161} INFO - Started process (PID=3808) to work on /opt/airflow/dags/2_python.py
[2024-02-05T16:51:49.422+0000] {processor.py:830} INFO - Processing file /opt/airflow/dags/2_python.py for tasks to queue
[2024-02-05T16:51:49.423+0000] {logging_mixin.py:188} INFO - [2024-02-05T16:51:49.422+0000] {dagbag.py:538} INFO - Filling up the DagBag from /opt/airflow/dags/2_python.py
[2024-02-05T16:51:49.444+0000] {processor.py:840} INFO - DAG(s) '2_python' retrieved from /opt/airflow/dags/2_python.py
[2024-02-05T16:51:49.468+0000] {logging_mixin.py:188} INFO - [2024-02-05T16:51:49.468+0000] {dag.py:3036} INFO - Sync 1 DAGs
[2024-02-05T16:51:49.489+0000] {logging_mixin.py:188} INFO - [2024-02-05T16:51:49.489+0000] {dag.py:3823} INFO - Setting next_dagrun for 2_python to 2024-02-05 00:00:00+00:00, run_after=2024-02-06 00:00:00+00:00
[2024-02-05T16:51:49.520+0000] {processor.py:183} INFO - Processing /opt/airflow/dags/2_python.py took 0.102 seconds
[2024-02-05T16:52:19.884+0000] {processor.py:161} INFO - Started process (PID=3825) to work on /opt/airflow/dags/2_python.py
[2024-02-05T16:52:19.885+0000] {processor.py:830} INFO - Processing file /opt/airflow/dags/2_python.py for tasks to queue
[2024-02-05T16:52:19.887+0000] {logging_mixin.py:188} INFO - [2024-02-05T16:52:19.887+0000] {dagbag.py:538} INFO - Filling up the DagBag from /opt/airflow/dags/2_python.py
[2024-02-05T16:52:19.926+0000] {processor.py:840} INFO - DAG(s) '2_python' retrieved from /opt/airflow/dags/2_python.py
[2024-02-05T16:52:19.969+0000] {logging_mixin.py:188} INFO - [2024-02-05T16:52:19.967+0000] {dag.py:3036} INFO - Sync 1 DAGs
[2024-02-05T16:52:20.006+0000] {logging_mixin.py:188} INFO - [2024-02-05T16:52:20.006+0000] {dag.py:3823} INFO - Setting next_dagrun for 2_python to 2024-02-05 00:00:00+00:00, run_after=2024-02-06 00:00:00+00:00
[2024-02-05T16:52:20.029+0000] {processor.py:183} INFO - Processing /opt/airflow/dags/2_python.py took 0.150 seconds
[2024-02-05T16:52:50.132+0000] {processor.py:161} INFO - Started process (PID=3841) to work on /opt/airflow/dags/2_python.py
[2024-02-05T16:52:50.133+0000] {processor.py:830} INFO - Processing file /opt/airflow/dags/2_python.py for tasks to queue
[2024-02-05T16:52:50.134+0000] {logging_mixin.py:188} INFO - [2024-02-05T16:52:50.134+0000] {dagbag.py:538} INFO - Filling up the DagBag from /opt/airflow/dags/2_python.py
[2024-02-05T16:52:50.157+0000] {processor.py:840} INFO - DAG(s) '2_python' retrieved from /opt/airflow/dags/2_python.py
[2024-02-05T16:52:50.183+0000] {logging_mixin.py:188} INFO - [2024-02-05T16:52:50.183+0000] {dag.py:3036} INFO - Sync 1 DAGs
[2024-02-05T16:52:50.206+0000] {logging_mixin.py:188} INFO - [2024-02-05T16:52:50.205+0000] {dag.py:3823} INFO - Setting next_dagrun for 2_python to 2024-02-05 00:00:00+00:00, run_after=2024-02-06 00:00:00+00:00
[2024-02-05T16:52:50.225+0000] {processor.py:183} INFO - Processing /opt/airflow/dags/2_python.py took 0.097 seconds
[2024-02-05T16:53:20.541+0000] {processor.py:161} INFO - Started process (PID=3857) to work on /opt/airflow/dags/2_python.py
[2024-02-05T16:53:20.542+0000] {processor.py:830} INFO - Processing file /opt/airflow/dags/2_python.py for tasks to queue
[2024-02-05T16:53:20.543+0000] {logging_mixin.py:188} INFO - [2024-02-05T16:53:20.543+0000] {dagbag.py:538} INFO - Filling up the DagBag from /opt/airflow/dags/2_python.py
[2024-02-05T16:53:20.568+0000] {processor.py:840} INFO - DAG(s) '2_python' retrieved from /opt/airflow/dags/2_python.py
[2024-02-05T16:53:20.597+0000] {logging_mixin.py:188} INFO - [2024-02-05T16:53:20.597+0000] {dag.py:3036} INFO - Sync 1 DAGs
[2024-02-05T16:53:20.624+0000] {logging_mixin.py:188} INFO - [2024-02-05T16:53:20.624+0000] {dag.py:3823} INFO - Setting next_dagrun for 2_python to 2024-02-05 00:00:00+00:00, run_after=2024-02-06 00:00:00+00:00
[2024-02-05T16:53:20.650+0000] {processor.py:183} INFO - Processing /opt/airflow/dags/2_python.py took 0.111 seconds
[2024-02-05T16:53:50.991+0000] {processor.py:161} INFO - Started process (PID=3873) to work on /opt/airflow/dags/2_python.py
[2024-02-05T16:53:50.992+0000] {processor.py:830} INFO - Processing file /opt/airflow/dags/2_python.py for tasks to queue
[2024-02-05T16:53:50.994+0000] {logging_mixin.py:188} INFO - [2024-02-05T16:53:50.993+0000] {dagbag.py:538} INFO - Filling up the DagBag from /opt/airflow/dags/2_python.py
[2024-02-05T16:53:51.024+0000] {processor.py:840} INFO - DAG(s) '2_python' retrieved from /opt/airflow/dags/2_python.py
[2024-02-05T16:53:51.056+0000] {logging_mixin.py:188} INFO - [2024-02-05T16:53:51.056+0000] {dag.py:3036} INFO - Sync 1 DAGs
[2024-02-05T16:53:51.082+0000] {logging_mixin.py:188} INFO - [2024-02-05T16:53:51.082+0000] {dag.py:3823} INFO - Setting next_dagrun for 2_python to 2024-02-05 00:00:00+00:00, run_after=2024-02-06 00:00:00+00:00
[2024-02-05T16:53:51.103+0000] {processor.py:183} INFO - Processing /opt/airflow/dags/2_python.py took 0.116 seconds
[2024-02-05T16:54:21.463+0000] {processor.py:161} INFO - Started process (PID=3889) to work on /opt/airflow/dags/2_python.py
[2024-02-05T16:54:21.464+0000] {processor.py:830} INFO - Processing file /opt/airflow/dags/2_python.py for tasks to queue
[2024-02-05T16:54:21.465+0000] {logging_mixin.py:188} INFO - [2024-02-05T16:54:21.465+0000] {dagbag.py:538} INFO - Filling up the DagBag from /opt/airflow/dags/2_python.py
[2024-02-05T16:54:21.487+0000] {processor.py:840} INFO - DAG(s) '2_python' retrieved from /opt/airflow/dags/2_python.py
[2024-02-05T16:54:21.513+0000] {logging_mixin.py:188} INFO - [2024-02-05T16:54:21.512+0000] {dag.py:3036} INFO - Sync 1 DAGs
[2024-02-05T16:54:21.535+0000] {logging_mixin.py:188} INFO - [2024-02-05T16:54:21.535+0000] {dag.py:3823} INFO - Setting next_dagrun for 2_python to 2024-02-05 00:00:00+00:00, run_after=2024-02-06 00:00:00+00:00
[2024-02-05T16:54:21.555+0000] {processor.py:183} INFO - Processing /opt/airflow/dags/2_python.py took 0.096 seconds
[2024-02-05T16:54:51.840+0000] {processor.py:161} INFO - Started process (PID=3905) to work on /opt/airflow/dags/2_python.py
[2024-02-05T16:54:51.841+0000] {processor.py:830} INFO - Processing file /opt/airflow/dags/2_python.py for tasks to queue
[2024-02-05T16:54:51.843+0000] {logging_mixin.py:188} INFO - [2024-02-05T16:54:51.842+0000] {dagbag.py:538} INFO - Filling up the DagBag from /opt/airflow/dags/2_python.py
[2024-02-05T16:54:51.868+0000] {processor.py:840} INFO - DAG(s) '2_python' retrieved from /opt/airflow/dags/2_python.py
[2024-02-05T16:54:51.893+0000] {logging_mixin.py:188} INFO - [2024-02-05T16:54:51.893+0000] {dag.py:3036} INFO - Sync 1 DAGs
[2024-02-05T16:54:51.915+0000] {logging_mixin.py:188} INFO - [2024-02-05T16:54:51.915+0000] {dag.py:3823} INFO - Setting next_dagrun for 2_python to 2024-02-05 00:00:00+00:00, run_after=2024-02-06 00:00:00+00:00
[2024-02-05T16:54:51.936+0000] {processor.py:183} INFO - Processing /opt/airflow/dags/2_python.py took 0.099 seconds
[2024-02-05T16:55:22.222+0000] {processor.py:161} INFO - Started process (PID=3921) to work on /opt/airflow/dags/2_python.py
[2024-02-05T16:55:22.222+0000] {processor.py:830} INFO - Processing file /opt/airflow/dags/2_python.py for tasks to queue
[2024-02-05T16:55:22.224+0000] {logging_mixin.py:188} INFO - [2024-02-05T16:55:22.223+0000] {dagbag.py:538} INFO - Filling up the DagBag from /opt/airflow/dags/2_python.py
[2024-02-05T16:55:22.246+0000] {processor.py:840} INFO - DAG(s) '2_python' retrieved from /opt/airflow/dags/2_python.py
[2024-02-05T16:55:22.270+0000] {logging_mixin.py:188} INFO - [2024-02-05T16:55:22.270+0000] {dag.py:3036} INFO - Sync 1 DAGs
[2024-02-05T16:55:22.293+0000] {logging_mixin.py:188} INFO - [2024-02-05T16:55:22.292+0000] {dag.py:3823} INFO - Setting next_dagrun for 2_python to 2024-02-05 00:00:00+00:00, run_after=2024-02-06 00:00:00+00:00
[2024-02-05T16:55:22.312+0000] {processor.py:183} INFO - Processing /opt/airflow/dags/2_python.py took 0.093 seconds
[2024-02-05T16:55:52.671+0000] {processor.py:161} INFO - Started process (PID=3937) to work on /opt/airflow/dags/2_python.py
[2024-02-05T16:55:52.672+0000] {processor.py:830} INFO - Processing file /opt/airflow/dags/2_python.py for tasks to queue
[2024-02-05T16:55:52.673+0000] {logging_mixin.py:188} INFO - [2024-02-05T16:55:52.673+0000] {dagbag.py:538} INFO - Filling up the DagBag from /opt/airflow/dags/2_python.py
[2024-02-05T16:55:52.694+0000] {processor.py:840} INFO - DAG(s) '2_python' retrieved from /opt/airflow/dags/2_python.py
[2024-02-05T16:55:52.719+0000] {logging_mixin.py:188} INFO - [2024-02-05T16:55:52.719+0000] {dag.py:3036} INFO - Sync 1 DAGs
[2024-02-05T16:55:52.741+0000] {logging_mixin.py:188} INFO - [2024-02-05T16:55:52.741+0000] {dag.py:3823} INFO - Setting next_dagrun for 2_python to 2024-02-05 00:00:00+00:00, run_after=2024-02-06 00:00:00+00:00
[2024-02-05T16:55:52.779+0000] {processor.py:183} INFO - Processing /opt/airflow/dags/2_python.py took 0.111 seconds
[2024-02-05T16:56:23.162+0000] {processor.py:161} INFO - Started process (PID=3953) to work on /opt/airflow/dags/2_python.py
[2024-02-05T16:56:23.163+0000] {processor.py:830} INFO - Processing file /opt/airflow/dags/2_python.py for tasks to queue
[2024-02-05T16:56:23.164+0000] {logging_mixin.py:188} INFO - [2024-02-05T16:56:23.164+0000] {dagbag.py:538} INFO - Filling up the DagBag from /opt/airflow/dags/2_python.py
[2024-02-05T16:56:23.187+0000] {processor.py:840} INFO - DAG(s) '2_python' retrieved from /opt/airflow/dags/2_python.py
[2024-02-05T16:56:23.210+0000] {logging_mixin.py:188} INFO - [2024-02-05T16:56:23.210+0000] {dag.py:3036} INFO - Sync 1 DAGs
[2024-02-05T16:56:23.232+0000] {logging_mixin.py:188} INFO - [2024-02-05T16:56:23.232+0000] {dag.py:3823} INFO - Setting next_dagrun for 2_python to 2024-02-05 00:00:00+00:00, run_after=2024-02-06 00:00:00+00:00
[2024-02-05T16:56:23.261+0000] {processor.py:183} INFO - Processing /opt/airflow/dags/2_python.py took 0.101 seconds
[2024-02-05T16:56:53.599+0000] {processor.py:161} INFO - Started process (PID=3969) to work on /opt/airflow/dags/2_python.py
[2024-02-05T16:56:53.600+0000] {processor.py:830} INFO - Processing file /opt/airflow/dags/2_python.py for tasks to queue
[2024-02-05T16:56:53.601+0000] {logging_mixin.py:188} INFO - [2024-02-05T16:56:53.600+0000] {dagbag.py:538} INFO - Filling up the DagBag from /opt/airflow/dags/2_python.py
[2024-02-05T16:56:53.622+0000] {processor.py:840} INFO - DAG(s) '2_python' retrieved from /opt/airflow/dags/2_python.py
[2024-02-05T16:56:53.647+0000] {logging_mixin.py:188} INFO - [2024-02-05T16:56:53.646+0000] {dag.py:3036} INFO - Sync 1 DAGs
[2024-02-05T16:56:53.670+0000] {logging_mixin.py:188} INFO - [2024-02-05T16:56:53.669+0000] {dag.py:3823} INFO - Setting next_dagrun for 2_python to 2024-02-05 00:00:00+00:00, run_after=2024-02-06 00:00:00+00:00
[2024-02-05T16:56:53.698+0000] {processor.py:183} INFO - Processing /opt/airflow/dags/2_python.py took 0.103 seconds
[2024-02-05T16:57:24.065+0000] {processor.py:161} INFO - Started process (PID=3986) to work on /opt/airflow/dags/2_python.py
[2024-02-05T16:57:24.066+0000] {processor.py:830} INFO - Processing file /opt/airflow/dags/2_python.py for tasks to queue
[2024-02-05T16:57:24.067+0000] {logging_mixin.py:188} INFO - [2024-02-05T16:57:24.066+0000] {dagbag.py:538} INFO - Filling up the DagBag from /opt/airflow/dags/2_python.py
[2024-02-05T16:57:24.089+0000] {processor.py:840} INFO - DAG(s) '2_python' retrieved from /opt/airflow/dags/2_python.py
[2024-02-05T16:57:24.115+0000] {logging_mixin.py:188} INFO - [2024-02-05T16:57:24.114+0000] {dag.py:3036} INFO - Sync 1 DAGs
[2024-02-05T16:57:24.136+0000] {logging_mixin.py:188} INFO - [2024-02-05T16:57:24.136+0000] {dag.py:3823} INFO - Setting next_dagrun for 2_python to 2024-02-05 00:00:00+00:00, run_after=2024-02-06 00:00:00+00:00
[2024-02-05T16:57:24.167+0000] {processor.py:183} INFO - Processing /opt/airflow/dags/2_python.py took 0.105 seconds
[2024-02-05T16:57:54.488+0000] {processor.py:161} INFO - Started process (PID=4002) to work on /opt/airflow/dags/2_python.py
[2024-02-05T16:57:54.490+0000] {processor.py:830} INFO - Processing file /opt/airflow/dags/2_python.py for tasks to queue
[2024-02-05T16:57:54.491+0000] {logging_mixin.py:188} INFO - [2024-02-05T16:57:54.490+0000] {dagbag.py:538} INFO - Filling up the DagBag from /opt/airflow/dags/2_python.py
[2024-02-05T16:57:54.522+0000] {processor.py:840} INFO - DAG(s) '2_python' retrieved from /opt/airflow/dags/2_python.py
[2024-02-05T16:57:54.553+0000] {logging_mixin.py:188} INFO - [2024-02-05T16:57:54.553+0000] {dag.py:3036} INFO - Sync 1 DAGs
[2024-02-05T16:57:54.580+0000] {logging_mixin.py:188} INFO - [2024-02-05T16:57:54.580+0000] {dag.py:3823} INFO - Setting next_dagrun for 2_python to 2024-02-05 00:00:00+00:00, run_after=2024-02-06 00:00:00+00:00
[2024-02-05T16:57:54.603+0000] {processor.py:183} INFO - Processing /opt/airflow/dags/2_python.py took 0.118 seconds
[2024-02-05T16:58:24.737+0000] {processor.py:161} INFO - Started process (PID=4017) to work on /opt/airflow/dags/2_python.py
[2024-02-05T16:58:24.738+0000] {processor.py:830} INFO - Processing file /opt/airflow/dags/2_python.py for tasks to queue
[2024-02-05T16:58:24.739+0000] {logging_mixin.py:188} INFO - [2024-02-05T16:58:24.739+0000] {dagbag.py:538} INFO - Filling up the DagBag from /opt/airflow/dags/2_python.py
[2024-02-05T16:58:24.764+0000] {processor.py:840} INFO - DAG(s) '2_python' retrieved from /opt/airflow/dags/2_python.py
[2024-02-05T16:58:24.796+0000] {logging_mixin.py:188} INFO - [2024-02-05T16:58:24.796+0000] {dag.py:3036} INFO - Sync 1 DAGs
[2024-02-05T16:58:24.825+0000] {logging_mixin.py:188} INFO - [2024-02-05T16:58:24.824+0000] {dag.py:3823} INFO - Setting next_dagrun for 2_python to 2024-02-05 00:00:00+00:00, run_after=2024-02-06 00:00:00+00:00
[2024-02-05T16:58:24.850+0000] {processor.py:183} INFO - Processing /opt/airflow/dags/2_python.py took 0.116 seconds
[2024-02-05T16:58:55.228+0000] {processor.py:161} INFO - Started process (PID=4039) to work on /opt/airflow/dags/2_python.py
[2024-02-05T16:58:55.229+0000] {processor.py:830} INFO - Processing file /opt/airflow/dags/2_python.py for tasks to queue
[2024-02-05T16:58:55.230+0000] {logging_mixin.py:188} INFO - [2024-02-05T16:58:55.230+0000] {dagbag.py:538} INFO - Filling up the DagBag from /opt/airflow/dags/2_python.py
[2024-02-05T16:58:55.252+0000] {processor.py:840} INFO - DAG(s) '2_python' retrieved from /opt/airflow/dags/2_python.py
[2024-02-05T16:58:55.276+0000] {logging_mixin.py:188} INFO - [2024-02-05T16:58:55.276+0000] {dag.py:3036} INFO - Sync 1 DAGs
[2024-02-05T16:58:55.297+0000] {logging_mixin.py:188} INFO - [2024-02-05T16:58:55.297+0000] {dag.py:3823} INFO - Setting next_dagrun for 2_python to 2024-02-05 00:00:00+00:00, run_after=2024-02-06 00:00:00+00:00
[2024-02-05T16:58:55.330+0000] {processor.py:183} INFO - Processing /opt/airflow/dags/2_python.py took 0.105 seconds
[2024-02-05T16:59:25.571+0000] {processor.py:161} INFO - Started process (PID=4055) to work on /opt/airflow/dags/2_python.py
[2024-02-05T16:59:25.572+0000] {processor.py:830} INFO - Processing file /opt/airflow/dags/2_python.py for tasks to queue
[2024-02-05T16:59:25.574+0000] {logging_mixin.py:188} INFO - [2024-02-05T16:59:25.573+0000] {dagbag.py:538} INFO - Filling up the DagBag from /opt/airflow/dags/2_python.py
[2024-02-05T16:59:25.599+0000] {processor.py:840} INFO - DAG(s) '2_python' retrieved from /opt/airflow/dags/2_python.py
[2024-02-05T16:59:25.632+0000] {logging_mixin.py:188} INFO - [2024-02-05T16:59:25.632+0000] {dag.py:3036} INFO - Sync 1 DAGs
[2024-02-05T16:59:25.664+0000] {logging_mixin.py:188} INFO - [2024-02-05T16:59:25.663+0000] {dag.py:3823} INFO - Setting next_dagrun for 2_python to 2024-02-05 00:00:00+00:00, run_after=2024-02-06 00:00:00+00:00
[2024-02-05T16:59:25.700+0000] {processor.py:183} INFO - Processing /opt/airflow/dags/2_python.py took 0.132 seconds
[2024-02-05T16:59:56.031+0000] {processor.py:161} INFO - Started process (PID=4071) to work on /opt/airflow/dags/2_python.py
[2024-02-05T16:59:56.032+0000] {processor.py:830} INFO - Processing file /opt/airflow/dags/2_python.py for tasks to queue
[2024-02-05T16:59:56.033+0000] {logging_mixin.py:188} INFO - [2024-02-05T16:59:56.033+0000] {dagbag.py:538} INFO - Filling up the DagBag from /opt/airflow/dags/2_python.py
[2024-02-05T16:59:56.055+0000] {processor.py:840} INFO - DAG(s) '2_python' retrieved from /opt/airflow/dags/2_python.py
[2024-02-05T16:59:56.081+0000] {logging_mixin.py:188} INFO - [2024-02-05T16:59:56.081+0000] {dag.py:3036} INFO - Sync 1 DAGs
[2024-02-05T16:59:56.104+0000] {logging_mixin.py:188} INFO - [2024-02-05T16:59:56.104+0000] {dag.py:3823} INFO - Setting next_dagrun for 2_python to 2024-02-05 00:00:00+00:00, run_after=2024-02-06 00:00:00+00:00
[2024-02-05T16:59:56.135+0000] {processor.py:183} INFO - Processing /opt/airflow/dags/2_python.py took 0.107 seconds
[2024-02-05T17:00:26.453+0000] {processor.py:161} INFO - Started process (PID=4087) to work on /opt/airflow/dags/2_python.py
[2024-02-05T17:00:26.455+0000] {processor.py:830} INFO - Processing file /opt/airflow/dags/2_python.py for tasks to queue
[2024-02-05T17:00:26.456+0000] {logging_mixin.py:188} INFO - [2024-02-05T17:00:26.456+0000] {dagbag.py:538} INFO - Filling up the DagBag from /opt/airflow/dags/2_python.py
[2024-02-05T17:00:26.484+0000] {processor.py:840} INFO - DAG(s) '2_python' retrieved from /opt/airflow/dags/2_python.py
[2024-02-05T17:00:26.515+0000] {logging_mixin.py:188} INFO - [2024-02-05T17:00:26.515+0000] {dag.py:3036} INFO - Sync 1 DAGs
[2024-02-05T17:00:26.550+0000] {logging_mixin.py:188} INFO - [2024-02-05T17:00:26.550+0000] {dag.py:3823} INFO - Setting next_dagrun for 2_python to 2024-02-05 00:00:00+00:00, run_after=2024-02-06 00:00:00+00:00
[2024-02-05T17:00:26.580+0000] {processor.py:183} INFO - Processing /opt/airflow/dags/2_python.py took 0.131 seconds
[2024-02-05T17:00:56.868+0000] {processor.py:161} INFO - Started process (PID=4103) to work on /opt/airflow/dags/2_python.py
[2024-02-05T17:00:56.869+0000] {processor.py:830} INFO - Processing file /opt/airflow/dags/2_python.py for tasks to queue
[2024-02-05T17:00:56.871+0000] {logging_mixin.py:188} INFO - [2024-02-05T17:00:56.870+0000] {dagbag.py:538} INFO - Filling up the DagBag from /opt/airflow/dags/2_python.py
[2024-02-05T17:00:56.894+0000] {processor.py:840} INFO - DAG(s) '2_python' retrieved from /opt/airflow/dags/2_python.py
[2024-02-05T17:00:56.929+0000] {logging_mixin.py:188} INFO - [2024-02-05T17:00:56.928+0000] {dag.py:3036} INFO - Sync 1 DAGs
[2024-02-05T17:00:56.960+0000] {logging_mixin.py:188} INFO - [2024-02-05T17:00:56.960+0000] {dag.py:3823} INFO - Setting next_dagrun for 2_python to 2024-02-05 00:00:00+00:00, run_after=2024-02-06 00:00:00+00:00
[2024-02-05T17:00:56.983+0000] {processor.py:183} INFO - Processing /opt/airflow/dags/2_python.py took 0.119 seconds
[2024-02-05T17:01:27.284+0000] {processor.py:161} INFO - Started process (PID=4119) to work on /opt/airflow/dags/2_python.py
[2024-02-05T17:01:27.285+0000] {processor.py:830} INFO - Processing file /opt/airflow/dags/2_python.py for tasks to queue
[2024-02-05T17:01:27.287+0000] {logging_mixin.py:188} INFO - [2024-02-05T17:01:27.286+0000] {dagbag.py:538} INFO - Filling up the DagBag from /opt/airflow/dags/2_python.py
[2024-02-05T17:01:27.309+0000] {processor.py:840} INFO - DAG(s) '2_python' retrieved from /opt/airflow/dags/2_python.py
[2024-02-05T17:01:27.334+0000] {logging_mixin.py:188} INFO - [2024-02-05T17:01:27.334+0000] {dag.py:3036} INFO - Sync 1 DAGs
[2024-02-05T17:01:27.358+0000] {logging_mixin.py:188} INFO - [2024-02-05T17:01:27.358+0000] {dag.py:3823} INFO - Setting next_dagrun for 2_python to 2024-02-05 00:00:00+00:00, run_after=2024-02-06 00:00:00+00:00
[2024-02-05T17:01:27.390+0000] {processor.py:183} INFO - Processing /opt/airflow/dags/2_python.py took 0.109 seconds
[2024-02-05T17:01:57.800+0000] {processor.py:161} INFO - Started process (PID=4135) to work on /opt/airflow/dags/2_python.py
[2024-02-05T17:01:57.801+0000] {processor.py:830} INFO - Processing file /opt/airflow/dags/2_python.py for tasks to queue
[2024-02-05T17:01:57.802+0000] {logging_mixin.py:188} INFO - [2024-02-05T17:01:57.802+0000] {dagbag.py:538} INFO - Filling up the DagBag from /opt/airflow/dags/2_python.py
[2024-02-05T17:01:57.824+0000] {processor.py:840} INFO - DAG(s) '2_python' retrieved from /opt/airflow/dags/2_python.py
[2024-02-05T17:01:57.851+0000] {logging_mixin.py:188} INFO - [2024-02-05T17:01:57.850+0000] {dag.py:3036} INFO - Sync 1 DAGs
[2024-02-05T17:01:57.874+0000] {logging_mixin.py:188} INFO - [2024-02-05T17:01:57.873+0000] {dag.py:3823} INFO - Setting next_dagrun for 2_python to 2024-02-05 00:00:00+00:00, run_after=2024-02-06 00:00:00+00:00
[2024-02-05T17:01:57.894+0000] {processor.py:183} INFO - Processing /opt/airflow/dags/2_python.py took 0.097 seconds
[2024-02-05T17:02:28.211+0000] {processor.py:161} INFO - Started process (PID=4151) to work on /opt/airflow/dags/2_python.py
[2024-02-05T17:02:28.213+0000] {processor.py:830} INFO - Processing file /opt/airflow/dags/2_python.py for tasks to queue
[2024-02-05T17:02:28.214+0000] {logging_mixin.py:188} INFO - [2024-02-05T17:02:28.213+0000] {dagbag.py:538} INFO - Filling up the DagBag from /opt/airflow/dags/2_python.py
[2024-02-05T17:02:28.236+0000] {processor.py:840} INFO - DAG(s) '2_python' retrieved from /opt/airflow/dags/2_python.py
[2024-02-05T17:02:28.263+0000] {logging_mixin.py:188} INFO - [2024-02-05T17:02:28.262+0000] {dag.py:3036} INFO - Sync 1 DAGs
[2024-02-05T17:02:28.285+0000] {logging_mixin.py:188} INFO - [2024-02-05T17:02:28.285+0000] {dag.py:3823} INFO - Setting next_dagrun for 2_python to 2024-02-05 00:00:00+00:00, run_after=2024-02-06 00:00:00+00:00
[2024-02-05T17:02:28.305+0000] {processor.py:183} INFO - Processing /opt/airflow/dags/2_python.py took 0.097 seconds
[2024-02-05T17:02:58.578+0000] {processor.py:161} INFO - Started process (PID=4167) to work on /opt/airflow/dags/2_python.py
[2024-02-05T17:02:58.580+0000] {processor.py:830} INFO - Processing file /opt/airflow/dags/2_python.py for tasks to queue
[2024-02-05T17:02:58.581+0000] {logging_mixin.py:188} INFO - [2024-02-05T17:02:58.580+0000] {dagbag.py:538} INFO - Filling up the DagBag from /opt/airflow/dags/2_python.py
[2024-02-05T17:02:58.603+0000] {processor.py:840} INFO - DAG(s) '2_python' retrieved from /opt/airflow/dags/2_python.py
[2024-02-05T17:02:58.630+0000] {logging_mixin.py:188} INFO - [2024-02-05T17:02:58.630+0000] {dag.py:3036} INFO - Sync 1 DAGs
[2024-02-05T17:02:58.652+0000] {logging_mixin.py:188} INFO - [2024-02-05T17:02:58.652+0000] {dag.py:3823} INFO - Setting next_dagrun for 2_python to 2024-02-05 00:00:00+00:00, run_after=2024-02-06 00:00:00+00:00
[2024-02-05T17:02:58.672+0000] {processor.py:183} INFO - Processing /opt/airflow/dags/2_python.py took 0.097 seconds
[2024-02-05T17:03:29.015+0000] {processor.py:161} INFO - Started process (PID=4183) to work on /opt/airflow/dags/2_python.py
[2024-02-05T17:03:29.016+0000] {processor.py:830} INFO - Processing file /opt/airflow/dags/2_python.py for tasks to queue
[2024-02-05T17:03:29.017+0000] {logging_mixin.py:188} INFO - [2024-02-05T17:03:29.017+0000] {dagbag.py:538} INFO - Filling up the DagBag from /opt/airflow/dags/2_python.py
[2024-02-05T17:03:29.039+0000] {processor.py:840} INFO - DAG(s) '2_python' retrieved from /opt/airflow/dags/2_python.py
[2024-02-05T17:03:29.064+0000] {logging_mixin.py:188} INFO - [2024-02-05T17:03:29.064+0000] {dag.py:3036} INFO - Sync 1 DAGs
[2024-02-05T17:03:29.086+0000] {logging_mixin.py:188} INFO - [2024-02-05T17:03:29.086+0000] {dag.py:3823} INFO - Setting next_dagrun for 2_python to 2024-02-05 00:00:00+00:00, run_after=2024-02-06 00:00:00+00:00
[2024-02-05T17:03:29.107+0000] {processor.py:183} INFO - Processing /opt/airflow/dags/2_python.py took 0.094 seconds
[2024-02-05T17:03:59.467+0000] {processor.py:161} INFO - Started process (PID=4199) to work on /opt/airflow/dags/2_python.py
[2024-02-05T17:03:59.468+0000] {processor.py:830} INFO - Processing file /opt/airflow/dags/2_python.py for tasks to queue
[2024-02-05T17:03:59.469+0000] {logging_mixin.py:188} INFO - [2024-02-05T17:03:59.469+0000] {dagbag.py:538} INFO - Filling up the DagBag from /opt/airflow/dags/2_python.py
[2024-02-05T17:03:59.493+0000] {processor.py:840} INFO - DAG(s) '2_python' retrieved from /opt/airflow/dags/2_python.py
[2024-02-05T17:03:59.524+0000] {logging_mixin.py:188} INFO - [2024-02-05T17:03:59.524+0000] {dag.py:3036} INFO - Sync 1 DAGs
[2024-02-05T17:03:59.551+0000] {logging_mixin.py:188} INFO - [2024-02-05T17:03:59.550+0000] {dag.py:3823} INFO - Setting next_dagrun for 2_python to 2024-02-05 00:00:00+00:00, run_after=2024-02-06 00:00:00+00:00
[2024-02-05T17:03:59.582+0000] {processor.py:183} INFO - Processing /opt/airflow/dags/2_python.py took 0.118 seconds
[2024-02-05T17:04:29.833+0000] {processor.py:161} INFO - Started process (PID=4215) to work on /opt/airflow/dags/2_python.py
[2024-02-05T17:04:29.834+0000] {processor.py:830} INFO - Processing file /opt/airflow/dags/2_python.py for tasks to queue
[2024-02-05T17:04:29.835+0000] {logging_mixin.py:188} INFO - [2024-02-05T17:04:29.835+0000] {dagbag.py:538} INFO - Filling up the DagBag from /opt/airflow/dags/2_python.py
[2024-02-05T17:04:29.857+0000] {processor.py:840} INFO - DAG(s) '2_python' retrieved from /opt/airflow/dags/2_python.py
[2024-02-05T17:04:29.886+0000] {logging_mixin.py:188} INFO - [2024-02-05T17:04:29.886+0000] {dag.py:3036} INFO - Sync 1 DAGs
[2024-02-05T17:04:29.908+0000] {logging_mixin.py:188} INFO - [2024-02-05T17:04:29.908+0000] {dag.py:3823} INFO - Setting next_dagrun for 2_python to 2024-02-05 00:00:00+00:00, run_after=2024-02-06 00:00:00+00:00
[2024-02-05T17:04:29.937+0000] {processor.py:183} INFO - Processing /opt/airflow/dags/2_python.py took 0.107 seconds
[2024-02-05T17:05:00.201+0000] {processor.py:161} INFO - Started process (PID=4231) to work on /opt/airflow/dags/2_python.py
[2024-02-05T17:05:00.202+0000] {processor.py:830} INFO - Processing file /opt/airflow/dags/2_python.py for tasks to queue
[2024-02-05T17:05:00.203+0000] {logging_mixin.py:188} INFO - [2024-02-05T17:05:00.203+0000] {dagbag.py:538} INFO - Filling up the DagBag from /opt/airflow/dags/2_python.py
[2024-02-05T17:05:00.225+0000] {processor.py:840} INFO - DAG(s) '2_python' retrieved from /opt/airflow/dags/2_python.py
[2024-02-05T17:05:00.250+0000] {logging_mixin.py:188} INFO - [2024-02-05T17:05:00.250+0000] {dag.py:3036} INFO - Sync 1 DAGs
[2024-02-05T17:05:00.274+0000] {logging_mixin.py:188} INFO - [2024-02-05T17:05:00.274+0000] {dag.py:3823} INFO - Setting next_dagrun for 2_python to 2024-02-05 00:00:00+00:00, run_after=2024-02-06 00:00:00+00:00
[2024-02-05T17:05:00.299+0000] {processor.py:183} INFO - Processing /opt/airflow/dags/2_python.py took 0.102 seconds
[2024-02-05T17:05:30.648+0000] {processor.py:161} INFO - Started process (PID=4247) to work on /opt/airflow/dags/2_python.py
[2024-02-05T17:05:30.649+0000] {processor.py:830} INFO - Processing file /opt/airflow/dags/2_python.py for tasks to queue
[2024-02-05T17:05:30.650+0000] {logging_mixin.py:188} INFO - [2024-02-05T17:05:30.650+0000] {dagbag.py:538} INFO - Filling up the DagBag from /opt/airflow/dags/2_python.py
[2024-02-05T17:05:30.673+0000] {processor.py:840} INFO - DAG(s) '2_python' retrieved from /opt/airflow/dags/2_python.py
[2024-02-05T17:05:30.698+0000] {logging_mixin.py:188} INFO - [2024-02-05T17:05:30.698+0000] {dag.py:3036} INFO - Sync 1 DAGs
[2024-02-05T17:05:30.721+0000] {logging_mixin.py:188} INFO - [2024-02-05T17:05:30.720+0000] {dag.py:3823} INFO - Setting next_dagrun for 2_python to 2024-02-05 00:00:00+00:00, run_after=2024-02-06 00:00:00+00:00
[2024-02-05T17:05:30.750+0000] {processor.py:183} INFO - Processing /opt/airflow/dags/2_python.py took 0.105 seconds
[2024-02-05T17:06:01.109+0000] {processor.py:161} INFO - Started process (PID=4263) to work on /opt/airflow/dags/2_python.py
[2024-02-05T17:06:01.110+0000] {processor.py:830} INFO - Processing file /opt/airflow/dags/2_python.py for tasks to queue
[2024-02-05T17:06:01.111+0000] {logging_mixin.py:188} INFO - [2024-02-05T17:06:01.111+0000] {dagbag.py:538} INFO - Filling up the DagBag from /opt/airflow/dags/2_python.py
[2024-02-05T17:06:01.133+0000] {processor.py:840} INFO - DAG(s) '2_python' retrieved from /opt/airflow/dags/2_python.py
[2024-02-05T17:06:01.159+0000] {logging_mixin.py:188} INFO - [2024-02-05T17:06:01.159+0000] {dag.py:3036} INFO - Sync 1 DAGs
[2024-02-05T17:06:01.182+0000] {logging_mixin.py:188} INFO - [2024-02-05T17:06:01.182+0000] {dag.py:3823} INFO - Setting next_dagrun for 2_python to 2024-02-05 00:00:00+00:00, run_after=2024-02-06 00:00:00+00:00
[2024-02-05T17:06:01.212+0000] {processor.py:183} INFO - Processing /opt/airflow/dags/2_python.py took 0.106 seconds
[2024-02-05T17:06:31.536+0000] {processor.py:161} INFO - Started process (PID=4279) to work on /opt/airflow/dags/2_python.py
[2024-02-05T17:06:31.537+0000] {processor.py:830} INFO - Processing file /opt/airflow/dags/2_python.py for tasks to queue
[2024-02-05T17:06:31.539+0000] {logging_mixin.py:188} INFO - [2024-02-05T17:06:31.538+0000] {dagbag.py:538} INFO - Filling up the DagBag from /opt/airflow/dags/2_python.py
[2024-02-05T17:06:31.560+0000] {processor.py:840} INFO - DAG(s) '2_python' retrieved from /opt/airflow/dags/2_python.py
[2024-02-05T17:06:31.586+0000] {logging_mixin.py:188} INFO - [2024-02-05T17:06:31.586+0000] {dag.py:3036} INFO - Sync 1 DAGs
[2024-02-05T17:06:31.612+0000] {logging_mixin.py:188} INFO - [2024-02-05T17:06:31.612+0000] {dag.py:3823} INFO - Setting next_dagrun for 2_python to 2024-02-05 00:00:00+00:00, run_after=2024-02-06 00:00:00+00:00
[2024-02-05T17:06:31.632+0000] {processor.py:183} INFO - Processing /opt/airflow/dags/2_python.py took 0.099 seconds
[2024-02-05T17:07:01.957+0000] {processor.py:161} INFO - Started process (PID=4295) to work on /opt/airflow/dags/2_python.py
[2024-02-05T17:07:01.959+0000] {processor.py:830} INFO - Processing file /opt/airflow/dags/2_python.py for tasks to queue
[2024-02-05T17:07:01.960+0000] {logging_mixin.py:188} INFO - [2024-02-05T17:07:01.960+0000] {dagbag.py:538} INFO - Filling up the DagBag from /opt/airflow/dags/2_python.py
[2024-02-05T17:07:01.987+0000] {processor.py:840} INFO - DAG(s) '2_python' retrieved from /opt/airflow/dags/2_python.py
[2024-02-05T17:07:02.016+0000] {logging_mixin.py:188} INFO - [2024-02-05T17:07:02.016+0000] {dag.py:3036} INFO - Sync 1 DAGs
[2024-02-05T17:07:02.043+0000] {logging_mixin.py:188} INFO - [2024-02-05T17:07:02.042+0000] {dag.py:3823} INFO - Setting next_dagrun for 2_python to 2024-02-05 00:00:00+00:00, run_after=2024-02-06 00:00:00+00:00
[2024-02-05T17:07:02.065+0000] {processor.py:183} INFO - Processing /opt/airflow/dags/2_python.py took 0.112 seconds
[2024-02-05T17:07:32.416+0000] {processor.py:161} INFO - Started process (PID=4311) to work on /opt/airflow/dags/2_python.py
[2024-02-05T17:07:32.417+0000] {processor.py:830} INFO - Processing file /opt/airflow/dags/2_python.py for tasks to queue
[2024-02-05T17:07:32.418+0000] {logging_mixin.py:188} INFO - [2024-02-05T17:07:32.418+0000] {dagbag.py:538} INFO - Filling up the DagBag from /opt/airflow/dags/2_python.py
[2024-02-05T17:07:32.440+0000] {processor.py:840} INFO - DAG(s) '2_python' retrieved from /opt/airflow/dags/2_python.py
[2024-02-05T17:07:32.465+0000] {logging_mixin.py:188} INFO - [2024-02-05T17:07:32.465+0000] {dag.py:3036} INFO - Sync 1 DAGs
[2024-02-05T17:07:32.487+0000] {logging_mixin.py:188} INFO - [2024-02-05T17:07:32.487+0000] {dag.py:3823} INFO - Setting next_dagrun for 2_python to 2024-02-05 00:00:00+00:00, run_after=2024-02-06 00:00:00+00:00
[2024-02-05T17:07:32.518+0000] {processor.py:183} INFO - Processing /opt/airflow/dags/2_python.py took 0.106 seconds
[2024-02-05T17:08:02.908+0000] {processor.py:161} INFO - Started process (PID=4327) to work on /opt/airflow/dags/2_python.py
[2024-02-05T17:08:02.909+0000] {processor.py:830} INFO - Processing file /opt/airflow/dags/2_python.py for tasks to queue
[2024-02-05T17:08:02.911+0000] {logging_mixin.py:188} INFO - [2024-02-05T17:08:02.910+0000] {dagbag.py:538} INFO - Filling up the DagBag from /opt/airflow/dags/2_python.py
[2024-02-05T17:08:02.933+0000] {processor.py:840} INFO - DAG(s) '2_python' retrieved from /opt/airflow/dags/2_python.py
[2024-02-05T17:08:02.958+0000] {logging_mixin.py:188} INFO - [2024-02-05T17:08:02.958+0000] {dag.py:3036} INFO - Sync 1 DAGs
[2024-02-05T17:08:02.983+0000] {logging_mixin.py:188} INFO - [2024-02-05T17:08:02.983+0000] {dag.py:3823} INFO - Setting next_dagrun for 2_python to 2024-02-05 00:00:00+00:00, run_after=2024-02-06 00:00:00+00:00
[2024-02-05T17:08:03.014+0000] {processor.py:183} INFO - Processing /opt/airflow/dags/2_python.py took 0.109 seconds
[2024-02-05T17:08:33.302+0000] {processor.py:161} INFO - Started process (PID=4343) to work on /opt/airflow/dags/2_python.py
[2024-02-05T17:08:33.303+0000] {processor.py:830} INFO - Processing file /opt/airflow/dags/2_python.py for tasks to queue
[2024-02-05T17:08:33.305+0000] {logging_mixin.py:188} INFO - [2024-02-05T17:08:33.304+0000] {dagbag.py:538} INFO - Filling up the DagBag from /opt/airflow/dags/2_python.py
[2024-02-05T17:08:33.329+0000] {processor.py:840} INFO - DAG(s) '2_python' retrieved from /opt/airflow/dags/2_python.py
[2024-02-05T17:08:33.356+0000] {logging_mixin.py:188} INFO - [2024-02-05T17:08:33.356+0000] {dag.py:3036} INFO - Sync 1 DAGs
[2024-02-05T17:08:33.379+0000] {logging_mixin.py:188} INFO - [2024-02-05T17:08:33.379+0000] {dag.py:3823} INFO - Setting next_dagrun for 2_python to 2024-02-05 00:00:00+00:00, run_after=2024-02-06 00:00:00+00:00
[2024-02-05T17:08:33.400+0000] {processor.py:183} INFO - Processing /opt/airflow/dags/2_python.py took 0.101 seconds
[2024-02-05T17:09:03.765+0000] {processor.py:161} INFO - Started process (PID=4359) to work on /opt/airflow/dags/2_python.py
[2024-02-05T17:09:03.766+0000] {processor.py:830} INFO - Processing file /opt/airflow/dags/2_python.py for tasks to queue
[2024-02-05T17:09:03.767+0000] {logging_mixin.py:188} INFO - [2024-02-05T17:09:03.767+0000] {dagbag.py:538} INFO - Filling up the DagBag from /opt/airflow/dags/2_python.py
[2024-02-05T17:09:03.788+0000] {processor.py:840} INFO - DAG(s) '2_python' retrieved from /opt/airflow/dags/2_python.py
[2024-02-05T17:09:03.817+0000] {logging_mixin.py:188} INFO - [2024-02-05T17:09:03.816+0000] {dag.py:3036} INFO - Sync 1 DAGs
[2024-02-05T17:09:03.839+0000] {logging_mixin.py:188} INFO - [2024-02-05T17:09:03.839+0000] {dag.py:3823} INFO - Setting next_dagrun for 2_python to 2024-02-05 00:00:00+00:00, run_after=2024-02-06 00:00:00+00:00
[2024-02-05T17:09:03.871+0000] {processor.py:183} INFO - Processing /opt/airflow/dags/2_python.py took 0.109 seconds
[2024-02-05T17:09:34.223+0000] {processor.py:161} INFO - Started process (PID=4375) to work on /opt/airflow/dags/2_python.py
[2024-02-05T17:09:34.225+0000] {processor.py:830} INFO - Processing file /opt/airflow/dags/2_python.py for tasks to queue
[2024-02-05T17:09:34.226+0000] {logging_mixin.py:188} INFO - [2024-02-05T17:09:34.225+0000] {dagbag.py:538} INFO - Filling up the DagBag from /opt/airflow/dags/2_python.py
[2024-02-05T17:09:34.249+0000] {processor.py:840} INFO - DAG(s) '2_python' retrieved from /opt/airflow/dags/2_python.py
[2024-02-05T17:09:34.278+0000] {logging_mixin.py:188} INFO - [2024-02-05T17:09:34.278+0000] {dag.py:3036} INFO - Sync 1 DAGs
[2024-02-05T17:09:34.306+0000] {logging_mixin.py:188} INFO - [2024-02-05T17:09:34.305+0000] {dag.py:3823} INFO - Setting next_dagrun for 2_python to 2024-02-05 00:00:00+00:00, run_after=2024-02-06 00:00:00+00:00
[2024-02-05T17:09:34.327+0000] {processor.py:183} INFO - Processing /opt/airflow/dags/2_python.py took 0.107 seconds
[2024-02-05T17:10:04.662+0000] {processor.py:161} INFO - Started process (PID=4391) to work on /opt/airflow/dags/2_python.py
[2024-02-05T17:10:04.663+0000] {processor.py:830} INFO - Processing file /opt/airflow/dags/2_python.py for tasks to queue
[2024-02-05T17:10:04.664+0000] {logging_mixin.py:188} INFO - [2024-02-05T17:10:04.663+0000] {dagbag.py:538} INFO - Filling up the DagBag from /opt/airflow/dags/2_python.py
[2024-02-05T17:10:04.687+0000] {processor.py:840} INFO - DAG(s) '2_python' retrieved from /opt/airflow/dags/2_python.py
[2024-02-05T17:10:04.714+0000] {logging_mixin.py:188} INFO - [2024-02-05T17:10:04.713+0000] {dag.py:3036} INFO - Sync 1 DAGs
[2024-02-05T17:10:04.738+0000] {logging_mixin.py:188} INFO - [2024-02-05T17:10:04.738+0000] {dag.py:3823} INFO - Setting next_dagrun for 2_python to 2024-02-05 00:00:00+00:00, run_after=2024-02-06 00:00:00+00:00
[2024-02-05T17:10:04.764+0000] {processor.py:183} INFO - Processing /opt/airflow/dags/2_python.py took 0.106 seconds
[2024-02-05T17:10:35.089+0000] {processor.py:161} INFO - Started process (PID=4407) to work on /opt/airflow/dags/2_python.py
[2024-02-05T17:10:35.090+0000] {processor.py:830} INFO - Processing file /opt/airflow/dags/2_python.py for tasks to queue
[2024-02-05T17:10:35.092+0000] {logging_mixin.py:188} INFO - [2024-02-05T17:10:35.091+0000] {dagbag.py:538} INFO - Filling up the DagBag from /opt/airflow/dags/2_python.py
[2024-02-05T17:10:35.117+0000] {processor.py:840} INFO - DAG(s) '2_python' retrieved from /opt/airflow/dags/2_python.py
[2024-02-05T17:10:35.143+0000] {logging_mixin.py:188} INFO - [2024-02-05T17:10:35.143+0000] {dag.py:3036} INFO - Sync 1 DAGs
[2024-02-05T17:10:35.169+0000] {logging_mixin.py:188} INFO - [2024-02-05T17:10:35.169+0000] {dag.py:3823} INFO - Setting next_dagrun for 2_python to 2024-02-05 00:00:00+00:00, run_after=2024-02-06 00:00:00+00:00
[2024-02-05T17:10:35.189+0000] {processor.py:183} INFO - Processing /opt/airflow/dags/2_python.py took 0.105 seconds
[2024-02-05T17:11:05.447+0000] {processor.py:161} INFO - Started process (PID=4423) to work on /opt/airflow/dags/2_python.py
[2024-02-05T17:11:05.448+0000] {processor.py:830} INFO - Processing file /opt/airflow/dags/2_python.py for tasks to queue
[2024-02-05T17:11:05.449+0000] {logging_mixin.py:188} INFO - [2024-02-05T17:11:05.449+0000] {dagbag.py:538} INFO - Filling up the DagBag from /opt/airflow/dags/2_python.py
[2024-02-05T17:11:05.471+0000] {processor.py:840} INFO - DAG(s) '2_python' retrieved from /opt/airflow/dags/2_python.py
[2024-02-05T17:11:05.499+0000] {logging_mixin.py:188} INFO - [2024-02-05T17:11:05.499+0000] {dag.py:3036} INFO - Sync 1 DAGs
[2024-02-05T17:11:05.522+0000] {logging_mixin.py:188} INFO - [2024-02-05T17:11:05.522+0000] {dag.py:3823} INFO - Setting next_dagrun for 2_python to 2024-02-05 00:00:00+00:00, run_after=2024-02-06 00:00:00+00:00
[2024-02-05T17:11:05.543+0000] {processor.py:183} INFO - Processing /opt/airflow/dags/2_python.py took 0.099 seconds
[2024-02-05T17:11:35.865+0000] {processor.py:161} INFO - Started process (PID=4439) to work on /opt/airflow/dags/2_python.py
[2024-02-05T17:11:35.868+0000] {processor.py:830} INFO - Processing file /opt/airflow/dags/2_python.py for tasks to queue
[2024-02-05T17:11:35.873+0000] {logging_mixin.py:188} INFO - [2024-02-05T17:11:35.872+0000] {dagbag.py:538} INFO - Filling up the DagBag from /opt/airflow/dags/2_python.py
[2024-02-05T17:11:35.912+0000] {processor.py:840} INFO - DAG(s) '2_python' retrieved from /opt/airflow/dags/2_python.py
[2024-02-05T17:11:35.940+0000] {logging_mixin.py:188} INFO - [2024-02-05T17:11:35.939+0000] {dag.py:3036} INFO - Sync 1 DAGs
[2024-02-05T17:11:35.972+0000] {logging_mixin.py:188} INFO - [2024-02-05T17:11:35.971+0000] {dag.py:3823} INFO - Setting next_dagrun for 2_python to 2024-02-05 00:00:00+00:00, run_after=2024-02-06 00:00:00+00:00
[2024-02-05T17:11:36.014+0000] {processor.py:183} INFO - Processing /opt/airflow/dags/2_python.py took 0.157 seconds
[2024-02-05T17:12:06.299+0000] {processor.py:161} INFO - Started process (PID=4455) to work on /opt/airflow/dags/2_python.py
[2024-02-05T17:12:06.300+0000] {processor.py:830} INFO - Processing file /opt/airflow/dags/2_python.py for tasks to queue
[2024-02-05T17:12:06.301+0000] {logging_mixin.py:188} INFO - [2024-02-05T17:12:06.301+0000] {dagbag.py:538} INFO - Filling up the DagBag from /opt/airflow/dags/2_python.py
[2024-02-05T17:12:06.323+0000] {processor.py:840} INFO - DAG(s) '2_python' retrieved from /opt/airflow/dags/2_python.py
[2024-02-05T17:12:06.348+0000] {logging_mixin.py:188} INFO - [2024-02-05T17:12:06.348+0000] {dag.py:3036} INFO - Sync 1 DAGs
[2024-02-05T17:12:06.371+0000] {logging_mixin.py:188} INFO - [2024-02-05T17:12:06.371+0000] {dag.py:3823} INFO - Setting next_dagrun for 2_python to 2024-02-05 00:00:00+00:00, run_after=2024-02-06 00:00:00+00:00
[2024-02-05T17:12:06.402+0000] {processor.py:183} INFO - Processing /opt/airflow/dags/2_python.py took 0.105 seconds
[2024-02-05T17:12:36.677+0000] {processor.py:161} INFO - Started process (PID=4471) to work on /opt/airflow/dags/2_python.py
[2024-02-05T17:12:36.678+0000] {processor.py:830} INFO - Processing file /opt/airflow/dags/2_python.py for tasks to queue
[2024-02-05T17:12:36.680+0000] {logging_mixin.py:188} INFO - [2024-02-05T17:12:36.679+0000] {dagbag.py:538} INFO - Filling up the DagBag from /opt/airflow/dags/2_python.py
[2024-02-05T17:12:36.702+0000] {processor.py:840} INFO - DAG(s) '2_python' retrieved from /opt/airflow/dags/2_python.py
[2024-02-05T17:12:36.727+0000] {logging_mixin.py:188} INFO - [2024-02-05T17:12:36.727+0000] {dag.py:3036} INFO - Sync 1 DAGs
[2024-02-05T17:12:36.752+0000] {logging_mixin.py:188} INFO - [2024-02-05T17:12:36.752+0000] {dag.py:3823} INFO - Setting next_dagrun for 2_python to 2024-02-05 00:00:00+00:00, run_after=2024-02-06 00:00:00+00:00
[2024-02-05T17:12:36.772+0000] {processor.py:183} INFO - Processing /opt/airflow/dags/2_python.py took 0.098 seconds
[2024-02-05T17:13:07.053+0000] {processor.py:161} INFO - Started process (PID=4487) to work on /opt/airflow/dags/2_python.py
[2024-02-05T17:13:07.054+0000] {processor.py:830} INFO - Processing file /opt/airflow/dags/2_python.py for tasks to queue
[2024-02-05T17:13:07.055+0000] {logging_mixin.py:188} INFO - [2024-02-05T17:13:07.055+0000] {dagbag.py:538} INFO - Filling up the DagBag from /opt/airflow/dags/2_python.py
[2024-02-05T17:13:07.077+0000] {processor.py:840} INFO - DAG(s) '2_python' retrieved from /opt/airflow/dags/2_python.py
[2024-02-05T17:13:07.104+0000] {logging_mixin.py:188} INFO - [2024-02-05T17:13:07.104+0000] {dag.py:3036} INFO - Sync 1 DAGs
[2024-02-05T17:13:07.132+0000] {logging_mixin.py:188} INFO - [2024-02-05T17:13:07.132+0000] {dag.py:3823} INFO - Setting next_dagrun for 2_python to 2024-02-05 00:00:00+00:00, run_after=2024-02-06 00:00:00+00:00
[2024-02-05T17:13:07.157+0000] {processor.py:183} INFO - Processing /opt/airflow/dags/2_python.py took 0.107 seconds
[2024-02-05T17:13:37.498+0000] {processor.py:161} INFO - Started process (PID=4503) to work on /opt/airflow/dags/2_python.py
[2024-02-05T17:13:37.505+0000] {processor.py:830} INFO - Processing file /opt/airflow/dags/2_python.py for tasks to queue
[2024-02-05T17:13:37.511+0000] {logging_mixin.py:188} INFO - [2024-02-05T17:13:37.507+0000] {dagbag.py:538} INFO - Filling up the DagBag from /opt/airflow/dags/2_python.py
[2024-02-05T17:13:37.572+0000] {processor.py:840} INFO - DAG(s) '2_python' retrieved from /opt/airflow/dags/2_python.py
[2024-02-05T17:13:37.628+0000] {logging_mixin.py:188} INFO - [2024-02-05T17:13:37.628+0000] {dag.py:3036} INFO - Sync 1 DAGs
[2024-02-05T17:13:37.696+0000] {logging_mixin.py:188} INFO - [2024-02-05T17:13:37.695+0000] {dag.py:3823} INFO - Setting next_dagrun for 2_python to 2024-02-05 00:00:00+00:00, run_after=2024-02-06 00:00:00+00:00
[2024-02-05T17:13:37.745+0000] {processor.py:183} INFO - Processing /opt/airflow/dags/2_python.py took 0.253 seconds
[2024-02-05T17:14:08.140+0000] {processor.py:161} INFO - Started process (PID=4519) to work on /opt/airflow/dags/2_python.py
[2024-02-05T17:14:08.142+0000] {processor.py:830} INFO - Processing file /opt/airflow/dags/2_python.py for tasks to queue
[2024-02-05T17:14:08.143+0000] {logging_mixin.py:188} INFO - [2024-02-05T17:14:08.143+0000] {dagbag.py:538} INFO - Filling up the DagBag from /opt/airflow/dags/2_python.py
[2024-02-05T17:14:08.176+0000] {processor.py:840} INFO - DAG(s) '2_python' retrieved from /opt/airflow/dags/2_python.py
[2024-02-05T17:14:08.211+0000] {logging_mixin.py:188} INFO - [2024-02-05T17:14:08.211+0000] {dag.py:3036} INFO - Sync 1 DAGs
[2024-02-05T17:14:08.243+0000] {logging_mixin.py:188} INFO - [2024-02-05T17:14:08.243+0000] {dag.py:3823} INFO - Setting next_dagrun for 2_python to 2024-02-05 00:00:00+00:00, run_after=2024-02-06 00:00:00+00:00
[2024-02-05T17:14:08.270+0000] {processor.py:183} INFO - Processing /opt/airflow/dags/2_python.py took 0.135 seconds
[2024-02-05T17:14:38.652+0000] {processor.py:161} INFO - Started process (PID=4535) to work on /opt/airflow/dags/2_python.py
[2024-02-05T17:14:38.653+0000] {processor.py:830} INFO - Processing file /opt/airflow/dags/2_python.py for tasks to queue
[2024-02-05T17:14:38.657+0000] {logging_mixin.py:188} INFO - [2024-02-05T17:14:38.655+0000] {dagbag.py:538} INFO - Filling up the DagBag from /opt/airflow/dags/2_python.py
[2024-02-05T17:14:38.702+0000] {processor.py:840} INFO - DAG(s) '2_python' retrieved from /opt/airflow/dags/2_python.py
[2024-02-05T17:14:38.749+0000] {logging_mixin.py:188} INFO - [2024-02-05T17:14:38.749+0000] {dag.py:3036} INFO - Sync 1 DAGs
[2024-02-05T17:14:38.798+0000] {logging_mixin.py:188} INFO - [2024-02-05T17:14:38.797+0000] {dag.py:3823} INFO - Setting next_dagrun for 2_python to 2024-02-05 00:00:00+00:00, run_after=2024-02-06 00:00:00+00:00
[2024-02-05T17:14:38.850+0000] {processor.py:183} INFO - Processing /opt/airflow/dags/2_python.py took 0.201 seconds
[2024-02-05T17:15:09.033+0000] {processor.py:161} INFO - Started process (PID=4551) to work on /opt/airflow/dags/2_python.py
[2024-02-05T17:15:09.035+0000] {processor.py:830} INFO - Processing file /opt/airflow/dags/2_python.py for tasks to queue
[2024-02-05T17:15:09.037+0000] {logging_mixin.py:188} INFO - [2024-02-05T17:15:09.037+0000] {dagbag.py:538} INFO - Filling up the DagBag from /opt/airflow/dags/2_python.py
[2024-02-05T17:15:09.102+0000] {processor.py:840} INFO - DAG(s) '2_python' retrieved from /opt/airflow/dags/2_python.py
[2024-02-05T17:15:09.159+0000] {logging_mixin.py:188} INFO - [2024-02-05T17:15:09.159+0000] {dag.py:3036} INFO - Sync 1 DAGs
[2024-02-05T17:15:09.213+0000] {logging_mixin.py:188} INFO - [2024-02-05T17:15:09.213+0000] {dag.py:3823} INFO - Setting next_dagrun for 2_python to 2024-02-05 00:00:00+00:00, run_after=2024-02-06 00:00:00+00:00
[2024-02-05T17:15:09.254+0000] {processor.py:183} INFO - Processing /opt/airflow/dags/2_python.py took 0.229 seconds
[2024-02-05T17:15:39.644+0000] {processor.py:161} INFO - Started process (PID=4567) to work on /opt/airflow/dags/2_python.py
[2024-02-05T17:15:39.648+0000] {processor.py:830} INFO - Processing file /opt/airflow/dags/2_python.py for tasks to queue
[2024-02-05T17:15:39.650+0000] {logging_mixin.py:188} INFO - [2024-02-05T17:15:39.650+0000] {dagbag.py:538} INFO - Filling up the DagBag from /opt/airflow/dags/2_python.py
[2024-02-05T17:15:39.695+0000] {processor.py:840} INFO - DAG(s) '2_python' retrieved from /opt/airflow/dags/2_python.py
[2024-02-05T17:15:39.737+0000] {logging_mixin.py:188} INFO - [2024-02-05T17:15:39.737+0000] {dag.py:3036} INFO - Sync 1 DAGs
[2024-02-05T17:15:39.784+0000] {logging_mixin.py:188} INFO - [2024-02-05T17:15:39.784+0000] {dag.py:3823} INFO - Setting next_dagrun for 2_python to 2024-02-05 00:00:00+00:00, run_after=2024-02-06 00:00:00+00:00
[2024-02-05T17:15:39.829+0000] {processor.py:183} INFO - Processing /opt/airflow/dags/2_python.py took 0.193 seconds
[2024-02-05T17:16:10.241+0000] {processor.py:161} INFO - Started process (PID=4583) to work on /opt/airflow/dags/2_python.py
[2024-02-05T17:16:10.245+0000] {processor.py:830} INFO - Processing file /opt/airflow/dags/2_python.py for tasks to queue
[2024-02-05T17:16:10.249+0000] {logging_mixin.py:188} INFO - [2024-02-05T17:16:10.249+0000] {dagbag.py:538} INFO - Filling up the DagBag from /opt/airflow/dags/2_python.py
[2024-02-05T17:16:10.304+0000] {processor.py:840} INFO - DAG(s) '2_python' retrieved from /opt/airflow/dags/2_python.py
[2024-02-05T17:16:10.371+0000] {logging_mixin.py:188} INFO - [2024-02-05T17:16:10.370+0000] {dag.py:3036} INFO - Sync 1 DAGs
[2024-02-05T17:16:10.427+0000] {logging_mixin.py:188} INFO - [2024-02-05T17:16:10.426+0000] {dag.py:3823} INFO - Setting next_dagrun for 2_python to 2024-02-05 00:00:00+00:00, run_after=2024-02-06 00:00:00+00:00
[2024-02-05T17:16:10.486+0000] {processor.py:183} INFO - Processing /opt/airflow/dags/2_python.py took 0.250 seconds
[2024-02-05T17:16:40.740+0000] {processor.py:161} INFO - Started process (PID=4599) to work on /opt/airflow/dags/2_python.py
[2024-02-05T17:16:40.742+0000] {processor.py:830} INFO - Processing file /opt/airflow/dags/2_python.py for tasks to queue
[2024-02-05T17:16:40.744+0000] {logging_mixin.py:188} INFO - [2024-02-05T17:16:40.743+0000] {dagbag.py:538} INFO - Filling up the DagBag from /opt/airflow/dags/2_python.py
[2024-02-05T17:16:40.791+0000] {processor.py:840} INFO - DAG(s) '2_python' retrieved from /opt/airflow/dags/2_python.py
[2024-02-05T17:16:40.840+0000] {logging_mixin.py:188} INFO - [2024-02-05T17:16:40.839+0000] {dag.py:3036} INFO - Sync 1 DAGs
[2024-02-05T17:16:40.887+0000] {logging_mixin.py:188} INFO - [2024-02-05T17:16:40.887+0000] {dag.py:3823} INFO - Setting next_dagrun for 2_python to 2024-02-05 00:00:00+00:00, run_after=2024-02-06 00:00:00+00:00
[2024-02-05T17:16:40.935+0000] {processor.py:183} INFO - Processing /opt/airflow/dags/2_python.py took 0.199 seconds
[2024-02-05T17:17:11.325+0000] {processor.py:161} INFO - Started process (PID=4615) to work on /opt/airflow/dags/2_python.py
[2024-02-05T17:17:11.326+0000] {processor.py:830} INFO - Processing file /opt/airflow/dags/2_python.py for tasks to queue
[2024-02-05T17:17:11.327+0000] {logging_mixin.py:188} INFO - [2024-02-05T17:17:11.327+0000] {dagbag.py:538} INFO - Filling up the DagBag from /opt/airflow/dags/2_python.py
[2024-02-05T17:17:11.374+0000] {processor.py:840} INFO - DAG(s) '2_python' retrieved from /opt/airflow/dags/2_python.py
[2024-02-05T17:17:11.424+0000] {logging_mixin.py:188} INFO - [2024-02-05T17:17:11.423+0000] {dag.py:3036} INFO - Sync 1 DAGs
[2024-02-05T17:17:11.461+0000] {logging_mixin.py:188} INFO - [2024-02-05T17:17:11.461+0000] {dag.py:3823} INFO - Setting next_dagrun for 2_python to 2024-02-05 00:00:00+00:00, run_after=2024-02-06 00:00:00+00:00
[2024-02-05T17:17:11.504+0000] {processor.py:183} INFO - Processing /opt/airflow/dags/2_python.py took 0.183 seconds
[2024-02-05T17:17:41.894+0000] {processor.py:161} INFO - Started process (PID=4631) to work on /opt/airflow/dags/2_python.py
[2024-02-05T17:17:41.895+0000] {processor.py:830} INFO - Processing file /opt/airflow/dags/2_python.py for tasks to queue
[2024-02-05T17:17:41.901+0000] {logging_mixin.py:188} INFO - [2024-02-05T17:17:41.900+0000] {dagbag.py:538} INFO - Filling up the DagBag from /opt/airflow/dags/2_python.py
[2024-02-05T17:17:41.948+0000] {processor.py:840} INFO - DAG(s) '2_python' retrieved from /opt/airflow/dags/2_python.py
[2024-02-05T17:17:42.009+0000] {logging_mixin.py:188} INFO - [2024-02-05T17:17:42.009+0000] {dag.py:3036} INFO - Sync 1 DAGs
[2024-02-05T17:17:42.055+0000] {logging_mixin.py:188} INFO - [2024-02-05T17:17:42.055+0000] {dag.py:3823} INFO - Setting next_dagrun for 2_python to 2024-02-05 00:00:00+00:00, run_after=2024-02-06 00:00:00+00:00
[2024-02-05T17:17:42.092+0000] {processor.py:183} INFO - Processing /opt/airflow/dags/2_python.py took 0.202 seconds
[2024-02-05T17:18:12.477+0000] {processor.py:161} INFO - Started process (PID=4647) to work on /opt/airflow/dags/2_python.py
[2024-02-05T17:18:12.478+0000] {processor.py:830} INFO - Processing file /opt/airflow/dags/2_python.py for tasks to queue
[2024-02-05T17:18:12.479+0000] {logging_mixin.py:188} INFO - [2024-02-05T17:18:12.479+0000] {dagbag.py:538} INFO - Filling up the DagBag from /opt/airflow/dags/2_python.py
[2024-02-05T17:18:12.532+0000] {processor.py:840} INFO - DAG(s) '2_python' retrieved from /opt/airflow/dags/2_python.py
[2024-02-05T17:18:12.570+0000] {logging_mixin.py:188} INFO - [2024-02-05T17:18:12.569+0000] {dag.py:3036} INFO - Sync 1 DAGs
[2024-02-05T17:18:12.600+0000] {logging_mixin.py:188} INFO - [2024-02-05T17:18:12.599+0000] {dag.py:3823} INFO - Setting next_dagrun for 2_python to 2024-02-05 00:00:00+00:00, run_after=2024-02-06 00:00:00+00:00
[2024-02-05T17:18:12.627+0000] {processor.py:183} INFO - Processing /opt/airflow/dags/2_python.py took 0.154 seconds
[2024-02-05T17:18:43.031+0000] {processor.py:161} INFO - Started process (PID=4664) to work on /opt/airflow/dags/2_python.py
[2024-02-05T17:18:43.033+0000] {processor.py:830} INFO - Processing file /opt/airflow/dags/2_python.py for tasks to queue
[2024-02-05T17:18:43.034+0000] {logging_mixin.py:188} INFO - [2024-02-05T17:18:43.034+0000] {dagbag.py:538} INFO - Filling up the DagBag from /opt/airflow/dags/2_python.py
[2024-02-05T17:18:43.079+0000] {processor.py:840} INFO - DAG(s) '2_python' retrieved from /opt/airflow/dags/2_python.py
[2024-02-05T17:18:43.124+0000] {logging_mixin.py:188} INFO - [2024-02-05T17:18:43.123+0000] {dag.py:3036} INFO - Sync 1 DAGs
[2024-02-05T17:18:43.161+0000] {logging_mixin.py:188} INFO - [2024-02-05T17:18:43.161+0000] {dag.py:3823} INFO - Setting next_dagrun for 2_python to 2024-02-05 00:00:00+00:00, run_after=2024-02-06 00:00:00+00:00
[2024-02-05T17:18:43.204+0000] {processor.py:183} INFO - Processing /opt/airflow/dags/2_python.py took 0.176 seconds
[2024-02-05T17:19:13.729+0000] {processor.py:161} INFO - Started process (PID=4680) to work on /opt/airflow/dags/2_python.py
[2024-02-05T17:19:13.733+0000] {processor.py:830} INFO - Processing file /opt/airflow/dags/2_python.py for tasks to queue
[2024-02-05T17:19:13.736+0000] {logging_mixin.py:188} INFO - [2024-02-05T17:19:13.734+0000] {dagbag.py:538} INFO - Filling up the DagBag from /opt/airflow/dags/2_python.py
[2024-02-05T17:19:13.863+0000] {processor.py:840} INFO - DAG(s) '2_python' retrieved from /opt/airflow/dags/2_python.py
[2024-02-05T17:19:14.055+0000] {logging_mixin.py:188} INFO - [2024-02-05T17:19:14.054+0000] {dag.py:3036} INFO - Sync 1 DAGs
[2024-02-05T17:19:14.236+0000] {logging_mixin.py:188} INFO - [2024-02-05T17:19:14.235+0000] {dag.py:3823} INFO - Setting next_dagrun for 2_python to 2024-02-05 00:00:00+00:00, run_after=2024-02-06 00:00:00+00:00
[2024-02-05T17:19:14.362+0000] {processor.py:183} INFO - Processing /opt/airflow/dags/2_python.py took 0.644 seconds
[2024-02-05T17:19:45.333+0000] {processor.py:161} INFO - Started process (PID=4696) to work on /opt/airflow/dags/2_python.py
[2024-02-05T17:19:45.341+0000] {processor.py:830} INFO - Processing file /opt/airflow/dags/2_python.py for tasks to queue
[2024-02-05T17:19:45.346+0000] {logging_mixin.py:188} INFO - [2024-02-05T17:19:45.345+0000] {dagbag.py:538} INFO - Filling up the DagBag from /opt/airflow/dags/2_python.py
[2024-02-05T17:19:45.440+0000] {processor.py:840} INFO - DAG(s) '2_python' retrieved from /opt/airflow/dags/2_python.py
[2024-02-05T17:19:45.536+0000] {logging_mixin.py:188} INFO - [2024-02-05T17:19:45.535+0000] {dag.py:3036} INFO - Sync 1 DAGs
[2024-02-05T17:19:45.687+0000] {logging_mixin.py:188} INFO - [2024-02-05T17:19:45.686+0000] {dag.py:3823} INFO - Setting next_dagrun for 2_python to 2024-02-05 00:00:00+00:00, run_after=2024-02-06 00:00:00+00:00
[2024-02-05T17:19:45.779+0000] {processor.py:183} INFO - Processing /opt/airflow/dags/2_python.py took 0.463 seconds
[2024-02-05T17:20:16.071+0000] {processor.py:161} INFO - Started process (PID=4712) to work on /opt/airflow/dags/2_python.py
[2024-02-05T17:20:16.078+0000] {processor.py:830} INFO - Processing file /opt/airflow/dags/2_python.py for tasks to queue
[2024-02-05T17:20:16.084+0000] {logging_mixin.py:188} INFO - [2024-02-05T17:20:16.083+0000] {dagbag.py:538} INFO - Filling up the DagBag from /opt/airflow/dags/2_python.py
[2024-02-05T17:20:16.166+0000] {processor.py:840} INFO - DAG(s) '2_python' retrieved from /opt/airflow/dags/2_python.py
[2024-02-05T17:20:16.281+0000] {logging_mixin.py:188} INFO - [2024-02-05T17:20:16.278+0000] {dag.py:3036} INFO - Sync 1 DAGs
[2024-02-05T17:20:16.401+0000] {logging_mixin.py:188} INFO - [2024-02-05T17:20:16.400+0000] {dag.py:3823} INFO - Setting next_dagrun for 2_python to 2024-02-05 00:00:00+00:00, run_after=2024-02-06 00:00:00+00:00
[2024-02-05T17:20:16.512+0000] {processor.py:183} INFO - Processing /opt/airflow/dags/2_python.py took 0.459 seconds
[2024-02-05T17:20:47.012+0000] {processor.py:161} INFO - Started process (PID=4728) to work on /opt/airflow/dags/2_python.py
[2024-02-05T17:20:47.014+0000] {processor.py:830} INFO - Processing file /opt/airflow/dags/2_python.py for tasks to queue
[2024-02-05T17:20:47.015+0000] {logging_mixin.py:188} INFO - [2024-02-05T17:20:47.015+0000] {dagbag.py:538} INFO - Filling up the DagBag from /opt/airflow/dags/2_python.py
[2024-02-05T17:20:47.053+0000] {processor.py:840} INFO - DAG(s) '2_python' retrieved from /opt/airflow/dags/2_python.py
[2024-02-05T17:20:47.096+0000] {logging_mixin.py:188} INFO - [2024-02-05T17:20:47.096+0000] {dag.py:3036} INFO - Sync 1 DAGs
[2024-02-05T17:20:47.138+0000] {logging_mixin.py:188} INFO - [2024-02-05T17:20:47.138+0000] {dag.py:3823} INFO - Setting next_dagrun for 2_python to 2024-02-05 00:00:00+00:00, run_after=2024-02-06 00:00:00+00:00
[2024-02-05T17:20:47.170+0000] {processor.py:183} INFO - Processing /opt/airflow/dags/2_python.py took 0.166 seconds
[2024-02-05T17:21:17.587+0000] {processor.py:161} INFO - Started process (PID=4744) to work on /opt/airflow/dags/2_python.py
[2024-02-05T17:21:17.590+0000] {processor.py:830} INFO - Processing file /opt/airflow/dags/2_python.py for tasks to queue
[2024-02-05T17:21:17.591+0000] {logging_mixin.py:188} INFO - [2024-02-05T17:21:17.591+0000] {dagbag.py:538} INFO - Filling up the DagBag from /opt/airflow/dags/2_python.py
[2024-02-05T17:21:17.636+0000] {processor.py:840} INFO - DAG(s) '2_python' retrieved from /opt/airflow/dags/2_python.py
[2024-02-05T17:21:17.695+0000] {logging_mixin.py:188} INFO - [2024-02-05T17:21:17.694+0000] {dag.py:3036} INFO - Sync 1 DAGs
[2024-02-05T17:21:17.741+0000] {logging_mixin.py:188} INFO - [2024-02-05T17:21:17.741+0000] {dag.py:3823} INFO - Setting next_dagrun for 2_python to 2024-02-05 00:00:00+00:00, run_after=2024-02-06 00:00:00+00:00
[2024-02-05T17:21:17.785+0000] {processor.py:183} INFO - Processing /opt/airflow/dags/2_python.py took 0.201 seconds
[2024-02-05T17:21:48.334+0000] {processor.py:161} INFO - Started process (PID=4760) to work on /opt/airflow/dags/2_python.py
[2024-02-05T17:21:48.336+0000] {processor.py:830} INFO - Processing file /opt/airflow/dags/2_python.py for tasks to queue
[2024-02-05T17:21:48.338+0000] {logging_mixin.py:188} INFO - [2024-02-05T17:21:48.338+0000] {dagbag.py:538} INFO - Filling up the DagBag from /opt/airflow/dags/2_python.py
[2024-02-05T17:21:48.441+0000] {processor.py:840} INFO - DAG(s) '2_python' retrieved from /opt/airflow/dags/2_python.py
[2024-02-05T17:21:48.559+0000] {logging_mixin.py:188} INFO - [2024-02-05T17:21:48.558+0000] {dag.py:3036} INFO - Sync 1 DAGs
[2024-02-05T17:21:48.661+0000] {logging_mixin.py:188} INFO - [2024-02-05T17:21:48.660+0000] {dag.py:3823} INFO - Setting next_dagrun for 2_python to 2024-02-05 00:00:00+00:00, run_after=2024-02-06 00:00:00+00:00
[2024-02-05T17:21:48.736+0000] {processor.py:183} INFO - Processing /opt/airflow/dags/2_python.py took 0.413 seconds
[2024-02-05T17:22:18.944+0000] {processor.py:161} INFO - Started process (PID=4776) to work on /opt/airflow/dags/2_python.py
[2024-02-05T17:22:18.947+0000] {processor.py:830} INFO - Processing file /opt/airflow/dags/2_python.py for tasks to queue
[2024-02-05T17:22:18.954+0000] {logging_mixin.py:188} INFO - [2024-02-05T17:22:18.952+0000] {dagbag.py:538} INFO - Filling up the DagBag from /opt/airflow/dags/2_python.py
[2024-02-05T17:22:19.006+0000] {processor.py:840} INFO - DAG(s) '2_python' retrieved from /opt/airflow/dags/2_python.py
[2024-02-05T17:22:19.076+0000] {logging_mixin.py:188} INFO - [2024-02-05T17:22:19.075+0000] {dag.py:3036} INFO - Sync 1 DAGs
[2024-02-05T17:22:19.128+0000] {logging_mixin.py:188} INFO - [2024-02-05T17:22:19.127+0000] {dag.py:3823} INFO - Setting next_dagrun for 2_python to 2024-02-05 00:00:00+00:00, run_after=2024-02-06 00:00:00+00:00
[2024-02-05T17:22:19.188+0000] {processor.py:183} INFO - Processing /opt/airflow/dags/2_python.py took 0.248 seconds
[2024-02-05T17:22:49.311+0000] {processor.py:161} INFO - Started process (PID=4792) to work on /opt/airflow/dags/2_python.py
[2024-02-05T17:22:49.313+0000] {processor.py:830} INFO - Processing file /opt/airflow/dags/2_python.py for tasks to queue
[2024-02-05T17:22:49.314+0000] {logging_mixin.py:188} INFO - [2024-02-05T17:22:49.314+0000] {dagbag.py:538} INFO - Filling up the DagBag from /opt/airflow/dags/2_python.py
[2024-02-05T17:22:49.357+0000] {processor.py:840} INFO - DAG(s) '2_python' retrieved from /opt/airflow/dags/2_python.py
[2024-02-05T17:22:49.402+0000] {logging_mixin.py:188} INFO - [2024-02-05T17:22:49.400+0000] {dag.py:3036} INFO - Sync 1 DAGs
[2024-02-05T17:22:49.438+0000] {logging_mixin.py:188} INFO - [2024-02-05T17:22:49.438+0000] {dag.py:3823} INFO - Setting next_dagrun for 2_python to 2024-02-05 00:00:00+00:00, run_after=2024-02-06 00:00:00+00:00
[2024-02-05T17:22:49.471+0000] {processor.py:183} INFO - Processing /opt/airflow/dags/2_python.py took 0.163 seconds
[2024-02-05T17:23:19.662+0000] {processor.py:161} INFO - Started process (PID=4808) to work on /opt/airflow/dags/2_python.py
[2024-02-05T17:23:19.663+0000] {processor.py:830} INFO - Processing file /opt/airflow/dags/2_python.py for tasks to queue
[2024-02-05T17:23:19.664+0000] {logging_mixin.py:188} INFO - [2024-02-05T17:23:19.664+0000] {dagbag.py:538} INFO - Filling up the DagBag from /opt/airflow/dags/2_python.py
[2024-02-05T17:23:19.710+0000] {processor.py:840} INFO - DAG(s) '2_python' retrieved from /opt/airflow/dags/2_python.py
[2024-02-05T17:23:19.748+0000] {logging_mixin.py:188} INFO - [2024-02-05T17:23:19.747+0000] {dag.py:3036} INFO - Sync 1 DAGs
[2024-02-05T17:23:19.782+0000] {logging_mixin.py:188} INFO - [2024-02-05T17:23:19.781+0000] {dag.py:3823} INFO - Setting next_dagrun for 2_python to 2024-02-05 00:00:00+00:00, run_after=2024-02-06 00:00:00+00:00
[2024-02-05T17:23:19.825+0000] {processor.py:183} INFO - Processing /opt/airflow/dags/2_python.py took 0.167 seconds
[2024-02-05T17:23:50.187+0000] {processor.py:161} INFO - Started process (PID=4824) to work on /opt/airflow/dags/2_python.py
[2024-02-05T17:23:50.188+0000] {processor.py:830} INFO - Processing file /opt/airflow/dags/2_python.py for tasks to queue
[2024-02-05T17:23:50.189+0000] {logging_mixin.py:188} INFO - [2024-02-05T17:23:50.189+0000] {dagbag.py:538} INFO - Filling up the DagBag from /opt/airflow/dags/2_python.py
[2024-02-05T17:23:50.211+0000] {processor.py:840} INFO - DAG(s) '2_python' retrieved from /opt/airflow/dags/2_python.py
[2024-02-05T17:23:50.237+0000] {logging_mixin.py:188} INFO - [2024-02-05T17:23:50.236+0000] {dag.py:3036} INFO - Sync 1 DAGs
[2024-02-05T17:23:50.259+0000] {logging_mixin.py:188} INFO - [2024-02-05T17:23:50.259+0000] {dag.py:3823} INFO - Setting next_dagrun for 2_python to 2024-02-05 00:00:00+00:00, run_after=2024-02-06 00:00:00+00:00
[2024-02-05T17:23:50.282+0000] {processor.py:183} INFO - Processing /opt/airflow/dags/2_python.py took 0.098 seconds
[2024-02-05T17:24:20.596+0000] {processor.py:161} INFO - Started process (PID=4840) to work on /opt/airflow/dags/2_python.py
[2024-02-05T17:24:20.597+0000] {processor.py:830} INFO - Processing file /opt/airflow/dags/2_python.py for tasks to queue
[2024-02-05T17:24:20.599+0000] {logging_mixin.py:188} INFO - [2024-02-05T17:24:20.598+0000] {dagbag.py:538} INFO - Filling up the DagBag from /opt/airflow/dags/2_python.py
[2024-02-05T17:24:20.658+0000] {processor.py:840} INFO - DAG(s) '2_python' retrieved from /opt/airflow/dags/2_python.py
[2024-02-05T17:24:20.703+0000] {logging_mixin.py:188} INFO - [2024-02-05T17:24:20.703+0000] {dag.py:3036} INFO - Sync 1 DAGs
[2024-02-05T17:24:20.740+0000] {logging_mixin.py:188} INFO - [2024-02-05T17:24:20.739+0000] {dag.py:3823} INFO - Setting next_dagrun for 2_python to 2024-02-05 00:00:00+00:00, run_after=2024-02-06 00:00:00+00:00
[2024-02-05T17:24:20.768+0000] {processor.py:183} INFO - Processing /opt/airflow/dags/2_python.py took 0.177 seconds
[2024-02-05T17:24:51.079+0000] {processor.py:161} INFO - Started process (PID=4856) to work on /opt/airflow/dags/2_python.py
[2024-02-05T17:24:51.080+0000] {processor.py:830} INFO - Processing file /opt/airflow/dags/2_python.py for tasks to queue
[2024-02-05T17:24:51.082+0000] {logging_mixin.py:188} INFO - [2024-02-05T17:24:51.081+0000] {dagbag.py:538} INFO - Filling up the DagBag from /opt/airflow/dags/2_python.py
[2024-02-05T17:24:51.107+0000] {processor.py:840} INFO - DAG(s) '2_python' retrieved from /opt/airflow/dags/2_python.py
[2024-02-05T17:24:51.151+0000] {logging_mixin.py:188} INFO - [2024-02-05T17:24:51.151+0000] {dag.py:3036} INFO - Sync 1 DAGs
[2024-02-05T17:24:51.179+0000] {logging_mixin.py:188} INFO - [2024-02-05T17:24:51.179+0000] {dag.py:3823} INFO - Setting next_dagrun for 2_python to 2024-02-05 00:00:00+00:00, run_after=2024-02-06 00:00:00+00:00
[2024-02-05T17:24:51.199+0000] {processor.py:183} INFO - Processing /opt/airflow/dags/2_python.py took 0.123 seconds
