[2024-02-08T08:53:09.922+0000] {taskinstance.py:1956} INFO - Dependencies all met for dep_context=non-requeueable deps ti=<TaskInstance: 6_postgres.delete_data_from_table scheduled__2024-02-07T00:00:00+00:00 [queued]>
[2024-02-08T08:53:09.948+0000] {taskinstance.py:1956} INFO - Dependencies all met for dep_context=requeueable deps ti=<TaskInstance: 6_postgres.delete_data_from_table scheduled__2024-02-07T00:00:00+00:00 [queued]>
[2024-02-08T08:53:09.950+0000] {taskinstance.py:2170} INFO - Starting attempt 1 of 6
[2024-02-08T08:53:10.015+0000] {taskinstance.py:2191} INFO - Executing <Task(PostgresOperator): delete_data_from_table> on 2024-02-07 00:00:00+00:00
[2024-02-08T08:53:10.029+0000] {standard_task_runner.py:60} INFO - Started process 7342 to run task
[2024-02-08T08:53:10.047+0000] {standard_task_runner.py:87} INFO - Running: ['***', 'tasks', 'run', '6_postgres', 'delete_data_from_table', 'scheduled__2024-02-07T00:00:00+00:00', '--job-id', '98', '--raw', '--subdir', 'DAGS_FOLDER/6_postgres.py', '--cfg-path', '/tmp/tmp8smi8o5a']
[2024-02-08T08:53:10.054+0000] {standard_task_runner.py:88} INFO - Job 98: Subtask delete_data_from_table
[2024-02-08T08:53:10.235+0000] {task_command.py:423} INFO - Running <TaskInstance: 6_postgres.delete_data_from_table scheduled__2024-02-07T00:00:00+00:00 [running]> on host 8c35f9d61d9d
[2024-02-08T08:53:10.498+0000] {taskinstance.py:2480} INFO - Exporting env vars: AIRFLOW_CTX_DAG_OWNER='cardthp' AIRFLOW_CTX_DAG_ID='6_postgres' AIRFLOW_CTX_TASK_ID='delete_data_from_table' AIRFLOW_CTX_EXECUTION_DATE='2024-02-07T00:00:00+00:00' AIRFLOW_CTX_TRY_NUMBER='1' AIRFLOW_CTX_DAG_RUN_ID='scheduled__2024-02-07T00:00:00+00:00'
[2024-02-08T08:53:10.505+0000] {sql.py:276} INFO - Executing: 
            delete from dag_runs where dt = '2024-02-07' and dag_id = '6_postgres';
        
[2024-02-08T08:53:10.528+0000] {base.py:83} INFO - Using connection ID 'postgres_localhost' for task execution.
[2024-02-08T08:53:10.556+0000] {base.py:83} INFO - Using connection ID 'postgres_localhost' for task execution.
[2024-02-08T08:53:10.585+0000] {sql.py:450} INFO - Running statement: 
            delete from dag_runs where dt = '2024-02-07' and dag_id = '6_postgres';
        , parameters: None
[2024-02-08T08:53:10.594+0000] {sql.py:459} INFO - Rows affected: 0
[2024-02-08T08:53:10.633+0000] {taskinstance.py:1138} INFO - Marking task as SUCCESS. dag_id=6_postgres, task_id=delete_data_from_table, execution_date=20240207T000000, start_date=20240208T085309, end_date=20240208T085310
[2024-02-08T08:53:10.697+0000] {local_task_job_runner.py:234} INFO - Task exited with return code 0
[2024-02-08T08:53:10.757+0000] {taskinstance.py:3280} INFO - 1 downstream tasks scheduled from follow-on schedule check
[2024-02-08T08:59:03.231+0000] {taskinstance.py:1956} INFO - Dependencies all met for dep_context=non-requeueable deps ti=<TaskInstance: 6_postgres.delete_data_from_table scheduled__2024-02-07T00:00:00+00:00 [queued]>
[2024-02-08T08:59:03.240+0000] {taskinstance.py:1956} INFO - Dependencies all met for dep_context=requeueable deps ti=<TaskInstance: 6_postgres.delete_data_from_table scheduled__2024-02-07T00:00:00+00:00 [queued]>
[2024-02-08T08:59:03.241+0000] {taskinstance.py:2170} INFO - Starting attempt 1 of 6
[2024-02-08T08:59:03.256+0000] {taskinstance.py:2191} INFO - Executing <Task(PostgresOperator): delete_data_from_table> on 2024-02-07 00:00:00+00:00
[2024-02-08T08:59:03.260+0000] {standard_task_runner.py:60} INFO - Started process 7790 to run task
[2024-02-08T08:59:03.263+0000] {standard_task_runner.py:87} INFO - Running: ['***', 'tasks', 'run', '6_postgres', 'delete_data_from_table', 'scheduled__2024-02-07T00:00:00+00:00', '--job-id', '108', '--raw', '--subdir', 'DAGS_FOLDER/6_postgres.py', '--cfg-path', '/tmp/tmpwr92op2m']
[2024-02-08T08:59:03.265+0000] {standard_task_runner.py:88} INFO - Job 108: Subtask delete_data_from_table
[2024-02-08T08:59:03.315+0000] {task_command.py:423} INFO - Running <TaskInstance: 6_postgres.delete_data_from_table scheduled__2024-02-07T00:00:00+00:00 [running]> on host 8c35f9d61d9d
[2024-02-08T08:59:03.396+0000] {taskinstance.py:2480} INFO - Exporting env vars: AIRFLOW_CTX_DAG_OWNER='cardthp' AIRFLOW_CTX_DAG_ID='6_postgres' AIRFLOW_CTX_TASK_ID='delete_data_from_table' AIRFLOW_CTX_EXECUTION_DATE='2024-02-07T00:00:00+00:00' AIRFLOW_CTX_TRY_NUMBER='1' AIRFLOW_CTX_DAG_RUN_ID='scheduled__2024-02-07T00:00:00+00:00'
[2024-02-08T08:59:03.398+0000] {sql.py:276} INFO - Executing: 
            delete from dag_runs where dt = '2024-02-07' and dag_id = '6_postgres';
        
[2024-02-08T08:59:03.406+0000] {base.py:83} INFO - Using connection ID 'postgres_localhost' for task execution.
[2024-02-08T08:59:03.414+0000] {base.py:83} INFO - Using connection ID 'postgres_localhost' for task execution.
[2024-02-08T08:59:03.425+0000] {sql.py:450} INFO - Running statement: 
            delete from dag_runs where dt = '2024-02-07' and dag_id = '6_postgres';
        , parameters: None
[2024-02-08T08:59:03.429+0000] {sql.py:459} INFO - Rows affected: 1
[2024-02-08T08:59:03.441+0000] {taskinstance.py:1138} INFO - Marking task as SUCCESS. dag_id=6_postgres, task_id=delete_data_from_table, execution_date=20240207T000000, start_date=20240208T085903, end_date=20240208T085903
[2024-02-08T08:59:03.476+0000] {local_task_job_runner.py:234} INFO - Task exited with return code 0
[2024-02-08T08:59:03.498+0000] {taskinstance.py:3280} INFO - 1 downstream tasks scheduled from follow-on schedule check
