[2024-02-09T06:32:30.044+0000] {taskinstance.py:1956} INFO - Dependencies all met for dep_context=non-requeueable deps ti=<TaskInstance: 8_minio.sensor_minio_s3 scheduled__2024-02-07T00:00:00+00:00 [queued]>
[2024-02-09T06:32:30.062+0000] {taskinstance.py:1956} INFO - Dependencies all met for dep_context=requeueable deps ti=<TaskInstance: 8_minio.sensor_minio_s3 scheduled__2024-02-07T00:00:00+00:00 [queued]>
[2024-02-09T06:32:30.063+0000] {taskinstance.py:2170} INFO - Starting attempt 1 of 6
[2024-02-09T06:32:30.100+0000] {taskinstance.py:2191} INFO - Executing <Task(S3KeySensor): sensor_minio_s3> on 2024-02-07 00:00:00+00:00
[2024-02-09T06:32:30.115+0000] {standard_task_runner.py:60} INFO - Started process 15332 to run task
[2024-02-09T06:32:30.127+0000] {standard_task_runner.py:87} INFO - Running: ['***', 'tasks', 'run', '8_minio', 'sensor_minio_s3', 'scheduled__2024-02-07T00:00:00+00:00', '--job-id', '119', '--raw', '--subdir', 'DAGS_FOLDER/8_minio.py', '--cfg-path', '/tmp/tmp9np_ugt0']
[2024-02-09T06:32:30.131+0000] {standard_task_runner.py:88} INFO - Job 119: Subtask sensor_minio_s3
[2024-02-09T06:32:30.246+0000] {task_command.py:423} INFO - Running <TaskInstance: 8_minio.sensor_minio_s3 scheduled__2024-02-07T00:00:00+00:00 [running]> on host b508da3c4080
[2024-02-09T06:32:30.468+0000] {taskinstance.py:2480} INFO - Exporting env vars: AIRFLOW_CTX_DAG_OWNER='cardthp' AIRFLOW_CTX_DAG_ID='8_minio' AIRFLOW_CTX_TASK_ID='sensor_minio_s3' AIRFLOW_CTX_EXECUTION_DATE='2024-02-07T00:00:00+00:00' AIRFLOW_CTX_TRY_NUMBER='1' AIRFLOW_CTX_DAG_RUN_ID='scheduled__2024-02-07T00:00:00+00:00'
[2024-02-09T06:32:30.470+0000] {s3.py:106} INFO - Poking for key : s3://***/data.csv
[2024-02-09T06:32:30.492+0000] {base_aws.py:581} WARNING - Unable to find AWS Connection ID 'minio_conn', switching to empty.
[2024-02-09T06:32:30.494+0000] {base_aws.py:161} INFO - No connection ID provided. Fallback on boto3 credential strategy (region_name=None). See: https://boto3.amazonaws.com/v1/documentation/api/latest/guide/configuration.html
[2024-02-09T06:32:32.338+0000] {taskinstance.py:2698} ERROR - Task failed with exception
Traceback (most recent call last):
  File "/home/airflow/.local/lib/python3.8/site-packages/airflow/models/taskinstance.py", line 433, in _execute_task
    result = execute_callable(context=context, **execute_callable_kwargs)
  File "/home/airflow/.local/lib/python3.8/site-packages/airflow/providers/amazon/aws/sensors/s3.py", line 144, in execute
    super().execute(context)
  File "/home/airflow/.local/lib/python3.8/site-packages/airflow/sensors/base.py", line 265, in execute
    raise e
  File "/home/airflow/.local/lib/python3.8/site-packages/airflow/sensors/base.py", line 247, in execute
    poke_return = self.poke(context)
  File "/home/airflow/.local/lib/python3.8/site-packages/airflow/providers/amazon/aws/sensors/s3.py", line 137, in poke
    return self._check_key(self.bucket_key)
  File "/home/airflow/.local/lib/python3.8/site-packages/airflow/providers/amazon/aws/sensors/s3.py", line 125, in _check_key
    obj = self.hook.head_object(key, bucket_name)
  File "/home/airflow/.local/lib/python3.8/site-packages/airflow/providers/amazon/aws/hooks/s3.py", line 137, in wrapper
    return func(*bound_args.args, **bound_args.kwargs)
  File "/home/airflow/.local/lib/python3.8/site-packages/airflow/providers/amazon/aws/hooks/s3.py", line 91, in wrapper
    return func(*bound_args.args, **bound_args.kwargs)
  File "/home/airflow/.local/lib/python3.8/site-packages/airflow/providers/amazon/aws/hooks/s3.py", line 887, in head_object
    return self.get_conn().head_object(Bucket=bucket_name, Key=key)
  File "/home/airflow/.local/lib/python3.8/site-packages/botocore/client.py", line 553, in _api_call
    return self._make_api_call(operation_name, kwargs)
  File "/home/airflow/.local/lib/python3.8/site-packages/botocore/client.py", line 989, in _make_api_call
    http, parsed_response = self._make_request(
  File "/home/airflow/.local/lib/python3.8/site-packages/botocore/client.py", line 1015, in _make_request
    return self._endpoint.make_request(operation_model, request_dict)
  File "/home/airflow/.local/lib/python3.8/site-packages/botocore/endpoint.py", line 119, in make_request
    return self._send_request(request_dict, operation_model)
  File "/home/airflow/.local/lib/python3.8/site-packages/botocore/endpoint.py", line 198, in _send_request
    request = self.create_request(request_dict, operation_model)
  File "/home/airflow/.local/lib/python3.8/site-packages/botocore/endpoint.py", line 134, in create_request
    self._event_emitter.emit(
  File "/home/airflow/.local/lib/python3.8/site-packages/botocore/hooks.py", line 412, in emit
    return self._emitter.emit(aliased_event_name, **kwargs)
  File "/home/airflow/.local/lib/python3.8/site-packages/botocore/hooks.py", line 256, in emit
    return self._emit(event_name, kwargs)
  File "/home/airflow/.local/lib/python3.8/site-packages/botocore/hooks.py", line 239, in _emit
    response = handler(**kwargs)
  File "/home/airflow/.local/lib/python3.8/site-packages/botocore/signers.py", line 105, in handler
    return self.sign(operation_name, request)
  File "/home/airflow/.local/lib/python3.8/site-packages/botocore/signers.py", line 195, in sign
    auth.add_auth(request)
  File "/home/airflow/.local/lib/python3.8/site-packages/botocore/auth.py", line 418, in add_auth
    raise NoCredentialsError()
botocore.exceptions.NoCredentialsError: Unable to locate credentials
[2024-02-09T06:32:32.355+0000] {taskinstance.py:1138} INFO - Marking task as UP_FOR_RETRY. dag_id=8_minio, task_id=sensor_minio_s3, execution_date=20240207T000000, start_date=20240209T063230, end_date=20240209T063232
[2024-02-09T06:32:32.391+0000] {standard_task_runner.py:107} ERROR - Failed to execute job 119 for task sensor_minio_s3 (Unable to locate credentials; 15332)
[2024-02-09T06:32:32.454+0000] {local_task_job_runner.py:234} INFO - Task exited with return code 1
[2024-02-09T06:32:32.484+0000] {taskinstance.py:3280} INFO - 0 downstream tasks scheduled from follow-on schedule check
[2024-02-09T06:41:01.699+0000] {taskinstance.py:1956} INFO - Dependencies all met for dep_context=non-requeueable deps ti=<TaskInstance: 8_minio.sensor_minio_s3 scheduled__2024-02-07T00:00:00+00:00 [queued]>
[2024-02-09T06:41:01.742+0000] {taskinstance.py:1956} INFO - Dependencies all met for dep_context=requeueable deps ti=<TaskInstance: 8_minio.sensor_minio_s3 scheduled__2024-02-07T00:00:00+00:00 [queued]>
[2024-02-09T06:41:01.746+0000] {taskinstance.py:2170} INFO - Starting attempt 1 of 6
[2024-02-09T06:41:01.801+0000] {taskinstance.py:2191} INFO - Executing <Task(S3KeySensor): sensor_minio_s3> on 2024-02-07 00:00:00+00:00
[2024-02-09T06:41:01.812+0000] {standard_task_runner.py:60} INFO - Started process 16220 to run task
[2024-02-09T06:41:01.821+0000] {standard_task_runner.py:87} INFO - Running: ['***', 'tasks', 'run', '8_minio', 'sensor_minio_s3', 'scheduled__2024-02-07T00:00:00+00:00', '--job-id', '126', '--raw', '--subdir', 'DAGS_FOLDER/8_minio.py', '--cfg-path', '/tmp/tmpz96c404i']
[2024-02-09T06:41:01.830+0000] {standard_task_runner.py:88} INFO - Job 126: Subtask sensor_minio_s3
[2024-02-09T06:41:01.976+0000] {task_command.py:423} INFO - Running <TaskInstance: 8_minio.sensor_minio_s3 scheduled__2024-02-07T00:00:00+00:00 [running]> on host b508da3c4080
[2024-02-09T06:41:02.181+0000] {taskinstance.py:2480} INFO - Exporting env vars: AIRFLOW_CTX_DAG_OWNER='cardthp' AIRFLOW_CTX_DAG_ID='8_minio' AIRFLOW_CTX_TASK_ID='sensor_minio_s3' AIRFLOW_CTX_EXECUTION_DATE='2024-02-07T00:00:00+00:00' AIRFLOW_CTX_TRY_NUMBER='1' AIRFLOW_CTX_DAG_RUN_ID='scheduled__2024-02-07T00:00:00+00:00'
[2024-02-09T06:41:02.183+0000] {s3.py:106} INFO - Poking for key : s3://***/data.csv
[2024-02-09T06:41:02.200+0000] {base.py:83} INFO - Using connection ID 'minio_conn' for task execution.
[2024-02-09T06:41:02.202+0000] {connection_wrapper.py:378} INFO - AWS Connection (conn_id='minio_conn', conn_type='aws') credentials retrieved from login and password.
[2024-02-09T06:41:02.213+0000] {logging_mixin.py:188} WARNING - <string>:9 AirflowProviderDeprecationWarning: extra['host'] is deprecated and will be removed in a future release. Please set extra['endpoint_url'] instead
[2024-02-09T06:41:03.237+0000] {base.py:295} INFO - Success criteria met. Exiting.
[2024-02-09T06:41:03.257+0000] {taskinstance.py:1138} INFO - Marking task as SUCCESS. dag_id=8_minio, task_id=sensor_minio_s3, execution_date=20240207T000000, start_date=20240209T064101, end_date=20240209T064103
[2024-02-09T06:41:03.321+0000] {local_task_job_runner.py:234} INFO - Task exited with return code 0
[2024-02-09T06:41:03.353+0000] {taskinstance.py:3280} INFO - 0 downstream tasks scheduled from follow-on schedule check
