[2024-02-08T08:53:09.867+0000] {taskinstance.py:1956} INFO - Dependencies all met for dep_context=non-requeueable deps ti=<TaskInstance: 6_postgres.insert_into_table manual__2024-02-08T08:53:03.580229+00:00 [queued]>
[2024-02-08T08:53:09.915+0000] {taskinstance.py:1956} INFO - Dependencies all met for dep_context=requeueable deps ti=<TaskInstance: 6_postgres.insert_into_table manual__2024-02-08T08:53:03.580229+00:00 [queued]>
[2024-02-08T08:53:09.916+0000] {taskinstance.py:2170} INFO - Starting attempt 1 of 6
[2024-02-08T08:53:10.014+0000] {taskinstance.py:2191} INFO - Executing <Task(PostgresOperator): insert_into_table> on 2024-02-08 08:53:03.580229+00:00
[2024-02-08T08:53:10.028+0000] {standard_task_runner.py:60} INFO - Started process 7341 to run task
[2024-02-08T08:53:10.048+0000] {standard_task_runner.py:87} INFO - Running: ['***', 'tasks', 'run', '6_postgres', 'insert_into_table', 'manual__2024-02-08T08:53:03.580229+00:00', '--job-id', '100', '--raw', '--subdir', 'DAGS_FOLDER/6_postgres.py', '--cfg-path', '/tmp/tmpns24qrv3']
[2024-02-08T08:53:10.058+0000] {standard_task_runner.py:88} INFO - Job 100: Subtask insert_into_table
[2024-02-08T08:53:10.227+0000] {task_command.py:423} INFO - Running <TaskInstance: 6_postgres.insert_into_table manual__2024-02-08T08:53:03.580229+00:00 [running]> on host 8c35f9d61d9d
[2024-02-08T08:53:10.490+0000] {taskinstance.py:2480} INFO - Exporting env vars: AIRFLOW_CTX_DAG_OWNER='cardthp' AIRFLOW_CTX_DAG_ID='6_postgres' AIRFLOW_CTX_TASK_ID='insert_into_table' AIRFLOW_CTX_EXECUTION_DATE='2024-02-08T08:53:03.580229+00:00' AIRFLOW_CTX_TRY_NUMBER='1' AIRFLOW_CTX_DAG_RUN_ID='manual__2024-02-08T08:53:03.580229+00:00'
[2024-02-08T08:53:10.493+0000] {sql.py:276} INFO - Executing: 
            insert into dag_runs (dt, dag_id) values ('2024-02-08', '6_postgres')
        
[2024-02-08T08:53:10.525+0000] {base.py:83} INFO - Using connection ID 'postgres_localhost' for task execution.
[2024-02-08T08:53:10.555+0000] {base.py:83} INFO - Using connection ID 'postgres_localhost' for task execution.
[2024-02-08T08:53:10.597+0000] {sql.py:450} INFO - Running statement: 
            insert into dag_runs (dt, dag_id) values ('2024-02-08', '6_postgres')
        , parameters: None
[2024-02-08T08:53:10.614+0000] {sql.py:459} INFO - Rows affected: 1
[2024-02-08T08:53:10.651+0000] {taskinstance.py:1138} INFO - Marking task as SUCCESS. dag_id=6_postgres, task_id=insert_into_table, execution_date=20240208T085303, start_date=20240208T085309, end_date=20240208T085310
[2024-02-08T08:53:10.724+0000] {local_task_job_runner.py:234} INFO - Task exited with return code 0
[2024-02-08T08:53:10.771+0000] {taskinstance.py:3280} INFO - 0 downstream tasks scheduled from follow-on schedule check
