[2024-02-08T08:53:04.867+0000] {taskinstance.py:1956} INFO - Dependencies all met for dep_context=non-requeueable deps ti=<TaskInstance: 6_postgres.create_postgres_table scheduled__2024-01-31T00:00:00+00:00 [queued]>
[2024-02-08T08:53:04.895+0000] {taskinstance.py:1956} INFO - Dependencies all met for dep_context=requeueable deps ti=<TaskInstance: 6_postgres.create_postgres_table scheduled__2024-01-31T00:00:00+00:00 [queued]>
[2024-02-08T08:53:04.897+0000] {taskinstance.py:2170} INFO - Starting attempt 1 of 6
[2024-02-08T08:53:04.948+0000] {taskinstance.py:2191} INFO - Executing <Task(PostgresOperator): create_postgres_table> on 2024-01-31 00:00:00+00:00
[2024-02-08T08:53:04.957+0000] {standard_task_runner.py:60} INFO - Started process 7297 to run task
[2024-02-08T08:53:04.967+0000] {standard_task_runner.py:87} INFO - Running: ['***', 'tasks', 'run', '6_postgres', 'create_postgres_table', 'scheduled__2024-01-31T00:00:00+00:00', '--job-id', '83', '--raw', '--subdir', 'DAGS_FOLDER/6_postgres.py', '--cfg-path', '/tmp/tmp88idcd_l']
[2024-02-08T08:53:04.978+0000] {standard_task_runner.py:88} INFO - Job 83: Subtask create_postgres_table
[2024-02-08T08:53:05.137+0000] {task_command.py:423} INFO - Running <TaskInstance: 6_postgres.create_postgres_table scheduled__2024-01-31T00:00:00+00:00 [running]> on host 8c35f9d61d9d
[2024-02-08T08:53:05.382+0000] {taskinstance.py:2480} INFO - Exporting env vars: AIRFLOW_CTX_DAG_OWNER='cardthp' AIRFLOW_CTX_DAG_ID='6_postgres' AIRFLOW_CTX_TASK_ID='create_postgres_table' AIRFLOW_CTX_EXECUTION_DATE='2024-01-31T00:00:00+00:00' AIRFLOW_CTX_TRY_NUMBER='1' AIRFLOW_CTX_DAG_RUN_ID='scheduled__2024-01-31T00:00:00+00:00'
[2024-02-08T08:53:05.390+0000] {sql.py:276} INFO - Executing: 
            create table if not exists dag_runs (
                dt date,
                dag_id character varying,
                primary key (dt, dag_id)
            )
        
[2024-02-08T08:53:05.411+0000] {base.py:83} INFO - Using connection ID 'postgres_localhost' for task execution.
[2024-02-08T08:53:05.446+0000] {base.py:83} INFO - Using connection ID 'postgres_localhost' for task execution.
[2024-02-08T08:53:05.498+0000] {sql.py:450} INFO - Running statement: 
            create table if not exists dag_runs (
                dt date,
                dag_id character varying,
                primary key (dt, dag_id)
            )
        , parameters: None
[2024-02-08T08:53:05.551+0000] {taskinstance.py:2698} ERROR - Task failed with exception
Traceback (most recent call last):
  File "/home/airflow/.local/lib/python3.8/site-packages/airflow/models/taskinstance.py", line 433, in _execute_task
    result = execute_callable(context=context, **execute_callable_kwargs)
  File "/home/airflow/.local/lib/python3.8/site-packages/airflow/providers/common/sql/operators/sql.py", line 282, in execute
    output = hook.run(
  File "/home/airflow/.local/lib/python3.8/site-packages/airflow/providers/common/sql/hooks/sql.py", line 398, in run
    self._run_command(cur, sql_statement, parameters)
  File "/home/airflow/.local/lib/python3.8/site-packages/airflow/providers/common/sql/hooks/sql.py", line 455, in _run_command
    cur.execute(sql_statement)
psycopg2.errors.UniqueViolation: duplicate key value violates unique constraint "pg_type_typname_nsp_index"
DETAIL:  Key (typname, typnamespace)=(dag_runs, 2200) already exists.

[2024-02-08T08:53:05.598+0000] {taskinstance.py:1138} INFO - Marking task as UP_FOR_RETRY. dag_id=6_postgres, task_id=create_postgres_table, execution_date=20240131T000000, start_date=20240208T085304, end_date=20240208T085305
[2024-02-08T08:53:05.641+0000] {standard_task_runner.py:107} ERROR - Failed to execute job 83 for task create_postgres_table (duplicate key value violates unique constraint "pg_type_typname_nsp_index"
DETAIL:  Key (typname, typnamespace)=(dag_runs, 2200) already exists.
; 7297)
[2024-02-08T08:53:05.704+0000] {local_task_job_runner.py:234} INFO - Task exited with return code 1
[2024-02-08T08:53:05.928+0000] {taskinstance.py:3280} INFO - 0 downstream tasks scheduled from follow-on schedule check
