[2024-02-08T08:53:11.727+0000] {taskinstance.py:1956} INFO - Dependencies all met for dep_context=non-requeueable deps ti=<TaskInstance: 6_postgres.insert_into_table scheduled__2024-02-06T00:00:00+00:00 [queued]>
[2024-02-08T08:53:11.752+0000] {taskinstance.py:1956} INFO - Dependencies all met for dep_context=requeueable deps ti=<TaskInstance: 6_postgres.insert_into_table scheduled__2024-02-06T00:00:00+00:00 [queued]>
[2024-02-08T08:53:11.754+0000] {taskinstance.py:2170} INFO - Starting attempt 1 of 6
[2024-02-08T08:53:11.780+0000] {taskinstance.py:2191} INFO - Executing <Task(PostgresOperator): insert_into_table> on 2024-02-06 00:00:00+00:00
[2024-02-08T08:53:11.788+0000] {standard_task_runner.py:60} INFO - Started process 7356 to run task
[2024-02-08T08:53:11.793+0000] {standard_task_runner.py:87} INFO - Running: ['***', 'tasks', 'run', '6_postgres', 'insert_into_table', 'scheduled__2024-02-06T00:00:00+00:00', '--job-id', '106', '--raw', '--subdir', 'DAGS_FOLDER/6_postgres.py', '--cfg-path', '/tmp/tmpea_l0fwq']
[2024-02-08T08:53:11.797+0000] {standard_task_runner.py:88} INFO - Job 106: Subtask insert_into_table
[2024-02-08T08:53:11.879+0000] {task_command.py:423} INFO - Running <TaskInstance: 6_postgres.insert_into_table scheduled__2024-02-06T00:00:00+00:00 [running]> on host 8c35f9d61d9d
[2024-02-08T08:53:12.094+0000] {taskinstance.py:2480} INFO - Exporting env vars: AIRFLOW_CTX_DAG_OWNER='cardthp' AIRFLOW_CTX_DAG_ID='6_postgres' AIRFLOW_CTX_TASK_ID='insert_into_table' AIRFLOW_CTX_EXECUTION_DATE='2024-02-06T00:00:00+00:00' AIRFLOW_CTX_TRY_NUMBER='1' AIRFLOW_CTX_DAG_RUN_ID='scheduled__2024-02-06T00:00:00+00:00'
[2024-02-08T08:53:12.095+0000] {sql.py:276} INFO - Executing: 
            insert into dag_runs (dt, dag_id) values ('2024-02-06', '6_postgres')
        
[2024-02-08T08:53:12.113+0000] {base.py:83} INFO - Using connection ID 'postgres_localhost' for task execution.
[2024-02-08T08:53:12.131+0000] {base.py:83} INFO - Using connection ID 'postgres_localhost' for task execution.
[2024-02-08T08:53:12.192+0000] {sql.py:450} INFO - Running statement: 
            insert into dag_runs (dt, dag_id) values ('2024-02-06', '6_postgres')
        , parameters: None
[2024-02-08T08:53:12.200+0000] {sql.py:459} INFO - Rows affected: 1
[2024-02-08T08:53:12.229+0000] {taskinstance.py:1138} INFO - Marking task as SUCCESS. dag_id=6_postgres, task_id=insert_into_table, execution_date=20240206T000000, start_date=20240208T085311, end_date=20240208T085312
[2024-02-08T08:53:12.287+0000] {local_task_job_runner.py:234} INFO - Task exited with return code 0
[2024-02-08T08:53:12.317+0000] {taskinstance.py:3280} INFO - 0 downstream tasks scheduled from follow-on schedule check
