[2024-02-08T10:04:55.308+0000] {processor.py:161} INFO - Started process (PID=535) to work on /opt/airflow/dags/7_python_dependencies.py
[2024-02-08T10:04:55.310+0000] {processor.py:830} INFO - Processing file /opt/airflow/dags/7_python_dependencies.py for tasks to queue
[2024-02-08T10:04:55.312+0000] {logging_mixin.py:188} INFO - [2024-02-08T10:04:55.312+0000] {dagbag.py:538} INFO - Filling up the DagBag from /opt/airflow/dags/7_python_dependencies.py
[2024-02-08T10:04:55.376+0000] {processor.py:840} INFO - DAG(s) '7_python_dependencies' retrieved from /opt/airflow/dags/7_python_dependencies.py
[2024-02-08T10:04:55.820+0000] {logging_mixin.py:188} INFO - [2024-02-08T10:04:55.819+0000] {override.py:1769} INFO - Created Permission View: can edit on DAG:7_python_dependencies
[2024-02-08T10:04:55.841+0000] {logging_mixin.py:188} INFO - [2024-02-08T10:04:55.840+0000] {override.py:1769} INFO - Created Permission View: can read on DAG:7_python_dependencies
[2024-02-08T10:04:55.856+0000] {logging_mixin.py:188} INFO - [2024-02-08T10:04:55.855+0000] {override.py:1769} INFO - Created Permission View: can delete on DAG:7_python_dependencies
[2024-02-08T10:04:55.857+0000] {logging_mixin.py:188} INFO - [2024-02-08T10:04:55.857+0000] {dag.py:3036} INFO - Sync 1 DAGs
[2024-02-08T10:04:55.883+0000] {logging_mixin.py:188} INFO - [2024-02-08T10:04:55.882+0000] {dag.py:3058} INFO - Creating ORM DAG for 7_python_dependencies
[2024-02-08T10:04:55.906+0000] {logging_mixin.py:188} INFO - [2024-02-08T10:04:55.906+0000] {dag.py:3823} INFO - Setting next_dagrun for 7_python_dependencies to 2024-02-07 00:00:00+00:00, run_after=2024-02-08 00:00:00+00:00
[2024-02-08T10:04:55.944+0000] {processor.py:183} INFO - Processing /opt/airflow/dags/7_python_dependencies.py took 0.642 seconds
[2024-02-08T10:05:26.225+0000] {processor.py:161} INFO - Started process (PID=576) to work on /opt/airflow/dags/7_python_dependencies.py
[2024-02-08T10:05:26.227+0000] {processor.py:830} INFO - Processing file /opt/airflow/dags/7_python_dependencies.py for tasks to queue
[2024-02-08T10:05:26.230+0000] {logging_mixin.py:188} INFO - [2024-02-08T10:05:26.230+0000] {dagbag.py:538} INFO - Filling up the DagBag from /opt/airflow/dags/7_python_dependencies.py
[2024-02-08T10:05:26.290+0000] {processor.py:840} INFO - DAG(s) '7_python_dependencies' retrieved from /opt/airflow/dags/7_python_dependencies.py
[2024-02-08T10:05:26.358+0000] {logging_mixin.py:188} INFO - [2024-02-08T10:05:26.358+0000] {dag.py:3036} INFO - Sync 1 DAGs
[2024-02-08T10:05:26.424+0000] {logging_mixin.py:188} INFO - [2024-02-08T10:05:26.424+0000] {dag.py:3823} INFO - Setting next_dagrun for 7_python_dependencies to 2024-02-07 00:00:00+00:00, run_after=2024-02-08 00:00:00+00:00
[2024-02-08T10:05:26.505+0000] {processor.py:183} INFO - Processing /opt/airflow/dags/7_python_dependencies.py took 0.286 seconds
[2024-02-08T10:05:57.027+0000] {processor.py:161} INFO - Started process (PID=617) to work on /opt/airflow/dags/7_python_dependencies.py
[2024-02-08T10:05:57.029+0000] {processor.py:830} INFO - Processing file /opt/airflow/dags/7_python_dependencies.py for tasks to queue
[2024-02-08T10:05:57.031+0000] {logging_mixin.py:188} INFO - [2024-02-08T10:05:57.031+0000] {dagbag.py:538} INFO - Filling up the DagBag from /opt/airflow/dags/7_python_dependencies.py
[2024-02-08T10:05:57.073+0000] {processor.py:840} INFO - DAG(s) '7_python_dependencies' retrieved from /opt/airflow/dags/7_python_dependencies.py
[2024-02-08T10:05:57.125+0000] {logging_mixin.py:188} INFO - [2024-02-08T10:05:57.124+0000] {dag.py:3036} INFO - Sync 1 DAGs
[2024-02-08T10:05:57.176+0000] {logging_mixin.py:188} INFO - [2024-02-08T10:05:57.175+0000] {dag.py:3823} INFO - Setting next_dagrun for 7_python_dependencies to 2024-02-07 00:00:00+00:00, run_after=2024-02-08 00:00:00+00:00
[2024-02-08T10:05:57.219+0000] {processor.py:183} INFO - Processing /opt/airflow/dags/7_python_dependencies.py took 0.199 seconds
[2024-02-08T10:06:27.695+0000] {processor.py:161} INFO - Started process (PID=658) to work on /opt/airflow/dags/7_python_dependencies.py
[2024-02-08T10:06:27.698+0000] {processor.py:830} INFO - Processing file /opt/airflow/dags/7_python_dependencies.py for tasks to queue
[2024-02-08T10:06:27.700+0000] {logging_mixin.py:188} INFO - [2024-02-08T10:06:27.699+0000] {dagbag.py:538} INFO - Filling up the DagBag from /opt/airflow/dags/7_python_dependencies.py
[2024-02-08T10:06:27.745+0000] {processor.py:840} INFO - DAG(s) '7_python_dependencies' retrieved from /opt/airflow/dags/7_python_dependencies.py
[2024-02-08T10:06:27.797+0000] {logging_mixin.py:188} INFO - [2024-02-08T10:06:27.797+0000] {dag.py:3036} INFO - Sync 1 DAGs
[2024-02-08T10:06:27.848+0000] {logging_mixin.py:188} INFO - [2024-02-08T10:06:27.848+0000] {dag.py:3823} INFO - Setting next_dagrun for 7_python_dependencies to 2024-02-07 00:00:00+00:00, run_after=2024-02-08 00:00:00+00:00
[2024-02-08T10:06:27.921+0000] {processor.py:183} INFO - Processing /opt/airflow/dags/7_python_dependencies.py took 0.232 seconds
[2024-02-08T10:06:58.179+0000] {processor.py:161} INFO - Started process (PID=700) to work on /opt/airflow/dags/7_python_dependencies.py
[2024-02-08T10:06:58.181+0000] {processor.py:830} INFO - Processing file /opt/airflow/dags/7_python_dependencies.py for tasks to queue
[2024-02-08T10:06:58.183+0000] {logging_mixin.py:188} INFO - [2024-02-08T10:06:58.182+0000] {dagbag.py:538} INFO - Filling up the DagBag from /opt/airflow/dags/7_python_dependencies.py
[2024-02-08T10:06:58.228+0000] {processor.py:840} INFO - DAG(s) '7_python_dependencies' retrieved from /opt/airflow/dags/7_python_dependencies.py
[2024-02-08T10:06:58.299+0000] {logging_mixin.py:188} INFO - [2024-02-08T10:06:58.298+0000] {dag.py:3036} INFO - Sync 1 DAGs
[2024-02-08T10:06:58.368+0000] {logging_mixin.py:188} INFO - [2024-02-08T10:06:58.368+0000] {dag.py:3823} INFO - Setting next_dagrun for 7_python_dependencies to 2024-02-07 00:00:00+00:00, run_after=2024-02-08 00:00:00+00:00
[2024-02-08T10:06:58.404+0000] {processor.py:183} INFO - Processing /opt/airflow/dags/7_python_dependencies.py took 0.232 seconds
[2024-02-08T10:07:29.132+0000] {processor.py:161} INFO - Started process (PID=741) to work on /opt/airflow/dags/7_python_dependencies.py
[2024-02-08T10:07:29.136+0000] {processor.py:830} INFO - Processing file /opt/airflow/dags/7_python_dependencies.py for tasks to queue
[2024-02-08T10:07:29.140+0000] {logging_mixin.py:188} INFO - [2024-02-08T10:07:29.139+0000] {dagbag.py:538} INFO - Filling up the DagBag from /opt/airflow/dags/7_python_dependencies.py
[2024-02-08T10:07:29.191+0000] {processor.py:840} INFO - DAG(s) '7_python_dependencies' retrieved from /opt/airflow/dags/7_python_dependencies.py
[2024-02-08T10:07:29.252+0000] {logging_mixin.py:188} INFO - [2024-02-08T10:07:29.251+0000] {dag.py:3036} INFO - Sync 1 DAGs
[2024-02-08T10:07:29.333+0000] {logging_mixin.py:188} INFO - [2024-02-08T10:07:29.331+0000] {dag.py:3823} INFO - Setting next_dagrun for 7_python_dependencies to 2024-02-07 00:00:00+00:00, run_after=2024-02-08 00:00:00+00:00
[2024-02-08T10:07:29.398+0000] {processor.py:183} INFO - Processing /opt/airflow/dags/7_python_dependencies.py took 0.278 seconds
[2024-02-08T10:07:59.872+0000] {processor.py:161} INFO - Started process (PID=782) to work on /opt/airflow/dags/7_python_dependencies.py
[2024-02-08T10:07:59.875+0000] {processor.py:830} INFO - Processing file /opt/airflow/dags/7_python_dependencies.py for tasks to queue
[2024-02-08T10:07:59.878+0000] {logging_mixin.py:188} INFO - [2024-02-08T10:07:59.877+0000] {dagbag.py:538} INFO - Filling up the DagBag from /opt/airflow/dags/7_python_dependencies.py
[2024-02-08T10:07:59.928+0000] {processor.py:840} INFO - DAG(s) '7_python_dependencies' retrieved from /opt/airflow/dags/7_python_dependencies.py
[2024-02-08T10:07:59.987+0000] {logging_mixin.py:188} INFO - [2024-02-08T10:07:59.987+0000] {dag.py:3036} INFO - Sync 1 DAGs
[2024-02-08T10:08:00.057+0000] {logging_mixin.py:188} INFO - [2024-02-08T10:08:00.056+0000] {dag.py:3823} INFO - Setting next_dagrun for 7_python_dependencies to 2024-02-07 00:00:00+00:00, run_after=2024-02-08 00:00:00+00:00
[2024-02-08T10:08:00.097+0000] {processor.py:183} INFO - Processing /opt/airflow/dags/7_python_dependencies.py took 0.233 seconds
[2024-02-08T10:08:30.520+0000] {processor.py:161} INFO - Started process (PID=823) to work on /opt/airflow/dags/7_python_dependencies.py
[2024-02-08T10:08:30.522+0000] {processor.py:830} INFO - Processing file /opt/airflow/dags/7_python_dependencies.py for tasks to queue
[2024-02-08T10:08:30.524+0000] {logging_mixin.py:188} INFO - [2024-02-08T10:08:30.523+0000] {dagbag.py:538} INFO - Filling up the DagBag from /opt/airflow/dags/7_python_dependencies.py
[2024-02-08T10:08:30.564+0000] {processor.py:840} INFO - DAG(s) '7_python_dependencies' retrieved from /opt/airflow/dags/7_python_dependencies.py
[2024-02-08T10:08:30.614+0000] {logging_mixin.py:188} INFO - [2024-02-08T10:08:30.614+0000] {dag.py:3036} INFO - Sync 1 DAGs
[2024-02-08T10:08:30.668+0000] {logging_mixin.py:188} INFO - [2024-02-08T10:08:30.668+0000] {dag.py:3823} INFO - Setting next_dagrun for 7_python_dependencies to 2024-02-07 00:00:00+00:00, run_after=2024-02-08 00:00:00+00:00
[2024-02-08T10:08:30.750+0000] {processor.py:183} INFO - Processing /opt/airflow/dags/7_python_dependencies.py took 0.237 seconds
[2024-02-08T10:09:01.174+0000] {processor.py:161} INFO - Started process (PID=864) to work on /opt/airflow/dags/7_python_dependencies.py
[2024-02-08T10:09:01.177+0000] {processor.py:830} INFO - Processing file /opt/airflow/dags/7_python_dependencies.py for tasks to queue
[2024-02-08T10:09:01.180+0000] {logging_mixin.py:188} INFO - [2024-02-08T10:09:01.179+0000] {dagbag.py:538} INFO - Filling up the DagBag from /opt/airflow/dags/7_python_dependencies.py
[2024-02-08T10:09:01.235+0000] {processor.py:840} INFO - DAG(s) '7_python_dependencies' retrieved from /opt/airflow/dags/7_python_dependencies.py
[2024-02-08T10:09:01.301+0000] {logging_mixin.py:188} INFO - [2024-02-08T10:09:01.300+0000] {dag.py:3036} INFO - Sync 1 DAGs
[2024-02-08T10:09:01.369+0000] {logging_mixin.py:188} INFO - [2024-02-08T10:09:01.368+0000] {dag.py:3823} INFO - Setting next_dagrun for 7_python_dependencies to 2024-02-07 00:00:00+00:00, run_after=2024-02-08 00:00:00+00:00
[2024-02-08T10:09:01.453+0000] {processor.py:183} INFO - Processing /opt/airflow/dags/7_python_dependencies.py took 0.287 seconds
[2024-02-08T10:09:31.967+0000] {processor.py:161} INFO - Started process (PID=905) to work on /opt/airflow/dags/7_python_dependencies.py
[2024-02-08T10:09:31.970+0000] {processor.py:830} INFO - Processing file /opt/airflow/dags/7_python_dependencies.py for tasks to queue
[2024-02-08T10:09:31.972+0000] {logging_mixin.py:188} INFO - [2024-02-08T10:09:31.971+0000] {dagbag.py:538} INFO - Filling up the DagBag from /opt/airflow/dags/7_python_dependencies.py
[2024-02-08T10:09:32.022+0000] {processor.py:840} INFO - DAG(s) '7_python_dependencies' retrieved from /opt/airflow/dags/7_python_dependencies.py
[2024-02-08T10:09:32.086+0000] {logging_mixin.py:188} INFO - [2024-02-08T10:09:32.085+0000] {dag.py:3036} INFO - Sync 1 DAGs
[2024-02-08T10:09:32.149+0000] {logging_mixin.py:188} INFO - [2024-02-08T10:09:32.148+0000] {dag.py:3823} INFO - Setting next_dagrun for 7_python_dependencies to 2024-02-07 00:00:00+00:00, run_after=2024-02-08 00:00:00+00:00
[2024-02-08T10:09:32.197+0000] {processor.py:183} INFO - Processing /opt/airflow/dags/7_python_dependencies.py took 0.239 seconds
[2024-02-08T10:10:02.812+0000] {processor.py:161} INFO - Started process (PID=946) to work on /opt/airflow/dags/7_python_dependencies.py
[2024-02-08T10:10:02.814+0000] {processor.py:830} INFO - Processing file /opt/airflow/dags/7_python_dependencies.py for tasks to queue
[2024-02-08T10:10:02.816+0000] {logging_mixin.py:188} INFO - [2024-02-08T10:10:02.816+0000] {dagbag.py:538} INFO - Filling up the DagBag from /opt/airflow/dags/7_python_dependencies.py
[2024-02-08T10:10:02.860+0000] {processor.py:840} INFO - DAG(s) '7_python_dependencies' retrieved from /opt/airflow/dags/7_python_dependencies.py
[2024-02-08T10:10:02.911+0000] {logging_mixin.py:188} INFO - [2024-02-08T10:10:02.910+0000] {dag.py:3036} INFO - Sync 1 DAGs
[2024-02-08T10:10:02.963+0000] {logging_mixin.py:188} INFO - [2024-02-08T10:10:02.963+0000] {dag.py:3823} INFO - Setting next_dagrun for 7_python_dependencies to 2024-02-07 00:00:00+00:00, run_after=2024-02-08 00:00:00+00:00
[2024-02-08T10:10:03.036+0000] {processor.py:183} INFO - Processing /opt/airflow/dags/7_python_dependencies.py took 0.230 seconds
[2024-02-08T10:10:33.272+0000] {processor.py:161} INFO - Started process (PID=987) to work on /opt/airflow/dags/7_python_dependencies.py
[2024-02-08T10:10:33.274+0000] {processor.py:830} INFO - Processing file /opt/airflow/dags/7_python_dependencies.py for tasks to queue
[2024-02-08T10:10:33.277+0000] {logging_mixin.py:188} INFO - [2024-02-08T10:10:33.276+0000] {dagbag.py:538} INFO - Filling up the DagBag from /opt/airflow/dags/7_python_dependencies.py
[2024-02-08T10:10:33.316+0000] {processor.py:840} INFO - DAG(s) '7_python_dependencies' retrieved from /opt/airflow/dags/7_python_dependencies.py
[2024-02-08T10:10:33.361+0000] {logging_mixin.py:188} INFO - [2024-02-08T10:10:33.360+0000] {dag.py:3036} INFO - Sync 1 DAGs
[2024-02-08T10:10:33.409+0000] {logging_mixin.py:188} INFO - [2024-02-08T10:10:33.409+0000] {dag.py:3823} INFO - Setting next_dagrun for 7_python_dependencies to 2024-02-07 00:00:00+00:00, run_after=2024-02-08 00:00:00+00:00
[2024-02-08T10:10:33.484+0000] {processor.py:183} INFO - Processing /opt/airflow/dags/7_python_dependencies.py took 0.218 seconds
[2024-02-08T10:11:04.037+0000] {processor.py:161} INFO - Started process (PID=1028) to work on /opt/airflow/dags/7_python_dependencies.py
[2024-02-08T10:11:04.039+0000] {processor.py:830} INFO - Processing file /opt/airflow/dags/7_python_dependencies.py for tasks to queue
[2024-02-08T10:11:04.041+0000] {logging_mixin.py:188} INFO - [2024-02-08T10:11:04.041+0000] {dagbag.py:538} INFO - Filling up the DagBag from /opt/airflow/dags/7_python_dependencies.py
[2024-02-08T10:11:04.085+0000] {processor.py:840} INFO - DAG(s) '7_python_dependencies' retrieved from /opt/airflow/dags/7_python_dependencies.py
[2024-02-08T10:11:04.137+0000] {logging_mixin.py:188} INFO - [2024-02-08T10:11:04.136+0000] {dag.py:3036} INFO - Sync 1 DAGs
[2024-02-08T10:11:04.186+0000] {logging_mixin.py:188} INFO - [2024-02-08T10:11:04.186+0000] {dag.py:3823} INFO - Setting next_dagrun for 7_python_dependencies to 2024-02-07 00:00:00+00:00, run_after=2024-02-08 00:00:00+00:00
[2024-02-08T10:11:04.261+0000] {processor.py:183} INFO - Processing /opt/airflow/dags/7_python_dependencies.py took 0.233 seconds
[2024-02-08T10:11:34.794+0000] {processor.py:161} INFO - Started process (PID=1069) to work on /opt/airflow/dags/7_python_dependencies.py
[2024-02-08T10:11:34.796+0000] {processor.py:830} INFO - Processing file /opt/airflow/dags/7_python_dependencies.py for tasks to queue
[2024-02-08T10:11:34.800+0000] {logging_mixin.py:188} INFO - [2024-02-08T10:11:34.799+0000] {dagbag.py:538} INFO - Filling up the DagBag from /opt/airflow/dags/7_python_dependencies.py
[2024-02-08T10:11:34.847+0000] {processor.py:840} INFO - DAG(s) '7_python_dependencies' retrieved from /opt/airflow/dags/7_python_dependencies.py
[2024-02-08T10:11:34.909+0000] {logging_mixin.py:188} INFO - [2024-02-08T10:11:34.909+0000] {dag.py:3036} INFO - Sync 1 DAGs
[2024-02-08T10:11:34.972+0000] {logging_mixin.py:188} INFO - [2024-02-08T10:11:34.972+0000] {dag.py:3823} INFO - Setting next_dagrun for 7_python_dependencies to 2024-02-07 00:00:00+00:00, run_after=2024-02-08 00:00:00+00:00
[2024-02-08T10:11:35.059+0000] {processor.py:183} INFO - Processing /opt/airflow/dags/7_python_dependencies.py took 0.274 seconds
[2024-02-08T10:12:05.525+0000] {processor.py:161} INFO - Started process (PID=1110) to work on /opt/airflow/dags/7_python_dependencies.py
[2024-02-08T10:12:05.527+0000] {processor.py:830} INFO - Processing file /opt/airflow/dags/7_python_dependencies.py for tasks to queue
[2024-02-08T10:12:05.530+0000] {logging_mixin.py:188} INFO - [2024-02-08T10:12:05.529+0000] {dagbag.py:538} INFO - Filling up the DagBag from /opt/airflow/dags/7_python_dependencies.py
[2024-02-08T10:12:05.569+0000] {processor.py:840} INFO - DAG(s) '7_python_dependencies' retrieved from /opt/airflow/dags/7_python_dependencies.py
[2024-02-08T10:12:05.620+0000] {logging_mixin.py:188} INFO - [2024-02-08T10:12:05.620+0000] {dag.py:3036} INFO - Sync 1 DAGs
[2024-02-08T10:12:05.674+0000] {logging_mixin.py:188} INFO - [2024-02-08T10:12:05.674+0000] {dag.py:3823} INFO - Setting next_dagrun for 7_python_dependencies to 2024-02-07 00:00:00+00:00, run_after=2024-02-08 00:00:00+00:00
[2024-02-08T10:12:05.752+0000] {processor.py:183} INFO - Processing /opt/airflow/dags/7_python_dependencies.py took 0.234 seconds
[2024-02-08T10:12:36.264+0000] {processor.py:161} INFO - Started process (PID=1151) to work on /opt/airflow/dags/7_python_dependencies.py
[2024-02-08T10:12:36.267+0000] {processor.py:830} INFO - Processing file /opt/airflow/dags/7_python_dependencies.py for tasks to queue
[2024-02-08T10:12:36.270+0000] {logging_mixin.py:188} INFO - [2024-02-08T10:12:36.269+0000] {dagbag.py:538} INFO - Filling up the DagBag from /opt/airflow/dags/7_python_dependencies.py
[2024-02-08T10:12:36.315+0000] {processor.py:840} INFO - DAG(s) '7_python_dependencies' retrieved from /opt/airflow/dags/7_python_dependencies.py
[2024-02-08T10:12:36.370+0000] {logging_mixin.py:188} INFO - [2024-02-08T10:12:36.370+0000] {dag.py:3036} INFO - Sync 1 DAGs
[2024-02-08T10:12:36.429+0000] {logging_mixin.py:188} INFO - [2024-02-08T10:12:36.428+0000] {dag.py:3823} INFO - Setting next_dagrun for 7_python_dependencies to 2024-02-07 00:00:00+00:00, run_after=2024-02-08 00:00:00+00:00
[2024-02-08T10:12:36.512+0000] {processor.py:183} INFO - Processing /opt/airflow/dags/7_python_dependencies.py took 0.254 seconds
[2024-02-08T10:13:06.982+0000] {processor.py:161} INFO - Started process (PID=1192) to work on /opt/airflow/dags/7_python_dependencies.py
[2024-02-08T10:13:06.984+0000] {processor.py:830} INFO - Processing file /opt/airflow/dags/7_python_dependencies.py for tasks to queue
[2024-02-08T10:13:06.987+0000] {logging_mixin.py:188} INFO - [2024-02-08T10:13:06.986+0000] {dagbag.py:538} INFO - Filling up the DagBag from /opt/airflow/dags/7_python_dependencies.py
[2024-02-08T10:13:07.031+0000] {processor.py:840} INFO - DAG(s) '7_python_dependencies' retrieved from /opt/airflow/dags/7_python_dependencies.py
[2024-02-08T10:13:07.083+0000] {logging_mixin.py:188} INFO - [2024-02-08T10:13:07.082+0000] {dag.py:3036} INFO - Sync 1 DAGs
[2024-02-08T10:13:07.133+0000] {logging_mixin.py:188} INFO - [2024-02-08T10:13:07.132+0000] {dag.py:3823} INFO - Setting next_dagrun for 7_python_dependencies to 2024-02-07 00:00:00+00:00, run_after=2024-02-08 00:00:00+00:00
[2024-02-08T10:13:07.210+0000] {processor.py:183} INFO - Processing /opt/airflow/dags/7_python_dependencies.py took 0.235 seconds
[2024-02-08T10:13:37.731+0000] {processor.py:161} INFO - Started process (PID=1233) to work on /opt/airflow/dags/7_python_dependencies.py
[2024-02-08T10:13:37.733+0000] {processor.py:830} INFO - Processing file /opt/airflow/dags/7_python_dependencies.py for tasks to queue
[2024-02-08T10:13:37.735+0000] {logging_mixin.py:188} INFO - [2024-02-08T10:13:37.734+0000] {dagbag.py:538} INFO - Filling up the DagBag from /opt/airflow/dags/7_python_dependencies.py
[2024-02-08T10:13:37.780+0000] {processor.py:840} INFO - DAG(s) '7_python_dependencies' retrieved from /opt/airflow/dags/7_python_dependencies.py
[2024-02-08T10:13:37.838+0000] {logging_mixin.py:188} INFO - [2024-02-08T10:13:37.837+0000] {dag.py:3036} INFO - Sync 1 DAGs
[2024-02-08T10:13:37.896+0000] {logging_mixin.py:188} INFO - [2024-02-08T10:13:37.896+0000] {dag.py:3823} INFO - Setting next_dagrun for 7_python_dependencies to 2024-02-07 00:00:00+00:00, run_after=2024-02-08 00:00:00+00:00
[2024-02-08T10:13:37.983+0000] {processor.py:183} INFO - Processing /opt/airflow/dags/7_python_dependencies.py took 0.259 seconds
[2024-02-08T10:14:08.312+0000] {processor.py:161} INFO - Started process (PID=1274) to work on /opt/airflow/dags/7_python_dependencies.py
[2024-02-08T10:14:08.314+0000] {processor.py:830} INFO - Processing file /opt/airflow/dags/7_python_dependencies.py for tasks to queue
[2024-02-08T10:14:08.316+0000] {logging_mixin.py:188} INFO - [2024-02-08T10:14:08.316+0000] {dagbag.py:538} INFO - Filling up the DagBag from /opt/airflow/dags/7_python_dependencies.py
[2024-02-08T10:14:08.360+0000] {processor.py:840} INFO - DAG(s) '7_python_dependencies' retrieved from /opt/airflow/dags/7_python_dependencies.py
[2024-02-08T10:14:08.411+0000] {logging_mixin.py:188} INFO - [2024-02-08T10:14:08.411+0000] {dag.py:3036} INFO - Sync 1 DAGs
[2024-02-08T10:14:08.461+0000] {logging_mixin.py:188} INFO - [2024-02-08T10:14:08.460+0000] {dag.py:3823} INFO - Setting next_dagrun for 7_python_dependencies to 2024-02-07 00:00:00+00:00, run_after=2024-02-08 00:00:00+00:00
[2024-02-08T10:14:08.536+0000] {processor.py:183} INFO - Processing /opt/airflow/dags/7_python_dependencies.py took 0.230 seconds
[2024-02-08T10:14:39.127+0000] {processor.py:161} INFO - Started process (PID=1315) to work on /opt/airflow/dags/7_python_dependencies.py
[2024-02-08T10:14:39.129+0000] {processor.py:830} INFO - Processing file /opt/airflow/dags/7_python_dependencies.py for tasks to queue
[2024-02-08T10:14:39.132+0000] {logging_mixin.py:188} INFO - [2024-02-08T10:14:39.131+0000] {dagbag.py:538} INFO - Filling up the DagBag from /opt/airflow/dags/7_python_dependencies.py
[2024-02-08T10:14:39.186+0000] {processor.py:840} INFO - DAG(s) '7_python_dependencies' retrieved from /opt/airflow/dags/7_python_dependencies.py
[2024-02-08T10:14:39.256+0000] {logging_mixin.py:188} INFO - [2024-02-08T10:14:39.255+0000] {dag.py:3036} INFO - Sync 1 DAGs
[2024-02-08T10:14:39.368+0000] {logging_mixin.py:188} INFO - [2024-02-08T10:14:39.366+0000] {dag.py:3823} INFO - Setting next_dagrun for 7_python_dependencies to 2024-02-07 00:00:00+00:00, run_after=2024-02-08 00:00:00+00:00
[2024-02-08T10:14:39.434+0000] {processor.py:183} INFO - Processing /opt/airflow/dags/7_python_dependencies.py took 0.316 seconds
[2024-02-08T10:15:10.172+0000] {processor.py:161} INFO - Started process (PID=1356) to work on /opt/airflow/dags/7_python_dependencies.py
[2024-02-08T10:15:10.175+0000] {processor.py:830} INFO - Processing file /opt/airflow/dags/7_python_dependencies.py for tasks to queue
[2024-02-08T10:15:10.179+0000] {logging_mixin.py:188} INFO - [2024-02-08T10:15:10.177+0000] {dagbag.py:538} INFO - Filling up the DagBag from /opt/airflow/dags/7_python_dependencies.py
[2024-02-08T10:15:10.231+0000] {processor.py:840} INFO - DAG(s) '7_python_dependencies' retrieved from /opt/airflow/dags/7_python_dependencies.py
[2024-02-08T10:15:10.284+0000] {logging_mixin.py:188} INFO - [2024-02-08T10:15:10.284+0000] {dag.py:3036} INFO - Sync 1 DAGs
[2024-02-08T10:15:10.337+0000] {logging_mixin.py:188} INFO - [2024-02-08T10:15:10.337+0000] {dag.py:3823} INFO - Setting next_dagrun for 7_python_dependencies to 2024-02-07 00:00:00+00:00, run_after=2024-02-08 00:00:00+00:00
[2024-02-08T10:15:10.412+0000] {processor.py:183} INFO - Processing /opt/airflow/dags/7_python_dependencies.py took 0.248 seconds
[2024-02-08T10:15:41.045+0000] {processor.py:161} INFO - Started process (PID=1420) to work on /opt/airflow/dags/7_python_dependencies.py
[2024-02-08T10:15:41.047+0000] {processor.py:830} INFO - Processing file /opt/airflow/dags/7_python_dependencies.py for tasks to queue
[2024-02-08T10:15:41.050+0000] {logging_mixin.py:188} INFO - [2024-02-08T10:15:41.049+0000] {dagbag.py:538} INFO - Filling up the DagBag from /opt/airflow/dags/7_python_dependencies.py
[2024-02-08T10:15:41.099+0000] {processor.py:840} INFO - DAG(s) '7_python_dependencies' retrieved from /opt/airflow/dags/7_python_dependencies.py
[2024-02-08T10:15:41.160+0000] {logging_mixin.py:188} INFO - [2024-02-08T10:15:41.158+0000] {dag.py:3036} INFO - Sync 1 DAGs
[2024-02-08T10:15:41.210+0000] {logging_mixin.py:188} INFO - [2024-02-08T10:15:41.209+0000] {dag.py:3823} INFO - Setting next_dagrun for 7_python_dependencies to 2024-02-08 00:00:00+00:00, run_after=2024-02-09 00:00:00+00:00
[2024-02-08T10:15:41.296+0000] {processor.py:183} INFO - Processing /opt/airflow/dags/7_python_dependencies.py took 0.258 seconds
[2024-02-08T10:16:11.860+0000] {processor.py:161} INFO - Started process (PID=1466) to work on /opt/airflow/dags/7_python_dependencies.py
[2024-02-08T10:16:11.863+0000] {processor.py:830} INFO - Processing file /opt/airflow/dags/7_python_dependencies.py for tasks to queue
[2024-02-08T10:16:11.865+0000] {logging_mixin.py:188} INFO - [2024-02-08T10:16:11.865+0000] {dagbag.py:538} INFO - Filling up the DagBag from /opt/airflow/dags/7_python_dependencies.py
[2024-02-08T10:16:11.915+0000] {processor.py:840} INFO - DAG(s) '7_python_dependencies' retrieved from /opt/airflow/dags/7_python_dependencies.py
[2024-02-08T10:16:11.985+0000] {logging_mixin.py:188} INFO - [2024-02-08T10:16:11.985+0000] {dag.py:3036} INFO - Sync 1 DAGs
[2024-02-08T10:16:12.049+0000] {logging_mixin.py:188} INFO - [2024-02-08T10:16:12.049+0000] {dag.py:3823} INFO - Setting next_dagrun for 7_python_dependencies to 2024-02-08 00:00:00+00:00, run_after=2024-02-09 00:00:00+00:00
[2024-02-08T10:16:12.101+0000] {processor.py:183} INFO - Processing /opt/airflow/dags/7_python_dependencies.py took 0.247 seconds
[2024-02-08T10:16:42.838+0000] {processor.py:161} INFO - Started process (PID=1507) to work on /opt/airflow/dags/7_python_dependencies.py
[2024-02-08T10:16:42.841+0000] {processor.py:830} INFO - Processing file /opt/airflow/dags/7_python_dependencies.py for tasks to queue
[2024-02-08T10:16:42.843+0000] {logging_mixin.py:188} INFO - [2024-02-08T10:16:42.843+0000] {dagbag.py:538} INFO - Filling up the DagBag from /opt/airflow/dags/7_python_dependencies.py
[2024-02-08T10:16:42.895+0000] {processor.py:840} INFO - DAG(s) '7_python_dependencies' retrieved from /opt/airflow/dags/7_python_dependencies.py
[2024-02-08T10:16:42.968+0000] {logging_mixin.py:188} INFO - [2024-02-08T10:16:42.967+0000] {dag.py:3036} INFO - Sync 1 DAGs
[2024-02-08T10:16:43.024+0000] {logging_mixin.py:188} INFO - [2024-02-08T10:16:43.024+0000] {dag.py:3823} INFO - Setting next_dagrun for 7_python_dependencies to 2024-02-08 00:00:00+00:00, run_after=2024-02-09 00:00:00+00:00
[2024-02-08T10:16:43.104+0000] {processor.py:183} INFO - Processing /opt/airflow/dags/7_python_dependencies.py took 0.272 seconds
[2024-02-08T10:17:13.424+0000] {processor.py:161} INFO - Started process (PID=1548) to work on /opt/airflow/dags/7_python_dependencies.py
[2024-02-08T10:17:13.426+0000] {processor.py:830} INFO - Processing file /opt/airflow/dags/7_python_dependencies.py for tasks to queue
[2024-02-08T10:17:13.429+0000] {logging_mixin.py:188} INFO - [2024-02-08T10:17:13.428+0000] {dagbag.py:538} INFO - Filling up the DagBag from /opt/airflow/dags/7_python_dependencies.py
[2024-02-08T10:17:13.472+0000] {processor.py:840} INFO - DAG(s) '7_python_dependencies' retrieved from /opt/airflow/dags/7_python_dependencies.py
[2024-02-08T10:17:13.524+0000] {logging_mixin.py:188} INFO - [2024-02-08T10:17:13.523+0000] {dag.py:3036} INFO - Sync 1 DAGs
[2024-02-08T10:17:13.574+0000] {logging_mixin.py:188} INFO - [2024-02-08T10:17:13.573+0000] {dag.py:3823} INFO - Setting next_dagrun for 7_python_dependencies to 2024-02-08 00:00:00+00:00, run_after=2024-02-09 00:00:00+00:00
[2024-02-08T10:17:13.649+0000] {processor.py:183} INFO - Processing /opt/airflow/dags/7_python_dependencies.py took 0.231 seconds
[2024-02-08T10:17:43.886+0000] {processor.py:161} INFO - Started process (PID=1589) to work on /opt/airflow/dags/7_python_dependencies.py
[2024-02-08T10:17:43.888+0000] {processor.py:830} INFO - Processing file /opt/airflow/dags/7_python_dependencies.py for tasks to queue
[2024-02-08T10:17:43.890+0000] {logging_mixin.py:188} INFO - [2024-02-08T10:17:43.890+0000] {dagbag.py:538} INFO - Filling up the DagBag from /opt/airflow/dags/7_python_dependencies.py
[2024-02-08T10:17:43.935+0000] {processor.py:840} INFO - DAG(s) '7_python_dependencies' retrieved from /opt/airflow/dags/7_python_dependencies.py
[2024-02-08T10:17:43.990+0000] {logging_mixin.py:188} INFO - [2024-02-08T10:17:43.989+0000] {dag.py:3036} INFO - Sync 1 DAGs
[2024-02-08T10:17:44.040+0000] {logging_mixin.py:188} INFO - [2024-02-08T10:17:44.040+0000] {dag.py:3823} INFO - Setting next_dagrun for 7_python_dependencies to 2024-02-08 00:00:00+00:00, run_after=2024-02-09 00:00:00+00:00
[2024-02-08T10:17:44.079+0000] {processor.py:183} INFO - Processing /opt/airflow/dags/7_python_dependencies.py took 0.199 seconds
[2024-02-08T10:18:15.050+0000] {processor.py:161} INFO - Started process (PID=1631) to work on /opt/airflow/dags/7_python_dependencies.py
[2024-02-08T10:18:15.055+0000] {processor.py:830} INFO - Processing file /opt/airflow/dags/7_python_dependencies.py for tasks to queue
[2024-02-08T10:18:15.058+0000] {logging_mixin.py:188} INFO - [2024-02-08T10:18:15.057+0000] {dagbag.py:538} INFO - Filling up the DagBag from /opt/airflow/dags/7_python_dependencies.py
[2024-02-08T10:18:15.139+0000] {processor.py:840} INFO - DAG(s) '7_python_dependencies' retrieved from /opt/airflow/dags/7_python_dependencies.py
[2024-02-08T10:18:15.225+0000] {logging_mixin.py:188} INFO - [2024-02-08T10:18:15.224+0000] {dag.py:3036} INFO - Sync 1 DAGs
[2024-02-08T10:18:15.293+0000] {logging_mixin.py:188} INFO - [2024-02-08T10:18:15.292+0000] {dag.py:3823} INFO - Setting next_dagrun for 7_python_dependencies to 2024-02-08 00:00:00+00:00, run_after=2024-02-09 00:00:00+00:00
[2024-02-08T10:18:15.383+0000] {processor.py:183} INFO - Processing /opt/airflow/dags/7_python_dependencies.py took 0.349 seconds
[2024-02-08T10:18:45.574+0000] {processor.py:161} INFO - Started process (PID=1673) to work on /opt/airflow/dags/7_python_dependencies.py
[2024-02-08T10:18:45.577+0000] {processor.py:830} INFO - Processing file /opt/airflow/dags/7_python_dependencies.py for tasks to queue
[2024-02-08T10:18:45.579+0000] {logging_mixin.py:188} INFO - [2024-02-08T10:18:45.579+0000] {dagbag.py:538} INFO - Filling up the DagBag from /opt/airflow/dags/7_python_dependencies.py
[2024-02-08T10:18:45.636+0000] {processor.py:840} INFO - DAG(s) '7_python_dependencies' retrieved from /opt/airflow/dags/7_python_dependencies.py
[2024-02-08T10:18:45.683+0000] {logging_mixin.py:188} INFO - [2024-02-08T10:18:45.683+0000] {dag.py:3036} INFO - Sync 1 DAGs
[2024-02-08T10:18:45.747+0000] {logging_mixin.py:188} INFO - [2024-02-08T10:18:45.747+0000] {dag.py:3823} INFO - Setting next_dagrun for 7_python_dependencies to 2024-02-08 00:00:00+00:00, run_after=2024-02-09 00:00:00+00:00
[2024-02-08T10:18:45.839+0000] {processor.py:183} INFO - Processing /opt/airflow/dags/7_python_dependencies.py took 0.273 seconds
[2024-02-08T10:19:16.596+0000] {processor.py:161} INFO - Started process (PID=1714) to work on /opt/airflow/dags/7_python_dependencies.py
[2024-02-08T10:19:16.599+0000] {processor.py:830} INFO - Processing file /opt/airflow/dags/7_python_dependencies.py for tasks to queue
[2024-02-08T10:19:16.601+0000] {logging_mixin.py:188} INFO - [2024-02-08T10:19:16.600+0000] {dagbag.py:538} INFO - Filling up the DagBag from /opt/airflow/dags/7_python_dependencies.py
[2024-02-08T10:19:16.651+0000] {processor.py:840} INFO - DAG(s) '7_python_dependencies' retrieved from /opt/airflow/dags/7_python_dependencies.py
[2024-02-08T10:19:16.729+0000] {logging_mixin.py:188} INFO - [2024-02-08T10:19:16.729+0000] {dag.py:3036} INFO - Sync 1 DAGs
[2024-02-08T10:19:16.797+0000] {logging_mixin.py:188} INFO - [2024-02-08T10:19:16.796+0000] {dag.py:3823} INFO - Setting next_dagrun for 7_python_dependencies to 2024-02-08 00:00:00+00:00, run_after=2024-02-09 00:00:00+00:00
[2024-02-08T10:19:16.863+0000] {processor.py:183} INFO - Processing /opt/airflow/dags/7_python_dependencies.py took 0.273 seconds
[2024-02-08T10:19:47.258+0000] {processor.py:161} INFO - Started process (PID=1755) to work on /opt/airflow/dags/7_python_dependencies.py
[2024-02-08T10:19:47.260+0000] {processor.py:830} INFO - Processing file /opt/airflow/dags/7_python_dependencies.py for tasks to queue
[2024-02-08T10:19:47.262+0000] {logging_mixin.py:188} INFO - [2024-02-08T10:19:47.261+0000] {dagbag.py:538} INFO - Filling up the DagBag from /opt/airflow/dags/7_python_dependencies.py
[2024-02-08T10:19:47.326+0000] {processor.py:840} INFO - DAG(s) '7_python_dependencies' retrieved from /opt/airflow/dags/7_python_dependencies.py
[2024-02-08T10:19:47.456+0000] {logging_mixin.py:188} INFO - [2024-02-08T10:19:47.455+0000] {dag.py:3036} INFO - Sync 1 DAGs
[2024-02-08T10:19:47.582+0000] {logging_mixin.py:188} INFO - [2024-02-08T10:19:47.581+0000] {dag.py:3823} INFO - Setting next_dagrun for 7_python_dependencies to 2024-02-08 00:00:00+00:00, run_after=2024-02-09 00:00:00+00:00
[2024-02-08T10:19:47.698+0000] {processor.py:183} INFO - Processing /opt/airflow/dags/7_python_dependencies.py took 0.447 seconds
[2024-02-08T10:20:18.536+0000] {processor.py:161} INFO - Started process (PID=1796) to work on /opt/airflow/dags/7_python_dependencies.py
[2024-02-08T10:20:18.540+0000] {processor.py:830} INFO - Processing file /opt/airflow/dags/7_python_dependencies.py for tasks to queue
[2024-02-08T10:20:18.545+0000] {logging_mixin.py:188} INFO - [2024-02-08T10:20:18.544+0000] {dagbag.py:538} INFO - Filling up the DagBag from /opt/airflow/dags/7_python_dependencies.py
[2024-02-08T10:20:18.618+0000] {processor.py:840} INFO - DAG(s) '7_python_dependencies' retrieved from /opt/airflow/dags/7_python_dependencies.py
[2024-02-08T10:20:18.667+0000] {logging_mixin.py:188} INFO - [2024-02-08T10:20:18.666+0000] {dag.py:3036} INFO - Sync 1 DAGs
[2024-02-08T10:20:18.720+0000] {logging_mixin.py:188} INFO - [2024-02-08T10:20:18.720+0000] {dag.py:3823} INFO - Setting next_dagrun for 7_python_dependencies to 2024-02-08 00:00:00+00:00, run_after=2024-02-09 00:00:00+00:00
[2024-02-08T10:20:18.786+0000] {processor.py:183} INFO - Processing /opt/airflow/dags/7_python_dependencies.py took 0.264 seconds
[2024-02-08T10:20:48.894+0000] {processor.py:161} INFO - Started process (PID=1837) to work on /opt/airflow/dags/7_python_dependencies.py
[2024-02-08T10:20:48.896+0000] {processor.py:830} INFO - Processing file /opt/airflow/dags/7_python_dependencies.py for tasks to queue
[2024-02-08T10:20:48.898+0000] {logging_mixin.py:188} INFO - [2024-02-08T10:20:48.897+0000] {dagbag.py:538} INFO - Filling up the DagBag from /opt/airflow/dags/7_python_dependencies.py
[2024-02-08T10:20:48.944+0000] {processor.py:840} INFO - DAG(s) '7_python_dependencies' retrieved from /opt/airflow/dags/7_python_dependencies.py
[2024-02-08T10:20:49.004+0000] {logging_mixin.py:188} INFO - [2024-02-08T10:20:49.003+0000] {dag.py:3036} INFO - Sync 1 DAGs
[2024-02-08T10:20:49.062+0000] {logging_mixin.py:188} INFO - [2024-02-08T10:20:49.062+0000] {dag.py:3823} INFO - Setting next_dagrun for 7_python_dependencies to 2024-02-08 00:00:00+00:00, run_after=2024-02-09 00:00:00+00:00
[2024-02-08T10:20:49.116+0000] {processor.py:183} INFO - Processing /opt/airflow/dags/7_python_dependencies.py took 0.232 seconds
[2024-02-08T10:21:19.576+0000] {processor.py:161} INFO - Started process (PID=1878) to work on /opt/airflow/dags/7_python_dependencies.py
[2024-02-08T10:21:19.578+0000] {processor.py:830} INFO - Processing file /opt/airflow/dags/7_python_dependencies.py for tasks to queue
[2024-02-08T10:21:19.581+0000] {logging_mixin.py:188} INFO - [2024-02-08T10:21:19.580+0000] {dagbag.py:538} INFO - Filling up the DagBag from /opt/airflow/dags/7_python_dependencies.py
[2024-02-08T10:21:19.634+0000] {processor.py:840} INFO - DAG(s) '7_python_dependencies' retrieved from /opt/airflow/dags/7_python_dependencies.py
[2024-02-08T10:21:19.689+0000] {logging_mixin.py:188} INFO - [2024-02-08T10:21:19.688+0000] {dag.py:3036} INFO - Sync 1 DAGs
[2024-02-08T10:21:19.756+0000] {logging_mixin.py:188} INFO - [2024-02-08T10:21:19.755+0000] {dag.py:3823} INFO - Setting next_dagrun for 7_python_dependencies to 2024-02-08 00:00:00+00:00, run_after=2024-02-09 00:00:00+00:00
[2024-02-08T10:21:19.805+0000] {processor.py:183} INFO - Processing /opt/airflow/dags/7_python_dependencies.py took 0.234 seconds
[2024-02-08T10:21:50.148+0000] {processor.py:161} INFO - Started process (PID=1919) to work on /opt/airflow/dags/7_python_dependencies.py
[2024-02-08T10:21:50.151+0000] {processor.py:830} INFO - Processing file /opt/airflow/dags/7_python_dependencies.py for tasks to queue
[2024-02-08T10:21:50.163+0000] {logging_mixin.py:188} INFO - [2024-02-08T10:21:50.162+0000] {dagbag.py:538} INFO - Filling up the DagBag from /opt/airflow/dags/7_python_dependencies.py
[2024-02-08T10:21:50.241+0000] {processor.py:840} INFO - DAG(s) '7_python_dependencies' retrieved from /opt/airflow/dags/7_python_dependencies.py
[2024-02-08T10:21:50.315+0000] {logging_mixin.py:188} INFO - [2024-02-08T10:21:50.314+0000] {dag.py:3036} INFO - Sync 1 DAGs
[2024-02-08T10:21:50.405+0000] {logging_mixin.py:188} INFO - [2024-02-08T10:21:50.404+0000] {dag.py:3823} INFO - Setting next_dagrun for 7_python_dependencies to 2024-02-08 00:00:00+00:00, run_after=2024-02-09 00:00:00+00:00
[2024-02-08T10:21:50.460+0000] {processor.py:183} INFO - Processing /opt/airflow/dags/7_python_dependencies.py took 0.334 seconds
[2024-02-08T10:54:45.850+0000] {processor.py:161} INFO - Started process (PID=1942) to work on /opt/airflow/dags/7_python_dependencies.py
[2024-02-08T10:54:45.854+0000] {processor.py:830} INFO - Processing file /opt/airflow/dags/7_python_dependencies.py for tasks to queue
[2024-02-08T10:54:45.863+0000] {logging_mixin.py:188} INFO - [2024-02-08T10:54:45.863+0000] {dagbag.py:538} INFO - Filling up the DagBag from /opt/airflow/dags/7_python_dependencies.py
[2024-02-08T10:54:45.931+0000] {processor.py:840} INFO - DAG(s) '7_python_dependencies' retrieved from /opt/airflow/dags/7_python_dependencies.py
[2024-02-08T10:54:46.029+0000] {logging_mixin.py:188} INFO - [2024-02-08T10:54:46.029+0000] {dag.py:3036} INFO - Sync 1 DAGs
[2024-02-08T10:54:46.126+0000] {logging_mixin.py:188} INFO - [2024-02-08T10:54:46.126+0000] {dag.py:3823} INFO - Setting next_dagrun for 7_python_dependencies to 2024-02-08 00:00:00+00:00, run_after=2024-02-09 00:00:00+00:00
[2024-02-08T10:54:46.224+0000] {processor.py:183} INFO - Processing /opt/airflow/dags/7_python_dependencies.py took 0.378 seconds
[2024-02-08T11:03:29.285+0000] {processor.py:161} INFO - Started process (PID=1990) to work on /opt/airflow/dags/7_python_dependencies.py
[2024-02-08T11:03:29.288+0000] {processor.py:830} INFO - Processing file /opt/airflow/dags/7_python_dependencies.py for tasks to queue
[2024-02-08T11:03:29.291+0000] {logging_mixin.py:188} INFO - [2024-02-08T11:03:29.290+0000] {dagbag.py:538} INFO - Filling up the DagBag from /opt/airflow/dags/7_python_dependencies.py
[2024-02-08T11:03:29.355+0000] {processor.py:840} INFO - DAG(s) '7_python_dependencies' retrieved from /opt/airflow/dags/7_python_dependencies.py
[2024-02-08T11:03:29.504+0000] {logging_mixin.py:188} INFO - [2024-02-08T11:03:29.496+0000] {dag.py:3036} INFO - Sync 1 DAGs
[2024-02-08T11:03:29.615+0000] {logging_mixin.py:188} INFO - [2024-02-08T11:03:29.615+0000] {dag.py:3823} INFO - Setting next_dagrun for 7_python_dependencies to 2024-02-08 00:00:00+00:00, run_after=2024-02-09 00:00:00+00:00
[2024-02-08T11:03:29.709+0000] {processor.py:183} INFO - Processing /opt/airflow/dags/7_python_dependencies.py took 0.442 seconds
[2024-02-08T11:30:53.896+0000] {processor.py:161} INFO - Started process (PID=2036) to work on /opt/airflow/dags/7_python_dependencies.py
[2024-02-08T11:30:53.898+0000] {processor.py:830} INFO - Processing file /opt/airflow/dags/7_python_dependencies.py for tasks to queue
[2024-02-08T11:30:53.899+0000] {logging_mixin.py:188} INFO - [2024-02-08T11:30:53.899+0000] {dagbag.py:538} INFO - Filling up the DagBag from /opt/airflow/dags/7_python_dependencies.py
[2024-02-08T11:30:53.924+0000] {processor.py:840} INFO - DAG(s) '7_python_dependencies' retrieved from /opt/airflow/dags/7_python_dependencies.py
[2024-02-08T11:30:53.962+0000] {logging_mixin.py:188} INFO - [2024-02-08T11:30:53.962+0000] {dag.py:3036} INFO - Sync 1 DAGs
[2024-02-08T11:30:53.994+0000] {logging_mixin.py:188} INFO - [2024-02-08T11:30:53.993+0000] {dag.py:3823} INFO - Setting next_dagrun for 7_python_dependencies to 2024-02-08 00:00:00+00:00, run_after=2024-02-09 00:00:00+00:00
[2024-02-08T11:30:54.018+0000] {processor.py:183} INFO - Processing /opt/airflow/dags/7_python_dependencies.py took 0.127 seconds
[2024-02-08T23:19:36.713+0000] {processor.py:161} INFO - Started process (PID=2062) to work on /opt/airflow/dags/7_python_dependencies.py
[2024-02-08T23:19:36.721+0000] {processor.py:830} INFO - Processing file /opt/airflow/dags/7_python_dependencies.py for tasks to queue
[2024-02-08T23:19:36.733+0000] {logging_mixin.py:188} INFO - [2024-02-08T23:19:36.727+0000] {dagbag.py:538} INFO - Filling up the DagBag from /opt/airflow/dags/7_python_dependencies.py
[2024-02-08T23:19:36.795+0000] {processor.py:840} INFO - DAG(s) '7_python_dependencies' retrieved from /opt/airflow/dags/7_python_dependencies.py
[2024-02-08T23:19:36.982+0000] {logging_mixin.py:188} INFO - [2024-02-08T23:19:36.981+0000] {dag.py:3036} INFO - Sync 1 DAGs
[2024-02-08T23:19:37.113+0000] {logging_mixin.py:188} INFO - [2024-02-08T23:19:37.112+0000] {dag.py:3823} INFO - Setting next_dagrun for 7_python_dependencies to 2024-02-08 00:00:00+00:00, run_after=2024-02-09 00:00:00+00:00
[2024-02-08T23:19:39.413+0000] {processor.py:183} INFO - Processing /opt/airflow/dags/7_python_dependencies.py took 2.714 seconds
