[2024-02-08T08:53:09.946+0000] {taskinstance.py:1956} INFO - Dependencies all met for dep_context=non-requeueable deps ti=<TaskInstance: 6_postgres.insert_into_table scheduled__2024-02-04T00:00:00+00:00 [queued]>
[2024-02-08T08:53:09.979+0000] {taskinstance.py:1956} INFO - Dependencies all met for dep_context=requeueable deps ti=<TaskInstance: 6_postgres.insert_into_table scheduled__2024-02-04T00:00:00+00:00 [queued]>
[2024-02-08T08:53:09.982+0000] {taskinstance.py:2170} INFO - Starting attempt 1 of 6
[2024-02-08T08:53:10.027+0000] {taskinstance.py:2191} INFO - Executing <Task(PostgresOperator): insert_into_table> on 2024-02-04 00:00:00+00:00
[2024-02-08T08:53:10.038+0000] {standard_task_runner.py:60} INFO - Started process 7343 to run task
[2024-02-08T08:53:10.047+0000] {standard_task_runner.py:87} INFO - Running: ['***', 'tasks', 'run', '6_postgres', 'insert_into_table', 'scheduled__2024-02-04T00:00:00+00:00', '--job-id', '99', '--raw', '--subdir', 'DAGS_FOLDER/6_postgres.py', '--cfg-path', '/tmp/tmpsqjdopn0']
[2024-02-08T08:53:10.052+0000] {standard_task_runner.py:88} INFO - Job 99: Subtask insert_into_table
[2024-02-08T08:53:10.195+0000] {task_command.py:423} INFO - Running <TaskInstance: 6_postgres.insert_into_table scheduled__2024-02-04T00:00:00+00:00 [running]> on host 8c35f9d61d9d
[2024-02-08T08:53:10.437+0000] {taskinstance.py:2480} INFO - Exporting env vars: AIRFLOW_CTX_DAG_OWNER='cardthp' AIRFLOW_CTX_DAG_ID='6_postgres' AIRFLOW_CTX_TASK_ID='insert_into_table' AIRFLOW_CTX_EXECUTION_DATE='2024-02-04T00:00:00+00:00' AIRFLOW_CTX_TRY_NUMBER='1' AIRFLOW_CTX_DAG_RUN_ID='scheduled__2024-02-04T00:00:00+00:00'
[2024-02-08T08:53:10.438+0000] {sql.py:276} INFO - Executing: 
            insert into dag_runs (dt, dag_id) values ('2024-02-04', '6_postgres')
        
[2024-02-08T08:53:10.456+0000] {base.py:83} INFO - Using connection ID 'postgres_localhost' for task execution.
[2024-02-08T08:53:10.483+0000] {base.py:83} INFO - Using connection ID 'postgres_localhost' for task execution.
[2024-02-08T08:53:10.521+0000] {sql.py:450} INFO - Running statement: 
            insert into dag_runs (dt, dag_id) values ('2024-02-04', '6_postgres')
        , parameters: None
[2024-02-08T08:53:10.541+0000] {sql.py:459} INFO - Rows affected: 1
[2024-02-08T08:53:10.580+0000] {taskinstance.py:1138} INFO - Marking task as SUCCESS. dag_id=6_postgres, task_id=insert_into_table, execution_date=20240204T000000, start_date=20240208T085309, end_date=20240208T085310
[2024-02-08T08:53:10.675+0000] {local_task_job_runner.py:234} INFO - Task exited with return code 0
[2024-02-08T08:53:10.746+0000] {taskinstance.py:3280} INFO - 0 downstream tasks scheduled from follow-on schedule check
