[2024-02-02T15:13:18.456+0000] {processor.py:161} INFO - Started process (PID=291) to work on /home/airflow/.local/lib/python3.8/site-packages/airflow/example_dags/example_python_decorator.py
[2024-02-02T15:13:18.458+0000] {processor.py:830} INFO - Processing file /home/airflow/.local/lib/python3.8/site-packages/airflow/example_dags/example_python_decorator.py for tasks to queue
[2024-02-02T15:13:18.461+0000] {logging_mixin.py:188} INFO - [2024-02-02T15:13:18.460+0000] {dagbag.py:538} INFO - Filling up the DagBag from /home/airflow/.local/lib/python3.8/site-packages/airflow/example_dags/example_python_decorator.py
[2024-02-02T15:13:18.489+0000] {processor.py:840} INFO - DAG(s) 'example_python_decorator' retrieved from /home/airflow/.local/lib/python3.8/site-packages/airflow/example_dags/example_python_decorator.py
[2024-02-02T15:13:18.506+0000] {logging_mixin.py:188} INFO - [2024-02-02T15:13:18.505+0000] {dag.py:3036} INFO - Sync 1 DAGs
[2024-02-02T15:13:18.527+0000] {logging_mixin.py:188} INFO - [2024-02-02T15:13:18.526+0000] {dag.py:3823} INFO - Setting next_dagrun for example_python_decorator to None, run_after=None
[2024-02-02T15:13:18.556+0000] {processor.py:183} INFO - Processing /home/airflow/.local/lib/python3.8/site-packages/airflow/example_dags/example_python_decorator.py took 0.105 seconds
[2024-02-02T15:13:50.872+0000] {processor.py:161} INFO - Started process (PID=538) to work on /home/airflow/.local/lib/python3.8/site-packages/airflow/example_dags/example_python_decorator.py
[2024-02-02T15:13:50.873+0000] {processor.py:830} INFO - Processing file /home/airflow/.local/lib/python3.8/site-packages/airflow/example_dags/example_python_decorator.py for tasks to queue
[2024-02-02T15:13:50.875+0000] {logging_mixin.py:188} INFO - [2024-02-02T15:13:50.875+0000] {dagbag.py:538} INFO - Filling up the DagBag from /home/airflow/.local/lib/python3.8/site-packages/airflow/example_dags/example_python_decorator.py
[2024-02-02T15:13:50.894+0000] {processor.py:840} INFO - DAG(s) 'example_python_decorator' retrieved from /home/airflow/.local/lib/python3.8/site-packages/airflow/example_dags/example_python_decorator.py
[2024-02-02T15:13:51.166+0000] {logging_mixin.py:188} INFO - [2024-02-02T15:13:51.165+0000] {dag.py:3036} INFO - Sync 1 DAGs
[2024-02-02T15:13:51.202+0000] {logging_mixin.py:188} INFO - [2024-02-02T15:13:51.202+0000] {dag.py:3823} INFO - Setting next_dagrun for example_python_decorator to None, run_after=None
[2024-02-02T15:13:51.300+0000] {processor.py:183} INFO - Processing /home/airflow/.local/lib/python3.8/site-packages/airflow/example_dags/example_python_decorator.py took 0.432 seconds
[2024-02-02T15:14:21.496+0000] {processor.py:161} INFO - Started process (PID=787) to work on /home/airflow/.local/lib/python3.8/site-packages/airflow/example_dags/example_python_decorator.py
[2024-02-02T15:14:21.498+0000] {processor.py:830} INFO - Processing file /home/airflow/.local/lib/python3.8/site-packages/airflow/example_dags/example_python_decorator.py for tasks to queue
[2024-02-02T15:14:21.500+0000] {logging_mixin.py:188} INFO - [2024-02-02T15:14:21.499+0000] {dagbag.py:538} INFO - Filling up the DagBag from /home/airflow/.local/lib/python3.8/site-packages/airflow/example_dags/example_python_decorator.py
[2024-02-02T15:14:21.515+0000] {processor.py:840} INFO - DAG(s) 'example_python_decorator' retrieved from /home/airflow/.local/lib/python3.8/site-packages/airflow/example_dags/example_python_decorator.py
[2024-02-02T15:14:21.540+0000] {logging_mixin.py:188} INFO - [2024-02-02T15:14:21.539+0000] {dag.py:3036} INFO - Sync 1 DAGs
[2024-02-02T15:14:21.556+0000] {logging_mixin.py:188} INFO - [2024-02-02T15:14:21.555+0000] {dag.py:3823} INFO - Setting next_dagrun for example_python_decorator to None, run_after=None
[2024-02-02T15:14:21.584+0000] {processor.py:183} INFO - Processing /home/airflow/.local/lib/python3.8/site-packages/airflow/example_dags/example_python_decorator.py took 0.092 seconds
[2024-02-02T15:14:51.684+0000] {processor.py:161} INFO - Started process (PID=1034) to work on /home/airflow/.local/lib/python3.8/site-packages/airflow/example_dags/example_python_decorator.py
[2024-02-02T15:14:51.685+0000] {processor.py:830} INFO - Processing file /home/airflow/.local/lib/python3.8/site-packages/airflow/example_dags/example_python_decorator.py for tasks to queue
[2024-02-02T15:14:51.687+0000] {logging_mixin.py:188} INFO - [2024-02-02T15:14:51.686+0000] {dagbag.py:538} INFO - Filling up the DagBag from /home/airflow/.local/lib/python3.8/site-packages/airflow/example_dags/example_python_decorator.py
[2024-02-02T15:14:51.702+0000] {processor.py:840} INFO - DAG(s) 'example_python_decorator' retrieved from /home/airflow/.local/lib/python3.8/site-packages/airflow/example_dags/example_python_decorator.py
[2024-02-02T15:14:51.727+0000] {logging_mixin.py:188} INFO - [2024-02-02T15:14:51.727+0000] {dag.py:3036} INFO - Sync 1 DAGs
[2024-02-02T15:14:51.742+0000] {logging_mixin.py:188} INFO - [2024-02-02T15:14:51.742+0000] {dag.py:3823} INFO - Setting next_dagrun for example_python_decorator to None, run_after=None
[2024-02-02T15:14:51.765+0000] {processor.py:183} INFO - Processing /home/airflow/.local/lib/python3.8/site-packages/airflow/example_dags/example_python_decorator.py took 0.086 seconds
[2024-02-02T15:15:21.982+0000] {processor.py:161} INFO - Started process (PID=1279) to work on /home/airflow/.local/lib/python3.8/site-packages/airflow/example_dags/example_python_decorator.py
[2024-02-02T15:15:21.983+0000] {processor.py:830} INFO - Processing file /home/airflow/.local/lib/python3.8/site-packages/airflow/example_dags/example_python_decorator.py for tasks to queue
[2024-02-02T15:15:21.985+0000] {logging_mixin.py:188} INFO - [2024-02-02T15:15:21.985+0000] {dagbag.py:538} INFO - Filling up the DagBag from /home/airflow/.local/lib/python3.8/site-packages/airflow/example_dags/example_python_decorator.py
[2024-02-02T15:15:22.006+0000] {processor.py:840} INFO - DAG(s) 'example_python_decorator' retrieved from /home/airflow/.local/lib/python3.8/site-packages/airflow/example_dags/example_python_decorator.py
[2024-02-02T15:15:22.032+0000] {logging_mixin.py:188} INFO - [2024-02-02T15:15:22.031+0000] {dag.py:3036} INFO - Sync 1 DAGs
[2024-02-02T15:15:22.047+0000] {logging_mixin.py:188} INFO - [2024-02-02T15:15:22.047+0000] {dag.py:3823} INFO - Setting next_dagrun for example_python_decorator to None, run_after=None
[2024-02-02T15:15:22.073+0000] {processor.py:183} INFO - Processing /home/airflow/.local/lib/python3.8/site-packages/airflow/example_dags/example_python_decorator.py took 0.096 seconds
[2024-02-02T15:15:52.520+0000] {processor.py:161} INFO - Started process (PID=1526) to work on /home/airflow/.local/lib/python3.8/site-packages/airflow/example_dags/example_python_decorator.py
[2024-02-02T15:15:52.523+0000] {processor.py:830} INFO - Processing file /home/airflow/.local/lib/python3.8/site-packages/airflow/example_dags/example_python_decorator.py for tasks to queue
[2024-02-02T15:15:52.526+0000] {logging_mixin.py:188} INFO - [2024-02-02T15:15:52.525+0000] {dagbag.py:538} INFO - Filling up the DagBag from /home/airflow/.local/lib/python3.8/site-packages/airflow/example_dags/example_python_decorator.py
[2024-02-02T15:15:52.551+0000] {processor.py:840} INFO - DAG(s) 'example_python_decorator' retrieved from /home/airflow/.local/lib/python3.8/site-packages/airflow/example_dags/example_python_decorator.py
[2024-02-02T15:15:52.594+0000] {logging_mixin.py:188} INFO - [2024-02-02T15:15:52.593+0000] {dag.py:3036} INFO - Sync 1 DAGs
[2024-02-02T15:15:52.619+0000] {logging_mixin.py:188} INFO - [2024-02-02T15:15:52.618+0000] {dag.py:3823} INFO - Setting next_dagrun for example_python_decorator to None, run_after=None
[2024-02-02T15:15:52.662+0000] {processor.py:183} INFO - Processing /home/airflow/.local/lib/python3.8/site-packages/airflow/example_dags/example_python_decorator.py took 0.148 seconds
[2024-02-02T15:16:22.973+0000] {processor.py:161} INFO - Started process (PID=1775) to work on /home/airflow/.local/lib/python3.8/site-packages/airflow/example_dags/example_python_decorator.py
[2024-02-02T15:16:22.977+0000] {processor.py:830} INFO - Processing file /home/airflow/.local/lib/python3.8/site-packages/airflow/example_dags/example_python_decorator.py for tasks to queue
[2024-02-02T15:16:22.979+0000] {logging_mixin.py:188} INFO - [2024-02-02T15:16:22.978+0000] {dagbag.py:538} INFO - Filling up the DagBag from /home/airflow/.local/lib/python3.8/site-packages/airflow/example_dags/example_python_decorator.py
[2024-02-02T15:16:23.002+0000] {processor.py:840} INFO - DAG(s) 'example_python_decorator' retrieved from /home/airflow/.local/lib/python3.8/site-packages/airflow/example_dags/example_python_decorator.py
[2024-02-02T15:16:23.045+0000] {logging_mixin.py:188} INFO - [2024-02-02T15:16:23.045+0000] {dag.py:3036} INFO - Sync 1 DAGs
[2024-02-02T15:16:23.084+0000] {logging_mixin.py:188} INFO - [2024-02-02T15:16:23.084+0000] {dag.py:3823} INFO - Setting next_dagrun for example_python_decorator to None, run_after=None
[2024-02-02T15:16:23.144+0000] {processor.py:183} INFO - Processing /home/airflow/.local/lib/python3.8/site-packages/airflow/example_dags/example_python_decorator.py took 0.177 seconds
[2024-02-02T15:16:53.521+0000] {processor.py:161} INFO - Started process (PID=2022) to work on /home/airflow/.local/lib/python3.8/site-packages/airflow/example_dags/example_python_decorator.py
[2024-02-02T15:16:53.522+0000] {processor.py:830} INFO - Processing file /home/airflow/.local/lib/python3.8/site-packages/airflow/example_dags/example_python_decorator.py for tasks to queue
[2024-02-02T15:16:53.524+0000] {logging_mixin.py:188} INFO - [2024-02-02T15:16:53.523+0000] {dagbag.py:538} INFO - Filling up the DagBag from /home/airflow/.local/lib/python3.8/site-packages/airflow/example_dags/example_python_decorator.py
[2024-02-02T15:16:53.544+0000] {processor.py:840} INFO - DAG(s) 'example_python_decorator' retrieved from /home/airflow/.local/lib/python3.8/site-packages/airflow/example_dags/example_python_decorator.py
[2024-02-02T15:16:53.572+0000] {logging_mixin.py:188} INFO - [2024-02-02T15:16:53.572+0000] {dag.py:3036} INFO - Sync 1 DAGs
[2024-02-02T15:16:53.595+0000] {logging_mixin.py:188} INFO - [2024-02-02T15:16:53.594+0000] {dag.py:3823} INFO - Setting next_dagrun for example_python_decorator to None, run_after=None
[2024-02-02T15:16:53.622+0000] {processor.py:183} INFO - Processing /home/airflow/.local/lib/python3.8/site-packages/airflow/example_dags/example_python_decorator.py took 0.105 seconds
[2024-02-02T15:17:23.754+0000] {processor.py:161} INFO - Started process (PID=2267) to work on /home/airflow/.local/lib/python3.8/site-packages/airflow/example_dags/example_python_decorator.py
[2024-02-02T15:17:23.755+0000] {processor.py:830} INFO - Processing file /home/airflow/.local/lib/python3.8/site-packages/airflow/example_dags/example_python_decorator.py for tasks to queue
[2024-02-02T15:17:23.757+0000] {logging_mixin.py:188} INFO - [2024-02-02T15:17:23.757+0000] {dagbag.py:538} INFO - Filling up the DagBag from /home/airflow/.local/lib/python3.8/site-packages/airflow/example_dags/example_python_decorator.py
[2024-02-02T15:17:23.782+0000] {processor.py:840} INFO - DAG(s) 'example_python_decorator' retrieved from /home/airflow/.local/lib/python3.8/site-packages/airflow/example_dags/example_python_decorator.py
[2024-02-02T15:17:23.812+0000] {logging_mixin.py:188} INFO - [2024-02-02T15:17:23.812+0000] {dag.py:3036} INFO - Sync 1 DAGs
[2024-02-02T15:17:23.830+0000] {logging_mixin.py:188} INFO - [2024-02-02T15:17:23.830+0000] {dag.py:3823} INFO - Setting next_dagrun for example_python_decorator to None, run_after=None
[2024-02-02T15:17:23.858+0000] {processor.py:183} INFO - Processing /home/airflow/.local/lib/python3.8/site-packages/airflow/example_dags/example_python_decorator.py took 0.109 seconds
[2024-02-02T15:17:54.109+0000] {processor.py:161} INFO - Started process (PID=2514) to work on /home/airflow/.local/lib/python3.8/site-packages/airflow/example_dags/example_python_decorator.py
[2024-02-02T15:17:54.110+0000] {processor.py:830} INFO - Processing file /home/airflow/.local/lib/python3.8/site-packages/airflow/example_dags/example_python_decorator.py for tasks to queue
[2024-02-02T15:17:54.113+0000] {logging_mixin.py:188} INFO - [2024-02-02T15:17:54.112+0000] {dagbag.py:538} INFO - Filling up the DagBag from /home/airflow/.local/lib/python3.8/site-packages/airflow/example_dags/example_python_decorator.py
[2024-02-02T15:17:54.135+0000] {processor.py:840} INFO - DAG(s) 'example_python_decorator' retrieved from /home/airflow/.local/lib/python3.8/site-packages/airflow/example_dags/example_python_decorator.py
[2024-02-02T15:17:54.168+0000] {logging_mixin.py:188} INFO - [2024-02-02T15:17:54.167+0000] {dag.py:3036} INFO - Sync 1 DAGs
[2024-02-02T15:17:54.185+0000] {logging_mixin.py:188} INFO - [2024-02-02T15:17:54.184+0000] {dag.py:3823} INFO - Setting next_dagrun for example_python_decorator to None, run_after=None
[2024-02-02T15:17:54.274+0000] {processor.py:183} INFO - Processing /home/airflow/.local/lib/python3.8/site-packages/airflow/example_dags/example_python_decorator.py took 0.170 seconds
[2024-02-02T15:18:24.410+0000] {processor.py:161} INFO - Started process (PID=2809) to work on /home/airflow/.local/lib/python3.8/site-packages/airflow/example_dags/example_python_decorator.py
[2024-02-02T15:18:24.412+0000] {processor.py:830} INFO - Processing file /home/airflow/.local/lib/python3.8/site-packages/airflow/example_dags/example_python_decorator.py for tasks to queue
[2024-02-02T15:18:24.414+0000] {logging_mixin.py:188} INFO - [2024-02-02T15:18:24.413+0000] {dagbag.py:538} INFO - Filling up the DagBag from /home/airflow/.local/lib/python3.8/site-packages/airflow/example_dags/example_python_decorator.py
[2024-02-02T15:18:24.443+0000] {processor.py:840} INFO - DAG(s) 'example_python_decorator' retrieved from /home/airflow/.local/lib/python3.8/site-packages/airflow/example_dags/example_python_decorator.py
[2024-02-02T15:18:24.487+0000] {logging_mixin.py:188} INFO - [2024-02-02T15:18:24.486+0000] {dag.py:3036} INFO - Sync 1 DAGs
[2024-02-02T15:18:24.512+0000] {logging_mixin.py:188} INFO - [2024-02-02T15:18:24.511+0000] {dag.py:3823} INFO - Setting next_dagrun for example_python_decorator to None, run_after=None
[2024-02-02T15:18:24.557+0000] {processor.py:183} INFO - Processing /home/airflow/.local/lib/python3.8/site-packages/airflow/example_dags/example_python_decorator.py took 0.152 seconds
[2024-02-02T15:18:54.947+0000] {processor.py:161} INFO - Started process (PID=3056) to work on /home/airflow/.local/lib/python3.8/site-packages/airflow/example_dags/example_python_decorator.py
[2024-02-02T15:18:54.949+0000] {processor.py:830} INFO - Processing file /home/airflow/.local/lib/python3.8/site-packages/airflow/example_dags/example_python_decorator.py for tasks to queue
[2024-02-02T15:18:54.950+0000] {logging_mixin.py:188} INFO - [2024-02-02T15:18:54.950+0000] {dagbag.py:538} INFO - Filling up the DagBag from /home/airflow/.local/lib/python3.8/site-packages/airflow/example_dags/example_python_decorator.py
[2024-02-02T15:18:54.972+0000] {processor.py:840} INFO - DAG(s) 'example_python_decorator' retrieved from /home/airflow/.local/lib/python3.8/site-packages/airflow/example_dags/example_python_decorator.py
[2024-02-02T15:18:55.014+0000] {logging_mixin.py:188} INFO - [2024-02-02T15:18:55.013+0000] {dag.py:3036} INFO - Sync 1 DAGs
[2024-02-02T15:18:55.037+0000] {logging_mixin.py:188} INFO - [2024-02-02T15:18:55.036+0000] {dag.py:3823} INFO - Setting next_dagrun for example_python_decorator to None, run_after=None
[2024-02-02T15:18:55.066+0000] {processor.py:183} INFO - Processing /home/airflow/.local/lib/python3.8/site-packages/airflow/example_dags/example_python_decorator.py took 0.122 seconds
[2024-02-02T15:19:25.211+0000] {processor.py:161} INFO - Started process (PID=3304) to work on /home/airflow/.local/lib/python3.8/site-packages/airflow/example_dags/example_python_decorator.py
[2024-02-02T15:19:25.213+0000] {processor.py:830} INFO - Processing file /home/airflow/.local/lib/python3.8/site-packages/airflow/example_dags/example_python_decorator.py for tasks to queue
[2024-02-02T15:19:25.215+0000] {logging_mixin.py:188} INFO - [2024-02-02T15:19:25.214+0000] {dagbag.py:538} INFO - Filling up the DagBag from /home/airflow/.local/lib/python3.8/site-packages/airflow/example_dags/example_python_decorator.py
[2024-02-02T15:19:25.232+0000] {processor.py:840} INFO - DAG(s) 'example_python_decorator' retrieved from /home/airflow/.local/lib/python3.8/site-packages/airflow/example_dags/example_python_decorator.py
[2024-02-02T15:19:25.261+0000] {logging_mixin.py:188} INFO - [2024-02-02T15:19:25.261+0000] {dag.py:3036} INFO - Sync 1 DAGs
[2024-02-02T15:19:25.282+0000] {logging_mixin.py:188} INFO - [2024-02-02T15:19:25.282+0000] {dag.py:3823} INFO - Setting next_dagrun for example_python_decorator to None, run_after=None
[2024-02-02T15:19:25.311+0000] {processor.py:183} INFO - Processing /home/airflow/.local/lib/python3.8/site-packages/airflow/example_dags/example_python_decorator.py took 0.103 seconds
[2024-02-02T15:19:55.708+0000] {processor.py:161} INFO - Started process (PID=3551) to work on /home/airflow/.local/lib/python3.8/site-packages/airflow/example_dags/example_python_decorator.py
[2024-02-02T15:19:55.709+0000] {processor.py:830} INFO - Processing file /home/airflow/.local/lib/python3.8/site-packages/airflow/example_dags/example_python_decorator.py for tasks to queue
[2024-02-02T15:19:55.711+0000] {logging_mixin.py:188} INFO - [2024-02-02T15:19:55.710+0000] {dagbag.py:538} INFO - Filling up the DagBag from /home/airflow/.local/lib/python3.8/site-packages/airflow/example_dags/example_python_decorator.py
[2024-02-02T15:19:55.727+0000] {processor.py:840} INFO - DAG(s) 'example_python_decorator' retrieved from /home/airflow/.local/lib/python3.8/site-packages/airflow/example_dags/example_python_decorator.py
[2024-02-02T15:19:55.755+0000] {logging_mixin.py:188} INFO - [2024-02-02T15:19:55.754+0000] {dag.py:3036} INFO - Sync 1 DAGs
[2024-02-02T15:19:55.771+0000] {logging_mixin.py:188} INFO - [2024-02-02T15:19:55.771+0000] {dag.py:3823} INFO - Setting next_dagrun for example_python_decorator to None, run_after=None
[2024-02-02T15:19:55.798+0000] {processor.py:183} INFO - Processing /home/airflow/.local/lib/python3.8/site-packages/airflow/example_dags/example_python_decorator.py took 0.094 seconds
[2024-02-02T15:20:26.186+0000] {processor.py:161} INFO - Started process (PID=3798) to work on /home/airflow/.local/lib/python3.8/site-packages/airflow/example_dags/example_python_decorator.py
[2024-02-02T15:20:26.188+0000] {processor.py:830} INFO - Processing file /home/airflow/.local/lib/python3.8/site-packages/airflow/example_dags/example_python_decorator.py for tasks to queue
[2024-02-02T15:20:26.189+0000] {logging_mixin.py:188} INFO - [2024-02-02T15:20:26.189+0000] {dagbag.py:538} INFO - Filling up the DagBag from /home/airflow/.local/lib/python3.8/site-packages/airflow/example_dags/example_python_decorator.py
[2024-02-02T15:20:26.206+0000] {processor.py:840} INFO - DAG(s) 'example_python_decorator' retrieved from /home/airflow/.local/lib/python3.8/site-packages/airflow/example_dags/example_python_decorator.py
[2024-02-02T15:20:26.233+0000] {logging_mixin.py:188} INFO - [2024-02-02T15:20:26.233+0000] {dag.py:3036} INFO - Sync 1 DAGs
[2024-02-02T15:20:26.250+0000] {logging_mixin.py:188} INFO - [2024-02-02T15:20:26.249+0000] {dag.py:3823} INFO - Setting next_dagrun for example_python_decorator to None, run_after=None
[2024-02-02T15:20:26.276+0000] {processor.py:183} INFO - Processing /home/airflow/.local/lib/python3.8/site-packages/airflow/example_dags/example_python_decorator.py took 0.095 seconds
[2024-02-02T15:20:56.497+0000] {processor.py:161} INFO - Started process (PID=4045) to work on /home/airflow/.local/lib/python3.8/site-packages/airflow/example_dags/example_python_decorator.py
[2024-02-02T15:20:56.499+0000] {processor.py:830} INFO - Processing file /home/airflow/.local/lib/python3.8/site-packages/airflow/example_dags/example_python_decorator.py for tasks to queue
[2024-02-02T15:20:56.500+0000] {logging_mixin.py:188} INFO - [2024-02-02T15:20:56.500+0000] {dagbag.py:538} INFO - Filling up the DagBag from /home/airflow/.local/lib/python3.8/site-packages/airflow/example_dags/example_python_decorator.py
[2024-02-02T15:20:56.516+0000] {processor.py:840} INFO - DAG(s) 'example_python_decorator' retrieved from /home/airflow/.local/lib/python3.8/site-packages/airflow/example_dags/example_python_decorator.py
[2024-02-02T15:20:56.544+0000] {logging_mixin.py:188} INFO - [2024-02-02T15:20:56.544+0000] {dag.py:3036} INFO - Sync 1 DAGs
[2024-02-02T15:20:56.559+0000] {logging_mixin.py:188} INFO - [2024-02-02T15:20:56.559+0000] {dag.py:3823} INFO - Setting next_dagrun for example_python_decorator to None, run_after=None
[2024-02-02T15:20:56.584+0000] {processor.py:183} INFO - Processing /home/airflow/.local/lib/python3.8/site-packages/airflow/example_dags/example_python_decorator.py took 0.090 seconds
[2024-02-02T15:21:26.764+0000] {processor.py:161} INFO - Started process (PID=4292) to work on /home/airflow/.local/lib/python3.8/site-packages/airflow/example_dags/example_python_decorator.py
[2024-02-02T15:21:26.766+0000] {processor.py:830} INFO - Processing file /home/airflow/.local/lib/python3.8/site-packages/airflow/example_dags/example_python_decorator.py for tasks to queue
[2024-02-02T15:21:26.767+0000] {logging_mixin.py:188} INFO - [2024-02-02T15:21:26.767+0000] {dagbag.py:538} INFO - Filling up the DagBag from /home/airflow/.local/lib/python3.8/site-packages/airflow/example_dags/example_python_decorator.py
[2024-02-02T15:21:26.783+0000] {processor.py:840} INFO - DAG(s) 'example_python_decorator' retrieved from /home/airflow/.local/lib/python3.8/site-packages/airflow/example_dags/example_python_decorator.py
[2024-02-02T15:21:26.811+0000] {logging_mixin.py:188} INFO - [2024-02-02T15:21:26.811+0000] {dag.py:3036} INFO - Sync 1 DAGs
[2024-02-02T15:21:26.828+0000] {logging_mixin.py:188} INFO - [2024-02-02T15:21:26.828+0000] {dag.py:3823} INFO - Setting next_dagrun for example_python_decorator to None, run_after=None
[2024-02-02T15:21:26.854+0000] {processor.py:183} INFO - Processing /home/airflow/.local/lib/python3.8/site-packages/airflow/example_dags/example_python_decorator.py took 0.093 seconds
[2024-02-02T15:21:57.011+0000] {processor.py:161} INFO - Started process (PID=4536) to work on /home/airflow/.local/lib/python3.8/site-packages/airflow/example_dags/example_python_decorator.py
[2024-02-02T15:21:57.013+0000] {processor.py:830} INFO - Processing file /home/airflow/.local/lib/python3.8/site-packages/airflow/example_dags/example_python_decorator.py for tasks to queue
[2024-02-02T15:21:57.015+0000] {logging_mixin.py:188} INFO - [2024-02-02T15:21:57.014+0000] {dagbag.py:538} INFO - Filling up the DagBag from /home/airflow/.local/lib/python3.8/site-packages/airflow/example_dags/example_python_decorator.py
[2024-02-02T15:21:57.037+0000] {processor.py:840} INFO - DAG(s) 'example_python_decorator' retrieved from /home/airflow/.local/lib/python3.8/site-packages/airflow/example_dags/example_python_decorator.py
[2024-02-02T15:21:57.073+0000] {logging_mixin.py:188} INFO - [2024-02-02T15:21:57.072+0000] {dag.py:3036} INFO - Sync 1 DAGs
[2024-02-02T15:21:57.096+0000] {logging_mixin.py:188} INFO - [2024-02-02T15:21:57.095+0000] {dag.py:3823} INFO - Setting next_dagrun for example_python_decorator to None, run_after=None
[2024-02-02T15:21:57.123+0000] {processor.py:183} INFO - Processing /home/airflow/.local/lib/python3.8/site-packages/airflow/example_dags/example_python_decorator.py took 0.118 seconds
[2024-02-02T15:22:27.342+0000] {processor.py:161} INFO - Started process (PID=4781) to work on /home/airflow/.local/lib/python3.8/site-packages/airflow/example_dags/example_python_decorator.py
[2024-02-02T15:22:27.344+0000] {processor.py:830} INFO - Processing file /home/airflow/.local/lib/python3.8/site-packages/airflow/example_dags/example_python_decorator.py for tasks to queue
[2024-02-02T15:22:27.346+0000] {logging_mixin.py:188} INFO - [2024-02-02T15:22:27.346+0000] {dagbag.py:538} INFO - Filling up the DagBag from /home/airflow/.local/lib/python3.8/site-packages/airflow/example_dags/example_python_decorator.py
[2024-02-02T15:22:27.361+0000] {processor.py:840} INFO - DAG(s) 'example_python_decorator' retrieved from /home/airflow/.local/lib/python3.8/site-packages/airflow/example_dags/example_python_decorator.py
[2024-02-02T15:22:27.386+0000] {logging_mixin.py:188} INFO - [2024-02-02T15:22:27.386+0000] {dag.py:3036} INFO - Sync 1 DAGs
[2024-02-02T15:22:27.401+0000] {logging_mixin.py:188} INFO - [2024-02-02T15:22:27.401+0000] {dag.py:3823} INFO - Setting next_dagrun for example_python_decorator to None, run_after=None
[2024-02-02T15:22:27.422+0000] {processor.py:183} INFO - Processing /home/airflow/.local/lib/python3.8/site-packages/airflow/example_dags/example_python_decorator.py took 0.083 seconds
[2024-02-02T15:22:58.395+0000] {processor.py:161} INFO - Started process (PID=5028) to work on /home/airflow/.local/lib/python3.8/site-packages/airflow/example_dags/example_python_decorator.py
[2024-02-02T15:22:58.397+0000] {processor.py:830} INFO - Processing file /home/airflow/.local/lib/python3.8/site-packages/airflow/example_dags/example_python_decorator.py for tasks to queue
[2024-02-02T15:22:58.399+0000] {logging_mixin.py:188} INFO - [2024-02-02T15:22:58.398+0000] {dagbag.py:538} INFO - Filling up the DagBag from /home/airflow/.local/lib/python3.8/site-packages/airflow/example_dags/example_python_decorator.py
[2024-02-02T15:22:58.416+0000] {processor.py:840} INFO - DAG(s) 'example_python_decorator' retrieved from /home/airflow/.local/lib/python3.8/site-packages/airflow/example_dags/example_python_decorator.py
[2024-02-02T15:22:58.441+0000] {logging_mixin.py:188} INFO - [2024-02-02T15:22:58.441+0000] {dag.py:3036} INFO - Sync 1 DAGs
[2024-02-02T15:22:58.457+0000] {logging_mixin.py:188} INFO - [2024-02-02T15:22:58.456+0000] {dag.py:3823} INFO - Setting next_dagrun for example_python_decorator to None, run_after=None
[2024-02-02T15:22:58.477+0000] {processor.py:183} INFO - Processing /home/airflow/.local/lib/python3.8/site-packages/airflow/example_dags/example_python_decorator.py took 0.086 seconds
[2024-02-02T15:23:29.142+0000] {processor.py:161} INFO - Started process (PID=5275) to work on /home/airflow/.local/lib/python3.8/site-packages/airflow/example_dags/example_python_decorator.py
[2024-02-02T15:23:29.143+0000] {processor.py:830} INFO - Processing file /home/airflow/.local/lib/python3.8/site-packages/airflow/example_dags/example_python_decorator.py for tasks to queue
[2024-02-02T15:23:29.144+0000] {logging_mixin.py:188} INFO - [2024-02-02T15:23:29.144+0000] {dagbag.py:538} INFO - Filling up the DagBag from /home/airflow/.local/lib/python3.8/site-packages/airflow/example_dags/example_python_decorator.py
[2024-02-02T15:23:29.162+0000] {processor.py:840} INFO - DAG(s) 'example_python_decorator' retrieved from /home/airflow/.local/lib/python3.8/site-packages/airflow/example_dags/example_python_decorator.py
[2024-02-02T15:23:29.190+0000] {logging_mixin.py:188} INFO - [2024-02-02T15:23:29.190+0000] {dag.py:3036} INFO - Sync 1 DAGs
[2024-02-02T15:23:29.223+0000] {logging_mixin.py:188} INFO - [2024-02-02T15:23:29.222+0000] {dag.py:3823} INFO - Setting next_dagrun for example_python_decorator to None, run_after=None
[2024-02-02T15:23:29.274+0000] {processor.py:183} INFO - Processing /home/airflow/.local/lib/python3.8/site-packages/airflow/example_dags/example_python_decorator.py took 0.136 seconds
[2024-02-02T15:23:59.777+0000] {processor.py:161} INFO - Started process (PID=5528) to work on /home/airflow/.local/lib/python3.8/site-packages/airflow/example_dags/example_python_decorator.py
[2024-02-02T15:23:59.778+0000] {processor.py:830} INFO - Processing file /home/airflow/.local/lib/python3.8/site-packages/airflow/example_dags/example_python_decorator.py for tasks to queue
[2024-02-02T15:23:59.780+0000] {logging_mixin.py:188} INFO - [2024-02-02T15:23:59.780+0000] {dagbag.py:538} INFO - Filling up the DagBag from /home/airflow/.local/lib/python3.8/site-packages/airflow/example_dags/example_python_decorator.py
[2024-02-02T15:23:59.800+0000] {processor.py:840} INFO - DAG(s) 'example_python_decorator' retrieved from /home/airflow/.local/lib/python3.8/site-packages/airflow/example_dags/example_python_decorator.py
[2024-02-02T15:23:59.836+0000] {logging_mixin.py:188} INFO - [2024-02-02T15:23:59.835+0000] {dag.py:3036} INFO - Sync 1 DAGs
[2024-02-02T15:23:59.858+0000] {logging_mixin.py:188} INFO - [2024-02-02T15:23:59.858+0000] {dag.py:3823} INFO - Setting next_dagrun for example_python_decorator to None, run_after=None
[2024-02-02T15:23:59.886+0000] {processor.py:183} INFO - Processing /home/airflow/.local/lib/python3.8/site-packages/airflow/example_dags/example_python_decorator.py took 0.114 seconds
[2024-02-02T15:24:30.038+0000] {processor.py:161} INFO - Started process (PID=5775) to work on /home/airflow/.local/lib/python3.8/site-packages/airflow/example_dags/example_python_decorator.py
[2024-02-02T15:24:30.040+0000] {processor.py:830} INFO - Processing file /home/airflow/.local/lib/python3.8/site-packages/airflow/example_dags/example_python_decorator.py for tasks to queue
[2024-02-02T15:24:30.041+0000] {logging_mixin.py:188} INFO - [2024-02-02T15:24:30.041+0000] {dagbag.py:538} INFO - Filling up the DagBag from /home/airflow/.local/lib/python3.8/site-packages/airflow/example_dags/example_python_decorator.py
[2024-02-02T15:24:30.067+0000] {processor.py:840} INFO - DAG(s) 'example_python_decorator' retrieved from /home/airflow/.local/lib/python3.8/site-packages/airflow/example_dags/example_python_decorator.py
[2024-02-02T15:24:30.100+0000] {logging_mixin.py:188} INFO - [2024-02-02T15:24:30.099+0000] {dag.py:3036} INFO - Sync 1 DAGs
[2024-02-02T15:24:30.119+0000] {logging_mixin.py:188} INFO - [2024-02-02T15:24:30.119+0000] {dag.py:3823} INFO - Setting next_dagrun for example_python_decorator to None, run_after=None
[2024-02-02T15:24:30.144+0000] {processor.py:183} INFO - Processing /home/airflow/.local/lib/python3.8/site-packages/airflow/example_dags/example_python_decorator.py took 0.113 seconds
[2024-02-02T15:25:00.929+0000] {processor.py:161} INFO - Started process (PID=6022) to work on /home/airflow/.local/lib/python3.8/site-packages/airflow/example_dags/example_python_decorator.py
[2024-02-02T15:25:00.931+0000] {processor.py:830} INFO - Processing file /home/airflow/.local/lib/python3.8/site-packages/airflow/example_dags/example_python_decorator.py for tasks to queue
[2024-02-02T15:25:00.932+0000] {logging_mixin.py:188} INFO - [2024-02-02T15:25:00.932+0000] {dagbag.py:538} INFO - Filling up the DagBag from /home/airflow/.local/lib/python3.8/site-packages/airflow/example_dags/example_python_decorator.py
[2024-02-02T15:25:00.949+0000] {processor.py:840} INFO - DAG(s) 'example_python_decorator' retrieved from /home/airflow/.local/lib/python3.8/site-packages/airflow/example_dags/example_python_decorator.py
[2024-02-02T15:25:00.980+0000] {logging_mixin.py:188} INFO - [2024-02-02T15:25:00.980+0000] {dag.py:3036} INFO - Sync 1 DAGs
[2024-02-02T15:25:01.000+0000] {logging_mixin.py:188} INFO - [2024-02-02T15:25:00.999+0000] {dag.py:3823} INFO - Setting next_dagrun for example_python_decorator to None, run_after=None
[2024-02-02T15:25:01.027+0000] {processor.py:183} INFO - Processing /home/airflow/.local/lib/python3.8/site-packages/airflow/example_dags/example_python_decorator.py took 0.101 seconds
[2024-02-02T15:25:31.459+0000] {processor.py:161} INFO - Started process (PID=6270) to work on /home/airflow/.local/lib/python3.8/site-packages/airflow/example_dags/example_python_decorator.py
[2024-02-02T15:25:31.460+0000] {processor.py:830} INFO - Processing file /home/airflow/.local/lib/python3.8/site-packages/airflow/example_dags/example_python_decorator.py for tasks to queue
[2024-02-02T15:25:31.461+0000] {logging_mixin.py:188} INFO - [2024-02-02T15:25:31.460+0000] {dagbag.py:538} INFO - Filling up the DagBag from /home/airflow/.local/lib/python3.8/site-packages/airflow/example_dags/example_python_decorator.py
[2024-02-02T15:25:31.475+0000] {processor.py:840} INFO - DAG(s) 'example_python_decorator' retrieved from /home/airflow/.local/lib/python3.8/site-packages/airflow/example_dags/example_python_decorator.py
[2024-02-02T15:25:31.500+0000] {logging_mixin.py:188} INFO - [2024-02-02T15:25:31.500+0000] {dag.py:3036} INFO - Sync 1 DAGs
[2024-02-02T15:25:31.515+0000] {logging_mixin.py:188} INFO - [2024-02-02T15:25:31.514+0000] {dag.py:3823} INFO - Setting next_dagrun for example_python_decorator to None, run_after=None
[2024-02-02T15:25:31.538+0000] {processor.py:183} INFO - Processing /home/airflow/.local/lib/python3.8/site-packages/airflow/example_dags/example_python_decorator.py took 0.082 seconds
[2024-02-02T15:26:02.004+0000] {processor.py:161} INFO - Started process (PID=6516) to work on /home/airflow/.local/lib/python3.8/site-packages/airflow/example_dags/example_python_decorator.py
[2024-02-02T15:26:02.005+0000] {processor.py:830} INFO - Processing file /home/airflow/.local/lib/python3.8/site-packages/airflow/example_dags/example_python_decorator.py for tasks to queue
[2024-02-02T15:26:02.007+0000] {logging_mixin.py:188} INFO - [2024-02-02T15:26:02.007+0000] {dagbag.py:538} INFO - Filling up the DagBag from /home/airflow/.local/lib/python3.8/site-packages/airflow/example_dags/example_python_decorator.py
[2024-02-02T15:26:02.023+0000] {processor.py:840} INFO - DAG(s) 'example_python_decorator' retrieved from /home/airflow/.local/lib/python3.8/site-packages/airflow/example_dags/example_python_decorator.py
[2024-02-02T15:26:02.051+0000] {logging_mixin.py:188} INFO - [2024-02-02T15:26:02.050+0000] {dag.py:3036} INFO - Sync 1 DAGs
[2024-02-02T15:26:02.067+0000] {logging_mixin.py:188} INFO - [2024-02-02T15:26:02.066+0000] {dag.py:3823} INFO - Setting next_dagrun for example_python_decorator to None, run_after=None
[2024-02-02T15:26:02.093+0000] {processor.py:183} INFO - Processing /home/airflow/.local/lib/python3.8/site-packages/airflow/example_dags/example_python_decorator.py took 0.094 seconds
[2024-02-02T15:26:32.701+0000] {processor.py:161} INFO - Started process (PID=6763) to work on /home/airflow/.local/lib/python3.8/site-packages/airflow/example_dags/example_python_decorator.py
[2024-02-02T15:26:32.702+0000] {processor.py:830} INFO - Processing file /home/airflow/.local/lib/python3.8/site-packages/airflow/example_dags/example_python_decorator.py for tasks to queue
[2024-02-02T15:26:32.703+0000] {logging_mixin.py:188} INFO - [2024-02-02T15:26:32.703+0000] {dagbag.py:538} INFO - Filling up the DagBag from /home/airflow/.local/lib/python3.8/site-packages/airflow/example_dags/example_python_decorator.py
[2024-02-02T15:26:32.719+0000] {processor.py:840} INFO - DAG(s) 'example_python_decorator' retrieved from /home/airflow/.local/lib/python3.8/site-packages/airflow/example_dags/example_python_decorator.py
[2024-02-02T15:26:32.747+0000] {logging_mixin.py:188} INFO - [2024-02-02T15:26:32.747+0000] {dag.py:3036} INFO - Sync 1 DAGs
[2024-02-02T15:26:32.764+0000] {logging_mixin.py:188} INFO - [2024-02-02T15:26:32.763+0000] {dag.py:3823} INFO - Setting next_dagrun for example_python_decorator to None, run_after=None
[2024-02-02T15:26:32.790+0000] {processor.py:183} INFO - Processing /home/airflow/.local/lib/python3.8/site-packages/airflow/example_dags/example_python_decorator.py took 0.093 seconds
[2024-02-02T15:27:02.943+0000] {processor.py:161} INFO - Started process (PID=7010) to work on /home/airflow/.local/lib/python3.8/site-packages/airflow/example_dags/example_python_decorator.py
[2024-02-02T15:27:02.945+0000] {processor.py:830} INFO - Processing file /home/airflow/.local/lib/python3.8/site-packages/airflow/example_dags/example_python_decorator.py for tasks to queue
[2024-02-02T15:27:02.947+0000] {logging_mixin.py:188} INFO - [2024-02-02T15:27:02.946+0000] {dagbag.py:538} INFO - Filling up the DagBag from /home/airflow/.local/lib/python3.8/site-packages/airflow/example_dags/example_python_decorator.py
[2024-02-02T15:27:02.970+0000] {processor.py:840} INFO - DAG(s) 'example_python_decorator' retrieved from /home/airflow/.local/lib/python3.8/site-packages/airflow/example_dags/example_python_decorator.py
[2024-02-02T15:27:03.004+0000] {logging_mixin.py:188} INFO - [2024-02-02T15:27:03.004+0000] {dag.py:3036} INFO - Sync 1 DAGs
[2024-02-02T15:27:03.021+0000] {logging_mixin.py:188} INFO - [2024-02-02T15:27:03.021+0000] {dag.py:3823} INFO - Setting next_dagrun for example_python_decorator to None, run_after=None
[2024-02-02T15:27:03.048+0000] {processor.py:183} INFO - Processing /home/airflow/.local/lib/python3.8/site-packages/airflow/example_dags/example_python_decorator.py took 0.110 seconds
[2024-02-02T15:27:33.807+0000] {processor.py:161} INFO - Started process (PID=7257) to work on /home/airflow/.local/lib/python3.8/site-packages/airflow/example_dags/example_python_decorator.py
[2024-02-02T15:27:33.809+0000] {processor.py:830} INFO - Processing file /home/airflow/.local/lib/python3.8/site-packages/airflow/example_dags/example_python_decorator.py for tasks to queue
[2024-02-02T15:27:33.811+0000] {logging_mixin.py:188} INFO - [2024-02-02T15:27:33.810+0000] {dagbag.py:538} INFO - Filling up the DagBag from /home/airflow/.local/lib/python3.8/site-packages/airflow/example_dags/example_python_decorator.py
[2024-02-02T15:27:33.832+0000] {processor.py:840} INFO - DAG(s) 'example_python_decorator' retrieved from /home/airflow/.local/lib/python3.8/site-packages/airflow/example_dags/example_python_decorator.py
[2024-02-02T15:27:33.870+0000] {logging_mixin.py:188} INFO - [2024-02-02T15:27:33.870+0000] {dag.py:3036} INFO - Sync 1 DAGs
[2024-02-02T15:27:33.891+0000] {logging_mixin.py:188} INFO - [2024-02-02T15:27:33.891+0000] {dag.py:3823} INFO - Setting next_dagrun for example_python_decorator to None, run_after=None
[2024-02-02T15:27:33.923+0000] {processor.py:183} INFO - Processing /home/airflow/.local/lib/python3.8/site-packages/airflow/example_dags/example_python_decorator.py took 0.120 seconds
[2024-02-02T15:28:04.105+0000] {processor.py:161} INFO - Started process (PID=7504) to work on /home/airflow/.local/lib/python3.8/site-packages/airflow/example_dags/example_python_decorator.py
[2024-02-02T15:28:04.106+0000] {processor.py:830} INFO - Processing file /home/airflow/.local/lib/python3.8/site-packages/airflow/example_dags/example_python_decorator.py for tasks to queue
[2024-02-02T15:28:04.108+0000] {logging_mixin.py:188} INFO - [2024-02-02T15:28:04.107+0000] {dagbag.py:538} INFO - Filling up the DagBag from /home/airflow/.local/lib/python3.8/site-packages/airflow/example_dags/example_python_decorator.py
[2024-02-02T15:28:04.124+0000] {processor.py:840} INFO - DAG(s) 'example_python_decorator' retrieved from /home/airflow/.local/lib/python3.8/site-packages/airflow/example_dags/example_python_decorator.py
[2024-02-02T15:28:04.152+0000] {logging_mixin.py:188} INFO - [2024-02-02T15:28:04.152+0000] {dag.py:3036} INFO - Sync 1 DAGs
[2024-02-02T15:28:04.168+0000] {logging_mixin.py:188} INFO - [2024-02-02T15:28:04.168+0000] {dag.py:3823} INFO - Setting next_dagrun for example_python_decorator to None, run_after=None
[2024-02-02T15:28:04.195+0000] {processor.py:183} INFO - Processing /home/airflow/.local/lib/python3.8/site-packages/airflow/example_dags/example_python_decorator.py took 0.094 seconds
[2024-02-02T15:28:34.606+0000] {processor.py:161} INFO - Started process (PID=7751) to work on /home/airflow/.local/lib/python3.8/site-packages/airflow/example_dags/example_python_decorator.py
[2024-02-02T15:28:34.607+0000] {processor.py:830} INFO - Processing file /home/airflow/.local/lib/python3.8/site-packages/airflow/example_dags/example_python_decorator.py for tasks to queue
[2024-02-02T15:28:34.609+0000] {logging_mixin.py:188} INFO - [2024-02-02T15:28:34.608+0000] {dagbag.py:538} INFO - Filling up the DagBag from /home/airflow/.local/lib/python3.8/site-packages/airflow/example_dags/example_python_decorator.py
[2024-02-02T15:28:34.624+0000] {processor.py:840} INFO - DAG(s) 'example_python_decorator' retrieved from /home/airflow/.local/lib/python3.8/site-packages/airflow/example_dags/example_python_decorator.py
[2024-02-02T15:28:34.650+0000] {logging_mixin.py:188} INFO - [2024-02-02T15:28:34.649+0000] {dag.py:3036} INFO - Sync 1 DAGs
[2024-02-02T15:28:34.665+0000] {logging_mixin.py:188} INFO - [2024-02-02T15:28:34.665+0000] {dag.py:3823} INFO - Setting next_dagrun for example_python_decorator to None, run_after=None
[2024-02-02T15:28:34.689+0000] {processor.py:183} INFO - Processing /home/airflow/.local/lib/python3.8/site-packages/airflow/example_dags/example_python_decorator.py took 0.087 seconds
[2024-02-02T15:29:04.884+0000] {processor.py:161} INFO - Started process (PID=7998) to work on /home/airflow/.local/lib/python3.8/site-packages/airflow/example_dags/example_python_decorator.py
[2024-02-02T15:29:04.886+0000] {processor.py:830} INFO - Processing file /home/airflow/.local/lib/python3.8/site-packages/airflow/example_dags/example_python_decorator.py for tasks to queue
[2024-02-02T15:29:04.887+0000] {logging_mixin.py:188} INFO - [2024-02-02T15:29:04.887+0000] {dagbag.py:538} INFO - Filling up the DagBag from /home/airflow/.local/lib/python3.8/site-packages/airflow/example_dags/example_python_decorator.py
[2024-02-02T15:29:04.903+0000] {processor.py:840} INFO - DAG(s) 'example_python_decorator' retrieved from /home/airflow/.local/lib/python3.8/site-packages/airflow/example_dags/example_python_decorator.py
[2024-02-02T15:29:04.933+0000] {logging_mixin.py:188} INFO - [2024-02-02T15:29:04.932+0000] {dag.py:3036} INFO - Sync 1 DAGs
[2024-02-02T15:29:04.949+0000] {logging_mixin.py:188} INFO - [2024-02-02T15:29:04.949+0000] {dag.py:3823} INFO - Setting next_dagrun for example_python_decorator to None, run_after=None
[2024-02-02T15:29:04.981+0000] {processor.py:183} INFO - Processing /home/airflow/.local/lib/python3.8/site-packages/airflow/example_dags/example_python_decorator.py took 0.102 seconds
[2024-02-02T15:29:35.213+0000] {processor.py:161} INFO - Started process (PID=8245) to work on /home/airflow/.local/lib/python3.8/site-packages/airflow/example_dags/example_python_decorator.py
[2024-02-02T15:29:35.214+0000] {processor.py:830} INFO - Processing file /home/airflow/.local/lib/python3.8/site-packages/airflow/example_dags/example_python_decorator.py for tasks to queue
[2024-02-02T15:29:35.216+0000] {logging_mixin.py:188} INFO - [2024-02-02T15:29:35.215+0000] {dagbag.py:538} INFO - Filling up the DagBag from /home/airflow/.local/lib/python3.8/site-packages/airflow/example_dags/example_python_decorator.py
[2024-02-02T15:29:35.232+0000] {processor.py:840} INFO - DAG(s) 'example_python_decorator' retrieved from /home/airflow/.local/lib/python3.8/site-packages/airflow/example_dags/example_python_decorator.py
[2024-02-02T15:29:35.261+0000] {logging_mixin.py:188} INFO - [2024-02-02T15:29:35.260+0000] {dag.py:3036} INFO - Sync 1 DAGs
[2024-02-02T15:29:35.278+0000] {logging_mixin.py:188} INFO - [2024-02-02T15:29:35.278+0000] {dag.py:3823} INFO - Setting next_dagrun for example_python_decorator to None, run_after=None
[2024-02-02T15:29:35.308+0000] {processor.py:183} INFO - Processing /home/airflow/.local/lib/python3.8/site-packages/airflow/example_dags/example_python_decorator.py took 0.099 seconds
[2024-02-02T15:30:05.860+0000] {processor.py:161} INFO - Started process (PID=8492) to work on /home/airflow/.local/lib/python3.8/site-packages/airflow/example_dags/example_python_decorator.py
[2024-02-02T15:30:05.862+0000] {processor.py:830} INFO - Processing file /home/airflow/.local/lib/python3.8/site-packages/airflow/example_dags/example_python_decorator.py for tasks to queue
[2024-02-02T15:30:05.863+0000] {logging_mixin.py:188} INFO - [2024-02-02T15:30:05.862+0000] {dagbag.py:538} INFO - Filling up the DagBag from /home/airflow/.local/lib/python3.8/site-packages/airflow/example_dags/example_python_decorator.py
[2024-02-02T15:30:05.880+0000] {processor.py:840} INFO - DAG(s) 'example_python_decorator' retrieved from /home/airflow/.local/lib/python3.8/site-packages/airflow/example_dags/example_python_decorator.py
[2024-02-02T15:30:05.907+0000] {logging_mixin.py:188} INFO - [2024-02-02T15:30:05.906+0000] {dag.py:3036} INFO - Sync 1 DAGs
[2024-02-02T15:30:05.923+0000] {logging_mixin.py:188} INFO - [2024-02-02T15:30:05.922+0000] {dag.py:3823} INFO - Setting next_dagrun for example_python_decorator to None, run_after=None
[2024-02-02T15:30:05.949+0000] {processor.py:183} INFO - Processing /home/airflow/.local/lib/python3.8/site-packages/airflow/example_dags/example_python_decorator.py took 0.093 seconds
[2024-02-02T15:30:36.068+0000] {processor.py:161} INFO - Started process (PID=8739) to work on /home/airflow/.local/lib/python3.8/site-packages/airflow/example_dags/example_python_decorator.py
[2024-02-02T15:30:36.069+0000] {processor.py:830} INFO - Processing file /home/airflow/.local/lib/python3.8/site-packages/airflow/example_dags/example_python_decorator.py for tasks to queue
[2024-02-02T15:30:36.071+0000] {logging_mixin.py:188} INFO - [2024-02-02T15:30:36.070+0000] {dagbag.py:538} INFO - Filling up the DagBag from /home/airflow/.local/lib/python3.8/site-packages/airflow/example_dags/example_python_decorator.py
[2024-02-02T15:30:36.087+0000] {processor.py:840} INFO - DAG(s) 'example_python_decorator' retrieved from /home/airflow/.local/lib/python3.8/site-packages/airflow/example_dags/example_python_decorator.py
[2024-02-02T15:30:36.115+0000] {logging_mixin.py:188} INFO - [2024-02-02T15:30:36.115+0000] {dag.py:3036} INFO - Sync 1 DAGs
[2024-02-02T15:30:36.132+0000] {logging_mixin.py:188} INFO - [2024-02-02T15:30:36.132+0000] {dag.py:3823} INFO - Setting next_dagrun for example_python_decorator to None, run_after=None
[2024-02-02T15:30:36.159+0000] {processor.py:183} INFO - Processing /home/airflow/.local/lib/python3.8/site-packages/airflow/example_dags/example_python_decorator.py took 0.096 seconds
[2024-02-02T15:31:06.474+0000] {processor.py:161} INFO - Started process (PID=8986) to work on /home/airflow/.local/lib/python3.8/site-packages/airflow/example_dags/example_python_decorator.py
[2024-02-02T15:31:06.476+0000] {processor.py:830} INFO - Processing file /home/airflow/.local/lib/python3.8/site-packages/airflow/example_dags/example_python_decorator.py for tasks to queue
[2024-02-02T15:31:06.477+0000] {logging_mixin.py:188} INFO - [2024-02-02T15:31:06.477+0000] {dagbag.py:538} INFO - Filling up the DagBag from /home/airflow/.local/lib/python3.8/site-packages/airflow/example_dags/example_python_decorator.py
[2024-02-02T15:31:06.495+0000] {processor.py:840} INFO - DAG(s) 'example_python_decorator' retrieved from /home/airflow/.local/lib/python3.8/site-packages/airflow/example_dags/example_python_decorator.py
[2024-02-02T15:31:06.523+0000] {logging_mixin.py:188} INFO - [2024-02-02T15:31:06.523+0000] {dag.py:3036} INFO - Sync 1 DAGs
[2024-02-02T15:31:06.540+0000] {logging_mixin.py:188} INFO - [2024-02-02T15:31:06.539+0000] {dag.py:3823} INFO - Setting next_dagrun for example_python_decorator to None, run_after=None
[2024-02-02T15:31:06.567+0000] {processor.py:183} INFO - Processing /home/airflow/.local/lib/python3.8/site-packages/airflow/example_dags/example_python_decorator.py took 0.097 seconds
[2024-02-02T15:31:36.791+0000] {processor.py:161} INFO - Started process (PID=9233) to work on /home/airflow/.local/lib/python3.8/site-packages/airflow/example_dags/example_python_decorator.py
[2024-02-02T15:31:36.792+0000] {processor.py:830} INFO - Processing file /home/airflow/.local/lib/python3.8/site-packages/airflow/example_dags/example_python_decorator.py for tasks to queue
[2024-02-02T15:31:36.794+0000] {logging_mixin.py:188} INFO - [2024-02-02T15:31:36.793+0000] {dagbag.py:538} INFO - Filling up the DagBag from /home/airflow/.local/lib/python3.8/site-packages/airflow/example_dags/example_python_decorator.py
[2024-02-02T15:31:36.812+0000] {processor.py:840} INFO - DAG(s) 'example_python_decorator' retrieved from /home/airflow/.local/lib/python3.8/site-packages/airflow/example_dags/example_python_decorator.py
[2024-02-02T15:31:36.840+0000] {logging_mixin.py:188} INFO - [2024-02-02T15:31:36.840+0000] {dag.py:3036} INFO - Sync 1 DAGs
[2024-02-02T15:31:36.856+0000] {logging_mixin.py:188} INFO - [2024-02-02T15:31:36.856+0000] {dag.py:3823} INFO - Setting next_dagrun for example_python_decorator to None, run_after=None
[2024-02-02T15:31:36.883+0000] {processor.py:183} INFO - Processing /home/airflow/.local/lib/python3.8/site-packages/airflow/example_dags/example_python_decorator.py took 0.096 seconds
[2024-02-02T15:32:07.057+0000] {processor.py:161} INFO - Started process (PID=9480) to work on /home/airflow/.local/lib/python3.8/site-packages/airflow/example_dags/example_python_decorator.py
[2024-02-02T15:32:07.059+0000] {processor.py:830} INFO - Processing file /home/airflow/.local/lib/python3.8/site-packages/airflow/example_dags/example_python_decorator.py for tasks to queue
[2024-02-02T15:32:07.061+0000] {logging_mixin.py:188} INFO - [2024-02-02T15:32:07.060+0000] {dagbag.py:538} INFO - Filling up the DagBag from /home/airflow/.local/lib/python3.8/site-packages/airflow/example_dags/example_python_decorator.py
[2024-02-02T15:32:07.084+0000] {processor.py:840} INFO - DAG(s) 'example_python_decorator' retrieved from /home/airflow/.local/lib/python3.8/site-packages/airflow/example_dags/example_python_decorator.py
[2024-02-02T15:32:07.122+0000] {logging_mixin.py:188} INFO - [2024-02-02T15:32:07.121+0000] {dag.py:3036} INFO - Sync 1 DAGs
[2024-02-02T15:32:07.143+0000] {logging_mixin.py:188} INFO - [2024-02-02T15:32:07.142+0000] {dag.py:3823} INFO - Setting next_dagrun for example_python_decorator to None, run_after=None
[2024-02-02T15:32:07.174+0000] {processor.py:183} INFO - Processing /home/airflow/.local/lib/python3.8/site-packages/airflow/example_dags/example_python_decorator.py took 0.122 seconds
[2024-02-02T15:32:37.323+0000] {processor.py:161} INFO - Started process (PID=9727) to work on /home/airflow/.local/lib/python3.8/site-packages/airflow/example_dags/example_python_decorator.py
[2024-02-02T15:32:37.325+0000] {processor.py:830} INFO - Processing file /home/airflow/.local/lib/python3.8/site-packages/airflow/example_dags/example_python_decorator.py for tasks to queue
[2024-02-02T15:32:37.326+0000] {logging_mixin.py:188} INFO - [2024-02-02T15:32:37.326+0000] {dagbag.py:538} INFO - Filling up the DagBag from /home/airflow/.local/lib/python3.8/site-packages/airflow/example_dags/example_python_decorator.py
[2024-02-02T15:32:37.342+0000] {processor.py:840} INFO - DAG(s) 'example_python_decorator' retrieved from /home/airflow/.local/lib/python3.8/site-packages/airflow/example_dags/example_python_decorator.py
[2024-02-02T15:32:37.369+0000] {logging_mixin.py:188} INFO - [2024-02-02T15:32:37.369+0000] {dag.py:3036} INFO - Sync 1 DAGs
[2024-02-02T15:32:37.386+0000] {logging_mixin.py:188} INFO - [2024-02-02T15:32:37.386+0000] {dag.py:3823} INFO - Setting next_dagrun for example_python_decorator to None, run_after=None
[2024-02-02T15:32:37.412+0000] {processor.py:183} INFO - Processing /home/airflow/.local/lib/python3.8/site-packages/airflow/example_dags/example_python_decorator.py took 0.093 seconds
[2024-02-02T15:33:08.454+0000] {processor.py:161} INFO - Started process (PID=9976) to work on /home/airflow/.local/lib/python3.8/site-packages/airflow/example_dags/example_python_decorator.py
[2024-02-02T15:33:08.455+0000] {processor.py:830} INFO - Processing file /home/airflow/.local/lib/python3.8/site-packages/airflow/example_dags/example_python_decorator.py for tasks to queue
[2024-02-02T15:33:08.456+0000] {logging_mixin.py:188} INFO - [2024-02-02T15:33:08.456+0000] {dagbag.py:538} INFO - Filling up the DagBag from /home/airflow/.local/lib/python3.8/site-packages/airflow/example_dags/example_python_decorator.py
[2024-02-02T15:33:08.471+0000] {processor.py:840} INFO - DAG(s) 'example_python_decorator' retrieved from /home/airflow/.local/lib/python3.8/site-packages/airflow/example_dags/example_python_decorator.py
[2024-02-02T15:33:08.495+0000] {logging_mixin.py:188} INFO - [2024-02-02T15:33:08.495+0000] {dag.py:3036} INFO - Sync 1 DAGs
[2024-02-02T15:33:08.508+0000] {logging_mixin.py:188} INFO - [2024-02-02T15:33:08.508+0000] {dag.py:3823} INFO - Setting next_dagrun for example_python_decorator to None, run_after=None
[2024-02-02T15:33:08.530+0000] {processor.py:183} INFO - Processing /home/airflow/.local/lib/python3.8/site-packages/airflow/example_dags/example_python_decorator.py took 0.080 seconds
[2024-02-02T15:33:39.096+0000] {processor.py:161} INFO - Started process (PID=10221) to work on /home/airflow/.local/lib/python3.8/site-packages/airflow/example_dags/example_python_decorator.py
[2024-02-02T15:33:39.098+0000] {processor.py:830} INFO - Processing file /home/airflow/.local/lib/python3.8/site-packages/airflow/example_dags/example_python_decorator.py for tasks to queue
[2024-02-02T15:33:39.099+0000] {logging_mixin.py:188} INFO - [2024-02-02T15:33:39.099+0000] {dagbag.py:538} INFO - Filling up the DagBag from /home/airflow/.local/lib/python3.8/site-packages/airflow/example_dags/example_python_decorator.py
[2024-02-02T15:33:39.119+0000] {processor.py:840} INFO - DAG(s) 'example_python_decorator' retrieved from /home/airflow/.local/lib/python3.8/site-packages/airflow/example_dags/example_python_decorator.py
[2024-02-02T15:33:39.148+0000] {logging_mixin.py:188} INFO - [2024-02-02T15:33:39.148+0000] {dag.py:3036} INFO - Sync 1 DAGs
[2024-02-02T15:33:39.164+0000] {logging_mixin.py:188} INFO - [2024-02-02T15:33:39.163+0000] {dag.py:3823} INFO - Setting next_dagrun for example_python_decorator to None, run_after=None
[2024-02-02T15:33:39.190+0000] {processor.py:183} INFO - Processing /home/airflow/.local/lib/python3.8/site-packages/airflow/example_dags/example_python_decorator.py took 0.098 seconds
[2024-02-02T15:34:09.363+0000] {processor.py:161} INFO - Started process (PID=10468) to work on /home/airflow/.local/lib/python3.8/site-packages/airflow/example_dags/example_python_decorator.py
[2024-02-02T15:34:09.366+0000] {processor.py:830} INFO - Processing file /home/airflow/.local/lib/python3.8/site-packages/airflow/example_dags/example_python_decorator.py for tasks to queue
[2024-02-02T15:34:09.367+0000] {logging_mixin.py:188} INFO - [2024-02-02T15:34:09.367+0000] {dagbag.py:538} INFO - Filling up the DagBag from /home/airflow/.local/lib/python3.8/site-packages/airflow/example_dags/example_python_decorator.py
[2024-02-02T15:34:09.394+0000] {processor.py:840} INFO - DAG(s) 'example_python_decorator' retrieved from /home/airflow/.local/lib/python3.8/site-packages/airflow/example_dags/example_python_decorator.py
[2024-02-02T15:34:09.430+0000] {logging_mixin.py:188} INFO - [2024-02-02T15:34:09.430+0000] {dag.py:3036} INFO - Sync 1 DAGs
[2024-02-02T15:34:09.454+0000] {logging_mixin.py:188} INFO - [2024-02-02T15:34:09.454+0000] {dag.py:3823} INFO - Setting next_dagrun for example_python_decorator to None, run_after=None
[2024-02-02T15:34:09.485+0000] {processor.py:183} INFO - Processing /home/airflow/.local/lib/python3.8/site-packages/airflow/example_dags/example_python_decorator.py took 0.127 seconds
[2024-02-02T15:34:39.860+0000] {processor.py:161} INFO - Started process (PID=10715) to work on /home/airflow/.local/lib/python3.8/site-packages/airflow/example_dags/example_python_decorator.py
[2024-02-02T15:34:39.862+0000] {processor.py:830} INFO - Processing file /home/airflow/.local/lib/python3.8/site-packages/airflow/example_dags/example_python_decorator.py for tasks to queue
[2024-02-02T15:34:39.863+0000] {logging_mixin.py:188} INFO - [2024-02-02T15:34:39.863+0000] {dagbag.py:538} INFO - Filling up the DagBag from /home/airflow/.local/lib/python3.8/site-packages/airflow/example_dags/example_python_decorator.py
[2024-02-02T15:34:39.884+0000] {processor.py:840} INFO - DAG(s) 'example_python_decorator' retrieved from /home/airflow/.local/lib/python3.8/site-packages/airflow/example_dags/example_python_decorator.py
[2024-02-02T15:34:39.918+0000] {logging_mixin.py:188} INFO - [2024-02-02T15:34:39.918+0000] {dag.py:3036} INFO - Sync 1 DAGs
[2024-02-02T15:34:39.936+0000] {logging_mixin.py:188} INFO - [2024-02-02T15:34:39.936+0000] {dag.py:3823} INFO - Setting next_dagrun for example_python_decorator to None, run_after=None
[2024-02-02T15:34:39.964+0000] {processor.py:183} INFO - Processing /home/airflow/.local/lib/python3.8/site-packages/airflow/example_dags/example_python_decorator.py took 0.108 seconds
[2024-02-02T15:35:10.663+0000] {processor.py:161} INFO - Started process (PID=10956) to work on /home/airflow/.local/lib/python3.8/site-packages/airflow/example_dags/example_python_decorator.py
[2024-02-02T15:35:10.665+0000] {processor.py:830} INFO - Processing file /home/airflow/.local/lib/python3.8/site-packages/airflow/example_dags/example_python_decorator.py for tasks to queue
[2024-02-02T15:35:10.666+0000] {logging_mixin.py:188} INFO - [2024-02-02T15:35:10.666+0000] {dagbag.py:538} INFO - Filling up the DagBag from /home/airflow/.local/lib/python3.8/site-packages/airflow/example_dags/example_python_decorator.py
[2024-02-02T15:35:10.684+0000] {processor.py:840} INFO - DAG(s) 'example_python_decorator' retrieved from /home/airflow/.local/lib/python3.8/site-packages/airflow/example_dags/example_python_decorator.py
[2024-02-02T15:35:10.711+0000] {logging_mixin.py:188} INFO - [2024-02-02T15:35:10.711+0000] {dag.py:3036} INFO - Sync 1 DAGs
[2024-02-02T15:35:10.727+0000] {logging_mixin.py:188} INFO - [2024-02-02T15:35:10.727+0000] {dag.py:3823} INFO - Setting next_dagrun for example_python_decorator to None, run_after=None
[2024-02-02T15:35:10.753+0000] {processor.py:183} INFO - Processing /home/airflow/.local/lib/python3.8/site-packages/airflow/example_dags/example_python_decorator.py took 0.094 seconds
[2024-02-02T15:35:41.670+0000] {processor.py:161} INFO - Started process (PID=11203) to work on /home/airflow/.local/lib/python3.8/site-packages/airflow/example_dags/example_python_decorator.py
[2024-02-02T15:35:41.672+0000] {processor.py:830} INFO - Processing file /home/airflow/.local/lib/python3.8/site-packages/airflow/example_dags/example_python_decorator.py for tasks to queue
[2024-02-02T15:35:41.673+0000] {logging_mixin.py:188} INFO - [2024-02-02T15:35:41.673+0000] {dagbag.py:538} INFO - Filling up the DagBag from /home/airflow/.local/lib/python3.8/site-packages/airflow/example_dags/example_python_decorator.py
[2024-02-02T15:35:41.690+0000] {processor.py:840} INFO - DAG(s) 'example_python_decorator' retrieved from /home/airflow/.local/lib/python3.8/site-packages/airflow/example_dags/example_python_decorator.py
[2024-02-02T15:35:41.719+0000] {logging_mixin.py:188} INFO - [2024-02-02T15:35:41.718+0000] {dag.py:3036} INFO - Sync 1 DAGs
[2024-02-02T15:35:41.736+0000] {logging_mixin.py:188} INFO - [2024-02-02T15:35:41.736+0000] {dag.py:3823} INFO - Setting next_dagrun for example_python_decorator to None, run_after=None
[2024-02-02T15:35:41.765+0000] {processor.py:183} INFO - Processing /home/airflow/.local/lib/python3.8/site-packages/airflow/example_dags/example_python_decorator.py took 0.098 seconds
[2024-02-02T15:36:11.991+0000] {processor.py:161} INFO - Started process (PID=11450) to work on /home/airflow/.local/lib/python3.8/site-packages/airflow/example_dags/example_python_decorator.py
[2024-02-02T15:36:11.992+0000] {processor.py:830} INFO - Processing file /home/airflow/.local/lib/python3.8/site-packages/airflow/example_dags/example_python_decorator.py for tasks to queue
[2024-02-02T15:36:11.995+0000] {logging_mixin.py:188} INFO - [2024-02-02T15:36:11.994+0000] {dagbag.py:538} INFO - Filling up the DagBag from /home/airflow/.local/lib/python3.8/site-packages/airflow/example_dags/example_python_decorator.py
[2024-02-02T15:36:12.012+0000] {processor.py:840} INFO - DAG(s) 'example_python_decorator' retrieved from /home/airflow/.local/lib/python3.8/site-packages/airflow/example_dags/example_python_decorator.py
[2024-02-02T15:36:12.043+0000] {logging_mixin.py:188} INFO - [2024-02-02T15:36:12.042+0000] {dag.py:3036} INFO - Sync 1 DAGs
[2024-02-02T15:36:12.063+0000] {logging_mixin.py:188} INFO - [2024-02-02T15:36:12.063+0000] {dag.py:3823} INFO - Setting next_dagrun for example_python_decorator to None, run_after=None
[2024-02-02T15:36:12.098+0000] {processor.py:183} INFO - Processing /home/airflow/.local/lib/python3.8/site-packages/airflow/example_dags/example_python_decorator.py took 0.112 seconds
