[2024-02-02T15:13:19.027+0000] {processor.py:161} INFO - Started process (PID=326) to work on /home/airflow/.local/lib/python3.8/site-packages/airflow/example_dags/example_external_task_marker_dag.py
[2024-02-02T15:13:19.029+0000] {processor.py:830} INFO - Processing file /home/airflow/.local/lib/python3.8/site-packages/airflow/example_dags/example_external_task_marker_dag.py for tasks to queue
[2024-02-02T15:13:19.031+0000] {logging_mixin.py:188} INFO - [2024-02-02T15:13:19.030+0000] {dagbag.py:538} INFO - Filling up the DagBag from /home/airflow/.local/lib/python3.8/site-packages/airflow/example_dags/example_external_task_marker_dag.py
[2024-02-02T15:13:19.041+0000] {processor.py:840} INFO - DAG(s) 'example_external_task_marker_parent', 'example_external_task_marker_child' retrieved from /home/airflow/.local/lib/python3.8/site-packages/airflow/example_dags/example_external_task_marker_dag.py
[2024-02-02T15:13:19.057+0000] {logging_mixin.py:188} INFO - [2024-02-02T15:13:19.057+0000] {dag.py:3036} INFO - Sync 2 DAGs
[2024-02-02T15:13:19.077+0000] {logging_mixin.py:188} INFO - [2024-02-02T15:13:19.077+0000] {dag.py:3823} INFO - Setting next_dagrun for example_external_task_marker_child to None, run_after=None
[2024-02-02T15:13:19.082+0000] {logging_mixin.py:188} INFO - [2024-02-02T15:13:19.082+0000] {dag.py:3823} INFO - Setting next_dagrun for example_external_task_marker_parent to None, run_after=None
[2024-02-02T15:13:19.104+0000] {processor.py:183} INFO - Processing /home/airflow/.local/lib/python3.8/site-packages/airflow/example_dags/example_external_task_marker_dag.py took 0.085 seconds
[2024-02-02T15:13:52.388+0000] {processor.py:161} INFO - Started process (PID=573) to work on /home/airflow/.local/lib/python3.8/site-packages/airflow/example_dags/example_external_task_marker_dag.py
[2024-02-02T15:13:52.389+0000] {processor.py:830} INFO - Processing file /home/airflow/.local/lib/python3.8/site-packages/airflow/example_dags/example_external_task_marker_dag.py for tasks to queue
[2024-02-02T15:13:52.391+0000] {logging_mixin.py:188} INFO - [2024-02-02T15:13:52.391+0000] {dagbag.py:538} INFO - Filling up the DagBag from /home/airflow/.local/lib/python3.8/site-packages/airflow/example_dags/example_external_task_marker_dag.py
[2024-02-02T15:13:52.405+0000] {processor.py:840} INFO - DAG(s) 'example_external_task_marker_parent', 'example_external_task_marker_child' retrieved from /home/airflow/.local/lib/python3.8/site-packages/airflow/example_dags/example_external_task_marker_dag.py
[2024-02-02T15:13:52.609+0000] {logging_mixin.py:188} INFO - [2024-02-02T15:13:52.609+0000] {dag.py:3036} INFO - Sync 2 DAGs
[2024-02-02T15:13:52.630+0000] {logging_mixin.py:188} INFO - [2024-02-02T15:13:52.629+0000] {dag.py:3823} INFO - Setting next_dagrun for example_external_task_marker_child to None, run_after=None
[2024-02-02T15:13:52.635+0000] {logging_mixin.py:188} INFO - [2024-02-02T15:13:52.635+0000] {dag.py:3823} INFO - Setting next_dagrun for example_external_task_marker_parent to None, run_after=None
[2024-02-02T15:13:52.676+0000] {processor.py:183} INFO - Processing /home/airflow/.local/lib/python3.8/site-packages/airflow/example_dags/example_external_task_marker_dag.py took 0.293 seconds
[2024-02-02T15:14:23.071+0000] {processor.py:161} INFO - Started process (PID=822) to work on /home/airflow/.local/lib/python3.8/site-packages/airflow/example_dags/example_external_task_marker_dag.py
[2024-02-02T15:14:23.073+0000] {processor.py:830} INFO - Processing file /home/airflow/.local/lib/python3.8/site-packages/airflow/example_dags/example_external_task_marker_dag.py for tasks to queue
[2024-02-02T15:14:23.074+0000] {logging_mixin.py:188} INFO - [2024-02-02T15:14:23.074+0000] {dagbag.py:538} INFO - Filling up the DagBag from /home/airflow/.local/lib/python3.8/site-packages/airflow/example_dags/example_external_task_marker_dag.py
[2024-02-02T15:14:23.084+0000] {processor.py:840} INFO - DAG(s) 'example_external_task_marker_child', 'example_external_task_marker_parent' retrieved from /home/airflow/.local/lib/python3.8/site-packages/airflow/example_dags/example_external_task_marker_dag.py
[2024-02-02T15:14:23.121+0000] {logging_mixin.py:188} INFO - [2024-02-02T15:14:23.121+0000] {dag.py:3036} INFO - Sync 2 DAGs
[2024-02-02T15:14:23.140+0000] {logging_mixin.py:188} INFO - [2024-02-02T15:14:23.140+0000] {dag.py:3823} INFO - Setting next_dagrun for example_external_task_marker_child to None, run_after=None
[2024-02-02T15:14:23.145+0000] {logging_mixin.py:188} INFO - [2024-02-02T15:14:23.145+0000] {dag.py:3823} INFO - Setting next_dagrun for example_external_task_marker_parent to None, run_after=None
[2024-02-02T15:14:23.168+0000] {processor.py:183} INFO - Processing /home/airflow/.local/lib/python3.8/site-packages/airflow/example_dags/example_external_task_marker_dag.py took 0.102 seconds
[2024-02-02T15:14:53.265+0000] {processor.py:161} INFO - Started process (PID=1069) to work on /home/airflow/.local/lib/python3.8/site-packages/airflow/example_dags/example_external_task_marker_dag.py
[2024-02-02T15:14:53.267+0000] {processor.py:830} INFO - Processing file /home/airflow/.local/lib/python3.8/site-packages/airflow/example_dags/example_external_task_marker_dag.py for tasks to queue
[2024-02-02T15:14:53.268+0000] {logging_mixin.py:188} INFO - [2024-02-02T15:14:53.268+0000] {dagbag.py:538} INFO - Filling up the DagBag from /home/airflow/.local/lib/python3.8/site-packages/airflow/example_dags/example_external_task_marker_dag.py
[2024-02-02T15:14:53.276+0000] {processor.py:840} INFO - DAG(s) 'example_external_task_marker_child', 'example_external_task_marker_parent' retrieved from /home/airflow/.local/lib/python3.8/site-packages/airflow/example_dags/example_external_task_marker_dag.py
[2024-02-02T15:14:53.306+0000] {logging_mixin.py:188} INFO - [2024-02-02T15:14:53.306+0000] {dag.py:3036} INFO - Sync 2 DAGs
[2024-02-02T15:14:53.323+0000] {logging_mixin.py:188} INFO - [2024-02-02T15:14:53.323+0000] {dag.py:3823} INFO - Setting next_dagrun for example_external_task_marker_child to None, run_after=None
[2024-02-02T15:14:53.328+0000] {logging_mixin.py:188} INFO - [2024-02-02T15:14:53.328+0000] {dag.py:3823} INFO - Setting next_dagrun for example_external_task_marker_parent to None, run_after=None
[2024-02-02T15:14:53.353+0000] {processor.py:183} INFO - Processing /home/airflow/.local/lib/python3.8/site-packages/airflow/example_dags/example_external_task_marker_dag.py took 0.092 seconds
[2024-02-02T15:15:23.519+0000] {processor.py:161} INFO - Started process (PID=1314) to work on /home/airflow/.local/lib/python3.8/site-packages/airflow/example_dags/example_external_task_marker_dag.py
[2024-02-02T15:15:23.520+0000] {processor.py:830} INFO - Processing file /home/airflow/.local/lib/python3.8/site-packages/airflow/example_dags/example_external_task_marker_dag.py for tasks to queue
[2024-02-02T15:15:23.522+0000] {logging_mixin.py:188} INFO - [2024-02-02T15:15:23.521+0000] {dagbag.py:538} INFO - Filling up the DagBag from /home/airflow/.local/lib/python3.8/site-packages/airflow/example_dags/example_external_task_marker_dag.py
[2024-02-02T15:15:23.534+0000] {processor.py:840} INFO - DAG(s) 'example_external_task_marker_parent', 'example_external_task_marker_child' retrieved from /home/airflow/.local/lib/python3.8/site-packages/airflow/example_dags/example_external_task_marker_dag.py
[2024-02-02T15:15:23.572+0000] {logging_mixin.py:188} INFO - [2024-02-02T15:15:23.572+0000] {dag.py:3036} INFO - Sync 2 DAGs
[2024-02-02T15:15:23.591+0000] {logging_mixin.py:188} INFO - [2024-02-02T15:15:23.590+0000] {dag.py:3823} INFO - Setting next_dagrun for example_external_task_marker_child to None, run_after=None
[2024-02-02T15:15:23.596+0000] {logging_mixin.py:188} INFO - [2024-02-02T15:15:23.595+0000] {dag.py:3823} INFO - Setting next_dagrun for example_external_task_marker_parent to None, run_after=None
[2024-02-02T15:15:23.627+0000] {processor.py:183} INFO - Processing /home/airflow/.local/lib/python3.8/site-packages/airflow/example_dags/example_external_task_marker_dag.py took 0.113 seconds
[2024-02-02T15:15:54.342+0000] {processor.py:161} INFO - Started process (PID=1561) to work on /home/airflow/.local/lib/python3.8/site-packages/airflow/example_dags/example_external_task_marker_dag.py
[2024-02-02T15:15:54.343+0000] {processor.py:830} INFO - Processing file /home/airflow/.local/lib/python3.8/site-packages/airflow/example_dags/example_external_task_marker_dag.py for tasks to queue
[2024-02-02T15:15:54.345+0000] {logging_mixin.py:188} INFO - [2024-02-02T15:15:54.344+0000] {dagbag.py:538} INFO - Filling up the DagBag from /home/airflow/.local/lib/python3.8/site-packages/airflow/example_dags/example_external_task_marker_dag.py
[2024-02-02T15:15:54.358+0000] {processor.py:840} INFO - DAG(s) 'example_external_task_marker_parent', 'example_external_task_marker_child' retrieved from /home/airflow/.local/lib/python3.8/site-packages/airflow/example_dags/example_external_task_marker_dag.py
[2024-02-02T15:15:54.399+0000] {logging_mixin.py:188} INFO - [2024-02-02T15:15:54.399+0000] {dag.py:3036} INFO - Sync 2 DAGs
[2024-02-02T15:15:54.425+0000] {logging_mixin.py:188} INFO - [2024-02-02T15:15:54.424+0000] {dag.py:3823} INFO - Setting next_dagrun for example_external_task_marker_child to None, run_after=None
[2024-02-02T15:15:54.430+0000] {logging_mixin.py:188} INFO - [2024-02-02T15:15:54.430+0000] {dag.py:3823} INFO - Setting next_dagrun for example_external_task_marker_parent to None, run_after=None
[2024-02-02T15:15:54.461+0000] {processor.py:183} INFO - Processing /home/airflow/.local/lib/python3.8/site-packages/airflow/example_dags/example_external_task_marker_dag.py took 0.126 seconds
[2024-02-02T15:16:24.575+0000] {processor.py:161} INFO - Started process (PID=1810) to work on /home/airflow/.local/lib/python3.8/site-packages/airflow/example_dags/example_external_task_marker_dag.py
[2024-02-02T15:16:24.577+0000] {processor.py:830} INFO - Processing file /home/airflow/.local/lib/python3.8/site-packages/airflow/example_dags/example_external_task_marker_dag.py for tasks to queue
[2024-02-02T15:16:24.578+0000] {logging_mixin.py:188} INFO - [2024-02-02T15:16:24.578+0000] {dagbag.py:538} INFO - Filling up the DagBag from /home/airflow/.local/lib/python3.8/site-packages/airflow/example_dags/example_external_task_marker_dag.py
[2024-02-02T15:16:24.586+0000] {processor.py:840} INFO - DAG(s) 'example_external_task_marker_child', 'example_external_task_marker_parent' retrieved from /home/airflow/.local/lib/python3.8/site-packages/airflow/example_dags/example_external_task_marker_dag.py
[2024-02-02T15:16:24.627+0000] {logging_mixin.py:188} INFO - [2024-02-02T15:16:24.627+0000] {dag.py:3036} INFO - Sync 2 DAGs
[2024-02-02T15:16:24.648+0000] {logging_mixin.py:188} INFO - [2024-02-02T15:16:24.648+0000] {dag.py:3823} INFO - Setting next_dagrun for example_external_task_marker_child to None, run_after=None
[2024-02-02T15:16:24.653+0000] {logging_mixin.py:188} INFO - [2024-02-02T15:16:24.652+0000] {dag.py:3823} INFO - Setting next_dagrun for example_external_task_marker_parent to None, run_after=None
[2024-02-02T15:16:24.681+0000] {processor.py:183} INFO - Processing /home/airflow/.local/lib/python3.8/site-packages/airflow/example_dags/example_external_task_marker_dag.py took 0.112 seconds
[2024-02-02T15:16:55.498+0000] {processor.py:161} INFO - Started process (PID=2055) to work on /home/airflow/.local/lib/python3.8/site-packages/airflow/example_dags/example_external_task_marker_dag.py
[2024-02-02T15:16:55.500+0000] {processor.py:830} INFO - Processing file /home/airflow/.local/lib/python3.8/site-packages/airflow/example_dags/example_external_task_marker_dag.py for tasks to queue
[2024-02-02T15:16:55.502+0000] {logging_mixin.py:188} INFO - [2024-02-02T15:16:55.501+0000] {dagbag.py:538} INFO - Filling up the DagBag from /home/airflow/.local/lib/python3.8/site-packages/airflow/example_dags/example_external_task_marker_dag.py
[2024-02-02T15:16:55.518+0000] {processor.py:840} INFO - DAG(s) 'example_external_task_marker_child', 'example_external_task_marker_parent' retrieved from /home/airflow/.local/lib/python3.8/site-packages/airflow/example_dags/example_external_task_marker_dag.py
[2024-02-02T15:16:55.569+0000] {logging_mixin.py:188} INFO - [2024-02-02T15:16:55.569+0000] {dag.py:3036} INFO - Sync 2 DAGs
[2024-02-02T15:16:55.601+0000] {logging_mixin.py:188} INFO - [2024-02-02T15:16:55.601+0000] {dag.py:3823} INFO - Setting next_dagrun for example_external_task_marker_child to None, run_after=None
[2024-02-02T15:16:55.612+0000] {logging_mixin.py:188} INFO - [2024-02-02T15:16:55.611+0000] {dag.py:3823} INFO - Setting next_dagrun for example_external_task_marker_parent to None, run_after=None
[2024-02-02T15:16:55.646+0000] {processor.py:183} INFO - Processing /home/airflow/.local/lib/python3.8/site-packages/airflow/example_dags/example_external_task_marker_dag.py took 0.158 seconds
[2024-02-02T15:17:25.736+0000] {processor.py:161} INFO - Started process (PID=2302) to work on /home/airflow/.local/lib/python3.8/site-packages/airflow/example_dags/example_external_task_marker_dag.py
[2024-02-02T15:17:25.738+0000] {processor.py:830} INFO - Processing file /home/airflow/.local/lib/python3.8/site-packages/airflow/example_dags/example_external_task_marker_dag.py for tasks to queue
[2024-02-02T15:17:25.740+0000] {logging_mixin.py:188} INFO - [2024-02-02T15:17:25.739+0000] {dagbag.py:538} INFO - Filling up the DagBag from /home/airflow/.local/lib/python3.8/site-packages/airflow/example_dags/example_external_task_marker_dag.py
[2024-02-02T15:17:25.752+0000] {processor.py:840} INFO - DAG(s) 'example_external_task_marker_child', 'example_external_task_marker_parent' retrieved from /home/airflow/.local/lib/python3.8/site-packages/airflow/example_dags/example_external_task_marker_dag.py
[2024-02-02T15:17:25.793+0000] {logging_mixin.py:188} INFO - [2024-02-02T15:17:25.793+0000] {dag.py:3036} INFO - Sync 2 DAGs
[2024-02-02T15:17:25.817+0000] {logging_mixin.py:188} INFO - [2024-02-02T15:17:25.816+0000] {dag.py:3823} INFO - Setting next_dagrun for example_external_task_marker_child to None, run_after=None
[2024-02-02T15:17:25.822+0000] {logging_mixin.py:188} INFO - [2024-02-02T15:17:25.821+0000] {dag.py:3823} INFO - Setting next_dagrun for example_external_task_marker_parent to None, run_after=None
[2024-02-02T15:17:25.853+0000] {processor.py:183} INFO - Processing /home/airflow/.local/lib/python3.8/site-packages/airflow/example_dags/example_external_task_marker_dag.py took 0.124 seconds
[2024-02-02T15:17:56.015+0000] {processor.py:161} INFO - Started process (PID=2549) to work on /home/airflow/.local/lib/python3.8/site-packages/airflow/example_dags/example_external_task_marker_dag.py
[2024-02-02T15:17:56.017+0000] {processor.py:830} INFO - Processing file /home/airflow/.local/lib/python3.8/site-packages/airflow/example_dags/example_external_task_marker_dag.py for tasks to queue
[2024-02-02T15:17:56.018+0000] {logging_mixin.py:188} INFO - [2024-02-02T15:17:56.018+0000] {dagbag.py:538} INFO - Filling up the DagBag from /home/airflow/.local/lib/python3.8/site-packages/airflow/example_dags/example_external_task_marker_dag.py
[2024-02-02T15:17:56.028+0000] {processor.py:840} INFO - DAG(s) 'example_external_task_marker_parent', 'example_external_task_marker_child' retrieved from /home/airflow/.local/lib/python3.8/site-packages/airflow/example_dags/example_external_task_marker_dag.py
[2024-02-02T15:17:56.068+0000] {logging_mixin.py:188} INFO - [2024-02-02T15:17:56.068+0000] {dag.py:3036} INFO - Sync 2 DAGs
[2024-02-02T15:17:56.094+0000] {logging_mixin.py:188} INFO - [2024-02-02T15:17:56.094+0000] {dag.py:3823} INFO - Setting next_dagrun for example_external_task_marker_child to None, run_after=None
[2024-02-02T15:17:56.101+0000] {logging_mixin.py:188} INFO - [2024-02-02T15:17:56.101+0000] {dag.py:3823} INFO - Setting next_dagrun for example_external_task_marker_parent to None, run_after=None
[2024-02-02T15:17:56.126+0000] {processor.py:183} INFO - Processing /home/airflow/.local/lib/python3.8/site-packages/airflow/example_dags/example_external_task_marker_dag.py took 0.117 seconds
[2024-02-02T15:18:26.933+0000] {processor.py:161} INFO - Started process (PID=2844) to work on /home/airflow/.local/lib/python3.8/site-packages/airflow/example_dags/example_external_task_marker_dag.py
[2024-02-02T15:18:26.935+0000] {processor.py:830} INFO - Processing file /home/airflow/.local/lib/python3.8/site-packages/airflow/example_dags/example_external_task_marker_dag.py for tasks to queue
[2024-02-02T15:18:26.936+0000] {logging_mixin.py:188} INFO - [2024-02-02T15:18:26.936+0000] {dagbag.py:538} INFO - Filling up the DagBag from /home/airflow/.local/lib/python3.8/site-packages/airflow/example_dags/example_external_task_marker_dag.py
[2024-02-02T15:18:26.945+0000] {processor.py:840} INFO - DAG(s) 'example_external_task_marker_parent', 'example_external_task_marker_child' retrieved from /home/airflow/.local/lib/python3.8/site-packages/airflow/example_dags/example_external_task_marker_dag.py
[2024-02-02T15:18:26.977+0000] {logging_mixin.py:188} INFO - [2024-02-02T15:18:26.977+0000] {dag.py:3036} INFO - Sync 2 DAGs
[2024-02-02T15:18:26.996+0000] {logging_mixin.py:188} INFO - [2024-02-02T15:18:26.996+0000] {dag.py:3823} INFO - Setting next_dagrun for example_external_task_marker_child to None, run_after=None
[2024-02-02T15:18:27.002+0000] {logging_mixin.py:188} INFO - [2024-02-02T15:18:27.001+0000] {dag.py:3823} INFO - Setting next_dagrun for example_external_task_marker_parent to None, run_after=None
[2024-02-02T15:18:27.028+0000] {processor.py:183} INFO - Processing /home/airflow/.local/lib/python3.8/site-packages/airflow/example_dags/example_external_task_marker_dag.py took 0.100 seconds
[2024-02-02T15:18:57.656+0000] {processor.py:161} INFO - Started process (PID=3093) to work on /home/airflow/.local/lib/python3.8/site-packages/airflow/example_dags/example_external_task_marker_dag.py
[2024-02-02T15:18:57.658+0000] {processor.py:830} INFO - Processing file /home/airflow/.local/lib/python3.8/site-packages/airflow/example_dags/example_external_task_marker_dag.py for tasks to queue
[2024-02-02T15:18:57.660+0000] {logging_mixin.py:188} INFO - [2024-02-02T15:18:57.660+0000] {dagbag.py:538} INFO - Filling up the DagBag from /home/airflow/.local/lib/python3.8/site-packages/airflow/example_dags/example_external_task_marker_dag.py
[2024-02-02T15:18:57.677+0000] {processor.py:840} INFO - DAG(s) 'example_external_task_marker_parent', 'example_external_task_marker_child' retrieved from /home/airflow/.local/lib/python3.8/site-packages/airflow/example_dags/example_external_task_marker_dag.py
[2024-02-02T15:18:57.732+0000] {logging_mixin.py:188} INFO - [2024-02-02T15:18:57.730+0000] {dag.py:3036} INFO - Sync 2 DAGs
[2024-02-02T15:18:57.761+0000] {logging_mixin.py:188} INFO - [2024-02-02T15:18:57.761+0000] {dag.py:3823} INFO - Setting next_dagrun for example_external_task_marker_child to None, run_after=None
[2024-02-02T15:18:57.769+0000] {logging_mixin.py:188} INFO - [2024-02-02T15:18:57.769+0000] {dag.py:3823} INFO - Setting next_dagrun for example_external_task_marker_parent to None, run_after=None
[2024-02-02T15:18:57.803+0000] {processor.py:183} INFO - Processing /home/airflow/.local/lib/python3.8/site-packages/airflow/example_dags/example_external_task_marker_dag.py took 0.156 seconds
[2024-02-02T15:19:27.862+0000] {processor.py:161} INFO - Started process (PID=3341) to work on /home/airflow/.local/lib/python3.8/site-packages/airflow/example_dags/example_external_task_marker_dag.py
[2024-02-02T15:19:27.863+0000] {processor.py:830} INFO - Processing file /home/airflow/.local/lib/python3.8/site-packages/airflow/example_dags/example_external_task_marker_dag.py for tasks to queue
[2024-02-02T15:19:27.864+0000] {logging_mixin.py:188} INFO - [2024-02-02T15:19:27.864+0000] {dagbag.py:538} INFO - Filling up the DagBag from /home/airflow/.local/lib/python3.8/site-packages/airflow/example_dags/example_external_task_marker_dag.py
[2024-02-02T15:19:27.872+0000] {processor.py:840} INFO - DAG(s) 'example_external_task_marker_parent', 'example_external_task_marker_child' retrieved from /home/airflow/.local/lib/python3.8/site-packages/airflow/example_dags/example_external_task_marker_dag.py
[2024-02-02T15:19:27.903+0000] {logging_mixin.py:188} INFO - [2024-02-02T15:19:27.903+0000] {dag.py:3036} INFO - Sync 2 DAGs
[2024-02-02T15:19:27.919+0000] {logging_mixin.py:188} INFO - [2024-02-02T15:19:27.919+0000] {dag.py:3823} INFO - Setting next_dagrun for example_external_task_marker_child to None, run_after=None
[2024-02-02T15:19:27.924+0000] {logging_mixin.py:188} INFO - [2024-02-02T15:19:27.924+0000] {dag.py:3823} INFO - Setting next_dagrun for example_external_task_marker_parent to None, run_after=None
[2024-02-02T15:19:27.949+0000] {processor.py:183} INFO - Processing /home/airflow/.local/lib/python3.8/site-packages/airflow/example_dags/example_external_task_marker_dag.py took 0.092 seconds
[2024-02-02T15:19:58.208+0000] {processor.py:161} INFO - Started process (PID=3588) to work on /home/airflow/.local/lib/python3.8/site-packages/airflow/example_dags/example_external_task_marker_dag.py
[2024-02-02T15:19:58.210+0000] {processor.py:830} INFO - Processing file /home/airflow/.local/lib/python3.8/site-packages/airflow/example_dags/example_external_task_marker_dag.py for tasks to queue
[2024-02-02T15:19:58.211+0000] {logging_mixin.py:188} INFO - [2024-02-02T15:19:58.211+0000] {dagbag.py:538} INFO - Filling up the DagBag from /home/airflow/.local/lib/python3.8/site-packages/airflow/example_dags/example_external_task_marker_dag.py
[2024-02-02T15:19:58.219+0000] {processor.py:840} INFO - DAG(s) 'example_external_task_marker_child', 'example_external_task_marker_parent' retrieved from /home/airflow/.local/lib/python3.8/site-packages/airflow/example_dags/example_external_task_marker_dag.py
[2024-02-02T15:19:58.249+0000] {logging_mixin.py:188} INFO - [2024-02-02T15:19:58.249+0000] {dag.py:3036} INFO - Sync 2 DAGs
[2024-02-02T15:19:58.266+0000] {logging_mixin.py:188} INFO - [2024-02-02T15:19:58.265+0000] {dag.py:3823} INFO - Setting next_dagrun for example_external_task_marker_child to None, run_after=None
[2024-02-02T15:19:58.271+0000] {logging_mixin.py:188} INFO - [2024-02-02T15:19:58.270+0000] {dag.py:3823} INFO - Setting next_dagrun for example_external_task_marker_parent to None, run_after=None
[2024-02-02T15:19:58.296+0000] {processor.py:183} INFO - Processing /home/airflow/.local/lib/python3.8/site-packages/airflow/example_dags/example_external_task_marker_dag.py took 0.092 seconds
[2024-02-02T15:20:28.777+0000] {processor.py:161} INFO - Started process (PID=3835) to work on /home/airflow/.local/lib/python3.8/site-packages/airflow/example_dags/example_external_task_marker_dag.py
[2024-02-02T15:20:28.778+0000] {processor.py:830} INFO - Processing file /home/airflow/.local/lib/python3.8/site-packages/airflow/example_dags/example_external_task_marker_dag.py for tasks to queue
[2024-02-02T15:20:28.780+0000] {logging_mixin.py:188} INFO - [2024-02-02T15:20:28.779+0000] {dagbag.py:538} INFO - Filling up the DagBag from /home/airflow/.local/lib/python3.8/site-packages/airflow/example_dags/example_external_task_marker_dag.py
[2024-02-02T15:20:28.789+0000] {processor.py:840} INFO - DAG(s) 'example_external_task_marker_child', 'example_external_task_marker_parent' retrieved from /home/airflow/.local/lib/python3.8/site-packages/airflow/example_dags/example_external_task_marker_dag.py
[2024-02-02T15:20:28.821+0000] {logging_mixin.py:188} INFO - [2024-02-02T15:20:28.821+0000] {dag.py:3036} INFO - Sync 2 DAGs
[2024-02-02T15:20:28.838+0000] {logging_mixin.py:188} INFO - [2024-02-02T15:20:28.838+0000] {dag.py:3823} INFO - Setting next_dagrun for example_external_task_marker_child to None, run_after=None
[2024-02-02T15:20:28.843+0000] {logging_mixin.py:188} INFO - [2024-02-02T15:20:28.843+0000] {dag.py:3823} INFO - Setting next_dagrun for example_external_task_marker_parent to None, run_after=None
[2024-02-02T15:20:28.868+0000] {processor.py:183} INFO - Processing /home/airflow/.local/lib/python3.8/site-packages/airflow/example_dags/example_external_task_marker_dag.py took 0.096 seconds
[2024-02-02T15:20:59.142+0000] {processor.py:161} INFO - Started process (PID=4088) to work on /home/airflow/.local/lib/python3.8/site-packages/airflow/example_dags/example_external_task_marker_dag.py
[2024-02-02T15:20:59.143+0000] {processor.py:830} INFO - Processing file /home/airflow/.local/lib/python3.8/site-packages/airflow/example_dags/example_external_task_marker_dag.py for tasks to queue
[2024-02-02T15:20:59.145+0000] {logging_mixin.py:188} INFO - [2024-02-02T15:20:59.145+0000] {dagbag.py:538} INFO - Filling up the DagBag from /home/airflow/.local/lib/python3.8/site-packages/airflow/example_dags/example_external_task_marker_dag.py
[2024-02-02T15:20:59.153+0000] {processor.py:840} INFO - DAG(s) 'example_external_task_marker_child', 'example_external_task_marker_parent' retrieved from /home/airflow/.local/lib/python3.8/site-packages/airflow/example_dags/example_external_task_marker_dag.py
[2024-02-02T15:20:59.183+0000] {logging_mixin.py:188} INFO - [2024-02-02T15:20:59.182+0000] {dag.py:3036} INFO - Sync 2 DAGs
[2024-02-02T15:20:59.198+0000] {logging_mixin.py:188} INFO - [2024-02-02T15:20:59.198+0000] {dag.py:3823} INFO - Setting next_dagrun for example_external_task_marker_child to None, run_after=None
[2024-02-02T15:20:59.203+0000] {logging_mixin.py:188} INFO - [2024-02-02T15:20:59.202+0000] {dag.py:3823} INFO - Setting next_dagrun for example_external_task_marker_parent to None, run_after=None
[2024-02-02T15:20:59.227+0000] {processor.py:183} INFO - Processing /home/airflow/.local/lib/python3.8/site-packages/airflow/example_dags/example_external_task_marker_dag.py took 0.089 seconds
[2024-02-02T15:21:29.272+0000] {processor.py:161} INFO - Started process (PID=4333) to work on /home/airflow/.local/lib/python3.8/site-packages/airflow/example_dags/example_external_task_marker_dag.py
[2024-02-02T15:21:29.274+0000] {processor.py:830} INFO - Processing file /home/airflow/.local/lib/python3.8/site-packages/airflow/example_dags/example_external_task_marker_dag.py for tasks to queue
[2024-02-02T15:21:29.275+0000] {logging_mixin.py:188} INFO - [2024-02-02T15:21:29.275+0000] {dagbag.py:538} INFO - Filling up the DagBag from /home/airflow/.local/lib/python3.8/site-packages/airflow/example_dags/example_external_task_marker_dag.py
[2024-02-02T15:21:29.284+0000] {processor.py:840} INFO - DAG(s) 'example_external_task_marker_parent', 'example_external_task_marker_child' retrieved from /home/airflow/.local/lib/python3.8/site-packages/airflow/example_dags/example_external_task_marker_dag.py
[2024-02-02T15:21:29.315+0000] {logging_mixin.py:188} INFO - [2024-02-02T15:21:29.315+0000] {dag.py:3036} INFO - Sync 2 DAGs
[2024-02-02T15:21:29.332+0000] {logging_mixin.py:188} INFO - [2024-02-02T15:21:29.331+0000] {dag.py:3823} INFO - Setting next_dagrun for example_external_task_marker_child to None, run_after=None
[2024-02-02T15:21:29.337+0000] {logging_mixin.py:188} INFO - [2024-02-02T15:21:29.337+0000] {dag.py:3823} INFO - Setting next_dagrun for example_external_task_marker_parent to None, run_after=None
[2024-02-02T15:21:29.363+0000] {processor.py:183} INFO - Processing /home/airflow/.local/lib/python3.8/site-packages/airflow/example_dags/example_external_task_marker_dag.py took 0.095 seconds
[2024-02-02T15:21:59.536+0000] {processor.py:161} INFO - Started process (PID=4580) to work on /home/airflow/.local/lib/python3.8/site-packages/airflow/example_dags/example_external_task_marker_dag.py
[2024-02-02T15:21:59.538+0000] {processor.py:830} INFO - Processing file /home/airflow/.local/lib/python3.8/site-packages/airflow/example_dags/example_external_task_marker_dag.py for tasks to queue
[2024-02-02T15:21:59.539+0000] {logging_mixin.py:188} INFO - [2024-02-02T15:21:59.539+0000] {dagbag.py:538} INFO - Filling up the DagBag from /home/airflow/.local/lib/python3.8/site-packages/airflow/example_dags/example_external_task_marker_dag.py
[2024-02-02T15:21:59.547+0000] {processor.py:840} INFO - DAG(s) 'example_external_task_marker_child', 'example_external_task_marker_parent' retrieved from /home/airflow/.local/lib/python3.8/site-packages/airflow/example_dags/example_external_task_marker_dag.py
[2024-02-02T15:21:59.576+0000] {logging_mixin.py:188} INFO - [2024-02-02T15:21:59.575+0000] {dag.py:3036} INFO - Sync 2 DAGs
[2024-02-02T15:21:59.594+0000] {logging_mixin.py:188} INFO - [2024-02-02T15:21:59.594+0000] {dag.py:3823} INFO - Setting next_dagrun for example_external_task_marker_child to None, run_after=None
[2024-02-02T15:21:59.599+0000] {logging_mixin.py:188} INFO - [2024-02-02T15:21:59.599+0000] {dag.py:3823} INFO - Setting next_dagrun for example_external_task_marker_parent to None, run_after=None
[2024-02-02T15:21:59.627+0000] {processor.py:183} INFO - Processing /home/airflow/.local/lib/python3.8/site-packages/airflow/example_dags/example_external_task_marker_dag.py took 0.094 seconds
[2024-02-02T15:22:30.068+0000] {processor.py:161} INFO - Started process (PID=4829) to work on /home/airflow/.local/lib/python3.8/site-packages/airflow/example_dags/example_external_task_marker_dag.py
[2024-02-02T15:22:30.069+0000] {processor.py:830} INFO - Processing file /home/airflow/.local/lib/python3.8/site-packages/airflow/example_dags/example_external_task_marker_dag.py for tasks to queue
[2024-02-02T15:22:30.070+0000] {logging_mixin.py:188} INFO - [2024-02-02T15:22:30.070+0000] {dagbag.py:538} INFO - Filling up the DagBag from /home/airflow/.local/lib/python3.8/site-packages/airflow/example_dags/example_external_task_marker_dag.py
[2024-02-02T15:22:30.077+0000] {processor.py:840} INFO - DAG(s) 'example_external_task_marker_child', 'example_external_task_marker_parent' retrieved from /home/airflow/.local/lib/python3.8/site-packages/airflow/example_dags/example_external_task_marker_dag.py
[2024-02-02T15:22:30.104+0000] {logging_mixin.py:188} INFO - [2024-02-02T15:22:30.104+0000] {dag.py:3036} INFO - Sync 2 DAGs
[2024-02-02T15:22:30.119+0000] {logging_mixin.py:188} INFO - [2024-02-02T15:22:30.118+0000] {dag.py:3823} INFO - Setting next_dagrun for example_external_task_marker_child to None, run_after=None
[2024-02-02T15:22:30.123+0000] {logging_mixin.py:188} INFO - [2024-02-02T15:22:30.123+0000] {dag.py:3823} INFO - Setting next_dagrun for example_external_task_marker_parent to None, run_after=None
[2024-02-02T15:22:30.144+0000] {processor.py:183} INFO - Processing /home/airflow/.local/lib/python3.8/site-packages/airflow/example_dags/example_external_task_marker_dag.py took 0.081 seconds
[2024-02-02T15:23:01.087+0000] {processor.py:161} INFO - Started process (PID=5076) to work on /home/airflow/.local/lib/python3.8/site-packages/airflow/example_dags/example_external_task_marker_dag.py
[2024-02-02T15:23:01.089+0000] {processor.py:830} INFO - Processing file /home/airflow/.local/lib/python3.8/site-packages/airflow/example_dags/example_external_task_marker_dag.py for tasks to queue
[2024-02-02T15:23:01.090+0000] {logging_mixin.py:188} INFO - [2024-02-02T15:23:01.090+0000] {dagbag.py:538} INFO - Filling up the DagBag from /home/airflow/.local/lib/python3.8/site-packages/airflow/example_dags/example_external_task_marker_dag.py
[2024-02-02T15:23:01.098+0000] {processor.py:840} INFO - DAG(s) 'example_external_task_marker_child', 'example_external_task_marker_parent' retrieved from /home/airflow/.local/lib/python3.8/site-packages/airflow/example_dags/example_external_task_marker_dag.py
[2024-02-02T15:23:01.128+0000] {logging_mixin.py:188} INFO - [2024-02-02T15:23:01.127+0000] {dag.py:3036} INFO - Sync 2 DAGs
[2024-02-02T15:23:01.146+0000] {logging_mixin.py:188} INFO - [2024-02-02T15:23:01.145+0000] {dag.py:3823} INFO - Setting next_dagrun for example_external_task_marker_child to None, run_after=None
[2024-02-02T15:23:01.150+0000] {logging_mixin.py:188} INFO - [2024-02-02T15:23:01.150+0000] {dag.py:3823} INFO - Setting next_dagrun for example_external_task_marker_parent to None, run_after=None
[2024-02-02T15:23:01.174+0000] {processor.py:183} INFO - Processing /home/airflow/.local/lib/python3.8/site-packages/airflow/example_dags/example_external_task_marker_dag.py took 0.091 seconds
[2024-02-02T15:23:31.793+0000] {processor.py:161} INFO - Started process (PID=5321) to work on /home/airflow/.local/lib/python3.8/site-packages/airflow/example_dags/example_external_task_marker_dag.py
[2024-02-02T15:23:31.794+0000] {processor.py:830} INFO - Processing file /home/airflow/.local/lib/python3.8/site-packages/airflow/example_dags/example_external_task_marker_dag.py for tasks to queue
[2024-02-02T15:23:31.796+0000] {logging_mixin.py:188} INFO - [2024-02-02T15:23:31.796+0000] {dagbag.py:538} INFO - Filling up the DagBag from /home/airflow/.local/lib/python3.8/site-packages/airflow/example_dags/example_external_task_marker_dag.py
[2024-02-02T15:23:31.805+0000] {processor.py:840} INFO - DAG(s) 'example_external_task_marker_child', 'example_external_task_marker_parent' retrieved from /home/airflow/.local/lib/python3.8/site-packages/airflow/example_dags/example_external_task_marker_dag.py
[2024-02-02T15:23:31.835+0000] {logging_mixin.py:188} INFO - [2024-02-02T15:23:31.834+0000] {dag.py:3036} INFO - Sync 2 DAGs
[2024-02-02T15:23:31.852+0000] {logging_mixin.py:188} INFO - [2024-02-02T15:23:31.851+0000] {dag.py:3823} INFO - Setting next_dagrun for example_external_task_marker_child to None, run_after=None
[2024-02-02T15:23:31.857+0000] {logging_mixin.py:188} INFO - [2024-02-02T15:23:31.857+0000] {dag.py:3823} INFO - Setting next_dagrun for example_external_task_marker_parent to None, run_after=None
[2024-02-02T15:23:31.882+0000] {processor.py:183} INFO - Processing /home/airflow/.local/lib/python3.8/site-packages/airflow/example_dags/example_external_task_marker_dag.py took 0.094 seconds
[2024-02-02T15:24:02.456+0000] {processor.py:161} INFO - Started process (PID=5568) to work on /home/airflow/.local/lib/python3.8/site-packages/airflow/example_dags/example_external_task_marker_dag.py
[2024-02-02T15:24:02.457+0000] {processor.py:830} INFO - Processing file /home/airflow/.local/lib/python3.8/site-packages/airflow/example_dags/example_external_task_marker_dag.py for tasks to queue
[2024-02-02T15:24:02.459+0000] {logging_mixin.py:188} INFO - [2024-02-02T15:24:02.458+0000] {dagbag.py:538} INFO - Filling up the DagBag from /home/airflow/.local/lib/python3.8/site-packages/airflow/example_dags/example_external_task_marker_dag.py
[2024-02-02T15:24:02.468+0000] {processor.py:840} INFO - DAG(s) 'example_external_task_marker_parent', 'example_external_task_marker_child' retrieved from /home/airflow/.local/lib/python3.8/site-packages/airflow/example_dags/example_external_task_marker_dag.py
[2024-02-02T15:24:02.498+0000] {logging_mixin.py:188} INFO - [2024-02-02T15:24:02.498+0000] {dag.py:3036} INFO - Sync 2 DAGs
[2024-02-02T15:24:02.518+0000] {logging_mixin.py:188} INFO - [2024-02-02T15:24:02.517+0000] {dag.py:3823} INFO - Setting next_dagrun for example_external_task_marker_child to None, run_after=None
[2024-02-02T15:24:02.523+0000] {logging_mixin.py:188} INFO - [2024-02-02T15:24:02.523+0000] {dag.py:3823} INFO - Setting next_dagrun for example_external_task_marker_parent to None, run_after=None
[2024-02-02T15:24:02.547+0000] {processor.py:183} INFO - Processing /home/airflow/.local/lib/python3.8/site-packages/airflow/example_dags/example_external_task_marker_dag.py took 0.096 seconds
[2024-02-02T15:24:32.853+0000] {processor.py:161} INFO - Started process (PID=5815) to work on /home/airflow/.local/lib/python3.8/site-packages/airflow/example_dags/example_external_task_marker_dag.py
[2024-02-02T15:24:32.854+0000] {processor.py:830} INFO - Processing file /home/airflow/.local/lib/python3.8/site-packages/airflow/example_dags/example_external_task_marker_dag.py for tasks to queue
[2024-02-02T15:24:32.856+0000] {logging_mixin.py:188} INFO - [2024-02-02T15:24:32.855+0000] {dagbag.py:538} INFO - Filling up the DagBag from /home/airflow/.local/lib/python3.8/site-packages/airflow/example_dags/example_external_task_marker_dag.py
[2024-02-02T15:24:32.864+0000] {processor.py:840} INFO - DAG(s) 'example_external_task_marker_parent', 'example_external_task_marker_child' retrieved from /home/airflow/.local/lib/python3.8/site-packages/airflow/example_dags/example_external_task_marker_dag.py
[2024-02-02T15:24:32.895+0000] {logging_mixin.py:188} INFO - [2024-02-02T15:24:32.895+0000] {dag.py:3036} INFO - Sync 2 DAGs
[2024-02-02T15:24:32.915+0000] {logging_mixin.py:188} INFO - [2024-02-02T15:24:32.914+0000] {dag.py:3823} INFO - Setting next_dagrun for example_external_task_marker_child to None, run_after=None
[2024-02-02T15:24:32.920+0000] {logging_mixin.py:188} INFO - [2024-02-02T15:24:32.920+0000] {dag.py:3823} INFO - Setting next_dagrun for example_external_task_marker_parent to None, run_after=None
[2024-02-02T15:24:32.943+0000] {processor.py:183} INFO - Processing /home/airflow/.local/lib/python3.8/site-packages/airflow/example_dags/example_external_task_marker_dag.py took 0.095 seconds
[2024-02-02T15:25:03.741+0000] {processor.py:161} INFO - Started process (PID=6064) to work on /home/airflow/.local/lib/python3.8/site-packages/airflow/example_dags/example_external_task_marker_dag.py
[2024-02-02T15:25:03.743+0000] {processor.py:830} INFO - Processing file /home/airflow/.local/lib/python3.8/site-packages/airflow/example_dags/example_external_task_marker_dag.py for tasks to queue
[2024-02-02T15:25:03.745+0000] {logging_mixin.py:188} INFO - [2024-02-02T15:25:03.745+0000] {dagbag.py:538} INFO - Filling up the DagBag from /home/airflow/.local/lib/python3.8/site-packages/airflow/example_dags/example_external_task_marker_dag.py
[2024-02-02T15:25:03.754+0000] {processor.py:840} INFO - DAG(s) 'example_external_task_marker_child', 'example_external_task_marker_parent' retrieved from /home/airflow/.local/lib/python3.8/site-packages/airflow/example_dags/example_external_task_marker_dag.py
[2024-02-02T15:25:03.794+0000] {logging_mixin.py:188} INFO - [2024-02-02T15:25:03.793+0000] {dag.py:3036} INFO - Sync 2 DAGs
[2024-02-02T15:25:03.814+0000] {logging_mixin.py:188} INFO - [2024-02-02T15:25:03.814+0000] {dag.py:3823} INFO - Setting next_dagrun for example_external_task_marker_child to None, run_after=None
[2024-02-02T15:25:03.820+0000] {logging_mixin.py:188} INFO - [2024-02-02T15:25:03.820+0000] {dag.py:3823} INFO - Setting next_dagrun for example_external_task_marker_parent to None, run_after=None
[2024-02-02T15:25:03.847+0000] {processor.py:183} INFO - Processing /home/airflow/.local/lib/python3.8/site-packages/airflow/example_dags/example_external_task_marker_dag.py took 0.110 seconds
[2024-02-02T15:25:34.006+0000] {processor.py:161} INFO - Started process (PID=6309) to work on /home/airflow/.local/lib/python3.8/site-packages/airflow/example_dags/example_external_task_marker_dag.py
[2024-02-02T15:25:34.008+0000] {processor.py:830} INFO - Processing file /home/airflow/.local/lib/python3.8/site-packages/airflow/example_dags/example_external_task_marker_dag.py for tasks to queue
[2024-02-02T15:25:34.009+0000] {logging_mixin.py:188} INFO - [2024-02-02T15:25:34.009+0000] {dagbag.py:538} INFO - Filling up the DagBag from /home/airflow/.local/lib/python3.8/site-packages/airflow/example_dags/example_external_task_marker_dag.py
[2024-02-02T15:25:34.018+0000] {processor.py:840} INFO - DAG(s) 'example_external_task_marker_parent', 'example_external_task_marker_child' retrieved from /home/airflow/.local/lib/python3.8/site-packages/airflow/example_dags/example_external_task_marker_dag.py
[2024-02-02T15:25:34.048+0000] {logging_mixin.py:188} INFO - [2024-02-02T15:25:34.047+0000] {dag.py:3036} INFO - Sync 2 DAGs
[2024-02-02T15:25:34.067+0000] {logging_mixin.py:188} INFO - [2024-02-02T15:25:34.066+0000] {dag.py:3823} INFO - Setting next_dagrun for example_external_task_marker_child to None, run_after=None
[2024-02-02T15:25:34.072+0000] {logging_mixin.py:188} INFO - [2024-02-02T15:25:34.072+0000] {dag.py:3823} INFO - Setting next_dagrun for example_external_task_marker_parent to None, run_after=None
[2024-02-02T15:25:34.097+0000] {processor.py:183} INFO - Processing /home/airflow/.local/lib/python3.8/site-packages/airflow/example_dags/example_external_task_marker_dag.py took 0.096 seconds
[2024-02-02T15:26:04.648+0000] {processor.py:161} INFO - Started process (PID=6556) to work on /home/airflow/.local/lib/python3.8/site-packages/airflow/example_dags/example_external_task_marker_dag.py
[2024-02-02T15:26:04.650+0000] {processor.py:830} INFO - Processing file /home/airflow/.local/lib/python3.8/site-packages/airflow/example_dags/example_external_task_marker_dag.py for tasks to queue
[2024-02-02T15:26:04.651+0000] {logging_mixin.py:188} INFO - [2024-02-02T15:26:04.651+0000] {dagbag.py:538} INFO - Filling up the DagBag from /home/airflow/.local/lib/python3.8/site-packages/airflow/example_dags/example_external_task_marker_dag.py
[2024-02-02T15:26:04.662+0000] {processor.py:840} INFO - DAG(s) 'example_external_task_marker_child', 'example_external_task_marker_parent' retrieved from /home/airflow/.local/lib/python3.8/site-packages/airflow/example_dags/example_external_task_marker_dag.py
[2024-02-02T15:26:04.695+0000] {logging_mixin.py:188} INFO - [2024-02-02T15:26:04.694+0000] {dag.py:3036} INFO - Sync 2 DAGs
[2024-02-02T15:26:04.711+0000] {logging_mixin.py:188} INFO - [2024-02-02T15:26:04.711+0000] {dag.py:3823} INFO - Setting next_dagrun for example_external_task_marker_child to None, run_after=None
[2024-02-02T15:26:04.716+0000] {logging_mixin.py:188} INFO - [2024-02-02T15:26:04.716+0000] {dag.py:3823} INFO - Setting next_dagrun for example_external_task_marker_parent to None, run_after=None
[2024-02-02T15:26:04.747+0000] {processor.py:183} INFO - Processing /home/airflow/.local/lib/python3.8/site-packages/airflow/example_dags/example_external_task_marker_dag.py took 0.103 seconds
[2024-02-02T15:26:35.335+0000] {processor.py:161} INFO - Started process (PID=6803) to work on /home/airflow/.local/lib/python3.8/site-packages/airflow/example_dags/example_external_task_marker_dag.py
[2024-02-02T15:26:35.337+0000] {processor.py:830} INFO - Processing file /home/airflow/.local/lib/python3.8/site-packages/airflow/example_dags/example_external_task_marker_dag.py for tasks to queue
[2024-02-02T15:26:35.338+0000] {logging_mixin.py:188} INFO - [2024-02-02T15:26:35.338+0000] {dagbag.py:538} INFO - Filling up the DagBag from /home/airflow/.local/lib/python3.8/site-packages/airflow/example_dags/example_external_task_marker_dag.py
[2024-02-02T15:26:35.346+0000] {processor.py:840} INFO - DAG(s) 'example_external_task_marker_parent', 'example_external_task_marker_child' retrieved from /home/airflow/.local/lib/python3.8/site-packages/airflow/example_dags/example_external_task_marker_dag.py
[2024-02-02T15:26:35.378+0000] {logging_mixin.py:188} INFO - [2024-02-02T15:26:35.378+0000] {dag.py:3036} INFO - Sync 2 DAGs
[2024-02-02T15:26:35.394+0000] {logging_mixin.py:188} INFO - [2024-02-02T15:26:35.394+0000] {dag.py:3823} INFO - Setting next_dagrun for example_external_task_marker_child to None, run_after=None
[2024-02-02T15:26:35.400+0000] {logging_mixin.py:188} INFO - [2024-02-02T15:26:35.399+0000] {dag.py:3823} INFO - Setting next_dagrun for example_external_task_marker_parent to None, run_after=None
[2024-02-02T15:26:35.425+0000] {processor.py:183} INFO - Processing /home/airflow/.local/lib/python3.8/site-packages/airflow/example_dags/example_external_task_marker_dag.py took 0.094 seconds
[2024-02-02T15:27:05.825+0000] {processor.py:161} INFO - Started process (PID=7052) to work on /home/airflow/.local/lib/python3.8/site-packages/airflow/example_dags/example_external_task_marker_dag.py
[2024-02-02T15:27:05.826+0000] {processor.py:830} INFO - Processing file /home/airflow/.local/lib/python3.8/site-packages/airflow/example_dags/example_external_task_marker_dag.py for tasks to queue
[2024-02-02T15:27:05.828+0000] {logging_mixin.py:188} INFO - [2024-02-02T15:27:05.827+0000] {dagbag.py:538} INFO - Filling up the DagBag from /home/airflow/.local/lib/python3.8/site-packages/airflow/example_dags/example_external_task_marker_dag.py
[2024-02-02T15:27:05.834+0000] {processor.py:840} INFO - DAG(s) 'example_external_task_marker_parent', 'example_external_task_marker_child' retrieved from /home/airflow/.local/lib/python3.8/site-packages/airflow/example_dags/example_external_task_marker_dag.py
[2024-02-02T15:27:05.862+0000] {logging_mixin.py:188} INFO - [2024-02-02T15:27:05.862+0000] {dag.py:3036} INFO - Sync 2 DAGs
[2024-02-02T15:27:05.877+0000] {logging_mixin.py:188} INFO - [2024-02-02T15:27:05.876+0000] {dag.py:3823} INFO - Setting next_dagrun for example_external_task_marker_child to None, run_after=None
[2024-02-02T15:27:05.881+0000] {logging_mixin.py:188} INFO - [2024-02-02T15:27:05.881+0000] {dag.py:3823} INFO - Setting next_dagrun for example_external_task_marker_parent to None, run_after=None
[2024-02-02T15:27:05.901+0000] {processor.py:183} INFO - Processing /home/airflow/.local/lib/python3.8/site-packages/airflow/example_dags/example_external_task_marker_dag.py took 0.080 seconds
[2024-02-02T15:27:36.484+0000] {processor.py:161} INFO - Started process (PID=7297) to work on /home/airflow/.local/lib/python3.8/site-packages/airflow/example_dags/example_external_task_marker_dag.py
[2024-02-02T15:27:36.486+0000] {processor.py:830} INFO - Processing file /home/airflow/.local/lib/python3.8/site-packages/airflow/example_dags/example_external_task_marker_dag.py for tasks to queue
[2024-02-02T15:27:36.487+0000] {logging_mixin.py:188} INFO - [2024-02-02T15:27:36.487+0000] {dagbag.py:538} INFO - Filling up the DagBag from /home/airflow/.local/lib/python3.8/site-packages/airflow/example_dags/example_external_task_marker_dag.py
[2024-02-02T15:27:36.496+0000] {processor.py:840} INFO - DAG(s) 'example_external_task_marker_child', 'example_external_task_marker_parent' retrieved from /home/airflow/.local/lib/python3.8/site-packages/airflow/example_dags/example_external_task_marker_dag.py
[2024-02-02T15:27:36.527+0000] {logging_mixin.py:188} INFO - [2024-02-02T15:27:36.527+0000] {dag.py:3036} INFO - Sync 2 DAGs
[2024-02-02T15:27:36.546+0000] {logging_mixin.py:188} INFO - [2024-02-02T15:27:36.545+0000] {dag.py:3823} INFO - Setting next_dagrun for example_external_task_marker_child to None, run_after=None
[2024-02-02T15:27:36.551+0000] {logging_mixin.py:188} INFO - [2024-02-02T15:27:36.551+0000] {dag.py:3823} INFO - Setting next_dagrun for example_external_task_marker_parent to None, run_after=None
[2024-02-02T15:27:36.578+0000] {processor.py:183} INFO - Processing /home/airflow/.local/lib/python3.8/site-packages/airflow/example_dags/example_external_task_marker_dag.py took 0.098 seconds
[2024-02-02T15:28:06.979+0000] {processor.py:161} INFO - Started process (PID=7546) to work on /home/airflow/.local/lib/python3.8/site-packages/airflow/example_dags/example_external_task_marker_dag.py
[2024-02-02T15:28:06.980+0000] {processor.py:830} INFO - Processing file /home/airflow/.local/lib/python3.8/site-packages/airflow/example_dags/example_external_task_marker_dag.py for tasks to queue
[2024-02-02T15:28:06.981+0000] {logging_mixin.py:188} INFO - [2024-02-02T15:28:06.981+0000] {dagbag.py:538} INFO - Filling up the DagBag from /home/airflow/.local/lib/python3.8/site-packages/airflow/example_dags/example_external_task_marker_dag.py
[2024-02-02T15:28:06.989+0000] {processor.py:840} INFO - DAG(s) 'example_external_task_marker_parent', 'example_external_task_marker_child' retrieved from /home/airflow/.local/lib/python3.8/site-packages/airflow/example_dags/example_external_task_marker_dag.py
[2024-02-02T15:28:07.016+0000] {logging_mixin.py:188} INFO - [2024-02-02T15:28:07.016+0000] {dag.py:3036} INFO - Sync 2 DAGs
[2024-02-02T15:28:07.031+0000] {logging_mixin.py:188} INFO - [2024-02-02T15:28:07.031+0000] {dag.py:3823} INFO - Setting next_dagrun for example_external_task_marker_child to None, run_after=None
[2024-02-02T15:28:07.035+0000] {logging_mixin.py:188} INFO - [2024-02-02T15:28:07.035+0000] {dag.py:3823} INFO - Setting next_dagrun for example_external_task_marker_parent to None, run_after=None
[2024-02-02T15:28:07.055+0000] {processor.py:183} INFO - Processing /home/airflow/.local/lib/python3.8/site-packages/airflow/example_dags/example_external_task_marker_dag.py took 0.080 seconds
[2024-02-02T15:28:37.437+0000] {processor.py:161} INFO - Started process (PID=7793) to work on /home/airflow/.local/lib/python3.8/site-packages/airflow/example_dags/example_external_task_marker_dag.py
[2024-02-02T15:28:37.438+0000] {processor.py:830} INFO - Processing file /home/airflow/.local/lib/python3.8/site-packages/airflow/example_dags/example_external_task_marker_dag.py for tasks to queue
[2024-02-02T15:28:37.439+0000] {logging_mixin.py:188} INFO - [2024-02-02T15:28:37.439+0000] {dagbag.py:538} INFO - Filling up the DagBag from /home/airflow/.local/lib/python3.8/site-packages/airflow/example_dags/example_external_task_marker_dag.py
[2024-02-02T15:28:37.446+0000] {processor.py:840} INFO - DAG(s) 'example_external_task_marker_child', 'example_external_task_marker_parent' retrieved from /home/airflow/.local/lib/python3.8/site-packages/airflow/example_dags/example_external_task_marker_dag.py
[2024-02-02T15:28:37.475+0000] {logging_mixin.py:188} INFO - [2024-02-02T15:28:37.475+0000] {dag.py:3036} INFO - Sync 2 DAGs
[2024-02-02T15:28:37.491+0000] {logging_mixin.py:188} INFO - [2024-02-02T15:28:37.491+0000] {dag.py:3823} INFO - Setting next_dagrun for example_external_task_marker_child to None, run_after=None
[2024-02-02T15:28:37.496+0000] {logging_mixin.py:188} INFO - [2024-02-02T15:28:37.495+0000] {dag.py:3823} INFO - Setting next_dagrun for example_external_task_marker_parent to None, run_after=None
[2024-02-02T15:28:37.518+0000] {processor.py:183} INFO - Processing /home/airflow/.local/lib/python3.8/site-packages/airflow/example_dags/example_external_task_marker_dag.py took 0.086 seconds
[2024-02-02T15:29:07.746+0000] {processor.py:161} INFO - Started process (PID=8040) to work on /home/airflow/.local/lib/python3.8/site-packages/airflow/example_dags/example_external_task_marker_dag.py
[2024-02-02T15:29:07.747+0000] {processor.py:830} INFO - Processing file /home/airflow/.local/lib/python3.8/site-packages/airflow/example_dags/example_external_task_marker_dag.py for tasks to queue
[2024-02-02T15:29:07.749+0000] {logging_mixin.py:188} INFO - [2024-02-02T15:29:07.748+0000] {dagbag.py:538} INFO - Filling up the DagBag from /home/airflow/.local/lib/python3.8/site-packages/airflow/example_dags/example_external_task_marker_dag.py
[2024-02-02T15:29:07.756+0000] {processor.py:840} INFO - DAG(s) 'example_external_task_marker_child', 'example_external_task_marker_parent' retrieved from /home/airflow/.local/lib/python3.8/site-packages/airflow/example_dags/example_external_task_marker_dag.py
[2024-02-02T15:29:07.787+0000] {logging_mixin.py:188} INFO - [2024-02-02T15:29:07.787+0000] {dag.py:3036} INFO - Sync 2 DAGs
[2024-02-02T15:29:07.803+0000] {logging_mixin.py:188} INFO - [2024-02-02T15:29:07.803+0000] {dag.py:3823} INFO - Setting next_dagrun for example_external_task_marker_child to None, run_after=None
[2024-02-02T15:29:07.807+0000] {logging_mixin.py:188} INFO - [2024-02-02T15:29:07.807+0000] {dag.py:3823} INFO - Setting next_dagrun for example_external_task_marker_parent to None, run_after=None
[2024-02-02T15:29:07.830+0000] {processor.py:183} INFO - Processing /home/airflow/.local/lib/python3.8/site-packages/airflow/example_dags/example_external_task_marker_dag.py took 0.089 seconds
[2024-02-02T15:29:38.206+0000] {processor.py:161} INFO - Started process (PID=8287) to work on /home/airflow/.local/lib/python3.8/site-packages/airflow/example_dags/example_external_task_marker_dag.py
[2024-02-02T15:29:38.207+0000] {processor.py:830} INFO - Processing file /home/airflow/.local/lib/python3.8/site-packages/airflow/example_dags/example_external_task_marker_dag.py for tasks to queue
[2024-02-02T15:29:38.208+0000] {logging_mixin.py:188} INFO - [2024-02-02T15:29:38.208+0000] {dagbag.py:538} INFO - Filling up the DagBag from /home/airflow/.local/lib/python3.8/site-packages/airflow/example_dags/example_external_task_marker_dag.py
[2024-02-02T15:29:38.217+0000] {processor.py:840} INFO - DAG(s) 'example_external_task_marker_parent', 'example_external_task_marker_child' retrieved from /home/airflow/.local/lib/python3.8/site-packages/airflow/example_dags/example_external_task_marker_dag.py
[2024-02-02T15:29:38.248+0000] {logging_mixin.py:188} INFO - [2024-02-02T15:29:38.248+0000] {dag.py:3036} INFO - Sync 2 DAGs
[2024-02-02T15:29:38.268+0000] {logging_mixin.py:188} INFO - [2024-02-02T15:29:38.267+0000] {dag.py:3823} INFO - Setting next_dagrun for example_external_task_marker_child to None, run_after=None
[2024-02-02T15:29:38.273+0000] {logging_mixin.py:188} INFO - [2024-02-02T15:29:38.273+0000] {dag.py:3823} INFO - Setting next_dagrun for example_external_task_marker_parent to None, run_after=None
[2024-02-02T15:29:38.298+0000] {processor.py:183} INFO - Processing /home/airflow/.local/lib/python3.8/site-packages/airflow/example_dags/example_external_task_marker_dag.py took 0.097 seconds
[2024-02-02T15:30:08.513+0000] {processor.py:161} INFO - Started process (PID=8532) to work on /home/airflow/.local/lib/python3.8/site-packages/airflow/example_dags/example_external_task_marker_dag.py
[2024-02-02T15:30:08.514+0000] {processor.py:830} INFO - Processing file /home/airflow/.local/lib/python3.8/site-packages/airflow/example_dags/example_external_task_marker_dag.py for tasks to queue
[2024-02-02T15:30:08.516+0000] {logging_mixin.py:188} INFO - [2024-02-02T15:30:08.516+0000] {dagbag.py:538} INFO - Filling up the DagBag from /home/airflow/.local/lib/python3.8/site-packages/airflow/example_dags/example_external_task_marker_dag.py
[2024-02-02T15:30:08.524+0000] {processor.py:840} INFO - DAG(s) 'example_external_task_marker_child', 'example_external_task_marker_parent' retrieved from /home/airflow/.local/lib/python3.8/site-packages/airflow/example_dags/example_external_task_marker_dag.py
[2024-02-02T15:30:08.555+0000] {logging_mixin.py:188} INFO - [2024-02-02T15:30:08.555+0000] {dag.py:3036} INFO - Sync 2 DAGs
[2024-02-02T15:30:08.571+0000] {logging_mixin.py:188} INFO - [2024-02-02T15:30:08.571+0000] {dag.py:3823} INFO - Setting next_dagrun for example_external_task_marker_child to None, run_after=None
[2024-02-02T15:30:08.576+0000] {logging_mixin.py:188} INFO - [2024-02-02T15:30:08.576+0000] {dag.py:3823} INFO - Setting next_dagrun for example_external_task_marker_parent to None, run_after=None
[2024-02-02T15:30:08.600+0000] {processor.py:183} INFO - Processing /home/airflow/.local/lib/python3.8/site-packages/airflow/example_dags/example_external_task_marker_dag.py took 0.091 seconds
[2024-02-02T15:30:38.957+0000] {processor.py:161} INFO - Started process (PID=8781) to work on /home/airflow/.local/lib/python3.8/site-packages/airflow/example_dags/example_external_task_marker_dag.py
[2024-02-02T15:30:38.958+0000] {processor.py:830} INFO - Processing file /home/airflow/.local/lib/python3.8/site-packages/airflow/example_dags/example_external_task_marker_dag.py for tasks to queue
[2024-02-02T15:30:38.960+0000] {logging_mixin.py:188} INFO - [2024-02-02T15:30:38.959+0000] {dagbag.py:538} INFO - Filling up the DagBag from /home/airflow/.local/lib/python3.8/site-packages/airflow/example_dags/example_external_task_marker_dag.py
[2024-02-02T15:30:38.967+0000] {processor.py:840} INFO - DAG(s) 'example_external_task_marker_parent', 'example_external_task_marker_child' retrieved from /home/airflow/.local/lib/python3.8/site-packages/airflow/example_dags/example_external_task_marker_dag.py
[2024-02-02T15:30:38.997+0000] {logging_mixin.py:188} INFO - [2024-02-02T15:30:38.997+0000] {dag.py:3036} INFO - Sync 2 DAGs
[2024-02-02T15:30:39.014+0000] {logging_mixin.py:188} INFO - [2024-02-02T15:30:39.014+0000] {dag.py:3823} INFO - Setting next_dagrun for example_external_task_marker_child to None, run_after=None
[2024-02-02T15:30:39.018+0000] {logging_mixin.py:188} INFO - [2024-02-02T15:30:39.018+0000] {dag.py:3823} INFO - Setting next_dagrun for example_external_task_marker_parent to None, run_after=None
[2024-02-02T15:30:39.041+0000] {processor.py:183} INFO - Processing /home/airflow/.local/lib/python3.8/site-packages/airflow/example_dags/example_external_task_marker_dag.py took 0.088 seconds
[2024-02-02T15:31:09.171+0000] {processor.py:161} INFO - Started process (PID=9028) to work on /home/airflow/.local/lib/python3.8/site-packages/airflow/example_dags/example_external_task_marker_dag.py
[2024-02-02T15:31:09.172+0000] {processor.py:830} INFO - Processing file /home/airflow/.local/lib/python3.8/site-packages/airflow/example_dags/example_external_task_marker_dag.py for tasks to queue
[2024-02-02T15:31:09.173+0000] {logging_mixin.py:188} INFO - [2024-02-02T15:31:09.173+0000] {dagbag.py:538} INFO - Filling up the DagBag from /home/airflow/.local/lib/python3.8/site-packages/airflow/example_dags/example_external_task_marker_dag.py
[2024-02-02T15:31:09.181+0000] {processor.py:840} INFO - DAG(s) 'example_external_task_marker_child', 'example_external_task_marker_parent' retrieved from /home/airflow/.local/lib/python3.8/site-packages/airflow/example_dags/example_external_task_marker_dag.py
[2024-02-02T15:31:09.207+0000] {logging_mixin.py:188} INFO - [2024-02-02T15:31:09.207+0000] {dag.py:3036} INFO - Sync 2 DAGs
[2024-02-02T15:31:09.222+0000] {logging_mixin.py:188} INFO - [2024-02-02T15:31:09.222+0000] {dag.py:3823} INFO - Setting next_dagrun for example_external_task_marker_child to None, run_after=None
[2024-02-02T15:31:09.228+0000] {logging_mixin.py:188} INFO - [2024-02-02T15:31:09.228+0000] {dag.py:3823} INFO - Setting next_dagrun for example_external_task_marker_parent to None, run_after=None
[2024-02-02T15:31:09.253+0000] {processor.py:183} INFO - Processing /home/airflow/.local/lib/python3.8/site-packages/airflow/example_dags/example_external_task_marker_dag.py took 0.086 seconds
[2024-02-02T15:31:39.469+0000] {processor.py:161} INFO - Started process (PID=9273) to work on /home/airflow/.local/lib/python3.8/site-packages/airflow/example_dags/example_external_task_marker_dag.py
[2024-02-02T15:31:39.470+0000] {processor.py:830} INFO - Processing file /home/airflow/.local/lib/python3.8/site-packages/airflow/example_dags/example_external_task_marker_dag.py for tasks to queue
[2024-02-02T15:31:39.472+0000] {logging_mixin.py:188} INFO - [2024-02-02T15:31:39.472+0000] {dagbag.py:538} INFO - Filling up the DagBag from /home/airflow/.local/lib/python3.8/site-packages/airflow/example_dags/example_external_task_marker_dag.py
[2024-02-02T15:31:39.482+0000] {processor.py:840} INFO - DAG(s) 'example_external_task_marker_child', 'example_external_task_marker_parent' retrieved from /home/airflow/.local/lib/python3.8/site-packages/airflow/example_dags/example_external_task_marker_dag.py
[2024-02-02T15:31:39.514+0000] {logging_mixin.py:188} INFO - [2024-02-02T15:31:39.514+0000] {dag.py:3036} INFO - Sync 2 DAGs
[2024-02-02T15:31:39.531+0000] {logging_mixin.py:188} INFO - [2024-02-02T15:31:39.531+0000] {dag.py:3823} INFO - Setting next_dagrun for example_external_task_marker_child to None, run_after=None
[2024-02-02T15:31:39.536+0000] {logging_mixin.py:188} INFO - [2024-02-02T15:31:39.536+0000] {dag.py:3823} INFO - Setting next_dagrun for example_external_task_marker_parent to None, run_after=None
[2024-02-02T15:31:39.558+0000] {processor.py:183} INFO - Processing /home/airflow/.local/lib/python3.8/site-packages/airflow/example_dags/example_external_task_marker_dag.py took 0.094 seconds
[2024-02-02T15:32:09.696+0000] {processor.py:161} INFO - Started process (PID=9520) to work on /home/airflow/.local/lib/python3.8/site-packages/airflow/example_dags/example_external_task_marker_dag.py
[2024-02-02T15:32:09.698+0000] {processor.py:830} INFO - Processing file /home/airflow/.local/lib/python3.8/site-packages/airflow/example_dags/example_external_task_marker_dag.py for tasks to queue
[2024-02-02T15:32:09.700+0000] {logging_mixin.py:188} INFO - [2024-02-02T15:32:09.699+0000] {dagbag.py:538} INFO - Filling up the DagBag from /home/airflow/.local/lib/python3.8/site-packages/airflow/example_dags/example_external_task_marker_dag.py
[2024-02-02T15:32:09.707+0000] {processor.py:840} INFO - DAG(s) 'example_external_task_marker_parent', 'example_external_task_marker_child' retrieved from /home/airflow/.local/lib/python3.8/site-packages/airflow/example_dags/example_external_task_marker_dag.py
[2024-02-02T15:32:09.739+0000] {logging_mixin.py:188} INFO - [2024-02-02T15:32:09.738+0000] {dag.py:3036} INFO - Sync 2 DAGs
[2024-02-02T15:32:09.757+0000] {logging_mixin.py:188} INFO - [2024-02-02T15:32:09.757+0000] {dag.py:3823} INFO - Setting next_dagrun for example_external_task_marker_child to None, run_after=None
[2024-02-02T15:32:09.762+0000] {logging_mixin.py:188} INFO - [2024-02-02T15:32:09.762+0000] {dag.py:3823} INFO - Setting next_dagrun for example_external_task_marker_parent to None, run_after=None
[2024-02-02T15:32:09.786+0000] {processor.py:183} INFO - Processing /home/airflow/.local/lib/python3.8/site-packages/airflow/example_dags/example_external_task_marker_dag.py took 0.094 seconds
[2024-02-02T15:32:39.942+0000] {processor.py:161} INFO - Started process (PID=9764) to work on /home/airflow/.local/lib/python3.8/site-packages/airflow/example_dags/example_external_task_marker_dag.py
[2024-02-02T15:32:39.943+0000] {processor.py:830} INFO - Processing file /home/airflow/.local/lib/python3.8/site-packages/airflow/example_dags/example_external_task_marker_dag.py for tasks to queue
[2024-02-02T15:32:39.945+0000] {logging_mixin.py:188} INFO - [2024-02-02T15:32:39.944+0000] {dagbag.py:538} INFO - Filling up the DagBag from /home/airflow/.local/lib/python3.8/site-packages/airflow/example_dags/example_external_task_marker_dag.py
[2024-02-02T15:32:39.952+0000] {processor.py:840} INFO - DAG(s) 'example_external_task_marker_child', 'example_external_task_marker_parent' retrieved from /home/airflow/.local/lib/python3.8/site-packages/airflow/example_dags/example_external_task_marker_dag.py
[2024-02-02T15:32:39.992+0000] {logging_mixin.py:188} INFO - [2024-02-02T15:32:39.992+0000] {dag.py:3036} INFO - Sync 2 DAGs
[2024-02-02T15:32:40.009+0000] {logging_mixin.py:188} INFO - [2024-02-02T15:32:40.009+0000] {dag.py:3823} INFO - Setting next_dagrun for example_external_task_marker_child to None, run_after=None
[2024-02-02T15:32:40.019+0000] {logging_mixin.py:188} INFO - [2024-02-02T15:32:40.018+0000] {dag.py:3823} INFO - Setting next_dagrun for example_external_task_marker_parent to None, run_after=None
[2024-02-02T15:32:40.040+0000] {processor.py:183} INFO - Processing /home/airflow/.local/lib/python3.8/site-packages/airflow/example_dags/example_external_task_marker_dag.py took 0.103 seconds
[2024-02-02T15:33:11.030+0000] {processor.py:161} INFO - Started process (PID=10014) to work on /home/airflow/.local/lib/python3.8/site-packages/airflow/example_dags/example_external_task_marker_dag.py
[2024-02-02T15:33:11.032+0000] {processor.py:830} INFO - Processing file /home/airflow/.local/lib/python3.8/site-packages/airflow/example_dags/example_external_task_marker_dag.py for tasks to queue
[2024-02-02T15:33:11.034+0000] {logging_mixin.py:188} INFO - [2024-02-02T15:33:11.033+0000] {dagbag.py:538} INFO - Filling up the DagBag from /home/airflow/.local/lib/python3.8/site-packages/airflow/example_dags/example_external_task_marker_dag.py
[2024-02-02T15:33:11.042+0000] {processor.py:840} INFO - DAG(s) 'example_external_task_marker_parent', 'example_external_task_marker_child' retrieved from /home/airflow/.local/lib/python3.8/site-packages/airflow/example_dags/example_external_task_marker_dag.py
[2024-02-02T15:33:11.077+0000] {logging_mixin.py:188} INFO - [2024-02-02T15:33:11.076+0000] {dag.py:3036} INFO - Sync 2 DAGs
[2024-02-02T15:33:11.094+0000] {logging_mixin.py:188} INFO - [2024-02-02T15:33:11.094+0000] {dag.py:3823} INFO - Setting next_dagrun for example_external_task_marker_child to None, run_after=None
[2024-02-02T15:33:11.099+0000] {logging_mixin.py:188} INFO - [2024-02-02T15:33:11.099+0000] {dag.py:3823} INFO - Setting next_dagrun for example_external_task_marker_parent to None, run_after=None
[2024-02-02T15:33:11.122+0000] {processor.py:183} INFO - Processing /home/airflow/.local/lib/python3.8/site-packages/airflow/example_dags/example_external_task_marker_dag.py took 0.096 seconds
[2024-02-02T15:33:41.779+0000] {processor.py:161} INFO - Started process (PID=10261) to work on /home/airflow/.local/lib/python3.8/site-packages/airflow/example_dags/example_external_task_marker_dag.py
[2024-02-02T15:33:41.782+0000] {processor.py:830} INFO - Processing file /home/airflow/.local/lib/python3.8/site-packages/airflow/example_dags/example_external_task_marker_dag.py for tasks to queue
[2024-02-02T15:33:41.783+0000] {logging_mixin.py:188} INFO - [2024-02-02T15:33:41.783+0000] {dagbag.py:538} INFO - Filling up the DagBag from /home/airflow/.local/lib/python3.8/site-packages/airflow/example_dags/example_external_task_marker_dag.py
[2024-02-02T15:33:41.795+0000] {processor.py:840} INFO - DAG(s) 'example_external_task_marker_child', 'example_external_task_marker_parent' retrieved from /home/airflow/.local/lib/python3.8/site-packages/airflow/example_dags/example_external_task_marker_dag.py
[2024-02-02T15:33:41.830+0000] {logging_mixin.py:188} INFO - [2024-02-02T15:33:41.829+0000] {dag.py:3036} INFO - Sync 2 DAGs
[2024-02-02T15:33:41.848+0000] {logging_mixin.py:188} INFO - [2024-02-02T15:33:41.847+0000] {dag.py:3823} INFO - Setting next_dagrun for example_external_task_marker_child to None, run_after=None
[2024-02-02T15:33:41.853+0000] {logging_mixin.py:188} INFO - [2024-02-02T15:33:41.853+0000] {dag.py:3823} INFO - Setting next_dagrun for example_external_task_marker_parent to None, run_after=None
[2024-02-02T15:33:41.878+0000] {processor.py:183} INFO - Processing /home/airflow/.local/lib/python3.8/site-packages/airflow/example_dags/example_external_task_marker_dag.py took 0.105 seconds
[2024-02-02T15:34:12.028+0000] {processor.py:161} INFO - Started process (PID=10508) to work on /home/airflow/.local/lib/python3.8/site-packages/airflow/example_dags/example_external_task_marker_dag.py
[2024-02-02T15:34:12.029+0000] {processor.py:830} INFO - Processing file /home/airflow/.local/lib/python3.8/site-packages/airflow/example_dags/example_external_task_marker_dag.py for tasks to queue
[2024-02-02T15:34:12.030+0000] {logging_mixin.py:188} INFO - [2024-02-02T15:34:12.030+0000] {dagbag.py:538} INFO - Filling up the DagBag from /home/airflow/.local/lib/python3.8/site-packages/airflow/example_dags/example_external_task_marker_dag.py
[2024-02-02T15:34:12.038+0000] {processor.py:840} INFO - DAG(s) 'example_external_task_marker_child', 'example_external_task_marker_parent' retrieved from /home/airflow/.local/lib/python3.8/site-packages/airflow/example_dags/example_external_task_marker_dag.py
[2024-02-02T15:34:12.068+0000] {logging_mixin.py:188} INFO - [2024-02-02T15:34:12.068+0000] {dag.py:3036} INFO - Sync 2 DAGs
[2024-02-02T15:34:12.084+0000] {logging_mixin.py:188} INFO - [2024-02-02T15:34:12.084+0000] {dag.py:3823} INFO - Setting next_dagrun for example_external_task_marker_child to None, run_after=None
[2024-02-02T15:34:12.089+0000] {logging_mixin.py:188} INFO - [2024-02-02T15:34:12.089+0000] {dag.py:3823} INFO - Setting next_dagrun for example_external_task_marker_parent to None, run_after=None
[2024-02-02T15:34:12.111+0000] {processor.py:183} INFO - Processing /home/airflow/.local/lib/python3.8/site-packages/airflow/example_dags/example_external_task_marker_dag.py took 0.088 seconds
[2024-02-02T15:34:42.378+0000] {processor.py:161} INFO - Started process (PID=10755) to work on /home/airflow/.local/lib/python3.8/site-packages/airflow/example_dags/example_external_task_marker_dag.py
[2024-02-02T15:34:42.379+0000] {processor.py:830} INFO - Processing file /home/airflow/.local/lib/python3.8/site-packages/airflow/example_dags/example_external_task_marker_dag.py for tasks to queue
[2024-02-02T15:34:42.381+0000] {logging_mixin.py:188} INFO - [2024-02-02T15:34:42.380+0000] {dagbag.py:538} INFO - Filling up the DagBag from /home/airflow/.local/lib/python3.8/site-packages/airflow/example_dags/example_external_task_marker_dag.py
[2024-02-02T15:34:42.388+0000] {processor.py:840} INFO - DAG(s) 'example_external_task_marker_child', 'example_external_task_marker_parent' retrieved from /home/airflow/.local/lib/python3.8/site-packages/airflow/example_dags/example_external_task_marker_dag.py
[2024-02-02T15:34:42.417+0000] {logging_mixin.py:188} INFO - [2024-02-02T15:34:42.417+0000] {dag.py:3036} INFO - Sync 2 DAGs
[2024-02-02T15:34:42.432+0000] {logging_mixin.py:188} INFO - [2024-02-02T15:34:42.431+0000] {dag.py:3823} INFO - Setting next_dagrun for example_external_task_marker_child to None, run_after=None
[2024-02-02T15:34:42.438+0000] {logging_mixin.py:188} INFO - [2024-02-02T15:34:42.437+0000] {dag.py:3823} INFO - Setting next_dagrun for example_external_task_marker_parent to None, run_after=None
[2024-02-02T15:34:42.459+0000] {processor.py:183} INFO - Processing /home/airflow/.local/lib/python3.8/site-packages/airflow/example_dags/example_external_task_marker_dag.py took 0.085 seconds
[2024-02-02T15:35:12.796+0000] {processor.py:161} INFO - Started process (PID=11002) to work on /home/airflow/.local/lib/python3.8/site-packages/airflow/example_dags/example_external_task_marker_dag.py
[2024-02-02T15:35:12.798+0000] {processor.py:830} INFO - Processing file /home/airflow/.local/lib/python3.8/site-packages/airflow/example_dags/example_external_task_marker_dag.py for tasks to queue
[2024-02-02T15:35:12.799+0000] {logging_mixin.py:188} INFO - [2024-02-02T15:35:12.799+0000] {dagbag.py:538} INFO - Filling up the DagBag from /home/airflow/.local/lib/python3.8/site-packages/airflow/example_dags/example_external_task_marker_dag.py
[2024-02-02T15:35:12.807+0000] {processor.py:840} INFO - DAG(s) 'example_external_task_marker_parent', 'example_external_task_marker_child' retrieved from /home/airflow/.local/lib/python3.8/site-packages/airflow/example_dags/example_external_task_marker_dag.py
[2024-02-02T15:35:12.837+0000] {logging_mixin.py:188} INFO - [2024-02-02T15:35:12.836+0000] {dag.py:3036} INFO - Sync 2 DAGs
[2024-02-02T15:35:12.855+0000] {logging_mixin.py:188} INFO - [2024-02-02T15:35:12.854+0000] {dag.py:3823} INFO - Setting next_dagrun for example_external_task_marker_child to None, run_after=None
[2024-02-02T15:35:12.859+0000] {logging_mixin.py:188} INFO - [2024-02-02T15:35:12.859+0000] {dag.py:3823} INFO - Setting next_dagrun for example_external_task_marker_parent to None, run_after=None
[2024-02-02T15:35:12.881+0000] {processor.py:183} INFO - Processing /home/airflow/.local/lib/python3.8/site-packages/airflow/example_dags/example_external_task_marker_dag.py took 0.089 seconds
[2024-02-02T15:35:43.515+0000] {processor.py:161} INFO - Started process (PID=11249) to work on /home/airflow/.local/lib/python3.8/site-packages/airflow/example_dags/example_external_task_marker_dag.py
[2024-02-02T15:35:43.516+0000] {processor.py:830} INFO - Processing file /home/airflow/.local/lib/python3.8/site-packages/airflow/example_dags/example_external_task_marker_dag.py for tasks to queue
[2024-02-02T15:35:43.518+0000] {logging_mixin.py:188} INFO - [2024-02-02T15:35:43.518+0000] {dagbag.py:538} INFO - Filling up the DagBag from /home/airflow/.local/lib/python3.8/site-packages/airflow/example_dags/example_external_task_marker_dag.py
[2024-02-02T15:35:43.527+0000] {processor.py:840} INFO - DAG(s) 'example_external_task_marker_parent', 'example_external_task_marker_child' retrieved from /home/airflow/.local/lib/python3.8/site-packages/airflow/example_dags/example_external_task_marker_dag.py
[2024-02-02T15:35:43.564+0000] {logging_mixin.py:188} INFO - [2024-02-02T15:35:43.564+0000] {dag.py:3036} INFO - Sync 2 DAGs
[2024-02-02T15:35:43.580+0000] {logging_mixin.py:188} INFO - [2024-02-02T15:35:43.580+0000] {dag.py:3823} INFO - Setting next_dagrun for example_external_task_marker_child to None, run_after=None
[2024-02-02T15:35:43.585+0000] {logging_mixin.py:188} INFO - [2024-02-02T15:35:43.585+0000] {dag.py:3823} INFO - Setting next_dagrun for example_external_task_marker_parent to None, run_after=None
[2024-02-02T15:35:43.607+0000] {processor.py:183} INFO - Processing /home/airflow/.local/lib/python3.8/site-packages/airflow/example_dags/example_external_task_marker_dag.py took 0.096 seconds
