[2024-02-02T15:13:16.884+0000] {processor.py:161} INFO - Started process (PID=198) to work on /home/airflow/.local/lib/python3.8/site-packages/airflow/example_dags/example_task_group.py
[2024-02-02T15:13:16.885+0000] {processor.py:830} INFO - Processing file /home/airflow/.local/lib/python3.8/site-packages/airflow/example_dags/example_task_group.py for tasks to queue
[2024-02-02T15:13:16.887+0000] {logging_mixin.py:188} INFO - [2024-02-02T15:13:16.886+0000] {dagbag.py:538} INFO - Filling up the DagBag from /home/airflow/.local/lib/python3.8/site-packages/airflow/example_dags/example_task_group.py
[2024-02-02T15:13:16.900+0000] {processor.py:840} INFO - DAG(s) 'example_task_group' retrieved from /home/airflow/.local/lib/python3.8/site-packages/airflow/example_dags/example_task_group.py
[2024-02-02T15:13:16.915+0000] {logging_mixin.py:188} INFO - [2024-02-02T15:13:16.915+0000] {dag.py:3036} INFO - Sync 1 DAGs
[2024-02-02T15:13:16.951+0000] {logging_mixin.py:188} INFO - [2024-02-02T15:13:16.951+0000] {dag.py:3823} INFO - Setting next_dagrun for example_task_group to 2024-02-01 00:00:00+00:00, run_after=2024-02-02 00:00:00+00:00
[2024-02-02T15:13:16.976+0000] {processor.py:183} INFO - Processing /home/airflow/.local/lib/python3.8/site-packages/airflow/example_dags/example_task_group.py took 0.096 seconds
[2024-02-02T15:13:47.690+0000] {processor.py:161} INFO - Started process (PID=443) to work on /home/airflow/.local/lib/python3.8/site-packages/airflow/example_dags/example_task_group.py
[2024-02-02T15:13:47.691+0000] {processor.py:830} INFO - Processing file /home/airflow/.local/lib/python3.8/site-packages/airflow/example_dags/example_task_group.py for tasks to queue
[2024-02-02T15:13:47.693+0000] {logging_mixin.py:188} INFO - [2024-02-02T15:13:47.693+0000] {dagbag.py:538} INFO - Filling up the DagBag from /home/airflow/.local/lib/python3.8/site-packages/airflow/example_dags/example_task_group.py
[2024-02-02T15:13:47.707+0000] {processor.py:840} INFO - DAG(s) 'example_task_group' retrieved from /home/airflow/.local/lib/python3.8/site-packages/airflow/example_dags/example_task_group.py
[2024-02-02T15:13:47.878+0000] {logging_mixin.py:188} INFO - [2024-02-02T15:13:47.877+0000] {dag.py:3036} INFO - Sync 1 DAGs
[2024-02-02T15:13:47.904+0000] {logging_mixin.py:188} INFO - [2024-02-02T15:13:47.903+0000] {dag.py:3823} INFO - Setting next_dagrun for example_task_group to 2024-02-01 00:00:00+00:00, run_after=2024-02-02 00:00:00+00:00
[2024-02-02T15:13:47.933+0000] {processor.py:183} INFO - Processing /home/airflow/.local/lib/python3.8/site-packages/airflow/example_dags/example_task_group.py took 0.249 seconds
[2024-02-02T15:14:18.518+0000] {processor.py:161} INFO - Started process (PID=690) to work on /home/airflow/.local/lib/python3.8/site-packages/airflow/example_dags/example_task_group.py
[2024-02-02T15:14:18.520+0000] {processor.py:830} INFO - Processing file /home/airflow/.local/lib/python3.8/site-packages/airflow/example_dags/example_task_group.py for tasks to queue
[2024-02-02T15:14:18.522+0000] {logging_mixin.py:188} INFO - [2024-02-02T15:14:18.522+0000] {dagbag.py:538} INFO - Filling up the DagBag from /home/airflow/.local/lib/python3.8/site-packages/airflow/example_dags/example_task_group.py
[2024-02-02T15:14:18.539+0000] {processor.py:840} INFO - DAG(s) 'example_task_group' retrieved from /home/airflow/.local/lib/python3.8/site-packages/airflow/example_dags/example_task_group.py
[2024-02-02T15:14:18.577+0000] {logging_mixin.py:188} INFO - [2024-02-02T15:14:18.576+0000] {dag.py:3036} INFO - Sync 1 DAGs
[2024-02-02T15:14:18.613+0000] {logging_mixin.py:188} INFO - [2024-02-02T15:14:18.613+0000] {dag.py:3823} INFO - Setting next_dagrun for example_task_group to 2024-02-01 00:00:00+00:00, run_after=2024-02-02 00:00:00+00:00
[2024-02-02T15:14:18.651+0000] {processor.py:183} INFO - Processing /home/airflow/.local/lib/python3.8/site-packages/airflow/example_dags/example_task_group.py took 0.139 seconds
[2024-02-02T15:14:48.917+0000] {processor.py:161} INFO - Started process (PID=939) to work on /home/airflow/.local/lib/python3.8/site-packages/airflow/example_dags/example_task_group.py
[2024-02-02T15:14:48.918+0000] {processor.py:830} INFO - Processing file /home/airflow/.local/lib/python3.8/site-packages/airflow/example_dags/example_task_group.py for tasks to queue
[2024-02-02T15:14:48.920+0000] {logging_mixin.py:188} INFO - [2024-02-02T15:14:48.919+0000] {dagbag.py:538} INFO - Filling up the DagBag from /home/airflow/.local/lib/python3.8/site-packages/airflow/example_dags/example_task_group.py
[2024-02-02T15:14:48.930+0000] {processor.py:840} INFO - DAG(s) 'example_task_group' retrieved from /home/airflow/.local/lib/python3.8/site-packages/airflow/example_dags/example_task_group.py
[2024-02-02T15:14:48.956+0000] {logging_mixin.py:188} INFO - [2024-02-02T15:14:48.956+0000] {dag.py:3036} INFO - Sync 1 DAGs
[2024-02-02T15:14:48.980+0000] {logging_mixin.py:188} INFO - [2024-02-02T15:14:48.980+0000] {dag.py:3823} INFO - Setting next_dagrun for example_task_group to 2024-02-01 00:00:00+00:00, run_after=2024-02-02 00:00:00+00:00
[2024-02-02T15:14:49.004+0000] {processor.py:183} INFO - Processing /home/airflow/.local/lib/python3.8/site-packages/airflow/example_dags/example_task_group.py took 0.092 seconds
[2024-02-02T15:15:19.139+0000] {processor.py:161} INFO - Started process (PID=1184) to work on /home/airflow/.local/lib/python3.8/site-packages/airflow/example_dags/example_task_group.py
[2024-02-02T15:15:19.140+0000] {processor.py:830} INFO - Processing file /home/airflow/.local/lib/python3.8/site-packages/airflow/example_dags/example_task_group.py for tasks to queue
[2024-02-02T15:15:19.142+0000] {logging_mixin.py:188} INFO - [2024-02-02T15:15:19.141+0000] {dagbag.py:538} INFO - Filling up the DagBag from /home/airflow/.local/lib/python3.8/site-packages/airflow/example_dags/example_task_group.py
[2024-02-02T15:15:19.151+0000] {processor.py:840} INFO - DAG(s) 'example_task_group' retrieved from /home/airflow/.local/lib/python3.8/site-packages/airflow/example_dags/example_task_group.py
[2024-02-02T15:15:19.180+0000] {logging_mixin.py:188} INFO - [2024-02-02T15:15:19.180+0000] {dag.py:3036} INFO - Sync 1 DAGs
[2024-02-02T15:15:19.211+0000] {logging_mixin.py:188} INFO - [2024-02-02T15:15:19.211+0000] {dag.py:3823} INFO - Setting next_dagrun for example_task_group to 2024-02-01 00:00:00+00:00, run_after=2024-02-02 00:00:00+00:00
[2024-02-02T15:15:19.243+0000] {processor.py:183} INFO - Processing /home/airflow/.local/lib/python3.8/site-packages/airflow/example_dags/example_task_group.py took 0.110 seconds
[2024-02-02T15:15:49.619+0000] {processor.py:161} INFO - Started process (PID=1433) to work on /home/airflow/.local/lib/python3.8/site-packages/airflow/example_dags/example_task_group.py
[2024-02-02T15:15:49.621+0000] {processor.py:830} INFO - Processing file /home/airflow/.local/lib/python3.8/site-packages/airflow/example_dags/example_task_group.py for tasks to queue
[2024-02-02T15:15:49.623+0000] {logging_mixin.py:188} INFO - [2024-02-02T15:15:49.623+0000] {dagbag.py:538} INFO - Filling up the DagBag from /home/airflow/.local/lib/python3.8/site-packages/airflow/example_dags/example_task_group.py
[2024-02-02T15:15:49.634+0000] {processor.py:840} INFO - DAG(s) 'example_task_group' retrieved from /home/airflow/.local/lib/python3.8/site-packages/airflow/example_dags/example_task_group.py
[2024-02-02T15:15:49.661+0000] {logging_mixin.py:188} INFO - [2024-02-02T15:15:49.661+0000] {dag.py:3036} INFO - Sync 1 DAGs
[2024-02-02T15:15:49.685+0000] {logging_mixin.py:188} INFO - [2024-02-02T15:15:49.685+0000] {dag.py:3823} INFO - Setting next_dagrun for example_task_group to 2024-02-01 00:00:00+00:00, run_after=2024-02-02 00:00:00+00:00
[2024-02-02T15:15:49.709+0000] {processor.py:183} INFO - Processing /home/airflow/.local/lib/python3.8/site-packages/airflow/example_dags/example_task_group.py took 0.093 seconds
[2024-02-02T15:16:19.761+0000] {processor.py:161} INFO - Started process (PID=1678) to work on /home/airflow/.local/lib/python3.8/site-packages/airflow/example_dags/example_task_group.py
[2024-02-02T15:16:19.763+0000] {processor.py:830} INFO - Processing file /home/airflow/.local/lib/python3.8/site-packages/airflow/example_dags/example_task_group.py for tasks to queue
[2024-02-02T15:16:19.765+0000] {logging_mixin.py:188} INFO - [2024-02-02T15:16:19.764+0000] {dagbag.py:538} INFO - Filling up the DagBag from /home/airflow/.local/lib/python3.8/site-packages/airflow/example_dags/example_task_group.py
[2024-02-02T15:16:19.779+0000] {processor.py:840} INFO - DAG(s) 'example_task_group' retrieved from /home/airflow/.local/lib/python3.8/site-packages/airflow/example_dags/example_task_group.py
[2024-02-02T15:16:19.814+0000] {logging_mixin.py:188} INFO - [2024-02-02T15:16:19.813+0000] {dag.py:3036} INFO - Sync 1 DAGs
[2024-02-02T15:16:19.849+0000] {logging_mixin.py:188} INFO - [2024-02-02T15:16:19.848+0000] {dag.py:3823} INFO - Setting next_dagrun for example_task_group to 2024-02-01 00:00:00+00:00, run_after=2024-02-02 00:00:00+00:00
[2024-02-02T15:16:19.879+0000] {processor.py:183} INFO - Processing /home/airflow/.local/lib/python3.8/site-packages/airflow/example_dags/example_task_group.py took 0.124 seconds
[2024-02-02T15:16:50.200+0000] {processor.py:161} INFO - Started process (PID=1925) to work on /home/airflow/.local/lib/python3.8/site-packages/airflow/example_dags/example_task_group.py
[2024-02-02T15:16:50.201+0000] {processor.py:830} INFO - Processing file /home/airflow/.local/lib/python3.8/site-packages/airflow/example_dags/example_task_group.py for tasks to queue
[2024-02-02T15:16:50.203+0000] {logging_mixin.py:188} INFO - [2024-02-02T15:16:50.203+0000] {dagbag.py:538} INFO - Filling up the DagBag from /home/airflow/.local/lib/python3.8/site-packages/airflow/example_dags/example_task_group.py
[2024-02-02T15:16:50.219+0000] {processor.py:840} INFO - DAG(s) 'example_task_group' retrieved from /home/airflow/.local/lib/python3.8/site-packages/airflow/example_dags/example_task_group.py
[2024-02-02T15:16:50.269+0000] {logging_mixin.py:188} INFO - [2024-02-02T15:16:50.269+0000] {dag.py:3036} INFO - Sync 1 DAGs
[2024-02-02T15:16:50.327+0000] {logging_mixin.py:188} INFO - [2024-02-02T15:16:50.325+0000] {dag.py:3823} INFO - Setting next_dagrun for example_task_group to 2024-02-01 00:00:00+00:00, run_after=2024-02-02 00:00:00+00:00
[2024-02-02T15:16:50.368+0000] {processor.py:183} INFO - Processing /home/airflow/.local/lib/python3.8/site-packages/airflow/example_dags/example_task_group.py took 0.174 seconds
[2024-02-02T15:17:20.733+0000] {processor.py:161} INFO - Started process (PID=2174) to work on /home/airflow/.local/lib/python3.8/site-packages/airflow/example_dags/example_task_group.py
[2024-02-02T15:17:20.735+0000] {processor.py:830} INFO - Processing file /home/airflow/.local/lib/python3.8/site-packages/airflow/example_dags/example_task_group.py for tasks to queue
[2024-02-02T15:17:20.737+0000] {logging_mixin.py:188} INFO - [2024-02-02T15:17:20.737+0000] {dagbag.py:538} INFO - Filling up the DagBag from /home/airflow/.local/lib/python3.8/site-packages/airflow/example_dags/example_task_group.py
[2024-02-02T15:17:20.752+0000] {processor.py:840} INFO - DAG(s) 'example_task_group' retrieved from /home/airflow/.local/lib/python3.8/site-packages/airflow/example_dags/example_task_group.py
[2024-02-02T15:17:20.792+0000] {logging_mixin.py:188} INFO - [2024-02-02T15:17:20.792+0000] {dag.py:3036} INFO - Sync 1 DAGs
[2024-02-02T15:17:20.836+0000] {logging_mixin.py:188} INFO - [2024-02-02T15:17:20.836+0000] {dag.py:3823} INFO - Setting next_dagrun for example_task_group to 2024-02-01 00:00:00+00:00, run_after=2024-02-02 00:00:00+00:00
[2024-02-02T15:17:20.876+0000] {processor.py:183} INFO - Processing /home/airflow/.local/lib/python3.8/site-packages/airflow/example_dags/example_task_group.py took 0.152 seconds
[2024-02-02T15:17:51.148+0000] {processor.py:161} INFO - Started process (PID=2419) to work on /home/airflow/.local/lib/python3.8/site-packages/airflow/example_dags/example_task_group.py
[2024-02-02T15:17:51.151+0000] {processor.py:830} INFO - Processing file /home/airflow/.local/lib/python3.8/site-packages/airflow/example_dags/example_task_group.py for tasks to queue
[2024-02-02T15:17:51.153+0000] {logging_mixin.py:188} INFO - [2024-02-02T15:17:51.152+0000] {dagbag.py:538} INFO - Filling up the DagBag from /home/airflow/.local/lib/python3.8/site-packages/airflow/example_dags/example_task_group.py
[2024-02-02T15:17:51.164+0000] {processor.py:840} INFO - DAG(s) 'example_task_group' retrieved from /home/airflow/.local/lib/python3.8/site-packages/airflow/example_dags/example_task_group.py
[2024-02-02T15:17:51.195+0000] {logging_mixin.py:188} INFO - [2024-02-02T15:17:51.194+0000] {dag.py:3036} INFO - Sync 1 DAGs
[2024-02-02T15:17:51.231+0000] {logging_mixin.py:188} INFO - [2024-02-02T15:17:51.230+0000] {dag.py:3823} INFO - Setting next_dagrun for example_task_group to 2024-02-01 00:00:00+00:00, run_after=2024-02-02 00:00:00+00:00
[2024-02-02T15:17:51.262+0000] {processor.py:183} INFO - Processing /home/airflow/.local/lib/python3.8/site-packages/airflow/example_dags/example_task_group.py took 0.121 seconds
[2024-02-02T15:18:21.645+0000] {processor.py:161} INFO - Started process (PID=2713) to work on /home/airflow/.local/lib/python3.8/site-packages/airflow/example_dags/example_task_group.py
[2024-02-02T15:18:21.647+0000] {processor.py:830} INFO - Processing file /home/airflow/.local/lib/python3.8/site-packages/airflow/example_dags/example_task_group.py for tasks to queue
[2024-02-02T15:18:21.649+0000] {logging_mixin.py:188} INFO - [2024-02-02T15:18:21.648+0000] {dagbag.py:538} INFO - Filling up the DagBag from /home/airflow/.local/lib/python3.8/site-packages/airflow/example_dags/example_task_group.py
[2024-02-02T15:18:21.660+0000] {processor.py:840} INFO - DAG(s) 'example_task_group' retrieved from /home/airflow/.local/lib/python3.8/site-packages/airflow/example_dags/example_task_group.py
[2024-02-02T15:18:21.693+0000] {logging_mixin.py:188} INFO - [2024-02-02T15:18:21.693+0000] {dag.py:3036} INFO - Sync 1 DAGs
[2024-02-02T15:18:21.726+0000] {logging_mixin.py:188} INFO - [2024-02-02T15:18:21.726+0000] {dag.py:3823} INFO - Setting next_dagrun for example_task_group to 2024-02-01 00:00:00+00:00, run_after=2024-02-02 00:00:00+00:00
[2024-02-02T15:18:21.758+0000] {processor.py:183} INFO - Processing /home/airflow/.local/lib/python3.8/site-packages/airflow/example_dags/example_task_group.py took 0.117 seconds
[2024-02-02T15:18:52.085+0000] {processor.py:161} INFO - Started process (PID=2968) to work on /home/airflow/.local/lib/python3.8/site-packages/airflow/example_dags/example_task_group.py
[2024-02-02T15:18:52.087+0000] {processor.py:830} INFO - Processing file /home/airflow/.local/lib/python3.8/site-packages/airflow/example_dags/example_task_group.py for tasks to queue
[2024-02-02T15:18:52.088+0000] {logging_mixin.py:188} INFO - [2024-02-02T15:18:52.088+0000] {dagbag.py:538} INFO - Filling up the DagBag from /home/airflow/.local/lib/python3.8/site-packages/airflow/example_dags/example_task_group.py
[2024-02-02T15:18:52.097+0000] {processor.py:840} INFO - DAG(s) 'example_task_group' retrieved from /home/airflow/.local/lib/python3.8/site-packages/airflow/example_dags/example_task_group.py
[2024-02-02T15:18:52.124+0000] {logging_mixin.py:188} INFO - [2024-02-02T15:18:52.124+0000] {dag.py:3036} INFO - Sync 1 DAGs
[2024-02-02T15:18:52.159+0000] {logging_mixin.py:188} INFO - [2024-02-02T15:18:52.158+0000] {dag.py:3823} INFO - Setting next_dagrun for example_task_group to 2024-02-01 00:00:00+00:00, run_after=2024-02-02 00:00:00+00:00
[2024-02-02T15:18:52.190+0000] {processor.py:183} INFO - Processing /home/airflow/.local/lib/python3.8/site-packages/airflow/example_dags/example_task_group.py took 0.109 seconds
[2024-02-02T15:19:22.499+0000] {processor.py:161} INFO - Started process (PID=3216) to work on /home/airflow/.local/lib/python3.8/site-packages/airflow/example_dags/example_task_group.py
[2024-02-02T15:19:22.500+0000] {processor.py:830} INFO - Processing file /home/airflow/.local/lib/python3.8/site-packages/airflow/example_dags/example_task_group.py for tasks to queue
[2024-02-02T15:19:22.502+0000] {logging_mixin.py:188} INFO - [2024-02-02T15:19:22.502+0000] {dagbag.py:538} INFO - Filling up the DagBag from /home/airflow/.local/lib/python3.8/site-packages/airflow/example_dags/example_task_group.py
[2024-02-02T15:19:22.511+0000] {processor.py:840} INFO - DAG(s) 'example_task_group' retrieved from /home/airflow/.local/lib/python3.8/site-packages/airflow/example_dags/example_task_group.py
[2024-02-02T15:19:22.539+0000] {logging_mixin.py:188} INFO - [2024-02-02T15:19:22.539+0000] {dag.py:3036} INFO - Sync 1 DAGs
[2024-02-02T15:19:22.566+0000] {logging_mixin.py:188} INFO - [2024-02-02T15:19:22.565+0000] {dag.py:3823} INFO - Setting next_dagrun for example_task_group to 2024-02-01 00:00:00+00:00, run_after=2024-02-02 00:00:00+00:00
[2024-02-02T15:19:22.590+0000] {processor.py:183} INFO - Processing /home/airflow/.local/lib/python3.8/site-packages/airflow/example_dags/example_task_group.py took 0.096 seconds
[2024-02-02T15:19:53.034+0000] {processor.py:161} INFO - Started process (PID=3458) to work on /home/airflow/.local/lib/python3.8/site-packages/airflow/example_dags/example_task_group.py
[2024-02-02T15:19:53.036+0000] {processor.py:830} INFO - Processing file /home/airflow/.local/lib/python3.8/site-packages/airflow/example_dags/example_task_group.py for tasks to queue
[2024-02-02T15:19:53.038+0000] {logging_mixin.py:188} INFO - [2024-02-02T15:19:53.037+0000] {dagbag.py:538} INFO - Filling up the DagBag from /home/airflow/.local/lib/python3.8/site-packages/airflow/example_dags/example_task_group.py
[2024-02-02T15:19:53.047+0000] {processor.py:840} INFO - DAG(s) 'example_task_group' retrieved from /home/airflow/.local/lib/python3.8/site-packages/airflow/example_dags/example_task_group.py
[2024-02-02T15:19:53.076+0000] {logging_mixin.py:188} INFO - [2024-02-02T15:19:53.076+0000] {dag.py:3036} INFO - Sync 1 DAGs
[2024-02-02T15:19:53.105+0000] {logging_mixin.py:188} INFO - [2024-02-02T15:19:53.105+0000] {dag.py:3823} INFO - Setting next_dagrun for example_task_group to 2024-02-01 00:00:00+00:00, run_after=2024-02-02 00:00:00+00:00
[2024-02-02T15:19:53.132+0000] {processor.py:183} INFO - Processing /home/airflow/.local/lib/python3.8/site-packages/airflow/example_dags/example_task_group.py took 0.102 seconds
[2024-02-02T15:20:23.310+0000] {processor.py:161} INFO - Started process (PID=3703) to work on /home/airflow/.local/lib/python3.8/site-packages/airflow/example_dags/example_task_group.py
[2024-02-02T15:20:23.312+0000] {processor.py:830} INFO - Processing file /home/airflow/.local/lib/python3.8/site-packages/airflow/example_dags/example_task_group.py for tasks to queue
[2024-02-02T15:20:23.313+0000] {logging_mixin.py:188} INFO - [2024-02-02T15:20:23.313+0000] {dagbag.py:538} INFO - Filling up the DagBag from /home/airflow/.local/lib/python3.8/site-packages/airflow/example_dags/example_task_group.py
[2024-02-02T15:20:23.323+0000] {processor.py:840} INFO - DAG(s) 'example_task_group' retrieved from /home/airflow/.local/lib/python3.8/site-packages/airflow/example_dags/example_task_group.py
[2024-02-02T15:20:23.352+0000] {logging_mixin.py:188} INFO - [2024-02-02T15:20:23.352+0000] {dag.py:3036} INFO - Sync 1 DAGs
[2024-02-02T15:20:23.379+0000] {logging_mixin.py:188} INFO - [2024-02-02T15:20:23.379+0000] {dag.py:3823} INFO - Setting next_dagrun for example_task_group to 2024-02-01 00:00:00+00:00, run_after=2024-02-02 00:00:00+00:00
[2024-02-02T15:20:23.406+0000] {processor.py:183} INFO - Processing /home/airflow/.local/lib/python3.8/site-packages/airflow/example_dags/example_task_group.py took 0.100 seconds
[2024-02-02T15:20:53.818+0000] {processor.py:161} INFO - Started process (PID=3950) to work on /home/airflow/.local/lib/python3.8/site-packages/airflow/example_dags/example_task_group.py
[2024-02-02T15:20:53.819+0000] {processor.py:830} INFO - Processing file /home/airflow/.local/lib/python3.8/site-packages/airflow/example_dags/example_task_group.py for tasks to queue
[2024-02-02T15:20:53.821+0000] {logging_mixin.py:188} INFO - [2024-02-02T15:20:53.820+0000] {dagbag.py:538} INFO - Filling up the DagBag from /home/airflow/.local/lib/python3.8/site-packages/airflow/example_dags/example_task_group.py
[2024-02-02T15:20:53.831+0000] {processor.py:840} INFO - DAG(s) 'example_task_group' retrieved from /home/airflow/.local/lib/python3.8/site-packages/airflow/example_dags/example_task_group.py
[2024-02-02T15:20:53.859+0000] {logging_mixin.py:188} INFO - [2024-02-02T15:20:53.859+0000] {dag.py:3036} INFO - Sync 1 DAGs
[2024-02-02T15:20:53.887+0000] {logging_mixin.py:188} INFO - [2024-02-02T15:20:53.887+0000] {dag.py:3823} INFO - Setting next_dagrun for example_task_group to 2024-02-01 00:00:00+00:00, run_after=2024-02-02 00:00:00+00:00
[2024-02-02T15:20:53.917+0000] {processor.py:183} INFO - Processing /home/airflow/.local/lib/python3.8/site-packages/airflow/example_dags/example_task_group.py took 0.104 seconds
[2024-02-02T15:21:24.127+0000] {processor.py:161} INFO - Started process (PID=4197) to work on /home/airflow/.local/lib/python3.8/site-packages/airflow/example_dags/example_task_group.py
[2024-02-02T15:21:24.129+0000] {processor.py:830} INFO - Processing file /home/airflow/.local/lib/python3.8/site-packages/airflow/example_dags/example_task_group.py for tasks to queue
[2024-02-02T15:21:24.130+0000] {logging_mixin.py:188} INFO - [2024-02-02T15:21:24.130+0000] {dagbag.py:538} INFO - Filling up the DagBag from /home/airflow/.local/lib/python3.8/site-packages/airflow/example_dags/example_task_group.py
[2024-02-02T15:21:24.141+0000] {processor.py:840} INFO - DAG(s) 'example_task_group' retrieved from /home/airflow/.local/lib/python3.8/site-packages/airflow/example_dags/example_task_group.py
[2024-02-02T15:21:24.169+0000] {logging_mixin.py:188} INFO - [2024-02-02T15:21:24.168+0000] {dag.py:3036} INFO - Sync 1 DAGs
[2024-02-02T15:21:24.197+0000] {logging_mixin.py:188} INFO - [2024-02-02T15:21:24.197+0000] {dag.py:3823} INFO - Setting next_dagrun for example_task_group to 2024-02-01 00:00:00+00:00, run_after=2024-02-02 00:00:00+00:00
[2024-02-02T15:21:24.226+0000] {processor.py:183} INFO - Processing /home/airflow/.local/lib/python3.8/site-packages/airflow/example_dags/example_task_group.py took 0.104 seconds
[2024-02-02T15:21:54.419+0000] {processor.py:161} INFO - Started process (PID=4444) to work on /home/airflow/.local/lib/python3.8/site-packages/airflow/example_dags/example_task_group.py
[2024-02-02T15:21:54.420+0000] {processor.py:830} INFO - Processing file /home/airflow/.local/lib/python3.8/site-packages/airflow/example_dags/example_task_group.py for tasks to queue
[2024-02-02T15:21:54.422+0000] {logging_mixin.py:188} INFO - [2024-02-02T15:21:54.421+0000] {dagbag.py:538} INFO - Filling up the DagBag from /home/airflow/.local/lib/python3.8/site-packages/airflow/example_dags/example_task_group.py
[2024-02-02T15:21:54.433+0000] {processor.py:840} INFO - DAG(s) 'example_task_group' retrieved from /home/airflow/.local/lib/python3.8/site-packages/airflow/example_dags/example_task_group.py
[2024-02-02T15:21:54.459+0000] {logging_mixin.py:188} INFO - [2024-02-02T15:21:54.459+0000] {dag.py:3036} INFO - Sync 1 DAGs
[2024-02-02T15:21:54.487+0000] {logging_mixin.py:188} INFO - [2024-02-02T15:21:54.487+0000] {dag.py:3823} INFO - Setting next_dagrun for example_task_group to 2024-02-01 00:00:00+00:00, run_after=2024-02-02 00:00:00+00:00
[2024-02-02T15:21:54.515+0000] {processor.py:183} INFO - Processing /home/airflow/.local/lib/python3.8/site-packages/airflow/example_dags/example_task_group.py took 0.101 seconds
[2024-02-02T15:22:24.769+0000] {processor.py:161} INFO - Started process (PID=4693) to work on /home/airflow/.local/lib/python3.8/site-packages/airflow/example_dags/example_task_group.py
[2024-02-02T15:22:24.770+0000] {processor.py:830} INFO - Processing file /home/airflow/.local/lib/python3.8/site-packages/airflow/example_dags/example_task_group.py for tasks to queue
[2024-02-02T15:22:24.771+0000] {logging_mixin.py:188} INFO - [2024-02-02T15:22:24.771+0000] {dagbag.py:538} INFO - Filling up the DagBag from /home/airflow/.local/lib/python3.8/site-packages/airflow/example_dags/example_task_group.py
[2024-02-02T15:22:24.780+0000] {processor.py:840} INFO - DAG(s) 'example_task_group' retrieved from /home/airflow/.local/lib/python3.8/site-packages/airflow/example_dags/example_task_group.py
[2024-02-02T15:22:24.804+0000] {logging_mixin.py:188} INFO - [2024-02-02T15:22:24.804+0000] {dag.py:3036} INFO - Sync 1 DAGs
[2024-02-02T15:22:24.828+0000] {logging_mixin.py:188} INFO - [2024-02-02T15:22:24.828+0000] {dag.py:3823} INFO - Setting next_dagrun for example_task_group to 2024-02-01 00:00:00+00:00, run_after=2024-02-02 00:00:00+00:00
[2024-02-02T15:22:24.852+0000] {processor.py:183} INFO - Processing /home/airflow/.local/lib/python3.8/site-packages/airflow/example_dags/example_task_group.py took 0.086 seconds
[2024-02-02T15:22:55.998+0000] {processor.py:161} INFO - Started process (PID=4938) to work on /home/airflow/.local/lib/python3.8/site-packages/airflow/example_dags/example_task_group.py
[2024-02-02T15:22:56.000+0000] {processor.py:830} INFO - Processing file /home/airflow/.local/lib/python3.8/site-packages/airflow/example_dags/example_task_group.py for tasks to queue
[2024-02-02T15:22:56.002+0000] {logging_mixin.py:188} INFO - [2024-02-02T15:22:56.001+0000] {dagbag.py:538} INFO - Filling up the DagBag from /home/airflow/.local/lib/python3.8/site-packages/airflow/example_dags/example_task_group.py
[2024-02-02T15:22:56.017+0000] {processor.py:840} INFO - DAG(s) 'example_task_group' retrieved from /home/airflow/.local/lib/python3.8/site-packages/airflow/example_dags/example_task_group.py
[2024-02-02T15:22:56.052+0000] {logging_mixin.py:188} INFO - [2024-02-02T15:22:56.052+0000] {dag.py:3036} INFO - Sync 1 DAGs
[2024-02-02T15:22:56.091+0000] {logging_mixin.py:188} INFO - [2024-02-02T15:22:56.091+0000] {dag.py:3823} INFO - Setting next_dagrun for example_task_group to 2024-02-01 00:00:00+00:00, run_after=2024-02-02 00:00:00+00:00
[2024-02-02T15:22:56.120+0000] {processor.py:183} INFO - Processing /home/airflow/.local/lib/python3.8/site-packages/airflow/example_dags/example_task_group.py took 0.129 seconds
[2024-02-02T15:23:26.672+0000] {processor.py:161} INFO - Started process (PID=5185) to work on /home/airflow/.local/lib/python3.8/site-packages/airflow/example_dags/example_task_group.py
[2024-02-02T15:23:26.674+0000] {processor.py:830} INFO - Processing file /home/airflow/.local/lib/python3.8/site-packages/airflow/example_dags/example_task_group.py for tasks to queue
[2024-02-02T15:23:26.676+0000] {logging_mixin.py:188} INFO - [2024-02-02T15:23:26.676+0000] {dagbag.py:538} INFO - Filling up the DagBag from /home/airflow/.local/lib/python3.8/site-packages/airflow/example_dags/example_task_group.py
[2024-02-02T15:23:26.692+0000] {processor.py:840} INFO - DAG(s) 'example_task_group' retrieved from /home/airflow/.local/lib/python3.8/site-packages/airflow/example_dags/example_task_group.py
[2024-02-02T15:23:26.734+0000] {logging_mixin.py:188} INFO - [2024-02-02T15:23:26.734+0000] {dag.py:3036} INFO - Sync 1 DAGs
[2024-02-02T15:23:26.779+0000] {logging_mixin.py:188} INFO - [2024-02-02T15:23:26.779+0000] {dag.py:3823} INFO - Setting next_dagrun for example_task_group to 2024-02-01 00:00:00+00:00, run_after=2024-02-02 00:00:00+00:00
[2024-02-02T15:23:26.813+0000] {processor.py:183} INFO - Processing /home/airflow/.local/lib/python3.8/site-packages/airflow/example_dags/example_task_group.py took 0.148 seconds
[2024-02-02T15:23:56.964+0000] {processor.py:161} INFO - Started process (PID=5432) to work on /home/airflow/.local/lib/python3.8/site-packages/airflow/example_dags/example_task_group.py
[2024-02-02T15:23:56.965+0000] {processor.py:830} INFO - Processing file /home/airflow/.local/lib/python3.8/site-packages/airflow/example_dags/example_task_group.py for tasks to queue
[2024-02-02T15:23:56.967+0000] {logging_mixin.py:188} INFO - [2024-02-02T15:23:56.966+0000] {dagbag.py:538} INFO - Filling up the DagBag from /home/airflow/.local/lib/python3.8/site-packages/airflow/example_dags/example_task_group.py
[2024-02-02T15:23:56.979+0000] {processor.py:840} INFO - DAG(s) 'example_task_group' retrieved from /home/airflow/.local/lib/python3.8/site-packages/airflow/example_dags/example_task_group.py
[2024-02-02T15:23:57.005+0000] {logging_mixin.py:188} INFO - [2024-02-02T15:23:57.005+0000] {dag.py:3036} INFO - Sync 1 DAGs
[2024-02-02T15:23:57.031+0000] {logging_mixin.py:188} INFO - [2024-02-02T15:23:57.030+0000] {dag.py:3823} INFO - Setting next_dagrun for example_task_group to 2024-02-01 00:00:00+00:00, run_after=2024-02-02 00:00:00+00:00
[2024-02-02T15:23:57.058+0000] {processor.py:183} INFO - Processing /home/airflow/.local/lib/python3.8/site-packages/airflow/example_dags/example_task_group.py took 0.098 seconds
[2024-02-02T15:24:27.165+0000] {processor.py:161} INFO - Started process (PID=5679) to work on /home/airflow/.local/lib/python3.8/site-packages/airflow/example_dags/example_task_group.py
[2024-02-02T15:24:27.167+0000] {processor.py:830} INFO - Processing file /home/airflow/.local/lib/python3.8/site-packages/airflow/example_dags/example_task_group.py for tasks to queue
[2024-02-02T15:24:27.168+0000] {logging_mixin.py:188} INFO - [2024-02-02T15:24:27.168+0000] {dagbag.py:538} INFO - Filling up the DagBag from /home/airflow/.local/lib/python3.8/site-packages/airflow/example_dags/example_task_group.py
[2024-02-02T15:24:27.177+0000] {processor.py:840} INFO - DAG(s) 'example_task_group' retrieved from /home/airflow/.local/lib/python3.8/site-packages/airflow/example_dags/example_task_group.py
[2024-02-02T15:24:27.204+0000] {logging_mixin.py:188} INFO - [2024-02-02T15:24:27.203+0000] {dag.py:3036} INFO - Sync 1 DAGs
[2024-02-02T15:24:27.232+0000] {logging_mixin.py:188} INFO - [2024-02-02T15:24:27.232+0000] {dag.py:3823} INFO - Setting next_dagrun for example_task_group to 2024-02-01 00:00:00+00:00, run_after=2024-02-02 00:00:00+00:00
[2024-02-02T15:24:27.268+0000] {processor.py:183} INFO - Processing /home/airflow/.local/lib/python3.8/site-packages/airflow/example_dags/example_task_group.py took 0.108 seconds
[2024-02-02T15:24:57.357+0000] {processor.py:161} INFO - Started process (PID=5926) to work on /home/airflow/.local/lib/python3.8/site-packages/airflow/example_dags/example_task_group.py
[2024-02-02T15:24:57.359+0000] {processor.py:830} INFO - Processing file /home/airflow/.local/lib/python3.8/site-packages/airflow/example_dags/example_task_group.py for tasks to queue
[2024-02-02T15:24:57.360+0000] {logging_mixin.py:188} INFO - [2024-02-02T15:24:57.360+0000] {dagbag.py:538} INFO - Filling up the DagBag from /home/airflow/.local/lib/python3.8/site-packages/airflow/example_dags/example_task_group.py
[2024-02-02T15:24:57.369+0000] {processor.py:840} INFO - DAG(s) 'example_task_group' retrieved from /home/airflow/.local/lib/python3.8/site-packages/airflow/example_dags/example_task_group.py
[2024-02-02T15:24:57.397+0000] {logging_mixin.py:188} INFO - [2024-02-02T15:24:57.397+0000] {dag.py:3036} INFO - Sync 1 DAGs
[2024-02-02T15:24:57.423+0000] {logging_mixin.py:188} INFO - [2024-02-02T15:24:57.423+0000] {dag.py:3823} INFO - Setting next_dagrun for example_task_group to 2024-02-01 00:00:00+00:00, run_after=2024-02-02 00:00:00+00:00
[2024-02-02T15:24:57.459+0000] {processor.py:183} INFO - Processing /home/airflow/.local/lib/python3.8/site-packages/airflow/example_dags/example_task_group.py took 0.106 seconds
[2024-02-02T15:25:27.813+0000] {processor.py:161} INFO - Started process (PID=6173) to work on /home/airflow/.local/lib/python3.8/site-packages/airflow/example_dags/example_task_group.py
[2024-02-02T15:25:27.815+0000] {processor.py:830} INFO - Processing file /home/airflow/.local/lib/python3.8/site-packages/airflow/example_dags/example_task_group.py for tasks to queue
[2024-02-02T15:25:27.816+0000] {logging_mixin.py:188} INFO - [2024-02-02T15:25:27.816+0000] {dagbag.py:538} INFO - Filling up the DagBag from /home/airflow/.local/lib/python3.8/site-packages/airflow/example_dags/example_task_group.py
[2024-02-02T15:25:27.828+0000] {processor.py:840} INFO - DAG(s) 'example_task_group' retrieved from /home/airflow/.local/lib/python3.8/site-packages/airflow/example_dags/example_task_group.py
[2024-02-02T15:25:27.862+0000] {logging_mixin.py:188} INFO - [2024-02-02T15:25:27.862+0000] {dag.py:3036} INFO - Sync 1 DAGs
[2024-02-02T15:25:27.897+0000] {logging_mixin.py:188} INFO - [2024-02-02T15:25:27.897+0000] {dag.py:3823} INFO - Setting next_dagrun for example_task_group to 2024-02-01 00:00:00+00:00, run_after=2024-02-02 00:00:00+00:00
[2024-02-02T15:25:27.938+0000] {processor.py:183} INFO - Processing /home/airflow/.local/lib/python3.8/site-packages/airflow/example_dags/example_task_group.py took 0.130 seconds
[2024-02-02T15:25:58.511+0000] {processor.py:161} INFO - Started process (PID=6420) to work on /home/airflow/.local/lib/python3.8/site-packages/airflow/example_dags/example_task_group.py
[2024-02-02T15:25:58.513+0000] {processor.py:830} INFO - Processing file /home/airflow/.local/lib/python3.8/site-packages/airflow/example_dags/example_task_group.py for tasks to queue
[2024-02-02T15:25:58.514+0000] {logging_mixin.py:188} INFO - [2024-02-02T15:25:58.514+0000] {dagbag.py:538} INFO - Filling up the DagBag from /home/airflow/.local/lib/python3.8/site-packages/airflow/example_dags/example_task_group.py
[2024-02-02T15:25:58.523+0000] {processor.py:840} INFO - DAG(s) 'example_task_group' retrieved from /home/airflow/.local/lib/python3.8/site-packages/airflow/example_dags/example_task_group.py
[2024-02-02T15:25:58.551+0000] {logging_mixin.py:188} INFO - [2024-02-02T15:25:58.551+0000] {dag.py:3036} INFO - Sync 1 DAGs
[2024-02-02T15:25:58.577+0000] {logging_mixin.py:188} INFO - [2024-02-02T15:25:58.577+0000] {dag.py:3823} INFO - Setting next_dagrun for example_task_group to 2024-02-01 00:00:00+00:00, run_after=2024-02-02 00:00:00+00:00
[2024-02-02T15:25:58.602+0000] {processor.py:183} INFO - Processing /home/airflow/.local/lib/python3.8/site-packages/airflow/example_dags/example_task_group.py took 0.095 seconds
[2024-02-02T15:26:29.192+0000] {processor.py:161} INFO - Started process (PID=6667) to work on /home/airflow/.local/lib/python3.8/site-packages/airflow/example_dags/example_task_group.py
[2024-02-02T15:26:29.194+0000] {processor.py:830} INFO - Processing file /home/airflow/.local/lib/python3.8/site-packages/airflow/example_dags/example_task_group.py for tasks to queue
[2024-02-02T15:26:29.195+0000] {logging_mixin.py:188} INFO - [2024-02-02T15:26:29.195+0000] {dagbag.py:538} INFO - Filling up the DagBag from /home/airflow/.local/lib/python3.8/site-packages/airflow/example_dags/example_task_group.py
[2024-02-02T15:26:29.204+0000] {processor.py:840} INFO - DAG(s) 'example_task_group' retrieved from /home/airflow/.local/lib/python3.8/site-packages/airflow/example_dags/example_task_group.py
[2024-02-02T15:26:29.231+0000] {logging_mixin.py:188} INFO - [2024-02-02T15:26:29.230+0000] {dag.py:3036} INFO - Sync 1 DAGs
[2024-02-02T15:26:29.257+0000] {logging_mixin.py:188} INFO - [2024-02-02T15:26:29.257+0000] {dag.py:3823} INFO - Setting next_dagrun for example_task_group to 2024-02-01 00:00:00+00:00, run_after=2024-02-02 00:00:00+00:00
[2024-02-02T15:26:29.292+0000] {processor.py:183} INFO - Processing /home/airflow/.local/lib/python3.8/site-packages/airflow/example_dags/example_task_group.py took 0.103 seconds
[2024-02-02T15:26:59.343+0000] {processor.py:161} INFO - Started process (PID=6914) to work on /home/airflow/.local/lib/python3.8/site-packages/airflow/example_dags/example_task_group.py
[2024-02-02T15:26:59.345+0000] {processor.py:830} INFO - Processing file /home/airflow/.local/lib/python3.8/site-packages/airflow/example_dags/example_task_group.py for tasks to queue
[2024-02-02T15:26:59.347+0000] {logging_mixin.py:188} INFO - [2024-02-02T15:26:59.346+0000] {dagbag.py:538} INFO - Filling up the DagBag from /home/airflow/.local/lib/python3.8/site-packages/airflow/example_dags/example_task_group.py
[2024-02-02T15:26:59.356+0000] {processor.py:840} INFO - DAG(s) 'example_task_group' retrieved from /home/airflow/.local/lib/python3.8/site-packages/airflow/example_dags/example_task_group.py
[2024-02-02T15:26:59.383+0000] {logging_mixin.py:188} INFO - [2024-02-02T15:26:59.383+0000] {dag.py:3036} INFO - Sync 1 DAGs
[2024-02-02T15:26:59.412+0000] {logging_mixin.py:188} INFO - [2024-02-02T15:26:59.411+0000] {dag.py:3823} INFO - Setting next_dagrun for example_task_group to 2024-02-01 00:00:00+00:00, run_after=2024-02-02 00:00:00+00:00
[2024-02-02T15:26:59.446+0000] {processor.py:183} INFO - Processing /home/airflow/.local/lib/python3.8/site-packages/airflow/example_dags/example_task_group.py took 0.107 seconds
[2024-02-02T15:27:30.162+0000] {processor.py:161} INFO - Started process (PID=7167) to work on /home/airflow/.local/lib/python3.8/site-packages/airflow/example_dags/example_task_group.py
[2024-02-02T15:27:30.164+0000] {processor.py:830} INFO - Processing file /home/airflow/.local/lib/python3.8/site-packages/airflow/example_dags/example_task_group.py for tasks to queue
[2024-02-02T15:27:30.166+0000] {logging_mixin.py:188} INFO - [2024-02-02T15:27:30.166+0000] {dagbag.py:538} INFO - Filling up the DagBag from /home/airflow/.local/lib/python3.8/site-packages/airflow/example_dags/example_task_group.py
[2024-02-02T15:27:30.176+0000] {processor.py:840} INFO - DAG(s) 'example_task_group' retrieved from /home/airflow/.local/lib/python3.8/site-packages/airflow/example_dags/example_task_group.py
[2024-02-02T15:27:30.210+0000] {logging_mixin.py:188} INFO - [2024-02-02T15:27:30.209+0000] {dag.py:3036} INFO - Sync 1 DAGs
[2024-02-02T15:27:30.243+0000] {logging_mixin.py:188} INFO - [2024-02-02T15:27:30.242+0000] {dag.py:3823} INFO - Setting next_dagrun for example_task_group to 2024-02-01 00:00:00+00:00, run_after=2024-02-02 00:00:00+00:00
[2024-02-02T15:27:30.271+0000] {processor.py:183} INFO - Processing /home/airflow/.local/lib/python3.8/site-packages/airflow/example_dags/example_task_group.py took 0.112 seconds
[2024-02-02T15:28:00.573+0000] {processor.py:161} INFO - Started process (PID=7414) to work on /home/airflow/.local/lib/python3.8/site-packages/airflow/example_dags/example_task_group.py
[2024-02-02T15:28:00.574+0000] {processor.py:830} INFO - Processing file /home/airflow/.local/lib/python3.8/site-packages/airflow/example_dags/example_task_group.py for tasks to queue
[2024-02-02T15:28:00.576+0000] {logging_mixin.py:188} INFO - [2024-02-02T15:28:00.575+0000] {dagbag.py:538} INFO - Filling up the DagBag from /home/airflow/.local/lib/python3.8/site-packages/airflow/example_dags/example_task_group.py
[2024-02-02T15:28:00.585+0000] {processor.py:840} INFO - DAG(s) 'example_task_group' retrieved from /home/airflow/.local/lib/python3.8/site-packages/airflow/example_dags/example_task_group.py
[2024-02-02T15:28:00.618+0000] {logging_mixin.py:188} INFO - [2024-02-02T15:28:00.618+0000] {dag.py:3036} INFO - Sync 1 DAGs
[2024-02-02T15:28:00.651+0000] {logging_mixin.py:188} INFO - [2024-02-02T15:28:00.650+0000] {dag.py:3823} INFO - Setting next_dagrun for example_task_group to 2024-02-01 00:00:00+00:00, run_after=2024-02-02 00:00:00+00:00
[2024-02-02T15:28:00.681+0000] {processor.py:183} INFO - Processing /home/airflow/.local/lib/python3.8/site-packages/airflow/example_dags/example_task_group.py took 0.112 seconds
[2024-02-02T15:28:31.016+0000] {processor.py:161} INFO - Started process (PID=7661) to work on /home/airflow/.local/lib/python3.8/site-packages/airflow/example_dags/example_task_group.py
[2024-02-02T15:28:31.018+0000] {processor.py:830} INFO - Processing file /home/airflow/.local/lib/python3.8/site-packages/airflow/example_dags/example_task_group.py for tasks to queue
[2024-02-02T15:28:31.020+0000] {logging_mixin.py:188} INFO - [2024-02-02T15:28:31.019+0000] {dagbag.py:538} INFO - Filling up the DagBag from /home/airflow/.local/lib/python3.8/site-packages/airflow/example_dags/example_task_group.py
[2024-02-02T15:28:31.029+0000] {processor.py:840} INFO - DAG(s) 'example_task_group' retrieved from /home/airflow/.local/lib/python3.8/site-packages/airflow/example_dags/example_task_group.py
[2024-02-02T15:28:31.058+0000] {logging_mixin.py:188} INFO - [2024-02-02T15:28:31.057+0000] {dag.py:3036} INFO - Sync 1 DAGs
[2024-02-02T15:28:31.086+0000] {logging_mixin.py:188} INFO - [2024-02-02T15:28:31.086+0000] {dag.py:3823} INFO - Setting next_dagrun for example_task_group to 2024-02-01 00:00:00+00:00, run_after=2024-02-02 00:00:00+00:00
[2024-02-02T15:28:31.122+0000] {processor.py:183} INFO - Processing /home/airflow/.local/lib/python3.8/site-packages/airflow/example_dags/example_task_group.py took 0.110 seconds
[2024-02-02T15:29:01.516+0000] {processor.py:161} INFO - Started process (PID=7908) to work on /home/airflow/.local/lib/python3.8/site-packages/airflow/example_dags/example_task_group.py
[2024-02-02T15:29:01.518+0000] {processor.py:830} INFO - Processing file /home/airflow/.local/lib/python3.8/site-packages/airflow/example_dags/example_task_group.py for tasks to queue
[2024-02-02T15:29:01.519+0000] {logging_mixin.py:188} INFO - [2024-02-02T15:29:01.519+0000] {dagbag.py:538} INFO - Filling up the DagBag from /home/airflow/.local/lib/python3.8/site-packages/airflow/example_dags/example_task_group.py
[2024-02-02T15:29:01.528+0000] {processor.py:840} INFO - DAG(s) 'example_task_group' retrieved from /home/airflow/.local/lib/python3.8/site-packages/airflow/example_dags/example_task_group.py
[2024-02-02T15:29:01.559+0000] {logging_mixin.py:188} INFO - [2024-02-02T15:29:01.558+0000] {dag.py:3036} INFO - Sync 1 DAGs
[2024-02-02T15:29:01.591+0000] {logging_mixin.py:188} INFO - [2024-02-02T15:29:01.590+0000] {dag.py:3823} INFO - Setting next_dagrun for example_task_group to 2024-02-01 00:00:00+00:00, run_after=2024-02-02 00:00:00+00:00
[2024-02-02T15:29:01.616+0000] {processor.py:183} INFO - Processing /home/airflow/.local/lib/python3.8/site-packages/airflow/example_dags/example_task_group.py took 0.104 seconds
[2024-02-02T15:29:31.798+0000] {processor.py:161} INFO - Started process (PID=8155) to work on /home/airflow/.local/lib/python3.8/site-packages/airflow/example_dags/example_task_group.py
[2024-02-02T15:29:31.800+0000] {processor.py:830} INFO - Processing file /home/airflow/.local/lib/python3.8/site-packages/airflow/example_dags/example_task_group.py for tasks to queue
[2024-02-02T15:29:31.802+0000] {logging_mixin.py:188} INFO - [2024-02-02T15:29:31.801+0000] {dagbag.py:538} INFO - Filling up the DagBag from /home/airflow/.local/lib/python3.8/site-packages/airflow/example_dags/example_task_group.py
[2024-02-02T15:29:31.814+0000] {processor.py:840} INFO - DAG(s) 'example_task_group' retrieved from /home/airflow/.local/lib/python3.8/site-packages/airflow/example_dags/example_task_group.py
[2024-02-02T15:29:31.842+0000] {logging_mixin.py:188} INFO - [2024-02-02T15:29:31.842+0000] {dag.py:3036} INFO - Sync 1 DAGs
[2024-02-02T15:29:31.869+0000] {logging_mixin.py:188} INFO - [2024-02-02T15:29:31.868+0000] {dag.py:3823} INFO - Setting next_dagrun for example_task_group to 2024-02-01 00:00:00+00:00, run_after=2024-02-02 00:00:00+00:00
[2024-02-02T15:29:31.897+0000] {processor.py:183} INFO - Processing /home/airflow/.local/lib/python3.8/site-packages/airflow/example_dags/example_task_group.py took 0.103 seconds
[2024-02-02T15:30:02.250+0000] {processor.py:161} INFO - Started process (PID=8402) to work on /home/airflow/.local/lib/python3.8/site-packages/airflow/example_dags/example_task_group.py
[2024-02-02T15:30:02.251+0000] {processor.py:830} INFO - Processing file /home/airflow/.local/lib/python3.8/site-packages/airflow/example_dags/example_task_group.py for tasks to queue
[2024-02-02T15:30:02.252+0000] {logging_mixin.py:188} INFO - [2024-02-02T15:30:02.252+0000] {dagbag.py:538} INFO - Filling up the DagBag from /home/airflow/.local/lib/python3.8/site-packages/airflow/example_dags/example_task_group.py
[2024-02-02T15:30:02.262+0000] {processor.py:840} INFO - DAG(s) 'example_task_group' retrieved from /home/airflow/.local/lib/python3.8/site-packages/airflow/example_dags/example_task_group.py
[2024-02-02T15:30:02.291+0000] {logging_mixin.py:188} INFO - [2024-02-02T15:30:02.291+0000] {dag.py:3036} INFO - Sync 1 DAGs
[2024-02-02T15:30:02.320+0000] {logging_mixin.py:188} INFO - [2024-02-02T15:30:02.320+0000] {dag.py:3823} INFO - Setting next_dagrun for example_task_group to 2024-02-01 00:00:00+00:00, run_after=2024-02-02 00:00:00+00:00
[2024-02-02T15:30:02.348+0000] {processor.py:183} INFO - Processing /home/airflow/.local/lib/python3.8/site-packages/airflow/example_dags/example_task_group.py took 0.102 seconds
[2024-02-02T15:30:32.569+0000] {processor.py:161} INFO - Started process (PID=8649) to work on /home/airflow/.local/lib/python3.8/site-packages/airflow/example_dags/example_task_group.py
[2024-02-02T15:30:32.571+0000] {processor.py:830} INFO - Processing file /home/airflow/.local/lib/python3.8/site-packages/airflow/example_dags/example_task_group.py for tasks to queue
[2024-02-02T15:30:32.572+0000] {logging_mixin.py:188} INFO - [2024-02-02T15:30:32.572+0000] {dagbag.py:538} INFO - Filling up the DagBag from /home/airflow/.local/lib/python3.8/site-packages/airflow/example_dags/example_task_group.py
[2024-02-02T15:30:32.582+0000] {processor.py:840} INFO - DAG(s) 'example_task_group' retrieved from /home/airflow/.local/lib/python3.8/site-packages/airflow/example_dags/example_task_group.py
[2024-02-02T15:30:32.609+0000] {logging_mixin.py:188} INFO - [2024-02-02T15:30:32.608+0000] {dag.py:3036} INFO - Sync 1 DAGs
[2024-02-02T15:30:32.636+0000] {logging_mixin.py:188} INFO - [2024-02-02T15:30:32.636+0000] {dag.py:3823} INFO - Setting next_dagrun for example_task_group to 2024-02-01 00:00:00+00:00, run_after=2024-02-02 00:00:00+00:00
[2024-02-02T15:30:32.663+0000] {processor.py:183} INFO - Processing /home/airflow/.local/lib/python3.8/site-packages/airflow/example_dags/example_task_group.py took 0.097 seconds
[2024-02-02T15:31:02.997+0000] {processor.py:161} INFO - Started process (PID=8896) to work on /home/airflow/.local/lib/python3.8/site-packages/airflow/example_dags/example_task_group.py
[2024-02-02T15:31:02.999+0000] {processor.py:830} INFO - Processing file /home/airflow/.local/lib/python3.8/site-packages/airflow/example_dags/example_task_group.py for tasks to queue
[2024-02-02T15:31:03.000+0000] {logging_mixin.py:188} INFO - [2024-02-02T15:31:03.000+0000] {dagbag.py:538} INFO - Filling up the DagBag from /home/airflow/.local/lib/python3.8/site-packages/airflow/example_dags/example_task_group.py
[2024-02-02T15:31:03.009+0000] {processor.py:840} INFO - DAG(s) 'example_task_group' retrieved from /home/airflow/.local/lib/python3.8/site-packages/airflow/example_dags/example_task_group.py
[2024-02-02T15:31:03.036+0000] {logging_mixin.py:188} INFO - [2024-02-02T15:31:03.036+0000] {dag.py:3036} INFO - Sync 1 DAGs
[2024-02-02T15:31:03.062+0000] {logging_mixin.py:188} INFO - [2024-02-02T15:31:03.062+0000] {dag.py:3823} INFO - Setting next_dagrun for example_task_group to 2024-02-01 00:00:00+00:00, run_after=2024-02-02 00:00:00+00:00
[2024-02-02T15:31:03.113+0000] {processor.py:183} INFO - Processing /home/airflow/.local/lib/python3.8/site-packages/airflow/example_dags/example_task_group.py took 0.119 seconds
[2024-02-02T15:31:34.170+0000] {processor.py:161} INFO - Started process (PID=9143) to work on /home/airflow/.local/lib/python3.8/site-packages/airflow/example_dags/example_task_group.py
[2024-02-02T15:31:34.171+0000] {processor.py:830} INFO - Processing file /home/airflow/.local/lib/python3.8/site-packages/airflow/example_dags/example_task_group.py for tasks to queue
[2024-02-02T15:31:34.173+0000] {logging_mixin.py:188} INFO - [2024-02-02T15:31:34.172+0000] {dagbag.py:538} INFO - Filling up the DagBag from /home/airflow/.local/lib/python3.8/site-packages/airflow/example_dags/example_task_group.py
[2024-02-02T15:31:34.182+0000] {processor.py:840} INFO - DAG(s) 'example_task_group' retrieved from /home/airflow/.local/lib/python3.8/site-packages/airflow/example_dags/example_task_group.py
[2024-02-02T15:31:34.209+0000] {logging_mixin.py:188} INFO - [2024-02-02T15:31:34.209+0000] {dag.py:3036} INFO - Sync 1 DAGs
[2024-02-02T15:31:34.235+0000] {logging_mixin.py:188} INFO - [2024-02-02T15:31:34.234+0000] {dag.py:3823} INFO - Setting next_dagrun for example_task_group to 2024-02-01 00:00:00+00:00, run_after=2024-02-02 00:00:00+00:00
[2024-02-02T15:31:34.275+0000] {processor.py:183} INFO - Processing /home/airflow/.local/lib/python3.8/site-packages/airflow/example_dags/example_task_group.py took 0.109 seconds
[2024-02-02T15:32:04.459+0000] {processor.py:161} INFO - Started process (PID=9390) to work on /home/airflow/.local/lib/python3.8/site-packages/airflow/example_dags/example_task_group.py
[2024-02-02T15:32:04.461+0000] {processor.py:830} INFO - Processing file /home/airflow/.local/lib/python3.8/site-packages/airflow/example_dags/example_task_group.py for tasks to queue
[2024-02-02T15:32:04.462+0000] {logging_mixin.py:188} INFO - [2024-02-02T15:32:04.462+0000] {dagbag.py:538} INFO - Filling up the DagBag from /home/airflow/.local/lib/python3.8/site-packages/airflow/example_dags/example_task_group.py
[2024-02-02T15:32:04.472+0000] {processor.py:840} INFO - DAG(s) 'example_task_group' retrieved from /home/airflow/.local/lib/python3.8/site-packages/airflow/example_dags/example_task_group.py
[2024-02-02T15:32:04.502+0000] {logging_mixin.py:188} INFO - [2024-02-02T15:32:04.502+0000] {dag.py:3036} INFO - Sync 1 DAGs
[2024-02-02T15:32:04.533+0000] {logging_mixin.py:188} INFO - [2024-02-02T15:32:04.533+0000] {dag.py:3823} INFO - Setting next_dagrun for example_task_group to 2024-02-01 00:00:00+00:00, run_after=2024-02-02 00:00:00+00:00
[2024-02-02T15:32:04.559+0000] {processor.py:183} INFO - Processing /home/airflow/.local/lib/python3.8/site-packages/airflow/example_dags/example_task_group.py took 0.105 seconds
[2024-02-02T15:32:34.867+0000] {processor.py:161} INFO - Started process (PID=9637) to work on /home/airflow/.local/lib/python3.8/site-packages/airflow/example_dags/example_task_group.py
[2024-02-02T15:32:34.868+0000] {processor.py:830} INFO - Processing file /home/airflow/.local/lib/python3.8/site-packages/airflow/example_dags/example_task_group.py for tasks to queue
[2024-02-02T15:32:34.870+0000] {logging_mixin.py:188} INFO - [2024-02-02T15:32:34.870+0000] {dagbag.py:538} INFO - Filling up the DagBag from /home/airflow/.local/lib/python3.8/site-packages/airflow/example_dags/example_task_group.py
[2024-02-02T15:32:34.882+0000] {processor.py:840} INFO - DAG(s) 'example_task_group' retrieved from /home/airflow/.local/lib/python3.8/site-packages/airflow/example_dags/example_task_group.py
[2024-02-02T15:32:34.910+0000] {logging_mixin.py:188} INFO - [2024-02-02T15:32:34.910+0000] {dag.py:3036} INFO - Sync 1 DAGs
[2024-02-02T15:32:34.941+0000] {logging_mixin.py:188} INFO - [2024-02-02T15:32:34.941+0000] {dag.py:3823} INFO - Setting next_dagrun for example_task_group to 2024-02-01 00:00:00+00:00, run_after=2024-02-02 00:00:00+00:00
[2024-02-02T15:32:34.968+0000] {processor.py:183} INFO - Processing /home/airflow/.local/lib/python3.8/site-packages/airflow/example_dags/example_task_group.py took 0.109 seconds
[2024-02-02T15:33:05.599+0000] {processor.py:161} INFO - Started process (PID=9878) to work on /home/airflow/.local/lib/python3.8/site-packages/airflow/example_dags/example_task_group.py
[2024-02-02T15:33:05.601+0000] {processor.py:830} INFO - Processing file /home/airflow/.local/lib/python3.8/site-packages/airflow/example_dags/example_task_group.py for tasks to queue
[2024-02-02T15:33:05.603+0000] {logging_mixin.py:188} INFO - [2024-02-02T15:33:05.602+0000] {dagbag.py:538} INFO - Filling up the DagBag from /home/airflow/.local/lib/python3.8/site-packages/airflow/example_dags/example_task_group.py
[2024-02-02T15:33:05.612+0000] {processor.py:840} INFO - DAG(s) 'example_task_group' retrieved from /home/airflow/.local/lib/python3.8/site-packages/airflow/example_dags/example_task_group.py
[2024-02-02T15:33:05.639+0000] {logging_mixin.py:188} INFO - [2024-02-02T15:33:05.639+0000] {dag.py:3036} INFO - Sync 1 DAGs
[2024-02-02T15:33:05.666+0000] {logging_mixin.py:188} INFO - [2024-02-02T15:33:05.665+0000] {dag.py:3823} INFO - Setting next_dagrun for example_task_group to 2024-02-01 00:00:00+00:00, run_after=2024-02-02 00:00:00+00:00
[2024-02-02T15:33:05.702+0000] {processor.py:183} INFO - Processing /home/airflow/.local/lib/python3.8/site-packages/airflow/example_dags/example_task_group.py took 0.107 seconds
[2024-02-02T15:33:36.484+0000] {processor.py:161} INFO - Started process (PID=10125) to work on /home/airflow/.local/lib/python3.8/site-packages/airflow/example_dags/example_task_group.py
[2024-02-02T15:33:36.486+0000] {processor.py:830} INFO - Processing file /home/airflow/.local/lib/python3.8/site-packages/airflow/example_dags/example_task_group.py for tasks to queue
[2024-02-02T15:33:36.487+0000] {logging_mixin.py:188} INFO - [2024-02-02T15:33:36.487+0000] {dagbag.py:538} INFO - Filling up the DagBag from /home/airflow/.local/lib/python3.8/site-packages/airflow/example_dags/example_task_group.py
[2024-02-02T15:33:36.496+0000] {processor.py:840} INFO - DAG(s) 'example_task_group' retrieved from /home/airflow/.local/lib/python3.8/site-packages/airflow/example_dags/example_task_group.py
[2024-02-02T15:33:36.524+0000] {logging_mixin.py:188} INFO - [2024-02-02T15:33:36.523+0000] {dag.py:3036} INFO - Sync 1 DAGs
[2024-02-02T15:33:36.549+0000] {logging_mixin.py:188} INFO - [2024-02-02T15:33:36.549+0000] {dag.py:3823} INFO - Setting next_dagrun for example_task_group to 2024-02-01 00:00:00+00:00, run_after=2024-02-02 00:00:00+00:00
[2024-02-02T15:33:36.592+0000] {processor.py:183} INFO - Processing /home/airflow/.local/lib/python3.8/site-packages/airflow/example_dags/example_task_group.py took 0.113 seconds
[2024-02-02T15:34:07.268+0000] {processor.py:161} INFO - Started process (PID=10372) to work on /home/airflow/.local/lib/python3.8/site-packages/airflow/example_dags/example_task_group.py
[2024-02-02T15:34:07.270+0000] {processor.py:830} INFO - Processing file /home/airflow/.local/lib/python3.8/site-packages/airflow/example_dags/example_task_group.py for tasks to queue
[2024-02-02T15:34:07.272+0000] {logging_mixin.py:188} INFO - [2024-02-02T15:34:07.271+0000] {dagbag.py:538} INFO - Filling up the DagBag from /home/airflow/.local/lib/python3.8/site-packages/airflow/example_dags/example_task_group.py
[2024-02-02T15:34:07.281+0000] {processor.py:840} INFO - DAG(s) 'example_task_group' retrieved from /home/airflow/.local/lib/python3.8/site-packages/airflow/example_dags/example_task_group.py
[2024-02-02T15:34:07.311+0000] {logging_mixin.py:188} INFO - [2024-02-02T15:34:07.311+0000] {dag.py:3036} INFO - Sync 1 DAGs
[2024-02-02T15:34:07.338+0000] {logging_mixin.py:188} INFO - [2024-02-02T15:34:07.337+0000] {dag.py:3823} INFO - Setting next_dagrun for example_task_group to 2024-02-01 00:00:00+00:00, run_after=2024-02-02 00:00:00+00:00
[2024-02-02T15:34:07.379+0000] {processor.py:183} INFO - Processing /home/airflow/.local/lib/python3.8/site-packages/airflow/example_dags/example_task_group.py took 0.116 seconds
[2024-02-02T15:34:37.647+0000] {processor.py:161} INFO - Started process (PID=10619) to work on /home/airflow/.local/lib/python3.8/site-packages/airflow/example_dags/example_task_group.py
[2024-02-02T15:34:37.648+0000] {processor.py:830} INFO - Processing file /home/airflow/.local/lib/python3.8/site-packages/airflow/example_dags/example_task_group.py for tasks to queue
[2024-02-02T15:34:37.650+0000] {logging_mixin.py:188} INFO - [2024-02-02T15:34:37.649+0000] {dagbag.py:538} INFO - Filling up the DagBag from /home/airflow/.local/lib/python3.8/site-packages/airflow/example_dags/example_task_group.py
[2024-02-02T15:34:37.661+0000] {processor.py:840} INFO - DAG(s) 'example_task_group' retrieved from /home/airflow/.local/lib/python3.8/site-packages/airflow/example_dags/example_task_group.py
[2024-02-02T15:34:37.697+0000] {logging_mixin.py:188} INFO - [2024-02-02T15:34:37.697+0000] {dag.py:3036} INFO - Sync 1 DAGs
[2024-02-02T15:34:37.732+0000] {logging_mixin.py:188} INFO - [2024-02-02T15:34:37.731+0000] {dag.py:3823} INFO - Setting next_dagrun for example_task_group to 2024-02-01 00:00:00+00:00, run_after=2024-02-02 00:00:00+00:00
[2024-02-02T15:34:37.764+0000] {processor.py:183} INFO - Processing /home/airflow/.local/lib/python3.8/site-packages/airflow/example_dags/example_task_group.py took 0.121 seconds
[2024-02-02T15:35:07.981+0000] {processor.py:161} INFO - Started process (PID=10866) to work on /home/airflow/.local/lib/python3.8/site-packages/airflow/example_dags/example_task_group.py
[2024-02-02T15:35:07.983+0000] {processor.py:830} INFO - Processing file /home/airflow/.local/lib/python3.8/site-packages/airflow/example_dags/example_task_group.py for tasks to queue
[2024-02-02T15:35:07.984+0000] {logging_mixin.py:188} INFO - [2024-02-02T15:35:07.984+0000] {dagbag.py:538} INFO - Filling up the DagBag from /home/airflow/.local/lib/python3.8/site-packages/airflow/example_dags/example_task_group.py
[2024-02-02T15:35:07.996+0000] {processor.py:840} INFO - DAG(s) 'example_task_group' retrieved from /home/airflow/.local/lib/python3.8/site-packages/airflow/example_dags/example_task_group.py
[2024-02-02T15:35:08.022+0000] {logging_mixin.py:188} INFO - [2024-02-02T15:35:08.022+0000] {dag.py:3036} INFO - Sync 1 DAGs
[2024-02-02T15:35:08.049+0000] {logging_mixin.py:188} INFO - [2024-02-02T15:35:08.049+0000] {dag.py:3823} INFO - Setting next_dagrun for example_task_group to 2024-02-01 00:00:00+00:00, run_after=2024-02-02 00:00:00+00:00
[2024-02-02T15:35:08.074+0000] {processor.py:183} INFO - Processing /home/airflow/.local/lib/python3.8/site-packages/airflow/example_dags/example_task_group.py took 0.096 seconds
[2024-02-02T15:35:38.265+0000] {processor.py:161} INFO - Started process (PID=11113) to work on /home/airflow/.local/lib/python3.8/site-packages/airflow/example_dags/example_task_group.py
[2024-02-02T15:35:38.267+0000] {processor.py:830} INFO - Processing file /home/airflow/.local/lib/python3.8/site-packages/airflow/example_dags/example_task_group.py for tasks to queue
[2024-02-02T15:35:38.268+0000] {logging_mixin.py:188} INFO - [2024-02-02T15:35:38.268+0000] {dagbag.py:538} INFO - Filling up the DagBag from /home/airflow/.local/lib/python3.8/site-packages/airflow/example_dags/example_task_group.py
[2024-02-02T15:35:38.279+0000] {processor.py:840} INFO - DAG(s) 'example_task_group' retrieved from /home/airflow/.local/lib/python3.8/site-packages/airflow/example_dags/example_task_group.py
[2024-02-02T15:35:38.313+0000] {logging_mixin.py:188} INFO - [2024-02-02T15:35:38.313+0000] {dag.py:3036} INFO - Sync 1 DAGs
[2024-02-02T15:35:38.350+0000] {logging_mixin.py:188} INFO - [2024-02-02T15:35:38.349+0000] {dag.py:3823} INFO - Setting next_dagrun for example_task_group to 2024-02-01 00:00:00+00:00, run_after=2024-02-02 00:00:00+00:00
[2024-02-02T15:35:38.392+0000] {processor.py:183} INFO - Processing /home/airflow/.local/lib/python3.8/site-packages/airflow/example_dags/example_task_group.py took 0.131 seconds
[2024-02-02T15:36:09.048+0000] {processor.py:161} INFO - Started process (PID=11360) to work on /home/airflow/.local/lib/python3.8/site-packages/airflow/example_dags/example_task_group.py
[2024-02-02T15:36:09.050+0000] {processor.py:830} INFO - Processing file /home/airflow/.local/lib/python3.8/site-packages/airflow/example_dags/example_task_group.py for tasks to queue
[2024-02-02T15:36:09.051+0000] {logging_mixin.py:188} INFO - [2024-02-02T15:36:09.051+0000] {dagbag.py:538} INFO - Filling up the DagBag from /home/airflow/.local/lib/python3.8/site-packages/airflow/example_dags/example_task_group.py
[2024-02-02T15:36:09.065+0000] {processor.py:840} INFO - DAG(s) 'example_task_group' retrieved from /home/airflow/.local/lib/python3.8/site-packages/airflow/example_dags/example_task_group.py
[2024-02-02T15:36:09.106+0000] {logging_mixin.py:188} INFO - [2024-02-02T15:36:09.105+0000] {dag.py:3036} INFO - Sync 1 DAGs
[2024-02-02T15:36:09.143+0000] {logging_mixin.py:188} INFO - [2024-02-02T15:36:09.142+0000] {dag.py:3823} INFO - Setting next_dagrun for example_task_group to 2024-02-01 00:00:00+00:00, run_after=2024-02-02 00:00:00+00:00
[2024-02-02T15:36:09.176+0000] {processor.py:183} INFO - Processing /home/airflow/.local/lib/python3.8/site-packages/airflow/example_dags/example_task_group.py took 0.135 seconds
