[2024-02-02T15:13:16.413+0000] {processor.py:161} INFO - Started process (PID=183) to work on /home/airflow/.local/lib/python3.8/site-packages/airflow/example_dags/example_trigger_target_dag.py
[2024-02-02T15:13:16.415+0000] {processor.py:830} INFO - Processing file /home/airflow/.local/lib/python3.8/site-packages/airflow/example_dags/example_trigger_target_dag.py for tasks to queue
[2024-02-02T15:13:16.416+0000] {logging_mixin.py:188} INFO - [2024-02-02T15:13:16.416+0000] {dagbag.py:538} INFO - Filling up the DagBag from /home/airflow/.local/lib/python3.8/site-packages/airflow/example_dags/example_trigger_target_dag.py
[2024-02-02T15:13:16.440+0000] {processor.py:840} INFO - DAG(s) 'example_trigger_target_dag' retrieved from /home/airflow/.local/lib/python3.8/site-packages/airflow/example_dags/example_trigger_target_dag.py
[2024-02-02T15:13:16.463+0000] {logging_mixin.py:188} INFO - [2024-02-02T15:13:16.463+0000] {dag.py:3036} INFO - Sync 1 DAGs
[2024-02-02T15:13:16.495+0000] {logging_mixin.py:188} INFO - [2024-02-02T15:13:16.494+0000] {dag.py:3823} INFO - Setting next_dagrun for example_trigger_target_dag to None, run_after=None
[2024-02-02T15:13:16.605+0000] {processor.py:183} INFO - Processing /home/airflow/.local/lib/python3.8/site-packages/airflow/example_dags/example_trigger_target_dag.py took 0.198 seconds
[2024-02-02T15:13:47.303+0000] {processor.py:161} INFO - Started process (PID=430) to work on /home/airflow/.local/lib/python3.8/site-packages/airflow/example_dags/example_trigger_target_dag.py
[2024-02-02T15:13:47.305+0000] {processor.py:830} INFO - Processing file /home/airflow/.local/lib/python3.8/site-packages/airflow/example_dags/example_trigger_target_dag.py for tasks to queue
[2024-02-02T15:13:47.307+0000] {logging_mixin.py:188} INFO - [2024-02-02T15:13:47.307+0000] {dagbag.py:538} INFO - Filling up the DagBag from /home/airflow/.local/lib/python3.8/site-packages/airflow/example_dags/example_trigger_target_dag.py
[2024-02-02T15:13:47.316+0000] {processor.py:840} INFO - DAG(s) 'example_trigger_target_dag' retrieved from /home/airflow/.local/lib/python3.8/site-packages/airflow/example_dags/example_trigger_target_dag.py
[2024-02-02T15:13:47.556+0000] {logging_mixin.py:188} INFO - [2024-02-02T15:13:47.555+0000] {dag.py:3036} INFO - Sync 1 DAGs
[2024-02-02T15:13:47.576+0000] {logging_mixin.py:188} INFO - [2024-02-02T15:13:47.576+0000] {dag.py:3823} INFO - Setting next_dagrun for example_trigger_target_dag to None, run_after=None
[2024-02-02T15:13:47.610+0000] {processor.py:183} INFO - Processing /home/airflow/.local/lib/python3.8/site-packages/airflow/example_dags/example_trigger_target_dag.py took 0.312 seconds
[2024-02-02T15:14:18.365+0000] {processor.py:161} INFO - Started process (PID=677) to work on /home/airflow/.local/lib/python3.8/site-packages/airflow/example_dags/example_trigger_target_dag.py
[2024-02-02T15:14:18.367+0000] {processor.py:830} INFO - Processing file /home/airflow/.local/lib/python3.8/site-packages/airflow/example_dags/example_trigger_target_dag.py for tasks to queue
[2024-02-02T15:14:18.369+0000] {logging_mixin.py:188} INFO - [2024-02-02T15:14:18.368+0000] {dagbag.py:538} INFO - Filling up the DagBag from /home/airflow/.local/lib/python3.8/site-packages/airflow/example_dags/example_trigger_target_dag.py
[2024-02-02T15:14:18.379+0000] {processor.py:840} INFO - DAG(s) 'example_trigger_target_dag' retrieved from /home/airflow/.local/lib/python3.8/site-packages/airflow/example_dags/example_trigger_target_dag.py
[2024-02-02T15:14:18.408+0000] {logging_mixin.py:188} INFO - [2024-02-02T15:14:18.407+0000] {dag.py:3036} INFO - Sync 1 DAGs
[2024-02-02T15:14:18.424+0000] {logging_mixin.py:188} INFO - [2024-02-02T15:14:18.424+0000] {dag.py:3823} INFO - Setting next_dagrun for example_trigger_target_dag to None, run_after=None
[2024-02-02T15:14:18.449+0000] {processor.py:183} INFO - Processing /home/airflow/.local/lib/python3.8/site-packages/airflow/example_dags/example_trigger_target_dag.py took 0.089 seconds
[2024-02-02T15:14:48.626+0000] {processor.py:161} INFO - Started process (PID=924) to work on /home/airflow/.local/lib/python3.8/site-packages/airflow/example_dags/example_trigger_target_dag.py
[2024-02-02T15:14:48.628+0000] {processor.py:830} INFO - Processing file /home/airflow/.local/lib/python3.8/site-packages/airflow/example_dags/example_trigger_target_dag.py for tasks to queue
[2024-02-02T15:14:48.629+0000] {logging_mixin.py:188} INFO - [2024-02-02T15:14:48.629+0000] {dagbag.py:538} INFO - Filling up the DagBag from /home/airflow/.local/lib/python3.8/site-packages/airflow/example_dags/example_trigger_target_dag.py
[2024-02-02T15:14:48.639+0000] {processor.py:840} INFO - DAG(s) 'example_trigger_target_dag' retrieved from /home/airflow/.local/lib/python3.8/site-packages/airflow/example_dags/example_trigger_target_dag.py
[2024-02-02T15:14:48.665+0000] {logging_mixin.py:188} INFO - [2024-02-02T15:14:48.665+0000] {dag.py:3036} INFO - Sync 1 DAGs
[2024-02-02T15:14:48.681+0000] {logging_mixin.py:188} INFO - [2024-02-02T15:14:48.681+0000] {dag.py:3823} INFO - Setting next_dagrun for example_trigger_target_dag to None, run_after=None
[2024-02-02T15:14:48.718+0000] {processor.py:183} INFO - Processing /home/airflow/.local/lib/python3.8/site-packages/airflow/example_dags/example_trigger_target_dag.py took 0.097 seconds
[2024-02-02T15:15:18.984+0000] {processor.py:161} INFO - Started process (PID=1171) to work on /home/airflow/.local/lib/python3.8/site-packages/airflow/example_dags/example_trigger_target_dag.py
[2024-02-02T15:15:18.986+0000] {processor.py:830} INFO - Processing file /home/airflow/.local/lib/python3.8/site-packages/airflow/example_dags/example_trigger_target_dag.py for tasks to queue
[2024-02-02T15:15:18.988+0000] {logging_mixin.py:188} INFO - [2024-02-02T15:15:18.988+0000] {dagbag.py:538} INFO - Filling up the DagBag from /home/airflow/.local/lib/python3.8/site-packages/airflow/example_dags/example_trigger_target_dag.py
[2024-02-02T15:15:18.995+0000] {processor.py:840} INFO - DAG(s) 'example_trigger_target_dag' retrieved from /home/airflow/.local/lib/python3.8/site-packages/airflow/example_dags/example_trigger_target_dag.py
[2024-02-02T15:15:19.025+0000] {logging_mixin.py:188} INFO - [2024-02-02T15:15:19.025+0000] {dag.py:3036} INFO - Sync 1 DAGs
[2024-02-02T15:15:19.042+0000] {logging_mixin.py:188} INFO - [2024-02-02T15:15:19.041+0000] {dag.py:3823} INFO - Setting next_dagrun for example_trigger_target_dag to None, run_after=None
[2024-02-02T15:15:19.068+0000] {processor.py:183} INFO - Processing /home/airflow/.local/lib/python3.8/site-packages/airflow/example_dags/example_trigger_target_dag.py took 0.091 seconds
[2024-02-02T15:15:49.317+0000] {processor.py:161} INFO - Started process (PID=1418) to work on /home/airflow/.local/lib/python3.8/site-packages/airflow/example_dags/example_trigger_target_dag.py
[2024-02-02T15:15:49.320+0000] {processor.py:830} INFO - Processing file /home/airflow/.local/lib/python3.8/site-packages/airflow/example_dags/example_trigger_target_dag.py for tasks to queue
[2024-02-02T15:15:49.321+0000] {logging_mixin.py:188} INFO - [2024-02-02T15:15:49.321+0000] {dagbag.py:538} INFO - Filling up the DagBag from /home/airflow/.local/lib/python3.8/site-packages/airflow/example_dags/example_trigger_target_dag.py
[2024-02-02T15:15:49.329+0000] {processor.py:840} INFO - DAG(s) 'example_trigger_target_dag' retrieved from /home/airflow/.local/lib/python3.8/site-packages/airflow/example_dags/example_trigger_target_dag.py
[2024-02-02T15:15:49.358+0000] {logging_mixin.py:188} INFO - [2024-02-02T15:15:49.358+0000] {dag.py:3036} INFO - Sync 1 DAGs
[2024-02-02T15:15:49.378+0000] {logging_mixin.py:188} INFO - [2024-02-02T15:15:49.378+0000] {dag.py:3823} INFO - Setting next_dagrun for example_trigger_target_dag to None, run_after=None
[2024-02-02T15:15:49.416+0000] {processor.py:183} INFO - Processing /home/airflow/.local/lib/python3.8/site-packages/airflow/example_dags/example_trigger_target_dag.py took 0.103 seconds
[2024-02-02T15:16:19.595+0000] {processor.py:161} INFO - Started process (PID=1665) to work on /home/airflow/.local/lib/python3.8/site-packages/airflow/example_dags/example_trigger_target_dag.py
[2024-02-02T15:16:19.597+0000] {processor.py:830} INFO - Processing file /home/airflow/.local/lib/python3.8/site-packages/airflow/example_dags/example_trigger_target_dag.py for tasks to queue
[2024-02-02T15:16:19.599+0000] {logging_mixin.py:188} INFO - [2024-02-02T15:16:19.598+0000] {dagbag.py:538} INFO - Filling up the DagBag from /home/airflow/.local/lib/python3.8/site-packages/airflow/example_dags/example_trigger_target_dag.py
[2024-02-02T15:16:19.606+0000] {processor.py:840} INFO - DAG(s) 'example_trigger_target_dag' retrieved from /home/airflow/.local/lib/python3.8/site-packages/airflow/example_dags/example_trigger_target_dag.py
[2024-02-02T15:16:19.638+0000] {logging_mixin.py:188} INFO - [2024-02-02T15:16:19.638+0000] {dag.py:3036} INFO - Sync 1 DAGs
[2024-02-02T15:16:19.654+0000] {logging_mixin.py:188} INFO - [2024-02-02T15:16:19.653+0000] {dag.py:3823} INFO - Setting next_dagrun for example_trigger_target_dag to None, run_after=None
[2024-02-02T15:16:19.688+0000] {processor.py:183} INFO - Processing /home/airflow/.local/lib/python3.8/site-packages/airflow/example_dags/example_trigger_target_dag.py took 0.098 seconds
[2024-02-02T15:16:50.009+0000] {processor.py:161} INFO - Started process (PID=1912) to work on /home/airflow/.local/lib/python3.8/site-packages/airflow/example_dags/example_trigger_target_dag.py
[2024-02-02T15:16:50.013+0000] {processor.py:830} INFO - Processing file /home/airflow/.local/lib/python3.8/site-packages/airflow/example_dags/example_trigger_target_dag.py for tasks to queue
[2024-02-02T15:16:50.014+0000] {logging_mixin.py:188} INFO - [2024-02-02T15:16:50.014+0000] {dagbag.py:538} INFO - Filling up the DagBag from /home/airflow/.local/lib/python3.8/site-packages/airflow/example_dags/example_trigger_target_dag.py
[2024-02-02T15:16:50.022+0000] {processor.py:840} INFO - DAG(s) 'example_trigger_target_dag' retrieved from /home/airflow/.local/lib/python3.8/site-packages/airflow/example_dags/example_trigger_target_dag.py
[2024-02-02T15:16:50.059+0000] {logging_mixin.py:188} INFO - [2024-02-02T15:16:50.058+0000] {dag.py:3036} INFO - Sync 1 DAGs
[2024-02-02T15:16:50.082+0000] {logging_mixin.py:188} INFO - [2024-02-02T15:16:50.081+0000] {dag.py:3823} INFO - Setting next_dagrun for example_trigger_target_dag to None, run_after=None
[2024-02-02T15:16:50.124+0000] {processor.py:183} INFO - Processing /home/airflow/.local/lib/python3.8/site-packages/airflow/example_dags/example_trigger_target_dag.py took 0.120 seconds
[2024-02-02T15:17:20.392+0000] {processor.py:161} INFO - Started process (PID=2159) to work on /home/airflow/.local/lib/python3.8/site-packages/airflow/example_dags/example_trigger_target_dag.py
[2024-02-02T15:17:20.394+0000] {processor.py:830} INFO - Processing file /home/airflow/.local/lib/python3.8/site-packages/airflow/example_dags/example_trigger_target_dag.py for tasks to queue
[2024-02-02T15:17:20.396+0000] {logging_mixin.py:188} INFO - [2024-02-02T15:17:20.396+0000] {dagbag.py:538} INFO - Filling up the DagBag from /home/airflow/.local/lib/python3.8/site-packages/airflow/example_dags/example_trigger_target_dag.py
[2024-02-02T15:17:20.405+0000] {processor.py:840} INFO - DAG(s) 'example_trigger_target_dag' retrieved from /home/airflow/.local/lib/python3.8/site-packages/airflow/example_dags/example_trigger_target_dag.py
[2024-02-02T15:17:20.434+0000] {logging_mixin.py:188} INFO - [2024-02-02T15:17:20.434+0000] {dag.py:3036} INFO - Sync 1 DAGs
[2024-02-02T15:17:20.453+0000] {logging_mixin.py:188} INFO - [2024-02-02T15:17:20.453+0000] {dag.py:3823} INFO - Setting next_dagrun for example_trigger_target_dag to None, run_after=None
[2024-02-02T15:17:20.492+0000] {processor.py:183} INFO - Processing /home/airflow/.local/lib/python3.8/site-packages/airflow/example_dags/example_trigger_target_dag.py took 0.106 seconds
[2024-02-02T15:17:50.931+0000] {processor.py:161} INFO - Started process (PID=2406) to work on /home/airflow/.local/lib/python3.8/site-packages/airflow/example_dags/example_trigger_target_dag.py
[2024-02-02T15:17:50.933+0000] {processor.py:830} INFO - Processing file /home/airflow/.local/lib/python3.8/site-packages/airflow/example_dags/example_trigger_target_dag.py for tasks to queue
[2024-02-02T15:17:50.935+0000] {logging_mixin.py:188} INFO - [2024-02-02T15:17:50.934+0000] {dagbag.py:538} INFO - Filling up the DagBag from /home/airflow/.local/lib/python3.8/site-packages/airflow/example_dags/example_trigger_target_dag.py
[2024-02-02T15:17:50.947+0000] {processor.py:840} INFO - DAG(s) 'example_trigger_target_dag' retrieved from /home/airflow/.local/lib/python3.8/site-packages/airflow/example_dags/example_trigger_target_dag.py
[2024-02-02T15:17:51.006+0000] {logging_mixin.py:188} INFO - [2024-02-02T15:17:51.005+0000] {dag.py:3036} INFO - Sync 1 DAGs
[2024-02-02T15:17:51.041+0000] {logging_mixin.py:188} INFO - [2024-02-02T15:17:51.041+0000] {dag.py:3823} INFO - Setting next_dagrun for example_trigger_target_dag to None, run_after=None
[2024-02-02T15:17:51.072+0000] {processor.py:183} INFO - Processing /home/airflow/.local/lib/python3.8/site-packages/airflow/example_dags/example_trigger_target_dag.py took 0.148 seconds
[2024-02-02T15:18:21.311+0000] {processor.py:161} INFO - Started process (PID=2697) to work on /home/airflow/.local/lib/python3.8/site-packages/airflow/example_dags/example_trigger_target_dag.py
[2024-02-02T15:18:21.312+0000] {processor.py:830} INFO - Processing file /home/airflow/.local/lib/python3.8/site-packages/airflow/example_dags/example_trigger_target_dag.py for tasks to queue
[2024-02-02T15:18:21.315+0000] {logging_mixin.py:188} INFO - [2024-02-02T15:18:21.315+0000] {dagbag.py:538} INFO - Filling up the DagBag from /home/airflow/.local/lib/python3.8/site-packages/airflow/example_dags/example_trigger_target_dag.py
[2024-02-02T15:18:21.322+0000] {processor.py:840} INFO - DAG(s) 'example_trigger_target_dag' retrieved from /home/airflow/.local/lib/python3.8/site-packages/airflow/example_dags/example_trigger_target_dag.py
[2024-02-02T15:18:21.353+0000] {logging_mixin.py:188} INFO - [2024-02-02T15:18:21.353+0000] {dag.py:3036} INFO - Sync 1 DAGs
[2024-02-02T15:18:21.371+0000] {logging_mixin.py:188} INFO - [2024-02-02T15:18:21.370+0000] {dag.py:3823} INFO - Setting next_dagrun for example_trigger_target_dag to None, run_after=None
[2024-02-02T15:18:21.408+0000] {processor.py:183} INFO - Processing /home/airflow/.local/lib/python3.8/site-packages/airflow/example_dags/example_trigger_target_dag.py took 0.102 seconds
[2024-02-02T15:18:51.801+0000] {processor.py:161} INFO - Started process (PID=2948) to work on /home/airflow/.local/lib/python3.8/site-packages/airflow/example_dags/example_trigger_target_dag.py
[2024-02-02T15:18:51.803+0000] {processor.py:830} INFO - Processing file /home/airflow/.local/lib/python3.8/site-packages/airflow/example_dags/example_trigger_target_dag.py for tasks to queue
[2024-02-02T15:18:51.804+0000] {logging_mixin.py:188} INFO - [2024-02-02T15:18:51.804+0000] {dagbag.py:538} INFO - Filling up the DagBag from /home/airflow/.local/lib/python3.8/site-packages/airflow/example_dags/example_trigger_target_dag.py
[2024-02-02T15:18:51.811+0000] {processor.py:840} INFO - DAG(s) 'example_trigger_target_dag' retrieved from /home/airflow/.local/lib/python3.8/site-packages/airflow/example_dags/example_trigger_target_dag.py
[2024-02-02T15:18:51.841+0000] {logging_mixin.py:188} INFO - [2024-02-02T15:18:51.840+0000] {dag.py:3036} INFO - Sync 1 DAGs
[2024-02-02T15:18:51.858+0000] {logging_mixin.py:188} INFO - [2024-02-02T15:18:51.857+0000] {dag.py:3823} INFO - Setting next_dagrun for example_trigger_target_dag to None, run_after=None
[2024-02-02T15:18:51.884+0000] {processor.py:183} INFO - Processing /home/airflow/.local/lib/python3.8/site-packages/airflow/example_dags/example_trigger_target_dag.py took 0.089 seconds
[2024-02-02T15:19:22.195+0000] {processor.py:161} INFO - Started process (PID=3196) to work on /home/airflow/.local/lib/python3.8/site-packages/airflow/example_dags/example_trigger_target_dag.py
[2024-02-02T15:19:22.197+0000] {processor.py:830} INFO - Processing file /home/airflow/.local/lib/python3.8/site-packages/airflow/example_dags/example_trigger_target_dag.py for tasks to queue
[2024-02-02T15:19:22.199+0000] {logging_mixin.py:188} INFO - [2024-02-02T15:19:22.199+0000] {dagbag.py:538} INFO - Filling up the DagBag from /home/airflow/.local/lib/python3.8/site-packages/airflow/example_dags/example_trigger_target_dag.py
[2024-02-02T15:19:22.208+0000] {processor.py:840} INFO - DAG(s) 'example_trigger_target_dag' retrieved from /home/airflow/.local/lib/python3.8/site-packages/airflow/example_dags/example_trigger_target_dag.py
[2024-02-02T15:19:22.239+0000] {logging_mixin.py:188} INFO - [2024-02-02T15:19:22.239+0000] {dag.py:3036} INFO - Sync 1 DAGs
[2024-02-02T15:19:22.258+0000] {logging_mixin.py:188} INFO - [2024-02-02T15:19:22.257+0000] {dag.py:3823} INFO - Setting next_dagrun for example_trigger_target_dag to None, run_after=None
[2024-02-02T15:19:22.285+0000] {processor.py:183} INFO - Processing /home/airflow/.local/lib/python3.8/site-packages/airflow/example_dags/example_trigger_target_dag.py took 0.095 seconds
[2024-02-02T15:19:52.740+0000] {processor.py:161} INFO - Started process (PID=3443) to work on /home/airflow/.local/lib/python3.8/site-packages/airflow/example_dags/example_trigger_target_dag.py
[2024-02-02T15:19:52.741+0000] {processor.py:830} INFO - Processing file /home/airflow/.local/lib/python3.8/site-packages/airflow/example_dags/example_trigger_target_dag.py for tasks to queue
[2024-02-02T15:19:52.743+0000] {logging_mixin.py:188} INFO - [2024-02-02T15:19:52.743+0000] {dagbag.py:538} INFO - Filling up the DagBag from /home/airflow/.local/lib/python3.8/site-packages/airflow/example_dags/example_trigger_target_dag.py
[2024-02-02T15:19:52.750+0000] {processor.py:840} INFO - DAG(s) 'example_trigger_target_dag' retrieved from /home/airflow/.local/lib/python3.8/site-packages/airflow/example_dags/example_trigger_target_dag.py
[2024-02-02T15:19:52.775+0000] {logging_mixin.py:188} INFO - [2024-02-02T15:19:52.774+0000] {dag.py:3036} INFO - Sync 1 DAGs
[2024-02-02T15:19:52.790+0000] {logging_mixin.py:188} INFO - [2024-02-02T15:19:52.790+0000] {dag.py:3823} INFO - Setting next_dagrun for example_trigger_target_dag to None, run_after=None
[2024-02-02T15:19:52.825+0000] {processor.py:183} INFO - Processing /home/airflow/.local/lib/python3.8/site-packages/airflow/example_dags/example_trigger_target_dag.py took 0.090 seconds
[2024-02-02T15:20:23.160+0000] {processor.py:161} INFO - Started process (PID=3690) to work on /home/airflow/.local/lib/python3.8/site-packages/airflow/example_dags/example_trigger_target_dag.py
[2024-02-02T15:20:23.161+0000] {processor.py:830} INFO - Processing file /home/airflow/.local/lib/python3.8/site-packages/airflow/example_dags/example_trigger_target_dag.py for tasks to queue
[2024-02-02T15:20:23.163+0000] {logging_mixin.py:188} INFO - [2024-02-02T15:20:23.162+0000] {dagbag.py:538} INFO - Filling up the DagBag from /home/airflow/.local/lib/python3.8/site-packages/airflow/example_dags/example_trigger_target_dag.py
[2024-02-02T15:20:23.170+0000] {processor.py:840} INFO - DAG(s) 'example_trigger_target_dag' retrieved from /home/airflow/.local/lib/python3.8/site-packages/airflow/example_dags/example_trigger_target_dag.py
[2024-02-02T15:20:23.201+0000] {logging_mixin.py:188} INFO - [2024-02-02T15:20:23.201+0000] {dag.py:3036} INFO - Sync 1 DAGs
[2024-02-02T15:20:23.220+0000] {logging_mixin.py:188} INFO - [2024-02-02T15:20:23.219+0000] {dag.py:3823} INFO - Setting next_dagrun for example_trigger_target_dag to None, run_after=None
[2024-02-02T15:20:23.255+0000] {processor.py:183} INFO - Processing /home/airflow/.local/lib/python3.8/site-packages/airflow/example_dags/example_trigger_target_dag.py took 0.100 seconds
[2024-02-02T15:20:53.640+0000] {processor.py:161} INFO - Started process (PID=3937) to work on /home/airflow/.local/lib/python3.8/site-packages/airflow/example_dags/example_trigger_target_dag.py
[2024-02-02T15:20:53.641+0000] {processor.py:830} INFO - Processing file /home/airflow/.local/lib/python3.8/site-packages/airflow/example_dags/example_trigger_target_dag.py for tasks to queue
[2024-02-02T15:20:53.644+0000] {logging_mixin.py:188} INFO - [2024-02-02T15:20:53.643+0000] {dagbag.py:538} INFO - Filling up the DagBag from /home/airflow/.local/lib/python3.8/site-packages/airflow/example_dags/example_trigger_target_dag.py
[2024-02-02T15:20:53.653+0000] {processor.py:840} INFO - DAG(s) 'example_trigger_target_dag' retrieved from /home/airflow/.local/lib/python3.8/site-packages/airflow/example_dags/example_trigger_target_dag.py
[2024-02-02T15:20:53.685+0000] {logging_mixin.py:188} INFO - [2024-02-02T15:20:53.685+0000] {dag.py:3036} INFO - Sync 1 DAGs
[2024-02-02T15:20:53.711+0000] {logging_mixin.py:188} INFO - [2024-02-02T15:20:53.711+0000] {dag.py:3823} INFO - Setting next_dagrun for example_trigger_target_dag to None, run_after=None
[2024-02-02T15:20:53.743+0000] {processor.py:183} INFO - Processing /home/airflow/.local/lib/python3.8/site-packages/airflow/example_dags/example_trigger_target_dag.py took 0.108 seconds
[2024-02-02T15:21:23.990+0000] {processor.py:161} INFO - Started process (PID=4184) to work on /home/airflow/.local/lib/python3.8/site-packages/airflow/example_dags/example_trigger_target_dag.py
[2024-02-02T15:21:23.991+0000] {processor.py:830} INFO - Processing file /home/airflow/.local/lib/python3.8/site-packages/airflow/example_dags/example_trigger_target_dag.py for tasks to queue
[2024-02-02T15:21:23.993+0000] {logging_mixin.py:188} INFO - [2024-02-02T15:21:23.993+0000] {dagbag.py:538} INFO - Filling up the DagBag from /home/airflow/.local/lib/python3.8/site-packages/airflow/example_dags/example_trigger_target_dag.py
[2024-02-02T15:21:24.000+0000] {processor.py:840} INFO - DAG(s) 'example_trigger_target_dag' retrieved from /home/airflow/.local/lib/python3.8/site-packages/airflow/example_dags/example_trigger_target_dag.py
[2024-02-02T15:21:24.024+0000] {logging_mixin.py:188} INFO - [2024-02-02T15:21:24.024+0000] {dag.py:3036} INFO - Sync 1 DAGs
[2024-02-02T15:21:24.040+0000] {logging_mixin.py:188} INFO - [2024-02-02T15:21:24.040+0000] {dag.py:3823} INFO - Setting next_dagrun for example_trigger_target_dag to None, run_after=None
[2024-02-02T15:21:24.065+0000] {processor.py:183} INFO - Processing /home/airflow/.local/lib/python3.8/site-packages/airflow/example_dags/example_trigger_target_dag.py took 0.079 seconds
[2024-02-02T15:21:54.279+0000] {processor.py:161} INFO - Started process (PID=4431) to work on /home/airflow/.local/lib/python3.8/site-packages/airflow/example_dags/example_trigger_target_dag.py
[2024-02-02T15:21:54.281+0000] {processor.py:830} INFO - Processing file /home/airflow/.local/lib/python3.8/site-packages/airflow/example_dags/example_trigger_target_dag.py for tasks to queue
[2024-02-02T15:21:54.282+0000] {logging_mixin.py:188} INFO - [2024-02-02T15:21:54.282+0000] {dagbag.py:538} INFO - Filling up the DagBag from /home/airflow/.local/lib/python3.8/site-packages/airflow/example_dags/example_trigger_target_dag.py
[2024-02-02T15:21:54.290+0000] {processor.py:840} INFO - DAG(s) 'example_trigger_target_dag' retrieved from /home/airflow/.local/lib/python3.8/site-packages/airflow/example_dags/example_trigger_target_dag.py
[2024-02-02T15:21:54.315+0000] {logging_mixin.py:188} INFO - [2024-02-02T15:21:54.314+0000] {dag.py:3036} INFO - Sync 1 DAGs
[2024-02-02T15:21:54.330+0000] {logging_mixin.py:188} INFO - [2024-02-02T15:21:54.330+0000] {dag.py:3823} INFO - Setting next_dagrun for example_trigger_target_dag to None, run_after=None
[2024-02-02T15:21:54.355+0000] {processor.py:183} INFO - Processing /home/airflow/.local/lib/python3.8/site-packages/airflow/example_dags/example_trigger_target_dag.py took 0.080 seconds
[2024-02-02T15:22:24.499+0000] {processor.py:161} INFO - Started process (PID=4678) to work on /home/airflow/.local/lib/python3.8/site-packages/airflow/example_dags/example_trigger_target_dag.py
[2024-02-02T15:22:24.501+0000] {processor.py:830} INFO - Processing file /home/airflow/.local/lib/python3.8/site-packages/airflow/example_dags/example_trigger_target_dag.py for tasks to queue
[2024-02-02T15:22:24.502+0000] {logging_mixin.py:188} INFO - [2024-02-02T15:22:24.502+0000] {dagbag.py:538} INFO - Filling up the DagBag from /home/airflow/.local/lib/python3.8/site-packages/airflow/example_dags/example_trigger_target_dag.py
[2024-02-02T15:22:24.509+0000] {processor.py:840} INFO - DAG(s) 'example_trigger_target_dag' retrieved from /home/airflow/.local/lib/python3.8/site-packages/airflow/example_dags/example_trigger_target_dag.py
[2024-02-02T15:22:24.535+0000] {logging_mixin.py:188} INFO - [2024-02-02T15:22:24.535+0000] {dag.py:3036} INFO - Sync 1 DAGs
[2024-02-02T15:22:24.552+0000] {logging_mixin.py:188} INFO - [2024-02-02T15:22:24.551+0000] {dag.py:3823} INFO - Setting next_dagrun for example_trigger_target_dag to None, run_after=None
[2024-02-02T15:22:24.587+0000] {processor.py:183} INFO - Processing /home/airflow/.local/lib/python3.8/site-packages/airflow/example_dags/example_trigger_target_dag.py took 0.092 seconds
[2024-02-02T15:22:54.857+0000] {processor.py:161} INFO - Started process (PID=4925) to work on /home/airflow/.local/lib/python3.8/site-packages/airflow/example_dags/example_trigger_target_dag.py
[2024-02-02T15:22:54.859+0000] {processor.py:830} INFO - Processing file /home/airflow/.local/lib/python3.8/site-packages/airflow/example_dags/example_trigger_target_dag.py for tasks to queue
[2024-02-02T15:22:54.860+0000] {logging_mixin.py:188} INFO - [2024-02-02T15:22:54.859+0000] {dagbag.py:538} INFO - Filling up the DagBag from /home/airflow/.local/lib/python3.8/site-packages/airflow/example_dags/example_trigger_target_dag.py
[2024-02-02T15:22:54.867+0000] {processor.py:840} INFO - DAG(s) 'example_trigger_target_dag' retrieved from /home/airflow/.local/lib/python3.8/site-packages/airflow/example_dags/example_trigger_target_dag.py
[2024-02-02T15:22:54.892+0000] {logging_mixin.py:188} INFO - [2024-02-02T15:22:54.892+0000] {dag.py:3036} INFO - Sync 1 DAGs
[2024-02-02T15:22:54.911+0000] {logging_mixin.py:188} INFO - [2024-02-02T15:22:54.910+0000] {dag.py:3823} INFO - Setting next_dagrun for example_trigger_target_dag to None, run_after=None
[2024-02-02T15:22:54.945+0000] {processor.py:183} INFO - Processing /home/airflow/.local/lib/python3.8/site-packages/airflow/example_dags/example_trigger_target_dag.py took 0.093 seconds
[2024-02-02T15:23:25.516+0000] {processor.py:161} INFO - Started process (PID=5172) to work on /home/airflow/.local/lib/python3.8/site-packages/airflow/example_dags/example_trigger_target_dag.py
[2024-02-02T15:23:25.518+0000] {processor.py:830} INFO - Processing file /home/airflow/.local/lib/python3.8/site-packages/airflow/example_dags/example_trigger_target_dag.py for tasks to queue
[2024-02-02T15:23:25.519+0000] {logging_mixin.py:188} INFO - [2024-02-02T15:23:25.519+0000] {dagbag.py:538} INFO - Filling up the DagBag from /home/airflow/.local/lib/python3.8/site-packages/airflow/example_dags/example_trigger_target_dag.py
[2024-02-02T15:23:25.529+0000] {processor.py:840} INFO - DAG(s) 'example_trigger_target_dag' retrieved from /home/airflow/.local/lib/python3.8/site-packages/airflow/example_dags/example_trigger_target_dag.py
[2024-02-02T15:23:25.559+0000] {logging_mixin.py:188} INFO - [2024-02-02T15:23:25.559+0000] {dag.py:3036} INFO - Sync 1 DAGs
[2024-02-02T15:23:25.576+0000] {logging_mixin.py:188} INFO - [2024-02-02T15:23:25.576+0000] {dag.py:3823} INFO - Setting next_dagrun for example_trigger_target_dag to None, run_after=None
[2024-02-02T15:23:25.613+0000] {processor.py:183} INFO - Processing /home/airflow/.local/lib/python3.8/site-packages/airflow/example_dags/example_trigger_target_dag.py took 0.103 seconds
[2024-02-02T15:23:55.809+0000] {processor.py:161} INFO - Started process (PID=5419) to work on /home/airflow/.local/lib/python3.8/site-packages/airflow/example_dags/example_trigger_target_dag.py
[2024-02-02T15:23:55.810+0000] {processor.py:830} INFO - Processing file /home/airflow/.local/lib/python3.8/site-packages/airflow/example_dags/example_trigger_target_dag.py for tasks to queue
[2024-02-02T15:23:55.812+0000] {logging_mixin.py:188} INFO - [2024-02-02T15:23:55.811+0000] {dagbag.py:538} INFO - Filling up the DagBag from /home/airflow/.local/lib/python3.8/site-packages/airflow/example_dags/example_trigger_target_dag.py
[2024-02-02T15:23:55.819+0000] {processor.py:840} INFO - DAG(s) 'example_trigger_target_dag' retrieved from /home/airflow/.local/lib/python3.8/site-packages/airflow/example_dags/example_trigger_target_dag.py
[2024-02-02T15:23:55.845+0000] {logging_mixin.py:188} INFO - [2024-02-02T15:23:55.845+0000] {dag.py:3036} INFO - Sync 1 DAGs
[2024-02-02T15:23:55.862+0000] {logging_mixin.py:188} INFO - [2024-02-02T15:23:55.862+0000] {dag.py:3823} INFO - Setting next_dagrun for example_trigger_target_dag to None, run_after=None
[2024-02-02T15:23:55.898+0000] {processor.py:183} INFO - Processing /home/airflow/.local/lib/python3.8/site-packages/airflow/example_dags/example_trigger_target_dag.py took 0.093 seconds
[2024-02-02T15:24:26.015+0000] {processor.py:161} INFO - Started process (PID=5666) to work on /home/airflow/.local/lib/python3.8/site-packages/airflow/example_dags/example_trigger_target_dag.py
[2024-02-02T15:24:26.017+0000] {processor.py:830} INFO - Processing file /home/airflow/.local/lib/python3.8/site-packages/airflow/example_dags/example_trigger_target_dag.py for tasks to queue
[2024-02-02T15:24:26.018+0000] {logging_mixin.py:188} INFO - [2024-02-02T15:24:26.018+0000] {dagbag.py:538} INFO - Filling up the DagBag from /home/airflow/.local/lib/python3.8/site-packages/airflow/example_dags/example_trigger_target_dag.py
[2024-02-02T15:24:26.025+0000] {processor.py:840} INFO - DAG(s) 'example_trigger_target_dag' retrieved from /home/airflow/.local/lib/python3.8/site-packages/airflow/example_dags/example_trigger_target_dag.py
[2024-02-02T15:24:26.050+0000] {logging_mixin.py:188} INFO - [2024-02-02T15:24:26.050+0000] {dag.py:3036} INFO - Sync 1 DAGs
[2024-02-02T15:24:26.069+0000] {logging_mixin.py:188} INFO - [2024-02-02T15:24:26.069+0000] {dag.py:3823} INFO - Setting next_dagrun for example_trigger_target_dag to None, run_after=None
[2024-02-02T15:24:26.105+0000] {processor.py:183} INFO - Processing /home/airflow/.local/lib/python3.8/site-packages/airflow/example_dags/example_trigger_target_dag.py took 0.093 seconds
[2024-02-02T15:24:56.192+0000] {processor.py:161} INFO - Started process (PID=5913) to work on /home/airflow/.local/lib/python3.8/site-packages/airflow/example_dags/example_trigger_target_dag.py
[2024-02-02T15:24:56.193+0000] {processor.py:830} INFO - Processing file /home/airflow/.local/lib/python3.8/site-packages/airflow/example_dags/example_trigger_target_dag.py for tasks to queue
[2024-02-02T15:24:56.195+0000] {logging_mixin.py:188} INFO - [2024-02-02T15:24:56.195+0000] {dagbag.py:538} INFO - Filling up the DagBag from /home/airflow/.local/lib/python3.8/site-packages/airflow/example_dags/example_trigger_target_dag.py
[2024-02-02T15:24:56.203+0000] {processor.py:840} INFO - DAG(s) 'example_trigger_target_dag' retrieved from /home/airflow/.local/lib/python3.8/site-packages/airflow/example_dags/example_trigger_target_dag.py
[2024-02-02T15:24:56.236+0000] {logging_mixin.py:188} INFO - [2024-02-02T15:24:56.236+0000] {dag.py:3036} INFO - Sync 1 DAGs
[2024-02-02T15:24:56.254+0000] {logging_mixin.py:188} INFO - [2024-02-02T15:24:56.254+0000] {dag.py:3823} INFO - Setting next_dagrun for example_trigger_target_dag to None, run_after=None
[2024-02-02T15:24:56.297+0000] {processor.py:183} INFO - Processing /home/airflow/.local/lib/python3.8/site-packages/airflow/example_dags/example_trigger_target_dag.py took 0.112 seconds
[2024-02-02T15:25:26.686+0000] {processor.py:161} INFO - Started process (PID=6160) to work on /home/airflow/.local/lib/python3.8/site-packages/airflow/example_dags/example_trigger_target_dag.py
[2024-02-02T15:25:26.688+0000] {processor.py:830} INFO - Processing file /home/airflow/.local/lib/python3.8/site-packages/airflow/example_dags/example_trigger_target_dag.py for tasks to queue
[2024-02-02T15:25:26.690+0000] {logging_mixin.py:188} INFO - [2024-02-02T15:25:26.689+0000] {dagbag.py:538} INFO - Filling up the DagBag from /home/airflow/.local/lib/python3.8/site-packages/airflow/example_dags/example_trigger_target_dag.py
[2024-02-02T15:25:26.698+0000] {processor.py:840} INFO - DAG(s) 'example_trigger_target_dag' retrieved from /home/airflow/.local/lib/python3.8/site-packages/airflow/example_dags/example_trigger_target_dag.py
[2024-02-02T15:25:26.723+0000] {logging_mixin.py:188} INFO - [2024-02-02T15:25:26.722+0000] {dag.py:3036} INFO - Sync 1 DAGs
[2024-02-02T15:25:26.741+0000] {logging_mixin.py:188} INFO - [2024-02-02T15:25:26.740+0000] {dag.py:3823} INFO - Setting next_dagrun for example_trigger_target_dag to None, run_after=None
[2024-02-02T15:25:26.780+0000] {processor.py:183} INFO - Processing /home/airflow/.local/lib/python3.8/site-packages/airflow/example_dags/example_trigger_target_dag.py took 0.099 seconds
[2024-02-02T15:25:57.372+0000] {processor.py:161} INFO - Started process (PID=6407) to work on /home/airflow/.local/lib/python3.8/site-packages/airflow/example_dags/example_trigger_target_dag.py
[2024-02-02T15:25:57.374+0000] {processor.py:830} INFO - Processing file /home/airflow/.local/lib/python3.8/site-packages/airflow/example_dags/example_trigger_target_dag.py for tasks to queue
[2024-02-02T15:25:57.376+0000] {logging_mixin.py:188} INFO - [2024-02-02T15:25:57.375+0000] {dagbag.py:538} INFO - Filling up the DagBag from /home/airflow/.local/lib/python3.8/site-packages/airflow/example_dags/example_trigger_target_dag.py
[2024-02-02T15:25:57.385+0000] {processor.py:840} INFO - DAG(s) 'example_trigger_target_dag' retrieved from /home/airflow/.local/lib/python3.8/site-packages/airflow/example_dags/example_trigger_target_dag.py
[2024-02-02T15:25:57.417+0000] {logging_mixin.py:188} INFO - [2024-02-02T15:25:57.417+0000] {dag.py:3036} INFO - Sync 1 DAGs
[2024-02-02T15:25:57.434+0000] {logging_mixin.py:188} INFO - [2024-02-02T15:25:57.433+0000] {dag.py:3823} INFO - Setting next_dagrun for example_trigger_target_dag to None, run_after=None
[2024-02-02T15:25:57.458+0000] {processor.py:183} INFO - Processing /home/airflow/.local/lib/python3.8/site-packages/airflow/example_dags/example_trigger_target_dag.py took 0.091 seconds
[2024-02-02T15:26:28.041+0000] {processor.py:161} INFO - Started process (PID=6654) to work on /home/airflow/.local/lib/python3.8/site-packages/airflow/example_dags/example_trigger_target_dag.py
[2024-02-02T15:26:28.043+0000] {processor.py:830} INFO - Processing file /home/airflow/.local/lib/python3.8/site-packages/airflow/example_dags/example_trigger_target_dag.py for tasks to queue
[2024-02-02T15:26:28.045+0000] {logging_mixin.py:188} INFO - [2024-02-02T15:26:28.045+0000] {dagbag.py:538} INFO - Filling up the DagBag from /home/airflow/.local/lib/python3.8/site-packages/airflow/example_dags/example_trigger_target_dag.py
[2024-02-02T15:26:28.057+0000] {processor.py:840} INFO - DAG(s) 'example_trigger_target_dag' retrieved from /home/airflow/.local/lib/python3.8/site-packages/airflow/example_dags/example_trigger_target_dag.py
[2024-02-02T15:26:28.086+0000] {logging_mixin.py:188} INFO - [2024-02-02T15:26:28.086+0000] {dag.py:3036} INFO - Sync 1 DAGs
[2024-02-02T15:26:28.104+0000] {logging_mixin.py:188} INFO - [2024-02-02T15:26:28.104+0000] {dag.py:3823} INFO - Setting next_dagrun for example_trigger_target_dag to None, run_after=None
[2024-02-02T15:26:28.130+0000] {processor.py:183} INFO - Processing /home/airflow/.local/lib/python3.8/site-packages/airflow/example_dags/example_trigger_target_dag.py took 0.094 seconds
[2024-02-02T15:26:58.212+0000] {processor.py:161} INFO - Started process (PID=6901) to work on /home/airflow/.local/lib/python3.8/site-packages/airflow/example_dags/example_trigger_target_dag.py
[2024-02-02T15:26:58.214+0000] {processor.py:830} INFO - Processing file /home/airflow/.local/lib/python3.8/site-packages/airflow/example_dags/example_trigger_target_dag.py for tasks to queue
[2024-02-02T15:26:58.215+0000] {logging_mixin.py:188} INFO - [2024-02-02T15:26:58.215+0000] {dagbag.py:538} INFO - Filling up the DagBag from /home/airflow/.local/lib/python3.8/site-packages/airflow/example_dags/example_trigger_target_dag.py
[2024-02-02T15:26:58.222+0000] {processor.py:840} INFO - DAG(s) 'example_trigger_target_dag' retrieved from /home/airflow/.local/lib/python3.8/site-packages/airflow/example_dags/example_trigger_target_dag.py
[2024-02-02T15:26:58.248+0000] {logging_mixin.py:188} INFO - [2024-02-02T15:26:58.248+0000] {dag.py:3036} INFO - Sync 1 DAGs
[2024-02-02T15:26:58.263+0000] {logging_mixin.py:188} INFO - [2024-02-02T15:26:58.263+0000] {dag.py:3823} INFO - Setting next_dagrun for example_trigger_target_dag to None, run_after=None
[2024-02-02T15:26:58.288+0000] {processor.py:183} INFO - Processing /home/airflow/.local/lib/python3.8/site-packages/airflow/example_dags/example_trigger_target_dag.py took 0.080 seconds
[2024-02-02T15:27:29.008+0000] {processor.py:161} INFO - Started process (PID=7148) to work on /home/airflow/.local/lib/python3.8/site-packages/airflow/example_dags/example_trigger_target_dag.py
[2024-02-02T15:27:29.010+0000] {processor.py:830} INFO - Processing file /home/airflow/.local/lib/python3.8/site-packages/airflow/example_dags/example_trigger_target_dag.py for tasks to queue
[2024-02-02T15:27:29.012+0000] {logging_mixin.py:188} INFO - [2024-02-02T15:27:29.012+0000] {dagbag.py:538} INFO - Filling up the DagBag from /home/airflow/.local/lib/python3.8/site-packages/airflow/example_dags/example_trigger_target_dag.py
[2024-02-02T15:27:29.022+0000] {processor.py:840} INFO - DAG(s) 'example_trigger_target_dag' retrieved from /home/airflow/.local/lib/python3.8/site-packages/airflow/example_dags/example_trigger_target_dag.py
[2024-02-02T15:27:29.056+0000] {logging_mixin.py:188} INFO - [2024-02-02T15:27:29.056+0000] {dag.py:3036} INFO - Sync 1 DAGs
[2024-02-02T15:27:29.079+0000] {logging_mixin.py:188} INFO - [2024-02-02T15:27:29.079+0000] {dag.py:3823} INFO - Setting next_dagrun for example_trigger_target_dag to None, run_after=None
[2024-02-02T15:27:29.108+0000] {processor.py:183} INFO - Processing /home/airflow/.local/lib/python3.8/site-packages/airflow/example_dags/example_trigger_target_dag.py took 0.104 seconds
[2024-02-02T15:27:59.429+0000] {processor.py:161} INFO - Started process (PID=7395) to work on /home/airflow/.local/lib/python3.8/site-packages/airflow/example_dags/example_trigger_target_dag.py
[2024-02-02T15:27:59.430+0000] {processor.py:830} INFO - Processing file /home/airflow/.local/lib/python3.8/site-packages/airflow/example_dags/example_trigger_target_dag.py for tasks to queue
[2024-02-02T15:27:59.431+0000] {logging_mixin.py:188} INFO - [2024-02-02T15:27:59.431+0000] {dagbag.py:538} INFO - Filling up the DagBag from /home/airflow/.local/lib/python3.8/site-packages/airflow/example_dags/example_trigger_target_dag.py
[2024-02-02T15:27:59.439+0000] {processor.py:840} INFO - DAG(s) 'example_trigger_target_dag' retrieved from /home/airflow/.local/lib/python3.8/site-packages/airflow/example_dags/example_trigger_target_dag.py
[2024-02-02T15:27:59.463+0000] {logging_mixin.py:188} INFO - [2024-02-02T15:27:59.463+0000] {dag.py:3036} INFO - Sync 1 DAGs
[2024-02-02T15:27:59.478+0000] {logging_mixin.py:188} INFO - [2024-02-02T15:27:59.478+0000] {dag.py:3823} INFO - Setting next_dagrun for example_trigger_target_dag to None, run_after=None
[2024-02-02T15:27:59.512+0000] {processor.py:183} INFO - Processing /home/airflow/.local/lib/python3.8/site-packages/airflow/example_dags/example_trigger_target_dag.py took 0.087 seconds
[2024-02-02T15:28:29.889+0000] {processor.py:161} INFO - Started process (PID=7648) to work on /home/airflow/.local/lib/python3.8/site-packages/airflow/example_dags/example_trigger_target_dag.py
[2024-02-02T15:28:29.890+0000] {processor.py:830} INFO - Processing file /home/airflow/.local/lib/python3.8/site-packages/airflow/example_dags/example_trigger_target_dag.py for tasks to queue
[2024-02-02T15:28:29.892+0000] {logging_mixin.py:188} INFO - [2024-02-02T15:28:29.891+0000] {dagbag.py:538} INFO - Filling up the DagBag from /home/airflow/.local/lib/python3.8/site-packages/airflow/example_dags/example_trigger_target_dag.py
[2024-02-02T15:28:29.899+0000] {processor.py:840} INFO - DAG(s) 'example_trigger_target_dag' retrieved from /home/airflow/.local/lib/python3.8/site-packages/airflow/example_dags/example_trigger_target_dag.py
[2024-02-02T15:28:29.925+0000] {logging_mixin.py:188} INFO - [2024-02-02T15:28:29.925+0000] {dag.py:3036} INFO - Sync 1 DAGs
[2024-02-02T15:28:29.941+0000] {logging_mixin.py:188} INFO - [2024-02-02T15:28:29.940+0000] {dag.py:3823} INFO - Setting next_dagrun for example_trigger_target_dag to None, run_after=None
[2024-02-02T15:28:29.966+0000] {processor.py:183} INFO - Processing /home/airflow/.local/lib/python3.8/site-packages/airflow/example_dags/example_trigger_target_dag.py took 0.082 seconds
[2024-02-02T15:29:00.375+0000] {processor.py:161} INFO - Started process (PID=7895) to work on /home/airflow/.local/lib/python3.8/site-packages/airflow/example_dags/example_trigger_target_dag.py
[2024-02-02T15:29:00.377+0000] {processor.py:830} INFO - Processing file /home/airflow/.local/lib/python3.8/site-packages/airflow/example_dags/example_trigger_target_dag.py for tasks to queue
[2024-02-02T15:29:00.379+0000] {logging_mixin.py:188} INFO - [2024-02-02T15:29:00.378+0000] {dagbag.py:538} INFO - Filling up the DagBag from /home/airflow/.local/lib/python3.8/site-packages/airflow/example_dags/example_trigger_target_dag.py
[2024-02-02T15:29:00.386+0000] {processor.py:840} INFO - DAG(s) 'example_trigger_target_dag' retrieved from /home/airflow/.local/lib/python3.8/site-packages/airflow/example_dags/example_trigger_target_dag.py
[2024-02-02T15:29:00.412+0000] {logging_mixin.py:188} INFO - [2024-02-02T15:29:00.412+0000] {dag.py:3036} INFO - Sync 1 DAGs
[2024-02-02T15:29:00.431+0000] {logging_mixin.py:188} INFO - [2024-02-02T15:29:00.431+0000] {dag.py:3823} INFO - Setting next_dagrun for example_trigger_target_dag to None, run_after=None
[2024-02-02T15:29:00.460+0000] {processor.py:183} INFO - Processing /home/airflow/.local/lib/python3.8/site-packages/airflow/example_dags/example_trigger_target_dag.py took 0.089 seconds
[2024-02-02T15:29:30.652+0000] {processor.py:161} INFO - Started process (PID=8142) to work on /home/airflow/.local/lib/python3.8/site-packages/airflow/example_dags/example_trigger_target_dag.py
[2024-02-02T15:29:30.654+0000] {processor.py:830} INFO - Processing file /home/airflow/.local/lib/python3.8/site-packages/airflow/example_dags/example_trigger_target_dag.py for tasks to queue
[2024-02-02T15:29:30.656+0000] {logging_mixin.py:188} INFO - [2024-02-02T15:29:30.656+0000] {dagbag.py:538} INFO - Filling up the DagBag from /home/airflow/.local/lib/python3.8/site-packages/airflow/example_dags/example_trigger_target_dag.py
[2024-02-02T15:29:30.665+0000] {processor.py:840} INFO - DAG(s) 'example_trigger_target_dag' retrieved from /home/airflow/.local/lib/python3.8/site-packages/airflow/example_dags/example_trigger_target_dag.py
[2024-02-02T15:29:30.692+0000] {logging_mixin.py:188} INFO - [2024-02-02T15:29:30.692+0000] {dag.py:3036} INFO - Sync 1 DAGs
[2024-02-02T15:29:30.714+0000] {logging_mixin.py:188} INFO - [2024-02-02T15:29:30.713+0000] {dag.py:3823} INFO - Setting next_dagrun for example_trigger_target_dag to None, run_after=None
[2024-02-02T15:29:30.744+0000] {processor.py:183} INFO - Processing /home/airflow/.local/lib/python3.8/site-packages/airflow/example_dags/example_trigger_target_dag.py took 0.096 seconds
[2024-02-02T15:30:01.115+0000] {processor.py:161} INFO - Started process (PID=8389) to work on /home/airflow/.local/lib/python3.8/site-packages/airflow/example_dags/example_trigger_target_dag.py
[2024-02-02T15:30:01.117+0000] {processor.py:830} INFO - Processing file /home/airflow/.local/lib/python3.8/site-packages/airflow/example_dags/example_trigger_target_dag.py for tasks to queue
[2024-02-02T15:30:01.119+0000] {logging_mixin.py:188} INFO - [2024-02-02T15:30:01.118+0000] {dagbag.py:538} INFO - Filling up the DagBag from /home/airflow/.local/lib/python3.8/site-packages/airflow/example_dags/example_trigger_target_dag.py
[2024-02-02T15:30:01.128+0000] {processor.py:840} INFO - DAG(s) 'example_trigger_target_dag' retrieved from /home/airflow/.local/lib/python3.8/site-packages/airflow/example_dags/example_trigger_target_dag.py
[2024-02-02T15:30:01.156+0000] {logging_mixin.py:188} INFO - [2024-02-02T15:30:01.156+0000] {dag.py:3036} INFO - Sync 1 DAGs
[2024-02-02T15:30:01.178+0000] {logging_mixin.py:188} INFO - [2024-02-02T15:30:01.178+0000] {dag.py:3823} INFO - Setting next_dagrun for example_trigger_target_dag to None, run_after=None
[2024-02-02T15:30:01.214+0000] {processor.py:183} INFO - Processing /home/airflow/.local/lib/python3.8/site-packages/airflow/example_dags/example_trigger_target_dag.py took 0.104 seconds
[2024-02-02T15:30:31.423+0000] {processor.py:161} INFO - Started process (PID=8636) to work on /home/airflow/.local/lib/python3.8/site-packages/airflow/example_dags/example_trigger_target_dag.py
[2024-02-02T15:30:31.425+0000] {processor.py:830} INFO - Processing file /home/airflow/.local/lib/python3.8/site-packages/airflow/example_dags/example_trigger_target_dag.py for tasks to queue
[2024-02-02T15:30:31.427+0000] {logging_mixin.py:188} INFO - [2024-02-02T15:30:31.426+0000] {dagbag.py:538} INFO - Filling up the DagBag from /home/airflow/.local/lib/python3.8/site-packages/airflow/example_dags/example_trigger_target_dag.py
[2024-02-02T15:30:31.434+0000] {processor.py:840} INFO - DAG(s) 'example_trigger_target_dag' retrieved from /home/airflow/.local/lib/python3.8/site-packages/airflow/example_dags/example_trigger_target_dag.py
[2024-02-02T15:30:31.459+0000] {logging_mixin.py:188} INFO - [2024-02-02T15:30:31.458+0000] {dag.py:3036} INFO - Sync 1 DAGs
[2024-02-02T15:30:31.473+0000] {logging_mixin.py:188} INFO - [2024-02-02T15:30:31.473+0000] {dag.py:3823} INFO - Setting next_dagrun for example_trigger_target_dag to None, run_after=None
[2024-02-02T15:30:31.508+0000] {processor.py:183} INFO - Processing /home/airflow/.local/lib/python3.8/site-packages/airflow/example_dags/example_trigger_target_dag.py took 0.088 seconds
[2024-02-02T15:31:01.856+0000] {processor.py:161} INFO - Started process (PID=8883) to work on /home/airflow/.local/lib/python3.8/site-packages/airflow/example_dags/example_trigger_target_dag.py
[2024-02-02T15:31:01.858+0000] {processor.py:830} INFO - Processing file /home/airflow/.local/lib/python3.8/site-packages/airflow/example_dags/example_trigger_target_dag.py for tasks to queue
[2024-02-02T15:31:01.859+0000] {logging_mixin.py:188} INFO - [2024-02-02T15:31:01.859+0000] {dagbag.py:538} INFO - Filling up the DagBag from /home/airflow/.local/lib/python3.8/site-packages/airflow/example_dags/example_trigger_target_dag.py
[2024-02-02T15:31:01.866+0000] {processor.py:840} INFO - DAG(s) 'example_trigger_target_dag' retrieved from /home/airflow/.local/lib/python3.8/site-packages/airflow/example_dags/example_trigger_target_dag.py
[2024-02-02T15:31:01.891+0000] {logging_mixin.py:188} INFO - [2024-02-02T15:31:01.891+0000] {dag.py:3036} INFO - Sync 1 DAGs
[2024-02-02T15:31:01.906+0000] {logging_mixin.py:188} INFO - [2024-02-02T15:31:01.906+0000] {dag.py:3823} INFO - Setting next_dagrun for example_trigger_target_dag to None, run_after=None
[2024-02-02T15:31:01.940+0000] {processor.py:183} INFO - Processing /home/airflow/.local/lib/python3.8/site-packages/airflow/example_dags/example_trigger_target_dag.py took 0.088 seconds
[2024-02-02T15:31:32.010+0000] {processor.py:161} INFO - Started process (PID=9130) to work on /home/airflow/.local/lib/python3.8/site-packages/airflow/example_dags/example_trigger_target_dag.py
[2024-02-02T15:31:32.012+0000] {processor.py:830} INFO - Processing file /home/airflow/.local/lib/python3.8/site-packages/airflow/example_dags/example_trigger_target_dag.py for tasks to queue
[2024-02-02T15:31:32.014+0000] {logging_mixin.py:188} INFO - [2024-02-02T15:31:32.013+0000] {dagbag.py:538} INFO - Filling up the DagBag from /home/airflow/.local/lib/python3.8/site-packages/airflow/example_dags/example_trigger_target_dag.py
[2024-02-02T15:31:32.021+0000] {processor.py:840} INFO - DAG(s) 'example_trigger_target_dag' retrieved from /home/airflow/.local/lib/python3.8/site-packages/airflow/example_dags/example_trigger_target_dag.py
[2024-02-02T15:31:32.046+0000] {logging_mixin.py:188} INFO - [2024-02-02T15:31:32.045+0000] {dag.py:3036} INFO - Sync 1 DAGs
[2024-02-02T15:31:32.061+0000] {logging_mixin.py:188} INFO - [2024-02-02T15:31:32.061+0000] {dag.py:3823} INFO - Setting next_dagrun for example_trigger_target_dag to None, run_after=None
[2024-02-02T15:31:32.096+0000] {processor.py:183} INFO - Processing /home/airflow/.local/lib/python3.8/site-packages/airflow/example_dags/example_trigger_target_dag.py took 0.090 seconds
[2024-02-02T15:32:02.876+0000] {processor.py:161} INFO - Started process (PID=9371) to work on /home/airflow/.local/lib/python3.8/site-packages/airflow/example_dags/example_trigger_target_dag.py
[2024-02-02T15:32:02.878+0000] {processor.py:830} INFO - Processing file /home/airflow/.local/lib/python3.8/site-packages/airflow/example_dags/example_trigger_target_dag.py for tasks to queue
[2024-02-02T15:32:02.879+0000] {logging_mixin.py:188} INFO - [2024-02-02T15:32:02.879+0000] {dagbag.py:538} INFO - Filling up the DagBag from /home/airflow/.local/lib/python3.8/site-packages/airflow/example_dags/example_trigger_target_dag.py
[2024-02-02T15:32:02.887+0000] {processor.py:840} INFO - DAG(s) 'example_trigger_target_dag' retrieved from /home/airflow/.local/lib/python3.8/site-packages/airflow/example_dags/example_trigger_target_dag.py
[2024-02-02T15:32:02.911+0000] {logging_mixin.py:188} INFO - [2024-02-02T15:32:02.911+0000] {dag.py:3036} INFO - Sync 1 DAGs
[2024-02-02T15:32:02.927+0000] {logging_mixin.py:188} INFO - [2024-02-02T15:32:02.926+0000] {dag.py:3823} INFO - Setting next_dagrun for example_trigger_target_dag to None, run_after=None
[2024-02-02T15:32:02.952+0000] {processor.py:183} INFO - Processing /home/airflow/.local/lib/python3.8/site-packages/airflow/example_dags/example_trigger_target_dag.py took 0.080 seconds
[2024-02-02T15:32:33.198+0000] {processor.py:161} INFO - Started process (PID=9618) to work on /home/airflow/.local/lib/python3.8/site-packages/airflow/example_dags/example_trigger_target_dag.py
[2024-02-02T15:32:33.200+0000] {processor.py:830} INFO - Processing file /home/airflow/.local/lib/python3.8/site-packages/airflow/example_dags/example_trigger_target_dag.py for tasks to queue
[2024-02-02T15:32:33.201+0000] {logging_mixin.py:188} INFO - [2024-02-02T15:32:33.201+0000] {dagbag.py:538} INFO - Filling up the DagBag from /home/airflow/.local/lib/python3.8/site-packages/airflow/example_dags/example_trigger_target_dag.py
[2024-02-02T15:32:33.208+0000] {processor.py:840} INFO - DAG(s) 'example_trigger_target_dag' retrieved from /home/airflow/.local/lib/python3.8/site-packages/airflow/example_dags/example_trigger_target_dag.py
[2024-02-02T15:32:33.232+0000] {logging_mixin.py:188} INFO - [2024-02-02T15:32:33.232+0000] {dag.py:3036} INFO - Sync 1 DAGs
[2024-02-02T15:32:33.251+0000] {logging_mixin.py:188} INFO - [2024-02-02T15:32:33.251+0000] {dag.py:3823} INFO - Setting next_dagrun for example_trigger_target_dag to None, run_after=None
[2024-02-02T15:32:33.295+0000] {processor.py:183} INFO - Processing /home/airflow/.local/lib/python3.8/site-packages/airflow/example_dags/example_trigger_target_dag.py took 0.100 seconds
[2024-02-02T15:33:03.402+0000] {processor.py:161} INFO - Started process (PID=9865) to work on /home/airflow/.local/lib/python3.8/site-packages/airflow/example_dags/example_trigger_target_dag.py
[2024-02-02T15:33:03.404+0000] {processor.py:830} INFO - Processing file /home/airflow/.local/lib/python3.8/site-packages/airflow/example_dags/example_trigger_target_dag.py for tasks to queue
[2024-02-02T15:33:03.406+0000] {logging_mixin.py:188} INFO - [2024-02-02T15:33:03.405+0000] {dagbag.py:538} INFO - Filling up the DagBag from /home/airflow/.local/lib/python3.8/site-packages/airflow/example_dags/example_trigger_target_dag.py
[2024-02-02T15:33:03.413+0000] {processor.py:840} INFO - DAG(s) 'example_trigger_target_dag' retrieved from /home/airflow/.local/lib/python3.8/site-packages/airflow/example_dags/example_trigger_target_dag.py
[2024-02-02T15:33:03.438+0000] {logging_mixin.py:188} INFO - [2024-02-02T15:33:03.437+0000] {dag.py:3036} INFO - Sync 1 DAGs
[2024-02-02T15:33:03.454+0000] {logging_mixin.py:188} INFO - [2024-02-02T15:33:03.454+0000] {dag.py:3823} INFO - Setting next_dagrun for example_trigger_target_dag to None, run_after=None
[2024-02-02T15:33:03.506+0000] {processor.py:183} INFO - Processing /home/airflow/.local/lib/python3.8/site-packages/airflow/example_dags/example_trigger_target_dag.py took 0.107 seconds
[2024-02-02T15:33:34.310+0000] {processor.py:161} INFO - Started process (PID=10112) to work on /home/airflow/.local/lib/python3.8/site-packages/airflow/example_dags/example_trigger_target_dag.py
[2024-02-02T15:33:34.311+0000] {processor.py:830} INFO - Processing file /home/airflow/.local/lib/python3.8/site-packages/airflow/example_dags/example_trigger_target_dag.py for tasks to queue
[2024-02-02T15:33:34.313+0000] {logging_mixin.py:188} INFO - [2024-02-02T15:33:34.313+0000] {dagbag.py:538} INFO - Filling up the DagBag from /home/airflow/.local/lib/python3.8/site-packages/airflow/example_dags/example_trigger_target_dag.py
[2024-02-02T15:33:34.320+0000] {processor.py:840} INFO - DAG(s) 'example_trigger_target_dag' retrieved from /home/airflow/.local/lib/python3.8/site-packages/airflow/example_dags/example_trigger_target_dag.py
[2024-02-02T15:33:34.349+0000] {logging_mixin.py:188} INFO - [2024-02-02T15:33:34.349+0000] {dag.py:3036} INFO - Sync 1 DAGs
[2024-02-02T15:33:34.373+0000] {logging_mixin.py:188} INFO - [2024-02-02T15:33:34.372+0000] {dag.py:3823} INFO - Setting next_dagrun for example_trigger_target_dag to None, run_after=None
[2024-02-02T15:33:34.413+0000] {processor.py:183} INFO - Processing /home/airflow/.local/lib/python3.8/site-packages/airflow/example_dags/example_trigger_target_dag.py took 0.108 seconds
[2024-02-02T15:34:05.118+0000] {processor.py:161} INFO - Started process (PID=10359) to work on /home/airflow/.local/lib/python3.8/site-packages/airflow/example_dags/example_trigger_target_dag.py
[2024-02-02T15:34:05.120+0000] {processor.py:830} INFO - Processing file /home/airflow/.local/lib/python3.8/site-packages/airflow/example_dags/example_trigger_target_dag.py for tasks to queue
[2024-02-02T15:34:05.121+0000] {logging_mixin.py:188} INFO - [2024-02-02T15:34:05.121+0000] {dagbag.py:538} INFO - Filling up the DagBag from /home/airflow/.local/lib/python3.8/site-packages/airflow/example_dags/example_trigger_target_dag.py
[2024-02-02T15:34:05.128+0000] {processor.py:840} INFO - DAG(s) 'example_trigger_target_dag' retrieved from /home/airflow/.local/lib/python3.8/site-packages/airflow/example_dags/example_trigger_target_dag.py
[2024-02-02T15:34:05.152+0000] {logging_mixin.py:188} INFO - [2024-02-02T15:34:05.152+0000] {dag.py:3036} INFO - Sync 1 DAGs
[2024-02-02T15:34:05.167+0000] {logging_mixin.py:188} INFO - [2024-02-02T15:34:05.167+0000] {dag.py:3823} INFO - Setting next_dagrun for example_trigger_target_dag to None, run_after=None
[2024-02-02T15:34:05.202+0000] {processor.py:183} INFO - Processing /home/airflow/.local/lib/python3.8/site-packages/airflow/example_dags/example_trigger_target_dag.py took 0.088 seconds
[2024-02-02T15:34:35.481+0000] {processor.py:161} INFO - Started process (PID=10606) to work on /home/airflow/.local/lib/python3.8/site-packages/airflow/example_dags/example_trigger_target_dag.py
[2024-02-02T15:34:35.483+0000] {processor.py:830} INFO - Processing file /home/airflow/.local/lib/python3.8/site-packages/airflow/example_dags/example_trigger_target_dag.py for tasks to queue
[2024-02-02T15:34:35.485+0000] {logging_mixin.py:188} INFO - [2024-02-02T15:34:35.484+0000] {dagbag.py:538} INFO - Filling up the DagBag from /home/airflow/.local/lib/python3.8/site-packages/airflow/example_dags/example_trigger_target_dag.py
[2024-02-02T15:34:35.494+0000] {processor.py:840} INFO - DAG(s) 'example_trigger_target_dag' retrieved from /home/airflow/.local/lib/python3.8/site-packages/airflow/example_dags/example_trigger_target_dag.py
[2024-02-02T15:34:35.525+0000] {logging_mixin.py:188} INFO - [2024-02-02T15:34:35.525+0000] {dag.py:3036} INFO - Sync 1 DAGs
[2024-02-02T15:34:35.546+0000] {logging_mixin.py:188} INFO - [2024-02-02T15:34:35.545+0000] {dag.py:3823} INFO - Setting next_dagrun for example_trigger_target_dag to None, run_after=None
[2024-02-02T15:34:35.586+0000] {processor.py:183} INFO - Processing /home/airflow/.local/lib/python3.8/site-packages/airflow/example_dags/example_trigger_target_dag.py took 0.110 seconds
[2024-02-02T15:35:05.821+0000] {processor.py:161} INFO - Started process (PID=10853) to work on /home/airflow/.local/lib/python3.8/site-packages/airflow/example_dags/example_trigger_target_dag.py
[2024-02-02T15:35:05.822+0000] {processor.py:830} INFO - Processing file /home/airflow/.local/lib/python3.8/site-packages/airflow/example_dags/example_trigger_target_dag.py for tasks to queue
[2024-02-02T15:35:05.824+0000] {logging_mixin.py:188} INFO - [2024-02-02T15:35:05.824+0000] {dagbag.py:538} INFO - Filling up the DagBag from /home/airflow/.local/lib/python3.8/site-packages/airflow/example_dags/example_trigger_target_dag.py
[2024-02-02T15:35:05.831+0000] {processor.py:840} INFO - DAG(s) 'example_trigger_target_dag' retrieved from /home/airflow/.local/lib/python3.8/site-packages/airflow/example_dags/example_trigger_target_dag.py
[2024-02-02T15:35:05.856+0000] {logging_mixin.py:188} INFO - [2024-02-02T15:35:05.856+0000] {dag.py:3036} INFO - Sync 1 DAGs
[2024-02-02T15:35:05.872+0000] {logging_mixin.py:188} INFO - [2024-02-02T15:35:05.872+0000] {dag.py:3823} INFO - Setting next_dagrun for example_trigger_target_dag to None, run_after=None
[2024-02-02T15:35:05.906+0000] {processor.py:183} INFO - Processing /home/airflow/.local/lib/python3.8/site-packages/airflow/example_dags/example_trigger_target_dag.py took 0.090 seconds
[2024-02-02T15:35:36.124+0000] {processor.py:161} INFO - Started process (PID=11100) to work on /home/airflow/.local/lib/python3.8/site-packages/airflow/example_dags/example_trigger_target_dag.py
[2024-02-02T15:35:36.125+0000] {processor.py:830} INFO - Processing file /home/airflow/.local/lib/python3.8/site-packages/airflow/example_dags/example_trigger_target_dag.py for tasks to queue
[2024-02-02T15:35:36.127+0000] {logging_mixin.py:188} INFO - [2024-02-02T15:35:36.126+0000] {dagbag.py:538} INFO - Filling up the DagBag from /home/airflow/.local/lib/python3.8/site-packages/airflow/example_dags/example_trigger_target_dag.py
[2024-02-02T15:35:36.135+0000] {processor.py:840} INFO - DAG(s) 'example_trigger_target_dag' retrieved from /home/airflow/.local/lib/python3.8/site-packages/airflow/example_dags/example_trigger_target_dag.py
[2024-02-02T15:35:36.159+0000] {logging_mixin.py:188} INFO - [2024-02-02T15:35:36.159+0000] {dag.py:3036} INFO - Sync 1 DAGs
[2024-02-02T15:35:36.175+0000] {logging_mixin.py:188} INFO - [2024-02-02T15:35:36.175+0000] {dag.py:3823} INFO - Setting next_dagrun for example_trigger_target_dag to None, run_after=None
[2024-02-02T15:35:36.201+0000] {processor.py:183} INFO - Processing /home/airflow/.local/lib/python3.8/site-packages/airflow/example_dags/example_trigger_target_dag.py took 0.081 seconds
[2024-02-02T15:36:06.879+0000] {processor.py:161} INFO - Started process (PID=11347) to work on /home/airflow/.local/lib/python3.8/site-packages/airflow/example_dags/example_trigger_target_dag.py
[2024-02-02T15:36:06.881+0000] {processor.py:830} INFO - Processing file /home/airflow/.local/lib/python3.8/site-packages/airflow/example_dags/example_trigger_target_dag.py for tasks to queue
[2024-02-02T15:36:06.882+0000] {logging_mixin.py:188} INFO - [2024-02-02T15:36:06.882+0000] {dagbag.py:538} INFO - Filling up the DagBag from /home/airflow/.local/lib/python3.8/site-packages/airflow/example_dags/example_trigger_target_dag.py
[2024-02-02T15:36:06.890+0000] {processor.py:840} INFO - DAG(s) 'example_trigger_target_dag' retrieved from /home/airflow/.local/lib/python3.8/site-packages/airflow/example_dags/example_trigger_target_dag.py
[2024-02-02T15:36:06.918+0000] {logging_mixin.py:188} INFO - [2024-02-02T15:36:06.918+0000] {dag.py:3036} INFO - Sync 1 DAGs
[2024-02-02T15:36:06.939+0000] {logging_mixin.py:188} INFO - [2024-02-02T15:36:06.939+0000] {dag.py:3823} INFO - Setting next_dagrun for example_trigger_target_dag to None, run_after=None
[2024-02-02T15:36:06.969+0000] {processor.py:183} INFO - Processing /home/airflow/.local/lib/python3.8/site-packages/airflow/example_dags/example_trigger_target_dag.py took 0.094 seconds
