[2024-02-02T15:13:18.257+0000] {processor.py:161} INFO - Started process (PID=276) to work on /home/airflow/.local/lib/python3.8/site-packages/airflow/example_dags/example_xcomargs.py
[2024-02-02T15:13:18.259+0000] {processor.py:830} INFO - Processing file /home/airflow/.local/lib/python3.8/site-packages/airflow/example_dags/example_xcomargs.py for tasks to queue
[2024-02-02T15:13:18.260+0000] {logging_mixin.py:188} INFO - [2024-02-02T15:13:18.260+0000] {dagbag.py:538} INFO - Filling up the DagBag from /home/airflow/.local/lib/python3.8/site-packages/airflow/example_dags/example_xcomargs.py
[2024-02-02T15:13:18.276+0000] {processor.py:840} INFO - DAG(s) 'example_xcom_args_with_operators', 'example_xcom_args' retrieved from /home/airflow/.local/lib/python3.8/site-packages/airflow/example_dags/example_xcomargs.py
[2024-02-02T15:13:18.296+0000] {logging_mixin.py:188} INFO - [2024-02-02T15:13:18.295+0000] {dag.py:3036} INFO - Sync 2 DAGs
[2024-02-02T15:13:18.318+0000] {logging_mixin.py:188} INFO - [2024-02-02T15:13:18.318+0000] {dag.py:3823} INFO - Setting next_dagrun for example_xcom_args to None, run_after=None
[2024-02-02T15:13:18.323+0000] {logging_mixin.py:188} INFO - [2024-02-02T15:13:18.323+0000] {dag.py:3823} INFO - Setting next_dagrun for example_xcom_args_with_operators to None, run_after=None
[2024-02-02T15:13:18.348+0000] {processor.py:183} INFO - Processing /home/airflow/.local/lib/python3.8/site-packages/airflow/example_dags/example_xcomargs.py took 0.095 seconds
[2024-02-02T15:13:50.469+0000] {processor.py:161} INFO - Started process (PID=523) to work on /home/airflow/.local/lib/python3.8/site-packages/airflow/example_dags/example_xcomargs.py
[2024-02-02T15:13:50.471+0000] {processor.py:830} INFO - Processing file /home/airflow/.local/lib/python3.8/site-packages/airflow/example_dags/example_xcomargs.py for tasks to queue
[2024-02-02T15:13:50.473+0000] {logging_mixin.py:188} INFO - [2024-02-02T15:13:50.472+0000] {dagbag.py:538} INFO - Filling up the DagBag from /home/airflow/.local/lib/python3.8/site-packages/airflow/example_dags/example_xcomargs.py
[2024-02-02T15:13:50.484+0000] {processor.py:840} INFO - DAG(s) 'example_xcom_args', 'example_xcom_args_with_operators' retrieved from /home/airflow/.local/lib/python3.8/site-packages/airflow/example_dags/example_xcomargs.py
[2024-02-02T15:13:50.654+0000] {logging_mixin.py:188} INFO - [2024-02-02T15:13:50.654+0000] {dag.py:3036} INFO - Sync 2 DAGs
[2024-02-02T15:13:50.671+0000] {logging_mixin.py:188} INFO - [2024-02-02T15:13:50.671+0000] {dag.py:3823} INFO - Setting next_dagrun for example_xcom_args to None, run_after=None
[2024-02-02T15:13:50.677+0000] {logging_mixin.py:188} INFO - [2024-02-02T15:13:50.676+0000] {dag.py:3823} INFO - Setting next_dagrun for example_xcom_args_with_operators to None, run_after=None
[2024-02-02T15:13:50.710+0000] {processor.py:183} INFO - Processing /home/airflow/.local/lib/python3.8/site-packages/airflow/example_dags/example_xcomargs.py took 0.245 seconds
[2024-02-02T15:14:20.946+0000] {processor.py:161} INFO - Started process (PID=772) to work on /home/airflow/.local/lib/python3.8/site-packages/airflow/example_dags/example_xcomargs.py
[2024-02-02T15:14:20.948+0000] {processor.py:830} INFO - Processing file /home/airflow/.local/lib/python3.8/site-packages/airflow/example_dags/example_xcomargs.py for tasks to queue
[2024-02-02T15:14:20.950+0000] {logging_mixin.py:188} INFO - [2024-02-02T15:14:20.949+0000] {dagbag.py:538} INFO - Filling up the DagBag from /home/airflow/.local/lib/python3.8/site-packages/airflow/example_dags/example_xcomargs.py
[2024-02-02T15:14:20.963+0000] {processor.py:840} INFO - DAG(s) 'example_xcom_args_with_operators', 'example_xcom_args' retrieved from /home/airflow/.local/lib/python3.8/site-packages/airflow/example_dags/example_xcomargs.py
[2024-02-02T15:14:21.006+0000] {logging_mixin.py:188} INFO - [2024-02-02T15:14:21.005+0000] {dag.py:3036} INFO - Sync 2 DAGs
[2024-02-02T15:14:21.025+0000] {logging_mixin.py:188} INFO - [2024-02-02T15:14:21.024+0000] {dag.py:3823} INFO - Setting next_dagrun for example_xcom_args to None, run_after=None
[2024-02-02T15:14:21.031+0000] {logging_mixin.py:188} INFO - [2024-02-02T15:14:21.030+0000] {dag.py:3823} INFO - Setting next_dagrun for example_xcom_args_with_operators to None, run_after=None
[2024-02-02T15:14:21.054+0000] {processor.py:183} INFO - Processing /home/airflow/.local/lib/python3.8/site-packages/airflow/example_dags/example_xcomargs.py took 0.112 seconds
[2024-02-02T15:14:51.374+0000] {processor.py:161} INFO - Started process (PID=1019) to work on /home/airflow/.local/lib/python3.8/site-packages/airflow/example_dags/example_xcomargs.py
[2024-02-02T15:14:51.376+0000] {processor.py:830} INFO - Processing file /home/airflow/.local/lib/python3.8/site-packages/airflow/example_dags/example_xcomargs.py for tasks to queue
[2024-02-02T15:14:51.378+0000] {logging_mixin.py:188} INFO - [2024-02-02T15:14:51.377+0000] {dagbag.py:538} INFO - Filling up the DagBag from /home/airflow/.local/lib/python3.8/site-packages/airflow/example_dags/example_xcomargs.py
[2024-02-02T15:14:51.391+0000] {processor.py:840} INFO - DAG(s) 'example_xcom_args', 'example_xcom_args_with_operators' retrieved from /home/airflow/.local/lib/python3.8/site-packages/airflow/example_dags/example_xcomargs.py
[2024-02-02T15:14:51.428+0000] {logging_mixin.py:188} INFO - [2024-02-02T15:14:51.428+0000] {dag.py:3036} INFO - Sync 2 DAGs
[2024-02-02T15:14:51.447+0000] {logging_mixin.py:188} INFO - [2024-02-02T15:14:51.447+0000] {dag.py:3823} INFO - Setting next_dagrun for example_xcom_args to None, run_after=None
[2024-02-02T15:14:51.454+0000] {logging_mixin.py:188} INFO - [2024-02-02T15:14:51.454+0000] {dag.py:3823} INFO - Setting next_dagrun for example_xcom_args_with_operators to None, run_after=None
[2024-02-02T15:14:51.483+0000] {processor.py:183} INFO - Processing /home/airflow/.local/lib/python3.8/site-packages/airflow/example_dags/example_xcomargs.py took 0.114 seconds
[2024-02-02T15:15:21.699+0000] {processor.py:161} INFO - Started process (PID=1264) to work on /home/airflow/.local/lib/python3.8/site-packages/airflow/example_dags/example_xcomargs.py
[2024-02-02T15:15:21.700+0000] {processor.py:830} INFO - Processing file /home/airflow/.local/lib/python3.8/site-packages/airflow/example_dags/example_xcomargs.py for tasks to queue
[2024-02-02T15:15:21.702+0000] {logging_mixin.py:188} INFO - [2024-02-02T15:15:21.702+0000] {dagbag.py:538} INFO - Filling up the DagBag from /home/airflow/.local/lib/python3.8/site-packages/airflow/example_dags/example_xcomargs.py
[2024-02-02T15:15:21.713+0000] {processor.py:840} INFO - DAG(s) 'example_xcom_args_with_operators', 'example_xcom_args' retrieved from /home/airflow/.local/lib/python3.8/site-packages/airflow/example_dags/example_xcomargs.py
[2024-02-02T15:15:21.748+0000] {logging_mixin.py:188} INFO - [2024-02-02T15:15:21.748+0000] {dag.py:3036} INFO - Sync 2 DAGs
[2024-02-02T15:15:21.768+0000] {logging_mixin.py:188} INFO - [2024-02-02T15:15:21.767+0000] {dag.py:3823} INFO - Setting next_dagrun for example_xcom_args to None, run_after=None
[2024-02-02T15:15:21.774+0000] {logging_mixin.py:188} INFO - [2024-02-02T15:15:21.774+0000] {dag.py:3823} INFO - Setting next_dagrun for example_xcom_args_with_operators to None, run_after=None
[2024-02-02T15:15:21.804+0000] {processor.py:183} INFO - Processing /home/airflow/.local/lib/python3.8/site-packages/airflow/example_dags/example_xcomargs.py took 0.109 seconds
[2024-02-02T15:15:52.243+0000] {processor.py:161} INFO - Started process (PID=1512) to work on /home/airflow/.local/lib/python3.8/site-packages/airflow/example_dags/example_xcomargs.py
[2024-02-02T15:15:52.245+0000] {processor.py:830} INFO - Processing file /home/airflow/.local/lib/python3.8/site-packages/airflow/example_dags/example_xcomargs.py for tasks to queue
[2024-02-02T15:15:52.246+0000] {logging_mixin.py:188} INFO - [2024-02-02T15:15:52.246+0000] {dagbag.py:538} INFO - Filling up the DagBag from /home/airflow/.local/lib/python3.8/site-packages/airflow/example_dags/example_xcomargs.py
[2024-02-02T15:15:52.265+0000] {processor.py:840} INFO - DAG(s) 'example_xcom_args', 'example_xcom_args_with_operators' retrieved from /home/airflow/.local/lib/python3.8/site-packages/airflow/example_dags/example_xcomargs.py
[2024-02-02T15:15:52.304+0000] {logging_mixin.py:188} INFO - [2024-02-02T15:15:52.304+0000] {dag.py:3036} INFO - Sync 2 DAGs
[2024-02-02T15:15:52.329+0000] {logging_mixin.py:188} INFO - [2024-02-02T15:15:52.329+0000] {dag.py:3823} INFO - Setting next_dagrun for example_xcom_args to None, run_after=None
[2024-02-02T15:15:52.334+0000] {logging_mixin.py:188} INFO - [2024-02-02T15:15:52.334+0000] {dag.py:3823} INFO - Setting next_dagrun for example_xcom_args_with_operators to None, run_after=None
[2024-02-02T15:15:52.365+0000] {processor.py:183} INFO - Processing /home/airflow/.local/lib/python3.8/site-packages/airflow/example_dags/example_xcomargs.py took 0.128 seconds
[2024-02-02T15:16:22.586+0000] {processor.py:161} INFO - Started process (PID=1758) to work on /home/airflow/.local/lib/python3.8/site-packages/airflow/example_dags/example_xcomargs.py
[2024-02-02T15:16:22.587+0000] {processor.py:830} INFO - Processing file /home/airflow/.local/lib/python3.8/site-packages/airflow/example_dags/example_xcomargs.py for tasks to queue
[2024-02-02T15:16:22.589+0000] {logging_mixin.py:188} INFO - [2024-02-02T15:16:22.589+0000] {dagbag.py:538} INFO - Filling up the DagBag from /home/airflow/.local/lib/python3.8/site-packages/airflow/example_dags/example_xcomargs.py
[2024-02-02T15:16:22.604+0000] {processor.py:840} INFO - DAG(s) 'example_xcom_args', 'example_xcom_args_with_operators' retrieved from /home/airflow/.local/lib/python3.8/site-packages/airflow/example_dags/example_xcomargs.py
[2024-02-02T15:16:22.646+0000] {logging_mixin.py:188} INFO - [2024-02-02T15:16:22.645+0000] {dag.py:3036} INFO - Sync 2 DAGs
[2024-02-02T15:16:22.670+0000] {logging_mixin.py:188} INFO - [2024-02-02T15:16:22.670+0000] {dag.py:3823} INFO - Setting next_dagrun for example_xcom_args to None, run_after=None
[2024-02-02T15:16:22.681+0000] {logging_mixin.py:188} INFO - [2024-02-02T15:16:22.681+0000] {dag.py:3823} INFO - Setting next_dagrun for example_xcom_args_with_operators to None, run_after=None
[2024-02-02T15:16:22.716+0000] {processor.py:183} INFO - Processing /home/airflow/.local/lib/python3.8/site-packages/airflow/example_dags/example_xcomargs.py took 0.135 seconds
[2024-02-02T15:16:53.134+0000] {processor.py:161} INFO - Started process (PID=2005) to work on /home/airflow/.local/lib/python3.8/site-packages/airflow/example_dags/example_xcomargs.py
[2024-02-02T15:16:53.136+0000] {processor.py:830} INFO - Processing file /home/airflow/.local/lib/python3.8/site-packages/airflow/example_dags/example_xcomargs.py for tasks to queue
[2024-02-02T15:16:53.138+0000] {logging_mixin.py:188} INFO - [2024-02-02T15:16:53.137+0000] {dagbag.py:538} INFO - Filling up the DagBag from /home/airflow/.local/lib/python3.8/site-packages/airflow/example_dags/example_xcomargs.py
[2024-02-02T15:16:53.154+0000] {processor.py:840} INFO - DAG(s) 'example_xcom_args_with_operators', 'example_xcom_args' retrieved from /home/airflow/.local/lib/python3.8/site-packages/airflow/example_dags/example_xcomargs.py
[2024-02-02T15:16:53.203+0000] {logging_mixin.py:188} INFO - [2024-02-02T15:16:53.202+0000] {dag.py:3036} INFO - Sync 2 DAGs
[2024-02-02T15:16:53.231+0000] {logging_mixin.py:188} INFO - [2024-02-02T15:16:53.231+0000] {dag.py:3823} INFO - Setting next_dagrun for example_xcom_args to None, run_after=None
[2024-02-02T15:16:53.237+0000] {logging_mixin.py:188} INFO - [2024-02-02T15:16:53.237+0000] {dag.py:3823} INFO - Setting next_dagrun for example_xcom_args_with_operators to None, run_after=None
[2024-02-02T15:16:53.278+0000] {processor.py:183} INFO - Processing /home/airflow/.local/lib/python3.8/site-packages/airflow/example_dags/example_xcomargs.py took 0.149 seconds
[2024-02-02T15:17:23.445+0000] {processor.py:161} INFO - Started process (PID=2252) to work on /home/airflow/.local/lib/python3.8/site-packages/airflow/example_dags/example_xcomargs.py
[2024-02-02T15:17:23.447+0000] {processor.py:830} INFO - Processing file /home/airflow/.local/lib/python3.8/site-packages/airflow/example_dags/example_xcomargs.py for tasks to queue
[2024-02-02T15:17:23.448+0000] {logging_mixin.py:188} INFO - [2024-02-02T15:17:23.448+0000] {dagbag.py:538} INFO - Filling up the DagBag from /home/airflow/.local/lib/python3.8/site-packages/airflow/example_dags/example_xcomargs.py
[2024-02-02T15:17:23.463+0000] {processor.py:840} INFO - DAG(s) 'example_xcom_args', 'example_xcom_args_with_operators' retrieved from /home/airflow/.local/lib/python3.8/site-packages/airflow/example_dags/example_xcomargs.py
[2024-02-02T15:17:23.505+0000] {logging_mixin.py:188} INFO - [2024-02-02T15:17:23.504+0000] {dag.py:3036} INFO - Sync 2 DAGs
[2024-02-02T15:17:23.529+0000] {logging_mixin.py:188} INFO - [2024-02-02T15:17:23.528+0000] {dag.py:3823} INFO - Setting next_dagrun for example_xcom_args to None, run_after=None
[2024-02-02T15:17:23.536+0000] {logging_mixin.py:188} INFO - [2024-02-02T15:17:23.535+0000] {dag.py:3823} INFO - Setting next_dagrun for example_xcom_args_with_operators to None, run_after=None
[2024-02-02T15:17:23.562+0000] {processor.py:183} INFO - Processing /home/airflow/.local/lib/python3.8/site-packages/airflow/example_dags/example_xcomargs.py took 0.123 seconds
[2024-02-02T15:17:53.825+0000] {processor.py:161} INFO - Started process (PID=2499) to work on /home/airflow/.local/lib/python3.8/site-packages/airflow/example_dags/example_xcomargs.py
[2024-02-02T15:17:53.827+0000] {processor.py:830} INFO - Processing file /home/airflow/.local/lib/python3.8/site-packages/airflow/example_dags/example_xcomargs.py for tasks to queue
[2024-02-02T15:17:53.829+0000] {logging_mixin.py:188} INFO - [2024-02-02T15:17:53.828+0000] {dagbag.py:538} INFO - Filling up the DagBag from /home/airflow/.local/lib/python3.8/site-packages/airflow/example_dags/example_xcomargs.py
[2024-02-02T15:17:53.841+0000] {processor.py:840} INFO - DAG(s) 'example_xcom_args', 'example_xcom_args_with_operators' retrieved from /home/airflow/.local/lib/python3.8/site-packages/airflow/example_dags/example_xcomargs.py
[2024-02-02T15:17:53.882+0000] {logging_mixin.py:188} INFO - [2024-02-02T15:17:53.881+0000] {dag.py:3036} INFO - Sync 2 DAGs
[2024-02-02T15:17:53.907+0000] {logging_mixin.py:188} INFO - [2024-02-02T15:17:53.907+0000] {dag.py:3823} INFO - Setting next_dagrun for example_xcom_args to None, run_after=None
[2024-02-02T15:17:53.914+0000] {logging_mixin.py:188} INFO - [2024-02-02T15:17:53.914+0000] {dag.py:3823} INFO - Setting next_dagrun for example_xcom_args_with_operators to None, run_after=None
[2024-02-02T15:17:53.941+0000] {processor.py:183} INFO - Processing /home/airflow/.local/lib/python3.8/site-packages/airflow/example_dags/example_xcomargs.py took 0.120 seconds
[2024-02-02T15:18:24.048+0000] {processor.py:161} INFO - Started process (PID=2794) to work on /home/airflow/.local/lib/python3.8/site-packages/airflow/example_dags/example_xcomargs.py
[2024-02-02T15:18:24.050+0000] {processor.py:830} INFO - Processing file /home/airflow/.local/lib/python3.8/site-packages/airflow/example_dags/example_xcomargs.py for tasks to queue
[2024-02-02T15:18:24.052+0000] {logging_mixin.py:188} INFO - [2024-02-02T15:18:24.052+0000] {dagbag.py:538} INFO - Filling up the DagBag from /home/airflow/.local/lib/python3.8/site-packages/airflow/example_dags/example_xcomargs.py
[2024-02-02T15:18:24.066+0000] {processor.py:840} INFO - DAG(s) 'example_xcom_args', 'example_xcom_args_with_operators' retrieved from /home/airflow/.local/lib/python3.8/site-packages/airflow/example_dags/example_xcomargs.py
[2024-02-02T15:18:24.102+0000] {logging_mixin.py:188} INFO - [2024-02-02T15:18:24.101+0000] {dag.py:3036} INFO - Sync 2 DAGs
[2024-02-02T15:18:24.121+0000] {logging_mixin.py:188} INFO - [2024-02-02T15:18:24.120+0000] {dag.py:3823} INFO - Setting next_dagrun for example_xcom_args to None, run_after=None
[2024-02-02T15:18:24.126+0000] {logging_mixin.py:188} INFO - [2024-02-02T15:18:24.125+0000] {dag.py:3823} INFO - Setting next_dagrun for example_xcom_args_with_operators to None, run_after=None
[2024-02-02T15:18:24.151+0000] {processor.py:183} INFO - Processing /home/airflow/.local/lib/python3.8/site-packages/airflow/example_dags/example_xcomargs.py took 0.109 seconds
[2024-02-02T15:18:54.629+0000] {processor.py:161} INFO - Started process (PID=3041) to work on /home/airflow/.local/lib/python3.8/site-packages/airflow/example_dags/example_xcomargs.py
[2024-02-02T15:18:54.631+0000] {processor.py:830} INFO - Processing file /home/airflow/.local/lib/python3.8/site-packages/airflow/example_dags/example_xcomargs.py for tasks to queue
[2024-02-02T15:18:54.632+0000] {logging_mixin.py:188} INFO - [2024-02-02T15:18:54.632+0000] {dagbag.py:538} INFO - Filling up the DagBag from /home/airflow/.local/lib/python3.8/site-packages/airflow/example_dags/example_xcomargs.py
[2024-02-02T15:18:54.642+0000] {processor.py:840} INFO - DAG(s) 'example_xcom_args', 'example_xcom_args_with_operators' retrieved from /home/airflow/.local/lib/python3.8/site-packages/airflow/example_dags/example_xcomargs.py
[2024-02-02T15:18:54.675+0000] {logging_mixin.py:188} INFO - [2024-02-02T15:18:54.675+0000] {dag.py:3036} INFO - Sync 2 DAGs
[2024-02-02T15:18:54.692+0000] {logging_mixin.py:188} INFO - [2024-02-02T15:18:54.692+0000] {dag.py:3823} INFO - Setting next_dagrun for example_xcom_args to None, run_after=None
[2024-02-02T15:18:54.698+0000] {logging_mixin.py:188} INFO - [2024-02-02T15:18:54.697+0000] {dag.py:3823} INFO - Setting next_dagrun for example_xcom_args_with_operators to None, run_after=None
[2024-02-02T15:18:54.725+0000] {processor.py:183} INFO - Processing /home/airflow/.local/lib/python3.8/site-packages/airflow/example_dags/example_xcomargs.py took 0.101 seconds
[2024-02-02T15:19:24.845+0000] {processor.py:161} INFO - Started process (PID=3289) to work on /home/airflow/.local/lib/python3.8/site-packages/airflow/example_dags/example_xcomargs.py
[2024-02-02T15:19:24.847+0000] {processor.py:830} INFO - Processing file /home/airflow/.local/lib/python3.8/site-packages/airflow/example_dags/example_xcomargs.py for tasks to queue
[2024-02-02T15:19:24.848+0000] {logging_mixin.py:188} INFO - [2024-02-02T15:19:24.848+0000] {dagbag.py:538} INFO - Filling up the DagBag from /home/airflow/.local/lib/python3.8/site-packages/airflow/example_dags/example_xcomargs.py
[2024-02-02T15:19:24.860+0000] {processor.py:840} INFO - DAG(s) 'example_xcom_args_with_operators', 'example_xcom_args' retrieved from /home/airflow/.local/lib/python3.8/site-packages/airflow/example_dags/example_xcomargs.py
[2024-02-02T15:19:24.893+0000] {logging_mixin.py:188} INFO - [2024-02-02T15:19:24.892+0000] {dag.py:3036} INFO - Sync 2 DAGs
[2024-02-02T15:19:24.910+0000] {logging_mixin.py:188} INFO - [2024-02-02T15:19:24.910+0000] {dag.py:3823} INFO - Setting next_dagrun for example_xcom_args to None, run_after=None
[2024-02-02T15:19:24.915+0000] {logging_mixin.py:188} INFO - [2024-02-02T15:19:24.915+0000] {dag.py:3823} INFO - Setting next_dagrun for example_xcom_args_with_operators to None, run_after=None
[2024-02-02T15:19:24.939+0000] {processor.py:183} INFO - Processing /home/airflow/.local/lib/python3.8/site-packages/airflow/example_dags/example_xcomargs.py took 0.098 seconds
[2024-02-02T15:19:55.350+0000] {processor.py:161} INFO - Started process (PID=3536) to work on /home/airflow/.local/lib/python3.8/site-packages/airflow/example_dags/example_xcomargs.py
[2024-02-02T15:19:55.351+0000] {processor.py:830} INFO - Processing file /home/airflow/.local/lib/python3.8/site-packages/airflow/example_dags/example_xcomargs.py for tasks to queue
[2024-02-02T15:19:55.353+0000] {logging_mixin.py:188} INFO - [2024-02-02T15:19:55.352+0000] {dagbag.py:538} INFO - Filling up the DagBag from /home/airflow/.local/lib/python3.8/site-packages/airflow/example_dags/example_xcomargs.py
[2024-02-02T15:19:55.363+0000] {processor.py:840} INFO - DAG(s) 'example_xcom_args_with_operators', 'example_xcom_args' retrieved from /home/airflow/.local/lib/python3.8/site-packages/airflow/example_dags/example_xcomargs.py
[2024-02-02T15:19:55.396+0000] {logging_mixin.py:188} INFO - [2024-02-02T15:19:55.396+0000] {dag.py:3036} INFO - Sync 2 DAGs
[2024-02-02T15:19:55.413+0000] {logging_mixin.py:188} INFO - [2024-02-02T15:19:55.413+0000] {dag.py:3823} INFO - Setting next_dagrun for example_xcom_args to None, run_after=None
[2024-02-02T15:19:55.419+0000] {logging_mixin.py:188} INFO - [2024-02-02T15:19:55.419+0000] {dag.py:3823} INFO - Setting next_dagrun for example_xcom_args_with_operators to None, run_after=None
[2024-02-02T15:19:55.443+0000] {processor.py:183} INFO - Processing /home/airflow/.local/lib/python3.8/site-packages/airflow/example_dags/example_xcomargs.py took 0.097 seconds
[2024-02-02T15:20:25.824+0000] {processor.py:161} INFO - Started process (PID=3783) to work on /home/airflow/.local/lib/python3.8/site-packages/airflow/example_dags/example_xcomargs.py
[2024-02-02T15:20:25.825+0000] {processor.py:830} INFO - Processing file /home/airflow/.local/lib/python3.8/site-packages/airflow/example_dags/example_xcomargs.py for tasks to queue
[2024-02-02T15:20:25.827+0000] {logging_mixin.py:188} INFO - [2024-02-02T15:20:25.827+0000] {dagbag.py:538} INFO - Filling up the DagBag from /home/airflow/.local/lib/python3.8/site-packages/airflow/example_dags/example_xcomargs.py
[2024-02-02T15:20:25.838+0000] {processor.py:840} INFO - DAG(s) 'example_xcom_args_with_operators', 'example_xcom_args' retrieved from /home/airflow/.local/lib/python3.8/site-packages/airflow/example_dags/example_xcomargs.py
[2024-02-02T15:20:25.868+0000] {logging_mixin.py:188} INFO - [2024-02-02T15:20:25.868+0000] {dag.py:3036} INFO - Sync 2 DAGs
[2024-02-02T15:20:25.884+0000] {logging_mixin.py:188} INFO - [2024-02-02T15:20:25.884+0000] {dag.py:3823} INFO - Setting next_dagrun for example_xcom_args to None, run_after=None
[2024-02-02T15:20:25.890+0000] {logging_mixin.py:188} INFO - [2024-02-02T15:20:25.889+0000] {dag.py:3823} INFO - Setting next_dagrun for example_xcom_args_with_operators to None, run_after=None
[2024-02-02T15:20:25.911+0000] {processor.py:183} INFO - Processing /home/airflow/.local/lib/python3.8/site-packages/airflow/example_dags/example_xcomargs.py took 0.091 seconds
[2024-02-02T15:20:56.037+0000] {processor.py:161} INFO - Started process (PID=4027) to work on /home/airflow/.local/lib/python3.8/site-packages/airflow/example_dags/example_xcomargs.py
[2024-02-02T15:20:56.038+0000] {processor.py:830} INFO - Processing file /home/airflow/.local/lib/python3.8/site-packages/airflow/example_dags/example_xcomargs.py for tasks to queue
[2024-02-02T15:20:56.040+0000] {logging_mixin.py:188} INFO - [2024-02-02T15:20:56.039+0000] {dagbag.py:538} INFO - Filling up the DagBag from /home/airflow/.local/lib/python3.8/site-packages/airflow/example_dags/example_xcomargs.py
[2024-02-02T15:20:56.051+0000] {processor.py:840} INFO - DAG(s) 'example_xcom_args', 'example_xcom_args_with_operators' retrieved from /home/airflow/.local/lib/python3.8/site-packages/airflow/example_dags/example_xcomargs.py
[2024-02-02T15:20:56.084+0000] {logging_mixin.py:188} INFO - [2024-02-02T15:20:56.084+0000] {dag.py:3036} INFO - Sync 2 DAGs
[2024-02-02T15:20:56.100+0000] {logging_mixin.py:188} INFO - [2024-02-02T15:20:56.099+0000] {dag.py:3823} INFO - Setting next_dagrun for example_xcom_args to None, run_after=None
[2024-02-02T15:20:56.105+0000] {logging_mixin.py:188} INFO - [2024-02-02T15:20:56.105+0000] {dag.py:3823} INFO - Setting next_dagrun for example_xcom_args_with_operators to None, run_after=None
[2024-02-02T15:20:56.126+0000] {processor.py:183} INFO - Processing /home/airflow/.local/lib/python3.8/site-packages/airflow/example_dags/example_xcomargs.py took 0.094 seconds
[2024-02-02T15:21:26.309+0000] {processor.py:161} INFO - Started process (PID=4272) to work on /home/airflow/.local/lib/python3.8/site-packages/airflow/example_dags/example_xcomargs.py
[2024-02-02T15:21:26.311+0000] {processor.py:830} INFO - Processing file /home/airflow/.local/lib/python3.8/site-packages/airflow/example_dags/example_xcomargs.py for tasks to queue
[2024-02-02T15:21:26.312+0000] {logging_mixin.py:188} INFO - [2024-02-02T15:21:26.312+0000] {dagbag.py:538} INFO - Filling up the DagBag from /home/airflow/.local/lib/python3.8/site-packages/airflow/example_dags/example_xcomargs.py
[2024-02-02T15:21:26.322+0000] {processor.py:840} INFO - DAG(s) 'example_xcom_args_with_operators', 'example_xcom_args' retrieved from /home/airflow/.local/lib/python3.8/site-packages/airflow/example_dags/example_xcomargs.py
[2024-02-02T15:21:26.354+0000] {logging_mixin.py:188} INFO - [2024-02-02T15:21:26.354+0000] {dag.py:3036} INFO - Sync 2 DAGs
[2024-02-02T15:21:26.372+0000] {logging_mixin.py:188} INFO - [2024-02-02T15:21:26.372+0000] {dag.py:3823} INFO - Setting next_dagrun for example_xcom_args to None, run_after=None
[2024-02-02T15:21:26.379+0000] {logging_mixin.py:188} INFO - [2024-02-02T15:21:26.379+0000] {dag.py:3823} INFO - Setting next_dagrun for example_xcom_args_with_operators to None, run_after=None
[2024-02-02T15:21:26.407+0000] {processor.py:183} INFO - Processing /home/airflow/.local/lib/python3.8/site-packages/airflow/example_dags/example_xcomargs.py took 0.102 seconds
[2024-02-02T15:21:56.590+0000] {processor.py:161} INFO - Started process (PID=4519) to work on /home/airflow/.local/lib/python3.8/site-packages/airflow/example_dags/example_xcomargs.py
[2024-02-02T15:21:56.592+0000] {processor.py:830} INFO - Processing file /home/airflow/.local/lib/python3.8/site-packages/airflow/example_dags/example_xcomargs.py for tasks to queue
[2024-02-02T15:21:56.594+0000] {logging_mixin.py:188} INFO - [2024-02-02T15:21:56.593+0000] {dagbag.py:538} INFO - Filling up the DagBag from /home/airflow/.local/lib/python3.8/site-packages/airflow/example_dags/example_xcomargs.py
[2024-02-02T15:21:56.605+0000] {processor.py:840} INFO - DAG(s) 'example_xcom_args_with_operators', 'example_xcom_args' retrieved from /home/airflow/.local/lib/python3.8/site-packages/airflow/example_dags/example_xcomargs.py
[2024-02-02T15:21:56.637+0000] {logging_mixin.py:188} INFO - [2024-02-02T15:21:56.637+0000] {dag.py:3036} INFO - Sync 2 DAGs
[2024-02-02T15:21:56.655+0000] {logging_mixin.py:188} INFO - [2024-02-02T15:21:56.655+0000] {dag.py:3823} INFO - Setting next_dagrun for example_xcom_args to None, run_after=None
[2024-02-02T15:21:56.662+0000] {logging_mixin.py:188} INFO - [2024-02-02T15:21:56.661+0000] {dag.py:3823} INFO - Setting next_dagrun for example_xcom_args_with_operators to None, run_after=None
[2024-02-02T15:21:56.688+0000] {processor.py:183} INFO - Processing /home/airflow/.local/lib/python3.8/site-packages/airflow/example_dags/example_xcomargs.py took 0.101 seconds
[2024-02-02T15:22:27.070+0000] {processor.py:161} INFO - Started process (PID=4766) to work on /home/airflow/.local/lib/python3.8/site-packages/airflow/example_dags/example_xcomargs.py
[2024-02-02T15:22:27.071+0000] {processor.py:830} INFO - Processing file /home/airflow/.local/lib/python3.8/site-packages/airflow/example_dags/example_xcomargs.py for tasks to queue
[2024-02-02T15:22:27.073+0000] {logging_mixin.py:188} INFO - [2024-02-02T15:22:27.072+0000] {dagbag.py:538} INFO - Filling up the DagBag from /home/airflow/.local/lib/python3.8/site-packages/airflow/example_dags/example_xcomargs.py
[2024-02-02T15:22:27.083+0000] {processor.py:840} INFO - DAG(s) 'example_xcom_args_with_operators', 'example_xcom_args' retrieved from /home/airflow/.local/lib/python3.8/site-packages/airflow/example_dags/example_xcomargs.py
[2024-02-02T15:22:27.114+0000] {logging_mixin.py:188} INFO - [2024-02-02T15:22:27.114+0000] {dag.py:3036} INFO - Sync 2 DAGs
[2024-02-02T15:22:27.133+0000] {logging_mixin.py:188} INFO - [2024-02-02T15:22:27.133+0000] {dag.py:3823} INFO - Setting next_dagrun for example_xcom_args to None, run_after=None
[2024-02-02T15:22:27.138+0000] {logging_mixin.py:188} INFO - [2024-02-02T15:22:27.138+0000] {dag.py:3823} INFO - Setting next_dagrun for example_xcom_args_with_operators to None, run_after=None
[2024-02-02T15:22:27.166+0000] {processor.py:183} INFO - Processing /home/airflow/.local/lib/python3.8/site-packages/airflow/example_dags/example_xcomargs.py took 0.101 seconds
[2024-02-02T15:22:58.100+0000] {processor.py:161} INFO - Started process (PID=5013) to work on /home/airflow/.local/lib/python3.8/site-packages/airflow/example_dags/example_xcomargs.py
[2024-02-02T15:22:58.101+0000] {processor.py:830} INFO - Processing file /home/airflow/.local/lib/python3.8/site-packages/airflow/example_dags/example_xcomargs.py for tasks to queue
[2024-02-02T15:22:58.103+0000] {logging_mixin.py:188} INFO - [2024-02-02T15:22:58.103+0000] {dagbag.py:538} INFO - Filling up the DagBag from /home/airflow/.local/lib/python3.8/site-packages/airflow/example_dags/example_xcomargs.py
[2024-02-02T15:22:58.113+0000] {processor.py:840} INFO - DAG(s) 'example_xcom_args_with_operators', 'example_xcom_args' retrieved from /home/airflow/.local/lib/python3.8/site-packages/airflow/example_dags/example_xcomargs.py
[2024-02-02T15:22:58.156+0000] {logging_mixin.py:188} INFO - [2024-02-02T15:22:58.156+0000] {dag.py:3036} INFO - Sync 2 DAGs
[2024-02-02T15:22:58.179+0000] {logging_mixin.py:188} INFO - [2024-02-02T15:22:58.178+0000] {dag.py:3823} INFO - Setting next_dagrun for example_xcom_args to None, run_after=None
[2024-02-02T15:22:58.187+0000] {logging_mixin.py:188} INFO - [2024-02-02T15:22:58.187+0000] {dag.py:3823} INFO - Setting next_dagrun for example_xcom_args_with_operators to None, run_after=None
[2024-02-02T15:22:58.217+0000] {processor.py:183} INFO - Processing /home/airflow/.local/lib/python3.8/site-packages/airflow/example_dags/example_xcomargs.py took 0.121 seconds
[2024-02-02T15:23:28.927+0000] {processor.py:161} INFO - Started process (PID=5260) to work on /home/airflow/.local/lib/python3.8/site-packages/airflow/example_dags/example_xcomargs.py
[2024-02-02T15:23:28.929+0000] {processor.py:830} INFO - Processing file /home/airflow/.local/lib/python3.8/site-packages/airflow/example_dags/example_xcomargs.py for tasks to queue
[2024-02-02T15:23:28.933+0000] {logging_mixin.py:188} INFO - [2024-02-02T15:23:28.932+0000] {dagbag.py:538} INFO - Filling up the DagBag from /home/airflow/.local/lib/python3.8/site-packages/airflow/example_dags/example_xcomargs.py
[2024-02-02T15:23:28.947+0000] {processor.py:840} INFO - DAG(s) 'example_xcom_args', 'example_xcom_args_with_operators' retrieved from /home/airflow/.local/lib/python3.8/site-packages/airflow/example_dags/example_xcomargs.py
[2024-02-02T15:23:28.984+0000] {logging_mixin.py:188} INFO - [2024-02-02T15:23:28.983+0000] {dag.py:3036} INFO - Sync 2 DAGs
[2024-02-02T15:23:29.004+0000] {logging_mixin.py:188} INFO - [2024-02-02T15:23:29.004+0000] {dag.py:3823} INFO - Setting next_dagrun for example_xcom_args to None, run_after=None
[2024-02-02T15:23:29.009+0000] {logging_mixin.py:188} INFO - [2024-02-02T15:23:29.009+0000] {dag.py:3823} INFO - Setting next_dagrun for example_xcom_args_with_operators to None, run_after=None
[2024-02-02T15:23:29.029+0000] {processor.py:183} INFO - Processing /home/airflow/.local/lib/python3.8/site-packages/airflow/example_dags/example_xcomargs.py took 0.108 seconds
[2024-02-02T15:23:59.510+0000] {processor.py:161} INFO - Started process (PID=5515) to work on /home/airflow/.local/lib/python3.8/site-packages/airflow/example_dags/example_xcomargs.py
[2024-02-02T15:23:59.512+0000] {processor.py:830} INFO - Processing file /home/airflow/.local/lib/python3.8/site-packages/airflow/example_dags/example_xcomargs.py for tasks to queue
[2024-02-02T15:23:59.514+0000] {logging_mixin.py:188} INFO - [2024-02-02T15:23:59.513+0000] {dagbag.py:538} INFO - Filling up the DagBag from /home/airflow/.local/lib/python3.8/site-packages/airflow/example_dags/example_xcomargs.py
[2024-02-02T15:23:59.526+0000] {processor.py:840} INFO - DAG(s) 'example_xcom_args_with_operators', 'example_xcom_args' retrieved from /home/airflow/.local/lib/python3.8/site-packages/airflow/example_dags/example_xcomargs.py
[2024-02-02T15:23:59.560+0000] {logging_mixin.py:188} INFO - [2024-02-02T15:23:59.559+0000] {dag.py:3036} INFO - Sync 2 DAGs
[2024-02-02T15:23:59.596+0000] {logging_mixin.py:188} INFO - [2024-02-02T15:23:59.596+0000] {dag.py:3823} INFO - Setting next_dagrun for example_xcom_args to None, run_after=None
[2024-02-02T15:23:59.623+0000] {logging_mixin.py:188} INFO - [2024-02-02T15:23:59.623+0000] {dag.py:3823} INFO - Setting next_dagrun for example_xcom_args_with_operators to None, run_after=None
[2024-02-02T15:23:59.670+0000] {processor.py:183} INFO - Processing /home/airflow/.local/lib/python3.8/site-packages/airflow/example_dags/example_xcomargs.py took 0.165 seconds
[2024-02-02T15:24:29.716+0000] {processor.py:161} INFO - Started process (PID=5762) to work on /home/airflow/.local/lib/python3.8/site-packages/airflow/example_dags/example_xcomargs.py
[2024-02-02T15:24:29.718+0000] {processor.py:830} INFO - Processing file /home/airflow/.local/lib/python3.8/site-packages/airflow/example_dags/example_xcomargs.py for tasks to queue
[2024-02-02T15:24:29.719+0000] {logging_mixin.py:188} INFO - [2024-02-02T15:24:29.719+0000] {dagbag.py:538} INFO - Filling up the DagBag from /home/airflow/.local/lib/python3.8/site-packages/airflow/example_dags/example_xcomargs.py
[2024-02-02T15:24:29.728+0000] {processor.py:840} INFO - DAG(s) 'example_xcom_args', 'example_xcom_args_with_operators' retrieved from /home/airflow/.local/lib/python3.8/site-packages/airflow/example_dags/example_xcomargs.py
[2024-02-02T15:24:29.756+0000] {logging_mixin.py:188} INFO - [2024-02-02T15:24:29.756+0000] {dag.py:3036} INFO - Sync 2 DAGs
[2024-02-02T15:24:29.771+0000] {logging_mixin.py:188} INFO - [2024-02-02T15:24:29.770+0000] {dag.py:3823} INFO - Setting next_dagrun for example_xcom_args to None, run_after=None
[2024-02-02T15:24:29.775+0000] {logging_mixin.py:188} INFO - [2024-02-02T15:24:29.775+0000] {dag.py:3823} INFO - Setting next_dagrun for example_xcom_args_with_operators to None, run_after=None
[2024-02-02T15:24:29.796+0000] {processor.py:183} INFO - Processing /home/airflow/.local/lib/python3.8/site-packages/airflow/example_dags/example_xcomargs.py took 0.083 seconds
[2024-02-02T15:25:00.749+0000] {processor.py:161} INFO - Started process (PID=6009) to work on /home/airflow/.local/lib/python3.8/site-packages/airflow/example_dags/example_xcomargs.py
[2024-02-02T15:25:00.751+0000] {processor.py:830} INFO - Processing file /home/airflow/.local/lib/python3.8/site-packages/airflow/example_dags/example_xcomargs.py for tasks to queue
[2024-02-02T15:25:00.753+0000] {logging_mixin.py:188} INFO - [2024-02-02T15:25:00.752+0000] {dagbag.py:538} INFO - Filling up the DagBag from /home/airflow/.local/lib/python3.8/site-packages/airflow/example_dags/example_xcomargs.py
[2024-02-02T15:25:00.764+0000] {processor.py:840} INFO - DAG(s) 'example_xcom_args_with_operators', 'example_xcom_args' retrieved from /home/airflow/.local/lib/python3.8/site-packages/airflow/example_dags/example_xcomargs.py
[2024-02-02T15:25:00.795+0000] {logging_mixin.py:188} INFO - [2024-02-02T15:25:00.794+0000] {dag.py:3036} INFO - Sync 2 DAGs
[2024-02-02T15:25:00.810+0000] {logging_mixin.py:188} INFO - [2024-02-02T15:25:00.810+0000] {dag.py:3823} INFO - Setting next_dagrun for example_xcom_args to None, run_after=None
[2024-02-02T15:25:00.816+0000] {logging_mixin.py:188} INFO - [2024-02-02T15:25:00.815+0000] {dag.py:3823} INFO - Setting next_dagrun for example_xcom_args_with_operators to None, run_after=None
[2024-02-02T15:25:00.837+0000] {processor.py:183} INFO - Processing /home/airflow/.local/lib/python3.8/site-packages/airflow/example_dags/example_xcomargs.py took 0.093 seconds
[2024-02-02T15:25:31.138+0000] {processor.py:161} INFO - Started process (PID=6256) to work on /home/airflow/.local/lib/python3.8/site-packages/airflow/example_dags/example_xcomargs.py
[2024-02-02T15:25:31.140+0000] {processor.py:830} INFO - Processing file /home/airflow/.local/lib/python3.8/site-packages/airflow/example_dags/example_xcomargs.py for tasks to queue
[2024-02-02T15:25:31.141+0000] {logging_mixin.py:188} INFO - [2024-02-02T15:25:31.141+0000] {dagbag.py:538} INFO - Filling up the DagBag from /home/airflow/.local/lib/python3.8/site-packages/airflow/example_dags/example_xcomargs.py
[2024-02-02T15:25:31.155+0000] {processor.py:840} INFO - DAG(s) 'example_xcom_args', 'example_xcom_args_with_operators' retrieved from /home/airflow/.local/lib/python3.8/site-packages/airflow/example_dags/example_xcomargs.py
[2024-02-02T15:25:31.192+0000] {logging_mixin.py:188} INFO - [2024-02-02T15:25:31.191+0000] {dag.py:3036} INFO - Sync 2 DAGs
[2024-02-02T15:25:31.211+0000] {logging_mixin.py:188} INFO - [2024-02-02T15:25:31.211+0000] {dag.py:3823} INFO - Setting next_dagrun for example_xcom_args to None, run_after=None
[2024-02-02T15:25:31.217+0000] {logging_mixin.py:188} INFO - [2024-02-02T15:25:31.217+0000] {dag.py:3823} INFO - Setting next_dagrun for example_xcom_args_with_operators to None, run_after=None
[2024-02-02T15:25:31.245+0000] {processor.py:183} INFO - Processing /home/airflow/.local/lib/python3.8/site-packages/airflow/example_dags/example_xcomargs.py took 0.112 seconds
[2024-02-02T15:26:01.821+0000] {processor.py:161} INFO - Started process (PID=6503) to work on /home/airflow/.local/lib/python3.8/site-packages/airflow/example_dags/example_xcomargs.py
[2024-02-02T15:26:01.823+0000] {processor.py:830} INFO - Processing file /home/airflow/.local/lib/python3.8/site-packages/airflow/example_dags/example_xcomargs.py for tasks to queue
[2024-02-02T15:26:01.824+0000] {logging_mixin.py:188} INFO - [2024-02-02T15:26:01.824+0000] {dagbag.py:538} INFO - Filling up the DagBag from /home/airflow/.local/lib/python3.8/site-packages/airflow/example_dags/example_xcomargs.py
[2024-02-02T15:26:01.835+0000] {processor.py:840} INFO - DAG(s) 'example_xcom_args_with_operators', 'example_xcom_args' retrieved from /home/airflow/.local/lib/python3.8/site-packages/airflow/example_dags/example_xcomargs.py
[2024-02-02T15:26:01.865+0000] {logging_mixin.py:188} INFO - [2024-02-02T15:26:01.865+0000] {dag.py:3036} INFO - Sync 2 DAGs
[2024-02-02T15:26:01.881+0000] {logging_mixin.py:188} INFO - [2024-02-02T15:26:01.881+0000] {dag.py:3823} INFO - Setting next_dagrun for example_xcom_args to None, run_after=None
[2024-02-02T15:26:01.886+0000] {logging_mixin.py:188} INFO - [2024-02-02T15:26:01.886+0000] {dag.py:3823} INFO - Setting next_dagrun for example_xcom_args_with_operators to None, run_after=None
[2024-02-02T15:26:01.909+0000] {processor.py:183} INFO - Processing /home/airflow/.local/lib/python3.8/site-packages/airflow/example_dags/example_xcomargs.py took 0.092 seconds
[2024-02-02T15:26:32.519+0000] {processor.py:161} INFO - Started process (PID=6750) to work on /home/airflow/.local/lib/python3.8/site-packages/airflow/example_dags/example_xcomargs.py
[2024-02-02T15:26:32.521+0000] {processor.py:830} INFO - Processing file /home/airflow/.local/lib/python3.8/site-packages/airflow/example_dags/example_xcomargs.py for tasks to queue
[2024-02-02T15:26:32.522+0000] {logging_mixin.py:188} INFO - [2024-02-02T15:26:32.522+0000] {dagbag.py:538} INFO - Filling up the DagBag from /home/airflow/.local/lib/python3.8/site-packages/airflow/example_dags/example_xcomargs.py
[2024-02-02T15:26:32.533+0000] {processor.py:840} INFO - DAG(s) 'example_xcom_args', 'example_xcom_args_with_operators' retrieved from /home/airflow/.local/lib/python3.8/site-packages/airflow/example_dags/example_xcomargs.py
[2024-02-02T15:26:32.564+0000] {logging_mixin.py:188} INFO - [2024-02-02T15:26:32.564+0000] {dag.py:3036} INFO - Sync 2 DAGs
[2024-02-02T15:26:32.580+0000] {logging_mixin.py:188} INFO - [2024-02-02T15:26:32.579+0000] {dag.py:3823} INFO - Setting next_dagrun for example_xcom_args to None, run_after=None
[2024-02-02T15:26:32.585+0000] {logging_mixin.py:188} INFO - [2024-02-02T15:26:32.585+0000] {dag.py:3823} INFO - Setting next_dagrun for example_xcom_args_with_operators to None, run_after=None
[2024-02-02T15:26:32.608+0000] {processor.py:183} INFO - Processing /home/airflow/.local/lib/python3.8/site-packages/airflow/example_dags/example_xcomargs.py took 0.093 seconds
[2024-02-02T15:27:02.745+0000] {processor.py:161} INFO - Started process (PID=6997) to work on /home/airflow/.local/lib/python3.8/site-packages/airflow/example_dags/example_xcomargs.py
[2024-02-02T15:27:02.746+0000] {processor.py:830} INFO - Processing file /home/airflow/.local/lib/python3.8/site-packages/airflow/example_dags/example_xcomargs.py for tasks to queue
[2024-02-02T15:27:02.748+0000] {logging_mixin.py:188} INFO - [2024-02-02T15:27:02.747+0000] {dagbag.py:538} INFO - Filling up the DagBag from /home/airflow/.local/lib/python3.8/site-packages/airflow/example_dags/example_xcomargs.py
[2024-02-02T15:27:02.757+0000] {processor.py:840} INFO - DAG(s) 'example_xcom_args_with_operators', 'example_xcom_args' retrieved from /home/airflow/.local/lib/python3.8/site-packages/airflow/example_dags/example_xcomargs.py
[2024-02-02T15:27:02.787+0000] {logging_mixin.py:188} INFO - [2024-02-02T15:27:02.787+0000] {dag.py:3036} INFO - Sync 2 DAGs
[2024-02-02T15:27:02.803+0000] {logging_mixin.py:188} INFO - [2024-02-02T15:27:02.803+0000] {dag.py:3823} INFO - Setting next_dagrun for example_xcom_args to None, run_after=None
[2024-02-02T15:27:02.810+0000] {logging_mixin.py:188} INFO - [2024-02-02T15:27:02.810+0000] {dag.py:3823} INFO - Setting next_dagrun for example_xcom_args_with_operators to None, run_after=None
[2024-02-02T15:27:02.840+0000] {processor.py:183} INFO - Processing /home/airflow/.local/lib/python3.8/site-packages/airflow/example_dags/example_xcomargs.py took 0.100 seconds
[2024-02-02T15:27:33.596+0000] {processor.py:161} INFO - Started process (PID=7244) to work on /home/airflow/.local/lib/python3.8/site-packages/airflow/example_dags/example_xcomargs.py
[2024-02-02T15:27:33.598+0000] {processor.py:830} INFO - Processing file /home/airflow/.local/lib/python3.8/site-packages/airflow/example_dags/example_xcomargs.py for tasks to queue
[2024-02-02T15:27:33.600+0000] {logging_mixin.py:188} INFO - [2024-02-02T15:27:33.599+0000] {dagbag.py:538} INFO - Filling up the DagBag from /home/airflow/.local/lib/python3.8/site-packages/airflow/example_dags/example_xcomargs.py
[2024-02-02T15:27:33.610+0000] {processor.py:840} INFO - DAG(s) 'example_xcom_args', 'example_xcom_args_with_operators' retrieved from /home/airflow/.local/lib/python3.8/site-packages/airflow/example_dags/example_xcomargs.py
[2024-02-02T15:27:33.647+0000] {logging_mixin.py:188} INFO - [2024-02-02T15:27:33.647+0000] {dag.py:3036} INFO - Sync 2 DAGs
[2024-02-02T15:27:33.665+0000] {logging_mixin.py:188} INFO - [2024-02-02T15:27:33.665+0000] {dag.py:3823} INFO - Setting next_dagrun for example_xcom_args to None, run_after=None
[2024-02-02T15:27:33.670+0000] {logging_mixin.py:188} INFO - [2024-02-02T15:27:33.670+0000] {dag.py:3823} INFO - Setting next_dagrun for example_xcom_args_with_operators to None, run_after=None
[2024-02-02T15:27:33.693+0000] {processor.py:183} INFO - Processing /home/airflow/.local/lib/python3.8/site-packages/airflow/example_dags/example_xcomargs.py took 0.102 seconds
[2024-02-02T15:28:03.924+0000] {processor.py:161} INFO - Started process (PID=7491) to work on /home/airflow/.local/lib/python3.8/site-packages/airflow/example_dags/example_xcomargs.py
[2024-02-02T15:28:03.925+0000] {processor.py:830} INFO - Processing file /home/airflow/.local/lib/python3.8/site-packages/airflow/example_dags/example_xcomargs.py for tasks to queue
[2024-02-02T15:28:03.927+0000] {logging_mixin.py:188} INFO - [2024-02-02T15:28:03.926+0000] {dagbag.py:538} INFO - Filling up the DagBag from /home/airflow/.local/lib/python3.8/site-packages/airflow/example_dags/example_xcomargs.py
[2024-02-02T15:28:03.937+0000] {processor.py:840} INFO - DAG(s) 'example_xcom_args_with_operators', 'example_xcom_args' retrieved from /home/airflow/.local/lib/python3.8/site-packages/airflow/example_dags/example_xcomargs.py
[2024-02-02T15:28:03.968+0000] {logging_mixin.py:188} INFO - [2024-02-02T15:28:03.968+0000] {dag.py:3036} INFO - Sync 2 DAGs
[2024-02-02T15:28:03.984+0000] {logging_mixin.py:188} INFO - [2024-02-02T15:28:03.983+0000] {dag.py:3823} INFO - Setting next_dagrun for example_xcom_args to None, run_after=None
[2024-02-02T15:28:03.989+0000] {logging_mixin.py:188} INFO - [2024-02-02T15:28:03.989+0000] {dag.py:3823} INFO - Setting next_dagrun for example_xcom_args_with_operators to None, run_after=None
[2024-02-02T15:28:04.011+0000] {processor.py:183} INFO - Processing /home/airflow/.local/lib/python3.8/site-packages/airflow/example_dags/example_xcomargs.py took 0.092 seconds
[2024-02-02T15:28:34.322+0000] {processor.py:161} INFO - Started process (PID=7738) to work on /home/airflow/.local/lib/python3.8/site-packages/airflow/example_dags/example_xcomargs.py
[2024-02-02T15:28:34.323+0000] {processor.py:830} INFO - Processing file /home/airflow/.local/lib/python3.8/site-packages/airflow/example_dags/example_xcomargs.py for tasks to queue
[2024-02-02T15:28:34.324+0000] {logging_mixin.py:188} INFO - [2024-02-02T15:28:34.324+0000] {dagbag.py:538} INFO - Filling up the DagBag from /home/airflow/.local/lib/python3.8/site-packages/airflow/example_dags/example_xcomargs.py
[2024-02-02T15:28:34.333+0000] {processor.py:840} INFO - DAG(s) 'example_xcom_args_with_operators', 'example_xcom_args' retrieved from /home/airflow/.local/lib/python3.8/site-packages/airflow/example_dags/example_xcomargs.py
[2024-02-02T15:28:34.360+0000] {logging_mixin.py:188} INFO - [2024-02-02T15:28:34.360+0000] {dag.py:3036} INFO - Sync 2 DAGs
[2024-02-02T15:28:34.376+0000] {logging_mixin.py:188} INFO - [2024-02-02T15:28:34.375+0000] {dag.py:3823} INFO - Setting next_dagrun for example_xcom_args to None, run_after=None
[2024-02-02T15:28:34.380+0000] {logging_mixin.py:188} INFO - [2024-02-02T15:28:34.380+0000] {dag.py:3823} INFO - Setting next_dagrun for example_xcom_args_with_operators to None, run_after=None
[2024-02-02T15:28:34.401+0000] {processor.py:183} INFO - Processing /home/airflow/.local/lib/python3.8/site-packages/airflow/example_dags/example_xcomargs.py took 0.083 seconds
[2024-02-02T15:29:04.705+0000] {processor.py:161} INFO - Started process (PID=7985) to work on /home/airflow/.local/lib/python3.8/site-packages/airflow/example_dags/example_xcomargs.py
[2024-02-02T15:29:04.706+0000] {processor.py:830} INFO - Processing file /home/airflow/.local/lib/python3.8/site-packages/airflow/example_dags/example_xcomargs.py for tasks to queue
[2024-02-02T15:29:04.708+0000] {logging_mixin.py:188} INFO - [2024-02-02T15:29:04.708+0000] {dagbag.py:538} INFO - Filling up the DagBag from /home/airflow/.local/lib/python3.8/site-packages/airflow/example_dags/example_xcomargs.py
[2024-02-02T15:29:04.718+0000] {processor.py:840} INFO - DAG(s) 'example_xcom_args', 'example_xcom_args_with_operators' retrieved from /home/airflow/.local/lib/python3.8/site-packages/airflow/example_dags/example_xcomargs.py
[2024-02-02T15:29:04.748+0000] {logging_mixin.py:188} INFO - [2024-02-02T15:29:04.748+0000] {dag.py:3036} INFO - Sync 2 DAGs
[2024-02-02T15:29:04.763+0000] {logging_mixin.py:188} INFO - [2024-02-02T15:29:04.763+0000] {dag.py:3823} INFO - Setting next_dagrun for example_xcom_args to None, run_after=None
[2024-02-02T15:29:04.769+0000] {logging_mixin.py:188} INFO - [2024-02-02T15:29:04.769+0000] {dag.py:3823} INFO - Setting next_dagrun for example_xcom_args_with_operators to None, run_after=None
[2024-02-02T15:29:04.790+0000] {processor.py:183} INFO - Processing /home/airflow/.local/lib/python3.8/site-packages/airflow/example_dags/example_xcomargs.py took 0.090 seconds
[2024-02-02T15:29:35.026+0000] {processor.py:161} INFO - Started process (PID=8232) to work on /home/airflow/.local/lib/python3.8/site-packages/airflow/example_dags/example_xcomargs.py
[2024-02-02T15:29:35.027+0000] {processor.py:830} INFO - Processing file /home/airflow/.local/lib/python3.8/site-packages/airflow/example_dags/example_xcomargs.py for tasks to queue
[2024-02-02T15:29:35.029+0000] {logging_mixin.py:188} INFO - [2024-02-02T15:29:35.028+0000] {dagbag.py:538} INFO - Filling up the DagBag from /home/airflow/.local/lib/python3.8/site-packages/airflow/example_dags/example_xcomargs.py
[2024-02-02T15:29:35.041+0000] {processor.py:840} INFO - DAG(s) 'example_xcom_args_with_operators', 'example_xcom_args' retrieved from /home/airflow/.local/lib/python3.8/site-packages/airflow/example_dags/example_xcomargs.py
[2024-02-02T15:29:35.075+0000] {logging_mixin.py:188} INFO - [2024-02-02T15:29:35.075+0000] {dag.py:3036} INFO - Sync 2 DAGs
[2024-02-02T15:29:35.090+0000] {logging_mixin.py:188} INFO - [2024-02-02T15:29:35.090+0000] {dag.py:3823} INFO - Setting next_dagrun for example_xcom_args to None, run_after=None
[2024-02-02T15:29:35.095+0000] {logging_mixin.py:188} INFO - [2024-02-02T15:29:35.095+0000] {dag.py:3823} INFO - Setting next_dagrun for example_xcom_args_with_operators to None, run_after=None
[2024-02-02T15:29:35.117+0000] {processor.py:183} INFO - Processing /home/airflow/.local/lib/python3.8/site-packages/airflow/example_dags/example_xcomargs.py took 0.096 seconds
[2024-02-02T15:30:05.685+0000] {processor.py:161} INFO - Started process (PID=8479) to work on /home/airflow/.local/lib/python3.8/site-packages/airflow/example_dags/example_xcomargs.py
[2024-02-02T15:30:05.686+0000] {processor.py:830} INFO - Processing file /home/airflow/.local/lib/python3.8/site-packages/airflow/example_dags/example_xcomargs.py for tasks to queue
[2024-02-02T15:30:05.688+0000] {logging_mixin.py:188} INFO - [2024-02-02T15:30:05.687+0000] {dagbag.py:538} INFO - Filling up the DagBag from /home/airflow/.local/lib/python3.8/site-packages/airflow/example_dags/example_xcomargs.py
[2024-02-02T15:30:05.698+0000] {processor.py:840} INFO - DAG(s) 'example_xcom_args', 'example_xcom_args_with_operators' retrieved from /home/airflow/.local/lib/python3.8/site-packages/airflow/example_dags/example_xcomargs.py
[2024-02-02T15:30:05.728+0000] {logging_mixin.py:188} INFO - [2024-02-02T15:30:05.728+0000] {dag.py:3036} INFO - Sync 2 DAGs
[2024-02-02T15:30:05.744+0000] {logging_mixin.py:188} INFO - [2024-02-02T15:30:05.744+0000] {dag.py:3823} INFO - Setting next_dagrun for example_xcom_args to None, run_after=None
[2024-02-02T15:30:05.749+0000] {logging_mixin.py:188} INFO - [2024-02-02T15:30:05.749+0000] {dag.py:3823} INFO - Setting next_dagrun for example_xcom_args_with_operators to None, run_after=None
[2024-02-02T15:30:05.772+0000] {processor.py:183} INFO - Processing /home/airflow/.local/lib/python3.8/site-packages/airflow/example_dags/example_xcomargs.py took 0.091 seconds
[2024-02-02T15:30:35.882+0000] {processor.py:161} INFO - Started process (PID=8726) to work on /home/airflow/.local/lib/python3.8/site-packages/airflow/example_dags/example_xcomargs.py
[2024-02-02T15:30:35.883+0000] {processor.py:830} INFO - Processing file /home/airflow/.local/lib/python3.8/site-packages/airflow/example_dags/example_xcomargs.py for tasks to queue
[2024-02-02T15:30:35.885+0000] {logging_mixin.py:188} INFO - [2024-02-02T15:30:35.884+0000] {dagbag.py:538} INFO - Filling up the DagBag from /home/airflow/.local/lib/python3.8/site-packages/airflow/example_dags/example_xcomargs.py
[2024-02-02T15:30:35.896+0000] {processor.py:840} INFO - DAG(s) 'example_xcom_args', 'example_xcom_args_with_operators' retrieved from /home/airflow/.local/lib/python3.8/site-packages/airflow/example_dags/example_xcomargs.py
[2024-02-02T15:30:35.927+0000] {logging_mixin.py:188} INFO - [2024-02-02T15:30:35.926+0000] {dag.py:3036} INFO - Sync 2 DAGs
[2024-02-02T15:30:35.943+0000] {logging_mixin.py:188} INFO - [2024-02-02T15:30:35.943+0000] {dag.py:3823} INFO - Setting next_dagrun for example_xcom_args to None, run_after=None
[2024-02-02T15:30:35.948+0000] {logging_mixin.py:188} INFO - [2024-02-02T15:30:35.947+0000] {dag.py:3823} INFO - Setting next_dagrun for example_xcom_args_with_operators to None, run_after=None
[2024-02-02T15:30:35.970+0000] {processor.py:183} INFO - Processing /home/airflow/.local/lib/python3.8/site-packages/airflow/example_dags/example_xcomargs.py took 0.092 seconds
[2024-02-02T15:31:06.276+0000] {processor.py:161} INFO - Started process (PID=8973) to work on /home/airflow/.local/lib/python3.8/site-packages/airflow/example_dags/example_xcomargs.py
[2024-02-02T15:31:06.278+0000] {processor.py:830} INFO - Processing file /home/airflow/.local/lib/python3.8/site-packages/airflow/example_dags/example_xcomargs.py for tasks to queue
[2024-02-02T15:31:06.279+0000] {logging_mixin.py:188} INFO - [2024-02-02T15:31:06.278+0000] {dagbag.py:538} INFO - Filling up the DagBag from /home/airflow/.local/lib/python3.8/site-packages/airflow/example_dags/example_xcomargs.py
[2024-02-02T15:31:06.289+0000] {processor.py:840} INFO - DAG(s) 'example_xcom_args_with_operators', 'example_xcom_args' retrieved from /home/airflow/.local/lib/python3.8/site-packages/airflow/example_dags/example_xcomargs.py
[2024-02-02T15:31:06.320+0000] {logging_mixin.py:188} INFO - [2024-02-02T15:31:06.320+0000] {dag.py:3036} INFO - Sync 2 DAGs
[2024-02-02T15:31:06.337+0000] {logging_mixin.py:188} INFO - [2024-02-02T15:31:06.336+0000] {dag.py:3823} INFO - Setting next_dagrun for example_xcom_args to None, run_after=None
[2024-02-02T15:31:06.342+0000] {logging_mixin.py:188} INFO - [2024-02-02T15:31:06.341+0000] {dag.py:3823} INFO - Setting next_dagrun for example_xcom_args_with_operators to None, run_after=None
[2024-02-02T15:31:06.364+0000] {processor.py:183} INFO - Processing /home/airflow/.local/lib/python3.8/site-packages/airflow/example_dags/example_xcomargs.py took 0.092 seconds
[2024-02-02T15:31:36.607+0000] {processor.py:161} INFO - Started process (PID=9220) to work on /home/airflow/.local/lib/python3.8/site-packages/airflow/example_dags/example_xcomargs.py
[2024-02-02T15:31:36.609+0000] {processor.py:830} INFO - Processing file /home/airflow/.local/lib/python3.8/site-packages/airflow/example_dags/example_xcomargs.py for tasks to queue
[2024-02-02T15:31:36.611+0000] {logging_mixin.py:188} INFO - [2024-02-02T15:31:36.610+0000] {dagbag.py:538} INFO - Filling up the DagBag from /home/airflow/.local/lib/python3.8/site-packages/airflow/example_dags/example_xcomargs.py
[2024-02-02T15:31:36.620+0000] {processor.py:840} INFO - DAG(s) 'example_xcom_args_with_operators', 'example_xcom_args' retrieved from /home/airflow/.local/lib/python3.8/site-packages/airflow/example_dags/example_xcomargs.py
[2024-02-02T15:31:36.653+0000] {logging_mixin.py:188} INFO - [2024-02-02T15:31:36.653+0000] {dag.py:3036} INFO - Sync 2 DAGs
[2024-02-02T15:31:36.672+0000] {logging_mixin.py:188} INFO - [2024-02-02T15:31:36.671+0000] {dag.py:3823} INFO - Setting next_dagrun for example_xcom_args to None, run_after=None
[2024-02-02T15:31:36.678+0000] {logging_mixin.py:188} INFO - [2024-02-02T15:31:36.677+0000] {dag.py:3823} INFO - Setting next_dagrun for example_xcom_args_with_operators to None, run_after=None
[2024-02-02T15:31:36.699+0000] {processor.py:183} INFO - Processing /home/airflow/.local/lib/python3.8/site-packages/airflow/example_dags/example_xcomargs.py took 0.097 seconds
[2024-02-02T15:32:06.877+0000] {processor.py:161} INFO - Started process (PID=9467) to work on /home/airflow/.local/lib/python3.8/site-packages/airflow/example_dags/example_xcomargs.py
[2024-02-02T15:32:06.878+0000] {processor.py:830} INFO - Processing file /home/airflow/.local/lib/python3.8/site-packages/airflow/example_dags/example_xcomargs.py for tasks to queue
[2024-02-02T15:32:06.880+0000] {logging_mixin.py:188} INFO - [2024-02-02T15:32:06.880+0000] {dagbag.py:538} INFO - Filling up the DagBag from /home/airflow/.local/lib/python3.8/site-packages/airflow/example_dags/example_xcomargs.py
[2024-02-02T15:32:06.889+0000] {processor.py:840} INFO - DAG(s) 'example_xcom_args_with_operators', 'example_xcom_args' retrieved from /home/airflow/.local/lib/python3.8/site-packages/airflow/example_dags/example_xcomargs.py
[2024-02-02T15:32:06.919+0000] {logging_mixin.py:188} INFO - [2024-02-02T15:32:06.919+0000] {dag.py:3036} INFO - Sync 2 DAGs
[2024-02-02T15:32:06.935+0000] {logging_mixin.py:188} INFO - [2024-02-02T15:32:06.935+0000] {dag.py:3823} INFO - Setting next_dagrun for example_xcom_args to None, run_after=None
[2024-02-02T15:32:06.940+0000] {logging_mixin.py:188} INFO - [2024-02-02T15:32:06.939+0000] {dag.py:3823} INFO - Setting next_dagrun for example_xcom_args_with_operators to None, run_after=None
[2024-02-02T15:32:06.961+0000] {processor.py:183} INFO - Processing /home/airflow/.local/lib/python3.8/site-packages/airflow/example_dags/example_xcomargs.py took 0.089 seconds
[2024-02-02T15:32:37.147+0000] {processor.py:161} INFO - Started process (PID=9714) to work on /home/airflow/.local/lib/python3.8/site-packages/airflow/example_dags/example_xcomargs.py
[2024-02-02T15:32:37.148+0000] {processor.py:830} INFO - Processing file /home/airflow/.local/lib/python3.8/site-packages/airflow/example_dags/example_xcomargs.py for tasks to queue
[2024-02-02T15:32:37.150+0000] {logging_mixin.py:188} INFO - [2024-02-02T15:32:37.150+0000] {dagbag.py:538} INFO - Filling up the DagBag from /home/airflow/.local/lib/python3.8/site-packages/airflow/example_dags/example_xcomargs.py
[2024-02-02T15:32:37.159+0000] {processor.py:840} INFO - DAG(s) 'example_xcom_args', 'example_xcom_args_with_operators' retrieved from /home/airflow/.local/lib/python3.8/site-packages/airflow/example_dags/example_xcomargs.py
[2024-02-02T15:32:37.189+0000] {logging_mixin.py:188} INFO - [2024-02-02T15:32:37.189+0000] {dag.py:3036} INFO - Sync 2 DAGs
[2024-02-02T15:32:37.205+0000] {logging_mixin.py:188} INFO - [2024-02-02T15:32:37.205+0000] {dag.py:3823} INFO - Setting next_dagrun for example_xcom_args to None, run_after=None
[2024-02-02T15:32:37.210+0000] {logging_mixin.py:188} INFO - [2024-02-02T15:32:37.210+0000] {dag.py:3823} INFO - Setting next_dagrun for example_xcom_args_with_operators to None, run_after=None
[2024-02-02T15:32:37.236+0000] {processor.py:183} INFO - Processing /home/airflow/.local/lib/python3.8/site-packages/airflow/example_dags/example_xcomargs.py took 0.093 seconds
[2024-02-02T15:33:08.090+0000] {processor.py:161} INFO - Started process (PID=9959) to work on /home/airflow/.local/lib/python3.8/site-packages/airflow/example_dags/example_xcomargs.py
[2024-02-02T15:33:08.092+0000] {processor.py:830} INFO - Processing file /home/airflow/.local/lib/python3.8/site-packages/airflow/example_dags/example_xcomargs.py for tasks to queue
[2024-02-02T15:33:08.093+0000] {logging_mixin.py:188} INFO - [2024-02-02T15:33:08.093+0000] {dagbag.py:538} INFO - Filling up the DagBag from /home/airflow/.local/lib/python3.8/site-packages/airflow/example_dags/example_xcomargs.py
[2024-02-02T15:33:08.104+0000] {processor.py:840} INFO - DAG(s) 'example_xcom_args', 'example_xcom_args_with_operators' retrieved from /home/airflow/.local/lib/python3.8/site-packages/airflow/example_dags/example_xcomargs.py
[2024-02-02T15:33:08.140+0000] {logging_mixin.py:188} INFO - [2024-02-02T15:33:08.139+0000] {dag.py:3036} INFO - Sync 2 DAGs
[2024-02-02T15:33:08.161+0000] {logging_mixin.py:188} INFO - [2024-02-02T15:33:08.160+0000] {dag.py:3823} INFO - Setting next_dagrun for example_xcom_args to None, run_after=None
[2024-02-02T15:33:08.167+0000] {logging_mixin.py:188} INFO - [2024-02-02T15:33:08.167+0000] {dag.py:3823} INFO - Setting next_dagrun for example_xcom_args_with_operators to None, run_after=None
[2024-02-02T15:33:08.200+0000] {processor.py:183} INFO - Processing /home/airflow/.local/lib/python3.8/site-packages/airflow/example_dags/example_xcomargs.py took 0.114 seconds
[2024-02-02T15:33:38.912+0000] {processor.py:161} INFO - Started process (PID=10208) to work on /home/airflow/.local/lib/python3.8/site-packages/airflow/example_dags/example_xcomargs.py
[2024-02-02T15:33:38.913+0000] {processor.py:830} INFO - Processing file /home/airflow/.local/lib/python3.8/site-packages/airflow/example_dags/example_xcomargs.py for tasks to queue
[2024-02-02T15:33:38.915+0000] {logging_mixin.py:188} INFO - [2024-02-02T15:33:38.914+0000] {dagbag.py:538} INFO - Filling up the DagBag from /home/airflow/.local/lib/python3.8/site-packages/airflow/example_dags/example_xcomargs.py
[2024-02-02T15:33:38.927+0000] {processor.py:840} INFO - DAG(s) 'example_xcom_args', 'example_xcom_args_with_operators' retrieved from /home/airflow/.local/lib/python3.8/site-packages/airflow/example_dags/example_xcomargs.py
[2024-02-02T15:33:38.963+0000] {logging_mixin.py:188} INFO - [2024-02-02T15:33:38.963+0000] {dag.py:3036} INFO - Sync 2 DAGs
[2024-02-02T15:33:38.979+0000] {logging_mixin.py:188} INFO - [2024-02-02T15:33:38.979+0000] {dag.py:3823} INFO - Setting next_dagrun for example_xcom_args to None, run_after=None
[2024-02-02T15:33:38.985+0000] {logging_mixin.py:188} INFO - [2024-02-02T15:33:38.984+0000] {dag.py:3823} INFO - Setting next_dagrun for example_xcom_args_with_operators to None, run_after=None
[2024-02-02T15:33:39.009+0000] {processor.py:183} INFO - Processing /home/airflow/.local/lib/python3.8/site-packages/airflow/example_dags/example_xcomargs.py took 0.102 seconds
[2024-02-02T15:34:09.062+0000] {processor.py:161} INFO - Started process (PID=10455) to work on /home/airflow/.local/lib/python3.8/site-packages/airflow/example_dags/example_xcomargs.py
[2024-02-02T15:34:09.063+0000] {processor.py:830} INFO - Processing file /home/airflow/.local/lib/python3.8/site-packages/airflow/example_dags/example_xcomargs.py for tasks to queue
[2024-02-02T15:34:09.064+0000] {logging_mixin.py:188} INFO - [2024-02-02T15:34:09.064+0000] {dagbag.py:538} INFO - Filling up the DagBag from /home/airflow/.local/lib/python3.8/site-packages/airflow/example_dags/example_xcomargs.py
[2024-02-02T15:34:09.074+0000] {processor.py:840} INFO - DAG(s) 'example_xcom_args_with_operators', 'example_xcom_args' retrieved from /home/airflow/.local/lib/python3.8/site-packages/airflow/example_dags/example_xcomargs.py
[2024-02-02T15:34:09.100+0000] {logging_mixin.py:188} INFO - [2024-02-02T15:34:09.099+0000] {dag.py:3036} INFO - Sync 2 DAGs
[2024-02-02T15:34:09.115+0000] {logging_mixin.py:188} INFO - [2024-02-02T15:34:09.114+0000] {dag.py:3823} INFO - Setting next_dagrun for example_xcom_args to None, run_after=None
[2024-02-02T15:34:09.119+0000] {logging_mixin.py:188} INFO - [2024-02-02T15:34:09.119+0000] {dag.py:3823} INFO - Setting next_dagrun for example_xcom_args_with_operators to None, run_after=None
[2024-02-02T15:34:09.141+0000] {processor.py:183} INFO - Processing /home/airflow/.local/lib/python3.8/site-packages/airflow/example_dags/example_xcomargs.py took 0.083 seconds
[2024-02-02T15:34:39.568+0000] {processor.py:161} INFO - Started process (PID=10702) to work on /home/airflow/.local/lib/python3.8/site-packages/airflow/example_dags/example_xcomargs.py
[2024-02-02T15:34:39.569+0000] {processor.py:830} INFO - Processing file /home/airflow/.local/lib/python3.8/site-packages/airflow/example_dags/example_xcomargs.py for tasks to queue
[2024-02-02T15:34:39.570+0000] {logging_mixin.py:188} INFO - [2024-02-02T15:34:39.570+0000] {dagbag.py:538} INFO - Filling up the DagBag from /home/airflow/.local/lib/python3.8/site-packages/airflow/example_dags/example_xcomargs.py
[2024-02-02T15:34:39.579+0000] {processor.py:840} INFO - DAG(s) 'example_xcom_args', 'example_xcom_args_with_operators' retrieved from /home/airflow/.local/lib/python3.8/site-packages/airflow/example_dags/example_xcomargs.py
[2024-02-02T15:34:39.608+0000] {logging_mixin.py:188} INFO - [2024-02-02T15:34:39.608+0000] {dag.py:3036} INFO - Sync 2 DAGs
[2024-02-02T15:34:39.622+0000] {logging_mixin.py:188} INFO - [2024-02-02T15:34:39.622+0000] {dag.py:3823} INFO - Setting next_dagrun for example_xcom_args to None, run_after=None
[2024-02-02T15:34:39.628+0000] {logging_mixin.py:188} INFO - [2024-02-02T15:34:39.627+0000] {dag.py:3823} INFO - Setting next_dagrun for example_xcom_args_with_operators to None, run_after=None
[2024-02-02T15:34:39.649+0000] {processor.py:183} INFO - Processing /home/airflow/.local/lib/python3.8/site-packages/airflow/example_dags/example_xcomargs.py took 0.085 seconds
[2024-02-02T15:35:10.417+0000] {processor.py:161} INFO - Started process (PID=10943) to work on /home/airflow/.local/lib/python3.8/site-packages/airflow/example_dags/example_xcomargs.py
[2024-02-02T15:35:10.419+0000] {processor.py:830} INFO - Processing file /home/airflow/.local/lib/python3.8/site-packages/airflow/example_dags/example_xcomargs.py for tasks to queue
[2024-02-02T15:35:10.421+0000] {logging_mixin.py:188} INFO - [2024-02-02T15:35:10.420+0000] {dagbag.py:538} INFO - Filling up the DagBag from /home/airflow/.local/lib/python3.8/site-packages/airflow/example_dags/example_xcomargs.py
[2024-02-02T15:35:10.434+0000] {processor.py:840} INFO - DAG(s) 'example_xcom_args', 'example_xcom_args_with_operators' retrieved from /home/airflow/.local/lib/python3.8/site-packages/airflow/example_dags/example_xcomargs.py
[2024-02-02T15:35:10.476+0000] {logging_mixin.py:188} INFO - [2024-02-02T15:35:10.475+0000] {dag.py:3036} INFO - Sync 2 DAGs
[2024-02-02T15:35:10.547+0000] {logging_mixin.py:188} INFO - [2024-02-02T15:35:10.547+0000] {dag.py:3823} INFO - Setting next_dagrun for example_xcom_args to None, run_after=None
[2024-02-02T15:35:10.561+0000] {logging_mixin.py:188} INFO - [2024-02-02T15:35:10.560+0000] {dag.py:3823} INFO - Setting next_dagrun for example_xcom_args_with_operators to None, run_after=None
[2024-02-02T15:35:10.592+0000] {processor.py:183} INFO - Processing /home/airflow/.local/lib/python3.8/site-packages/airflow/example_dags/example_xcomargs.py took 0.180 seconds
[2024-02-02T15:35:41.489+0000] {processor.py:161} INFO - Started process (PID=11190) to work on /home/airflow/.local/lib/python3.8/site-packages/airflow/example_dags/example_xcomargs.py
[2024-02-02T15:35:41.491+0000] {processor.py:830} INFO - Processing file /home/airflow/.local/lib/python3.8/site-packages/airflow/example_dags/example_xcomargs.py for tasks to queue
[2024-02-02T15:35:41.492+0000] {logging_mixin.py:188} INFO - [2024-02-02T15:35:41.492+0000] {dagbag.py:538} INFO - Filling up the DagBag from /home/airflow/.local/lib/python3.8/site-packages/airflow/example_dags/example_xcomargs.py
[2024-02-02T15:35:41.505+0000] {processor.py:840} INFO - DAG(s) 'example_xcom_args_with_operators', 'example_xcom_args' retrieved from /home/airflow/.local/lib/python3.8/site-packages/airflow/example_dags/example_xcomargs.py
[2024-02-02T15:35:41.539+0000] {logging_mixin.py:188} INFO - [2024-02-02T15:35:41.539+0000] {dag.py:3036} INFO - Sync 2 DAGs
[2024-02-02T15:35:41.555+0000] {logging_mixin.py:188} INFO - [2024-02-02T15:35:41.555+0000] {dag.py:3823} INFO - Setting next_dagrun for example_xcom_args to None, run_after=None
[2024-02-02T15:35:41.561+0000] {logging_mixin.py:188} INFO - [2024-02-02T15:35:41.561+0000] {dag.py:3823} INFO - Setting next_dagrun for example_xcom_args_with_operators to None, run_after=None
[2024-02-02T15:35:41.584+0000] {processor.py:183} INFO - Processing /home/airflow/.local/lib/python3.8/site-packages/airflow/example_dags/example_xcomargs.py took 0.100 seconds
[2024-02-02T15:36:11.773+0000] {processor.py:161} INFO - Started process (PID=11437) to work on /home/airflow/.local/lib/python3.8/site-packages/airflow/example_dags/example_xcomargs.py
[2024-02-02T15:36:11.775+0000] {processor.py:830} INFO - Processing file /home/airflow/.local/lib/python3.8/site-packages/airflow/example_dags/example_xcomargs.py for tasks to queue
[2024-02-02T15:36:11.778+0000] {logging_mixin.py:188} INFO - [2024-02-02T15:36:11.777+0000] {dagbag.py:538} INFO - Filling up the DagBag from /home/airflow/.local/lib/python3.8/site-packages/airflow/example_dags/example_xcomargs.py
[2024-02-02T15:36:11.791+0000] {processor.py:840} INFO - DAG(s) 'example_xcom_args', 'example_xcom_args_with_operators' retrieved from /home/airflow/.local/lib/python3.8/site-packages/airflow/example_dags/example_xcomargs.py
[2024-02-02T15:36:11.836+0000] {logging_mixin.py:188} INFO - [2024-02-02T15:36:11.836+0000] {dag.py:3036} INFO - Sync 2 DAGs
[2024-02-02T15:36:11.859+0000] {logging_mixin.py:188} INFO - [2024-02-02T15:36:11.859+0000] {dag.py:3823} INFO - Setting next_dagrun for example_xcom_args to None, run_after=None
[2024-02-02T15:36:11.867+0000] {logging_mixin.py:188} INFO - [2024-02-02T15:36:11.866+0000] {dag.py:3823} INFO - Setting next_dagrun for example_xcom_args_with_operators to None, run_after=None
[2024-02-02T15:36:11.890+0000] {processor.py:183} INFO - Processing /home/airflow/.local/lib/python3.8/site-packages/airflow/example_dags/example_xcomargs.py took 0.121 seconds
