[2024-02-02T15:13:17.515+0000] {processor.py:161} INFO - Started process (PID=236) to work on /home/airflow/.local/lib/python3.8/site-packages/airflow/example_dags/example_latest_only.py
[2024-02-02T15:13:17.516+0000] {processor.py:830} INFO - Processing file /home/airflow/.local/lib/python3.8/site-packages/airflow/example_dags/example_latest_only.py for tasks to queue
[2024-02-02T15:13:17.518+0000] {logging_mixin.py:188} INFO - [2024-02-02T15:13:17.517+0000] {dagbag.py:538} INFO - Filling up the DagBag from /home/airflow/.local/lib/python3.8/site-packages/airflow/example_dags/example_latest_only.py
[2024-02-02T15:13:17.528+0000] {processor.py:840} INFO - DAG(s) 'latest_only' retrieved from /home/airflow/.local/lib/python3.8/site-packages/airflow/example_dags/example_latest_only.py
[2024-02-02T15:13:17.542+0000] {logging_mixin.py:188} INFO - [2024-02-02T15:13:17.542+0000] {dag.py:3036} INFO - Sync 1 DAGs
[2024-02-02T15:13:17.575+0000] {logging_mixin.py:188} INFO - [2024-02-02T15:13:17.575+0000] {dag.py:3823} INFO - Setting next_dagrun for latest_only to 2024-02-02 08:00:00+00:00, run_after=2024-02-02 12:00:00+00:00
[2024-02-02T15:13:17.600+0000] {processor.py:183} INFO - Processing /home/airflow/.local/lib/python3.8/site-packages/airflow/example_dags/example_latest_only.py took 0.090 seconds
[2024-02-02T15:13:49.075+0000] {processor.py:161} INFO - Started process (PID=483) to work on /home/airflow/.local/lib/python3.8/site-packages/airflow/example_dags/example_latest_only.py
[2024-02-02T15:13:49.077+0000] {processor.py:830} INFO - Processing file /home/airflow/.local/lib/python3.8/site-packages/airflow/example_dags/example_latest_only.py for tasks to queue
[2024-02-02T15:13:49.078+0000] {logging_mixin.py:188} INFO - [2024-02-02T15:13:49.078+0000] {dagbag.py:538} INFO - Filling up the DagBag from /home/airflow/.local/lib/python3.8/site-packages/airflow/example_dags/example_latest_only.py
[2024-02-02T15:13:49.089+0000] {processor.py:840} INFO - DAG(s) 'latest_only' retrieved from /home/airflow/.local/lib/python3.8/site-packages/airflow/example_dags/example_latest_only.py
[2024-02-02T15:13:49.217+0000] {logging_mixin.py:188} INFO - [2024-02-02T15:13:49.217+0000] {dag.py:3036} INFO - Sync 1 DAGs
[2024-02-02T15:13:49.243+0000] {logging_mixin.py:188} INFO - [2024-02-02T15:13:49.243+0000] {dag.py:3823} INFO - Setting next_dagrun for latest_only to 2024-02-02 08:00:00+00:00, run_after=2024-02-02 12:00:00+00:00
[2024-02-02T15:13:49.273+0000] {processor.py:183} INFO - Processing /home/airflow/.local/lib/python3.8/site-packages/airflow/example_dags/example_latest_only.py took 0.203 seconds
[2024-02-02T15:14:20.105+0000] {processor.py:161} INFO - Started process (PID=730) to work on /home/airflow/.local/lib/python3.8/site-packages/airflow/example_dags/example_latest_only.py
[2024-02-02T15:14:20.107+0000] {processor.py:830} INFO - Processing file /home/airflow/.local/lib/python3.8/site-packages/airflow/example_dags/example_latest_only.py for tasks to queue
[2024-02-02T15:14:20.108+0000] {logging_mixin.py:188} INFO - [2024-02-02T15:14:20.108+0000] {dagbag.py:538} INFO - Filling up the DagBag from /home/airflow/.local/lib/python3.8/site-packages/airflow/example_dags/example_latest_only.py
[2024-02-02T15:14:20.118+0000] {processor.py:840} INFO - DAG(s) 'latest_only' retrieved from /home/airflow/.local/lib/python3.8/site-packages/airflow/example_dags/example_latest_only.py
[2024-02-02T15:14:20.147+0000] {logging_mixin.py:188} INFO - [2024-02-02T15:14:20.147+0000] {dag.py:3036} INFO - Sync 1 DAGs
[2024-02-02T15:14:20.192+0000] {logging_mixin.py:188} INFO - [2024-02-02T15:14:20.192+0000] {dag.py:3823} INFO - Setting next_dagrun for latest_only to 2024-02-02 08:00:00+00:00, run_after=2024-02-02 12:00:00+00:00
[2024-02-02T15:14:20.235+0000] {processor.py:183} INFO - Processing /home/airflow/.local/lib/python3.8/site-packages/airflow/example_dags/example_latest_only.py took 0.138 seconds
[2024-02-02T15:14:50.633+0000] {processor.py:161} INFO - Started process (PID=977) to work on /home/airflow/.local/lib/python3.8/site-packages/airflow/example_dags/example_latest_only.py
[2024-02-02T15:14:50.635+0000] {processor.py:830} INFO - Processing file /home/airflow/.local/lib/python3.8/site-packages/airflow/example_dags/example_latest_only.py for tasks to queue
[2024-02-02T15:14:50.637+0000] {logging_mixin.py:188} INFO - [2024-02-02T15:14:50.636+0000] {dagbag.py:538} INFO - Filling up the DagBag from /home/airflow/.local/lib/python3.8/site-packages/airflow/example_dags/example_latest_only.py
[2024-02-02T15:14:50.644+0000] {processor.py:840} INFO - DAG(s) 'latest_only' retrieved from /home/airflow/.local/lib/python3.8/site-packages/airflow/example_dags/example_latest_only.py
[2024-02-02T15:14:50.678+0000] {logging_mixin.py:188} INFO - [2024-02-02T15:14:50.678+0000] {dag.py:3036} INFO - Sync 1 DAGs
[2024-02-02T15:14:50.706+0000] {logging_mixin.py:188} INFO - [2024-02-02T15:14:50.706+0000] {dag.py:3823} INFO - Setting next_dagrun for latest_only to 2024-02-02 08:00:00+00:00, run_after=2024-02-02 12:00:00+00:00
[2024-02-02T15:14:50.742+0000] {processor.py:183} INFO - Processing /home/airflow/.local/lib/python3.8/site-packages/airflow/example_dags/example_latest_only.py took 0.112 seconds
[2024-02-02T15:15:20.939+0000] {processor.py:161} INFO - Started process (PID=1221) to work on /home/airflow/.local/lib/python3.8/site-packages/airflow/example_dags/example_latest_only.py
[2024-02-02T15:15:20.941+0000] {processor.py:830} INFO - Processing file /home/airflow/.local/lib/python3.8/site-packages/airflow/example_dags/example_latest_only.py for tasks to queue
[2024-02-02T15:15:20.942+0000] {logging_mixin.py:188} INFO - [2024-02-02T15:15:20.942+0000] {dagbag.py:538} INFO - Filling up the DagBag from /home/airflow/.local/lib/python3.8/site-packages/airflow/example_dags/example_latest_only.py
[2024-02-02T15:15:20.950+0000] {processor.py:840} INFO - DAG(s) 'latest_only' retrieved from /home/airflow/.local/lib/python3.8/site-packages/airflow/example_dags/example_latest_only.py
[2024-02-02T15:15:20.979+0000] {logging_mixin.py:188} INFO - [2024-02-02T15:15:20.979+0000] {dag.py:3036} INFO - Sync 1 DAGs
[2024-02-02T15:15:21.009+0000] {logging_mixin.py:188} INFO - [2024-02-02T15:15:21.009+0000] {dag.py:3823} INFO - Setting next_dagrun for latest_only to 2024-02-02 08:00:00+00:00, run_after=2024-02-02 12:00:00+00:00
[2024-02-02T15:15:21.040+0000] {processor.py:183} INFO - Processing /home/airflow/.local/lib/python3.8/site-packages/airflow/example_dags/example_latest_only.py took 0.106 seconds
[2024-02-02T15:15:51.199+0000] {processor.py:161} INFO - Started process (PID=1468) to work on /home/airflow/.local/lib/python3.8/site-packages/airflow/example_dags/example_latest_only.py
[2024-02-02T15:15:51.200+0000] {processor.py:830} INFO - Processing file /home/airflow/.local/lib/python3.8/site-packages/airflow/example_dags/example_latest_only.py for tasks to queue
[2024-02-02T15:15:51.202+0000] {logging_mixin.py:188} INFO - [2024-02-02T15:15:51.202+0000] {dagbag.py:538} INFO - Filling up the DagBag from /home/airflow/.local/lib/python3.8/site-packages/airflow/example_dags/example_latest_only.py
[2024-02-02T15:15:51.211+0000] {processor.py:840} INFO - DAG(s) 'latest_only' retrieved from /home/airflow/.local/lib/python3.8/site-packages/airflow/example_dags/example_latest_only.py
[2024-02-02T15:15:51.245+0000] {logging_mixin.py:188} INFO - [2024-02-02T15:15:51.244+0000] {dag.py:3036} INFO - Sync 1 DAGs
[2024-02-02T15:15:51.277+0000] {logging_mixin.py:188} INFO - [2024-02-02T15:15:51.277+0000] {dag.py:3823} INFO - Setting next_dagrun for latest_only to 2024-02-02 08:00:00+00:00, run_after=2024-02-02 12:00:00+00:00
[2024-02-02T15:15:51.305+0000] {processor.py:183} INFO - Processing /home/airflow/.local/lib/python3.8/site-packages/airflow/example_dags/example_latest_only.py took 0.110 seconds
[2024-02-02T15:16:21.578+0000] {processor.py:161} INFO - Started process (PID=1715) to work on /home/airflow/.local/lib/python3.8/site-packages/airflow/example_dags/example_latest_only.py
[2024-02-02T15:16:21.580+0000] {processor.py:830} INFO - Processing file /home/airflow/.local/lib/python3.8/site-packages/airflow/example_dags/example_latest_only.py for tasks to queue
[2024-02-02T15:16:21.581+0000] {logging_mixin.py:188} INFO - [2024-02-02T15:16:21.581+0000] {dagbag.py:538} INFO - Filling up the DagBag from /home/airflow/.local/lib/python3.8/site-packages/airflow/example_dags/example_latest_only.py
[2024-02-02T15:16:21.593+0000] {processor.py:840} INFO - DAG(s) 'latest_only' retrieved from /home/airflow/.local/lib/python3.8/site-packages/airflow/example_dags/example_latest_only.py
[2024-02-02T15:16:21.631+0000] {logging_mixin.py:188} INFO - [2024-02-02T15:16:21.630+0000] {dag.py:3036} INFO - Sync 1 DAGs
[2024-02-02T15:16:21.672+0000] {logging_mixin.py:188} INFO - [2024-02-02T15:16:21.672+0000] {dag.py:3823} INFO - Setting next_dagrun for latest_only to 2024-02-02 08:00:00+00:00, run_after=2024-02-02 12:00:00+00:00
[2024-02-02T15:16:21.713+0000] {processor.py:183} INFO - Processing /home/airflow/.local/lib/python3.8/site-packages/airflow/example_dags/example_latest_only.py took 0.144 seconds
[2024-02-02T15:16:51.937+0000] {processor.py:161} INFO - Started process (PID=1962) to work on /home/airflow/.local/lib/python3.8/site-packages/airflow/example_dags/example_latest_only.py
[2024-02-02T15:16:51.939+0000] {processor.py:830} INFO - Processing file /home/airflow/.local/lib/python3.8/site-packages/airflow/example_dags/example_latest_only.py for tasks to queue
[2024-02-02T15:16:51.940+0000] {logging_mixin.py:188} INFO - [2024-02-02T15:16:51.940+0000] {dagbag.py:538} INFO - Filling up the DagBag from /home/airflow/.local/lib/python3.8/site-packages/airflow/example_dags/example_latest_only.py
[2024-02-02T15:16:51.951+0000] {processor.py:840} INFO - DAG(s) 'latest_only' retrieved from /home/airflow/.local/lib/python3.8/site-packages/airflow/example_dags/example_latest_only.py
[2024-02-02T15:16:51.983+0000] {logging_mixin.py:188} INFO - [2024-02-02T15:16:51.983+0000] {dag.py:3036} INFO - Sync 1 DAGs
[2024-02-02T15:16:52.018+0000] {logging_mixin.py:188} INFO - [2024-02-02T15:16:52.018+0000] {dag.py:3823} INFO - Setting next_dagrun for latest_only to 2024-02-02 08:00:00+00:00, run_after=2024-02-02 12:00:00+00:00
[2024-02-02T15:16:52.050+0000] {processor.py:183} INFO - Processing /home/airflow/.local/lib/python3.8/site-packages/airflow/example_dags/example_latest_only.py took 0.118 seconds
[2024-02-02T15:17:22.467+0000] {processor.py:161} INFO - Started process (PID=2209) to work on /home/airflow/.local/lib/python3.8/site-packages/airflow/example_dags/example_latest_only.py
[2024-02-02T15:17:22.469+0000] {processor.py:830} INFO - Processing file /home/airflow/.local/lib/python3.8/site-packages/airflow/example_dags/example_latest_only.py for tasks to queue
[2024-02-02T15:17:22.471+0000] {logging_mixin.py:188} INFO - [2024-02-02T15:17:22.470+0000] {dagbag.py:538} INFO - Filling up the DagBag from /home/airflow/.local/lib/python3.8/site-packages/airflow/example_dags/example_latest_only.py
[2024-02-02T15:17:22.480+0000] {processor.py:840} INFO - DAG(s) 'latest_only' retrieved from /home/airflow/.local/lib/python3.8/site-packages/airflow/example_dags/example_latest_only.py
[2024-02-02T15:17:22.511+0000] {logging_mixin.py:188} INFO - [2024-02-02T15:17:22.510+0000] {dag.py:3036} INFO - Sync 1 DAGs
[2024-02-02T15:17:22.544+0000] {logging_mixin.py:188} INFO - [2024-02-02T15:17:22.544+0000] {dag.py:3823} INFO - Setting next_dagrun for latest_only to 2024-02-02 08:00:00+00:00, run_after=2024-02-02 12:00:00+00:00
[2024-02-02T15:17:22.588+0000] {processor.py:183} INFO - Processing /home/airflow/.local/lib/python3.8/site-packages/airflow/example_dags/example_latest_only.py took 0.125 seconds
[2024-02-02T15:17:52.848+0000] {processor.py:161} INFO - Started process (PID=2456) to work on /home/airflow/.local/lib/python3.8/site-packages/airflow/example_dags/example_latest_only.py
[2024-02-02T15:17:52.851+0000] {processor.py:830} INFO - Processing file /home/airflow/.local/lib/python3.8/site-packages/airflow/example_dags/example_latest_only.py for tasks to queue
[2024-02-02T15:17:52.852+0000] {logging_mixin.py:188} INFO - [2024-02-02T15:17:52.852+0000] {dagbag.py:538} INFO - Filling up the DagBag from /home/airflow/.local/lib/python3.8/site-packages/airflow/example_dags/example_latest_only.py
[2024-02-02T15:17:52.861+0000] {processor.py:840} INFO - DAG(s) 'latest_only' retrieved from /home/airflow/.local/lib/python3.8/site-packages/airflow/example_dags/example_latest_only.py
[2024-02-02T15:17:52.903+0000] {logging_mixin.py:188} INFO - [2024-02-02T15:17:52.902+0000] {dag.py:3036} INFO - Sync 1 DAGs
[2024-02-02T15:17:52.944+0000] {logging_mixin.py:188} INFO - [2024-02-02T15:17:52.944+0000] {dag.py:3823} INFO - Setting next_dagrun for latest_only to 2024-02-02 08:00:00+00:00, run_after=2024-02-02 12:00:00+00:00
[2024-02-02T15:17:52.983+0000] {processor.py:183} INFO - Processing /home/airflow/.local/lib/python3.8/site-packages/airflow/example_dags/example_latest_only.py took 0.142 seconds
[2024-02-02T15:18:23.161+0000] {processor.py:161} INFO - Started process (PID=2751) to work on /home/airflow/.local/lib/python3.8/site-packages/airflow/example_dags/example_latest_only.py
[2024-02-02T15:18:23.163+0000] {processor.py:830} INFO - Processing file /home/airflow/.local/lib/python3.8/site-packages/airflow/example_dags/example_latest_only.py for tasks to queue
[2024-02-02T15:18:23.166+0000] {logging_mixin.py:188} INFO - [2024-02-02T15:18:23.165+0000] {dagbag.py:538} INFO - Filling up the DagBag from /home/airflow/.local/lib/python3.8/site-packages/airflow/example_dags/example_latest_only.py
[2024-02-02T15:18:23.176+0000] {processor.py:840} INFO - DAG(s) 'latest_only' retrieved from /home/airflow/.local/lib/python3.8/site-packages/airflow/example_dags/example_latest_only.py
[2024-02-02T15:18:23.209+0000] {logging_mixin.py:188} INFO - [2024-02-02T15:18:23.209+0000] {dag.py:3036} INFO - Sync 1 DAGs
[2024-02-02T15:18:23.250+0000] {logging_mixin.py:188} INFO - [2024-02-02T15:18:23.250+0000] {dag.py:3823} INFO - Setting next_dagrun for latest_only to 2024-02-02 08:00:00+00:00, run_after=2024-02-02 12:00:00+00:00
[2024-02-02T15:18:23.283+0000] {processor.py:183} INFO - Processing /home/airflow/.local/lib/python3.8/site-packages/airflow/example_dags/example_latest_only.py took 0.126 seconds
[2024-02-02T15:18:53.613+0000] {processor.py:161} INFO - Started process (PID=2998) to work on /home/airflow/.local/lib/python3.8/site-packages/airflow/example_dags/example_latest_only.py
[2024-02-02T15:18:53.618+0000] {processor.py:830} INFO - Processing file /home/airflow/.local/lib/python3.8/site-packages/airflow/example_dags/example_latest_only.py for tasks to queue
[2024-02-02T15:18:53.622+0000] {logging_mixin.py:188} INFO - [2024-02-02T15:18:53.622+0000] {dagbag.py:538} INFO - Filling up the DagBag from /home/airflow/.local/lib/python3.8/site-packages/airflow/example_dags/example_latest_only.py
[2024-02-02T15:18:53.639+0000] {processor.py:840} INFO - DAG(s) 'latest_only' retrieved from /home/airflow/.local/lib/python3.8/site-packages/airflow/example_dags/example_latest_only.py
[2024-02-02T15:18:53.693+0000] {logging_mixin.py:188} INFO - [2024-02-02T15:18:53.693+0000] {dag.py:3036} INFO - Sync 1 DAGs
[2024-02-02T15:18:53.765+0000] {logging_mixin.py:188} INFO - [2024-02-02T15:18:53.765+0000] {dag.py:3823} INFO - Setting next_dagrun for latest_only to 2024-02-02 08:00:00+00:00, run_after=2024-02-02 12:00:00+00:00
[2024-02-02T15:18:53.812+0000] {processor.py:183} INFO - Processing /home/airflow/.local/lib/python3.8/site-packages/airflow/example_dags/example_latest_only.py took 0.206 seconds
[2024-02-02T15:19:23.975+0000] {processor.py:161} INFO - Started process (PID=3246) to work on /home/airflow/.local/lib/python3.8/site-packages/airflow/example_dags/example_latest_only.py
[2024-02-02T15:19:23.976+0000] {processor.py:830} INFO - Processing file /home/airflow/.local/lib/python3.8/site-packages/airflow/example_dags/example_latest_only.py for tasks to queue
[2024-02-02T15:19:23.978+0000] {logging_mixin.py:188} INFO - [2024-02-02T15:19:23.978+0000] {dagbag.py:538} INFO - Filling up the DagBag from /home/airflow/.local/lib/python3.8/site-packages/airflow/example_dags/example_latest_only.py
[2024-02-02T15:19:23.990+0000] {processor.py:840} INFO - DAG(s) 'latest_only' retrieved from /home/airflow/.local/lib/python3.8/site-packages/airflow/example_dags/example_latest_only.py
[2024-02-02T15:19:24.022+0000] {logging_mixin.py:188} INFO - [2024-02-02T15:19:24.021+0000] {dag.py:3036} INFO - Sync 1 DAGs
[2024-02-02T15:19:24.061+0000] {logging_mixin.py:188} INFO - [2024-02-02T15:19:24.061+0000] {dag.py:3823} INFO - Setting next_dagrun for latest_only to 2024-02-02 08:00:00+00:00, run_after=2024-02-02 12:00:00+00:00
[2024-02-02T15:19:24.105+0000] {processor.py:183} INFO - Processing /home/airflow/.local/lib/python3.8/site-packages/airflow/example_dags/example_latest_only.py took 0.135 seconds
[2024-02-02T15:19:54.487+0000] {processor.py:161} INFO - Started process (PID=3493) to work on /home/airflow/.local/lib/python3.8/site-packages/airflow/example_dags/example_latest_only.py
[2024-02-02T15:19:54.489+0000] {processor.py:830} INFO - Processing file /home/airflow/.local/lib/python3.8/site-packages/airflow/example_dags/example_latest_only.py for tasks to queue
[2024-02-02T15:19:54.490+0000] {logging_mixin.py:188} INFO - [2024-02-02T15:19:54.490+0000] {dagbag.py:538} INFO - Filling up the DagBag from /home/airflow/.local/lib/python3.8/site-packages/airflow/example_dags/example_latest_only.py
[2024-02-02T15:19:54.497+0000] {processor.py:840} INFO - DAG(s) 'latest_only' retrieved from /home/airflow/.local/lib/python3.8/site-packages/airflow/example_dags/example_latest_only.py
[2024-02-02T15:19:54.522+0000] {logging_mixin.py:188} INFO - [2024-02-02T15:19:54.522+0000] {dag.py:3036} INFO - Sync 1 DAGs
[2024-02-02T15:19:54.557+0000] {logging_mixin.py:188} INFO - [2024-02-02T15:19:54.557+0000] {dag.py:3823} INFO - Setting next_dagrun for latest_only to 2024-02-02 08:00:00+00:00, run_after=2024-02-02 12:00:00+00:00
[2024-02-02T15:19:54.583+0000] {processor.py:183} INFO - Processing /home/airflow/.local/lib/python3.8/site-packages/airflow/example_dags/example_latest_only.py took 0.100 seconds
[2024-02-02T15:20:24.988+0000] {processor.py:161} INFO - Started process (PID=3740) to work on /home/airflow/.local/lib/python3.8/site-packages/airflow/example_dags/example_latest_only.py
[2024-02-02T15:20:24.990+0000] {processor.py:830} INFO - Processing file /home/airflow/.local/lib/python3.8/site-packages/airflow/example_dags/example_latest_only.py for tasks to queue
[2024-02-02T15:20:24.992+0000] {logging_mixin.py:188} INFO - [2024-02-02T15:20:24.991+0000] {dagbag.py:538} INFO - Filling up the DagBag from /home/airflow/.local/lib/python3.8/site-packages/airflow/example_dags/example_latest_only.py
[2024-02-02T15:20:24.999+0000] {processor.py:840} INFO - DAG(s) 'latest_only' retrieved from /home/airflow/.local/lib/python3.8/site-packages/airflow/example_dags/example_latest_only.py
[2024-02-02T15:20:25.024+0000] {logging_mixin.py:188} INFO - [2024-02-02T15:20:25.023+0000] {dag.py:3036} INFO - Sync 1 DAGs
[2024-02-02T15:20:25.051+0000] {logging_mixin.py:188} INFO - [2024-02-02T15:20:25.050+0000] {dag.py:3823} INFO - Setting next_dagrun for latest_only to 2024-02-02 08:00:00+00:00, run_after=2024-02-02 12:00:00+00:00
[2024-02-02T15:20:25.076+0000] {processor.py:183} INFO - Processing /home/airflow/.local/lib/python3.8/site-packages/airflow/example_dags/example_latest_only.py took 0.093 seconds
[2024-02-02T15:20:55.359+0000] {processor.py:161} INFO - Started process (PID=3987) to work on /home/airflow/.local/lib/python3.8/site-packages/airflow/example_dags/example_latest_only.py
[2024-02-02T15:20:55.360+0000] {processor.py:830} INFO - Processing file /home/airflow/.local/lib/python3.8/site-packages/airflow/example_dags/example_latest_only.py for tasks to queue
[2024-02-02T15:20:55.362+0000] {logging_mixin.py:188} INFO - [2024-02-02T15:20:55.362+0000] {dagbag.py:538} INFO - Filling up the DagBag from /home/airflow/.local/lib/python3.8/site-packages/airflow/example_dags/example_latest_only.py
[2024-02-02T15:20:55.370+0000] {processor.py:840} INFO - DAG(s) 'latest_only' retrieved from /home/airflow/.local/lib/python3.8/site-packages/airflow/example_dags/example_latest_only.py
[2024-02-02T15:20:55.396+0000] {logging_mixin.py:188} INFO - [2024-02-02T15:20:55.396+0000] {dag.py:3036} INFO - Sync 1 DAGs
[2024-02-02T15:20:55.424+0000] {logging_mixin.py:188} INFO - [2024-02-02T15:20:55.423+0000] {dag.py:3823} INFO - Setting next_dagrun for latest_only to 2024-02-02 08:00:00+00:00, run_after=2024-02-02 12:00:00+00:00
[2024-02-02T15:20:55.448+0000] {processor.py:183} INFO - Processing /home/airflow/.local/lib/python3.8/site-packages/airflow/example_dags/example_latest_only.py took 0.094 seconds
[2024-02-02T15:21:25.726+0000] {processor.py:161} INFO - Started process (PID=4234) to work on /home/airflow/.local/lib/python3.8/site-packages/airflow/example_dags/example_latest_only.py
[2024-02-02T15:21:25.728+0000] {processor.py:830} INFO - Processing file /home/airflow/.local/lib/python3.8/site-packages/airflow/example_dags/example_latest_only.py for tasks to queue
[2024-02-02T15:21:25.729+0000] {logging_mixin.py:188} INFO - [2024-02-02T15:21:25.729+0000] {dagbag.py:538} INFO - Filling up the DagBag from /home/airflow/.local/lib/python3.8/site-packages/airflow/example_dags/example_latest_only.py
[2024-02-02T15:21:25.737+0000] {processor.py:840} INFO - DAG(s) 'latest_only' retrieved from /home/airflow/.local/lib/python3.8/site-packages/airflow/example_dags/example_latest_only.py
[2024-02-02T15:21:25.762+0000] {logging_mixin.py:188} INFO - [2024-02-02T15:21:25.762+0000] {dag.py:3036} INFO - Sync 1 DAGs
[2024-02-02T15:21:25.788+0000] {logging_mixin.py:188} INFO - [2024-02-02T15:21:25.788+0000] {dag.py:3823} INFO - Setting next_dagrun for latest_only to 2024-02-02 08:00:00+00:00, run_after=2024-02-02 12:00:00+00:00
[2024-02-02T15:21:25.825+0000] {processor.py:183} INFO - Processing /home/airflow/.local/lib/python3.8/site-packages/airflow/example_dags/example_latest_only.py took 0.103 seconds
[2024-02-02T15:21:56.031+0000] {processor.py:161} INFO - Started process (PID=4481) to work on /home/airflow/.local/lib/python3.8/site-packages/airflow/example_dags/example_latest_only.py
[2024-02-02T15:21:56.032+0000] {processor.py:830} INFO - Processing file /home/airflow/.local/lib/python3.8/site-packages/airflow/example_dags/example_latest_only.py for tasks to queue
[2024-02-02T15:21:56.034+0000] {logging_mixin.py:188} INFO - [2024-02-02T15:21:56.033+0000] {dagbag.py:538} INFO - Filling up the DagBag from /home/airflow/.local/lib/python3.8/site-packages/airflow/example_dags/example_latest_only.py
[2024-02-02T15:21:56.040+0000] {processor.py:840} INFO - DAG(s) 'latest_only' retrieved from /home/airflow/.local/lib/python3.8/site-packages/airflow/example_dags/example_latest_only.py
[2024-02-02T15:21:56.066+0000] {logging_mixin.py:188} INFO - [2024-02-02T15:21:56.065+0000] {dag.py:3036} INFO - Sync 1 DAGs
[2024-02-02T15:21:56.092+0000] {logging_mixin.py:188} INFO - [2024-02-02T15:21:56.092+0000] {dag.py:3823} INFO - Setting next_dagrun for latest_only to 2024-02-02 08:00:00+00:00, run_after=2024-02-02 12:00:00+00:00
[2024-02-02T15:21:56.119+0000] {processor.py:183} INFO - Processing /home/airflow/.local/lib/python3.8/site-packages/airflow/example_dags/example_latest_only.py took 0.092 seconds
[2024-02-02T15:22:26.488+0000] {processor.py:161} INFO - Started process (PID=4728) to work on /home/airflow/.local/lib/python3.8/site-packages/airflow/example_dags/example_latest_only.py
[2024-02-02T15:22:26.490+0000] {processor.py:830} INFO - Processing file /home/airflow/.local/lib/python3.8/site-packages/airflow/example_dags/example_latest_only.py for tasks to queue
[2024-02-02T15:22:26.491+0000] {logging_mixin.py:188} INFO - [2024-02-02T15:22:26.491+0000] {dagbag.py:538} INFO - Filling up the DagBag from /home/airflow/.local/lib/python3.8/site-packages/airflow/example_dags/example_latest_only.py
[2024-02-02T15:22:26.500+0000] {processor.py:840} INFO - DAG(s) 'latest_only' retrieved from /home/airflow/.local/lib/python3.8/site-packages/airflow/example_dags/example_latest_only.py
[2024-02-02T15:22:26.526+0000] {logging_mixin.py:188} INFO - [2024-02-02T15:22:26.525+0000] {dag.py:3036} INFO - Sync 1 DAGs
[2024-02-02T15:22:26.552+0000] {logging_mixin.py:188} INFO - [2024-02-02T15:22:26.552+0000] {dag.py:3823} INFO - Setting next_dagrun for latest_only to 2024-02-02 08:00:00+00:00, run_after=2024-02-02 12:00:00+00:00
[2024-02-02T15:22:26.589+0000] {processor.py:183} INFO - Processing /home/airflow/.local/lib/python3.8/site-packages/airflow/example_dags/example_latest_only.py took 0.105 seconds
[2024-02-02T15:22:57.483+0000] {processor.py:161} INFO - Started process (PID=4975) to work on /home/airflow/.local/lib/python3.8/site-packages/airflow/example_dags/example_latest_only.py
[2024-02-02T15:22:57.485+0000] {processor.py:830} INFO - Processing file /home/airflow/.local/lib/python3.8/site-packages/airflow/example_dags/example_latest_only.py for tasks to queue
[2024-02-02T15:22:57.486+0000] {logging_mixin.py:188} INFO - [2024-02-02T15:22:57.486+0000] {dagbag.py:538} INFO - Filling up the DagBag from /home/airflow/.local/lib/python3.8/site-packages/airflow/example_dags/example_latest_only.py
[2024-02-02T15:22:57.494+0000] {processor.py:840} INFO - DAG(s) 'latest_only' retrieved from /home/airflow/.local/lib/python3.8/site-packages/airflow/example_dags/example_latest_only.py
[2024-02-02T15:22:57.519+0000] {logging_mixin.py:188} INFO - [2024-02-02T15:22:57.519+0000] {dag.py:3036} INFO - Sync 1 DAGs
[2024-02-02T15:22:57.547+0000] {logging_mixin.py:188} INFO - [2024-02-02T15:22:57.546+0000] {dag.py:3823} INFO - Setting next_dagrun for latest_only to 2024-02-02 08:00:00+00:00, run_after=2024-02-02 12:00:00+00:00
[2024-02-02T15:22:57.572+0000] {processor.py:183} INFO - Processing /home/airflow/.local/lib/python3.8/site-packages/airflow/example_dags/example_latest_only.py took 0.093 seconds
[2024-02-02T15:23:28.346+0000] {processor.py:161} INFO - Started process (PID=5222) to work on /home/airflow/.local/lib/python3.8/site-packages/airflow/example_dags/example_latest_only.py
[2024-02-02T15:23:28.347+0000] {processor.py:830} INFO - Processing file /home/airflow/.local/lib/python3.8/site-packages/airflow/example_dags/example_latest_only.py for tasks to queue
[2024-02-02T15:23:28.349+0000] {logging_mixin.py:188} INFO - [2024-02-02T15:23:28.349+0000] {dagbag.py:538} INFO - Filling up the DagBag from /home/airflow/.local/lib/python3.8/site-packages/airflow/example_dags/example_latest_only.py
[2024-02-02T15:23:28.356+0000] {processor.py:840} INFO - DAG(s) 'latest_only' retrieved from /home/airflow/.local/lib/python3.8/site-packages/airflow/example_dags/example_latest_only.py
[2024-02-02T15:23:28.380+0000] {logging_mixin.py:188} INFO - [2024-02-02T15:23:28.380+0000] {dag.py:3036} INFO - Sync 1 DAGs
[2024-02-02T15:23:28.408+0000] {logging_mixin.py:188} INFO - [2024-02-02T15:23:28.408+0000] {dag.py:3823} INFO - Setting next_dagrun for latest_only to 2024-02-02 08:00:00+00:00, run_after=2024-02-02 12:00:00+00:00
[2024-02-02T15:23:28.443+0000] {processor.py:183} INFO - Processing /home/airflow/.local/lib/python3.8/site-packages/airflow/example_dags/example_latest_only.py took 0.101 seconds
[2024-02-02T15:23:58.582+0000] {processor.py:161} INFO - Started process (PID=5469) to work on /home/airflow/.local/lib/python3.8/site-packages/airflow/example_dags/example_latest_only.py
[2024-02-02T15:23:58.584+0000] {processor.py:830} INFO - Processing file /home/airflow/.local/lib/python3.8/site-packages/airflow/example_dags/example_latest_only.py for tasks to queue
[2024-02-02T15:23:58.585+0000] {logging_mixin.py:188} INFO - [2024-02-02T15:23:58.585+0000] {dagbag.py:538} INFO - Filling up the DagBag from /home/airflow/.local/lib/python3.8/site-packages/airflow/example_dags/example_latest_only.py
[2024-02-02T15:23:58.592+0000] {processor.py:840} INFO - DAG(s) 'latest_only' retrieved from /home/airflow/.local/lib/python3.8/site-packages/airflow/example_dags/example_latest_only.py
[2024-02-02T15:23:58.623+0000] {logging_mixin.py:188} INFO - [2024-02-02T15:23:58.622+0000] {dag.py:3036} INFO - Sync 1 DAGs
[2024-02-02T15:23:58.653+0000] {logging_mixin.py:188} INFO - [2024-02-02T15:23:58.653+0000] {dag.py:3823} INFO - Setting next_dagrun for latest_only to 2024-02-02 08:00:00+00:00, run_after=2024-02-02 12:00:00+00:00
[2024-02-02T15:23:58.693+0000] {processor.py:183} INFO - Processing /home/airflow/.local/lib/python3.8/site-packages/airflow/example_dags/example_latest_only.py took 0.115 seconds
[2024-02-02T15:24:28.881+0000] {processor.py:161} INFO - Started process (PID=5721) to work on /home/airflow/.local/lib/python3.8/site-packages/airflow/example_dags/example_latest_only.py
[2024-02-02T15:24:28.882+0000] {processor.py:830} INFO - Processing file /home/airflow/.local/lib/python3.8/site-packages/airflow/example_dags/example_latest_only.py for tasks to queue
[2024-02-02T15:24:28.884+0000] {logging_mixin.py:188} INFO - [2024-02-02T15:24:28.884+0000] {dagbag.py:538} INFO - Filling up the DagBag from /home/airflow/.local/lib/python3.8/site-packages/airflow/example_dags/example_latest_only.py
[2024-02-02T15:24:28.893+0000] {processor.py:840} INFO - DAG(s) 'latest_only' retrieved from /home/airflow/.local/lib/python3.8/site-packages/airflow/example_dags/example_latest_only.py
[2024-02-02T15:24:28.916+0000] {logging_mixin.py:188} INFO - [2024-02-02T15:24:28.916+0000] {dag.py:3036} INFO - Sync 1 DAGs
[2024-02-02T15:24:28.952+0000] {logging_mixin.py:188} INFO - [2024-02-02T15:24:28.952+0000] {dag.py:3823} INFO - Setting next_dagrun for latest_only to 2024-02-02 08:00:00+00:00, run_after=2024-02-02 12:00:00+00:00
[2024-02-02T15:24:28.976+0000] {processor.py:183} INFO - Processing /home/airflow/.local/lib/python3.8/site-packages/airflow/example_dags/example_latest_only.py took 0.099 seconds
[2024-02-02T15:24:59.088+0000] {processor.py:161} INFO - Started process (PID=5966) to work on /home/airflow/.local/lib/python3.8/site-packages/airflow/example_dags/example_latest_only.py
[2024-02-02T15:24:59.089+0000] {processor.py:830} INFO - Processing file /home/airflow/.local/lib/python3.8/site-packages/airflow/example_dags/example_latest_only.py for tasks to queue
[2024-02-02T15:24:59.091+0000] {logging_mixin.py:188} INFO - [2024-02-02T15:24:59.090+0000] {dagbag.py:538} INFO - Filling up the DagBag from /home/airflow/.local/lib/python3.8/site-packages/airflow/example_dags/example_latest_only.py
[2024-02-02T15:24:59.097+0000] {processor.py:840} INFO - DAG(s) 'latest_only' retrieved from /home/airflow/.local/lib/python3.8/site-packages/airflow/example_dags/example_latest_only.py
[2024-02-02T15:24:59.118+0000] {logging_mixin.py:188} INFO - [2024-02-02T15:24:59.118+0000] {dag.py:3036} INFO - Sync 1 DAGs
[2024-02-02T15:24:59.144+0000] {logging_mixin.py:188} INFO - [2024-02-02T15:24:59.144+0000] {dag.py:3823} INFO - Setting next_dagrun for latest_only to 2024-02-02 08:00:00+00:00, run_after=2024-02-02 12:00:00+00:00
[2024-02-02T15:24:59.166+0000] {processor.py:183} INFO - Processing /home/airflow/.local/lib/python3.8/site-packages/airflow/example_dags/example_latest_only.py took 0.083 seconds
[2024-02-02T15:25:29.435+0000] {processor.py:161} INFO - Started process (PID=6210) to work on /home/airflow/.local/lib/python3.8/site-packages/airflow/example_dags/example_latest_only.py
[2024-02-02T15:25:29.436+0000] {processor.py:830} INFO - Processing file /home/airflow/.local/lib/python3.8/site-packages/airflow/example_dags/example_latest_only.py for tasks to queue
[2024-02-02T15:25:29.438+0000] {logging_mixin.py:188} INFO - [2024-02-02T15:25:29.437+0000] {dagbag.py:538} INFO - Filling up the DagBag from /home/airflow/.local/lib/python3.8/site-packages/airflow/example_dags/example_latest_only.py
[2024-02-02T15:25:29.445+0000] {processor.py:840} INFO - DAG(s) 'latest_only' retrieved from /home/airflow/.local/lib/python3.8/site-packages/airflow/example_dags/example_latest_only.py
[2024-02-02T15:25:29.469+0000] {logging_mixin.py:188} INFO - [2024-02-02T15:25:29.469+0000] {dag.py:3036} INFO - Sync 1 DAGs
[2024-02-02T15:25:29.513+0000] {logging_mixin.py:188} INFO - [2024-02-02T15:25:29.513+0000] {dag.py:3823} INFO - Setting next_dagrun for latest_only to 2024-02-02 08:00:00+00:00, run_after=2024-02-02 12:00:00+00:00
[2024-02-02T15:25:29.544+0000] {processor.py:183} INFO - Processing /home/airflow/.local/lib/python3.8/site-packages/airflow/example_dags/example_latest_only.py took 0.113 seconds
[2024-02-02T15:26:00.076+0000] {processor.py:161} INFO - Started process (PID=6463) to work on /home/airflow/.local/lib/python3.8/site-packages/airflow/example_dags/example_latest_only.py
[2024-02-02T15:26:00.077+0000] {processor.py:830} INFO - Processing file /home/airflow/.local/lib/python3.8/site-packages/airflow/example_dags/example_latest_only.py for tasks to queue
[2024-02-02T15:26:00.079+0000] {logging_mixin.py:188} INFO - [2024-02-02T15:26:00.078+0000] {dagbag.py:538} INFO - Filling up the DagBag from /home/airflow/.local/lib/python3.8/site-packages/airflow/example_dags/example_latest_only.py
[2024-02-02T15:26:00.089+0000] {processor.py:840} INFO - DAG(s) 'latest_only' retrieved from /home/airflow/.local/lib/python3.8/site-packages/airflow/example_dags/example_latest_only.py
[2024-02-02T15:26:00.115+0000] {logging_mixin.py:188} INFO - [2024-02-02T15:26:00.115+0000] {dag.py:3036} INFO - Sync 1 DAGs
[2024-02-02T15:26:00.146+0000] {logging_mixin.py:188} INFO - [2024-02-02T15:26:00.146+0000] {dag.py:3823} INFO - Setting next_dagrun for latest_only to 2024-02-02 08:00:00+00:00, run_after=2024-02-02 12:00:00+00:00
[2024-02-02T15:26:00.172+0000] {processor.py:183} INFO - Processing /home/airflow/.local/lib/python3.8/site-packages/airflow/example_dags/example_latest_only.py took 0.101 seconds
[2024-02-02T15:26:30.784+0000] {processor.py:161} INFO - Started process (PID=6710) to work on /home/airflow/.local/lib/python3.8/site-packages/airflow/example_dags/example_latest_only.py
[2024-02-02T15:26:30.785+0000] {processor.py:830} INFO - Processing file /home/airflow/.local/lib/python3.8/site-packages/airflow/example_dags/example_latest_only.py for tasks to queue
[2024-02-02T15:26:30.787+0000] {logging_mixin.py:188} INFO - [2024-02-02T15:26:30.786+0000] {dagbag.py:538} INFO - Filling up the DagBag from /home/airflow/.local/lib/python3.8/site-packages/airflow/example_dags/example_latest_only.py
[2024-02-02T15:26:30.795+0000] {processor.py:840} INFO - DAG(s) 'latest_only' retrieved from /home/airflow/.local/lib/python3.8/site-packages/airflow/example_dags/example_latest_only.py
[2024-02-02T15:26:30.822+0000] {logging_mixin.py:188} INFO - [2024-02-02T15:26:30.822+0000] {dag.py:3036} INFO - Sync 1 DAGs
[2024-02-02T15:26:30.852+0000] {logging_mixin.py:188} INFO - [2024-02-02T15:26:30.852+0000] {dag.py:3823} INFO - Setting next_dagrun for latest_only to 2024-02-02 08:00:00+00:00, run_after=2024-02-02 12:00:00+00:00
[2024-02-02T15:26:30.879+0000] {processor.py:183} INFO - Processing /home/airflow/.local/lib/python3.8/site-packages/airflow/example_dags/example_latest_only.py took 0.099 seconds
[2024-02-02T15:27:00.927+0000] {processor.py:161} INFO - Started process (PID=6957) to work on /home/airflow/.local/lib/python3.8/site-packages/airflow/example_dags/example_latest_only.py
[2024-02-02T15:27:00.928+0000] {processor.py:830} INFO - Processing file /home/airflow/.local/lib/python3.8/site-packages/airflow/example_dags/example_latest_only.py for tasks to queue
[2024-02-02T15:27:00.930+0000] {logging_mixin.py:188} INFO - [2024-02-02T15:27:00.929+0000] {dagbag.py:538} INFO - Filling up the DagBag from /home/airflow/.local/lib/python3.8/site-packages/airflow/example_dags/example_latest_only.py
[2024-02-02T15:27:00.937+0000] {processor.py:840} INFO - DAG(s) 'latest_only' retrieved from /home/airflow/.local/lib/python3.8/site-packages/airflow/example_dags/example_latest_only.py
[2024-02-02T15:27:00.962+0000] {logging_mixin.py:188} INFO - [2024-02-02T15:27:00.961+0000] {dag.py:3036} INFO - Sync 1 DAGs
[2024-02-02T15:27:00.990+0000] {logging_mixin.py:188} INFO - [2024-02-02T15:27:00.990+0000] {dag.py:3823} INFO - Setting next_dagrun for latest_only to 2024-02-02 08:00:00+00:00, run_after=2024-02-02 12:00:00+00:00
[2024-02-02T15:27:01.014+0000] {processor.py:183} INFO - Processing /home/airflow/.local/lib/python3.8/site-packages/airflow/example_dags/example_latest_only.py took 0.091 seconds
[2024-02-02T15:27:31.855+0000] {processor.py:161} INFO - Started process (PID=7204) to work on /home/airflow/.local/lib/python3.8/site-packages/airflow/example_dags/example_latest_only.py
[2024-02-02T15:27:31.856+0000] {processor.py:830} INFO - Processing file /home/airflow/.local/lib/python3.8/site-packages/airflow/example_dags/example_latest_only.py for tasks to queue
[2024-02-02T15:27:31.858+0000] {logging_mixin.py:188} INFO - [2024-02-02T15:27:31.858+0000] {dagbag.py:538} INFO - Filling up the DagBag from /home/airflow/.local/lib/python3.8/site-packages/airflow/example_dags/example_latest_only.py
[2024-02-02T15:27:31.866+0000] {processor.py:840} INFO - DAG(s) 'latest_only' retrieved from /home/airflow/.local/lib/python3.8/site-packages/airflow/example_dags/example_latest_only.py
[2024-02-02T15:27:31.895+0000] {logging_mixin.py:188} INFO - [2024-02-02T15:27:31.895+0000] {dag.py:3036} INFO - Sync 1 DAGs
[2024-02-02T15:27:31.928+0000] {logging_mixin.py:188} INFO - [2024-02-02T15:27:31.928+0000] {dag.py:3823} INFO - Setting next_dagrun for latest_only to 2024-02-02 08:00:00+00:00, run_after=2024-02-02 12:00:00+00:00
[2024-02-02T15:27:31.958+0000] {processor.py:183} INFO - Processing /home/airflow/.local/lib/python3.8/site-packages/airflow/example_dags/example_latest_only.py took 0.107 seconds
[2024-02-02T15:28:02.179+0000] {processor.py:161} INFO - Started process (PID=7451) to work on /home/airflow/.local/lib/python3.8/site-packages/airflow/example_dags/example_latest_only.py
[2024-02-02T15:28:02.181+0000] {processor.py:830} INFO - Processing file /home/airflow/.local/lib/python3.8/site-packages/airflow/example_dags/example_latest_only.py for tasks to queue
[2024-02-02T15:28:02.183+0000] {logging_mixin.py:188} INFO - [2024-02-02T15:28:02.182+0000] {dagbag.py:538} INFO - Filling up the DagBag from /home/airflow/.local/lib/python3.8/site-packages/airflow/example_dags/example_latest_only.py
[2024-02-02T15:28:02.189+0000] {processor.py:840} INFO - DAG(s) 'latest_only' retrieved from /home/airflow/.local/lib/python3.8/site-packages/airflow/example_dags/example_latest_only.py
[2024-02-02T15:28:02.213+0000] {logging_mixin.py:188} INFO - [2024-02-02T15:28:02.212+0000] {dag.py:3036} INFO - Sync 1 DAGs
[2024-02-02T15:28:02.239+0000] {logging_mixin.py:188} INFO - [2024-02-02T15:28:02.239+0000] {dag.py:3823} INFO - Setting next_dagrun for latest_only to 2024-02-02 08:00:00+00:00, run_after=2024-02-02 12:00:00+00:00
[2024-02-02T15:28:02.278+0000] {processor.py:183} INFO - Processing /home/airflow/.local/lib/python3.8/site-packages/airflow/example_dags/example_latest_only.py took 0.103 seconds
[2024-02-02T15:28:32.603+0000] {processor.py:161} INFO - Started process (PID=7698) to work on /home/airflow/.local/lib/python3.8/site-packages/airflow/example_dags/example_latest_only.py
[2024-02-02T15:28:32.605+0000] {processor.py:830} INFO - Processing file /home/airflow/.local/lib/python3.8/site-packages/airflow/example_dags/example_latest_only.py for tasks to queue
[2024-02-02T15:28:32.606+0000] {logging_mixin.py:188} INFO - [2024-02-02T15:28:32.606+0000] {dagbag.py:538} INFO - Filling up the DagBag from /home/airflow/.local/lib/python3.8/site-packages/airflow/example_dags/example_latest_only.py
[2024-02-02T15:28:32.613+0000] {processor.py:840} INFO - DAG(s) 'latest_only' retrieved from /home/airflow/.local/lib/python3.8/site-packages/airflow/example_dags/example_latest_only.py
[2024-02-02T15:28:32.638+0000] {logging_mixin.py:188} INFO - [2024-02-02T15:28:32.637+0000] {dag.py:3036} INFO - Sync 1 DAGs
[2024-02-02T15:28:32.665+0000] {logging_mixin.py:188} INFO - [2024-02-02T15:28:32.665+0000] {dag.py:3823} INFO - Setting next_dagrun for latest_only to 2024-02-02 08:00:00+00:00, run_after=2024-02-02 12:00:00+00:00
[2024-02-02T15:28:32.702+0000] {processor.py:183} INFO - Processing /home/airflow/.local/lib/python3.8/site-packages/airflow/example_dags/example_latest_only.py took 0.103 seconds
[2024-02-02T15:29:03.096+0000] {processor.py:161} INFO - Started process (PID=7945) to work on /home/airflow/.local/lib/python3.8/site-packages/airflow/example_dags/example_latest_only.py
[2024-02-02T15:29:03.097+0000] {processor.py:830} INFO - Processing file /home/airflow/.local/lib/python3.8/site-packages/airflow/example_dags/example_latest_only.py for tasks to queue
[2024-02-02T15:29:03.099+0000] {logging_mixin.py:188} INFO - [2024-02-02T15:29:03.098+0000] {dagbag.py:538} INFO - Filling up the DagBag from /home/airflow/.local/lib/python3.8/site-packages/airflow/example_dags/example_latest_only.py
[2024-02-02T15:29:03.106+0000] {processor.py:840} INFO - DAG(s) 'latest_only' retrieved from /home/airflow/.local/lib/python3.8/site-packages/airflow/example_dags/example_latest_only.py
[2024-02-02T15:29:03.131+0000] {logging_mixin.py:188} INFO - [2024-02-02T15:29:03.131+0000] {dag.py:3036} INFO - Sync 1 DAGs
[2024-02-02T15:29:03.159+0000] {logging_mixin.py:188} INFO - [2024-02-02T15:29:03.159+0000] {dag.py:3823} INFO - Setting next_dagrun for latest_only to 2024-02-02 08:00:00+00:00, run_after=2024-02-02 12:00:00+00:00
[2024-02-02T15:29:03.196+0000] {processor.py:183} INFO - Processing /home/airflow/.local/lib/python3.8/site-packages/airflow/example_dags/example_latest_only.py took 0.105 seconds
[2024-02-02T15:29:33.416+0000] {processor.py:161} INFO - Started process (PID=8192) to work on /home/airflow/.local/lib/python3.8/site-packages/airflow/example_dags/example_latest_only.py
[2024-02-02T15:29:33.418+0000] {processor.py:830} INFO - Processing file /home/airflow/.local/lib/python3.8/site-packages/airflow/example_dags/example_latest_only.py for tasks to queue
[2024-02-02T15:29:33.419+0000] {logging_mixin.py:188} INFO - [2024-02-02T15:29:33.419+0000] {dagbag.py:538} INFO - Filling up the DagBag from /home/airflow/.local/lib/python3.8/site-packages/airflow/example_dags/example_latest_only.py
[2024-02-02T15:29:33.426+0000] {processor.py:840} INFO - DAG(s) 'latest_only' retrieved from /home/airflow/.local/lib/python3.8/site-packages/airflow/example_dags/example_latest_only.py
[2024-02-02T15:29:33.452+0000] {logging_mixin.py:188} INFO - [2024-02-02T15:29:33.451+0000] {dag.py:3036} INFO - Sync 1 DAGs
[2024-02-02T15:29:33.479+0000] {logging_mixin.py:188} INFO - [2024-02-02T15:29:33.478+0000] {dag.py:3823} INFO - Setting next_dagrun for latest_only to 2024-02-02 08:00:00+00:00, run_after=2024-02-02 12:00:00+00:00
[2024-02-02T15:29:33.516+0000] {processor.py:183} INFO - Processing /home/airflow/.local/lib/python3.8/site-packages/airflow/example_dags/example_latest_only.py took 0.104 seconds
[2024-02-02T15:30:03.980+0000] {processor.py:161} INFO - Started process (PID=8439) to work on /home/airflow/.local/lib/python3.8/site-packages/airflow/example_dags/example_latest_only.py
[2024-02-02T15:30:03.981+0000] {processor.py:830} INFO - Processing file /home/airflow/.local/lib/python3.8/site-packages/airflow/example_dags/example_latest_only.py for tasks to queue
[2024-02-02T15:30:03.983+0000] {logging_mixin.py:188} INFO - [2024-02-02T15:30:03.983+0000] {dagbag.py:538} INFO - Filling up the DagBag from /home/airflow/.local/lib/python3.8/site-packages/airflow/example_dags/example_latest_only.py
[2024-02-02T15:30:03.991+0000] {processor.py:840} INFO - DAG(s) 'latest_only' retrieved from /home/airflow/.local/lib/python3.8/site-packages/airflow/example_dags/example_latest_only.py
[2024-02-02T15:30:04.016+0000] {logging_mixin.py:188} INFO - [2024-02-02T15:30:04.015+0000] {dag.py:3036} INFO - Sync 1 DAGs
[2024-02-02T15:30:04.042+0000] {logging_mixin.py:188} INFO - [2024-02-02T15:30:04.042+0000] {dag.py:3823} INFO - Setting next_dagrun for latest_only to 2024-02-02 08:00:00+00:00, run_after=2024-02-02 12:00:00+00:00
[2024-02-02T15:30:04.067+0000] {processor.py:183} INFO - Processing /home/airflow/.local/lib/python3.8/site-packages/airflow/example_dags/example_latest_only.py took 0.091 seconds
[2024-02-02T15:30:34.260+0000] {processor.py:161} INFO - Started process (PID=8686) to work on /home/airflow/.local/lib/python3.8/site-packages/airflow/example_dags/example_latest_only.py
[2024-02-02T15:30:34.262+0000] {processor.py:830} INFO - Processing file /home/airflow/.local/lib/python3.8/site-packages/airflow/example_dags/example_latest_only.py for tasks to queue
[2024-02-02T15:30:34.263+0000] {logging_mixin.py:188} INFO - [2024-02-02T15:30:34.263+0000] {dagbag.py:538} INFO - Filling up the DagBag from /home/airflow/.local/lib/python3.8/site-packages/airflow/example_dags/example_latest_only.py
[2024-02-02T15:30:34.270+0000] {processor.py:840} INFO - DAG(s) 'latest_only' retrieved from /home/airflow/.local/lib/python3.8/site-packages/airflow/example_dags/example_latest_only.py
[2024-02-02T15:30:34.299+0000] {logging_mixin.py:188} INFO - [2024-02-02T15:30:34.298+0000] {dag.py:3036} INFO - Sync 1 DAGs
[2024-02-02T15:30:34.330+0000] {logging_mixin.py:188} INFO - [2024-02-02T15:30:34.329+0000] {dag.py:3823} INFO - Setting next_dagrun for latest_only to 2024-02-02 08:00:00+00:00, run_after=2024-02-02 12:00:00+00:00
[2024-02-02T15:30:34.356+0000] {processor.py:183} INFO - Processing /home/airflow/.local/lib/python3.8/site-packages/airflow/example_dags/example_latest_only.py took 0.103 seconds
[2024-02-02T15:31:04.629+0000] {processor.py:161} INFO - Started process (PID=8933) to work on /home/airflow/.local/lib/python3.8/site-packages/airflow/example_dags/example_latest_only.py
[2024-02-02T15:31:04.630+0000] {processor.py:830} INFO - Processing file /home/airflow/.local/lib/python3.8/site-packages/airflow/example_dags/example_latest_only.py for tasks to queue
[2024-02-02T15:31:04.632+0000] {logging_mixin.py:188} INFO - [2024-02-02T15:31:04.631+0000] {dagbag.py:538} INFO - Filling up the DagBag from /home/airflow/.local/lib/python3.8/site-packages/airflow/example_dags/example_latest_only.py
[2024-02-02T15:31:04.641+0000] {processor.py:840} INFO - DAG(s) 'latest_only' retrieved from /home/airflow/.local/lib/python3.8/site-packages/airflow/example_dags/example_latest_only.py
[2024-02-02T15:31:04.667+0000] {logging_mixin.py:188} INFO - [2024-02-02T15:31:04.666+0000] {dag.py:3036} INFO - Sync 1 DAGs
[2024-02-02T15:31:04.693+0000] {logging_mixin.py:188} INFO - [2024-02-02T15:31:04.693+0000] {dag.py:3823} INFO - Setting next_dagrun for latest_only to 2024-02-02 08:00:00+00:00, run_after=2024-02-02 12:00:00+00:00
[2024-02-02T15:31:04.728+0000] {processor.py:183} INFO - Processing /home/airflow/.local/lib/python3.8/site-packages/airflow/example_dags/example_latest_only.py took 0.103 seconds
[2024-02-02T15:31:34.890+0000] {processor.py:161} INFO - Started process (PID=9180) to work on /home/airflow/.local/lib/python3.8/site-packages/airflow/example_dags/example_latest_only.py
[2024-02-02T15:31:34.891+0000] {processor.py:830} INFO - Processing file /home/airflow/.local/lib/python3.8/site-packages/airflow/example_dags/example_latest_only.py for tasks to queue
[2024-02-02T15:31:34.893+0000] {logging_mixin.py:188} INFO - [2024-02-02T15:31:34.892+0000] {dagbag.py:538} INFO - Filling up the DagBag from /home/airflow/.local/lib/python3.8/site-packages/airflow/example_dags/example_latest_only.py
[2024-02-02T15:31:34.900+0000] {processor.py:840} INFO - DAG(s) 'latest_only' retrieved from /home/airflow/.local/lib/python3.8/site-packages/airflow/example_dags/example_latest_only.py
[2024-02-02T15:31:34.923+0000] {logging_mixin.py:188} INFO - [2024-02-02T15:31:34.923+0000] {dag.py:3036} INFO - Sync 1 DAGs
[2024-02-02T15:31:34.952+0000] {logging_mixin.py:188} INFO - [2024-02-02T15:31:34.951+0000] {dag.py:3823} INFO - Setting next_dagrun for latest_only to 2024-02-02 08:00:00+00:00, run_after=2024-02-02 12:00:00+00:00
[2024-02-02T15:31:34.975+0000] {processor.py:183} INFO - Processing /home/airflow/.local/lib/python3.8/site-packages/airflow/example_dags/example_latest_only.py took 0.089 seconds
[2024-02-02T15:32:05.160+0000] {processor.py:161} INFO - Started process (PID=9425) to work on /home/airflow/.local/lib/python3.8/site-packages/airflow/example_dags/example_latest_only.py
[2024-02-02T15:32:05.161+0000] {processor.py:830} INFO - Processing file /home/airflow/.local/lib/python3.8/site-packages/airflow/example_dags/example_latest_only.py for tasks to queue
[2024-02-02T15:32:05.162+0000] {logging_mixin.py:188} INFO - [2024-02-02T15:32:05.162+0000] {dagbag.py:538} INFO - Filling up the DagBag from /home/airflow/.local/lib/python3.8/site-packages/airflow/example_dags/example_latest_only.py
[2024-02-02T15:32:05.170+0000] {processor.py:840} INFO - DAG(s) 'latest_only' retrieved from /home/airflow/.local/lib/python3.8/site-packages/airflow/example_dags/example_latest_only.py
[2024-02-02T15:32:05.195+0000] {logging_mixin.py:188} INFO - [2024-02-02T15:32:05.195+0000] {dag.py:3036} INFO - Sync 1 DAGs
[2024-02-02T15:32:05.222+0000] {logging_mixin.py:188} INFO - [2024-02-02T15:32:05.222+0000] {dag.py:3823} INFO - Setting next_dagrun for latest_only to 2024-02-02 08:00:00+00:00, run_after=2024-02-02 12:00:00+00:00
[2024-02-02T15:32:05.248+0000] {processor.py:183} INFO - Processing /home/airflow/.local/lib/python3.8/site-packages/airflow/example_dags/example_latest_only.py took 0.092 seconds
[2024-02-02T15:32:35.414+0000] {processor.py:161} INFO - Started process (PID=9672) to work on /home/airflow/.local/lib/python3.8/site-packages/airflow/example_dags/example_latest_only.py
[2024-02-02T15:32:35.415+0000] {processor.py:830} INFO - Processing file /home/airflow/.local/lib/python3.8/site-packages/airflow/example_dags/example_latest_only.py for tasks to queue
[2024-02-02T15:32:35.417+0000] {logging_mixin.py:188} INFO - [2024-02-02T15:32:35.417+0000] {dagbag.py:538} INFO - Filling up the DagBag from /home/airflow/.local/lib/python3.8/site-packages/airflow/example_dags/example_latest_only.py
[2024-02-02T15:32:35.426+0000] {processor.py:840} INFO - DAG(s) 'latest_only' retrieved from /home/airflow/.local/lib/python3.8/site-packages/airflow/example_dags/example_latest_only.py
[2024-02-02T15:32:35.455+0000] {logging_mixin.py:188} INFO - [2024-02-02T15:32:35.455+0000] {dag.py:3036} INFO - Sync 1 DAGs
[2024-02-02T15:32:35.495+0000] {logging_mixin.py:188} INFO - [2024-02-02T15:32:35.494+0000] {dag.py:3823} INFO - Setting next_dagrun for latest_only to 2024-02-02 08:00:00+00:00, run_after=2024-02-02 12:00:00+00:00
[2024-02-02T15:32:35.530+0000] {processor.py:183} INFO - Processing /home/airflow/.local/lib/python3.8/site-packages/airflow/example_dags/example_latest_only.py took 0.122 seconds
[2024-02-02T15:33:06.372+0000] {processor.py:161} INFO - Started process (PID=9915) to work on /home/airflow/.local/lib/python3.8/site-packages/airflow/example_dags/example_latest_only.py
[2024-02-02T15:33:06.373+0000] {processor.py:830} INFO - Processing file /home/airflow/.local/lib/python3.8/site-packages/airflow/example_dags/example_latest_only.py for tasks to queue
[2024-02-02T15:33:06.375+0000] {logging_mixin.py:188} INFO - [2024-02-02T15:33:06.375+0000] {dagbag.py:538} INFO - Filling up the DagBag from /home/airflow/.local/lib/python3.8/site-packages/airflow/example_dags/example_latest_only.py
[2024-02-02T15:33:06.382+0000] {processor.py:840} INFO - DAG(s) 'latest_only' retrieved from /home/airflow/.local/lib/python3.8/site-packages/airflow/example_dags/example_latest_only.py
[2024-02-02T15:33:06.407+0000] {logging_mixin.py:188} INFO - [2024-02-02T15:33:06.407+0000] {dag.py:3036} INFO - Sync 1 DAGs
[2024-02-02T15:33:06.435+0000] {logging_mixin.py:188} INFO - [2024-02-02T15:33:06.435+0000] {dag.py:3823} INFO - Setting next_dagrun for latest_only to 2024-02-02 08:00:00+00:00, run_after=2024-02-02 12:00:00+00:00
[2024-02-02T15:33:06.460+0000] {processor.py:183} INFO - Processing /home/airflow/.local/lib/python3.8/site-packages/airflow/example_dags/example_latest_only.py took 0.093 seconds
[2024-02-02T15:33:37.088+0000] {processor.py:161} INFO - Started process (PID=10160) to work on /home/airflow/.local/lib/python3.8/site-packages/airflow/example_dags/example_latest_only.py
[2024-02-02T15:33:37.090+0000] {processor.py:830} INFO - Processing file /home/airflow/.local/lib/python3.8/site-packages/airflow/example_dags/example_latest_only.py for tasks to queue
[2024-02-02T15:33:37.091+0000] {logging_mixin.py:188} INFO - [2024-02-02T15:33:37.091+0000] {dagbag.py:538} INFO - Filling up the DagBag from /home/airflow/.local/lib/python3.8/site-packages/airflow/example_dags/example_latest_only.py
[2024-02-02T15:33:37.098+0000] {processor.py:840} INFO - DAG(s) 'latest_only' retrieved from /home/airflow/.local/lib/python3.8/site-packages/airflow/example_dags/example_latest_only.py
[2024-02-02T15:33:37.124+0000] {logging_mixin.py:188} INFO - [2024-02-02T15:33:37.124+0000] {dag.py:3036} INFO - Sync 1 DAGs
[2024-02-02T15:33:37.151+0000] {logging_mixin.py:188} INFO - [2024-02-02T15:33:37.150+0000] {dag.py:3823} INFO - Setting next_dagrun for latest_only to 2024-02-02 08:00:00+00:00, run_after=2024-02-02 12:00:00+00:00
[2024-02-02T15:33:37.176+0000] {processor.py:183} INFO - Processing /home/airflow/.local/lib/python3.8/site-packages/airflow/example_dags/example_latest_only.py took 0.092 seconds
[2024-02-02T15:34:07.826+0000] {processor.py:161} INFO - Started process (PID=10407) to work on /home/airflow/.local/lib/python3.8/site-packages/airflow/example_dags/example_latest_only.py
[2024-02-02T15:34:07.828+0000] {processor.py:830} INFO - Processing file /home/airflow/.local/lib/python3.8/site-packages/airflow/example_dags/example_latest_only.py for tasks to queue
[2024-02-02T15:34:07.829+0000] {logging_mixin.py:188} INFO - [2024-02-02T15:34:07.829+0000] {dagbag.py:538} INFO - Filling up the DagBag from /home/airflow/.local/lib/python3.8/site-packages/airflow/example_dags/example_latest_only.py
[2024-02-02T15:34:07.838+0000] {processor.py:840} INFO - DAG(s) 'latest_only' retrieved from /home/airflow/.local/lib/python3.8/site-packages/airflow/example_dags/example_latest_only.py
[2024-02-02T15:34:07.863+0000] {logging_mixin.py:188} INFO - [2024-02-02T15:34:07.863+0000] {dag.py:3036} INFO - Sync 1 DAGs
[2024-02-02T15:34:07.891+0000] {logging_mixin.py:188} INFO - [2024-02-02T15:34:07.891+0000] {dag.py:3823} INFO - Setting next_dagrun for latest_only to 2024-02-02 08:00:00+00:00, run_after=2024-02-02 12:00:00+00:00
[2024-02-02T15:34:07.916+0000] {processor.py:183} INFO - Processing /home/airflow/.local/lib/python3.8/site-packages/airflow/example_dags/example_latest_only.py took 0.095 seconds
[2024-02-02T15:34:38.286+0000] {processor.py:161} INFO - Started process (PID=10654) to work on /home/airflow/.local/lib/python3.8/site-packages/airflow/example_dags/example_latest_only.py
[2024-02-02T15:34:38.287+0000] {processor.py:830} INFO - Processing file /home/airflow/.local/lib/python3.8/site-packages/airflow/example_dags/example_latest_only.py for tasks to queue
[2024-02-02T15:34:38.289+0000] {logging_mixin.py:188} INFO - [2024-02-02T15:34:38.289+0000] {dagbag.py:538} INFO - Filling up the DagBag from /home/airflow/.local/lib/python3.8/site-packages/airflow/example_dags/example_latest_only.py
[2024-02-02T15:34:38.299+0000] {processor.py:840} INFO - DAG(s) 'latest_only' retrieved from /home/airflow/.local/lib/python3.8/site-packages/airflow/example_dags/example_latest_only.py
[2024-02-02T15:34:38.325+0000] {logging_mixin.py:188} INFO - [2024-02-02T15:34:38.325+0000] {dag.py:3036} INFO - Sync 1 DAGs
[2024-02-02T15:34:38.357+0000] {logging_mixin.py:188} INFO - [2024-02-02T15:34:38.357+0000] {dag.py:3823} INFO - Setting next_dagrun for latest_only to 2024-02-02 08:00:00+00:00, run_after=2024-02-02 12:00:00+00:00
[2024-02-02T15:34:38.386+0000] {processor.py:183} INFO - Processing /home/airflow/.local/lib/python3.8/site-packages/airflow/example_dags/example_latest_only.py took 0.106 seconds
[2024-02-02T15:35:08.722+0000] {processor.py:161} INFO - Started process (PID=10903) to work on /home/airflow/.local/lib/python3.8/site-packages/airflow/example_dags/example_latest_only.py
[2024-02-02T15:35:08.723+0000] {processor.py:830} INFO - Processing file /home/airflow/.local/lib/python3.8/site-packages/airflow/example_dags/example_latest_only.py for tasks to queue
[2024-02-02T15:35:08.725+0000] {logging_mixin.py:188} INFO - [2024-02-02T15:35:08.725+0000] {dagbag.py:538} INFO - Filling up the DagBag from /home/airflow/.local/lib/python3.8/site-packages/airflow/example_dags/example_latest_only.py
[2024-02-02T15:35:08.734+0000] {processor.py:840} INFO - DAG(s) 'latest_only' retrieved from /home/airflow/.local/lib/python3.8/site-packages/airflow/example_dags/example_latest_only.py
[2024-02-02T15:35:08.761+0000] {logging_mixin.py:188} INFO - [2024-02-02T15:35:08.760+0000] {dag.py:3036} INFO - Sync 1 DAGs
[2024-02-02T15:35:08.789+0000] {logging_mixin.py:188} INFO - [2024-02-02T15:35:08.788+0000] {dag.py:3823} INFO - Setting next_dagrun for latest_only to 2024-02-02 08:00:00+00:00, run_after=2024-02-02 12:00:00+00:00
[2024-02-02T15:35:08.814+0000] {processor.py:183} INFO - Processing /home/airflow/.local/lib/python3.8/site-packages/airflow/example_dags/example_latest_only.py took 0.096 seconds
[2024-02-02T15:35:38.961+0000] {processor.py:161} INFO - Started process (PID=11148) to work on /home/airflow/.local/lib/python3.8/site-packages/airflow/example_dags/example_latest_only.py
[2024-02-02T15:35:38.962+0000] {processor.py:830} INFO - Processing file /home/airflow/.local/lib/python3.8/site-packages/airflow/example_dags/example_latest_only.py for tasks to queue
[2024-02-02T15:35:38.963+0000] {logging_mixin.py:188} INFO - [2024-02-02T15:35:38.963+0000] {dagbag.py:538} INFO - Filling up the DagBag from /home/airflow/.local/lib/python3.8/site-packages/airflow/example_dags/example_latest_only.py
[2024-02-02T15:35:38.970+0000] {processor.py:840} INFO - DAG(s) 'latest_only' retrieved from /home/airflow/.local/lib/python3.8/site-packages/airflow/example_dags/example_latest_only.py
[2024-02-02T15:35:38.994+0000] {logging_mixin.py:188} INFO - [2024-02-02T15:35:38.994+0000] {dag.py:3036} INFO - Sync 1 DAGs
[2024-02-02T15:35:39.024+0000] {logging_mixin.py:188} INFO - [2024-02-02T15:35:39.024+0000] {dag.py:3823} INFO - Setting next_dagrun for latest_only to 2024-02-02 08:00:00+00:00, run_after=2024-02-02 12:00:00+00:00
[2024-02-02T15:35:39.051+0000] {processor.py:183} INFO - Processing /home/airflow/.local/lib/python3.8/site-packages/airflow/example_dags/example_latest_only.py took 0.095 seconds
[2024-02-02T15:36:09.798+0000] {processor.py:161} INFO - Started process (PID=11395) to work on /home/airflow/.local/lib/python3.8/site-packages/airflow/example_dags/example_latest_only.py
[2024-02-02T15:36:09.800+0000] {processor.py:830} INFO - Processing file /home/airflow/.local/lib/python3.8/site-packages/airflow/example_dags/example_latest_only.py for tasks to queue
[2024-02-02T15:36:09.801+0000] {logging_mixin.py:188} INFO - [2024-02-02T15:36:09.801+0000] {dagbag.py:538} INFO - Filling up the DagBag from /home/airflow/.local/lib/python3.8/site-packages/airflow/example_dags/example_latest_only.py
[2024-02-02T15:36:09.809+0000] {processor.py:840} INFO - DAG(s) 'latest_only' retrieved from /home/airflow/.local/lib/python3.8/site-packages/airflow/example_dags/example_latest_only.py
[2024-02-02T15:36:09.841+0000] {logging_mixin.py:188} INFO - [2024-02-02T15:36:09.840+0000] {dag.py:3036} INFO - Sync 1 DAGs
[2024-02-02T15:36:09.879+0000] {logging_mixin.py:188} INFO - [2024-02-02T15:36:09.878+0000] {dag.py:3823} INFO - Setting next_dagrun for latest_only to 2024-02-02 08:00:00+00:00, run_after=2024-02-02 12:00:00+00:00
[2024-02-02T15:36:09.915+0000] {processor.py:183} INFO - Processing /home/airflow/.local/lib/python3.8/site-packages/airflow/example_dags/example_latest_only.py took 0.123 seconds
