[2024-02-02T15:13:18.556+0000] {processor.py:161} INFO - Started process (PID=296) to work on /home/airflow/.local/lib/python3.8/site-packages/airflow/example_dags/example_task_group_decorator.py
[2024-02-02T15:13:18.558+0000] {processor.py:830} INFO - Processing file /home/airflow/.local/lib/python3.8/site-packages/airflow/example_dags/example_task_group_decorator.py for tasks to queue
[2024-02-02T15:13:18.560+0000] {logging_mixin.py:188} INFO - [2024-02-02T15:13:18.559+0000] {dagbag.py:538} INFO - Filling up the DagBag from /home/airflow/.local/lib/python3.8/site-packages/airflow/example_dags/example_task_group_decorator.py
[2024-02-02T15:13:18.590+0000] {processor.py:840} INFO - DAG(s) 'example_task_group_decorator' retrieved from /home/airflow/.local/lib/python3.8/site-packages/airflow/example_dags/example_task_group_decorator.py
[2024-02-02T15:13:18.605+0000] {logging_mixin.py:188} INFO - [2024-02-02T15:13:18.605+0000] {dag.py:3036} INFO - Sync 1 DAGs
[2024-02-02T15:13:18.639+0000] {logging_mixin.py:188} INFO - [2024-02-02T15:13:18.639+0000] {dag.py:3823} INFO - Setting next_dagrun for example_task_group_decorator to 2024-02-01 00:00:00+00:00, run_after=2024-02-02 00:00:00+00:00
[2024-02-02T15:13:18.666+0000] {processor.py:183} INFO - Processing /home/airflow/.local/lib/python3.8/site-packages/airflow/example_dags/example_task_group_decorator.py took 0.114 seconds
[2024-02-02T15:13:51.240+0000] {processor.py:161} INFO - Started process (PID=543) to work on /home/airflow/.local/lib/python3.8/site-packages/airflow/example_dags/example_task_group_decorator.py
[2024-02-02T15:13:51.243+0000] {processor.py:830} INFO - Processing file /home/airflow/.local/lib/python3.8/site-packages/airflow/example_dags/example_task_group_decorator.py for tasks to queue
[2024-02-02T15:13:51.246+0000] {logging_mixin.py:188} INFO - [2024-02-02T15:13:51.245+0000] {dagbag.py:538} INFO - Filling up the DagBag from /home/airflow/.local/lib/python3.8/site-packages/airflow/example_dags/example_task_group_decorator.py
[2024-02-02T15:13:51.278+0000] {processor.py:840} INFO - DAG(s) 'example_task_group_decorator' retrieved from /home/airflow/.local/lib/python3.8/site-packages/airflow/example_dags/example_task_group_decorator.py
[2024-02-02T15:13:51.518+0000] {logging_mixin.py:188} INFO - [2024-02-02T15:13:51.517+0000] {dag.py:3036} INFO - Sync 1 DAGs
[2024-02-02T15:13:51.556+0000] {logging_mixin.py:188} INFO - [2024-02-02T15:13:51.555+0000] {dag.py:3823} INFO - Setting next_dagrun for example_task_group_decorator to 2024-02-01 00:00:00+00:00, run_after=2024-02-02 00:00:00+00:00
[2024-02-02T15:13:51.588+0000] {processor.py:183} INFO - Processing /home/airflow/.local/lib/python3.8/site-packages/airflow/example_dags/example_task_group_decorator.py took 0.357 seconds
[2024-02-02T15:14:22.509+0000] {processor.py:161} INFO - Started process (PID=792) to work on /home/airflow/.local/lib/python3.8/site-packages/airflow/example_dags/example_task_group_decorator.py
[2024-02-02T15:14:22.510+0000] {processor.py:830} INFO - Processing file /home/airflow/.local/lib/python3.8/site-packages/airflow/example_dags/example_task_group_decorator.py for tasks to queue
[2024-02-02T15:14:22.512+0000] {logging_mixin.py:188} INFO - [2024-02-02T15:14:22.512+0000] {dagbag.py:538} INFO - Filling up the DagBag from /home/airflow/.local/lib/python3.8/site-packages/airflow/example_dags/example_task_group_decorator.py
[2024-02-02T15:14:22.531+0000] {processor.py:840} INFO - DAG(s) 'example_task_group_decorator' retrieved from /home/airflow/.local/lib/python3.8/site-packages/airflow/example_dags/example_task_group_decorator.py
[2024-02-02T15:14:22.560+0000] {logging_mixin.py:188} INFO - [2024-02-02T15:14:22.560+0000] {dag.py:3036} INFO - Sync 1 DAGs
[2024-02-02T15:14:22.585+0000] {logging_mixin.py:188} INFO - [2024-02-02T15:14:22.585+0000] {dag.py:3823} INFO - Setting next_dagrun for example_task_group_decorator to 2024-02-01 00:00:00+00:00, run_after=2024-02-02 00:00:00+00:00
[2024-02-02T15:14:22.620+0000] {processor.py:183} INFO - Processing /home/airflow/.local/lib/python3.8/site-packages/airflow/example_dags/example_task_group_decorator.py took 0.115 seconds
[2024-02-02T15:14:52.698+0000] {processor.py:161} INFO - Started process (PID=1039) to work on /home/airflow/.local/lib/python3.8/site-packages/airflow/example_dags/example_task_group_decorator.py
[2024-02-02T15:14:52.699+0000] {processor.py:830} INFO - Processing file /home/airflow/.local/lib/python3.8/site-packages/airflow/example_dags/example_task_group_decorator.py for tasks to queue
[2024-02-02T15:14:52.701+0000] {logging_mixin.py:188} INFO - [2024-02-02T15:14:52.700+0000] {dagbag.py:538} INFO - Filling up the DagBag from /home/airflow/.local/lib/python3.8/site-packages/airflow/example_dags/example_task_group_decorator.py
[2024-02-02T15:14:52.719+0000] {processor.py:840} INFO - DAG(s) 'example_task_group_decorator' retrieved from /home/airflow/.local/lib/python3.8/site-packages/airflow/example_dags/example_task_group_decorator.py
[2024-02-02T15:14:52.749+0000] {logging_mixin.py:188} INFO - [2024-02-02T15:14:52.749+0000] {dag.py:3036} INFO - Sync 1 DAGs
[2024-02-02T15:14:52.775+0000] {logging_mixin.py:188} INFO - [2024-02-02T15:14:52.774+0000] {dag.py:3823} INFO - Setting next_dagrun for example_task_group_decorator to 2024-02-01 00:00:00+00:00, run_after=2024-02-02 00:00:00+00:00
[2024-02-02T15:14:52.810+0000] {processor.py:183} INFO - Processing /home/airflow/.local/lib/python3.8/site-packages/airflow/example_dags/example_task_group_decorator.py took 0.116 seconds
[2024-02-02T15:15:23.041+0000] {processor.py:161} INFO - Started process (PID=1286) to work on /home/airflow/.local/lib/python3.8/site-packages/airflow/example_dags/example_task_group_decorator.py
[2024-02-02T15:15:23.043+0000] {processor.py:830} INFO - Processing file /home/airflow/.local/lib/python3.8/site-packages/airflow/example_dags/example_task_group_decorator.py for tasks to queue
[2024-02-02T15:15:23.044+0000] {logging_mixin.py:188} INFO - [2024-02-02T15:15:23.044+0000] {dagbag.py:538} INFO - Filling up the DagBag from /home/airflow/.local/lib/python3.8/site-packages/airflow/example_dags/example_task_group_decorator.py
[2024-02-02T15:15:23.064+0000] {processor.py:840} INFO - DAG(s) 'example_task_group_decorator' retrieved from /home/airflow/.local/lib/python3.8/site-packages/airflow/example_dags/example_task_group_decorator.py
[2024-02-02T15:15:23.098+0000] {logging_mixin.py:188} INFO - [2024-02-02T15:15:23.097+0000] {dag.py:3036} INFO - Sync 1 DAGs
[2024-02-02T15:15:23.128+0000] {logging_mixin.py:188} INFO - [2024-02-02T15:15:23.128+0000] {dag.py:3823} INFO - Setting next_dagrun for example_task_group_decorator to 2024-02-01 00:00:00+00:00, run_after=2024-02-02 00:00:00+00:00
[2024-02-02T15:15:23.165+0000] {processor.py:183} INFO - Processing /home/airflow/.local/lib/python3.8/site-packages/airflow/example_dags/example_task_group_decorator.py took 0.128 seconds
[2024-02-02T15:15:53.691+0000] {processor.py:161} INFO - Started process (PID=1533) to work on /home/airflow/.local/lib/python3.8/site-packages/airflow/example_dags/example_task_group_decorator.py
[2024-02-02T15:15:53.693+0000] {processor.py:830} INFO - Processing file /home/airflow/.local/lib/python3.8/site-packages/airflow/example_dags/example_task_group_decorator.py for tasks to queue
[2024-02-02T15:15:53.695+0000] {logging_mixin.py:188} INFO - [2024-02-02T15:15:53.694+0000] {dagbag.py:538} INFO - Filling up the DagBag from /home/airflow/.local/lib/python3.8/site-packages/airflow/example_dags/example_task_group_decorator.py
[2024-02-02T15:15:53.726+0000] {processor.py:840} INFO - DAG(s) 'example_task_group_decorator' retrieved from /home/airflow/.local/lib/python3.8/site-packages/airflow/example_dags/example_task_group_decorator.py
[2024-02-02T15:15:53.775+0000] {logging_mixin.py:188} INFO - [2024-02-02T15:15:53.774+0000] {dag.py:3036} INFO - Sync 1 DAGs
[2024-02-02T15:15:53.829+0000] {logging_mixin.py:188} INFO - [2024-02-02T15:15:53.828+0000] {dag.py:3823} INFO - Setting next_dagrun for example_task_group_decorator to 2024-02-01 00:00:00+00:00, run_after=2024-02-02 00:00:00+00:00
[2024-02-02T15:15:53.879+0000] {processor.py:183} INFO - Processing /home/airflow/.local/lib/python3.8/site-packages/airflow/example_dags/example_task_group_decorator.py took 0.195 seconds
[2024-02-02T15:16:23.992+0000] {processor.py:161} INFO - Started process (PID=1780) to work on /home/airflow/.local/lib/python3.8/site-packages/airflow/example_dags/example_task_group_decorator.py
[2024-02-02T15:16:23.993+0000] {processor.py:830} INFO - Processing file /home/airflow/.local/lib/python3.8/site-packages/airflow/example_dags/example_task_group_decorator.py for tasks to queue
[2024-02-02T15:16:23.995+0000] {logging_mixin.py:188} INFO - [2024-02-02T15:16:23.994+0000] {dagbag.py:538} INFO - Filling up the DagBag from /home/airflow/.local/lib/python3.8/site-packages/airflow/example_dags/example_task_group_decorator.py
[2024-02-02T15:16:24.019+0000] {processor.py:840} INFO - DAG(s) 'example_task_group_decorator' retrieved from /home/airflow/.local/lib/python3.8/site-packages/airflow/example_dags/example_task_group_decorator.py
[2024-02-02T15:16:24.066+0000] {logging_mixin.py:188} INFO - [2024-02-02T15:16:24.066+0000] {dag.py:3036} INFO - Sync 1 DAGs
[2024-02-02T15:16:24.102+0000] {logging_mixin.py:188} INFO - [2024-02-02T15:16:24.102+0000] {dag.py:3823} INFO - Setting next_dagrun for example_task_group_decorator to 2024-02-01 00:00:00+00:00, run_after=2024-02-02 00:00:00+00:00
[2024-02-02T15:16:24.134+0000] {processor.py:183} INFO - Processing /home/airflow/.local/lib/python3.8/site-packages/airflow/example_dags/example_task_group_decorator.py took 0.148 seconds
[2024-02-02T15:16:54.546+0000] {processor.py:161} INFO - Started process (PID=2027) to work on /home/airflow/.local/lib/python3.8/site-packages/airflow/example_dags/example_task_group_decorator.py
[2024-02-02T15:16:54.548+0000] {processor.py:830} INFO - Processing file /home/airflow/.local/lib/python3.8/site-packages/airflow/example_dags/example_task_group_decorator.py for tasks to queue
[2024-02-02T15:16:54.550+0000] {logging_mixin.py:188} INFO - [2024-02-02T15:16:54.549+0000] {dagbag.py:538} INFO - Filling up the DagBag from /home/airflow/.local/lib/python3.8/site-packages/airflow/example_dags/example_task_group_decorator.py
[2024-02-02T15:16:54.588+0000] {processor.py:840} INFO - DAG(s) 'example_task_group_decorator' retrieved from /home/airflow/.local/lib/python3.8/site-packages/airflow/example_dags/example_task_group_decorator.py
[2024-02-02T15:16:54.648+0000] {logging_mixin.py:188} INFO - [2024-02-02T15:16:54.648+0000] {dag.py:3036} INFO - Sync 1 DAGs
[2024-02-02T15:16:54.732+0000] {logging_mixin.py:188} INFO - [2024-02-02T15:16:54.731+0000] {dag.py:3823} INFO - Setting next_dagrun for example_task_group_decorator to 2024-02-01 00:00:00+00:00, run_after=2024-02-02 00:00:00+00:00
[2024-02-02T15:16:54.789+0000] {processor.py:183} INFO - Processing /home/airflow/.local/lib/python3.8/site-packages/airflow/example_dags/example_task_group_decorator.py took 0.251 seconds
[2024-02-02T15:17:24.920+0000] {processor.py:161} INFO - Started process (PID=2274) to work on /home/airflow/.local/lib/python3.8/site-packages/airflow/example_dags/example_task_group_decorator.py
[2024-02-02T15:17:24.921+0000] {processor.py:830} INFO - Processing file /home/airflow/.local/lib/python3.8/site-packages/airflow/example_dags/example_task_group_decorator.py for tasks to queue
[2024-02-02T15:17:24.923+0000] {logging_mixin.py:188} INFO - [2024-02-02T15:17:24.923+0000] {dagbag.py:538} INFO - Filling up the DagBag from /home/airflow/.local/lib/python3.8/site-packages/airflow/example_dags/example_task_group_decorator.py
[2024-02-02T15:17:24.954+0000] {processor.py:840} INFO - DAG(s) 'example_task_group_decorator' retrieved from /home/airflow/.local/lib/python3.8/site-packages/airflow/example_dags/example_task_group_decorator.py
[2024-02-02T15:17:25.000+0000] {logging_mixin.py:188} INFO - [2024-02-02T15:17:25.000+0000] {dag.py:3036} INFO - Sync 1 DAGs
[2024-02-02T15:17:25.033+0000] {logging_mixin.py:188} INFO - [2024-02-02T15:17:25.032+0000] {dag.py:3823} INFO - Setting next_dagrun for example_task_group_decorator to 2024-02-01 00:00:00+00:00, run_after=2024-02-02 00:00:00+00:00
[2024-02-02T15:17:25.072+0000] {processor.py:183} INFO - Processing /home/airflow/.local/lib/python3.8/site-packages/airflow/example_dags/example_task_group_decorator.py took 0.157 seconds
[2024-02-02T15:17:55.198+0000] {processor.py:161} INFO - Started process (PID=2521) to work on /home/airflow/.local/lib/python3.8/site-packages/airflow/example_dags/example_task_group_decorator.py
[2024-02-02T15:17:55.200+0000] {processor.py:830} INFO - Processing file /home/airflow/.local/lib/python3.8/site-packages/airflow/example_dags/example_task_group_decorator.py for tasks to queue
[2024-02-02T15:17:55.202+0000] {logging_mixin.py:188} INFO - [2024-02-02T15:17:55.201+0000] {dagbag.py:538} INFO - Filling up the DagBag from /home/airflow/.local/lib/python3.8/site-packages/airflow/example_dags/example_task_group_decorator.py
[2024-02-02T15:17:55.235+0000] {processor.py:840} INFO - DAG(s) 'example_task_group_decorator' retrieved from /home/airflow/.local/lib/python3.8/site-packages/airflow/example_dags/example_task_group_decorator.py
[2024-02-02T15:17:55.285+0000] {logging_mixin.py:188} INFO - [2024-02-02T15:17:55.285+0000] {dag.py:3036} INFO - Sync 1 DAGs
[2024-02-02T15:17:55.332+0000] {logging_mixin.py:188} INFO - [2024-02-02T15:17:55.332+0000] {dag.py:3823} INFO - Setting next_dagrun for example_task_group_decorator to 2024-02-01 00:00:00+00:00, run_after=2024-02-02 00:00:00+00:00
[2024-02-02T15:17:55.379+0000] {processor.py:183} INFO - Processing /home/airflow/.local/lib/python3.8/site-packages/airflow/example_dags/example_task_group_decorator.py took 0.189 seconds
[2024-02-02T15:18:25.504+0000] {processor.py:161} INFO - Started process (PID=2816) to work on /home/airflow/.local/lib/python3.8/site-packages/airflow/example_dags/example_task_group_decorator.py
[2024-02-02T15:18:25.506+0000] {processor.py:830} INFO - Processing file /home/airflow/.local/lib/python3.8/site-packages/airflow/example_dags/example_task_group_decorator.py for tasks to queue
[2024-02-02T15:18:25.508+0000] {logging_mixin.py:188} INFO - [2024-02-02T15:18:25.508+0000] {dagbag.py:538} INFO - Filling up the DagBag from /home/airflow/.local/lib/python3.8/site-packages/airflow/example_dags/example_task_group_decorator.py
[2024-02-02T15:18:25.536+0000] {processor.py:840} INFO - DAG(s) 'example_task_group_decorator' retrieved from /home/airflow/.local/lib/python3.8/site-packages/airflow/example_dags/example_task_group_decorator.py
[2024-02-02T15:18:25.572+0000] {logging_mixin.py:188} INFO - [2024-02-02T15:18:25.572+0000] {dag.py:3036} INFO - Sync 1 DAGs
[2024-02-02T15:18:25.605+0000] {logging_mixin.py:188} INFO - [2024-02-02T15:18:25.605+0000] {dag.py:3823} INFO - Setting next_dagrun for example_task_group_decorator to 2024-02-01 00:00:00+00:00, run_after=2024-02-02 00:00:00+00:00
[2024-02-02T15:18:25.635+0000] {processor.py:183} INFO - Processing /home/airflow/.local/lib/python3.8/site-packages/airflow/example_dags/example_task_group_decorator.py took 0.136 seconds
[2024-02-02T15:18:56.131+0000] {processor.py:161} INFO - Started process (PID=3063) to work on /home/airflow/.local/lib/python3.8/site-packages/airflow/example_dags/example_task_group_decorator.py
[2024-02-02T15:18:56.133+0000] {processor.py:830} INFO - Processing file /home/airflow/.local/lib/python3.8/site-packages/airflow/example_dags/example_task_group_decorator.py for tasks to queue
[2024-02-02T15:18:56.135+0000] {logging_mixin.py:188} INFO - [2024-02-02T15:18:56.134+0000] {dagbag.py:538} INFO - Filling up the DagBag from /home/airflow/.local/lib/python3.8/site-packages/airflow/example_dags/example_task_group_decorator.py
[2024-02-02T15:18:56.155+0000] {processor.py:840} INFO - DAG(s) 'example_task_group_decorator' retrieved from /home/airflow/.local/lib/python3.8/site-packages/airflow/example_dags/example_task_group_decorator.py
[2024-02-02T15:18:56.184+0000] {logging_mixin.py:188} INFO - [2024-02-02T15:18:56.184+0000] {dag.py:3036} INFO - Sync 1 DAGs
[2024-02-02T15:18:56.210+0000] {logging_mixin.py:188} INFO - [2024-02-02T15:18:56.210+0000] {dag.py:3823} INFO - Setting next_dagrun for example_task_group_decorator to 2024-02-01 00:00:00+00:00, run_after=2024-02-02 00:00:00+00:00
[2024-02-02T15:18:56.235+0000] {processor.py:183} INFO - Processing /home/airflow/.local/lib/python3.8/site-packages/airflow/example_dags/example_task_group_decorator.py took 0.108 seconds
[2024-02-02T15:19:26.353+0000] {processor.py:161} INFO - Started process (PID=3311) to work on /home/airflow/.local/lib/python3.8/site-packages/airflow/example_dags/example_task_group_decorator.py
[2024-02-02T15:19:26.355+0000] {processor.py:830} INFO - Processing file /home/airflow/.local/lib/python3.8/site-packages/airflow/example_dags/example_task_group_decorator.py for tasks to queue
[2024-02-02T15:19:26.357+0000] {logging_mixin.py:188} INFO - [2024-02-02T15:19:26.356+0000] {dagbag.py:538} INFO - Filling up the DagBag from /home/airflow/.local/lib/python3.8/site-packages/airflow/example_dags/example_task_group_decorator.py
[2024-02-02T15:19:26.376+0000] {processor.py:840} INFO - DAG(s) 'example_task_group_decorator' retrieved from /home/airflow/.local/lib/python3.8/site-packages/airflow/example_dags/example_task_group_decorator.py
[2024-02-02T15:19:26.405+0000] {logging_mixin.py:188} INFO - [2024-02-02T15:19:26.405+0000] {dag.py:3036} INFO - Sync 1 DAGs
[2024-02-02T15:19:26.431+0000] {logging_mixin.py:188} INFO - [2024-02-02T15:19:26.431+0000] {dag.py:3823} INFO - Setting next_dagrun for example_task_group_decorator to 2024-02-01 00:00:00+00:00, run_after=2024-02-02 00:00:00+00:00
[2024-02-02T15:19:26.456+0000] {processor.py:183} INFO - Processing /home/airflow/.local/lib/python3.8/site-packages/airflow/example_dags/example_task_group_decorator.py took 0.109 seconds
[2024-02-02T15:19:56.732+0000] {processor.py:161} INFO - Started process (PID=3558) to work on /home/airflow/.local/lib/python3.8/site-packages/airflow/example_dags/example_task_group_decorator.py
[2024-02-02T15:19:56.734+0000] {processor.py:830} INFO - Processing file /home/airflow/.local/lib/python3.8/site-packages/airflow/example_dags/example_task_group_decorator.py for tasks to queue
[2024-02-02T15:19:56.736+0000] {logging_mixin.py:188} INFO - [2024-02-02T15:19:56.735+0000] {dagbag.py:538} INFO - Filling up the DagBag from /home/airflow/.local/lib/python3.8/site-packages/airflow/example_dags/example_task_group_decorator.py
[2024-02-02T15:19:56.756+0000] {processor.py:840} INFO - DAG(s) 'example_task_group_decorator' retrieved from /home/airflow/.local/lib/python3.8/site-packages/airflow/example_dags/example_task_group_decorator.py
[2024-02-02T15:19:56.786+0000] {logging_mixin.py:188} INFO - [2024-02-02T15:19:56.785+0000] {dag.py:3036} INFO - Sync 1 DAGs
[2024-02-02T15:19:56.813+0000] {logging_mixin.py:188} INFO - [2024-02-02T15:19:56.813+0000] {dag.py:3823} INFO - Setting next_dagrun for example_task_group_decorator to 2024-02-01 00:00:00+00:00, run_after=2024-02-02 00:00:00+00:00
[2024-02-02T15:19:56.856+0000] {processor.py:183} INFO - Processing /home/airflow/.local/lib/python3.8/site-packages/airflow/example_dags/example_task_group_decorator.py took 0.128 seconds
[2024-02-02T15:20:27.313+0000] {processor.py:161} INFO - Started process (PID=3805) to work on /home/airflow/.local/lib/python3.8/site-packages/airflow/example_dags/example_task_group_decorator.py
[2024-02-02T15:20:27.314+0000] {processor.py:830} INFO - Processing file /home/airflow/.local/lib/python3.8/site-packages/airflow/example_dags/example_task_group_decorator.py for tasks to queue
[2024-02-02T15:20:27.316+0000] {logging_mixin.py:188} INFO - [2024-02-02T15:20:27.315+0000] {dagbag.py:538} INFO - Filling up the DagBag from /home/airflow/.local/lib/python3.8/site-packages/airflow/example_dags/example_task_group_decorator.py
[2024-02-02T15:20:27.335+0000] {processor.py:840} INFO - DAG(s) 'example_task_group_decorator' retrieved from /home/airflow/.local/lib/python3.8/site-packages/airflow/example_dags/example_task_group_decorator.py
[2024-02-02T15:20:27.364+0000] {logging_mixin.py:188} INFO - [2024-02-02T15:20:27.363+0000] {dag.py:3036} INFO - Sync 1 DAGs
[2024-02-02T15:20:27.390+0000] {logging_mixin.py:188} INFO - [2024-02-02T15:20:27.390+0000] {dag.py:3823} INFO - Setting next_dagrun for example_task_group_decorator to 2024-02-01 00:00:00+00:00, run_after=2024-02-02 00:00:00+00:00
[2024-02-02T15:20:27.433+0000] {processor.py:183} INFO - Processing /home/airflow/.local/lib/python3.8/site-packages/airflow/example_dags/example_task_group_decorator.py took 0.124 seconds
[2024-02-02T15:20:57.643+0000] {processor.py:161} INFO - Started process (PID=4052) to work on /home/airflow/.local/lib/python3.8/site-packages/airflow/example_dags/example_task_group_decorator.py
[2024-02-02T15:20:57.645+0000] {processor.py:830} INFO - Processing file /home/airflow/.local/lib/python3.8/site-packages/airflow/example_dags/example_task_group_decorator.py for tasks to queue
[2024-02-02T15:20:57.647+0000] {logging_mixin.py:188} INFO - [2024-02-02T15:20:57.647+0000] {dagbag.py:538} INFO - Filling up the DagBag from /home/airflow/.local/lib/python3.8/site-packages/airflow/example_dags/example_task_group_decorator.py
[2024-02-02T15:20:57.675+0000] {processor.py:840} INFO - DAG(s) 'example_task_group_decorator' retrieved from /home/airflow/.local/lib/python3.8/site-packages/airflow/example_dags/example_task_group_decorator.py
[2024-02-02T15:20:57.721+0000] {logging_mixin.py:188} INFO - [2024-02-02T15:20:57.721+0000] {dag.py:3036} INFO - Sync 1 DAGs
[2024-02-02T15:20:57.765+0000] {logging_mixin.py:188} INFO - [2024-02-02T15:20:57.765+0000] {dag.py:3823} INFO - Setting next_dagrun for example_task_group_decorator to 2024-02-01 00:00:00+00:00, run_after=2024-02-02 00:00:00+00:00
[2024-02-02T15:20:57.805+0000] {processor.py:183} INFO - Processing /home/airflow/.local/lib/python3.8/site-packages/airflow/example_dags/example_task_group_decorator.py took 0.167 seconds
[2024-02-02T15:21:27.909+0000] {processor.py:161} INFO - Started process (PID=4299) to work on /home/airflow/.local/lib/python3.8/site-packages/airflow/example_dags/example_task_group_decorator.py
[2024-02-02T15:21:27.910+0000] {processor.py:830} INFO - Processing file /home/airflow/.local/lib/python3.8/site-packages/airflow/example_dags/example_task_group_decorator.py for tasks to queue
[2024-02-02T15:21:27.912+0000] {logging_mixin.py:188} INFO - [2024-02-02T15:21:27.911+0000] {dagbag.py:538} INFO - Filling up the DagBag from /home/airflow/.local/lib/python3.8/site-packages/airflow/example_dags/example_task_group_decorator.py
[2024-02-02T15:21:27.931+0000] {processor.py:840} INFO - DAG(s) 'example_task_group_decorator' retrieved from /home/airflow/.local/lib/python3.8/site-packages/airflow/example_dags/example_task_group_decorator.py
[2024-02-02T15:21:27.971+0000] {logging_mixin.py:188} INFO - [2024-02-02T15:21:27.970+0000] {dag.py:3036} INFO - Sync 1 DAGs
[2024-02-02T15:21:28.003+0000] {logging_mixin.py:188} INFO - [2024-02-02T15:21:28.002+0000] {dag.py:3823} INFO - Setting next_dagrun for example_task_group_decorator to 2024-02-01 00:00:00+00:00, run_after=2024-02-02 00:00:00+00:00
[2024-02-02T15:21:28.038+0000] {processor.py:183} INFO - Processing /home/airflow/.local/lib/python3.8/site-packages/airflow/example_dags/example_task_group_decorator.py took 0.134 seconds
[2024-02-02T15:21:58.193+0000] {processor.py:161} INFO - Started process (PID=4546) to work on /home/airflow/.local/lib/python3.8/site-packages/airflow/example_dags/example_task_group_decorator.py
[2024-02-02T15:21:58.194+0000] {processor.py:830} INFO - Processing file /home/airflow/.local/lib/python3.8/site-packages/airflow/example_dags/example_task_group_decorator.py for tasks to queue
[2024-02-02T15:21:58.197+0000] {logging_mixin.py:188} INFO - [2024-02-02T15:21:58.196+0000] {dagbag.py:538} INFO - Filling up the DagBag from /home/airflow/.local/lib/python3.8/site-packages/airflow/example_dags/example_task_group_decorator.py
[2024-02-02T15:21:58.222+0000] {processor.py:840} INFO - DAG(s) 'example_task_group_decorator' retrieved from /home/airflow/.local/lib/python3.8/site-packages/airflow/example_dags/example_task_group_decorator.py
[2024-02-02T15:21:58.258+0000] {logging_mixin.py:188} INFO - [2024-02-02T15:21:58.258+0000] {dag.py:3036} INFO - Sync 1 DAGs
[2024-02-02T15:21:58.287+0000] {logging_mixin.py:188} INFO - [2024-02-02T15:21:58.287+0000] {dag.py:3823} INFO - Setting next_dagrun for example_task_group_decorator to 2024-02-01 00:00:00+00:00, run_after=2024-02-02 00:00:00+00:00
[2024-02-02T15:21:58.312+0000] {processor.py:183} INFO - Processing /home/airflow/.local/lib/python3.8/site-packages/airflow/example_dags/example_task_group_decorator.py took 0.125 seconds
[2024-02-02T15:22:28.387+0000] {processor.py:161} INFO - Started process (PID=4791) to work on /home/airflow/.local/lib/python3.8/site-packages/airflow/example_dags/example_task_group_decorator.py
[2024-02-02T15:22:28.389+0000] {processor.py:830} INFO - Processing file /home/airflow/.local/lib/python3.8/site-packages/airflow/example_dags/example_task_group_decorator.py for tasks to queue
[2024-02-02T15:22:28.390+0000] {logging_mixin.py:188} INFO - [2024-02-02T15:22:28.390+0000] {dagbag.py:538} INFO - Filling up the DagBag from /home/airflow/.local/lib/python3.8/site-packages/airflow/example_dags/example_task_group_decorator.py
[2024-02-02T15:22:28.410+0000] {processor.py:840} INFO - DAG(s) 'example_task_group_decorator' retrieved from /home/airflow/.local/lib/python3.8/site-packages/airflow/example_dags/example_task_group_decorator.py
[2024-02-02T15:22:28.450+0000] {logging_mixin.py:188} INFO - [2024-02-02T15:22:28.450+0000] {dag.py:3036} INFO - Sync 1 DAGs
[2024-02-02T15:22:28.479+0000] {logging_mixin.py:188} INFO - [2024-02-02T15:22:28.479+0000] {dag.py:3823} INFO - Setting next_dagrun for example_task_group_decorator to 2024-02-01 00:00:00+00:00, run_after=2024-02-02 00:00:00+00:00
[2024-02-02T15:22:28.516+0000] {processor.py:183} INFO - Processing /home/airflow/.local/lib/python3.8/site-packages/airflow/example_dags/example_task_group_decorator.py took 0.132 seconds
[2024-02-02T15:22:59.451+0000] {processor.py:161} INFO - Started process (PID=5044) to work on /home/airflow/.local/lib/python3.8/site-packages/airflow/example_dags/example_task_group_decorator.py
[2024-02-02T15:22:59.453+0000] {processor.py:830} INFO - Processing file /home/airflow/.local/lib/python3.8/site-packages/airflow/example_dags/example_task_group_decorator.py for tasks to queue
[2024-02-02T15:22:59.454+0000] {logging_mixin.py:188} INFO - [2024-02-02T15:22:59.454+0000] {dagbag.py:538} INFO - Filling up the DagBag from /home/airflow/.local/lib/python3.8/site-packages/airflow/example_dags/example_task_group_decorator.py
[2024-02-02T15:22:59.473+0000] {processor.py:840} INFO - DAG(s) 'example_task_group_decorator' retrieved from /home/airflow/.local/lib/python3.8/site-packages/airflow/example_dags/example_task_group_decorator.py
[2024-02-02T15:22:59.505+0000] {logging_mixin.py:188} INFO - [2024-02-02T15:22:59.505+0000] {dag.py:3036} INFO - Sync 1 DAGs
[2024-02-02T15:22:59.536+0000] {logging_mixin.py:188} INFO - [2024-02-02T15:22:59.535+0000] {dag.py:3823} INFO - Setting next_dagrun for example_task_group_decorator to 2024-02-01 00:00:00+00:00, run_after=2024-02-02 00:00:00+00:00
[2024-02-02T15:22:59.571+0000] {processor.py:183} INFO - Processing /home/airflow/.local/lib/python3.8/site-packages/airflow/example_dags/example_task_group_decorator.py took 0.125 seconds
[2024-02-02T15:23:30.261+0000] {processor.py:161} INFO - Started process (PID=5291) to work on /home/airflow/.local/lib/python3.8/site-packages/airflow/example_dags/example_task_group_decorator.py
[2024-02-02T15:23:30.262+0000] {processor.py:830} INFO - Processing file /home/airflow/.local/lib/python3.8/site-packages/airflow/example_dags/example_task_group_decorator.py for tasks to queue
[2024-02-02T15:23:30.264+0000] {logging_mixin.py:188} INFO - [2024-02-02T15:23:30.263+0000] {dagbag.py:538} INFO - Filling up the DagBag from /home/airflow/.local/lib/python3.8/site-packages/airflow/example_dags/example_task_group_decorator.py
[2024-02-02T15:23:30.284+0000] {processor.py:840} INFO - DAG(s) 'example_task_group_decorator' retrieved from /home/airflow/.local/lib/python3.8/site-packages/airflow/example_dags/example_task_group_decorator.py
[2024-02-02T15:23:30.315+0000] {logging_mixin.py:188} INFO - [2024-02-02T15:23:30.314+0000] {dag.py:3036} INFO - Sync 1 DAGs
[2024-02-02T15:23:30.342+0000] {logging_mixin.py:188} INFO - [2024-02-02T15:23:30.342+0000] {dag.py:3823} INFO - Setting next_dagrun for example_task_group_decorator to 2024-02-01 00:00:00+00:00, run_after=2024-02-02 00:00:00+00:00
[2024-02-02T15:23:30.376+0000] {processor.py:183} INFO - Processing /home/airflow/.local/lib/python3.8/site-packages/airflow/example_dags/example_task_group_decorator.py took 0.118 seconds
[2024-02-02T15:24:00.909+0000] {processor.py:161} INFO - Started process (PID=5538) to work on /home/airflow/.local/lib/python3.8/site-packages/airflow/example_dags/example_task_group_decorator.py
[2024-02-02T15:24:00.911+0000] {processor.py:830} INFO - Processing file /home/airflow/.local/lib/python3.8/site-packages/airflow/example_dags/example_task_group_decorator.py for tasks to queue
[2024-02-02T15:24:00.913+0000] {logging_mixin.py:188} INFO - [2024-02-02T15:24:00.912+0000] {dagbag.py:538} INFO - Filling up the DagBag from /home/airflow/.local/lib/python3.8/site-packages/airflow/example_dags/example_task_group_decorator.py
[2024-02-02T15:24:00.934+0000] {processor.py:840} INFO - DAG(s) 'example_task_group_decorator' retrieved from /home/airflow/.local/lib/python3.8/site-packages/airflow/example_dags/example_task_group_decorator.py
[2024-02-02T15:24:00.966+0000] {logging_mixin.py:188} INFO - [2024-02-02T15:24:00.966+0000] {dag.py:3036} INFO - Sync 1 DAGs
[2024-02-02T15:24:01.002+0000] {logging_mixin.py:188} INFO - [2024-02-02T15:24:01.002+0000] {dag.py:3823} INFO - Setting next_dagrun for example_task_group_decorator to 2024-02-01 00:00:00+00:00, run_after=2024-02-02 00:00:00+00:00
[2024-02-02T15:24:01.031+0000] {processor.py:183} INFO - Processing /home/airflow/.local/lib/python3.8/site-packages/airflow/example_dags/example_task_group_decorator.py took 0.126 seconds
[2024-02-02T15:24:31.199+0000] {processor.py:161} INFO - Started process (PID=5782) to work on /home/airflow/.local/lib/python3.8/site-packages/airflow/example_dags/example_task_group_decorator.py
[2024-02-02T15:24:31.200+0000] {processor.py:830} INFO - Processing file /home/airflow/.local/lib/python3.8/site-packages/airflow/example_dags/example_task_group_decorator.py for tasks to queue
[2024-02-02T15:24:31.202+0000] {logging_mixin.py:188} INFO - [2024-02-02T15:24:31.202+0000] {dagbag.py:538} INFO - Filling up the DagBag from /home/airflow/.local/lib/python3.8/site-packages/airflow/example_dags/example_task_group_decorator.py
[2024-02-02T15:24:31.221+0000] {processor.py:840} INFO - DAG(s) 'example_task_group_decorator' retrieved from /home/airflow/.local/lib/python3.8/site-packages/airflow/example_dags/example_task_group_decorator.py
[2024-02-02T15:24:31.250+0000] {logging_mixin.py:188} INFO - [2024-02-02T15:24:31.249+0000] {dag.py:3036} INFO - Sync 1 DAGs
[2024-02-02T15:24:31.282+0000] {logging_mixin.py:188} INFO - [2024-02-02T15:24:31.282+0000] {dag.py:3823} INFO - Setting next_dagrun for example_task_group_decorator to 2024-02-01 00:00:00+00:00, run_after=2024-02-02 00:00:00+00:00
[2024-02-02T15:24:31.306+0000] {processor.py:183} INFO - Processing /home/airflow/.local/lib/python3.8/site-packages/airflow/example_dags/example_task_group_decorator.py took 0.111 seconds
[2024-02-02T15:25:02.061+0000] {processor.py:161} INFO - Started process (PID=6032) to work on /home/airflow/.local/lib/python3.8/site-packages/airflow/example_dags/example_task_group_decorator.py
[2024-02-02T15:25:02.062+0000] {processor.py:830} INFO - Processing file /home/airflow/.local/lib/python3.8/site-packages/airflow/example_dags/example_task_group_decorator.py for tasks to queue
[2024-02-02T15:25:02.063+0000] {logging_mixin.py:188} INFO - [2024-02-02T15:25:02.063+0000] {dagbag.py:538} INFO - Filling up the DagBag from /home/airflow/.local/lib/python3.8/site-packages/airflow/example_dags/example_task_group_decorator.py
[2024-02-02T15:25:02.086+0000] {processor.py:840} INFO - DAG(s) 'example_task_group_decorator' retrieved from /home/airflow/.local/lib/python3.8/site-packages/airflow/example_dags/example_task_group_decorator.py
[2024-02-02T15:25:02.122+0000] {logging_mixin.py:188} INFO - [2024-02-02T15:25:02.122+0000] {dag.py:3036} INFO - Sync 1 DAGs
[2024-02-02T15:25:02.152+0000] {logging_mixin.py:188} INFO - [2024-02-02T15:25:02.151+0000] {dag.py:3823} INFO - Setting next_dagrun for example_task_group_decorator to 2024-02-01 00:00:00+00:00, run_after=2024-02-02 00:00:00+00:00
[2024-02-02T15:25:02.189+0000] {processor.py:183} INFO - Processing /home/airflow/.local/lib/python3.8/site-packages/airflow/example_dags/example_task_group_decorator.py took 0.132 seconds
[2024-02-02T15:25:32.496+0000] {processor.py:161} INFO - Started process (PID=6279) to work on /home/airflow/.local/lib/python3.8/site-packages/airflow/example_dags/example_task_group_decorator.py
[2024-02-02T15:25:32.497+0000] {processor.py:830} INFO - Processing file /home/airflow/.local/lib/python3.8/site-packages/airflow/example_dags/example_task_group_decorator.py for tasks to queue
[2024-02-02T15:25:32.498+0000] {logging_mixin.py:188} INFO - [2024-02-02T15:25:32.498+0000] {dagbag.py:538} INFO - Filling up the DagBag from /home/airflow/.local/lib/python3.8/site-packages/airflow/example_dags/example_task_group_decorator.py
[2024-02-02T15:25:32.517+0000] {processor.py:840} INFO - DAG(s) 'example_task_group_decorator' retrieved from /home/airflow/.local/lib/python3.8/site-packages/airflow/example_dags/example_task_group_decorator.py
[2024-02-02T15:25:32.551+0000] {logging_mixin.py:188} INFO - [2024-02-02T15:25:32.550+0000] {dag.py:3036} INFO - Sync 1 DAGs
[2024-02-02T15:25:32.579+0000] {logging_mixin.py:188} INFO - [2024-02-02T15:25:32.578+0000] {dag.py:3823} INFO - Setting next_dagrun for example_task_group_decorator to 2024-02-01 00:00:00+00:00, run_after=2024-02-02 00:00:00+00:00
[2024-02-02T15:25:32.605+0000] {processor.py:183} INFO - Processing /home/airflow/.local/lib/python3.8/site-packages/airflow/example_dags/example_task_group_decorator.py took 0.114 seconds
[2024-02-02T15:26:03.130+0000] {processor.py:161} INFO - Started process (PID=6526) to work on /home/airflow/.local/lib/python3.8/site-packages/airflow/example_dags/example_task_group_decorator.py
[2024-02-02T15:26:03.131+0000] {processor.py:830} INFO - Processing file /home/airflow/.local/lib/python3.8/site-packages/airflow/example_dags/example_task_group_decorator.py for tasks to queue
[2024-02-02T15:26:03.133+0000] {logging_mixin.py:188} INFO - [2024-02-02T15:26:03.133+0000] {dagbag.py:538} INFO - Filling up the DagBag from /home/airflow/.local/lib/python3.8/site-packages/airflow/example_dags/example_task_group_decorator.py
[2024-02-02T15:26:03.153+0000] {processor.py:840} INFO - DAG(s) 'example_task_group_decorator' retrieved from /home/airflow/.local/lib/python3.8/site-packages/airflow/example_dags/example_task_group_decorator.py
[2024-02-02T15:26:03.183+0000] {logging_mixin.py:188} INFO - [2024-02-02T15:26:03.183+0000] {dag.py:3036} INFO - Sync 1 DAGs
[2024-02-02T15:26:03.212+0000] {logging_mixin.py:188} INFO - [2024-02-02T15:26:03.212+0000] {dag.py:3823} INFO - Setting next_dagrun for example_task_group_decorator to 2024-02-01 00:00:00+00:00, run_after=2024-02-02 00:00:00+00:00
[2024-02-02T15:26:03.250+0000] {processor.py:183} INFO - Processing /home/airflow/.local/lib/python3.8/site-packages/airflow/example_dags/example_task_group_decorator.py took 0.124 seconds
[2024-02-02T15:26:33.828+0000] {processor.py:161} INFO - Started process (PID=6773) to work on /home/airflow/.local/lib/python3.8/site-packages/airflow/example_dags/example_task_group_decorator.py
[2024-02-02T15:26:33.829+0000] {processor.py:830} INFO - Processing file /home/airflow/.local/lib/python3.8/site-packages/airflow/example_dags/example_task_group_decorator.py for tasks to queue
[2024-02-02T15:26:33.831+0000] {logging_mixin.py:188} INFO - [2024-02-02T15:26:33.830+0000] {dagbag.py:538} INFO - Filling up the DagBag from /home/airflow/.local/lib/python3.8/site-packages/airflow/example_dags/example_task_group_decorator.py
[2024-02-02T15:26:33.850+0000] {processor.py:840} INFO - DAG(s) 'example_task_group_decorator' retrieved from /home/airflow/.local/lib/python3.8/site-packages/airflow/example_dags/example_task_group_decorator.py
[2024-02-02T15:26:33.880+0000] {logging_mixin.py:188} INFO - [2024-02-02T15:26:33.880+0000] {dag.py:3036} INFO - Sync 1 DAGs
[2024-02-02T15:26:33.906+0000] {logging_mixin.py:188} INFO - [2024-02-02T15:26:33.906+0000] {dag.py:3823} INFO - Setting next_dagrun for example_task_group_decorator to 2024-02-01 00:00:00+00:00, run_after=2024-02-02 00:00:00+00:00
[2024-02-02T15:26:33.940+0000] {processor.py:183} INFO - Processing /home/airflow/.local/lib/python3.8/site-packages/airflow/example_dags/example_task_group_decorator.py took 0.117 seconds
[2024-02-02T15:27:04.088+0000] {processor.py:161} INFO - Started process (PID=7017) to work on /home/airflow/.local/lib/python3.8/site-packages/airflow/example_dags/example_task_group_decorator.py
[2024-02-02T15:27:04.089+0000] {processor.py:830} INFO - Processing file /home/airflow/.local/lib/python3.8/site-packages/airflow/example_dags/example_task_group_decorator.py for tasks to queue
[2024-02-02T15:27:04.090+0000] {logging_mixin.py:188} INFO - [2024-02-02T15:27:04.090+0000] {dagbag.py:538} INFO - Filling up the DagBag from /home/airflow/.local/lib/python3.8/site-packages/airflow/example_dags/example_task_group_decorator.py
[2024-02-02T15:27:04.107+0000] {processor.py:840} INFO - DAG(s) 'example_task_group_decorator' retrieved from /home/airflow/.local/lib/python3.8/site-packages/airflow/example_dags/example_task_group_decorator.py
[2024-02-02T15:27:04.133+0000] {logging_mixin.py:188} INFO - [2024-02-02T15:27:04.133+0000] {dag.py:3036} INFO - Sync 1 DAGs
[2024-02-02T15:27:04.156+0000] {logging_mixin.py:188} INFO - [2024-02-02T15:27:04.156+0000] {dag.py:3823} INFO - Setting next_dagrun for example_task_group_decorator to 2024-02-01 00:00:00+00:00, run_after=2024-02-02 00:00:00+00:00
[2024-02-02T15:27:04.188+0000] {processor.py:183} INFO - Processing /home/airflow/.local/lib/python3.8/site-packages/airflow/example_dags/example_task_group_decorator.py took 0.103 seconds
[2024-02-02T15:27:34.954+0000] {processor.py:161} INFO - Started process (PID=7267) to work on /home/airflow/.local/lib/python3.8/site-packages/airflow/example_dags/example_task_group_decorator.py
[2024-02-02T15:27:34.956+0000] {processor.py:830} INFO - Processing file /home/airflow/.local/lib/python3.8/site-packages/airflow/example_dags/example_task_group_decorator.py for tasks to queue
[2024-02-02T15:27:34.958+0000] {logging_mixin.py:188} INFO - [2024-02-02T15:27:34.957+0000] {dagbag.py:538} INFO - Filling up the DagBag from /home/airflow/.local/lib/python3.8/site-packages/airflow/example_dags/example_task_group_decorator.py
[2024-02-02T15:27:34.982+0000] {processor.py:840} INFO - DAG(s) 'example_task_group_decorator' retrieved from /home/airflow/.local/lib/python3.8/site-packages/airflow/example_dags/example_task_group_decorator.py
[2024-02-02T15:27:35.016+0000] {logging_mixin.py:188} INFO - [2024-02-02T15:27:35.016+0000] {dag.py:3036} INFO - Sync 1 DAGs
[2024-02-02T15:27:35.042+0000] {logging_mixin.py:188} INFO - [2024-02-02T15:27:35.042+0000] {dag.py:3823} INFO - Setting next_dagrun for example_task_group_decorator to 2024-02-01 00:00:00+00:00, run_after=2024-02-02 00:00:00+00:00
[2024-02-02T15:27:35.068+0000] {processor.py:183} INFO - Processing /home/airflow/.local/lib/python3.8/site-packages/airflow/example_dags/example_task_group_decorator.py took 0.118 seconds
[2024-02-02T15:28:05.233+0000] {processor.py:161} INFO - Started process (PID=7511) to work on /home/airflow/.local/lib/python3.8/site-packages/airflow/example_dags/example_task_group_decorator.py
[2024-02-02T15:28:05.234+0000] {processor.py:830} INFO - Processing file /home/airflow/.local/lib/python3.8/site-packages/airflow/example_dags/example_task_group_decorator.py for tasks to queue
[2024-02-02T15:28:05.235+0000] {logging_mixin.py:188} INFO - [2024-02-02T15:28:05.235+0000] {dagbag.py:538} INFO - Filling up the DagBag from /home/airflow/.local/lib/python3.8/site-packages/airflow/example_dags/example_task_group_decorator.py
[2024-02-02T15:28:05.252+0000] {processor.py:840} INFO - DAG(s) 'example_task_group_decorator' retrieved from /home/airflow/.local/lib/python3.8/site-packages/airflow/example_dags/example_task_group_decorator.py
[2024-02-02T15:28:05.280+0000] {logging_mixin.py:188} INFO - [2024-02-02T15:28:05.280+0000] {dag.py:3036} INFO - Sync 1 DAGs
[2024-02-02T15:28:05.305+0000] {logging_mixin.py:188} INFO - [2024-02-02T15:28:05.305+0000] {dag.py:3823} INFO - Setting next_dagrun for example_task_group_decorator to 2024-02-01 00:00:00+00:00, run_after=2024-02-02 00:00:00+00:00
[2024-02-02T15:28:05.339+0000] {processor.py:183} INFO - Processing /home/airflow/.local/lib/python3.8/site-packages/airflow/example_dags/example_task_group_decorator.py took 0.110 seconds
[2024-02-02T15:28:35.646+0000] {processor.py:161} INFO - Started process (PID=7758) to work on /home/airflow/.local/lib/python3.8/site-packages/airflow/example_dags/example_task_group_decorator.py
[2024-02-02T15:28:35.647+0000] {processor.py:830} INFO - Processing file /home/airflow/.local/lib/python3.8/site-packages/airflow/example_dags/example_task_group_decorator.py for tasks to queue
[2024-02-02T15:28:35.649+0000] {logging_mixin.py:188} INFO - [2024-02-02T15:28:35.648+0000] {dagbag.py:538} INFO - Filling up the DagBag from /home/airflow/.local/lib/python3.8/site-packages/airflow/example_dags/example_task_group_decorator.py
[2024-02-02T15:28:35.668+0000] {processor.py:840} INFO - DAG(s) 'example_task_group_decorator' retrieved from /home/airflow/.local/lib/python3.8/site-packages/airflow/example_dags/example_task_group_decorator.py
[2024-02-02T15:28:35.698+0000] {logging_mixin.py:188} INFO - [2024-02-02T15:28:35.697+0000] {dag.py:3036} INFO - Sync 1 DAGs
[2024-02-02T15:28:35.725+0000] {logging_mixin.py:188} INFO - [2024-02-02T15:28:35.725+0000] {dag.py:3823} INFO - Setting next_dagrun for example_task_group_decorator to 2024-02-01 00:00:00+00:00, run_after=2024-02-02 00:00:00+00:00
[2024-02-02T15:28:35.760+0000] {processor.py:183} INFO - Processing /home/airflow/.local/lib/python3.8/site-packages/airflow/example_dags/example_task_group_decorator.py took 0.118 seconds
[2024-02-02T15:29:06.015+0000] {processor.py:161} INFO - Started process (PID=8005) to work on /home/airflow/.local/lib/python3.8/site-packages/airflow/example_dags/example_task_group_decorator.py
[2024-02-02T15:29:06.017+0000] {processor.py:830} INFO - Processing file /home/airflow/.local/lib/python3.8/site-packages/airflow/example_dags/example_task_group_decorator.py for tasks to queue
[2024-02-02T15:29:06.019+0000] {logging_mixin.py:188} INFO - [2024-02-02T15:29:06.018+0000] {dagbag.py:538} INFO - Filling up the DagBag from /home/airflow/.local/lib/python3.8/site-packages/airflow/example_dags/example_task_group_decorator.py
[2024-02-02T15:29:06.039+0000] {processor.py:840} INFO - DAG(s) 'example_task_group_decorator' retrieved from /home/airflow/.local/lib/python3.8/site-packages/airflow/example_dags/example_task_group_decorator.py
[2024-02-02T15:29:06.071+0000] {logging_mixin.py:188} INFO - [2024-02-02T15:29:06.070+0000] {dag.py:3036} INFO - Sync 1 DAGs
[2024-02-02T15:29:06.099+0000] {logging_mixin.py:188} INFO - [2024-02-02T15:29:06.098+0000] {dag.py:3823} INFO - Setting next_dagrun for example_task_group_decorator to 2024-02-01 00:00:00+00:00, run_after=2024-02-02 00:00:00+00:00
[2024-02-02T15:29:06.124+0000] {processor.py:183} INFO - Processing /home/airflow/.local/lib/python3.8/site-packages/airflow/example_dags/example_task_group_decorator.py took 0.113 seconds
[2024-02-02T15:29:36.351+0000] {processor.py:161} INFO - Started process (PID=8252) to work on /home/airflow/.local/lib/python3.8/site-packages/airflow/example_dags/example_task_group_decorator.py
[2024-02-02T15:29:36.354+0000] {processor.py:830} INFO - Processing file /home/airflow/.local/lib/python3.8/site-packages/airflow/example_dags/example_task_group_decorator.py for tasks to queue
[2024-02-02T15:29:36.355+0000] {logging_mixin.py:188} INFO - [2024-02-02T15:29:36.355+0000] {dagbag.py:538} INFO - Filling up the DagBag from /home/airflow/.local/lib/python3.8/site-packages/airflow/example_dags/example_task_group_decorator.py
[2024-02-02T15:29:36.384+0000] {processor.py:840} INFO - DAG(s) 'example_task_group_decorator' retrieved from /home/airflow/.local/lib/python3.8/site-packages/airflow/example_dags/example_task_group_decorator.py
[2024-02-02T15:29:36.429+0000] {logging_mixin.py:188} INFO - [2024-02-02T15:29:36.429+0000] {dag.py:3036} INFO - Sync 1 DAGs
[2024-02-02T15:29:36.464+0000] {logging_mixin.py:188} INFO - [2024-02-02T15:29:36.463+0000] {dag.py:3823} INFO - Setting next_dagrun for example_task_group_decorator to 2024-02-01 00:00:00+00:00, run_after=2024-02-02 00:00:00+00:00
[2024-02-02T15:29:36.499+0000] {processor.py:183} INFO - Processing /home/airflow/.local/lib/python3.8/site-packages/airflow/example_dags/example_task_group_decorator.py took 0.153 seconds
[2024-02-02T15:30:06.991+0000] {processor.py:161} INFO - Started process (PID=8502) to work on /home/airflow/.local/lib/python3.8/site-packages/airflow/example_dags/example_task_group_decorator.py
[2024-02-02T15:30:06.992+0000] {processor.py:830} INFO - Processing file /home/airflow/.local/lib/python3.8/site-packages/airflow/example_dags/example_task_group_decorator.py for tasks to queue
[2024-02-02T15:30:06.994+0000] {logging_mixin.py:188} INFO - [2024-02-02T15:30:06.994+0000] {dagbag.py:538} INFO - Filling up the DagBag from /home/airflow/.local/lib/python3.8/site-packages/airflow/example_dags/example_task_group_decorator.py
[2024-02-02T15:30:07.027+0000] {processor.py:840} INFO - DAG(s) 'example_task_group_decorator' retrieved from /home/airflow/.local/lib/python3.8/site-packages/airflow/example_dags/example_task_group_decorator.py
[2024-02-02T15:30:07.060+0000] {logging_mixin.py:188} INFO - [2024-02-02T15:30:07.060+0000] {dag.py:3036} INFO - Sync 1 DAGs
[2024-02-02T15:30:07.088+0000] {logging_mixin.py:188} INFO - [2024-02-02T15:30:07.088+0000] {dag.py:3823} INFO - Setting next_dagrun for example_task_group_decorator to 2024-02-01 00:00:00+00:00, run_after=2024-02-02 00:00:00+00:00
[2024-02-02T15:30:07.113+0000] {processor.py:183} INFO - Processing /home/airflow/.local/lib/python3.8/site-packages/airflow/example_dags/example_task_group_decorator.py took 0.127 seconds
[2024-02-02T15:30:37.201+0000] {processor.py:161} INFO - Started process (PID=8746) to work on /home/airflow/.local/lib/python3.8/site-packages/airflow/example_dags/example_task_group_decorator.py
[2024-02-02T15:30:37.202+0000] {processor.py:830} INFO - Processing file /home/airflow/.local/lib/python3.8/site-packages/airflow/example_dags/example_task_group_decorator.py for tasks to queue
[2024-02-02T15:30:37.203+0000] {logging_mixin.py:188} INFO - [2024-02-02T15:30:37.203+0000] {dagbag.py:538} INFO - Filling up the DagBag from /home/airflow/.local/lib/python3.8/site-packages/airflow/example_dags/example_task_group_decorator.py
[2024-02-02T15:30:37.222+0000] {processor.py:840} INFO - DAG(s) 'example_task_group_decorator' retrieved from /home/airflow/.local/lib/python3.8/site-packages/airflow/example_dags/example_task_group_decorator.py
[2024-02-02T15:30:37.250+0000] {logging_mixin.py:188} INFO - [2024-02-02T15:30:37.250+0000] {dag.py:3036} INFO - Sync 1 DAGs
[2024-02-02T15:30:37.276+0000] {logging_mixin.py:188} INFO - [2024-02-02T15:30:37.275+0000] {dag.py:3823} INFO - Setting next_dagrun for example_task_group_decorator to 2024-02-01 00:00:00+00:00, run_after=2024-02-02 00:00:00+00:00
[2024-02-02T15:30:37.297+0000] {processor.py:183} INFO - Processing /home/airflow/.local/lib/python3.8/site-packages/airflow/example_dags/example_task_group_decorator.py took 0.099 seconds
[2024-02-02T15:31:07.588+0000] {processor.py:161} INFO - Started process (PID=8993) to work on /home/airflow/.local/lib/python3.8/site-packages/airflow/example_dags/example_task_group_decorator.py
[2024-02-02T15:31:07.590+0000] {processor.py:830} INFO - Processing file /home/airflow/.local/lib/python3.8/site-packages/airflow/example_dags/example_task_group_decorator.py for tasks to queue
[2024-02-02T15:31:07.592+0000] {logging_mixin.py:188} INFO - [2024-02-02T15:31:07.591+0000] {dagbag.py:538} INFO - Filling up the DagBag from /home/airflow/.local/lib/python3.8/site-packages/airflow/example_dags/example_task_group_decorator.py
[2024-02-02T15:31:07.618+0000] {processor.py:840} INFO - DAG(s) 'example_task_group_decorator' retrieved from /home/airflow/.local/lib/python3.8/site-packages/airflow/example_dags/example_task_group_decorator.py
[2024-02-02T15:31:07.652+0000] {logging_mixin.py:188} INFO - [2024-02-02T15:31:07.652+0000] {dag.py:3036} INFO - Sync 1 DAGs
[2024-02-02T15:31:07.682+0000] {logging_mixin.py:188} INFO - [2024-02-02T15:31:07.682+0000] {dag.py:3823} INFO - Setting next_dagrun for example_task_group_decorator to 2024-02-01 00:00:00+00:00, run_after=2024-02-02 00:00:00+00:00
[2024-02-02T15:31:07.710+0000] {processor.py:183} INFO - Processing /home/airflow/.local/lib/python3.8/site-packages/airflow/example_dags/example_task_group_decorator.py took 0.126 seconds
[2024-02-02T15:31:37.916+0000] {processor.py:161} INFO - Started process (PID=9240) to work on /home/airflow/.local/lib/python3.8/site-packages/airflow/example_dags/example_task_group_decorator.py
[2024-02-02T15:31:37.918+0000] {processor.py:830} INFO - Processing file /home/airflow/.local/lib/python3.8/site-packages/airflow/example_dags/example_task_group_decorator.py for tasks to queue
[2024-02-02T15:31:37.919+0000] {logging_mixin.py:188} INFO - [2024-02-02T15:31:37.919+0000] {dagbag.py:538} INFO - Filling up the DagBag from /home/airflow/.local/lib/python3.8/site-packages/airflow/example_dags/example_task_group_decorator.py
[2024-02-02T15:31:37.939+0000] {processor.py:840} INFO - DAG(s) 'example_task_group_decorator' retrieved from /home/airflow/.local/lib/python3.8/site-packages/airflow/example_dags/example_task_group_decorator.py
[2024-02-02T15:31:37.969+0000] {logging_mixin.py:188} INFO - [2024-02-02T15:31:37.968+0000] {dag.py:3036} INFO - Sync 1 DAGs
[2024-02-02T15:31:37.996+0000] {logging_mixin.py:188} INFO - [2024-02-02T15:31:37.996+0000] {dag.py:3823} INFO - Setting next_dagrun for example_task_group_decorator to 2024-02-01 00:00:00+00:00, run_after=2024-02-02 00:00:00+00:00
[2024-02-02T15:31:38.022+0000] {processor.py:183} INFO - Processing /home/airflow/.local/lib/python3.8/site-packages/airflow/example_dags/example_task_group_decorator.py took 0.110 seconds
[2024-02-02T15:32:08.206+0000] {processor.py:161} INFO - Started process (PID=9487) to work on /home/airflow/.local/lib/python3.8/site-packages/airflow/example_dags/example_task_group_decorator.py
[2024-02-02T15:32:08.208+0000] {processor.py:830} INFO - Processing file /home/airflow/.local/lib/python3.8/site-packages/airflow/example_dags/example_task_group_decorator.py for tasks to queue
[2024-02-02T15:32:08.210+0000] {logging_mixin.py:188} INFO - [2024-02-02T15:32:08.209+0000] {dagbag.py:538} INFO - Filling up the DagBag from /home/airflow/.local/lib/python3.8/site-packages/airflow/example_dags/example_task_group_decorator.py
[2024-02-02T15:32:08.240+0000] {processor.py:840} INFO - DAG(s) 'example_task_group_decorator' retrieved from /home/airflow/.local/lib/python3.8/site-packages/airflow/example_dags/example_task_group_decorator.py
[2024-02-02T15:32:08.283+0000] {logging_mixin.py:188} INFO - [2024-02-02T15:32:08.283+0000] {dag.py:3036} INFO - Sync 1 DAGs
[2024-02-02T15:32:08.322+0000] {logging_mixin.py:188} INFO - [2024-02-02T15:32:08.322+0000] {dag.py:3823} INFO - Setting next_dagrun for example_task_group_decorator to 2024-02-01 00:00:00+00:00, run_after=2024-02-02 00:00:00+00:00
[2024-02-02T15:32:08.352+0000] {processor.py:183} INFO - Processing /home/airflow/.local/lib/python3.8/site-packages/airflow/example_dags/example_task_group_decorator.py took 0.150 seconds
[2024-02-02T15:32:38.467+0000] {processor.py:161} INFO - Started process (PID=9734) to work on /home/airflow/.local/lib/python3.8/site-packages/airflow/example_dags/example_task_group_decorator.py
[2024-02-02T15:32:38.469+0000] {processor.py:830} INFO - Processing file /home/airflow/.local/lib/python3.8/site-packages/airflow/example_dags/example_task_group_decorator.py for tasks to queue
[2024-02-02T15:32:38.471+0000] {logging_mixin.py:188} INFO - [2024-02-02T15:32:38.470+0000] {dagbag.py:538} INFO - Filling up the DagBag from /home/airflow/.local/lib/python3.8/site-packages/airflow/example_dags/example_task_group_decorator.py
[2024-02-02T15:32:38.492+0000] {processor.py:840} INFO - DAG(s) 'example_task_group_decorator' retrieved from /home/airflow/.local/lib/python3.8/site-packages/airflow/example_dags/example_task_group_decorator.py
[2024-02-02T15:32:38.524+0000] {logging_mixin.py:188} INFO - [2024-02-02T15:32:38.523+0000] {dag.py:3036} INFO - Sync 1 DAGs
[2024-02-02T15:32:38.552+0000] {logging_mixin.py:188} INFO - [2024-02-02T15:32:38.551+0000] {dag.py:3823} INFO - Setting next_dagrun for example_task_group_decorator to 2024-02-01 00:00:00+00:00, run_after=2024-02-02 00:00:00+00:00
[2024-02-02T15:32:38.576+0000] {processor.py:183} INFO - Processing /home/airflow/.local/lib/python3.8/site-packages/airflow/example_dags/example_task_group_decorator.py took 0.114 seconds
[2024-02-02T15:33:09.479+0000] {processor.py:161} INFO - Started process (PID=9981) to work on /home/airflow/.local/lib/python3.8/site-packages/airflow/example_dags/example_task_group_decorator.py
[2024-02-02T15:33:09.481+0000] {processor.py:830} INFO - Processing file /home/airflow/.local/lib/python3.8/site-packages/airflow/example_dags/example_task_group_decorator.py for tasks to queue
[2024-02-02T15:33:09.483+0000] {logging_mixin.py:188} INFO - [2024-02-02T15:33:09.482+0000] {dagbag.py:538} INFO - Filling up the DagBag from /home/airflow/.local/lib/python3.8/site-packages/airflow/example_dags/example_task_group_decorator.py
[2024-02-02T15:33:09.501+0000] {processor.py:840} INFO - DAG(s) 'example_task_group_decorator' retrieved from /home/airflow/.local/lib/python3.8/site-packages/airflow/example_dags/example_task_group_decorator.py
[2024-02-02T15:33:09.533+0000] {logging_mixin.py:188} INFO - [2024-02-02T15:33:09.532+0000] {dag.py:3036} INFO - Sync 1 DAGs
[2024-02-02T15:33:09.561+0000] {logging_mixin.py:188} INFO - [2024-02-02T15:33:09.560+0000] {dag.py:3823} INFO - Setting next_dagrun for example_task_group_decorator to 2024-02-01 00:00:00+00:00, run_after=2024-02-02 00:00:00+00:00
[2024-02-02T15:33:09.594+0000] {processor.py:183} INFO - Processing /home/airflow/.local/lib/python3.8/site-packages/airflow/example_dags/example_task_group_decorator.py took 0.119 seconds
[2024-02-02T15:33:40.227+0000] {processor.py:161} INFO - Started process (PID=10228) to work on /home/airflow/.local/lib/python3.8/site-packages/airflow/example_dags/example_task_group_decorator.py
[2024-02-02T15:33:40.229+0000] {processor.py:830} INFO - Processing file /home/airflow/.local/lib/python3.8/site-packages/airflow/example_dags/example_task_group_decorator.py for tasks to queue
[2024-02-02T15:33:40.230+0000] {logging_mixin.py:188} INFO - [2024-02-02T15:33:40.230+0000] {dagbag.py:538} INFO - Filling up the DagBag from /home/airflow/.local/lib/python3.8/site-packages/airflow/example_dags/example_task_group_decorator.py
[2024-02-02T15:33:40.250+0000] {processor.py:840} INFO - DAG(s) 'example_task_group_decorator' retrieved from /home/airflow/.local/lib/python3.8/site-packages/airflow/example_dags/example_task_group_decorator.py
[2024-02-02T15:33:40.280+0000] {logging_mixin.py:188} INFO - [2024-02-02T15:33:40.279+0000] {dag.py:3036} INFO - Sync 1 DAGs
[2024-02-02T15:33:40.307+0000] {logging_mixin.py:188} INFO - [2024-02-02T15:33:40.307+0000] {dag.py:3823} INFO - Setting next_dagrun for example_task_group_decorator to 2024-02-01 00:00:00+00:00, run_after=2024-02-02 00:00:00+00:00
[2024-02-02T15:33:40.336+0000] {processor.py:183} INFO - Processing /home/airflow/.local/lib/python3.8/site-packages/airflow/example_dags/example_task_group_decorator.py took 0.113 seconds
[2024-02-02T15:34:10.538+0000] {processor.py:161} INFO - Started process (PID=10475) to work on /home/airflow/.local/lib/python3.8/site-packages/airflow/example_dags/example_task_group_decorator.py
[2024-02-02T15:34:10.540+0000] {processor.py:830} INFO - Processing file /home/airflow/.local/lib/python3.8/site-packages/airflow/example_dags/example_task_group_decorator.py for tasks to queue
[2024-02-02T15:34:10.541+0000] {logging_mixin.py:188} INFO - [2024-02-02T15:34:10.541+0000] {dagbag.py:538} INFO - Filling up the DagBag from /home/airflow/.local/lib/python3.8/site-packages/airflow/example_dags/example_task_group_decorator.py
[2024-02-02T15:34:10.560+0000] {processor.py:840} INFO - DAG(s) 'example_task_group_decorator' retrieved from /home/airflow/.local/lib/python3.8/site-packages/airflow/example_dags/example_task_group_decorator.py
[2024-02-02T15:34:10.590+0000] {logging_mixin.py:188} INFO - [2024-02-02T15:34:10.589+0000] {dag.py:3036} INFO - Sync 1 DAGs
[2024-02-02T15:34:10.615+0000] {logging_mixin.py:188} INFO - [2024-02-02T15:34:10.615+0000] {dag.py:3823} INFO - Setting next_dagrun for example_task_group_decorator to 2024-02-01 00:00:00+00:00, run_after=2024-02-02 00:00:00+00:00
[2024-02-02T15:34:10.640+0000] {processor.py:183} INFO - Processing /home/airflow/.local/lib/python3.8/site-packages/airflow/example_dags/example_task_group_decorator.py took 0.106 seconds
[2024-02-02T15:34:40.898+0000] {processor.py:161} INFO - Started process (PID=10722) to work on /home/airflow/.local/lib/python3.8/site-packages/airflow/example_dags/example_task_group_decorator.py
[2024-02-02T15:34:40.899+0000] {processor.py:830} INFO - Processing file /home/airflow/.local/lib/python3.8/site-packages/airflow/example_dags/example_task_group_decorator.py for tasks to queue
[2024-02-02T15:34:40.901+0000] {logging_mixin.py:188} INFO - [2024-02-02T15:34:40.900+0000] {dagbag.py:538} INFO - Filling up the DagBag from /home/airflow/.local/lib/python3.8/site-packages/airflow/example_dags/example_task_group_decorator.py
[2024-02-02T15:34:40.919+0000] {processor.py:840} INFO - DAG(s) 'example_task_group_decorator' retrieved from /home/airflow/.local/lib/python3.8/site-packages/airflow/example_dags/example_task_group_decorator.py
[2024-02-02T15:34:40.950+0000] {logging_mixin.py:188} INFO - [2024-02-02T15:34:40.950+0000] {dag.py:3036} INFO - Sync 1 DAGs
[2024-02-02T15:34:40.979+0000] {logging_mixin.py:188} INFO - [2024-02-02T15:34:40.978+0000] {dag.py:3823} INFO - Setting next_dagrun for example_task_group_decorator to 2024-02-01 00:00:00+00:00, run_after=2024-02-02 00:00:00+00:00
[2024-02-02T15:34:41.012+0000] {processor.py:183} INFO - Processing /home/airflow/.local/lib/python3.8/site-packages/airflow/example_dags/example_task_group_decorator.py took 0.118 seconds
[2024-02-02T15:35:11.302+0000] {processor.py:161} INFO - Started process (PID=10969) to work on /home/airflow/.local/lib/python3.8/site-packages/airflow/example_dags/example_task_group_decorator.py
[2024-02-02T15:35:11.303+0000] {processor.py:830} INFO - Processing file /home/airflow/.local/lib/python3.8/site-packages/airflow/example_dags/example_task_group_decorator.py for tasks to queue
[2024-02-02T15:35:11.305+0000] {logging_mixin.py:188} INFO - [2024-02-02T15:35:11.304+0000] {dagbag.py:538} INFO - Filling up the DagBag from /home/airflow/.local/lib/python3.8/site-packages/airflow/example_dags/example_task_group_decorator.py
[2024-02-02T15:35:11.325+0000] {processor.py:840} INFO - DAG(s) 'example_task_group_decorator' retrieved from /home/airflow/.local/lib/python3.8/site-packages/airflow/example_dags/example_task_group_decorator.py
[2024-02-02T15:35:11.355+0000] {logging_mixin.py:188} INFO - [2024-02-02T15:35:11.355+0000] {dag.py:3036} INFO - Sync 1 DAGs
[2024-02-02T15:35:11.382+0000] {logging_mixin.py:188} INFO - [2024-02-02T15:35:11.381+0000] {dag.py:3823} INFO - Setting next_dagrun for example_task_group_decorator to 2024-02-01 00:00:00+00:00, run_after=2024-02-02 00:00:00+00:00
[2024-02-02T15:35:11.406+0000] {processor.py:183} INFO - Processing /home/airflow/.local/lib/python3.8/site-packages/airflow/example_dags/example_task_group_decorator.py took 0.109 seconds
[2024-02-02T15:35:41.780+0000] {processor.py:161} INFO - Started process (PID=11208) to work on /home/airflow/.local/lib/python3.8/site-packages/airflow/example_dags/example_task_group_decorator.py
[2024-02-02T15:35:41.781+0000] {processor.py:830} INFO - Processing file /home/airflow/.local/lib/python3.8/site-packages/airflow/example_dags/example_task_group_decorator.py for tasks to queue
[2024-02-02T15:35:41.783+0000] {logging_mixin.py:188} INFO - [2024-02-02T15:35:41.782+0000] {dagbag.py:538} INFO - Filling up the DagBag from /home/airflow/.local/lib/python3.8/site-packages/airflow/example_dags/example_task_group_decorator.py
[2024-02-02T15:35:41.805+0000] {processor.py:840} INFO - DAG(s) 'example_task_group_decorator' retrieved from /home/airflow/.local/lib/python3.8/site-packages/airflow/example_dags/example_task_group_decorator.py
[2024-02-02T15:35:41.836+0000] {logging_mixin.py:188} INFO - [2024-02-02T15:35:41.836+0000] {dag.py:3036} INFO - Sync 1 DAGs
[2024-02-02T15:35:41.864+0000] {logging_mixin.py:188} INFO - [2024-02-02T15:35:41.864+0000] {dag.py:3823} INFO - Setting next_dagrun for example_task_group_decorator to 2024-02-01 00:00:00+00:00, run_after=2024-02-02 00:00:00+00:00
[2024-02-02T15:35:41.887+0000] {processor.py:183} INFO - Processing /home/airflow/.local/lib/python3.8/site-packages/airflow/example_dags/example_task_group_decorator.py took 0.112 seconds
[2024-02-02T15:36:12.114+0000] {processor.py:161} INFO - Started process (PID=11455) to work on /home/airflow/.local/lib/python3.8/site-packages/airflow/example_dags/example_task_group_decorator.py
[2024-02-02T15:36:12.116+0000] {processor.py:830} INFO - Processing file /home/airflow/.local/lib/python3.8/site-packages/airflow/example_dags/example_task_group_decorator.py for tasks to queue
[2024-02-02T15:36:12.118+0000] {logging_mixin.py:188} INFO - [2024-02-02T15:36:12.118+0000] {dagbag.py:538} INFO - Filling up the DagBag from /home/airflow/.local/lib/python3.8/site-packages/airflow/example_dags/example_task_group_decorator.py
[2024-02-02T15:36:12.141+0000] {processor.py:840} INFO - DAG(s) 'example_task_group_decorator' retrieved from /home/airflow/.local/lib/python3.8/site-packages/airflow/example_dags/example_task_group_decorator.py
[2024-02-02T15:36:12.176+0000] {logging_mixin.py:188} INFO - [2024-02-02T15:36:12.176+0000] {dag.py:3036} INFO - Sync 1 DAGs
[2024-02-02T15:36:12.206+0000] {logging_mixin.py:188} INFO - [2024-02-02T15:36:12.206+0000] {dag.py:3823} INFO - Setting next_dagrun for example_task_group_decorator to 2024-02-01 00:00:00+00:00, run_after=2024-02-02 00:00:00+00:00
[2024-02-02T15:36:12.231+0000] {processor.py:183} INFO - Processing /home/airflow/.local/lib/python3.8/site-packages/airflow/example_dags/example_task_group_decorator.py took 0.122 seconds
