[2024-02-02T15:13:16.414+0000] {processor.py:161} INFO - Started process (PID=186) to work on /home/airflow/.local/lib/python3.8/site-packages/airflow/example_dags/example_setup_teardown.py
[2024-02-02T15:13:16.420+0000] {processor.py:830} INFO - Processing file /home/airflow/.local/lib/python3.8/site-packages/airflow/example_dags/example_setup_teardown.py for tasks to queue
[2024-02-02T15:13:16.421+0000] {logging_mixin.py:188} INFO - [2024-02-02T15:13:16.421+0000] {dagbag.py:538} INFO - Filling up the DagBag from /home/airflow/.local/lib/python3.8/site-packages/airflow/example_dags/example_setup_teardown.py
[2024-02-02T15:13:16.442+0000] {processor.py:840} INFO - DAG(s) 'example_setup_teardown' retrieved from /home/airflow/.local/lib/python3.8/site-packages/airflow/example_dags/example_setup_teardown.py
[2024-02-02T15:13:16.468+0000] {logging_mixin.py:188} INFO - [2024-02-02T15:13:16.467+0000] {dag.py:3036} INFO - Sync 1 DAGs
[2024-02-02T15:13:16.509+0000] {logging_mixin.py:188} INFO - [2024-02-02T15:13:16.508+0000] {dag.py:3823} INFO - Setting next_dagrun for example_setup_teardown to 2024-02-01 00:00:00+00:00, run_after=2024-02-02 00:00:00+00:00
[2024-02-02T15:13:16.609+0000] {processor.py:183} INFO - Processing /home/airflow/.local/lib/python3.8/site-packages/airflow/example_dags/example_setup_teardown.py took 0.201 seconds
[2024-02-02T15:13:47.305+0000] {processor.py:161} INFO - Started process (PID=433) to work on /home/airflow/.local/lib/python3.8/site-packages/airflow/example_dags/example_setup_teardown.py
[2024-02-02T15:13:47.307+0000] {processor.py:830} INFO - Processing file /home/airflow/.local/lib/python3.8/site-packages/airflow/example_dags/example_setup_teardown.py for tasks to queue
[2024-02-02T15:13:47.309+0000] {logging_mixin.py:188} INFO - [2024-02-02T15:13:47.308+0000] {dagbag.py:538} INFO - Filling up the DagBag from /home/airflow/.local/lib/python3.8/site-packages/airflow/example_dags/example_setup_teardown.py
[2024-02-02T15:13:47.319+0000] {processor.py:840} INFO - DAG(s) 'example_setup_teardown' retrieved from /home/airflow/.local/lib/python3.8/site-packages/airflow/example_dags/example_setup_teardown.py
[2024-02-02T15:13:47.564+0000] {logging_mixin.py:188} INFO - [2024-02-02T15:13:47.563+0000] {dag.py:3036} INFO - Sync 1 DAGs
[2024-02-02T15:13:47.603+0000] {logging_mixin.py:188} INFO - [2024-02-02T15:13:47.602+0000] {dag.py:3823} INFO - Setting next_dagrun for example_setup_teardown to 2024-02-01 00:00:00+00:00, run_after=2024-02-02 00:00:00+00:00
[2024-02-02T15:13:47.638+0000] {processor.py:183} INFO - Processing /home/airflow/.local/lib/python3.8/site-packages/airflow/example_dags/example_setup_teardown.py took 0.338 seconds
[2024-02-02T15:14:18.366+0000] {processor.py:161} INFO - Started process (PID=680) to work on /home/airflow/.local/lib/python3.8/site-packages/airflow/example_dags/example_setup_teardown.py
[2024-02-02T15:14:18.368+0000] {processor.py:830} INFO - Processing file /home/airflow/.local/lib/python3.8/site-packages/airflow/example_dags/example_setup_teardown.py for tasks to queue
[2024-02-02T15:14:18.370+0000] {logging_mixin.py:188} INFO - [2024-02-02T15:14:18.369+0000] {dagbag.py:538} INFO - Filling up the DagBag from /home/airflow/.local/lib/python3.8/site-packages/airflow/example_dags/example_setup_teardown.py
[2024-02-02T15:14:18.382+0000] {processor.py:840} INFO - DAG(s) 'example_setup_teardown' retrieved from /home/airflow/.local/lib/python3.8/site-packages/airflow/example_dags/example_setup_teardown.py
[2024-02-02T15:14:18.412+0000] {logging_mixin.py:188} INFO - [2024-02-02T15:14:18.412+0000] {dag.py:3036} INFO - Sync 1 DAGs
[2024-02-02T15:14:18.443+0000] {logging_mixin.py:188} INFO - [2024-02-02T15:14:18.443+0000] {dag.py:3823} INFO - Setting next_dagrun for example_setup_teardown to 2024-02-01 00:00:00+00:00, run_after=2024-02-02 00:00:00+00:00
[2024-02-02T15:14:18.472+0000] {processor.py:183} INFO - Processing /home/airflow/.local/lib/python3.8/site-packages/airflow/example_dags/example_setup_teardown.py took 0.111 seconds
[2024-02-02T15:14:48.626+0000] {processor.py:161} INFO - Started process (PID=927) to work on /home/airflow/.local/lib/python3.8/site-packages/airflow/example_dags/example_setup_teardown.py
[2024-02-02T15:14:48.628+0000] {processor.py:830} INFO - Processing file /home/airflow/.local/lib/python3.8/site-packages/airflow/example_dags/example_setup_teardown.py for tasks to queue
[2024-02-02T15:14:48.629+0000] {logging_mixin.py:188} INFO - [2024-02-02T15:14:48.629+0000] {dagbag.py:538} INFO - Filling up the DagBag from /home/airflow/.local/lib/python3.8/site-packages/airflow/example_dags/example_setup_teardown.py
[2024-02-02T15:14:48.641+0000] {processor.py:840} INFO - DAG(s) 'example_setup_teardown' retrieved from /home/airflow/.local/lib/python3.8/site-packages/airflow/example_dags/example_setup_teardown.py
[2024-02-02T15:14:48.668+0000] {logging_mixin.py:188} INFO - [2024-02-02T15:14:48.667+0000] {dag.py:3036} INFO - Sync 1 DAGs
[2024-02-02T15:14:48.696+0000] {logging_mixin.py:188} INFO - [2024-02-02T15:14:48.696+0000] {dag.py:3823} INFO - Setting next_dagrun for example_setup_teardown to 2024-02-01 00:00:00+00:00, run_after=2024-02-02 00:00:00+00:00
[2024-02-02T15:14:48.723+0000] {processor.py:183} INFO - Processing /home/airflow/.local/lib/python3.8/site-packages/airflow/example_dags/example_setup_teardown.py took 0.101 seconds
[2024-02-02T15:15:18.984+0000] {processor.py:161} INFO - Started process (PID=1174) to work on /home/airflow/.local/lib/python3.8/site-packages/airflow/example_dags/example_setup_teardown.py
[2024-02-02T15:15:18.986+0000] {processor.py:830} INFO - Processing file /home/airflow/.local/lib/python3.8/site-packages/airflow/example_dags/example_setup_teardown.py for tasks to queue
[2024-02-02T15:15:18.988+0000] {logging_mixin.py:188} INFO - [2024-02-02T15:15:18.988+0000] {dagbag.py:538} INFO - Filling up the DagBag from /home/airflow/.local/lib/python3.8/site-packages/airflow/example_dags/example_setup_teardown.py
[2024-02-02T15:15:18.997+0000] {processor.py:840} INFO - DAG(s) 'example_setup_teardown' retrieved from /home/airflow/.local/lib/python3.8/site-packages/airflow/example_dags/example_setup_teardown.py
[2024-02-02T15:15:19.028+0000] {logging_mixin.py:188} INFO - [2024-02-02T15:15:19.027+0000] {dag.py:3036} INFO - Sync 1 DAGs
[2024-02-02T15:15:19.058+0000] {logging_mixin.py:188} INFO - [2024-02-02T15:15:19.057+0000] {dag.py:3823} INFO - Setting next_dagrun for example_setup_teardown to 2024-02-01 00:00:00+00:00, run_after=2024-02-02 00:00:00+00:00
[2024-02-02T15:15:19.088+0000] {processor.py:183} INFO - Processing /home/airflow/.local/lib/python3.8/site-packages/airflow/example_dags/example_setup_teardown.py took 0.109 seconds
[2024-02-02T15:15:49.318+0000] {processor.py:161} INFO - Started process (PID=1421) to work on /home/airflow/.local/lib/python3.8/site-packages/airflow/example_dags/example_setup_teardown.py
[2024-02-02T15:15:49.320+0000] {processor.py:830} INFO - Processing file /home/airflow/.local/lib/python3.8/site-packages/airflow/example_dags/example_setup_teardown.py for tasks to queue
[2024-02-02T15:15:49.321+0000] {logging_mixin.py:188} INFO - [2024-02-02T15:15:49.321+0000] {dagbag.py:538} INFO - Filling up the DagBag from /home/airflow/.local/lib/python3.8/site-packages/airflow/example_dags/example_setup_teardown.py
[2024-02-02T15:15:49.331+0000] {processor.py:840} INFO - DAG(s) 'example_setup_teardown' retrieved from /home/airflow/.local/lib/python3.8/site-packages/airflow/example_dags/example_setup_teardown.py
[2024-02-02T15:15:49.362+0000] {logging_mixin.py:188} INFO - [2024-02-02T15:15:49.362+0000] {dag.py:3036} INFO - Sync 1 DAGs
[2024-02-02T15:15:49.398+0000] {logging_mixin.py:188} INFO - [2024-02-02T15:15:49.397+0000] {dag.py:3823} INFO - Setting next_dagrun for example_setup_teardown to 2024-02-01 00:00:00+00:00, run_after=2024-02-02 00:00:00+00:00
[2024-02-02T15:15:49.426+0000] {processor.py:183} INFO - Processing /home/airflow/.local/lib/python3.8/site-packages/airflow/example_dags/example_setup_teardown.py took 0.112 seconds
[2024-02-02T15:16:19.595+0000] {processor.py:161} INFO - Started process (PID=1668) to work on /home/airflow/.local/lib/python3.8/site-packages/airflow/example_dags/example_setup_teardown.py
[2024-02-02T15:16:19.597+0000] {processor.py:830} INFO - Processing file /home/airflow/.local/lib/python3.8/site-packages/airflow/example_dags/example_setup_teardown.py for tasks to queue
[2024-02-02T15:16:19.599+0000] {logging_mixin.py:188} INFO - [2024-02-02T15:16:19.599+0000] {dagbag.py:538} INFO - Filling up the DagBag from /home/airflow/.local/lib/python3.8/site-packages/airflow/example_dags/example_setup_teardown.py
[2024-02-02T15:16:19.612+0000] {processor.py:840} INFO - DAG(s) 'example_setup_teardown' retrieved from /home/airflow/.local/lib/python3.8/site-packages/airflow/example_dags/example_setup_teardown.py
[2024-02-02T15:16:19.643+0000] {logging_mixin.py:188} INFO - [2024-02-02T15:16:19.642+0000] {dag.py:3036} INFO - Sync 1 DAGs
[2024-02-02T15:16:19.671+0000] {logging_mixin.py:188} INFO - [2024-02-02T15:16:19.671+0000] {dag.py:3823} INFO - Setting next_dagrun for example_setup_teardown to 2024-02-01 00:00:00+00:00, run_after=2024-02-02 00:00:00+00:00
[2024-02-02T15:16:19.699+0000] {processor.py:183} INFO - Processing /home/airflow/.local/lib/python3.8/site-packages/airflow/example_dags/example_setup_teardown.py took 0.108 seconds
[2024-02-02T15:16:50.012+0000] {processor.py:161} INFO - Started process (PID=1915) to work on /home/airflow/.local/lib/python3.8/site-packages/airflow/example_dags/example_setup_teardown.py
[2024-02-02T15:16:50.014+0000] {processor.py:830} INFO - Processing file /home/airflow/.local/lib/python3.8/site-packages/airflow/example_dags/example_setup_teardown.py for tasks to queue
[2024-02-02T15:16:50.016+0000] {logging_mixin.py:188} INFO - [2024-02-02T15:16:50.015+0000] {dagbag.py:538} INFO - Filling up the DagBag from /home/airflow/.local/lib/python3.8/site-packages/airflow/example_dags/example_setup_teardown.py
[2024-02-02T15:16:50.029+0000] {processor.py:840} INFO - DAG(s) 'example_setup_teardown' retrieved from /home/airflow/.local/lib/python3.8/site-packages/airflow/example_dags/example_setup_teardown.py
[2024-02-02T15:16:50.065+0000] {logging_mixin.py:188} INFO - [2024-02-02T15:16:50.065+0000] {dag.py:3036} INFO - Sync 1 DAGs
[2024-02-02T15:16:50.102+0000] {logging_mixin.py:188} INFO - [2024-02-02T15:16:50.102+0000] {dag.py:3823} INFO - Setting next_dagrun for example_setup_teardown to 2024-02-01 00:00:00+00:00, run_after=2024-02-02 00:00:00+00:00
[2024-02-02T15:16:50.136+0000] {processor.py:183} INFO - Processing /home/airflow/.local/lib/python3.8/site-packages/airflow/example_dags/example_setup_teardown.py took 0.130 seconds
[2024-02-02T15:17:20.394+0000] {processor.py:161} INFO - Started process (PID=2162) to work on /home/airflow/.local/lib/python3.8/site-packages/airflow/example_dags/example_setup_teardown.py
[2024-02-02T15:17:20.396+0000] {processor.py:830} INFO - Processing file /home/airflow/.local/lib/python3.8/site-packages/airflow/example_dags/example_setup_teardown.py for tasks to queue
[2024-02-02T15:17:20.398+0000] {logging_mixin.py:188} INFO - [2024-02-02T15:17:20.398+0000] {dagbag.py:538} INFO - Filling up the DagBag from /home/airflow/.local/lib/python3.8/site-packages/airflow/example_dags/example_setup_teardown.py
[2024-02-02T15:17:20.408+0000] {processor.py:840} INFO - DAG(s) 'example_setup_teardown' retrieved from /home/airflow/.local/lib/python3.8/site-packages/airflow/example_dags/example_setup_teardown.py
[2024-02-02T15:17:20.439+0000] {logging_mixin.py:188} INFO - [2024-02-02T15:17:20.439+0000] {dag.py:3036} INFO - Sync 1 DAGs
[2024-02-02T15:17:20.474+0000] {logging_mixin.py:188} INFO - [2024-02-02T15:17:20.473+0000] {dag.py:3823} INFO - Setting next_dagrun for example_setup_teardown to 2024-02-01 00:00:00+00:00, run_after=2024-02-02 00:00:00+00:00
[2024-02-02T15:17:20.503+0000] {processor.py:183} INFO - Processing /home/airflow/.local/lib/python3.8/site-packages/airflow/example_dags/example_setup_teardown.py took 0.115 seconds
[2024-02-02T15:17:50.932+0000] {processor.py:161} INFO - Started process (PID=2409) to work on /home/airflow/.local/lib/python3.8/site-packages/airflow/example_dags/example_setup_teardown.py
[2024-02-02T15:17:50.934+0000] {processor.py:830} INFO - Processing file /home/airflow/.local/lib/python3.8/site-packages/airflow/example_dags/example_setup_teardown.py for tasks to queue
[2024-02-02T15:17:50.936+0000] {logging_mixin.py:188} INFO - [2024-02-02T15:17:50.935+0000] {dagbag.py:538} INFO - Filling up the DagBag from /home/airflow/.local/lib/python3.8/site-packages/airflow/example_dags/example_setup_teardown.py
[2024-02-02T15:17:50.953+0000] {processor.py:840} INFO - DAG(s) 'example_setup_teardown' retrieved from /home/airflow/.local/lib/python3.8/site-packages/airflow/example_dags/example_setup_teardown.py
[2024-02-02T15:17:51.014+0000] {logging_mixin.py:188} INFO - [2024-02-02T15:17:51.014+0000] {dag.py:3036} INFO - Sync 1 DAGs
[2024-02-02T15:17:51.062+0000] {logging_mixin.py:188} INFO - [2024-02-02T15:17:51.061+0000] {dag.py:3823} INFO - Setting next_dagrun for example_setup_teardown to 2024-02-01 00:00:00+00:00, run_after=2024-02-02 00:00:00+00:00
[2024-02-02T15:17:51.099+0000] {processor.py:183} INFO - Processing /home/airflow/.local/lib/python3.8/site-packages/airflow/example_dags/example_setup_teardown.py took 0.174 seconds
[2024-02-02T15:18:21.311+0000] {processor.py:161} INFO - Started process (PID=2700) to work on /home/airflow/.local/lib/python3.8/site-packages/airflow/example_dags/example_setup_teardown.py
[2024-02-02T15:18:21.313+0000] {processor.py:830} INFO - Processing file /home/airflow/.local/lib/python3.8/site-packages/airflow/example_dags/example_setup_teardown.py for tasks to queue
[2024-02-02T15:18:21.315+0000] {logging_mixin.py:188} INFO - [2024-02-02T15:18:21.315+0000] {dagbag.py:538} INFO - Filling up the DagBag from /home/airflow/.local/lib/python3.8/site-packages/airflow/example_dags/example_setup_teardown.py
[2024-02-02T15:18:21.324+0000] {processor.py:840} INFO - DAG(s) 'example_setup_teardown' retrieved from /home/airflow/.local/lib/python3.8/site-packages/airflow/example_dags/example_setup_teardown.py
[2024-02-02T15:18:21.356+0000] {logging_mixin.py:188} INFO - [2024-02-02T15:18:21.356+0000] {dag.py:3036} INFO - Sync 1 DAGs
[2024-02-02T15:18:21.387+0000] {logging_mixin.py:188} INFO - [2024-02-02T15:18:21.387+0000] {dag.py:3823} INFO - Setting next_dagrun for example_setup_teardown to 2024-02-01 00:00:00+00:00, run_after=2024-02-02 00:00:00+00:00
[2024-02-02T15:18:21.417+0000] {processor.py:183} INFO - Processing /home/airflow/.local/lib/python3.8/site-packages/airflow/example_dags/example_setup_teardown.py took 0.111 seconds
[2024-02-02T15:18:51.801+0000] {processor.py:161} INFO - Started process (PID=2951) to work on /home/airflow/.local/lib/python3.8/site-packages/airflow/example_dags/example_setup_teardown.py
[2024-02-02T15:18:51.803+0000] {processor.py:830} INFO - Processing file /home/airflow/.local/lib/python3.8/site-packages/airflow/example_dags/example_setup_teardown.py for tasks to queue
[2024-02-02T15:18:51.804+0000] {logging_mixin.py:188} INFO - [2024-02-02T15:18:51.804+0000] {dagbag.py:538} INFO - Filling up the DagBag from /home/airflow/.local/lib/python3.8/site-packages/airflow/example_dags/example_setup_teardown.py
[2024-02-02T15:18:51.813+0000] {processor.py:840} INFO - DAG(s) 'example_setup_teardown' retrieved from /home/airflow/.local/lib/python3.8/site-packages/airflow/example_dags/example_setup_teardown.py
[2024-02-02T15:18:51.842+0000] {logging_mixin.py:188} INFO - [2024-02-02T15:18:51.841+0000] {dag.py:3036} INFO - Sync 1 DAGs
[2024-02-02T15:18:51.870+0000] {logging_mixin.py:188} INFO - [2024-02-02T15:18:51.870+0000] {dag.py:3823} INFO - Setting next_dagrun for example_setup_teardown to 2024-02-01 00:00:00+00:00, run_after=2024-02-02 00:00:00+00:00
[2024-02-02T15:18:51.897+0000] {processor.py:183} INFO - Processing /home/airflow/.local/lib/python3.8/site-packages/airflow/example_dags/example_setup_teardown.py took 0.101 seconds
[2024-02-02T15:19:22.195+0000] {processor.py:161} INFO - Started process (PID=3199) to work on /home/airflow/.local/lib/python3.8/site-packages/airflow/example_dags/example_setup_teardown.py
[2024-02-02T15:19:22.197+0000] {processor.py:830} INFO - Processing file /home/airflow/.local/lib/python3.8/site-packages/airflow/example_dags/example_setup_teardown.py for tasks to queue
[2024-02-02T15:19:22.199+0000] {logging_mixin.py:188} INFO - [2024-02-02T15:19:22.199+0000] {dagbag.py:538} INFO - Filling up the DagBag from /home/airflow/.local/lib/python3.8/site-packages/airflow/example_dags/example_setup_teardown.py
[2024-02-02T15:19:22.210+0000] {processor.py:840} INFO - DAG(s) 'example_setup_teardown' retrieved from /home/airflow/.local/lib/python3.8/site-packages/airflow/example_dags/example_setup_teardown.py
[2024-02-02T15:19:22.242+0000] {logging_mixin.py:188} INFO - [2024-02-02T15:19:22.241+0000] {dag.py:3036} INFO - Sync 1 DAGs
[2024-02-02T15:19:22.272+0000] {logging_mixin.py:188} INFO - [2024-02-02T15:19:22.272+0000] {dag.py:3823} INFO - Setting next_dagrun for example_setup_teardown to 2024-02-01 00:00:00+00:00, run_after=2024-02-02 00:00:00+00:00
[2024-02-02T15:19:22.301+0000] {processor.py:183} INFO - Processing /home/airflow/.local/lib/python3.8/site-packages/airflow/example_dags/example_setup_teardown.py took 0.111 seconds
[2024-02-02T15:19:52.740+0000] {processor.py:161} INFO - Started process (PID=3446) to work on /home/airflow/.local/lib/python3.8/site-packages/airflow/example_dags/example_setup_teardown.py
[2024-02-02T15:19:52.742+0000] {processor.py:830} INFO - Processing file /home/airflow/.local/lib/python3.8/site-packages/airflow/example_dags/example_setup_teardown.py for tasks to queue
[2024-02-02T15:19:52.743+0000] {logging_mixin.py:188} INFO - [2024-02-02T15:19:52.743+0000] {dagbag.py:538} INFO - Filling up the DagBag from /home/airflow/.local/lib/python3.8/site-packages/airflow/example_dags/example_setup_teardown.py
[2024-02-02T15:19:52.751+0000] {processor.py:840} INFO - DAG(s) 'example_setup_teardown' retrieved from /home/airflow/.local/lib/python3.8/site-packages/airflow/example_dags/example_setup_teardown.py
[2024-02-02T15:19:52.777+0000] {logging_mixin.py:188} INFO - [2024-02-02T15:19:52.777+0000] {dag.py:3036} INFO - Sync 1 DAGs
[2024-02-02T15:19:52.804+0000] {logging_mixin.py:188} INFO - [2024-02-02T15:19:52.804+0000] {dag.py:3823} INFO - Setting next_dagrun for example_setup_teardown to 2024-02-01 00:00:00+00:00, run_after=2024-02-02 00:00:00+00:00
[2024-02-02T15:19:52.831+0000] {processor.py:183} INFO - Processing /home/airflow/.local/lib/python3.8/site-packages/airflow/example_dags/example_setup_teardown.py took 0.096 seconds
[2024-02-02T15:20:23.160+0000] {processor.py:161} INFO - Started process (PID=3693) to work on /home/airflow/.local/lib/python3.8/site-packages/airflow/example_dags/example_setup_teardown.py
[2024-02-02T15:20:23.161+0000] {processor.py:830} INFO - Processing file /home/airflow/.local/lib/python3.8/site-packages/airflow/example_dags/example_setup_teardown.py for tasks to queue
[2024-02-02T15:20:23.163+0000] {logging_mixin.py:188} INFO - [2024-02-02T15:20:23.162+0000] {dagbag.py:538} INFO - Filling up the DagBag from /home/airflow/.local/lib/python3.8/site-packages/airflow/example_dags/example_setup_teardown.py
[2024-02-02T15:20:23.172+0000] {processor.py:840} INFO - DAG(s) 'example_setup_teardown' retrieved from /home/airflow/.local/lib/python3.8/site-packages/airflow/example_dags/example_setup_teardown.py
[2024-02-02T15:20:23.202+0000] {logging_mixin.py:188} INFO - [2024-02-02T15:20:23.202+0000] {dag.py:3036} INFO - Sync 1 DAGs
[2024-02-02T15:20:23.238+0000] {logging_mixin.py:188} INFO - [2024-02-02T15:20:23.237+0000] {dag.py:3823} INFO - Setting next_dagrun for example_setup_teardown to 2024-02-01 00:00:00+00:00, run_after=2024-02-02 00:00:00+00:00
[2024-02-02T15:20:23.264+0000] {processor.py:183} INFO - Processing /home/airflow/.local/lib/python3.8/site-packages/airflow/example_dags/example_setup_teardown.py took 0.109 seconds
[2024-02-02T15:20:53.640+0000] {processor.py:161} INFO - Started process (PID=3940) to work on /home/airflow/.local/lib/python3.8/site-packages/airflow/example_dags/example_setup_teardown.py
[2024-02-02T15:20:53.642+0000] {processor.py:830} INFO - Processing file /home/airflow/.local/lib/python3.8/site-packages/airflow/example_dags/example_setup_teardown.py for tasks to queue
[2024-02-02T15:20:53.644+0000] {logging_mixin.py:188} INFO - [2024-02-02T15:20:53.643+0000] {dagbag.py:538} INFO - Filling up the DagBag from /home/airflow/.local/lib/python3.8/site-packages/airflow/example_dags/example_setup_teardown.py
[2024-02-02T15:20:53.657+0000] {processor.py:840} INFO - DAG(s) 'example_setup_teardown' retrieved from /home/airflow/.local/lib/python3.8/site-packages/airflow/example_dags/example_setup_teardown.py
[2024-02-02T15:20:53.691+0000] {logging_mixin.py:188} INFO - [2024-02-02T15:20:53.690+0000] {dag.py:3036} INFO - Sync 1 DAGs
[2024-02-02T15:20:53.732+0000] {logging_mixin.py:188} INFO - [2024-02-02T15:20:53.731+0000] {dag.py:3823} INFO - Setting next_dagrun for example_setup_teardown to 2024-02-01 00:00:00+00:00, run_after=2024-02-02 00:00:00+00:00
[2024-02-02T15:20:53.767+0000] {processor.py:183} INFO - Processing /home/airflow/.local/lib/python3.8/site-packages/airflow/example_dags/example_setup_teardown.py took 0.131 seconds
[2024-02-02T15:21:23.990+0000] {processor.py:161} INFO - Started process (PID=4187) to work on /home/airflow/.local/lib/python3.8/site-packages/airflow/example_dags/example_setup_teardown.py
[2024-02-02T15:21:23.991+0000] {processor.py:830} INFO - Processing file /home/airflow/.local/lib/python3.8/site-packages/airflow/example_dags/example_setup_teardown.py for tasks to queue
[2024-02-02T15:21:23.993+0000] {logging_mixin.py:188} INFO - [2024-02-02T15:21:23.993+0000] {dagbag.py:538} INFO - Filling up the DagBag from /home/airflow/.local/lib/python3.8/site-packages/airflow/example_dags/example_setup_teardown.py
[2024-02-02T15:21:24.002+0000] {processor.py:840} INFO - DAG(s) 'example_setup_teardown' retrieved from /home/airflow/.local/lib/python3.8/site-packages/airflow/example_dags/example_setup_teardown.py
[2024-02-02T15:21:24.026+0000] {logging_mixin.py:188} INFO - [2024-02-02T15:21:24.026+0000] {dag.py:3036} INFO - Sync 1 DAGs
[2024-02-02T15:21:24.053+0000] {logging_mixin.py:188} INFO - [2024-02-02T15:21:24.053+0000] {dag.py:3823} INFO - Setting next_dagrun for example_setup_teardown to 2024-02-01 00:00:00+00:00, run_after=2024-02-02 00:00:00+00:00
[2024-02-02T15:21:24.081+0000] {processor.py:183} INFO - Processing /home/airflow/.local/lib/python3.8/site-packages/airflow/example_dags/example_setup_teardown.py took 0.096 seconds
[2024-02-02T15:21:54.279+0000] {processor.py:161} INFO - Started process (PID=4434) to work on /home/airflow/.local/lib/python3.8/site-packages/airflow/example_dags/example_setup_teardown.py
[2024-02-02T15:21:54.281+0000] {processor.py:830} INFO - Processing file /home/airflow/.local/lib/python3.8/site-packages/airflow/example_dags/example_setup_teardown.py for tasks to queue
[2024-02-02T15:21:54.282+0000] {logging_mixin.py:188} INFO - [2024-02-02T15:21:54.282+0000] {dagbag.py:538} INFO - Filling up the DagBag from /home/airflow/.local/lib/python3.8/site-packages/airflow/example_dags/example_setup_teardown.py
[2024-02-02T15:21:54.291+0000] {processor.py:840} INFO - DAG(s) 'example_setup_teardown' retrieved from /home/airflow/.local/lib/python3.8/site-packages/airflow/example_dags/example_setup_teardown.py
[2024-02-02T15:21:54.317+0000] {logging_mixin.py:188} INFO - [2024-02-02T15:21:54.317+0000] {dag.py:3036} INFO - Sync 1 DAGs
[2024-02-02T15:21:54.344+0000] {logging_mixin.py:188} INFO - [2024-02-02T15:21:54.343+0000] {dag.py:3823} INFO - Setting next_dagrun for example_setup_teardown to 2024-02-01 00:00:00+00:00, run_after=2024-02-02 00:00:00+00:00
[2024-02-02T15:21:54.371+0000] {processor.py:183} INFO - Processing /home/airflow/.local/lib/python3.8/site-packages/airflow/example_dags/example_setup_teardown.py took 0.096 seconds
[2024-02-02T15:22:24.499+0000] {processor.py:161} INFO - Started process (PID=4681) to work on /home/airflow/.local/lib/python3.8/site-packages/airflow/example_dags/example_setup_teardown.py
[2024-02-02T15:22:24.501+0000] {processor.py:830} INFO - Processing file /home/airflow/.local/lib/python3.8/site-packages/airflow/example_dags/example_setup_teardown.py for tasks to queue
[2024-02-02T15:22:24.502+0000] {logging_mixin.py:188} INFO - [2024-02-02T15:22:24.502+0000] {dagbag.py:538} INFO - Filling up the DagBag from /home/airflow/.local/lib/python3.8/site-packages/airflow/example_dags/example_setup_teardown.py
[2024-02-02T15:22:24.511+0000] {processor.py:840} INFO - DAG(s) 'example_setup_teardown' retrieved from /home/airflow/.local/lib/python3.8/site-packages/airflow/example_dags/example_setup_teardown.py
[2024-02-02T15:22:24.538+0000] {logging_mixin.py:188} INFO - [2024-02-02T15:22:24.537+0000] {dag.py:3036} INFO - Sync 1 DAGs
[2024-02-02T15:22:24.565+0000] {logging_mixin.py:188} INFO - [2024-02-02T15:22:24.565+0000] {dag.py:3823} INFO - Setting next_dagrun for example_setup_teardown to 2024-02-01 00:00:00+00:00, run_after=2024-02-02 00:00:00+00:00
[2024-02-02T15:22:24.592+0000] {processor.py:183} INFO - Processing /home/airflow/.local/lib/python3.8/site-packages/airflow/example_dags/example_setup_teardown.py took 0.097 seconds
[2024-02-02T15:22:54.857+0000] {processor.py:161} INFO - Started process (PID=4928) to work on /home/airflow/.local/lib/python3.8/site-packages/airflow/example_dags/example_setup_teardown.py
[2024-02-02T15:22:54.859+0000] {processor.py:830} INFO - Processing file /home/airflow/.local/lib/python3.8/site-packages/airflow/example_dags/example_setup_teardown.py for tasks to queue
[2024-02-02T15:22:54.860+0000] {logging_mixin.py:188} INFO - [2024-02-02T15:22:54.859+0000] {dagbag.py:538} INFO - Filling up the DagBag from /home/airflow/.local/lib/python3.8/site-packages/airflow/example_dags/example_setup_teardown.py
[2024-02-02T15:22:54.868+0000] {processor.py:840} INFO - DAG(s) 'example_setup_teardown' retrieved from /home/airflow/.local/lib/python3.8/site-packages/airflow/example_dags/example_setup_teardown.py
[2024-02-02T15:22:54.894+0000] {logging_mixin.py:188} INFO - [2024-02-02T15:22:54.894+0000] {dag.py:3036} INFO - Sync 1 DAGs
[2024-02-02T15:22:54.923+0000] {logging_mixin.py:188} INFO - [2024-02-02T15:22:54.923+0000] {dag.py:3823} INFO - Setting next_dagrun for example_setup_teardown to 2024-02-01 00:00:00+00:00, run_after=2024-02-02 00:00:00+00:00
[2024-02-02T15:22:54.949+0000] {processor.py:183} INFO - Processing /home/airflow/.local/lib/python3.8/site-packages/airflow/example_dags/example_setup_teardown.py took 0.096 seconds
[2024-02-02T15:23:25.515+0000] {processor.py:161} INFO - Started process (PID=5175) to work on /home/airflow/.local/lib/python3.8/site-packages/airflow/example_dags/example_setup_teardown.py
[2024-02-02T15:23:25.517+0000] {processor.py:830} INFO - Processing file /home/airflow/.local/lib/python3.8/site-packages/airflow/example_dags/example_setup_teardown.py for tasks to queue
[2024-02-02T15:23:25.518+0000] {logging_mixin.py:188} INFO - [2024-02-02T15:23:25.518+0000] {dagbag.py:538} INFO - Filling up the DagBag from /home/airflow/.local/lib/python3.8/site-packages/airflow/example_dags/example_setup_teardown.py
[2024-02-02T15:23:25.528+0000] {processor.py:840} INFO - DAG(s) 'example_setup_teardown' retrieved from /home/airflow/.local/lib/python3.8/site-packages/airflow/example_dags/example_setup_teardown.py
[2024-02-02T15:23:25.558+0000] {logging_mixin.py:188} INFO - [2024-02-02T15:23:25.557+0000] {dag.py:3036} INFO - Sync 1 DAGs
[2024-02-02T15:23:25.587+0000] {logging_mixin.py:188} INFO - [2024-02-02T15:23:25.587+0000] {dag.py:3823} INFO - Setting next_dagrun for example_setup_teardown to 2024-02-01 00:00:00+00:00, run_after=2024-02-02 00:00:00+00:00
[2024-02-02T15:23:25.615+0000] {processor.py:183} INFO - Processing /home/airflow/.local/lib/python3.8/site-packages/airflow/example_dags/example_setup_teardown.py took 0.104 seconds
[2024-02-02T15:23:55.809+0000] {processor.py:161} INFO - Started process (PID=5422) to work on /home/airflow/.local/lib/python3.8/site-packages/airflow/example_dags/example_setup_teardown.py
[2024-02-02T15:23:55.810+0000] {processor.py:830} INFO - Processing file /home/airflow/.local/lib/python3.8/site-packages/airflow/example_dags/example_setup_teardown.py for tasks to queue
[2024-02-02T15:23:55.812+0000] {logging_mixin.py:188} INFO - [2024-02-02T15:23:55.811+0000] {dagbag.py:538} INFO - Filling up the DagBag from /home/airflow/.local/lib/python3.8/site-packages/airflow/example_dags/example_setup_teardown.py
[2024-02-02T15:23:55.820+0000] {processor.py:840} INFO - DAG(s) 'example_setup_teardown' retrieved from /home/airflow/.local/lib/python3.8/site-packages/airflow/example_dags/example_setup_teardown.py
[2024-02-02T15:23:55.848+0000] {logging_mixin.py:188} INFO - [2024-02-02T15:23:55.847+0000] {dag.py:3036} INFO - Sync 1 DAGs
[2024-02-02T15:23:55.874+0000] {logging_mixin.py:188} INFO - [2024-02-02T15:23:55.874+0000] {dag.py:3823} INFO - Setting next_dagrun for example_setup_teardown to 2024-02-01 00:00:00+00:00, run_after=2024-02-02 00:00:00+00:00
[2024-02-02T15:23:55.899+0000] {processor.py:183} INFO - Processing /home/airflow/.local/lib/python3.8/site-packages/airflow/example_dags/example_setup_teardown.py took 0.095 seconds
[2024-02-02T15:24:26.015+0000] {processor.py:161} INFO - Started process (PID=5669) to work on /home/airflow/.local/lib/python3.8/site-packages/airflow/example_dags/example_setup_teardown.py
[2024-02-02T15:24:26.017+0000] {processor.py:830} INFO - Processing file /home/airflow/.local/lib/python3.8/site-packages/airflow/example_dags/example_setup_teardown.py for tasks to queue
[2024-02-02T15:24:26.018+0000] {logging_mixin.py:188} INFO - [2024-02-02T15:24:26.018+0000] {dagbag.py:538} INFO - Filling up the DagBag from /home/airflow/.local/lib/python3.8/site-packages/airflow/example_dags/example_setup_teardown.py
[2024-02-02T15:24:26.027+0000] {processor.py:840} INFO - DAG(s) 'example_setup_teardown' retrieved from /home/airflow/.local/lib/python3.8/site-packages/airflow/example_dags/example_setup_teardown.py
[2024-02-02T15:24:26.051+0000] {logging_mixin.py:188} INFO - [2024-02-02T15:24:26.051+0000] {dag.py:3036} INFO - Sync 1 DAGs
[2024-02-02T15:24:26.083+0000] {logging_mixin.py:188} INFO - [2024-02-02T15:24:26.083+0000] {dag.py:3823} INFO - Setting next_dagrun for example_setup_teardown to 2024-02-01 00:00:00+00:00, run_after=2024-02-02 00:00:00+00:00
[2024-02-02T15:24:26.108+0000] {processor.py:183} INFO - Processing /home/airflow/.local/lib/python3.8/site-packages/airflow/example_dags/example_setup_teardown.py took 0.096 seconds
[2024-02-02T15:24:56.192+0000] {processor.py:161} INFO - Started process (PID=5916) to work on /home/airflow/.local/lib/python3.8/site-packages/airflow/example_dags/example_setup_teardown.py
[2024-02-02T15:24:56.193+0000] {processor.py:830} INFO - Processing file /home/airflow/.local/lib/python3.8/site-packages/airflow/example_dags/example_setup_teardown.py for tasks to queue
[2024-02-02T15:24:56.195+0000] {logging_mixin.py:188} INFO - [2024-02-02T15:24:56.195+0000] {dagbag.py:538} INFO - Filling up the DagBag from /home/airflow/.local/lib/python3.8/site-packages/airflow/example_dags/example_setup_teardown.py
[2024-02-02T15:24:56.205+0000] {processor.py:840} INFO - DAG(s) 'example_setup_teardown' retrieved from /home/airflow/.local/lib/python3.8/site-packages/airflow/example_dags/example_setup_teardown.py
[2024-02-02T15:24:56.238+0000] {logging_mixin.py:188} INFO - [2024-02-02T15:24:56.237+0000] {dag.py:3036} INFO - Sync 1 DAGs
[2024-02-02T15:24:56.272+0000] {logging_mixin.py:188} INFO - [2024-02-02T15:24:56.272+0000] {dag.py:3823} INFO - Setting next_dagrun for example_setup_teardown to 2024-02-01 00:00:00+00:00, run_after=2024-02-02 00:00:00+00:00
[2024-02-02T15:24:56.309+0000] {processor.py:183} INFO - Processing /home/airflow/.local/lib/python3.8/site-packages/airflow/example_dags/example_setup_teardown.py took 0.123 seconds
[2024-02-02T15:25:26.686+0000] {processor.py:161} INFO - Started process (PID=6163) to work on /home/airflow/.local/lib/python3.8/site-packages/airflow/example_dags/example_setup_teardown.py
[2024-02-02T15:25:26.687+0000] {processor.py:830} INFO - Processing file /home/airflow/.local/lib/python3.8/site-packages/airflow/example_dags/example_setup_teardown.py for tasks to queue
[2024-02-02T15:25:26.689+0000] {logging_mixin.py:188} INFO - [2024-02-02T15:25:26.688+0000] {dagbag.py:538} INFO - Filling up the DagBag from /home/airflow/.local/lib/python3.8/site-packages/airflow/example_dags/example_setup_teardown.py
[2024-02-02T15:25:26.697+0000] {processor.py:840} INFO - DAG(s) 'example_setup_teardown' retrieved from /home/airflow/.local/lib/python3.8/site-packages/airflow/example_dags/example_setup_teardown.py
[2024-02-02T15:25:26.723+0000] {logging_mixin.py:188} INFO - [2024-02-02T15:25:26.722+0000] {dag.py:3036} INFO - Sync 1 DAGs
[2024-02-02T15:25:26.753+0000] {logging_mixin.py:188} INFO - [2024-02-02T15:25:26.753+0000] {dag.py:3823} INFO - Setting next_dagrun for example_setup_teardown to 2024-02-01 00:00:00+00:00, run_after=2024-02-02 00:00:00+00:00
[2024-02-02T15:25:26.784+0000] {processor.py:183} INFO - Processing /home/airflow/.local/lib/python3.8/site-packages/airflow/example_dags/example_setup_teardown.py took 0.103 seconds
[2024-02-02T15:25:57.372+0000] {processor.py:161} INFO - Started process (PID=6410) to work on /home/airflow/.local/lib/python3.8/site-packages/airflow/example_dags/example_setup_teardown.py
[2024-02-02T15:25:57.374+0000] {processor.py:830} INFO - Processing file /home/airflow/.local/lib/python3.8/site-packages/airflow/example_dags/example_setup_teardown.py for tasks to queue
[2024-02-02T15:25:57.376+0000] {logging_mixin.py:188} INFO - [2024-02-02T15:25:57.375+0000] {dagbag.py:538} INFO - Filling up the DagBag from /home/airflow/.local/lib/python3.8/site-packages/airflow/example_dags/example_setup_teardown.py
[2024-02-02T15:25:57.391+0000] {processor.py:840} INFO - DAG(s) 'example_setup_teardown' retrieved from /home/airflow/.local/lib/python3.8/site-packages/airflow/example_dags/example_setup_teardown.py
[2024-02-02T15:25:57.423+0000] {logging_mixin.py:188} INFO - [2024-02-02T15:25:57.423+0000] {dag.py:3036} INFO - Sync 1 DAGs
[2024-02-02T15:25:57.451+0000] {logging_mixin.py:188} INFO - [2024-02-02T15:25:57.451+0000] {dag.py:3823} INFO - Setting next_dagrun for example_setup_teardown to 2024-02-01 00:00:00+00:00, run_after=2024-02-02 00:00:00+00:00
[2024-02-02T15:25:57.478+0000] {processor.py:183} INFO - Processing /home/airflow/.local/lib/python3.8/site-packages/airflow/example_dags/example_setup_teardown.py took 0.111 seconds
[2024-02-02T15:26:28.042+0000] {processor.py:161} INFO - Started process (PID=6657) to work on /home/airflow/.local/lib/python3.8/site-packages/airflow/example_dags/example_setup_teardown.py
[2024-02-02T15:26:28.043+0000] {processor.py:830} INFO - Processing file /home/airflow/.local/lib/python3.8/site-packages/airflow/example_dags/example_setup_teardown.py for tasks to queue
[2024-02-02T15:26:28.045+0000] {logging_mixin.py:188} INFO - [2024-02-02T15:26:28.045+0000] {dagbag.py:538} INFO - Filling up the DagBag from /home/airflow/.local/lib/python3.8/site-packages/airflow/example_dags/example_setup_teardown.py
[2024-02-02T15:26:28.057+0000] {processor.py:840} INFO - DAG(s) 'example_setup_teardown' retrieved from /home/airflow/.local/lib/python3.8/site-packages/airflow/example_dags/example_setup_teardown.py
[2024-02-02T15:26:28.086+0000] {logging_mixin.py:188} INFO - [2024-02-02T15:26:28.086+0000] {dag.py:3036} INFO - Sync 1 DAGs
[2024-02-02T15:26:28.118+0000] {logging_mixin.py:188} INFO - [2024-02-02T15:26:28.118+0000] {dag.py:3823} INFO - Setting next_dagrun for example_setup_teardown to 2024-02-01 00:00:00+00:00, run_after=2024-02-02 00:00:00+00:00
[2024-02-02T15:26:28.146+0000] {processor.py:183} INFO - Processing /home/airflow/.local/lib/python3.8/site-packages/airflow/example_dags/example_setup_teardown.py took 0.109 seconds
[2024-02-02T15:26:58.212+0000] {processor.py:161} INFO - Started process (PID=6904) to work on /home/airflow/.local/lib/python3.8/site-packages/airflow/example_dags/example_setup_teardown.py
[2024-02-02T15:26:58.214+0000] {processor.py:830} INFO - Processing file /home/airflow/.local/lib/python3.8/site-packages/airflow/example_dags/example_setup_teardown.py for tasks to queue
[2024-02-02T15:26:58.216+0000] {logging_mixin.py:188} INFO - [2024-02-02T15:26:58.215+0000] {dagbag.py:538} INFO - Filling up the DagBag from /home/airflow/.local/lib/python3.8/site-packages/airflow/example_dags/example_setup_teardown.py
[2024-02-02T15:26:58.224+0000] {processor.py:840} INFO - DAG(s) 'example_setup_teardown' retrieved from /home/airflow/.local/lib/python3.8/site-packages/airflow/example_dags/example_setup_teardown.py
[2024-02-02T15:26:58.250+0000] {logging_mixin.py:188} INFO - [2024-02-02T15:26:58.250+0000] {dag.py:3036} INFO - Sync 1 DAGs
[2024-02-02T15:26:58.278+0000] {logging_mixin.py:188} INFO - [2024-02-02T15:26:58.277+0000] {dag.py:3823} INFO - Setting next_dagrun for example_setup_teardown to 2024-02-01 00:00:00+00:00, run_after=2024-02-02 00:00:00+00:00
[2024-02-02T15:26:58.305+0000] {processor.py:183} INFO - Processing /home/airflow/.local/lib/python3.8/site-packages/airflow/example_dags/example_setup_teardown.py took 0.097 seconds
[2024-02-02T15:27:29.009+0000] {processor.py:161} INFO - Started process (PID=7151) to work on /home/airflow/.local/lib/python3.8/site-packages/airflow/example_dags/example_setup_teardown.py
[2024-02-02T15:27:29.011+0000] {processor.py:830} INFO - Processing file /home/airflow/.local/lib/python3.8/site-packages/airflow/example_dags/example_setup_teardown.py for tasks to queue
[2024-02-02T15:27:29.012+0000] {logging_mixin.py:188} INFO - [2024-02-02T15:27:29.012+0000] {dagbag.py:538} INFO - Filling up the DagBag from /home/airflow/.local/lib/python3.8/site-packages/airflow/example_dags/example_setup_teardown.py
[2024-02-02T15:27:29.025+0000] {processor.py:840} INFO - DAG(s) 'example_setup_teardown' retrieved from /home/airflow/.local/lib/python3.8/site-packages/airflow/example_dags/example_setup_teardown.py
[2024-02-02T15:27:29.060+0000] {logging_mixin.py:188} INFO - [2024-02-02T15:27:29.060+0000] {dag.py:3036} INFO - Sync 1 DAGs
[2024-02-02T15:27:29.093+0000] {logging_mixin.py:188} INFO - [2024-02-02T15:27:29.093+0000] {dag.py:3823} INFO - Setting next_dagrun for example_setup_teardown to 2024-02-01 00:00:00+00:00, run_after=2024-02-02 00:00:00+00:00
[2024-02-02T15:27:29.124+0000] {processor.py:183} INFO - Processing /home/airflow/.local/lib/python3.8/site-packages/airflow/example_dags/example_setup_teardown.py took 0.120 seconds
[2024-02-02T15:27:59.429+0000] {processor.py:161} INFO - Started process (PID=7398) to work on /home/airflow/.local/lib/python3.8/site-packages/airflow/example_dags/example_setup_teardown.py
[2024-02-02T15:27:59.430+0000] {processor.py:830} INFO - Processing file /home/airflow/.local/lib/python3.8/site-packages/airflow/example_dags/example_setup_teardown.py for tasks to queue
[2024-02-02T15:27:59.431+0000] {logging_mixin.py:188} INFO - [2024-02-02T15:27:59.431+0000] {dagbag.py:538} INFO - Filling up the DagBag from /home/airflow/.local/lib/python3.8/site-packages/airflow/example_dags/example_setup_teardown.py
[2024-02-02T15:27:59.440+0000] {processor.py:840} INFO - DAG(s) 'example_setup_teardown' retrieved from /home/airflow/.local/lib/python3.8/site-packages/airflow/example_dags/example_setup_teardown.py
[2024-02-02T15:27:59.466+0000] {logging_mixin.py:188} INFO - [2024-02-02T15:27:59.466+0000] {dag.py:3036} INFO - Sync 1 DAGs
[2024-02-02T15:27:59.494+0000] {logging_mixin.py:188} INFO - [2024-02-02T15:27:59.494+0000] {dag.py:3823} INFO - Setting next_dagrun for example_setup_teardown to 2024-02-01 00:00:00+00:00, run_after=2024-02-02 00:00:00+00:00
[2024-02-02T15:27:59.520+0000] {processor.py:183} INFO - Processing /home/airflow/.local/lib/python3.8/site-packages/airflow/example_dags/example_setup_teardown.py took 0.095 seconds
[2024-02-02T15:28:29.889+0000] {processor.py:161} INFO - Started process (PID=7651) to work on /home/airflow/.local/lib/python3.8/site-packages/airflow/example_dags/example_setup_teardown.py
[2024-02-02T15:28:29.890+0000] {processor.py:830} INFO - Processing file /home/airflow/.local/lib/python3.8/site-packages/airflow/example_dags/example_setup_teardown.py for tasks to queue
[2024-02-02T15:28:29.892+0000] {logging_mixin.py:188} INFO - [2024-02-02T15:28:29.892+0000] {dagbag.py:538} INFO - Filling up the DagBag from /home/airflow/.local/lib/python3.8/site-packages/airflow/example_dags/example_setup_teardown.py
[2024-02-02T15:28:29.901+0000] {processor.py:840} INFO - DAG(s) 'example_setup_teardown' retrieved from /home/airflow/.local/lib/python3.8/site-packages/airflow/example_dags/example_setup_teardown.py
[2024-02-02T15:28:29.927+0000] {logging_mixin.py:188} INFO - [2024-02-02T15:28:29.927+0000] {dag.py:3036} INFO - Sync 1 DAGs
[2024-02-02T15:28:29.954+0000] {logging_mixin.py:188} INFO - [2024-02-02T15:28:29.954+0000] {dag.py:3823} INFO - Setting next_dagrun for example_setup_teardown to 2024-02-01 00:00:00+00:00, run_after=2024-02-02 00:00:00+00:00
[2024-02-02T15:28:29.983+0000] {processor.py:183} INFO - Processing /home/airflow/.local/lib/python3.8/site-packages/airflow/example_dags/example_setup_teardown.py took 0.098 seconds
[2024-02-02T15:29:00.376+0000] {processor.py:161} INFO - Started process (PID=7898) to work on /home/airflow/.local/lib/python3.8/site-packages/airflow/example_dags/example_setup_teardown.py
[2024-02-02T15:29:00.377+0000] {processor.py:830} INFO - Processing file /home/airflow/.local/lib/python3.8/site-packages/airflow/example_dags/example_setup_teardown.py for tasks to queue
[2024-02-02T15:29:00.379+0000] {logging_mixin.py:188} INFO - [2024-02-02T15:29:00.378+0000] {dagbag.py:538} INFO - Filling up the DagBag from /home/airflow/.local/lib/python3.8/site-packages/airflow/example_dags/example_setup_teardown.py
[2024-02-02T15:29:00.388+0000] {processor.py:840} INFO - DAG(s) 'example_setup_teardown' retrieved from /home/airflow/.local/lib/python3.8/site-packages/airflow/example_dags/example_setup_teardown.py
[2024-02-02T15:29:00.415+0000] {logging_mixin.py:188} INFO - [2024-02-02T15:29:00.415+0000] {dag.py:3036} INFO - Sync 1 DAGs
[2024-02-02T15:29:00.445+0000] {logging_mixin.py:188} INFO - [2024-02-02T15:29:00.445+0000] {dag.py:3823} INFO - Setting next_dagrun for example_setup_teardown to 2024-02-01 00:00:00+00:00, run_after=2024-02-02 00:00:00+00:00
[2024-02-02T15:29:00.474+0000] {processor.py:183} INFO - Processing /home/airflow/.local/lib/python3.8/site-packages/airflow/example_dags/example_setup_teardown.py took 0.103 seconds
[2024-02-02T15:29:30.653+0000] {processor.py:161} INFO - Started process (PID=8145) to work on /home/airflow/.local/lib/python3.8/site-packages/airflow/example_dags/example_setup_teardown.py
[2024-02-02T15:29:30.655+0000] {processor.py:830} INFO - Processing file /home/airflow/.local/lib/python3.8/site-packages/airflow/example_dags/example_setup_teardown.py for tasks to queue
[2024-02-02T15:29:30.657+0000] {logging_mixin.py:188} INFO - [2024-02-02T15:29:30.656+0000] {dagbag.py:538} INFO - Filling up the DagBag from /home/airflow/.local/lib/python3.8/site-packages/airflow/example_dags/example_setup_teardown.py
[2024-02-02T15:29:30.667+0000] {processor.py:840} INFO - DAG(s) 'example_setup_teardown' retrieved from /home/airflow/.local/lib/python3.8/site-packages/airflow/example_dags/example_setup_teardown.py
[2024-02-02T15:29:30.696+0000] {logging_mixin.py:188} INFO - [2024-02-02T15:29:30.696+0000] {dag.py:3036} INFO - Sync 1 DAGs
[2024-02-02T15:29:30.731+0000] {logging_mixin.py:188} INFO - [2024-02-02T15:29:30.731+0000] {dag.py:3823} INFO - Setting next_dagrun for example_setup_teardown to 2024-02-01 00:00:00+00:00, run_after=2024-02-02 00:00:00+00:00
[2024-02-02T15:29:30.761+0000] {processor.py:183} INFO - Processing /home/airflow/.local/lib/python3.8/site-packages/airflow/example_dags/example_setup_teardown.py took 0.113 seconds
[2024-02-02T15:30:01.117+0000] {processor.py:161} INFO - Started process (PID=8392) to work on /home/airflow/.local/lib/python3.8/site-packages/airflow/example_dags/example_setup_teardown.py
[2024-02-02T15:30:01.119+0000] {processor.py:830} INFO - Processing file /home/airflow/.local/lib/python3.8/site-packages/airflow/example_dags/example_setup_teardown.py for tasks to queue
[2024-02-02T15:30:01.120+0000] {logging_mixin.py:188} INFO - [2024-02-02T15:30:01.120+0000] {dagbag.py:538} INFO - Filling up the DagBag from /home/airflow/.local/lib/python3.8/site-packages/airflow/example_dags/example_setup_teardown.py
[2024-02-02T15:30:01.132+0000] {processor.py:840} INFO - DAG(s) 'example_setup_teardown' retrieved from /home/airflow/.local/lib/python3.8/site-packages/airflow/example_dags/example_setup_teardown.py
[2024-02-02T15:30:01.160+0000] {logging_mixin.py:188} INFO - [2024-02-02T15:30:01.160+0000] {dag.py:3036} INFO - Sync 1 DAGs
[2024-02-02T15:30:01.192+0000] {logging_mixin.py:188} INFO - [2024-02-02T15:30:01.191+0000] {dag.py:3823} INFO - Setting next_dagrun for example_setup_teardown to 2024-02-01 00:00:00+00:00, run_after=2024-02-02 00:00:00+00:00
[2024-02-02T15:30:01.218+0000] {processor.py:183} INFO - Processing /home/airflow/.local/lib/python3.8/site-packages/airflow/example_dags/example_setup_teardown.py took 0.107 seconds
[2024-02-02T15:30:31.424+0000] {processor.py:161} INFO - Started process (PID=8639) to work on /home/airflow/.local/lib/python3.8/site-packages/airflow/example_dags/example_setup_teardown.py
[2024-02-02T15:30:31.425+0000] {processor.py:830} INFO - Processing file /home/airflow/.local/lib/python3.8/site-packages/airflow/example_dags/example_setup_teardown.py for tasks to queue
[2024-02-02T15:30:31.427+0000] {logging_mixin.py:188} INFO - [2024-02-02T15:30:31.426+0000] {dagbag.py:538} INFO - Filling up the DagBag from /home/airflow/.local/lib/python3.8/site-packages/airflow/example_dags/example_setup_teardown.py
[2024-02-02T15:30:31.435+0000] {processor.py:840} INFO - DAG(s) 'example_setup_teardown' retrieved from /home/airflow/.local/lib/python3.8/site-packages/airflow/example_dags/example_setup_teardown.py
[2024-02-02T15:30:31.461+0000] {logging_mixin.py:188} INFO - [2024-02-02T15:30:31.461+0000] {dag.py:3036} INFO - Sync 1 DAGs
[2024-02-02T15:30:31.489+0000] {logging_mixin.py:188} INFO - [2024-02-02T15:30:31.488+0000] {dag.py:3823} INFO - Setting next_dagrun for example_setup_teardown to 2024-02-01 00:00:00+00:00, run_after=2024-02-02 00:00:00+00:00
[2024-02-02T15:30:31.514+0000] {processor.py:183} INFO - Processing /home/airflow/.local/lib/python3.8/site-packages/airflow/example_dags/example_setup_teardown.py took 0.094 seconds
[2024-02-02T15:31:01.856+0000] {processor.py:161} INFO - Started process (PID=8886) to work on /home/airflow/.local/lib/python3.8/site-packages/airflow/example_dags/example_setup_teardown.py
[2024-02-02T15:31:01.858+0000] {processor.py:830} INFO - Processing file /home/airflow/.local/lib/python3.8/site-packages/airflow/example_dags/example_setup_teardown.py for tasks to queue
[2024-02-02T15:31:01.859+0000] {logging_mixin.py:188} INFO - [2024-02-02T15:31:01.859+0000] {dagbag.py:538} INFO - Filling up the DagBag from /home/airflow/.local/lib/python3.8/site-packages/airflow/example_dags/example_setup_teardown.py
[2024-02-02T15:31:01.868+0000] {processor.py:840} INFO - DAG(s) 'example_setup_teardown' retrieved from /home/airflow/.local/lib/python3.8/site-packages/airflow/example_dags/example_setup_teardown.py
[2024-02-02T15:31:01.894+0000] {logging_mixin.py:188} INFO - [2024-02-02T15:31:01.893+0000] {dag.py:3036} INFO - Sync 1 DAGs
[2024-02-02T15:31:01.920+0000] {logging_mixin.py:188} INFO - [2024-02-02T15:31:01.920+0000] {dag.py:3823} INFO - Setting next_dagrun for example_setup_teardown to 2024-02-01 00:00:00+00:00, run_after=2024-02-02 00:00:00+00:00
[2024-02-02T15:31:01.945+0000] {processor.py:183} INFO - Processing /home/airflow/.local/lib/python3.8/site-packages/airflow/example_dags/example_setup_teardown.py took 0.093 seconds
[2024-02-02T15:31:32.010+0000] {processor.py:161} INFO - Started process (PID=9133) to work on /home/airflow/.local/lib/python3.8/site-packages/airflow/example_dags/example_setup_teardown.py
[2024-02-02T15:31:32.012+0000] {processor.py:830} INFO - Processing file /home/airflow/.local/lib/python3.8/site-packages/airflow/example_dags/example_setup_teardown.py for tasks to queue
[2024-02-02T15:31:32.014+0000] {logging_mixin.py:188} INFO - [2024-02-02T15:31:32.013+0000] {dagbag.py:538} INFO - Filling up the DagBag from /home/airflow/.local/lib/python3.8/site-packages/airflow/example_dags/example_setup_teardown.py
[2024-02-02T15:31:32.022+0000] {processor.py:840} INFO - DAG(s) 'example_setup_teardown' retrieved from /home/airflow/.local/lib/python3.8/site-packages/airflow/example_dags/example_setup_teardown.py
[2024-02-02T15:31:32.048+0000] {logging_mixin.py:188} INFO - [2024-02-02T15:31:32.048+0000] {dag.py:3036} INFO - Sync 1 DAGs
[2024-02-02T15:31:32.080+0000] {logging_mixin.py:188} INFO - [2024-02-02T15:31:32.080+0000] {dag.py:3823} INFO - Setting next_dagrun for example_setup_teardown to 2024-02-01 00:00:00+00:00, run_after=2024-02-02 00:00:00+00:00
[2024-02-02T15:31:32.115+0000] {processor.py:183} INFO - Processing /home/airflow/.local/lib/python3.8/site-packages/airflow/example_dags/example_setup_teardown.py took 0.108 seconds
[2024-02-02T15:32:02.877+0000] {processor.py:161} INFO - Started process (PID=9374) to work on /home/airflow/.local/lib/python3.8/site-packages/airflow/example_dags/example_setup_teardown.py
[2024-02-02T15:32:02.878+0000] {processor.py:830} INFO - Processing file /home/airflow/.local/lib/python3.8/site-packages/airflow/example_dags/example_setup_teardown.py for tasks to queue
[2024-02-02T15:32:02.879+0000] {logging_mixin.py:188} INFO - [2024-02-02T15:32:02.879+0000] {dagbag.py:538} INFO - Filling up the DagBag from /home/airflow/.local/lib/python3.8/site-packages/airflow/example_dags/example_setup_teardown.py
[2024-02-02T15:32:02.888+0000] {processor.py:840} INFO - DAG(s) 'example_setup_teardown' retrieved from /home/airflow/.local/lib/python3.8/site-packages/airflow/example_dags/example_setup_teardown.py
[2024-02-02T15:32:02.913+0000] {logging_mixin.py:188} INFO - [2024-02-02T15:32:02.912+0000] {dag.py:3036} INFO - Sync 1 DAGs
[2024-02-02T15:32:02.941+0000] {logging_mixin.py:188} INFO - [2024-02-02T15:32:02.941+0000] {dag.py:3823} INFO - Setting next_dagrun for example_setup_teardown to 2024-02-01 00:00:00+00:00, run_after=2024-02-02 00:00:00+00:00
[2024-02-02T15:32:02.972+0000] {processor.py:183} INFO - Processing /home/airflow/.local/lib/python3.8/site-packages/airflow/example_dags/example_setup_teardown.py took 0.100 seconds
[2024-02-02T15:32:33.198+0000] {processor.py:161} INFO - Started process (PID=9621) to work on /home/airflow/.local/lib/python3.8/site-packages/airflow/example_dags/example_setup_teardown.py
[2024-02-02T15:32:33.200+0000] {processor.py:830} INFO - Processing file /home/airflow/.local/lib/python3.8/site-packages/airflow/example_dags/example_setup_teardown.py for tasks to queue
[2024-02-02T15:32:33.201+0000] {logging_mixin.py:188} INFO - [2024-02-02T15:32:33.201+0000] {dagbag.py:538} INFO - Filling up the DagBag from /home/airflow/.local/lib/python3.8/site-packages/airflow/example_dags/example_setup_teardown.py
[2024-02-02T15:32:33.210+0000] {processor.py:840} INFO - DAG(s) 'example_setup_teardown' retrieved from /home/airflow/.local/lib/python3.8/site-packages/airflow/example_dags/example_setup_teardown.py
[2024-02-02T15:32:33.235+0000] {logging_mixin.py:188} INFO - [2024-02-02T15:32:33.235+0000] {dag.py:3036} INFO - Sync 1 DAGs
[2024-02-02T15:32:33.271+0000] {logging_mixin.py:188} INFO - [2024-02-02T15:32:33.271+0000] {dag.py:3823} INFO - Setting next_dagrun for example_setup_teardown to 2024-02-01 00:00:00+00:00, run_after=2024-02-02 00:00:00+00:00
[2024-02-02T15:32:33.304+0000] {processor.py:183} INFO - Processing /home/airflow/.local/lib/python3.8/site-packages/airflow/example_dags/example_setup_teardown.py took 0.110 seconds
[2024-02-02T15:33:03.403+0000] {processor.py:161} INFO - Started process (PID=9868) to work on /home/airflow/.local/lib/python3.8/site-packages/airflow/example_dags/example_setup_teardown.py
[2024-02-02T15:33:03.404+0000] {processor.py:830} INFO - Processing file /home/airflow/.local/lib/python3.8/site-packages/airflow/example_dags/example_setup_teardown.py for tasks to queue
[2024-02-02T15:33:03.406+0000] {logging_mixin.py:188} INFO - [2024-02-02T15:33:03.406+0000] {dagbag.py:538} INFO - Filling up the DagBag from /home/airflow/.local/lib/python3.8/site-packages/airflow/example_dags/example_setup_teardown.py
[2024-02-02T15:33:03.415+0000] {processor.py:840} INFO - DAG(s) 'example_setup_teardown' retrieved from /home/airflow/.local/lib/python3.8/site-packages/airflow/example_dags/example_setup_teardown.py
[2024-02-02T15:33:03.440+0000] {logging_mixin.py:188} INFO - [2024-02-02T15:33:03.440+0000] {dag.py:3036} INFO - Sync 1 DAGs
[2024-02-02T15:33:03.467+0000] {logging_mixin.py:188} INFO - [2024-02-02T15:33:03.466+0000] {dag.py:3823} INFO - Setting next_dagrun for example_setup_teardown to 2024-02-01 00:00:00+00:00, run_after=2024-02-02 00:00:00+00:00
[2024-02-02T15:33:03.535+0000] {processor.py:183} INFO - Processing /home/airflow/.local/lib/python3.8/site-packages/airflow/example_dags/example_setup_teardown.py took 0.137 seconds
[2024-02-02T15:33:34.310+0000] {processor.py:161} INFO - Started process (PID=10115) to work on /home/airflow/.local/lib/python3.8/site-packages/airflow/example_dags/example_setup_teardown.py
[2024-02-02T15:33:34.311+0000] {processor.py:830} INFO - Processing file /home/airflow/.local/lib/python3.8/site-packages/airflow/example_dags/example_setup_teardown.py for tasks to queue
[2024-02-02T15:33:34.313+0000] {logging_mixin.py:188} INFO - [2024-02-02T15:33:34.313+0000] {dagbag.py:538} INFO - Filling up the DagBag from /home/airflow/.local/lib/python3.8/site-packages/airflow/example_dags/example_setup_teardown.py
[2024-02-02T15:33:34.322+0000] {processor.py:840} INFO - DAG(s) 'example_setup_teardown' retrieved from /home/airflow/.local/lib/python3.8/site-packages/airflow/example_dags/example_setup_teardown.py
[2024-02-02T15:33:34.354+0000] {logging_mixin.py:188} INFO - [2024-02-02T15:33:34.353+0000] {dag.py:3036} INFO - Sync 1 DAGs
[2024-02-02T15:33:34.391+0000] {logging_mixin.py:188} INFO - [2024-02-02T15:33:34.391+0000] {dag.py:3823} INFO - Setting next_dagrun for example_setup_teardown to 2024-02-01 00:00:00+00:00, run_after=2024-02-02 00:00:00+00:00
[2024-02-02T15:33:34.424+0000] {processor.py:183} INFO - Processing /home/airflow/.local/lib/python3.8/site-packages/airflow/example_dags/example_setup_teardown.py took 0.119 seconds
[2024-02-02T15:34:05.118+0000] {processor.py:161} INFO - Started process (PID=10362) to work on /home/airflow/.local/lib/python3.8/site-packages/airflow/example_dags/example_setup_teardown.py
[2024-02-02T15:34:05.120+0000] {processor.py:830} INFO - Processing file /home/airflow/.local/lib/python3.8/site-packages/airflow/example_dags/example_setup_teardown.py for tasks to queue
[2024-02-02T15:34:05.121+0000] {logging_mixin.py:188} INFO - [2024-02-02T15:34:05.121+0000] {dagbag.py:538} INFO - Filling up the DagBag from /home/airflow/.local/lib/python3.8/site-packages/airflow/example_dags/example_setup_teardown.py
[2024-02-02T15:34:05.130+0000] {processor.py:840} INFO - DAG(s) 'example_setup_teardown' retrieved from /home/airflow/.local/lib/python3.8/site-packages/airflow/example_dags/example_setup_teardown.py
[2024-02-02T15:34:05.155+0000] {logging_mixin.py:188} INFO - [2024-02-02T15:34:05.154+0000] {dag.py:3036} INFO - Sync 1 DAGs
[2024-02-02T15:34:05.181+0000] {logging_mixin.py:188} INFO - [2024-02-02T15:34:05.181+0000] {dag.py:3823} INFO - Setting next_dagrun for example_setup_teardown to 2024-02-01 00:00:00+00:00, run_after=2024-02-02 00:00:00+00:00
[2024-02-02T15:34:05.207+0000] {processor.py:183} INFO - Processing /home/airflow/.local/lib/python3.8/site-packages/airflow/example_dags/example_setup_teardown.py took 0.093 seconds
[2024-02-02T15:34:35.481+0000] {processor.py:161} INFO - Started process (PID=10609) to work on /home/airflow/.local/lib/python3.8/site-packages/airflow/example_dags/example_setup_teardown.py
[2024-02-02T15:34:35.483+0000] {processor.py:830} INFO - Processing file /home/airflow/.local/lib/python3.8/site-packages/airflow/example_dags/example_setup_teardown.py for tasks to queue
[2024-02-02T15:34:35.485+0000] {logging_mixin.py:188} INFO - [2024-02-02T15:34:35.484+0000] {dagbag.py:538} INFO - Filling up the DagBag from /home/airflow/.local/lib/python3.8/site-packages/airflow/example_dags/example_setup_teardown.py
[2024-02-02T15:34:35.497+0000] {processor.py:840} INFO - DAG(s) 'example_setup_teardown' retrieved from /home/airflow/.local/lib/python3.8/site-packages/airflow/example_dags/example_setup_teardown.py
[2024-02-02T15:34:35.529+0000] {logging_mixin.py:188} INFO - [2024-02-02T15:34:35.529+0000] {dag.py:3036} INFO - Sync 1 DAGs
[2024-02-02T15:34:35.563+0000] {logging_mixin.py:188} INFO - [2024-02-02T15:34:35.563+0000] {dag.py:3823} INFO - Setting next_dagrun for example_setup_teardown to 2024-02-01 00:00:00+00:00, run_after=2024-02-02 00:00:00+00:00
[2024-02-02T15:34:35.594+0000] {processor.py:183} INFO - Processing /home/airflow/.local/lib/python3.8/site-packages/airflow/example_dags/example_setup_teardown.py took 0.118 seconds
[2024-02-02T15:35:05.821+0000] {processor.py:161} INFO - Started process (PID=10856) to work on /home/airflow/.local/lib/python3.8/site-packages/airflow/example_dags/example_setup_teardown.py
[2024-02-02T15:35:05.822+0000] {processor.py:830} INFO - Processing file /home/airflow/.local/lib/python3.8/site-packages/airflow/example_dags/example_setup_teardown.py for tasks to queue
[2024-02-02T15:35:05.824+0000] {logging_mixin.py:188} INFO - [2024-02-02T15:35:05.824+0000] {dagbag.py:538} INFO - Filling up the DagBag from /home/airflow/.local/lib/python3.8/site-packages/airflow/example_dags/example_setup_teardown.py
[2024-02-02T15:35:05.833+0000] {processor.py:840} INFO - DAG(s) 'example_setup_teardown' retrieved from /home/airflow/.local/lib/python3.8/site-packages/airflow/example_dags/example_setup_teardown.py
[2024-02-02T15:35:05.859+0000] {logging_mixin.py:188} INFO - [2024-02-02T15:35:05.858+0000] {dag.py:3036} INFO - Sync 1 DAGs
[2024-02-02T15:35:05.886+0000] {logging_mixin.py:188} INFO - [2024-02-02T15:35:05.886+0000] {dag.py:3823} INFO - Setting next_dagrun for example_setup_teardown to 2024-02-01 00:00:00+00:00, run_after=2024-02-02 00:00:00+00:00
[2024-02-02T15:35:05.912+0000] {processor.py:183} INFO - Processing /home/airflow/.local/lib/python3.8/site-packages/airflow/example_dags/example_setup_teardown.py took 0.095 seconds
[2024-02-02T15:35:36.124+0000] {processor.py:161} INFO - Started process (PID=11103) to work on /home/airflow/.local/lib/python3.8/site-packages/airflow/example_dags/example_setup_teardown.py
[2024-02-02T15:35:36.126+0000] {processor.py:830} INFO - Processing file /home/airflow/.local/lib/python3.8/site-packages/airflow/example_dags/example_setup_teardown.py for tasks to queue
[2024-02-02T15:35:36.127+0000] {logging_mixin.py:188} INFO - [2024-02-02T15:35:36.127+0000] {dagbag.py:538} INFO - Filling up the DagBag from /home/airflow/.local/lib/python3.8/site-packages/airflow/example_dags/example_setup_teardown.py
[2024-02-02T15:35:36.136+0000] {processor.py:840} INFO - DAG(s) 'example_setup_teardown' retrieved from /home/airflow/.local/lib/python3.8/site-packages/airflow/example_dags/example_setup_teardown.py
[2024-02-02T15:35:36.162+0000] {logging_mixin.py:188} INFO - [2024-02-02T15:35:36.162+0000] {dag.py:3036} INFO - Sync 1 DAGs
[2024-02-02T15:35:36.191+0000] {logging_mixin.py:188} INFO - [2024-02-02T15:35:36.190+0000] {dag.py:3823} INFO - Setting next_dagrun for example_setup_teardown to 2024-02-01 00:00:00+00:00, run_after=2024-02-02 00:00:00+00:00
[2024-02-02T15:35:36.219+0000] {processor.py:183} INFO - Processing /home/airflow/.local/lib/python3.8/site-packages/airflow/example_dags/example_setup_teardown.py took 0.098 seconds
[2024-02-02T15:36:06.880+0000] {processor.py:161} INFO - Started process (PID=11350) to work on /home/airflow/.local/lib/python3.8/site-packages/airflow/example_dags/example_setup_teardown.py
[2024-02-02T15:36:06.881+0000] {processor.py:830} INFO - Processing file /home/airflow/.local/lib/python3.8/site-packages/airflow/example_dags/example_setup_teardown.py for tasks to queue
[2024-02-02T15:36:06.882+0000] {logging_mixin.py:188} INFO - [2024-02-02T15:36:06.882+0000] {dagbag.py:538} INFO - Filling up the DagBag from /home/airflow/.local/lib/python3.8/site-packages/airflow/example_dags/example_setup_teardown.py
[2024-02-02T15:36:06.891+0000] {processor.py:840} INFO - DAG(s) 'example_setup_teardown' retrieved from /home/airflow/.local/lib/python3.8/site-packages/airflow/example_dags/example_setup_teardown.py
[2024-02-02T15:36:06.921+0000] {logging_mixin.py:188} INFO - [2024-02-02T15:36:06.920+0000] {dag.py:3036} INFO - Sync 1 DAGs
[2024-02-02T15:36:06.959+0000] {logging_mixin.py:188} INFO - [2024-02-02T15:36:06.958+0000] {dag.py:3823} INFO - Setting next_dagrun for example_setup_teardown to 2024-02-01 00:00:00+00:00, run_after=2024-02-02 00:00:00+00:00
[2024-02-02T15:36:06.989+0000] {processor.py:183} INFO - Processing /home/airflow/.local/lib/python3.8/site-packages/airflow/example_dags/example_setup_teardown.py took 0.113 seconds
