[2024-02-02T15:13:15.982+0000] {processor.py:161} INFO - Started process (PID=168) to work on /home/airflow/.local/lib/python3.8/site-packages/airflow/example_dags/example_branch_operator.py
[2024-02-02T15:13:15.985+0000] {processor.py:830} INFO - Processing file /home/airflow/.local/lib/python3.8/site-packages/airflow/example_dags/example_branch_operator.py for tasks to queue
[2024-02-02T15:13:15.987+0000] {logging_mixin.py:188} INFO - [2024-02-02T15:13:15.986+0000] {dagbag.py:538} INFO - Filling up the DagBag from /home/airflow/.local/lib/python3.8/site-packages/airflow/example_dags/example_branch_operator.py
[2024-02-02T15:13:16.036+0000] {processor.py:840} INFO - DAG(s) 'example_branch_operator' retrieved from /home/airflow/.local/lib/python3.8/site-packages/airflow/example_dags/example_branch_operator.py
[2024-02-02T15:13:16.067+0000] {logging_mixin.py:188} INFO - [2024-02-02T15:13:16.066+0000] {dag.py:3036} INFO - Sync 1 DAGs
[2024-02-02T15:13:16.100+0000] {logging_mixin.py:188} INFO - [2024-02-02T15:13:16.100+0000] {dag.py:3823} INFO - Setting next_dagrun for example_branch_operator to 2024-02-01 00:00:00+00:00, run_after=2024-02-02 00:00:00+00:00
[2024-02-02T15:13:16.134+0000] {processor.py:183} INFO - Processing /home/airflow/.local/lib/python3.8/site-packages/airflow/example_dags/example_branch_operator.py took 0.157 seconds
[2024-02-02T15:13:46.574+0000] {processor.py:161} INFO - Started process (PID=415) to work on /home/airflow/.local/lib/python3.8/site-packages/airflow/example_dags/example_branch_operator.py
[2024-02-02T15:13:46.576+0000] {processor.py:830} INFO - Processing file /home/airflow/.local/lib/python3.8/site-packages/airflow/example_dags/example_branch_operator.py for tasks to queue
[2024-02-02T15:13:46.578+0000] {logging_mixin.py:188} INFO - [2024-02-02T15:13:46.577+0000] {dagbag.py:538} INFO - Filling up the DagBag from /home/airflow/.local/lib/python3.8/site-packages/airflow/example_dags/example_branch_operator.py
[2024-02-02T15:13:46.614+0000] {processor.py:840} INFO - DAG(s) 'example_branch_operator' retrieved from /home/airflow/.local/lib/python3.8/site-packages/airflow/example_dags/example_branch_operator.py
[2024-02-02T15:13:46.889+0000] {logging_mixin.py:188} INFO - [2024-02-02T15:13:46.889+0000] {dag.py:3036} INFO - Sync 1 DAGs
[2024-02-02T15:13:46.928+0000] {logging_mixin.py:188} INFO - [2024-02-02T15:13:46.927+0000] {dag.py:3823} INFO - Setting next_dagrun for example_branch_operator to 2024-02-01 00:00:00+00:00, run_after=2024-02-02 00:00:00+00:00
[2024-02-02T15:13:46.969+0000] {processor.py:183} INFO - Processing /home/airflow/.local/lib/python3.8/site-packages/airflow/example_dags/example_branch_operator.py took 0.401 seconds
[2024-02-02T15:14:17.173+0000] {processor.py:161} INFO - Started process (PID=662) to work on /home/airflow/.local/lib/python3.8/site-packages/airflow/example_dags/example_branch_operator.py
[2024-02-02T15:14:17.175+0000] {processor.py:830} INFO - Processing file /home/airflow/.local/lib/python3.8/site-packages/airflow/example_dags/example_branch_operator.py for tasks to queue
[2024-02-02T15:14:17.176+0000] {logging_mixin.py:188} INFO - [2024-02-02T15:14:17.176+0000] {dagbag.py:538} INFO - Filling up the DagBag from /home/airflow/.local/lib/python3.8/site-packages/airflow/example_dags/example_branch_operator.py
[2024-02-02T15:14:17.199+0000] {processor.py:840} INFO - DAG(s) 'example_branch_operator' retrieved from /home/airflow/.local/lib/python3.8/site-packages/airflow/example_dags/example_branch_operator.py
[2024-02-02T15:14:17.241+0000] {logging_mixin.py:188} INFO - [2024-02-02T15:14:17.241+0000] {dag.py:3036} INFO - Sync 1 DAGs
[2024-02-02T15:14:17.273+0000] {logging_mixin.py:188} INFO - [2024-02-02T15:14:17.272+0000] {dag.py:3823} INFO - Setting next_dagrun for example_branch_operator to 2024-02-01 00:00:00+00:00, run_after=2024-02-02 00:00:00+00:00
[2024-02-02T15:14:17.306+0000] {processor.py:183} INFO - Processing /home/airflow/.local/lib/python3.8/site-packages/airflow/example_dags/example_branch_operator.py took 0.137 seconds
[2024-02-02T15:14:47.410+0000] {processor.py:161} INFO - Started process (PID=909) to work on /home/airflow/.local/lib/python3.8/site-packages/airflow/example_dags/example_branch_operator.py
[2024-02-02T15:14:47.412+0000] {processor.py:830} INFO - Processing file /home/airflow/.local/lib/python3.8/site-packages/airflow/example_dags/example_branch_operator.py for tasks to queue
[2024-02-02T15:14:47.414+0000] {logging_mixin.py:188} INFO - [2024-02-02T15:14:47.413+0000] {dagbag.py:538} INFO - Filling up the DagBag from /home/airflow/.local/lib/python3.8/site-packages/airflow/example_dags/example_branch_operator.py
[2024-02-02T15:14:47.440+0000] {processor.py:840} INFO - DAG(s) 'example_branch_operator' retrieved from /home/airflow/.local/lib/python3.8/site-packages/airflow/example_dags/example_branch_operator.py
[2024-02-02T15:14:47.487+0000] {logging_mixin.py:188} INFO - [2024-02-02T15:14:47.486+0000] {dag.py:3036} INFO - Sync 1 DAGs
[2024-02-02T15:14:47.533+0000] {logging_mixin.py:188} INFO - [2024-02-02T15:14:47.532+0000] {dag.py:3823} INFO - Setting next_dagrun for example_branch_operator to 2024-02-01 00:00:00+00:00, run_after=2024-02-02 00:00:00+00:00
[2024-02-02T15:14:47.565+0000] {processor.py:183} INFO - Processing /home/airflow/.local/lib/python3.8/site-packages/airflow/example_dags/example_branch_operator.py took 0.160 seconds
[2024-02-02T15:15:17.775+0000] {processor.py:161} INFO - Started process (PID=1161) to work on /home/airflow/.local/lib/python3.8/site-packages/airflow/example_dags/example_branch_operator.py
[2024-02-02T15:15:17.777+0000] {processor.py:830} INFO - Processing file /home/airflow/.local/lib/python3.8/site-packages/airflow/example_dags/example_branch_operator.py for tasks to queue
[2024-02-02T15:15:17.779+0000] {logging_mixin.py:188} INFO - [2024-02-02T15:15:17.779+0000] {dagbag.py:538} INFO - Filling up the DagBag from /home/airflow/.local/lib/python3.8/site-packages/airflow/example_dags/example_branch_operator.py
[2024-02-02T15:15:17.807+0000] {processor.py:840} INFO - DAG(s) 'example_branch_operator' retrieved from /home/airflow/.local/lib/python3.8/site-packages/airflow/example_dags/example_branch_operator.py
[2024-02-02T15:15:17.852+0000] {logging_mixin.py:188} INFO - [2024-02-02T15:15:17.852+0000] {dag.py:3036} INFO - Sync 1 DAGs
[2024-02-02T15:15:17.886+0000] {logging_mixin.py:188} INFO - [2024-02-02T15:15:17.886+0000] {dag.py:3823} INFO - Setting next_dagrun for example_branch_operator to 2024-02-01 00:00:00+00:00, run_after=2024-02-02 00:00:00+00:00
[2024-02-02T15:15:17.916+0000] {processor.py:183} INFO - Processing /home/airflow/.local/lib/python3.8/site-packages/airflow/example_dags/example_branch_operator.py took 0.146 seconds
[2024-02-02T15:15:48.090+0000] {processor.py:161} INFO - Started process (PID=1408) to work on /home/airflow/.local/lib/python3.8/site-packages/airflow/example_dags/example_branch_operator.py
[2024-02-02T15:15:48.092+0000] {processor.py:830} INFO - Processing file /home/airflow/.local/lib/python3.8/site-packages/airflow/example_dags/example_branch_operator.py for tasks to queue
[2024-02-02T15:15:48.094+0000] {logging_mixin.py:188} INFO - [2024-02-02T15:15:48.093+0000] {dagbag.py:538} INFO - Filling up the DagBag from /home/airflow/.local/lib/python3.8/site-packages/airflow/example_dags/example_branch_operator.py
[2024-02-02T15:15:48.116+0000] {processor.py:840} INFO - DAG(s) 'example_branch_operator' retrieved from /home/airflow/.local/lib/python3.8/site-packages/airflow/example_dags/example_branch_operator.py
[2024-02-02T15:15:48.154+0000] {logging_mixin.py:188} INFO - [2024-02-02T15:15:48.154+0000] {dag.py:3036} INFO - Sync 1 DAGs
[2024-02-02T15:15:48.203+0000] {logging_mixin.py:188} INFO - [2024-02-02T15:15:48.203+0000] {dag.py:3823} INFO - Setting next_dagrun for example_branch_operator to 2024-02-01 00:00:00+00:00, run_after=2024-02-02 00:00:00+00:00
[2024-02-02T15:15:48.252+0000] {processor.py:183} INFO - Processing /home/airflow/.local/lib/python3.8/site-packages/airflow/example_dags/example_branch_operator.py took 0.166 seconds
[2024-02-02T15:16:18.411+0000] {processor.py:161} INFO - Started process (PID=1650) to work on /home/airflow/.local/lib/python3.8/site-packages/airflow/example_dags/example_branch_operator.py
[2024-02-02T15:16:18.412+0000] {processor.py:830} INFO - Processing file /home/airflow/.local/lib/python3.8/site-packages/airflow/example_dags/example_branch_operator.py for tasks to queue
[2024-02-02T15:16:18.414+0000] {logging_mixin.py:188} INFO - [2024-02-02T15:16:18.414+0000] {dagbag.py:538} INFO - Filling up the DagBag from /home/airflow/.local/lib/python3.8/site-packages/airflow/example_dags/example_branch_operator.py
[2024-02-02T15:16:18.438+0000] {processor.py:840} INFO - DAG(s) 'example_branch_operator' retrieved from /home/airflow/.local/lib/python3.8/site-packages/airflow/example_dags/example_branch_operator.py
[2024-02-02T15:16:18.473+0000] {logging_mixin.py:188} INFO - [2024-02-02T15:16:18.473+0000] {dag.py:3036} INFO - Sync 1 DAGs
[2024-02-02T15:16:18.506+0000] {logging_mixin.py:188} INFO - [2024-02-02T15:16:18.506+0000] {dag.py:3823} INFO - Setting next_dagrun for example_branch_operator to 2024-02-01 00:00:00+00:00, run_after=2024-02-02 00:00:00+00:00
[2024-02-02T15:16:18.536+0000] {processor.py:183} INFO - Processing /home/airflow/.local/lib/python3.8/site-packages/airflow/example_dags/example_branch_operator.py took 0.129 seconds
[2024-02-02T15:16:48.779+0000] {processor.py:161} INFO - Started process (PID=1902) to work on /home/airflow/.local/lib/python3.8/site-packages/airflow/example_dags/example_branch_operator.py
[2024-02-02T15:16:48.781+0000] {processor.py:830} INFO - Processing file /home/airflow/.local/lib/python3.8/site-packages/airflow/example_dags/example_branch_operator.py for tasks to queue
[2024-02-02T15:16:48.782+0000] {logging_mixin.py:188} INFO - [2024-02-02T15:16:48.782+0000] {dagbag.py:538} INFO - Filling up the DagBag from /home/airflow/.local/lib/python3.8/site-packages/airflow/example_dags/example_branch_operator.py
[2024-02-02T15:16:48.814+0000] {processor.py:840} INFO - DAG(s) 'example_branch_operator' retrieved from /home/airflow/.local/lib/python3.8/site-packages/airflow/example_dags/example_branch_operator.py
[2024-02-02T15:16:48.866+0000] {logging_mixin.py:188} INFO - [2024-02-02T15:16:48.866+0000] {dag.py:3036} INFO - Sync 1 DAGs
[2024-02-02T15:16:48.907+0000] {logging_mixin.py:188} INFO - [2024-02-02T15:16:48.906+0000] {dag.py:3823} INFO - Setting next_dagrun for example_branch_operator to 2024-02-01 00:00:00+00:00, run_after=2024-02-02 00:00:00+00:00
[2024-02-02T15:16:48.939+0000] {processor.py:183} INFO - Processing /home/airflow/.local/lib/python3.8/site-packages/airflow/example_dags/example_branch_operator.py took 0.166 seconds
[2024-02-02T15:17:19.183+0000] {processor.py:161} INFO - Started process (PID=2144) to work on /home/airflow/.local/lib/python3.8/site-packages/airflow/example_dags/example_branch_operator.py
[2024-02-02T15:17:19.184+0000] {processor.py:830} INFO - Processing file /home/airflow/.local/lib/python3.8/site-packages/airflow/example_dags/example_branch_operator.py for tasks to queue
[2024-02-02T15:17:19.186+0000] {logging_mixin.py:188} INFO - [2024-02-02T15:17:19.185+0000] {dagbag.py:538} INFO - Filling up the DagBag from /home/airflow/.local/lib/python3.8/site-packages/airflow/example_dags/example_branch_operator.py
[2024-02-02T15:17:19.213+0000] {processor.py:840} INFO - DAG(s) 'example_branch_operator' retrieved from /home/airflow/.local/lib/python3.8/site-packages/airflow/example_dags/example_branch_operator.py
[2024-02-02T15:17:19.253+0000] {logging_mixin.py:188} INFO - [2024-02-02T15:17:19.253+0000] {dag.py:3036} INFO - Sync 1 DAGs
[2024-02-02T15:17:19.287+0000] {logging_mixin.py:188} INFO - [2024-02-02T15:17:19.286+0000] {dag.py:3823} INFO - Setting next_dagrun for example_branch_operator to 2024-02-01 00:00:00+00:00, run_after=2024-02-02 00:00:00+00:00
[2024-02-02T15:17:19.319+0000] {processor.py:183} INFO - Processing /home/airflow/.local/lib/python3.8/site-packages/airflow/example_dags/example_branch_operator.py took 0.142 seconds
[2024-02-02T15:17:49.610+0000] {processor.py:161} INFO - Started process (PID=2391) to work on /home/airflow/.local/lib/python3.8/site-packages/airflow/example_dags/example_branch_operator.py
[2024-02-02T15:17:49.612+0000] {processor.py:830} INFO - Processing file /home/airflow/.local/lib/python3.8/site-packages/airflow/example_dags/example_branch_operator.py for tasks to queue
[2024-02-02T15:17:49.614+0000] {logging_mixin.py:188} INFO - [2024-02-02T15:17:49.613+0000] {dagbag.py:538} INFO - Filling up the DagBag from /home/airflow/.local/lib/python3.8/site-packages/airflow/example_dags/example_branch_operator.py
[2024-02-02T15:17:49.651+0000] {processor.py:840} INFO - DAG(s) 'example_branch_operator' retrieved from /home/airflow/.local/lib/python3.8/site-packages/airflow/example_dags/example_branch_operator.py
[2024-02-02T15:17:49.707+0000] {logging_mixin.py:188} INFO - [2024-02-02T15:17:49.706+0000] {dag.py:3036} INFO - Sync 1 DAGs
[2024-02-02T15:17:49.783+0000] {logging_mixin.py:188} INFO - [2024-02-02T15:17:49.780+0000] {dag.py:3823} INFO - Setting next_dagrun for example_branch_operator to 2024-02-01 00:00:00+00:00, run_after=2024-02-02 00:00:00+00:00
[2024-02-02T15:17:49.867+0000] {processor.py:183} INFO - Processing /home/airflow/.local/lib/python3.8/site-packages/airflow/example_dags/example_branch_operator.py took 0.262 seconds
[2024-02-02T15:18:20.065+0000] {processor.py:161} INFO - Started process (PID=2682) to work on /home/airflow/.local/lib/python3.8/site-packages/airflow/example_dags/example_branch_operator.py
[2024-02-02T15:18:20.067+0000] {processor.py:830} INFO - Processing file /home/airflow/.local/lib/python3.8/site-packages/airflow/example_dags/example_branch_operator.py for tasks to queue
[2024-02-02T15:18:20.069+0000] {logging_mixin.py:188} INFO - [2024-02-02T15:18:20.069+0000] {dagbag.py:538} INFO - Filling up the DagBag from /home/airflow/.local/lib/python3.8/site-packages/airflow/example_dags/example_branch_operator.py
[2024-02-02T15:18:20.102+0000] {processor.py:840} INFO - DAG(s) 'example_branch_operator' retrieved from /home/airflow/.local/lib/python3.8/site-packages/airflow/example_dags/example_branch_operator.py
[2024-02-02T15:18:20.151+0000] {logging_mixin.py:188} INFO - [2024-02-02T15:18:20.151+0000] {dag.py:3036} INFO - Sync 1 DAGs
[2024-02-02T15:18:20.195+0000] {logging_mixin.py:188} INFO - [2024-02-02T15:18:20.195+0000] {dag.py:3823} INFO - Setting next_dagrun for example_branch_operator to 2024-02-01 00:00:00+00:00, run_after=2024-02-02 00:00:00+00:00
[2024-02-02T15:18:20.237+0000] {processor.py:183} INFO - Processing /home/airflow/.local/lib/python3.8/site-packages/airflow/example_dags/example_branch_operator.py took 0.177 seconds
[2024-02-02T15:18:50.587+0000] {processor.py:161} INFO - Started process (PID=2938) to work on /home/airflow/.local/lib/python3.8/site-packages/airflow/example_dags/example_branch_operator.py
[2024-02-02T15:18:50.590+0000] {processor.py:830} INFO - Processing file /home/airflow/.local/lib/python3.8/site-packages/airflow/example_dags/example_branch_operator.py for tasks to queue
[2024-02-02T15:18:50.592+0000] {logging_mixin.py:188} INFO - [2024-02-02T15:18:50.592+0000] {dagbag.py:538} INFO - Filling up the DagBag from /home/airflow/.local/lib/python3.8/site-packages/airflow/example_dags/example_branch_operator.py
[2024-02-02T15:18:50.629+0000] {processor.py:840} INFO - DAG(s) 'example_branch_operator' retrieved from /home/airflow/.local/lib/python3.8/site-packages/airflow/example_dags/example_branch_operator.py
[2024-02-02T15:18:50.679+0000] {logging_mixin.py:188} INFO - [2024-02-02T15:18:50.678+0000] {dag.py:3036} INFO - Sync 1 DAGs
[2024-02-02T15:18:50.719+0000] {logging_mixin.py:188} INFO - [2024-02-02T15:18:50.719+0000] {dag.py:3823} INFO - Setting next_dagrun for example_branch_operator to 2024-02-01 00:00:00+00:00, run_after=2024-02-02 00:00:00+00:00
[2024-02-02T15:18:50.745+0000] {processor.py:183} INFO - Processing /home/airflow/.local/lib/python3.8/site-packages/airflow/example_dags/example_branch_operator.py took 0.167 seconds
[2024-02-02T15:19:21.000+0000] {processor.py:161} INFO - Started process (PID=3181) to work on /home/airflow/.local/lib/python3.8/site-packages/airflow/example_dags/example_branch_operator.py
[2024-02-02T15:19:21.002+0000] {processor.py:830} INFO - Processing file /home/airflow/.local/lib/python3.8/site-packages/airflow/example_dags/example_branch_operator.py for tasks to queue
[2024-02-02T15:19:21.004+0000] {logging_mixin.py:188} INFO - [2024-02-02T15:19:21.004+0000] {dagbag.py:538} INFO - Filling up the DagBag from /home/airflow/.local/lib/python3.8/site-packages/airflow/example_dags/example_branch_operator.py
[2024-02-02T15:19:21.033+0000] {processor.py:840} INFO - DAG(s) 'example_branch_operator' retrieved from /home/airflow/.local/lib/python3.8/site-packages/airflow/example_dags/example_branch_operator.py
[2024-02-02T15:19:21.074+0000] {logging_mixin.py:188} INFO - [2024-02-02T15:19:21.073+0000] {dag.py:3036} INFO - Sync 1 DAGs
[2024-02-02T15:19:21.106+0000] {logging_mixin.py:188} INFO - [2024-02-02T15:19:21.105+0000] {dag.py:3823} INFO - Setting next_dagrun for example_branch_operator to 2024-02-01 00:00:00+00:00, run_after=2024-02-02 00:00:00+00:00
[2024-02-02T15:19:21.136+0000] {processor.py:183} INFO - Processing /home/airflow/.local/lib/python3.8/site-packages/airflow/example_dags/example_branch_operator.py took 0.141 seconds
[2024-02-02T15:19:51.525+0000] {processor.py:161} INFO - Started process (PID=3428) to work on /home/airflow/.local/lib/python3.8/site-packages/airflow/example_dags/example_branch_operator.py
[2024-02-02T15:19:51.527+0000] {processor.py:830} INFO - Processing file /home/airflow/.local/lib/python3.8/site-packages/airflow/example_dags/example_branch_operator.py for tasks to queue
[2024-02-02T15:19:51.528+0000] {logging_mixin.py:188} INFO - [2024-02-02T15:19:51.528+0000] {dagbag.py:538} INFO - Filling up the DagBag from /home/airflow/.local/lib/python3.8/site-packages/airflow/example_dags/example_branch_operator.py
[2024-02-02T15:19:51.556+0000] {processor.py:840} INFO - DAG(s) 'example_branch_operator' retrieved from /home/airflow/.local/lib/python3.8/site-packages/airflow/example_dags/example_branch_operator.py
[2024-02-02T15:19:51.602+0000] {logging_mixin.py:188} INFO - [2024-02-02T15:19:51.601+0000] {dag.py:3036} INFO - Sync 1 DAGs
[2024-02-02T15:19:51.642+0000] {logging_mixin.py:188} INFO - [2024-02-02T15:19:51.641+0000] {dag.py:3823} INFO - Setting next_dagrun for example_branch_operator to 2024-02-01 00:00:00+00:00, run_after=2024-02-02 00:00:00+00:00
[2024-02-02T15:19:51.672+0000] {processor.py:183} INFO - Processing /home/airflow/.local/lib/python3.8/site-packages/airflow/example_dags/example_branch_operator.py took 0.152 seconds
[2024-02-02T15:20:21.980+0000] {processor.py:161} INFO - Started process (PID=3675) to work on /home/airflow/.local/lib/python3.8/site-packages/airflow/example_dags/example_branch_operator.py
[2024-02-02T15:20:21.982+0000] {processor.py:830} INFO - Processing file /home/airflow/.local/lib/python3.8/site-packages/airflow/example_dags/example_branch_operator.py for tasks to queue
[2024-02-02T15:20:21.984+0000] {logging_mixin.py:188} INFO - [2024-02-02T15:20:21.983+0000] {dagbag.py:538} INFO - Filling up the DagBag from /home/airflow/.local/lib/python3.8/site-packages/airflow/example_dags/example_branch_operator.py
[2024-02-02T15:20:22.007+0000] {processor.py:840} INFO - DAG(s) 'example_branch_operator' retrieved from /home/airflow/.local/lib/python3.8/site-packages/airflow/example_dags/example_branch_operator.py
[2024-02-02T15:20:22.042+0000] {logging_mixin.py:188} INFO - [2024-02-02T15:20:22.041+0000] {dag.py:3036} INFO - Sync 1 DAGs
[2024-02-02T15:20:22.070+0000] {logging_mixin.py:188} INFO - [2024-02-02T15:20:22.070+0000] {dag.py:3823} INFO - Setting next_dagrun for example_branch_operator to 2024-02-01 00:00:00+00:00, run_after=2024-02-02 00:00:00+00:00
[2024-02-02T15:20:22.097+0000] {processor.py:183} INFO - Processing /home/airflow/.local/lib/python3.8/site-packages/airflow/example_dags/example_branch_operator.py took 0.120 seconds
[2024-02-02T15:20:52.458+0000] {processor.py:161} INFO - Started process (PID=3922) to work on /home/airflow/.local/lib/python3.8/site-packages/airflow/example_dags/example_branch_operator.py
[2024-02-02T15:20:52.460+0000] {processor.py:830} INFO - Processing file /home/airflow/.local/lib/python3.8/site-packages/airflow/example_dags/example_branch_operator.py for tasks to queue
[2024-02-02T15:20:52.461+0000] {logging_mixin.py:188} INFO - [2024-02-02T15:20:52.461+0000] {dagbag.py:538} INFO - Filling up the DagBag from /home/airflow/.local/lib/python3.8/site-packages/airflow/example_dags/example_branch_operator.py
[2024-02-02T15:20:52.486+0000] {processor.py:840} INFO - DAG(s) 'example_branch_operator' retrieved from /home/airflow/.local/lib/python3.8/site-packages/airflow/example_dags/example_branch_operator.py
[2024-02-02T15:20:52.520+0000] {logging_mixin.py:188} INFO - [2024-02-02T15:20:52.520+0000] {dag.py:3036} INFO - Sync 1 DAGs
[2024-02-02T15:20:52.550+0000] {logging_mixin.py:188} INFO - [2024-02-02T15:20:52.550+0000] {dag.py:3823} INFO - Setting next_dagrun for example_branch_operator to 2024-02-01 00:00:00+00:00, run_after=2024-02-02 00:00:00+00:00
[2024-02-02T15:20:52.578+0000] {processor.py:183} INFO - Processing /home/airflow/.local/lib/python3.8/site-packages/airflow/example_dags/example_branch_operator.py took 0.125 seconds
[2024-02-02T15:21:22.810+0000] {processor.py:161} INFO - Started process (PID=4169) to work on /home/airflow/.local/lib/python3.8/site-packages/airflow/example_dags/example_branch_operator.py
[2024-02-02T15:21:22.811+0000] {processor.py:830} INFO - Processing file /home/airflow/.local/lib/python3.8/site-packages/airflow/example_dags/example_branch_operator.py for tasks to queue
[2024-02-02T15:21:22.813+0000] {logging_mixin.py:188} INFO - [2024-02-02T15:21:22.813+0000] {dagbag.py:538} INFO - Filling up the DagBag from /home/airflow/.local/lib/python3.8/site-packages/airflow/example_dags/example_branch_operator.py
[2024-02-02T15:21:22.835+0000] {processor.py:840} INFO - DAG(s) 'example_branch_operator' retrieved from /home/airflow/.local/lib/python3.8/site-packages/airflow/example_dags/example_branch_operator.py
[2024-02-02T15:21:22.869+0000] {logging_mixin.py:188} INFO - [2024-02-02T15:21:22.868+0000] {dag.py:3036} INFO - Sync 1 DAGs
[2024-02-02T15:21:22.897+0000] {logging_mixin.py:188} INFO - [2024-02-02T15:21:22.897+0000] {dag.py:3823} INFO - Setting next_dagrun for example_branch_operator to 2024-02-01 00:00:00+00:00, run_after=2024-02-02 00:00:00+00:00
[2024-02-02T15:21:22.929+0000] {processor.py:183} INFO - Processing /home/airflow/.local/lib/python3.8/site-packages/airflow/example_dags/example_branch_operator.py took 0.123 seconds
[2024-02-02T15:21:53.100+0000] {processor.py:161} INFO - Started process (PID=4416) to work on /home/airflow/.local/lib/python3.8/site-packages/airflow/example_dags/example_branch_operator.py
[2024-02-02T15:21:53.101+0000] {processor.py:830} INFO - Processing file /home/airflow/.local/lib/python3.8/site-packages/airflow/example_dags/example_branch_operator.py for tasks to queue
[2024-02-02T15:21:53.103+0000] {logging_mixin.py:188} INFO - [2024-02-02T15:21:53.102+0000] {dagbag.py:538} INFO - Filling up the DagBag from /home/airflow/.local/lib/python3.8/site-packages/airflow/example_dags/example_branch_operator.py
[2024-02-02T15:21:53.125+0000] {processor.py:840} INFO - DAG(s) 'example_branch_operator' retrieved from /home/airflow/.local/lib/python3.8/site-packages/airflow/example_dags/example_branch_operator.py
[2024-02-02T15:21:53.160+0000] {logging_mixin.py:188} INFO - [2024-02-02T15:21:53.160+0000] {dag.py:3036} INFO - Sync 1 DAGs
[2024-02-02T15:21:53.189+0000] {logging_mixin.py:188} INFO - [2024-02-02T15:21:53.189+0000] {dag.py:3823} INFO - Setting next_dagrun for example_branch_operator to 2024-02-01 00:00:00+00:00, run_after=2024-02-02 00:00:00+00:00
[2024-02-02T15:21:53.217+0000] {processor.py:183} INFO - Processing /home/airflow/.local/lib/python3.8/site-packages/airflow/example_dags/example_branch_operator.py took 0.122 seconds
[2024-02-02T15:22:23.319+0000] {processor.py:161} INFO - Started process (PID=4663) to work on /home/airflow/.local/lib/python3.8/site-packages/airflow/example_dags/example_branch_operator.py
[2024-02-02T15:22:23.321+0000] {processor.py:830} INFO - Processing file /home/airflow/.local/lib/python3.8/site-packages/airflow/example_dags/example_branch_operator.py for tasks to queue
[2024-02-02T15:22:23.323+0000] {logging_mixin.py:188} INFO - [2024-02-02T15:22:23.322+0000] {dagbag.py:538} INFO - Filling up the DagBag from /home/airflow/.local/lib/python3.8/site-packages/airflow/example_dags/example_branch_operator.py
[2024-02-02T15:22:23.349+0000] {processor.py:840} INFO - DAG(s) 'example_branch_operator' retrieved from /home/airflow/.local/lib/python3.8/site-packages/airflow/example_dags/example_branch_operator.py
[2024-02-02T15:22:23.383+0000] {logging_mixin.py:188} INFO - [2024-02-02T15:22:23.383+0000] {dag.py:3036} INFO - Sync 1 DAGs
[2024-02-02T15:22:23.415+0000] {logging_mixin.py:188} INFO - [2024-02-02T15:22:23.414+0000] {dag.py:3823} INFO - Setting next_dagrun for example_branch_operator to 2024-02-01 00:00:00+00:00, run_after=2024-02-02 00:00:00+00:00
[2024-02-02T15:22:23.442+0000] {processor.py:183} INFO - Processing /home/airflow/.local/lib/python3.8/site-packages/airflow/example_dags/example_branch_operator.py took 0.126 seconds
[2024-02-02T15:22:53.651+0000] {processor.py:161} INFO - Started process (PID=4910) to work on /home/airflow/.local/lib/python3.8/site-packages/airflow/example_dags/example_branch_operator.py
[2024-02-02T15:22:53.652+0000] {processor.py:830} INFO - Processing file /home/airflow/.local/lib/python3.8/site-packages/airflow/example_dags/example_branch_operator.py for tasks to queue
[2024-02-02T15:22:53.653+0000] {logging_mixin.py:188} INFO - [2024-02-02T15:22:53.653+0000] {dagbag.py:538} INFO - Filling up the DagBag from /home/airflow/.local/lib/python3.8/site-packages/airflow/example_dags/example_branch_operator.py
[2024-02-02T15:22:53.679+0000] {processor.py:840} INFO - DAG(s) 'example_branch_operator' retrieved from /home/airflow/.local/lib/python3.8/site-packages/airflow/example_dags/example_branch_operator.py
[2024-02-02T15:22:53.720+0000] {logging_mixin.py:188} INFO - [2024-02-02T15:22:53.720+0000] {dag.py:3036} INFO - Sync 1 DAGs
[2024-02-02T15:22:53.767+0000] {logging_mixin.py:188} INFO - [2024-02-02T15:22:53.766+0000] {dag.py:3823} INFO - Setting next_dagrun for example_branch_operator to 2024-02-01 00:00:00+00:00, run_after=2024-02-02 00:00:00+00:00
[2024-02-02T15:22:53.802+0000] {processor.py:183} INFO - Processing /home/airflow/.local/lib/python3.8/site-packages/airflow/example_dags/example_branch_operator.py took 0.156 seconds
[2024-02-02T15:23:24.315+0000] {processor.py:161} INFO - Started process (PID=5157) to work on /home/airflow/.local/lib/python3.8/site-packages/airflow/example_dags/example_branch_operator.py
[2024-02-02T15:23:24.317+0000] {processor.py:830} INFO - Processing file /home/airflow/.local/lib/python3.8/site-packages/airflow/example_dags/example_branch_operator.py for tasks to queue
[2024-02-02T15:23:24.318+0000] {logging_mixin.py:188} INFO - [2024-02-02T15:23:24.318+0000] {dagbag.py:538} INFO - Filling up the DagBag from /home/airflow/.local/lib/python3.8/site-packages/airflow/example_dags/example_branch_operator.py
[2024-02-02T15:23:24.343+0000] {processor.py:840} INFO - DAG(s) 'example_branch_operator' retrieved from /home/airflow/.local/lib/python3.8/site-packages/airflow/example_dags/example_branch_operator.py
[2024-02-02T15:23:24.389+0000] {logging_mixin.py:188} INFO - [2024-02-02T15:23:24.389+0000] {dag.py:3036} INFO - Sync 1 DAGs
[2024-02-02T15:23:24.426+0000] {logging_mixin.py:188} INFO - [2024-02-02T15:23:24.426+0000] {dag.py:3823} INFO - Setting next_dagrun for example_branch_operator to 2024-02-01 00:00:00+00:00, run_after=2024-02-02 00:00:00+00:00
[2024-02-02T15:23:24.456+0000] {processor.py:183} INFO - Processing /home/airflow/.local/lib/python3.8/site-packages/airflow/example_dags/example_branch_operator.py took 0.145 seconds
[2024-02-02T15:23:54.637+0000] {processor.py:161} INFO - Started process (PID=5409) to work on /home/airflow/.local/lib/python3.8/site-packages/airflow/example_dags/example_branch_operator.py
[2024-02-02T15:23:54.638+0000] {processor.py:830} INFO - Processing file /home/airflow/.local/lib/python3.8/site-packages/airflow/example_dags/example_branch_operator.py for tasks to queue
[2024-02-02T15:23:54.639+0000] {logging_mixin.py:188} INFO - [2024-02-02T15:23:54.639+0000] {dagbag.py:538} INFO - Filling up the DagBag from /home/airflow/.local/lib/python3.8/site-packages/airflow/example_dags/example_branch_operator.py
[2024-02-02T15:23:54.659+0000] {processor.py:840} INFO - DAG(s) 'example_branch_operator' retrieved from /home/airflow/.local/lib/python3.8/site-packages/airflow/example_dags/example_branch_operator.py
[2024-02-02T15:23:54.692+0000] {logging_mixin.py:188} INFO - [2024-02-02T15:23:54.692+0000] {dag.py:3036} INFO - Sync 1 DAGs
[2024-02-02T15:23:54.718+0000] {logging_mixin.py:188} INFO - [2024-02-02T15:23:54.718+0000] {dag.py:3823} INFO - Setting next_dagrun for example_branch_operator to 2024-02-01 00:00:00+00:00, run_after=2024-02-02 00:00:00+00:00
[2024-02-02T15:23:54.742+0000] {processor.py:183} INFO - Processing /home/airflow/.local/lib/python3.8/site-packages/airflow/example_dags/example_branch_operator.py took 0.109 seconds
[2024-02-02T15:24:24.846+0000] {processor.py:161} INFO - Started process (PID=5656) to work on /home/airflow/.local/lib/python3.8/site-packages/airflow/example_dags/example_branch_operator.py
[2024-02-02T15:24:24.848+0000] {processor.py:830} INFO - Processing file /home/airflow/.local/lib/python3.8/site-packages/airflow/example_dags/example_branch_operator.py for tasks to queue
[2024-02-02T15:24:24.850+0000] {logging_mixin.py:188} INFO - [2024-02-02T15:24:24.849+0000] {dagbag.py:538} INFO - Filling up the DagBag from /home/airflow/.local/lib/python3.8/site-packages/airflow/example_dags/example_branch_operator.py
[2024-02-02T15:24:24.870+0000] {processor.py:840} INFO - DAG(s) 'example_branch_operator' retrieved from /home/airflow/.local/lib/python3.8/site-packages/airflow/example_dags/example_branch_operator.py
[2024-02-02T15:24:24.902+0000] {logging_mixin.py:188} INFO - [2024-02-02T15:24:24.902+0000] {dag.py:3036} INFO - Sync 1 DAGs
[2024-02-02T15:24:24.928+0000] {logging_mixin.py:188} INFO - [2024-02-02T15:24:24.927+0000] {dag.py:3823} INFO - Setting next_dagrun for example_branch_operator to 2024-02-01 00:00:00+00:00, run_after=2024-02-02 00:00:00+00:00
[2024-02-02T15:24:24.949+0000] {processor.py:183} INFO - Processing /home/airflow/.local/lib/python3.8/site-packages/airflow/example_dags/example_branch_operator.py took 0.107 seconds
[2024-02-02T15:24:55.007+0000] {processor.py:161} INFO - Started process (PID=5898) to work on /home/airflow/.local/lib/python3.8/site-packages/airflow/example_dags/example_branch_operator.py
[2024-02-02T15:24:55.009+0000] {processor.py:830} INFO - Processing file /home/airflow/.local/lib/python3.8/site-packages/airflow/example_dags/example_branch_operator.py for tasks to queue
[2024-02-02T15:24:55.010+0000] {logging_mixin.py:188} INFO - [2024-02-02T15:24:55.010+0000] {dagbag.py:538} INFO - Filling up the DagBag from /home/airflow/.local/lib/python3.8/site-packages/airflow/example_dags/example_branch_operator.py
[2024-02-02T15:24:55.031+0000] {processor.py:840} INFO - DAG(s) 'example_branch_operator' retrieved from /home/airflow/.local/lib/python3.8/site-packages/airflow/example_dags/example_branch_operator.py
[2024-02-02T15:24:55.065+0000] {logging_mixin.py:188} INFO - [2024-02-02T15:24:55.065+0000] {dag.py:3036} INFO - Sync 1 DAGs
[2024-02-02T15:24:55.096+0000] {logging_mixin.py:188} INFO - [2024-02-02T15:24:55.095+0000] {dag.py:3823} INFO - Setting next_dagrun for example_branch_operator to 2024-02-01 00:00:00+00:00, run_after=2024-02-02 00:00:00+00:00
[2024-02-02T15:24:55.119+0000] {processor.py:183} INFO - Processing /home/airflow/.local/lib/python3.8/site-packages/airflow/example_dags/example_branch_operator.py took 0.117 seconds
[2024-02-02T15:25:25.505+0000] {processor.py:161} INFO - Started process (PID=6145) to work on /home/airflow/.local/lib/python3.8/site-packages/airflow/example_dags/example_branch_operator.py
[2024-02-02T15:25:25.506+0000] {processor.py:830} INFO - Processing file /home/airflow/.local/lib/python3.8/site-packages/airflow/example_dags/example_branch_operator.py for tasks to queue
[2024-02-02T15:25:25.508+0000] {logging_mixin.py:188} INFO - [2024-02-02T15:25:25.508+0000] {dagbag.py:538} INFO - Filling up the DagBag from /home/airflow/.local/lib/python3.8/site-packages/airflow/example_dags/example_branch_operator.py
[2024-02-02T15:25:25.530+0000] {processor.py:840} INFO - DAG(s) 'example_branch_operator' retrieved from /home/airflow/.local/lib/python3.8/site-packages/airflow/example_dags/example_branch_operator.py
[2024-02-02T15:25:25.563+0000] {logging_mixin.py:188} INFO - [2024-02-02T15:25:25.563+0000] {dag.py:3036} INFO - Sync 1 DAGs
[2024-02-02T15:25:25.592+0000] {logging_mixin.py:188} INFO - [2024-02-02T15:25:25.592+0000] {dag.py:3823} INFO - Setting next_dagrun for example_branch_operator to 2024-02-01 00:00:00+00:00, run_after=2024-02-02 00:00:00+00:00
[2024-02-02T15:25:25.625+0000] {processor.py:183} INFO - Processing /home/airflow/.local/lib/python3.8/site-packages/airflow/example_dags/example_branch_operator.py took 0.124 seconds
[2024-02-02T15:25:56.188+0000] {processor.py:161} INFO - Started process (PID=6392) to work on /home/airflow/.local/lib/python3.8/site-packages/airflow/example_dags/example_branch_operator.py
[2024-02-02T15:25:56.189+0000] {processor.py:830} INFO - Processing file /home/airflow/.local/lib/python3.8/site-packages/airflow/example_dags/example_branch_operator.py for tasks to queue
[2024-02-02T15:25:56.191+0000] {logging_mixin.py:188} INFO - [2024-02-02T15:25:56.190+0000] {dagbag.py:538} INFO - Filling up the DagBag from /home/airflow/.local/lib/python3.8/site-packages/airflow/example_dags/example_branch_operator.py
[2024-02-02T15:25:56.213+0000] {processor.py:840} INFO - DAG(s) 'example_branch_operator' retrieved from /home/airflow/.local/lib/python3.8/site-packages/airflow/example_dags/example_branch_operator.py
[2024-02-02T15:25:56.249+0000] {logging_mixin.py:188} INFO - [2024-02-02T15:25:56.249+0000] {dag.py:3036} INFO - Sync 1 DAGs
[2024-02-02T15:25:56.280+0000] {logging_mixin.py:188} INFO - [2024-02-02T15:25:56.280+0000] {dag.py:3823} INFO - Setting next_dagrun for example_branch_operator to 2024-02-01 00:00:00+00:00, run_after=2024-02-02 00:00:00+00:00
[2024-02-02T15:25:56.309+0000] {processor.py:183} INFO - Processing /home/airflow/.local/lib/python3.8/site-packages/airflow/example_dags/example_branch_operator.py took 0.125 seconds
[2024-02-02T15:26:26.862+0000] {processor.py:161} INFO - Started process (PID=6639) to work on /home/airflow/.local/lib/python3.8/site-packages/airflow/example_dags/example_branch_operator.py
[2024-02-02T15:26:26.863+0000] {processor.py:830} INFO - Processing file /home/airflow/.local/lib/python3.8/site-packages/airflow/example_dags/example_branch_operator.py for tasks to queue
[2024-02-02T15:26:26.864+0000] {logging_mixin.py:188} INFO - [2024-02-02T15:26:26.864+0000] {dagbag.py:538} INFO - Filling up the DagBag from /home/airflow/.local/lib/python3.8/site-packages/airflow/example_dags/example_branch_operator.py
[2024-02-02T15:26:26.887+0000] {processor.py:840} INFO - DAG(s) 'example_branch_operator' retrieved from /home/airflow/.local/lib/python3.8/site-packages/airflow/example_dags/example_branch_operator.py
[2024-02-02T15:26:26.920+0000] {logging_mixin.py:188} INFO - [2024-02-02T15:26:26.920+0000] {dag.py:3036} INFO - Sync 1 DAGs
[2024-02-02T15:26:26.950+0000] {logging_mixin.py:188} INFO - [2024-02-02T15:26:26.950+0000] {dag.py:3823} INFO - Setting next_dagrun for example_branch_operator to 2024-02-01 00:00:00+00:00, run_after=2024-02-02 00:00:00+00:00
[2024-02-02T15:26:26.980+0000] {processor.py:183} INFO - Processing /home/airflow/.local/lib/python3.8/site-packages/airflow/example_dags/example_branch_operator.py took 0.122 seconds
[2024-02-02T15:26:57.038+0000] {processor.py:161} INFO - Started process (PID=6886) to work on /home/airflow/.local/lib/python3.8/site-packages/airflow/example_dags/example_branch_operator.py
[2024-02-02T15:26:57.039+0000] {processor.py:830} INFO - Processing file /home/airflow/.local/lib/python3.8/site-packages/airflow/example_dags/example_branch_operator.py for tasks to queue
[2024-02-02T15:26:57.041+0000] {logging_mixin.py:188} INFO - [2024-02-02T15:26:57.041+0000] {dagbag.py:538} INFO - Filling up the DagBag from /home/airflow/.local/lib/python3.8/site-packages/airflow/example_dags/example_branch_operator.py
[2024-02-02T15:26:57.062+0000] {processor.py:840} INFO - DAG(s) 'example_branch_operator' retrieved from /home/airflow/.local/lib/python3.8/site-packages/airflow/example_dags/example_branch_operator.py
[2024-02-02T15:26:57.095+0000] {logging_mixin.py:188} INFO - [2024-02-02T15:26:57.095+0000] {dag.py:3036} INFO - Sync 1 DAGs
[2024-02-02T15:26:57.127+0000] {logging_mixin.py:188} INFO - [2024-02-02T15:26:57.126+0000] {dag.py:3823} INFO - Setting next_dagrun for example_branch_operator to 2024-02-01 00:00:00+00:00, run_after=2024-02-02 00:00:00+00:00
[2024-02-02T15:26:57.155+0000] {processor.py:183} INFO - Processing /home/airflow/.local/lib/python3.8/site-packages/airflow/example_dags/example_branch_operator.py took 0.122 seconds
[2024-02-02T15:27:27.785+0000] {processor.py:161} INFO - Started process (PID=7133) to work on /home/airflow/.local/lib/python3.8/site-packages/airflow/example_dags/example_branch_operator.py
[2024-02-02T15:27:27.786+0000] {processor.py:830} INFO - Processing file /home/airflow/.local/lib/python3.8/site-packages/airflow/example_dags/example_branch_operator.py for tasks to queue
[2024-02-02T15:27:27.788+0000] {logging_mixin.py:188} INFO - [2024-02-02T15:27:27.787+0000] {dagbag.py:538} INFO - Filling up the DagBag from /home/airflow/.local/lib/python3.8/site-packages/airflow/example_dags/example_branch_operator.py
[2024-02-02T15:27:27.811+0000] {processor.py:840} INFO - DAG(s) 'example_branch_operator' retrieved from /home/airflow/.local/lib/python3.8/site-packages/airflow/example_dags/example_branch_operator.py
[2024-02-02T15:27:27.860+0000] {logging_mixin.py:188} INFO - [2024-02-02T15:27:27.860+0000] {dag.py:3036} INFO - Sync 1 DAGs
[2024-02-02T15:27:27.907+0000] {logging_mixin.py:188} INFO - [2024-02-02T15:27:27.907+0000] {dag.py:3823} INFO - Setting next_dagrun for example_branch_operator to 2024-02-01 00:00:00+00:00, run_after=2024-02-02 00:00:00+00:00
[2024-02-02T15:27:27.944+0000] {processor.py:183} INFO - Processing /home/airflow/.local/lib/python3.8/site-packages/airflow/example_dags/example_branch_operator.py took 0.164 seconds
[2024-02-02T15:27:58.246+0000] {processor.py:161} INFO - Started process (PID=7380) to work on /home/airflow/.local/lib/python3.8/site-packages/airflow/example_dags/example_branch_operator.py
[2024-02-02T15:27:58.248+0000] {processor.py:830} INFO - Processing file /home/airflow/.local/lib/python3.8/site-packages/airflow/example_dags/example_branch_operator.py for tasks to queue
[2024-02-02T15:27:58.249+0000] {logging_mixin.py:188} INFO - [2024-02-02T15:27:58.249+0000] {dagbag.py:538} INFO - Filling up the DagBag from /home/airflow/.local/lib/python3.8/site-packages/airflow/example_dags/example_branch_operator.py
[2024-02-02T15:27:58.272+0000] {processor.py:840} INFO - DAG(s) 'example_branch_operator' retrieved from /home/airflow/.local/lib/python3.8/site-packages/airflow/example_dags/example_branch_operator.py
[2024-02-02T15:27:58.305+0000] {logging_mixin.py:188} INFO - [2024-02-02T15:27:58.304+0000] {dag.py:3036} INFO - Sync 1 DAGs
[2024-02-02T15:27:58.333+0000] {logging_mixin.py:188} INFO - [2024-02-02T15:27:58.333+0000] {dag.py:3823} INFO - Setting next_dagrun for example_branch_operator to 2024-02-01 00:00:00+00:00, run_after=2024-02-02 00:00:00+00:00
[2024-02-02T15:27:58.366+0000] {processor.py:183} INFO - Processing /home/airflow/.local/lib/python3.8/site-packages/airflow/example_dags/example_branch_operator.py took 0.123 seconds
[2024-02-02T15:28:28.699+0000] {processor.py:161} INFO - Started process (PID=7627) to work on /home/airflow/.local/lib/python3.8/site-packages/airflow/example_dags/example_branch_operator.py
[2024-02-02T15:28:28.700+0000] {processor.py:830} INFO - Processing file /home/airflow/.local/lib/python3.8/site-packages/airflow/example_dags/example_branch_operator.py for tasks to queue
[2024-02-02T15:28:28.702+0000] {logging_mixin.py:188} INFO - [2024-02-02T15:28:28.702+0000] {dagbag.py:538} INFO - Filling up the DagBag from /home/airflow/.local/lib/python3.8/site-packages/airflow/example_dags/example_branch_operator.py
[2024-02-02T15:28:28.733+0000] {processor.py:840} INFO - DAG(s) 'example_branch_operator' retrieved from /home/airflow/.local/lib/python3.8/site-packages/airflow/example_dags/example_branch_operator.py
[2024-02-02T15:28:28.767+0000] {logging_mixin.py:188} INFO - [2024-02-02T15:28:28.767+0000] {dag.py:3036} INFO - Sync 1 DAGs
[2024-02-02T15:28:28.798+0000] {logging_mixin.py:188} INFO - [2024-02-02T15:28:28.798+0000] {dag.py:3823} INFO - Setting next_dagrun for example_branch_operator to 2024-02-01 00:00:00+00:00, run_after=2024-02-02 00:00:00+00:00
[2024-02-02T15:28:28.828+0000] {processor.py:183} INFO - Processing /home/airflow/.local/lib/python3.8/site-packages/airflow/example_dags/example_branch_operator.py took 0.133 seconds
[2024-02-02T15:28:59.168+0000] {processor.py:161} INFO - Started process (PID=7874) to work on /home/airflow/.local/lib/python3.8/site-packages/airflow/example_dags/example_branch_operator.py
[2024-02-02T15:28:59.170+0000] {processor.py:830} INFO - Processing file /home/airflow/.local/lib/python3.8/site-packages/airflow/example_dags/example_branch_operator.py for tasks to queue
[2024-02-02T15:28:59.172+0000] {logging_mixin.py:188} INFO - [2024-02-02T15:28:59.171+0000] {dagbag.py:538} INFO - Filling up the DagBag from /home/airflow/.local/lib/python3.8/site-packages/airflow/example_dags/example_branch_operator.py
[2024-02-02T15:28:59.201+0000] {processor.py:840} INFO - DAG(s) 'example_branch_operator' retrieved from /home/airflow/.local/lib/python3.8/site-packages/airflow/example_dags/example_branch_operator.py
[2024-02-02T15:28:59.250+0000] {logging_mixin.py:188} INFO - [2024-02-02T15:28:59.250+0000] {dag.py:3036} INFO - Sync 1 DAGs
[2024-02-02T15:28:59.290+0000] {logging_mixin.py:188} INFO - [2024-02-02T15:28:59.289+0000] {dag.py:3823} INFO - Setting next_dagrun for example_branch_operator to 2024-02-01 00:00:00+00:00, run_after=2024-02-02 00:00:00+00:00
[2024-02-02T15:28:59.322+0000] {processor.py:183} INFO - Processing /home/airflow/.local/lib/python3.8/site-packages/airflow/example_dags/example_branch_operator.py took 0.159 seconds
[2024-02-02T15:29:29.456+0000] {processor.py:161} INFO - Started process (PID=8121) to work on /home/airflow/.local/lib/python3.8/site-packages/airflow/example_dags/example_branch_operator.py
[2024-02-02T15:29:29.458+0000] {processor.py:830} INFO - Processing file /home/airflow/.local/lib/python3.8/site-packages/airflow/example_dags/example_branch_operator.py for tasks to queue
[2024-02-02T15:29:29.459+0000] {logging_mixin.py:188} INFO - [2024-02-02T15:29:29.459+0000] {dagbag.py:538} INFO - Filling up the DagBag from /home/airflow/.local/lib/python3.8/site-packages/airflow/example_dags/example_branch_operator.py
[2024-02-02T15:29:29.485+0000] {processor.py:840} INFO - DAG(s) 'example_branch_operator' retrieved from /home/airflow/.local/lib/python3.8/site-packages/airflow/example_dags/example_branch_operator.py
[2024-02-02T15:29:29.530+0000] {logging_mixin.py:188} INFO - [2024-02-02T15:29:29.530+0000] {dag.py:3036} INFO - Sync 1 DAGs
[2024-02-02T15:29:29.565+0000] {logging_mixin.py:188} INFO - [2024-02-02T15:29:29.564+0000] {dag.py:3823} INFO - Setting next_dagrun for example_branch_operator to 2024-02-01 00:00:00+00:00, run_after=2024-02-02 00:00:00+00:00
[2024-02-02T15:29:29.598+0000] {processor.py:183} INFO - Processing /home/airflow/.local/lib/python3.8/site-packages/airflow/example_dags/example_branch_operator.py took 0.146 seconds
[2024-02-02T15:29:59.904+0000] {processor.py:161} INFO - Started process (PID=8368) to work on /home/airflow/.local/lib/python3.8/site-packages/airflow/example_dags/example_branch_operator.py
[2024-02-02T15:29:59.906+0000] {processor.py:830} INFO - Processing file /home/airflow/.local/lib/python3.8/site-packages/airflow/example_dags/example_branch_operator.py for tasks to queue
[2024-02-02T15:29:59.907+0000] {logging_mixin.py:188} INFO - [2024-02-02T15:29:59.907+0000] {dagbag.py:538} INFO - Filling up the DagBag from /home/airflow/.local/lib/python3.8/site-packages/airflow/example_dags/example_branch_operator.py
[2024-02-02T15:29:59.936+0000] {processor.py:840} INFO - DAG(s) 'example_branch_operator' retrieved from /home/airflow/.local/lib/python3.8/site-packages/airflow/example_dags/example_branch_operator.py
[2024-02-02T15:29:59.982+0000] {logging_mixin.py:188} INFO - [2024-02-02T15:29:59.981+0000] {dag.py:3036} INFO - Sync 1 DAGs
[2024-02-02T15:30:00.023+0000] {logging_mixin.py:188} INFO - [2024-02-02T15:30:00.023+0000] {dag.py:3823} INFO - Setting next_dagrun for example_branch_operator to 2024-02-01 00:00:00+00:00, run_after=2024-02-02 00:00:00+00:00
[2024-02-02T15:30:00.056+0000] {processor.py:183} INFO - Processing /home/airflow/.local/lib/python3.8/site-packages/airflow/example_dags/example_branch_operator.py took 0.157 seconds
[2024-02-02T15:30:30.234+0000] {processor.py:161} INFO - Started process (PID=8621) to work on /home/airflow/.local/lib/python3.8/site-packages/airflow/example_dags/example_branch_operator.py
[2024-02-02T15:30:30.236+0000] {processor.py:830} INFO - Processing file /home/airflow/.local/lib/python3.8/site-packages/airflow/example_dags/example_branch_operator.py for tasks to queue
[2024-02-02T15:30:30.238+0000] {logging_mixin.py:188} INFO - [2024-02-02T15:30:30.238+0000] {dagbag.py:538} INFO - Filling up the DagBag from /home/airflow/.local/lib/python3.8/site-packages/airflow/example_dags/example_branch_operator.py
[2024-02-02T15:30:30.262+0000] {processor.py:840} INFO - DAG(s) 'example_branch_operator' retrieved from /home/airflow/.local/lib/python3.8/site-packages/airflow/example_dags/example_branch_operator.py
[2024-02-02T15:30:30.297+0000] {logging_mixin.py:188} INFO - [2024-02-02T15:30:30.297+0000] {dag.py:3036} INFO - Sync 1 DAGs
[2024-02-02T15:30:30.327+0000] {logging_mixin.py:188} INFO - [2024-02-02T15:30:30.327+0000] {dag.py:3823} INFO - Setting next_dagrun for example_branch_operator to 2024-02-01 00:00:00+00:00, run_after=2024-02-02 00:00:00+00:00
[2024-02-02T15:30:30.358+0000] {processor.py:183} INFO - Processing /home/airflow/.local/lib/python3.8/site-packages/airflow/example_dags/example_branch_operator.py took 0.128 seconds
[2024-02-02T15:31:00.647+0000] {processor.py:161} INFO - Started process (PID=8868) to work on /home/airflow/.local/lib/python3.8/site-packages/airflow/example_dags/example_branch_operator.py
[2024-02-02T15:31:00.648+0000] {processor.py:830} INFO - Processing file /home/airflow/.local/lib/python3.8/site-packages/airflow/example_dags/example_branch_operator.py for tasks to queue
[2024-02-02T15:31:00.650+0000] {logging_mixin.py:188} INFO - [2024-02-02T15:31:00.650+0000] {dagbag.py:538} INFO - Filling up the DagBag from /home/airflow/.local/lib/python3.8/site-packages/airflow/example_dags/example_branch_operator.py
[2024-02-02T15:31:00.672+0000] {processor.py:840} INFO - DAG(s) 'example_branch_operator' retrieved from /home/airflow/.local/lib/python3.8/site-packages/airflow/example_dags/example_branch_operator.py
[2024-02-02T15:31:00.708+0000] {logging_mixin.py:188} INFO - [2024-02-02T15:31:00.708+0000] {dag.py:3036} INFO - Sync 1 DAGs
[2024-02-02T15:31:00.752+0000] {logging_mixin.py:188} INFO - [2024-02-02T15:31:00.751+0000] {dag.py:3823} INFO - Setting next_dagrun for example_branch_operator to 2024-02-01 00:00:00+00:00, run_after=2024-02-02 00:00:00+00:00
[2024-02-02T15:31:00.786+0000] {processor.py:183} INFO - Processing /home/airflow/.local/lib/python3.8/site-packages/airflow/example_dags/example_branch_operator.py took 0.144 seconds
[2024-02-02T15:31:31.385+0000] {processor.py:161} INFO - Started process (PID=9109) to work on /home/airflow/.local/lib/python3.8/site-packages/airflow/example_dags/example_branch_operator.py
[2024-02-02T15:31:31.386+0000] {processor.py:830} INFO - Processing file /home/airflow/.local/lib/python3.8/site-packages/airflow/example_dags/example_branch_operator.py for tasks to queue
[2024-02-02T15:31:31.388+0000] {logging_mixin.py:188} INFO - [2024-02-02T15:31:31.388+0000] {dagbag.py:538} INFO - Filling up the DagBag from /home/airflow/.local/lib/python3.8/site-packages/airflow/example_dags/example_branch_operator.py
[2024-02-02T15:31:31.409+0000] {processor.py:840} INFO - DAG(s) 'example_branch_operator' retrieved from /home/airflow/.local/lib/python3.8/site-packages/airflow/example_dags/example_branch_operator.py
[2024-02-02T15:31:31.442+0000] {logging_mixin.py:188} INFO - [2024-02-02T15:31:31.442+0000] {dag.py:3036} INFO - Sync 1 DAGs
[2024-02-02T15:31:31.470+0000] {logging_mixin.py:188} INFO - [2024-02-02T15:31:31.469+0000] {dag.py:3823} INFO - Setting next_dagrun for example_branch_operator to 2024-02-01 00:00:00+00:00, run_after=2024-02-02 00:00:00+00:00
[2024-02-02T15:31:31.497+0000] {processor.py:183} INFO - Processing /home/airflow/.local/lib/python3.8/site-packages/airflow/example_dags/example_branch_operator.py took 0.116 seconds
[2024-02-02T15:32:01.703+0000] {processor.py:161} INFO - Started process (PID=9356) to work on /home/airflow/.local/lib/python3.8/site-packages/airflow/example_dags/example_branch_operator.py
[2024-02-02T15:32:01.704+0000] {processor.py:830} INFO - Processing file /home/airflow/.local/lib/python3.8/site-packages/airflow/example_dags/example_branch_operator.py for tasks to queue
[2024-02-02T15:32:01.705+0000] {logging_mixin.py:188} INFO - [2024-02-02T15:32:01.705+0000] {dagbag.py:538} INFO - Filling up the DagBag from /home/airflow/.local/lib/python3.8/site-packages/airflow/example_dags/example_branch_operator.py
[2024-02-02T15:32:01.730+0000] {processor.py:840} INFO - DAG(s) 'example_branch_operator' retrieved from /home/airflow/.local/lib/python3.8/site-packages/airflow/example_dags/example_branch_operator.py
[2024-02-02T15:32:01.765+0000] {logging_mixin.py:188} INFO - [2024-02-02T15:32:01.765+0000] {dag.py:3036} INFO - Sync 1 DAGs
[2024-02-02T15:32:01.795+0000] {logging_mixin.py:188} INFO - [2024-02-02T15:32:01.795+0000] {dag.py:3823} INFO - Setting next_dagrun for example_branch_operator to 2024-02-01 00:00:00+00:00, run_after=2024-02-02 00:00:00+00:00
[2024-02-02T15:32:01.822+0000] {processor.py:183} INFO - Processing /home/airflow/.local/lib/python3.8/site-packages/airflow/example_dags/example_branch_operator.py took 0.124 seconds
[2024-02-02T15:32:32.007+0000] {processor.py:161} INFO - Started process (PID=9603) to work on /home/airflow/.local/lib/python3.8/site-packages/airflow/example_dags/example_branch_operator.py
[2024-02-02T15:32:32.008+0000] {processor.py:830} INFO - Processing file /home/airflow/.local/lib/python3.8/site-packages/airflow/example_dags/example_branch_operator.py for tasks to queue
[2024-02-02T15:32:32.009+0000] {logging_mixin.py:188} INFO - [2024-02-02T15:32:32.009+0000] {dagbag.py:538} INFO - Filling up the DagBag from /home/airflow/.local/lib/python3.8/site-packages/airflow/example_dags/example_branch_operator.py
[2024-02-02T15:32:32.032+0000] {processor.py:840} INFO - DAG(s) 'example_branch_operator' retrieved from /home/airflow/.local/lib/python3.8/site-packages/airflow/example_dags/example_branch_operator.py
[2024-02-02T15:32:32.072+0000] {logging_mixin.py:188} INFO - [2024-02-02T15:32:32.071+0000] {dag.py:3036} INFO - Sync 1 DAGs
[2024-02-02T15:32:32.101+0000] {logging_mixin.py:188} INFO - [2024-02-02T15:32:32.100+0000] {dag.py:3823} INFO - Setting next_dagrun for example_branch_operator to 2024-02-01 00:00:00+00:00, run_after=2024-02-02 00:00:00+00:00
[2024-02-02T15:32:32.129+0000] {processor.py:183} INFO - Processing /home/airflow/.local/lib/python3.8/site-packages/airflow/example_dags/example_branch_operator.py took 0.126 seconds
[2024-02-02T15:33:02.216+0000] {processor.py:161} INFO - Started process (PID=9850) to work on /home/airflow/.local/lib/python3.8/site-packages/airflow/example_dags/example_branch_operator.py
[2024-02-02T15:33:02.218+0000] {processor.py:830} INFO - Processing file /home/airflow/.local/lib/python3.8/site-packages/airflow/example_dags/example_branch_operator.py for tasks to queue
[2024-02-02T15:33:02.219+0000] {logging_mixin.py:188} INFO - [2024-02-02T15:33:02.219+0000] {dagbag.py:538} INFO - Filling up the DagBag from /home/airflow/.local/lib/python3.8/site-packages/airflow/example_dags/example_branch_operator.py
[2024-02-02T15:33:02.241+0000] {processor.py:840} INFO - DAG(s) 'example_branch_operator' retrieved from /home/airflow/.local/lib/python3.8/site-packages/airflow/example_dags/example_branch_operator.py
[2024-02-02T15:33:02.275+0000] {logging_mixin.py:188} INFO - [2024-02-02T15:33:02.275+0000] {dag.py:3036} INFO - Sync 1 DAGs
[2024-02-02T15:33:02.305+0000] {logging_mixin.py:188} INFO - [2024-02-02T15:33:02.304+0000] {dag.py:3823} INFO - Setting next_dagrun for example_branch_operator to 2024-02-01 00:00:00+00:00, run_after=2024-02-02 00:00:00+00:00
[2024-02-02T15:33:02.334+0000] {processor.py:183} INFO - Processing /home/airflow/.local/lib/python3.8/site-packages/airflow/example_dags/example_branch_operator.py took 0.123 seconds
[2024-02-02T15:33:33.134+0000] {processor.py:161} INFO - Started process (PID=10097) to work on /home/airflow/.local/lib/python3.8/site-packages/airflow/example_dags/example_branch_operator.py
[2024-02-02T15:33:33.135+0000] {processor.py:830} INFO - Processing file /home/airflow/.local/lib/python3.8/site-packages/airflow/example_dags/example_branch_operator.py for tasks to queue
[2024-02-02T15:33:33.137+0000] {logging_mixin.py:188} INFO - [2024-02-02T15:33:33.136+0000] {dagbag.py:538} INFO - Filling up the DagBag from /home/airflow/.local/lib/python3.8/site-packages/airflow/example_dags/example_branch_operator.py
[2024-02-02T15:33:33.159+0000] {processor.py:840} INFO - DAG(s) 'example_branch_operator' retrieved from /home/airflow/.local/lib/python3.8/site-packages/airflow/example_dags/example_branch_operator.py
[2024-02-02T15:33:33.193+0000] {logging_mixin.py:188} INFO - [2024-02-02T15:33:33.192+0000] {dag.py:3036} INFO - Sync 1 DAGs
[2024-02-02T15:33:33.222+0000] {logging_mixin.py:188} INFO - [2024-02-02T15:33:33.222+0000] {dag.py:3823} INFO - Setting next_dagrun for example_branch_operator to 2024-02-01 00:00:00+00:00, run_after=2024-02-02 00:00:00+00:00
[2024-02-02T15:33:33.250+0000] {processor.py:183} INFO - Processing /home/airflow/.local/lib/python3.8/site-packages/airflow/example_dags/example_branch_operator.py took 0.120 seconds
[2024-02-02T15:34:03.940+0000] {processor.py:161} INFO - Started process (PID=10344) to work on /home/airflow/.local/lib/python3.8/site-packages/airflow/example_dags/example_branch_operator.py
[2024-02-02T15:34:03.941+0000] {processor.py:830} INFO - Processing file /home/airflow/.local/lib/python3.8/site-packages/airflow/example_dags/example_branch_operator.py for tasks to queue
[2024-02-02T15:34:03.943+0000] {logging_mixin.py:188} INFO - [2024-02-02T15:34:03.942+0000] {dagbag.py:538} INFO - Filling up the DagBag from /home/airflow/.local/lib/python3.8/site-packages/airflow/example_dags/example_branch_operator.py
[2024-02-02T15:34:03.964+0000] {processor.py:840} INFO - DAG(s) 'example_branch_operator' retrieved from /home/airflow/.local/lib/python3.8/site-packages/airflow/example_dags/example_branch_operator.py
[2024-02-02T15:34:03.999+0000] {logging_mixin.py:188} INFO - [2024-02-02T15:34:03.999+0000] {dag.py:3036} INFO - Sync 1 DAGs
[2024-02-02T15:34:04.030+0000] {logging_mixin.py:188} INFO - [2024-02-02T15:34:04.029+0000] {dag.py:3823} INFO - Setting next_dagrun for example_branch_operator to 2024-02-01 00:00:00+00:00, run_after=2024-02-02 00:00:00+00:00
[2024-02-02T15:34:04.057+0000] {processor.py:183} INFO - Processing /home/airflow/.local/lib/python3.8/site-packages/airflow/example_dags/example_branch_operator.py took 0.122 seconds
[2024-02-02T15:34:34.298+0000] {processor.py:161} INFO - Started process (PID=10591) to work on /home/airflow/.local/lib/python3.8/site-packages/airflow/example_dags/example_branch_operator.py
[2024-02-02T15:34:34.300+0000] {processor.py:830} INFO - Processing file /home/airflow/.local/lib/python3.8/site-packages/airflow/example_dags/example_branch_operator.py for tasks to queue
[2024-02-02T15:34:34.301+0000] {logging_mixin.py:188} INFO - [2024-02-02T15:34:34.301+0000] {dagbag.py:538} INFO - Filling up the DagBag from /home/airflow/.local/lib/python3.8/site-packages/airflow/example_dags/example_branch_operator.py
[2024-02-02T15:34:34.322+0000] {processor.py:840} INFO - DAG(s) 'example_branch_operator' retrieved from /home/airflow/.local/lib/python3.8/site-packages/airflow/example_dags/example_branch_operator.py
[2024-02-02T15:34:34.356+0000] {logging_mixin.py:188} INFO - [2024-02-02T15:34:34.356+0000] {dag.py:3036} INFO - Sync 1 DAGs
[2024-02-02T15:34:34.385+0000] {logging_mixin.py:188} INFO - [2024-02-02T15:34:34.385+0000] {dag.py:3823} INFO - Setting next_dagrun for example_branch_operator to 2024-02-01 00:00:00+00:00, run_after=2024-02-02 00:00:00+00:00
[2024-02-02T15:34:34.415+0000] {processor.py:183} INFO - Processing /home/airflow/.local/lib/python3.8/site-packages/airflow/example_dags/example_branch_operator.py took 0.121 seconds
[2024-02-02T15:35:04.639+0000] {processor.py:161} INFO - Started process (PID=10838) to work on /home/airflow/.local/lib/python3.8/site-packages/airflow/example_dags/example_branch_operator.py
[2024-02-02T15:35:04.641+0000] {processor.py:830} INFO - Processing file /home/airflow/.local/lib/python3.8/site-packages/airflow/example_dags/example_branch_operator.py for tasks to queue
[2024-02-02T15:35:04.642+0000] {logging_mixin.py:188} INFO - [2024-02-02T15:35:04.642+0000] {dagbag.py:538} INFO - Filling up the DagBag from /home/airflow/.local/lib/python3.8/site-packages/airflow/example_dags/example_branch_operator.py
[2024-02-02T15:35:04.666+0000] {processor.py:840} INFO - DAG(s) 'example_branch_operator' retrieved from /home/airflow/.local/lib/python3.8/site-packages/airflow/example_dags/example_branch_operator.py
[2024-02-02T15:35:04.699+0000] {logging_mixin.py:188} INFO - [2024-02-02T15:35:04.699+0000] {dag.py:3036} INFO - Sync 1 DAGs
[2024-02-02T15:35:04.726+0000] {logging_mixin.py:188} INFO - [2024-02-02T15:35:04.726+0000] {dag.py:3823} INFO - Setting next_dagrun for example_branch_operator to 2024-02-01 00:00:00+00:00, run_after=2024-02-02 00:00:00+00:00
[2024-02-02T15:35:04.754+0000] {processor.py:183} INFO - Processing /home/airflow/.local/lib/python3.8/site-packages/airflow/example_dags/example_branch_operator.py took 0.120 seconds
[2024-02-02T15:35:34.948+0000] {processor.py:161} INFO - Started process (PID=11085) to work on /home/airflow/.local/lib/python3.8/site-packages/airflow/example_dags/example_branch_operator.py
[2024-02-02T15:35:34.949+0000] {processor.py:830} INFO - Processing file /home/airflow/.local/lib/python3.8/site-packages/airflow/example_dags/example_branch_operator.py for tasks to queue
[2024-02-02T15:35:34.951+0000] {logging_mixin.py:188} INFO - [2024-02-02T15:35:34.951+0000] {dagbag.py:538} INFO - Filling up the DagBag from /home/airflow/.local/lib/python3.8/site-packages/airflow/example_dags/example_branch_operator.py
[2024-02-02T15:35:34.972+0000] {processor.py:840} INFO - DAG(s) 'example_branch_operator' retrieved from /home/airflow/.local/lib/python3.8/site-packages/airflow/example_dags/example_branch_operator.py
[2024-02-02T15:35:35.008+0000] {logging_mixin.py:188} INFO - [2024-02-02T15:35:35.008+0000] {dag.py:3036} INFO - Sync 1 DAGs
[2024-02-02T15:35:35.038+0000] {logging_mixin.py:188} INFO - [2024-02-02T15:35:35.038+0000] {dag.py:3823} INFO - Setting next_dagrun for example_branch_operator to 2024-02-01 00:00:00+00:00, run_after=2024-02-02 00:00:00+00:00
[2024-02-02T15:35:35.069+0000] {processor.py:183} INFO - Processing /home/airflow/.local/lib/python3.8/site-packages/airflow/example_dags/example_branch_operator.py took 0.126 seconds
[2024-02-02T15:36:05.673+0000] {processor.py:161} INFO - Started process (PID=11332) to work on /home/airflow/.local/lib/python3.8/site-packages/airflow/example_dags/example_branch_operator.py
[2024-02-02T15:36:05.675+0000] {processor.py:830} INFO - Processing file /home/airflow/.local/lib/python3.8/site-packages/airflow/example_dags/example_branch_operator.py for tasks to queue
[2024-02-02T15:36:05.676+0000] {logging_mixin.py:188} INFO - [2024-02-02T15:36:05.676+0000] {dagbag.py:538} INFO - Filling up the DagBag from /home/airflow/.local/lib/python3.8/site-packages/airflow/example_dags/example_branch_operator.py
[2024-02-02T15:36:05.705+0000] {processor.py:840} INFO - DAG(s) 'example_branch_operator' retrieved from /home/airflow/.local/lib/python3.8/site-packages/airflow/example_dags/example_branch_operator.py
[2024-02-02T15:36:05.751+0000] {logging_mixin.py:188} INFO - [2024-02-02T15:36:05.750+0000] {dag.py:3036} INFO - Sync 1 DAGs
[2024-02-02T15:36:05.788+0000] {logging_mixin.py:188} INFO - [2024-02-02T15:36:05.787+0000] {dag.py:3823} INFO - Setting next_dagrun for example_branch_operator to 2024-02-01 00:00:00+00:00, run_after=2024-02-02 00:00:00+00:00
[2024-02-02T15:36:05.824+0000] {processor.py:183} INFO - Processing /home/airflow/.local/lib/python3.8/site-packages/airflow/example_dags/example_branch_operator.py took 0.157 seconds
