[2024-02-02T15:13:18.712+0000] {processor.py:161} INFO - Started process (PID=306) to work on /home/airflow/.local/lib/python3.8/site-packages/airflow/example_dags/example_complex.py
[2024-02-02T15:13:18.713+0000] {processor.py:830} INFO - Processing file /home/airflow/.local/lib/python3.8/site-packages/airflow/example_dags/example_complex.py for tasks to queue
[2024-02-02T15:13:18.715+0000] {logging_mixin.py:188} INFO - [2024-02-02T15:13:18.714+0000] {dagbag.py:538} INFO - Filling up the DagBag from /home/airflow/.local/lib/python3.8/site-packages/airflow/example_dags/example_complex.py
[2024-02-02T15:13:18.735+0000] {processor.py:840} INFO - DAG(s) 'example_complex' retrieved from /home/airflow/.local/lib/python3.8/site-packages/airflow/example_dags/example_complex.py
[2024-02-02T15:13:18.750+0000] {logging_mixin.py:188} INFO - [2024-02-02T15:13:18.750+0000] {dag.py:3036} INFO - Sync 1 DAGs
[2024-02-02T15:13:18.770+0000] {logging_mixin.py:188} INFO - [2024-02-02T15:13:18.770+0000] {dag.py:3823} INFO - Setting next_dagrun for example_complex to None, run_after=None
[2024-02-02T15:13:18.795+0000] {processor.py:183} INFO - Processing /home/airflow/.local/lib/python3.8/site-packages/airflow/example_dags/example_complex.py took 0.088 seconds
[2024-02-02T15:13:51.642+0000] {processor.py:161} INFO - Started process (PID=553) to work on /home/airflow/.local/lib/python3.8/site-packages/airflow/example_dags/example_complex.py
[2024-02-02T15:13:51.644+0000] {processor.py:830} INFO - Processing file /home/airflow/.local/lib/python3.8/site-packages/airflow/example_dags/example_complex.py for tasks to queue
[2024-02-02T15:13:51.648+0000] {logging_mixin.py:188} INFO - [2024-02-02T15:13:51.646+0000] {dagbag.py:538} INFO - Filling up the DagBag from /home/airflow/.local/lib/python3.8/site-packages/airflow/example_dags/example_complex.py
[2024-02-02T15:13:51.671+0000] {processor.py:840} INFO - DAG(s) 'example_complex' retrieved from /home/airflow/.local/lib/python3.8/site-packages/airflow/example_dags/example_complex.py
[2024-02-02T15:13:51.874+0000] {logging_mixin.py:188} INFO - [2024-02-02T15:13:51.873+0000] {dag.py:3036} INFO - Sync 1 DAGs
[2024-02-02T15:13:51.895+0000] {logging_mixin.py:188} INFO - [2024-02-02T15:13:51.894+0000] {dag.py:3823} INFO - Setting next_dagrun for example_complex to None, run_after=None
[2024-02-02T15:13:51.929+0000] {processor.py:183} INFO - Processing /home/airflow/.local/lib/python3.8/site-packages/airflow/example_dags/example_complex.py took 0.293 seconds
[2024-02-02T15:14:22.666+0000] {processor.py:161} INFO - Started process (PID=802) to work on /home/airflow/.local/lib/python3.8/site-packages/airflow/example_dags/example_complex.py
[2024-02-02T15:14:22.668+0000] {processor.py:830} INFO - Processing file /home/airflow/.local/lib/python3.8/site-packages/airflow/example_dags/example_complex.py for tasks to queue
[2024-02-02T15:14:22.669+0000] {logging_mixin.py:188} INFO - [2024-02-02T15:14:22.668+0000] {dagbag.py:538} INFO - Filling up the DagBag from /home/airflow/.local/lib/python3.8/site-packages/airflow/example_dags/example_complex.py
[2024-02-02T15:14:22.681+0000] {processor.py:840} INFO - DAG(s) 'example_complex' retrieved from /home/airflow/.local/lib/python3.8/site-packages/airflow/example_dags/example_complex.py
[2024-02-02T15:14:22.715+0000] {logging_mixin.py:188} INFO - [2024-02-02T15:14:22.715+0000] {dag.py:3036} INFO - Sync 1 DAGs
[2024-02-02T15:14:22.730+0000] {logging_mixin.py:188} INFO - [2024-02-02T15:14:22.730+0000] {dag.py:3823} INFO - Setting next_dagrun for example_complex to None, run_after=None
[2024-02-02T15:14:22.750+0000] {processor.py:183} INFO - Processing /home/airflow/.local/lib/python3.8/site-packages/airflow/example_dags/example_complex.py took 0.087 seconds
[2024-02-02T15:14:52.865+0000] {processor.py:161} INFO - Started process (PID=1049) to work on /home/airflow/.local/lib/python3.8/site-packages/airflow/example_dags/example_complex.py
[2024-02-02T15:14:52.866+0000] {processor.py:830} INFO - Processing file /home/airflow/.local/lib/python3.8/site-packages/airflow/example_dags/example_complex.py for tasks to queue
[2024-02-02T15:14:52.868+0000] {logging_mixin.py:188} INFO - [2024-02-02T15:14:52.868+0000] {dagbag.py:538} INFO - Filling up the DagBag from /home/airflow/.local/lib/python3.8/site-packages/airflow/example_dags/example_complex.py
[2024-02-02T15:14:52.880+0000] {processor.py:840} INFO - DAG(s) 'example_complex' retrieved from /home/airflow/.local/lib/python3.8/site-packages/airflow/example_dags/example_complex.py
[2024-02-02T15:14:52.916+0000] {logging_mixin.py:188} INFO - [2024-02-02T15:14:52.916+0000] {dag.py:3036} INFO - Sync 1 DAGs
[2024-02-02T15:14:52.934+0000] {logging_mixin.py:188} INFO - [2024-02-02T15:14:52.934+0000] {dag.py:3823} INFO - Setting next_dagrun for example_complex to None, run_after=None
[2024-02-02T15:14:52.957+0000] {processor.py:183} INFO - Processing /home/airflow/.local/lib/python3.8/site-packages/airflow/example_dags/example_complex.py took 0.096 seconds
[2024-02-02T15:15:23.222+0000] {processor.py:161} INFO - Started process (PID=1296) to work on /home/airflow/.local/lib/python3.8/site-packages/airflow/example_dags/example_complex.py
[2024-02-02T15:15:23.223+0000] {processor.py:830} INFO - Processing file /home/airflow/.local/lib/python3.8/site-packages/airflow/example_dags/example_complex.py for tasks to queue
[2024-02-02T15:15:23.225+0000] {logging_mixin.py:188} INFO - [2024-02-02T15:15:23.224+0000] {dagbag.py:538} INFO - Filling up the DagBag from /home/airflow/.local/lib/python3.8/site-packages/airflow/example_dags/example_complex.py
[2024-02-02T15:15:23.241+0000] {processor.py:840} INFO - DAG(s) 'example_complex' retrieved from /home/airflow/.local/lib/python3.8/site-packages/airflow/example_dags/example_complex.py
[2024-02-02T15:15:23.285+0000] {logging_mixin.py:188} INFO - [2024-02-02T15:15:23.284+0000] {dag.py:3036} INFO - Sync 1 DAGs
[2024-02-02T15:15:23.304+0000] {logging_mixin.py:188} INFO - [2024-02-02T15:15:23.304+0000] {dag.py:3823} INFO - Setting next_dagrun for example_complex to None, run_after=None
[2024-02-02T15:15:23.332+0000] {processor.py:183} INFO - Processing /home/airflow/.local/lib/python3.8/site-packages/airflow/example_dags/example_complex.py took 0.116 seconds
[2024-02-02T15:15:53.929+0000] {processor.py:161} INFO - Started process (PID=1541) to work on /home/airflow/.local/lib/python3.8/site-packages/airflow/example_dags/example_complex.py
[2024-02-02T15:15:53.930+0000] {processor.py:830} INFO - Processing file /home/airflow/.local/lib/python3.8/site-packages/airflow/example_dags/example_complex.py for tasks to queue
[2024-02-02T15:15:53.932+0000] {logging_mixin.py:188} INFO - [2024-02-02T15:15:53.931+0000] {dagbag.py:538} INFO - Filling up the DagBag from /home/airflow/.local/lib/python3.8/site-packages/airflow/example_dags/example_complex.py
[2024-02-02T15:15:53.952+0000] {processor.py:840} INFO - DAG(s) 'example_complex' retrieved from /home/airflow/.local/lib/python3.8/site-packages/airflow/example_dags/example_complex.py
[2024-02-02T15:15:54.011+0000] {logging_mixin.py:188} INFO - [2024-02-02T15:15:54.011+0000] {dag.py:3036} INFO - Sync 1 DAGs
[2024-02-02T15:15:54.031+0000] {logging_mixin.py:188} INFO - [2024-02-02T15:15:54.031+0000] {dag.py:3823} INFO - Setting next_dagrun for example_complex to None, run_after=None
[2024-02-02T15:15:54.064+0000] {processor.py:183} INFO - Processing /home/airflow/.local/lib/python3.8/site-packages/airflow/example_dags/example_complex.py took 0.141 seconds
[2024-02-02T15:16:24.187+0000] {processor.py:161} INFO - Started process (PID=1788) to work on /home/airflow/.local/lib/python3.8/site-packages/airflow/example_dags/example_complex.py
[2024-02-02T15:16:24.191+0000] {processor.py:830} INFO - Processing file /home/airflow/.local/lib/python3.8/site-packages/airflow/example_dags/example_complex.py for tasks to queue
[2024-02-02T15:16:24.193+0000] {logging_mixin.py:188} INFO - [2024-02-02T15:16:24.193+0000] {dagbag.py:538} INFO - Filling up the DagBag from /home/airflow/.local/lib/python3.8/site-packages/airflow/example_dags/example_complex.py
[2024-02-02T15:16:24.216+0000] {processor.py:840} INFO - DAG(s) 'example_complex' retrieved from /home/airflow/.local/lib/python3.8/site-packages/airflow/example_dags/example_complex.py
[2024-02-02T15:16:24.277+0000] {logging_mixin.py:188} INFO - [2024-02-02T15:16:24.277+0000] {dag.py:3036} INFO - Sync 1 DAGs
[2024-02-02T15:16:24.298+0000] {logging_mixin.py:188} INFO - [2024-02-02T15:16:24.298+0000] {dag.py:3823} INFO - Setting next_dagrun for example_complex to None, run_after=None
[2024-02-02T15:16:24.335+0000] {processor.py:183} INFO - Processing /home/airflow/.local/lib/python3.8/site-packages/airflow/example_dags/example_complex.py took 0.154 seconds
[2024-02-02T15:16:54.901+0000] {processor.py:161} INFO - Started process (PID=2037) to work on /home/airflow/.local/lib/python3.8/site-packages/airflow/example_dags/example_complex.py
[2024-02-02T15:16:54.903+0000] {processor.py:830} INFO - Processing file /home/airflow/.local/lib/python3.8/site-packages/airflow/example_dags/example_complex.py for tasks to queue
[2024-02-02T15:16:54.905+0000] {logging_mixin.py:188} INFO - [2024-02-02T15:16:54.904+0000] {dagbag.py:538} INFO - Filling up the DagBag from /home/airflow/.local/lib/python3.8/site-packages/airflow/example_dags/example_complex.py
[2024-02-02T15:16:54.930+0000] {processor.py:840} INFO - DAG(s) 'example_complex' retrieved from /home/airflow/.local/lib/python3.8/site-packages/airflow/example_dags/example_complex.py
[2024-02-02T15:16:54.995+0000] {logging_mixin.py:188} INFO - [2024-02-02T15:16:54.994+0000] {dag.py:3036} INFO - Sync 1 DAGs
[2024-02-02T15:16:55.016+0000] {logging_mixin.py:188} INFO - [2024-02-02T15:16:55.016+0000] {dag.py:3823} INFO - Setting next_dagrun for example_complex to None, run_after=None
[2024-02-02T15:16:55.049+0000] {processor.py:183} INFO - Processing /home/airflow/.local/lib/python3.8/site-packages/airflow/example_dags/example_complex.py took 0.154 seconds
[2024-02-02T15:17:25.132+0000] {processor.py:161} INFO - Started process (PID=2284) to work on /home/airflow/.local/lib/python3.8/site-packages/airflow/example_dags/example_complex.py
[2024-02-02T15:17:25.133+0000] {processor.py:830} INFO - Processing file /home/airflow/.local/lib/python3.8/site-packages/airflow/example_dags/example_complex.py for tasks to queue
[2024-02-02T15:17:25.135+0000] {logging_mixin.py:188} INFO - [2024-02-02T15:17:25.135+0000] {dagbag.py:538} INFO - Filling up the DagBag from /home/airflow/.local/lib/python3.8/site-packages/airflow/example_dags/example_complex.py
[2024-02-02T15:17:25.152+0000] {processor.py:840} INFO - DAG(s) 'example_complex' retrieved from /home/airflow/.local/lib/python3.8/site-packages/airflow/example_dags/example_complex.py
[2024-02-02T15:17:25.201+0000] {logging_mixin.py:188} INFO - [2024-02-02T15:17:25.200+0000] {dag.py:3036} INFO - Sync 1 DAGs
[2024-02-02T15:17:25.220+0000] {logging_mixin.py:188} INFO - [2024-02-02T15:17:25.220+0000] {dag.py:3823} INFO - Setting next_dagrun for example_complex to None, run_after=None
[2024-02-02T15:17:25.251+0000] {processor.py:183} INFO - Processing /home/airflow/.local/lib/python3.8/site-packages/airflow/example_dags/example_complex.py took 0.125 seconds
[2024-02-02T15:17:55.445+0000] {processor.py:161} INFO - Started process (PID=2531) to work on /home/airflow/.local/lib/python3.8/site-packages/airflow/example_dags/example_complex.py
[2024-02-02T15:17:55.449+0000] {processor.py:830} INFO - Processing file /home/airflow/.local/lib/python3.8/site-packages/airflow/example_dags/example_complex.py for tasks to queue
[2024-02-02T15:17:55.451+0000] {logging_mixin.py:188} INFO - [2024-02-02T15:17:55.451+0000] {dagbag.py:538} INFO - Filling up the DagBag from /home/airflow/.local/lib/python3.8/site-packages/airflow/example_dags/example_complex.py
[2024-02-02T15:17:55.475+0000] {processor.py:840} INFO - DAG(s) 'example_complex' retrieved from /home/airflow/.local/lib/python3.8/site-packages/airflow/example_dags/example_complex.py
[2024-02-02T15:17:55.552+0000] {logging_mixin.py:188} INFO - [2024-02-02T15:17:55.551+0000] {dag.py:3036} INFO - Sync 1 DAGs
[2024-02-02T15:17:55.575+0000] {logging_mixin.py:188} INFO - [2024-02-02T15:17:55.575+0000] {dag.py:3823} INFO - Setting next_dagrun for example_complex to None, run_after=None
[2024-02-02T15:17:55.635+0000] {processor.py:183} INFO - Processing /home/airflow/.local/lib/python3.8/site-packages/airflow/example_dags/example_complex.py took 0.196 seconds
[2024-02-02T15:18:25.682+0000] {processor.py:161} INFO - Started process (PID=2824) to work on /home/airflow/.local/lib/python3.8/site-packages/airflow/example_dags/example_complex.py
[2024-02-02T15:18:25.684+0000] {processor.py:830} INFO - Processing file /home/airflow/.local/lib/python3.8/site-packages/airflow/example_dags/example_complex.py for tasks to queue
[2024-02-02T15:18:25.685+0000] {logging_mixin.py:188} INFO - [2024-02-02T15:18:25.685+0000] {dagbag.py:538} INFO - Filling up the DagBag from /home/airflow/.local/lib/python3.8/site-packages/airflow/example_dags/example_complex.py
[2024-02-02T15:18:25.701+0000] {processor.py:840} INFO - DAG(s) 'example_complex' retrieved from /home/airflow/.local/lib/python3.8/site-packages/airflow/example_dags/example_complex.py
[2024-02-02T15:18:25.743+0000] {logging_mixin.py:188} INFO - [2024-02-02T15:18:25.742+0000] {dag.py:3036} INFO - Sync 1 DAGs
[2024-02-02T15:18:25.760+0000] {logging_mixin.py:188} INFO - [2024-02-02T15:18:25.759+0000] {dag.py:3823} INFO - Setting next_dagrun for example_complex to None, run_after=None
[2024-02-02T15:18:25.792+0000] {processor.py:183} INFO - Processing /home/airflow/.local/lib/python3.8/site-packages/airflow/example_dags/example_complex.py took 0.115 seconds
[2024-02-02T15:18:56.276+0000] {processor.py:161} INFO - Started process (PID=3073) to work on /home/airflow/.local/lib/python3.8/site-packages/airflow/example_dags/example_complex.py
[2024-02-02T15:18:56.277+0000] {processor.py:830} INFO - Processing file /home/airflow/.local/lib/python3.8/site-packages/airflow/example_dags/example_complex.py for tasks to queue
[2024-02-02T15:18:56.279+0000] {logging_mixin.py:188} INFO - [2024-02-02T15:18:56.279+0000] {dagbag.py:538} INFO - Filling up the DagBag from /home/airflow/.local/lib/python3.8/site-packages/airflow/example_dags/example_complex.py
[2024-02-02T15:18:56.300+0000] {processor.py:840} INFO - DAG(s) 'example_complex' retrieved from /home/airflow/.local/lib/python3.8/site-packages/airflow/example_dags/example_complex.py
[2024-02-02T15:18:56.353+0000] {logging_mixin.py:188} INFO - [2024-02-02T15:18:56.353+0000] {dag.py:3036} INFO - Sync 1 DAGs
[2024-02-02T15:18:56.374+0000] {logging_mixin.py:188} INFO - [2024-02-02T15:18:56.373+0000] {dag.py:3823} INFO - Setting next_dagrun for example_complex to None, run_after=None
[2024-02-02T15:18:56.413+0000] {processor.py:183} INFO - Processing /home/airflow/.local/lib/python3.8/site-packages/airflow/example_dags/example_complex.py took 0.141 seconds
[2024-02-02T15:19:26.498+0000] {processor.py:161} INFO - Started process (PID=3319) to work on /home/airflow/.local/lib/python3.8/site-packages/airflow/example_dags/example_complex.py
[2024-02-02T15:19:26.500+0000] {processor.py:830} INFO - Processing file /home/airflow/.local/lib/python3.8/site-packages/airflow/example_dags/example_complex.py for tasks to queue
[2024-02-02T15:19:26.501+0000] {logging_mixin.py:188} INFO - [2024-02-02T15:19:26.501+0000] {dagbag.py:538} INFO - Filling up the DagBag from /home/airflow/.local/lib/python3.8/site-packages/airflow/example_dags/example_complex.py
[2024-02-02T15:19:26.514+0000] {processor.py:840} INFO - DAG(s) 'example_complex' retrieved from /home/airflow/.local/lib/python3.8/site-packages/airflow/example_dags/example_complex.py
[2024-02-02T15:19:26.550+0000] {logging_mixin.py:188} INFO - [2024-02-02T15:19:26.549+0000] {dag.py:3036} INFO - Sync 1 DAGs
[2024-02-02T15:19:26.564+0000] {logging_mixin.py:188} INFO - [2024-02-02T15:19:26.563+0000] {dag.py:3823} INFO - Setting next_dagrun for example_complex to None, run_after=None
[2024-02-02T15:19:26.589+0000] {processor.py:183} INFO - Processing /home/airflow/.local/lib/python3.8/site-packages/airflow/example_dags/example_complex.py took 0.094 seconds
[2024-02-02T15:19:56.913+0000] {processor.py:161} INFO - Started process (PID=3568) to work on /home/airflow/.local/lib/python3.8/site-packages/airflow/example_dags/example_complex.py
[2024-02-02T15:19:56.915+0000] {processor.py:830} INFO - Processing file /home/airflow/.local/lib/python3.8/site-packages/airflow/example_dags/example_complex.py for tasks to queue
[2024-02-02T15:19:56.916+0000] {logging_mixin.py:188} INFO - [2024-02-02T15:19:56.916+0000] {dagbag.py:538} INFO - Filling up the DagBag from /home/airflow/.local/lib/python3.8/site-packages/airflow/example_dags/example_complex.py
[2024-02-02T15:19:56.932+0000] {processor.py:840} INFO - DAG(s) 'example_complex' retrieved from /home/airflow/.local/lib/python3.8/site-packages/airflow/example_dags/example_complex.py
[2024-02-02T15:19:56.989+0000] {logging_mixin.py:188} INFO - [2024-02-02T15:19:56.988+0000] {dag.py:3036} INFO - Sync 1 DAGs
[2024-02-02T15:19:57.008+0000] {logging_mixin.py:188} INFO - [2024-02-02T15:19:57.007+0000] {dag.py:3823} INFO - Setting next_dagrun for example_complex to None, run_after=None
[2024-02-02T15:19:57.031+0000] {processor.py:183} INFO - Processing /home/airflow/.local/lib/python3.8/site-packages/airflow/example_dags/example_complex.py took 0.123 seconds
[2024-02-02T15:20:27.492+0000] {processor.py:161} INFO - Started process (PID=3815) to work on /home/airflow/.local/lib/python3.8/site-packages/airflow/example_dags/example_complex.py
[2024-02-02T15:20:27.494+0000] {processor.py:830} INFO - Processing file /home/airflow/.local/lib/python3.8/site-packages/airflow/example_dags/example_complex.py for tasks to queue
[2024-02-02T15:20:27.496+0000] {logging_mixin.py:188} INFO - [2024-02-02T15:20:27.496+0000] {dagbag.py:538} INFO - Filling up the DagBag from /home/airflow/.local/lib/python3.8/site-packages/airflow/example_dags/example_complex.py
[2024-02-02T15:20:27.516+0000] {processor.py:840} INFO - DAG(s) 'example_complex' retrieved from /home/airflow/.local/lib/python3.8/site-packages/airflow/example_dags/example_complex.py
[2024-02-02T15:20:27.566+0000] {logging_mixin.py:188} INFO - [2024-02-02T15:20:27.566+0000] {dag.py:3036} INFO - Sync 1 DAGs
[2024-02-02T15:20:27.591+0000] {logging_mixin.py:188} INFO - [2024-02-02T15:20:27.590+0000] {dag.py:3823} INFO - Setting next_dagrun for example_complex to None, run_after=None
[2024-02-02T15:20:27.624+0000] {processor.py:183} INFO - Processing /home/airflow/.local/lib/python3.8/site-packages/airflow/example_dags/example_complex.py took 0.139 seconds
[2024-02-02T15:20:57.856+0000] {processor.py:161} INFO - Started process (PID=4062) to work on /home/airflow/.local/lib/python3.8/site-packages/airflow/example_dags/example_complex.py
[2024-02-02T15:20:57.857+0000] {processor.py:830} INFO - Processing file /home/airflow/.local/lib/python3.8/site-packages/airflow/example_dags/example_complex.py for tasks to queue
[2024-02-02T15:20:57.859+0000] {logging_mixin.py:188} INFO - [2024-02-02T15:20:57.858+0000] {dagbag.py:538} INFO - Filling up the DagBag from /home/airflow/.local/lib/python3.8/site-packages/airflow/example_dags/example_complex.py
[2024-02-02T15:20:57.873+0000] {processor.py:840} INFO - DAG(s) 'example_complex' retrieved from /home/airflow/.local/lib/python3.8/site-packages/airflow/example_dags/example_complex.py
[2024-02-02T15:20:57.910+0000] {logging_mixin.py:188} INFO - [2024-02-02T15:20:57.910+0000] {dag.py:3036} INFO - Sync 1 DAGs
[2024-02-02T15:20:57.925+0000] {logging_mixin.py:188} INFO - [2024-02-02T15:20:57.925+0000] {dag.py:3823} INFO - Setting next_dagrun for example_complex to None, run_after=None
[2024-02-02T15:20:57.947+0000] {processor.py:183} INFO - Processing /home/airflow/.local/lib/python3.8/site-packages/airflow/example_dags/example_complex.py took 0.096 seconds
[2024-02-02T15:21:28.093+0000] {processor.py:161} INFO - Started process (PID=4309) to work on /home/airflow/.local/lib/python3.8/site-packages/airflow/example_dags/example_complex.py
[2024-02-02T15:21:28.094+0000] {processor.py:830} INFO - Processing file /home/airflow/.local/lib/python3.8/site-packages/airflow/example_dags/example_complex.py for tasks to queue
[2024-02-02T15:21:28.096+0000] {logging_mixin.py:188} INFO - [2024-02-02T15:21:28.095+0000] {dagbag.py:538} INFO - Filling up the DagBag from /home/airflow/.local/lib/python3.8/site-packages/airflow/example_dags/example_complex.py
[2024-02-02T15:21:28.110+0000] {processor.py:840} INFO - DAG(s) 'example_complex' retrieved from /home/airflow/.local/lib/python3.8/site-packages/airflow/example_dags/example_complex.py
[2024-02-02T15:21:28.145+0000] {logging_mixin.py:188} INFO - [2024-02-02T15:21:28.144+0000] {dag.py:3036} INFO - Sync 1 DAGs
[2024-02-02T15:21:28.159+0000] {logging_mixin.py:188} INFO - [2024-02-02T15:21:28.159+0000] {dag.py:3823} INFO - Setting next_dagrun for example_complex to None, run_after=None
[2024-02-02T15:21:28.183+0000] {processor.py:183} INFO - Processing /home/airflow/.local/lib/python3.8/site-packages/airflow/example_dags/example_complex.py took 0.094 seconds
[2024-02-02T15:21:58.358+0000] {processor.py:161} INFO - Started process (PID=4554) to work on /home/airflow/.local/lib/python3.8/site-packages/airflow/example_dags/example_complex.py
[2024-02-02T15:21:58.360+0000] {processor.py:830} INFO - Processing file /home/airflow/.local/lib/python3.8/site-packages/airflow/example_dags/example_complex.py for tasks to queue
[2024-02-02T15:21:58.361+0000] {logging_mixin.py:188} INFO - [2024-02-02T15:21:58.361+0000] {dagbag.py:538} INFO - Filling up the DagBag from /home/airflow/.local/lib/python3.8/site-packages/airflow/example_dags/example_complex.py
[2024-02-02T15:21:58.373+0000] {processor.py:840} INFO - DAG(s) 'example_complex' retrieved from /home/airflow/.local/lib/python3.8/site-packages/airflow/example_dags/example_complex.py
[2024-02-02T15:21:58.411+0000] {logging_mixin.py:188} INFO - [2024-02-02T15:21:58.410+0000] {dag.py:3036} INFO - Sync 1 DAGs
[2024-02-02T15:21:58.424+0000] {logging_mixin.py:188} INFO - [2024-02-02T15:21:58.423+0000] {dag.py:3823} INFO - Setting next_dagrun for example_complex to None, run_after=None
[2024-02-02T15:21:58.448+0000] {processor.py:183} INFO - Processing /home/airflow/.local/lib/python3.8/site-packages/airflow/example_dags/example_complex.py took 0.093 seconds
[2024-02-02T15:22:28.711+0000] {processor.py:161} INFO - Started process (PID=4801) to work on /home/airflow/.local/lib/python3.8/site-packages/airflow/example_dags/example_complex.py
[2024-02-02T15:22:28.712+0000] {processor.py:830} INFO - Processing file /home/airflow/.local/lib/python3.8/site-packages/airflow/example_dags/example_complex.py for tasks to queue
[2024-02-02T15:22:28.714+0000] {logging_mixin.py:188} INFO - [2024-02-02T15:22:28.713+0000] {dagbag.py:538} INFO - Filling up the DagBag from /home/airflow/.local/lib/python3.8/site-packages/airflow/example_dags/example_complex.py
[2024-02-02T15:22:28.732+0000] {processor.py:840} INFO - DAG(s) 'example_complex' retrieved from /home/airflow/.local/lib/python3.8/site-packages/airflow/example_dags/example_complex.py
[2024-02-02T15:22:28.768+0000] {logging_mixin.py:188} INFO - [2024-02-02T15:22:28.767+0000] {dag.py:3036} INFO - Sync 1 DAGs
[2024-02-02T15:22:28.783+0000] {logging_mixin.py:188} INFO - [2024-02-02T15:22:28.782+0000] {dag.py:3823} INFO - Setting next_dagrun for example_complex to None, run_after=None
[2024-02-02T15:22:28.806+0000] {processor.py:183} INFO - Processing /home/airflow/.local/lib/python3.8/site-packages/airflow/example_dags/example_complex.py took 0.100 seconds
[2024-02-02T15:22:59.772+0000] {processor.py:161} INFO - Started process (PID=5056) to work on /home/airflow/.local/lib/python3.8/site-packages/airflow/example_dags/example_complex.py
[2024-02-02T15:22:59.774+0000] {processor.py:830} INFO - Processing file /home/airflow/.local/lib/python3.8/site-packages/airflow/example_dags/example_complex.py for tasks to queue
[2024-02-02T15:22:59.775+0000] {logging_mixin.py:188} INFO - [2024-02-02T15:22:59.774+0000] {dagbag.py:538} INFO - Filling up the DagBag from /home/airflow/.local/lib/python3.8/site-packages/airflow/example_dags/example_complex.py
[2024-02-02T15:22:59.788+0000] {processor.py:840} INFO - DAG(s) 'example_complex' retrieved from /home/airflow/.local/lib/python3.8/site-packages/airflow/example_dags/example_complex.py
[2024-02-02T15:22:59.823+0000] {logging_mixin.py:188} INFO - [2024-02-02T15:22:59.822+0000] {dag.py:3036} INFO - Sync 1 DAGs
[2024-02-02T15:22:59.846+0000] {logging_mixin.py:188} INFO - [2024-02-02T15:22:59.845+0000] {dag.py:3823} INFO - Setting next_dagrun for example_complex to None, run_after=None
[2024-02-02T15:22:59.885+0000] {processor.py:183} INFO - Processing /home/airflow/.local/lib/python3.8/site-packages/airflow/example_dags/example_complex.py took 0.115 seconds
[2024-02-02T15:23:30.600+0000] {processor.py:161} INFO - Started process (PID=5301) to work on /home/airflow/.local/lib/python3.8/site-packages/airflow/example_dags/example_complex.py
[2024-02-02T15:23:30.601+0000] {processor.py:830} INFO - Processing file /home/airflow/.local/lib/python3.8/site-packages/airflow/example_dags/example_complex.py for tasks to queue
[2024-02-02T15:23:30.603+0000] {logging_mixin.py:188} INFO - [2024-02-02T15:23:30.602+0000] {dagbag.py:538} INFO - Filling up the DagBag from /home/airflow/.local/lib/python3.8/site-packages/airflow/example_dags/example_complex.py
[2024-02-02T15:23:30.616+0000] {processor.py:840} INFO - DAG(s) 'example_complex' retrieved from /home/airflow/.local/lib/python3.8/site-packages/airflow/example_dags/example_complex.py
[2024-02-02T15:23:30.651+0000] {logging_mixin.py:188} INFO - [2024-02-02T15:23:30.651+0000] {dag.py:3036} INFO - Sync 1 DAGs
[2024-02-02T15:23:30.666+0000] {logging_mixin.py:188} INFO - [2024-02-02T15:23:30.666+0000] {dag.py:3823} INFO - Setting next_dagrun for example_complex to None, run_after=None
[2024-02-02T15:23:30.689+0000] {processor.py:183} INFO - Processing /home/airflow/.local/lib/python3.8/site-packages/airflow/example_dags/example_complex.py took 0.094 seconds
[2024-02-02T15:24:01.252+0000] {processor.py:161} INFO - Started process (PID=5548) to work on /home/airflow/.local/lib/python3.8/site-packages/airflow/example_dags/example_complex.py
[2024-02-02T15:24:01.253+0000] {processor.py:830} INFO - Processing file /home/airflow/.local/lib/python3.8/site-packages/airflow/example_dags/example_complex.py for tasks to queue
[2024-02-02T15:24:01.255+0000] {logging_mixin.py:188} INFO - [2024-02-02T15:24:01.255+0000] {dagbag.py:538} INFO - Filling up the DagBag from /home/airflow/.local/lib/python3.8/site-packages/airflow/example_dags/example_complex.py
[2024-02-02T15:24:01.272+0000] {processor.py:840} INFO - DAG(s) 'example_complex' retrieved from /home/airflow/.local/lib/python3.8/site-packages/airflow/example_dags/example_complex.py
[2024-02-02T15:24:01.308+0000] {logging_mixin.py:188} INFO - [2024-02-02T15:24:01.308+0000] {dag.py:3036} INFO - Sync 1 DAGs
[2024-02-02T15:24:01.327+0000] {logging_mixin.py:188} INFO - [2024-02-02T15:24:01.327+0000] {dag.py:3823} INFO - Setting next_dagrun for example_complex to None, run_after=None
[2024-02-02T15:24:01.352+0000] {processor.py:183} INFO - Processing /home/airflow/.local/lib/python3.8/site-packages/airflow/example_dags/example_complex.py took 0.105 seconds
[2024-02-02T15:24:31.537+0000] {processor.py:161} INFO - Started process (PID=5795) to work on /home/airflow/.local/lib/python3.8/site-packages/airflow/example_dags/example_complex.py
[2024-02-02T15:24:31.539+0000] {processor.py:830} INFO - Processing file /home/airflow/.local/lib/python3.8/site-packages/airflow/example_dags/example_complex.py for tasks to queue
[2024-02-02T15:24:31.540+0000] {logging_mixin.py:188} INFO - [2024-02-02T15:24:31.540+0000] {dagbag.py:538} INFO - Filling up the DagBag from /home/airflow/.local/lib/python3.8/site-packages/airflow/example_dags/example_complex.py
[2024-02-02T15:24:31.555+0000] {processor.py:840} INFO - DAG(s) 'example_complex' retrieved from /home/airflow/.local/lib/python3.8/site-packages/airflow/example_dags/example_complex.py
[2024-02-02T15:24:31.596+0000] {logging_mixin.py:188} INFO - [2024-02-02T15:24:31.596+0000] {dag.py:3036} INFO - Sync 1 DAGs
[2024-02-02T15:24:31.614+0000] {logging_mixin.py:188} INFO - [2024-02-02T15:24:31.614+0000] {dag.py:3823} INFO - Setting next_dagrun for example_complex to None, run_after=None
[2024-02-02T15:24:31.642+0000] {processor.py:183} INFO - Processing /home/airflow/.local/lib/python3.8/site-packages/airflow/example_dags/example_complex.py took 0.109 seconds
[2024-02-02T15:25:02.400+0000] {processor.py:161} INFO - Started process (PID=6042) to work on /home/airflow/.local/lib/python3.8/site-packages/airflow/example_dags/example_complex.py
[2024-02-02T15:25:02.401+0000] {processor.py:830} INFO - Processing file /home/airflow/.local/lib/python3.8/site-packages/airflow/example_dags/example_complex.py for tasks to queue
[2024-02-02T15:25:02.403+0000] {logging_mixin.py:188} INFO - [2024-02-02T15:25:02.403+0000] {dagbag.py:538} INFO - Filling up the DagBag from /home/airflow/.local/lib/python3.8/site-packages/airflow/example_dags/example_complex.py
[2024-02-02T15:25:02.423+0000] {processor.py:840} INFO - DAG(s) 'example_complex' retrieved from /home/airflow/.local/lib/python3.8/site-packages/airflow/example_dags/example_complex.py
[2024-02-02T15:25:02.461+0000] {logging_mixin.py:188} INFO - [2024-02-02T15:25:02.461+0000] {dag.py:3036} INFO - Sync 1 DAGs
[2024-02-02T15:25:02.479+0000] {logging_mixin.py:188} INFO - [2024-02-02T15:25:02.478+0000] {dag.py:3823} INFO - Setting next_dagrun for example_complex to None, run_after=None
[2024-02-02T15:25:02.506+0000] {processor.py:183} INFO - Processing /home/airflow/.local/lib/python3.8/site-packages/airflow/example_dags/example_complex.py took 0.110 seconds
[2024-02-02T15:25:32.807+0000] {processor.py:161} INFO - Started process (PID=6289) to work on /home/airflow/.local/lib/python3.8/site-packages/airflow/example_dags/example_complex.py
[2024-02-02T15:25:32.809+0000] {processor.py:830} INFO - Processing file /home/airflow/.local/lib/python3.8/site-packages/airflow/example_dags/example_complex.py for tasks to queue
[2024-02-02T15:25:32.810+0000] {logging_mixin.py:188} INFO - [2024-02-02T15:25:32.810+0000] {dagbag.py:538} INFO - Filling up the DagBag from /home/airflow/.local/lib/python3.8/site-packages/airflow/example_dags/example_complex.py
[2024-02-02T15:25:32.826+0000] {processor.py:840} INFO - DAG(s) 'example_complex' retrieved from /home/airflow/.local/lib/python3.8/site-packages/airflow/example_dags/example_complex.py
[2024-02-02T15:25:32.859+0000] {logging_mixin.py:188} INFO - [2024-02-02T15:25:32.859+0000] {dag.py:3036} INFO - Sync 1 DAGs
[2024-02-02T15:25:32.873+0000] {logging_mixin.py:188} INFO - [2024-02-02T15:25:32.873+0000] {dag.py:3823} INFO - Setting next_dagrun for example_complex to None, run_after=None
[2024-02-02T15:25:32.898+0000] {processor.py:183} INFO - Processing /home/airflow/.local/lib/python3.8/site-packages/airflow/example_dags/example_complex.py took 0.095 seconds
[2024-02-02T15:26:03.453+0000] {processor.py:161} INFO - Started process (PID=6536) to work on /home/airflow/.local/lib/python3.8/site-packages/airflow/example_dags/example_complex.py
[2024-02-02T15:26:03.454+0000] {processor.py:830} INFO - Processing file /home/airflow/.local/lib/python3.8/site-packages/airflow/example_dags/example_complex.py for tasks to queue
[2024-02-02T15:26:03.456+0000] {logging_mixin.py:188} INFO - [2024-02-02T15:26:03.456+0000] {dagbag.py:538} INFO - Filling up the DagBag from /home/airflow/.local/lib/python3.8/site-packages/airflow/example_dags/example_complex.py
[2024-02-02T15:26:03.469+0000] {processor.py:840} INFO - DAG(s) 'example_complex' retrieved from /home/airflow/.local/lib/python3.8/site-packages/airflow/example_dags/example_complex.py
[2024-02-02T15:26:03.506+0000] {logging_mixin.py:188} INFO - [2024-02-02T15:26:03.506+0000] {dag.py:3036} INFO - Sync 1 DAGs
[2024-02-02T15:26:03.520+0000] {logging_mixin.py:188} INFO - [2024-02-02T15:26:03.519+0000] {dag.py:3823} INFO - Setting next_dagrun for example_complex to None, run_after=None
[2024-02-02T15:26:03.543+0000] {processor.py:183} INFO - Processing /home/airflow/.local/lib/python3.8/site-packages/airflow/example_dags/example_complex.py took 0.095 seconds
[2024-02-02T15:26:34.141+0000] {processor.py:161} INFO - Started process (PID=6783) to work on /home/airflow/.local/lib/python3.8/site-packages/airflow/example_dags/example_complex.py
[2024-02-02T15:26:34.143+0000] {processor.py:830} INFO - Processing file /home/airflow/.local/lib/python3.8/site-packages/airflow/example_dags/example_complex.py for tasks to queue
[2024-02-02T15:26:34.144+0000] {logging_mixin.py:188} INFO - [2024-02-02T15:26:34.144+0000] {dagbag.py:538} INFO - Filling up the DagBag from /home/airflow/.local/lib/python3.8/site-packages/airflow/example_dags/example_complex.py
[2024-02-02T15:26:34.156+0000] {processor.py:840} INFO - DAG(s) 'example_complex' retrieved from /home/airflow/.local/lib/python3.8/site-packages/airflow/example_dags/example_complex.py
[2024-02-02T15:26:34.194+0000] {logging_mixin.py:188} INFO - [2024-02-02T15:26:34.194+0000] {dag.py:3036} INFO - Sync 1 DAGs
[2024-02-02T15:26:34.209+0000] {logging_mixin.py:188} INFO - [2024-02-02T15:26:34.209+0000] {dag.py:3823} INFO - Setting next_dagrun for example_complex to None, run_after=None
[2024-02-02T15:26:34.232+0000] {processor.py:183} INFO - Processing /home/airflow/.local/lib/python3.8/site-packages/airflow/example_dags/example_complex.py took 0.095 seconds
[2024-02-02T15:27:04.405+0000] {processor.py:161} INFO - Started process (PID=7030) to work on /home/airflow/.local/lib/python3.8/site-packages/airflow/example_dags/example_complex.py
[2024-02-02T15:27:04.406+0000] {processor.py:830} INFO - Processing file /home/airflow/.local/lib/python3.8/site-packages/airflow/example_dags/example_complex.py for tasks to queue
[2024-02-02T15:27:04.408+0000] {logging_mixin.py:188} INFO - [2024-02-02T15:27:04.407+0000] {dagbag.py:538} INFO - Filling up the DagBag from /home/airflow/.local/lib/python3.8/site-packages/airflow/example_dags/example_complex.py
[2024-02-02T15:27:04.422+0000] {processor.py:840} INFO - DAG(s) 'example_complex' retrieved from /home/airflow/.local/lib/python3.8/site-packages/airflow/example_dags/example_complex.py
[2024-02-02T15:27:04.461+0000] {logging_mixin.py:188} INFO - [2024-02-02T15:27:04.461+0000] {dag.py:3036} INFO - Sync 1 DAGs
[2024-02-02T15:27:04.476+0000] {logging_mixin.py:188} INFO - [2024-02-02T15:27:04.476+0000] {dag.py:3823} INFO - Setting next_dagrun for example_complex to None, run_after=None
[2024-02-02T15:27:04.501+0000] {processor.py:183} INFO - Processing /home/airflow/.local/lib/python3.8/site-packages/airflow/example_dags/example_complex.py took 0.101 seconds
[2024-02-02T15:27:35.269+0000] {processor.py:161} INFO - Started process (PID=7277) to work on /home/airflow/.local/lib/python3.8/site-packages/airflow/example_dags/example_complex.py
[2024-02-02T15:27:35.271+0000] {processor.py:830} INFO - Processing file /home/airflow/.local/lib/python3.8/site-packages/airflow/example_dags/example_complex.py for tasks to queue
[2024-02-02T15:27:35.272+0000] {logging_mixin.py:188} INFO - [2024-02-02T15:27:35.272+0000] {dagbag.py:538} INFO - Filling up the DagBag from /home/airflow/.local/lib/python3.8/site-packages/airflow/example_dags/example_complex.py
[2024-02-02T15:27:35.287+0000] {processor.py:840} INFO - DAG(s) 'example_complex' retrieved from /home/airflow/.local/lib/python3.8/site-packages/airflow/example_dags/example_complex.py
[2024-02-02T15:27:35.321+0000] {logging_mixin.py:188} INFO - [2024-02-02T15:27:35.321+0000] {dag.py:3036} INFO - Sync 1 DAGs
[2024-02-02T15:27:35.336+0000] {logging_mixin.py:188} INFO - [2024-02-02T15:27:35.336+0000] {dag.py:3823} INFO - Setting next_dagrun for example_complex to None, run_after=None
[2024-02-02T15:27:35.359+0000] {processor.py:183} INFO - Processing /home/airflow/.local/lib/python3.8/site-packages/airflow/example_dags/example_complex.py took 0.094 seconds
[2024-02-02T15:28:05.548+0000] {processor.py:161} INFO - Started process (PID=7524) to work on /home/airflow/.local/lib/python3.8/site-packages/airflow/example_dags/example_complex.py
[2024-02-02T15:28:05.550+0000] {processor.py:830} INFO - Processing file /home/airflow/.local/lib/python3.8/site-packages/airflow/example_dags/example_complex.py for tasks to queue
[2024-02-02T15:28:05.551+0000] {logging_mixin.py:188} INFO - [2024-02-02T15:28:05.551+0000] {dagbag.py:538} INFO - Filling up the DagBag from /home/airflow/.local/lib/python3.8/site-packages/airflow/example_dags/example_complex.py
[2024-02-02T15:28:05.568+0000] {processor.py:840} INFO - DAG(s) 'example_complex' retrieved from /home/airflow/.local/lib/python3.8/site-packages/airflow/example_dags/example_complex.py
[2024-02-02T15:28:05.610+0000] {logging_mixin.py:188} INFO - [2024-02-02T15:28:05.610+0000] {dag.py:3036} INFO - Sync 1 DAGs
[2024-02-02T15:28:05.626+0000] {logging_mixin.py:188} INFO - [2024-02-02T15:28:05.625+0000] {dag.py:3823} INFO - Setting next_dagrun for example_complex to None, run_after=None
[2024-02-02T15:28:05.652+0000] {processor.py:183} INFO - Processing /home/airflow/.local/lib/python3.8/site-packages/airflow/example_dags/example_complex.py took 0.108 seconds
[2024-02-02T15:28:36.115+0000] {processor.py:161} INFO - Started process (PID=7773) to work on /home/airflow/.local/lib/python3.8/site-packages/airflow/example_dags/example_complex.py
[2024-02-02T15:28:36.117+0000] {processor.py:830} INFO - Processing file /home/airflow/.local/lib/python3.8/site-packages/airflow/example_dags/example_complex.py for tasks to queue
[2024-02-02T15:28:36.118+0000] {logging_mixin.py:188} INFO - [2024-02-02T15:28:36.118+0000] {dagbag.py:538} INFO - Filling up the DagBag from /home/airflow/.local/lib/python3.8/site-packages/airflow/example_dags/example_complex.py
[2024-02-02T15:28:36.130+0000] {processor.py:840} INFO - DAG(s) 'example_complex' retrieved from /home/airflow/.local/lib/python3.8/site-packages/airflow/example_dags/example_complex.py
[2024-02-02T15:28:36.167+0000] {logging_mixin.py:188} INFO - [2024-02-02T15:28:36.166+0000] {dag.py:3036} INFO - Sync 1 DAGs
[2024-02-02T15:28:36.180+0000] {logging_mixin.py:188} INFO - [2024-02-02T15:28:36.179+0000] {dag.py:3823} INFO - Setting next_dagrun for example_complex to None, run_after=None
[2024-02-02T15:28:36.203+0000] {processor.py:183} INFO - Processing /home/airflow/.local/lib/python3.8/site-packages/airflow/example_dags/example_complex.py took 0.092 seconds
[2024-02-02T15:29:06.471+0000] {processor.py:161} INFO - Started process (PID=8020) to work on /home/airflow/.local/lib/python3.8/site-packages/airflow/example_dags/example_complex.py
[2024-02-02T15:29:06.473+0000] {processor.py:830} INFO - Processing file /home/airflow/.local/lib/python3.8/site-packages/airflow/example_dags/example_complex.py for tasks to queue
[2024-02-02T15:29:06.474+0000] {logging_mixin.py:188} INFO - [2024-02-02T15:29:06.474+0000] {dagbag.py:538} INFO - Filling up the DagBag from /home/airflow/.local/lib/python3.8/site-packages/airflow/example_dags/example_complex.py
[2024-02-02T15:29:06.487+0000] {processor.py:840} INFO - DAG(s) 'example_complex' retrieved from /home/airflow/.local/lib/python3.8/site-packages/airflow/example_dags/example_complex.py
[2024-02-02T15:29:06.521+0000] {logging_mixin.py:188} INFO - [2024-02-02T15:29:06.521+0000] {dag.py:3036} INFO - Sync 1 DAGs
[2024-02-02T15:29:06.536+0000] {logging_mixin.py:188} INFO - [2024-02-02T15:29:06.536+0000] {dag.py:3823} INFO - Setting next_dagrun for example_complex to None, run_after=None
[2024-02-02T15:29:06.559+0000] {processor.py:183} INFO - Processing /home/airflow/.local/lib/python3.8/site-packages/airflow/example_dags/example_complex.py took 0.091 seconds
[2024-02-02T15:29:36.879+0000] {processor.py:161} INFO - Started process (PID=8267) to work on /home/airflow/.local/lib/python3.8/site-packages/airflow/example_dags/example_complex.py
[2024-02-02T15:29:36.880+0000] {processor.py:830} INFO - Processing file /home/airflow/.local/lib/python3.8/site-packages/airflow/example_dags/example_complex.py for tasks to queue
[2024-02-02T15:29:36.882+0000] {logging_mixin.py:188} INFO - [2024-02-02T15:29:36.881+0000] {dagbag.py:538} INFO - Filling up the DagBag from /home/airflow/.local/lib/python3.8/site-packages/airflow/example_dags/example_complex.py
[2024-02-02T15:29:36.900+0000] {processor.py:840} INFO - DAG(s) 'example_complex' retrieved from /home/airflow/.local/lib/python3.8/site-packages/airflow/example_dags/example_complex.py
[2024-02-02T15:29:36.938+0000] {logging_mixin.py:188} INFO - [2024-02-02T15:29:36.938+0000] {dag.py:3036} INFO - Sync 1 DAGs
[2024-02-02T15:29:36.953+0000] {logging_mixin.py:188} INFO - [2024-02-02T15:29:36.953+0000] {dag.py:3823} INFO - Setting next_dagrun for example_complex to None, run_after=None
[2024-02-02T15:29:36.977+0000] {processor.py:183} INFO - Processing /home/airflow/.local/lib/python3.8/site-packages/airflow/example_dags/example_complex.py took 0.103 seconds
[2024-02-02T15:30:07.315+0000] {processor.py:161} INFO - Started process (PID=8512) to work on /home/airflow/.local/lib/python3.8/site-packages/airflow/example_dags/example_complex.py
[2024-02-02T15:30:07.317+0000] {processor.py:830} INFO - Processing file /home/airflow/.local/lib/python3.8/site-packages/airflow/example_dags/example_complex.py for tasks to queue
[2024-02-02T15:30:07.318+0000] {logging_mixin.py:188} INFO - [2024-02-02T15:30:07.318+0000] {dagbag.py:538} INFO - Filling up the DagBag from /home/airflow/.local/lib/python3.8/site-packages/airflow/example_dags/example_complex.py
[2024-02-02T15:30:07.331+0000] {processor.py:840} INFO - DAG(s) 'example_complex' retrieved from /home/airflow/.local/lib/python3.8/site-packages/airflow/example_dags/example_complex.py
[2024-02-02T15:30:07.366+0000] {logging_mixin.py:188} INFO - [2024-02-02T15:30:07.366+0000] {dag.py:3036} INFO - Sync 1 DAGs
[2024-02-02T15:30:07.382+0000] {logging_mixin.py:188} INFO - [2024-02-02T15:30:07.381+0000] {dag.py:3823} INFO - Setting next_dagrun for example_complex to None, run_after=None
[2024-02-02T15:30:07.406+0000] {processor.py:183} INFO - Processing /home/airflow/.local/lib/python3.8/site-packages/airflow/example_dags/example_complex.py took 0.095 seconds
[2024-02-02T15:30:37.501+0000] {processor.py:161} INFO - Started process (PID=8759) to work on /home/airflow/.local/lib/python3.8/site-packages/airflow/example_dags/example_complex.py
[2024-02-02T15:30:37.503+0000] {processor.py:830} INFO - Processing file /home/airflow/.local/lib/python3.8/site-packages/airflow/example_dags/example_complex.py for tasks to queue
[2024-02-02T15:30:37.504+0000] {logging_mixin.py:188} INFO - [2024-02-02T15:30:37.504+0000] {dagbag.py:538} INFO - Filling up the DagBag from /home/airflow/.local/lib/python3.8/site-packages/airflow/example_dags/example_complex.py
[2024-02-02T15:30:37.518+0000] {processor.py:840} INFO - DAG(s) 'example_complex' retrieved from /home/airflow/.local/lib/python3.8/site-packages/airflow/example_dags/example_complex.py
[2024-02-02T15:30:37.570+0000] {logging_mixin.py:188} INFO - [2024-02-02T15:30:37.569+0000] {dag.py:3036} INFO - Sync 1 DAGs
[2024-02-02T15:30:37.590+0000] {logging_mixin.py:188} INFO - [2024-02-02T15:30:37.590+0000] {dag.py:3823} INFO - Setting next_dagrun for example_complex to None, run_after=None
[2024-02-02T15:30:37.623+0000] {processor.py:183} INFO - Processing /home/airflow/.local/lib/python3.8/site-packages/airflow/example_dags/example_complex.py took 0.126 seconds
[2024-02-02T15:31:07.751+0000] {processor.py:161} INFO - Started process (PID=9001) to work on /home/airflow/.local/lib/python3.8/site-packages/airflow/example_dags/example_complex.py
[2024-02-02T15:31:07.752+0000] {processor.py:830} INFO - Processing file /home/airflow/.local/lib/python3.8/site-packages/airflow/example_dags/example_complex.py for tasks to queue
[2024-02-02T15:31:07.754+0000] {logging_mixin.py:188} INFO - [2024-02-02T15:31:07.753+0000] {dagbag.py:538} INFO - Filling up the DagBag from /home/airflow/.local/lib/python3.8/site-packages/airflow/example_dags/example_complex.py
[2024-02-02T15:31:07.769+0000] {processor.py:840} INFO - DAG(s) 'example_complex' retrieved from /home/airflow/.local/lib/python3.8/site-packages/airflow/example_dags/example_complex.py
[2024-02-02T15:31:07.810+0000] {logging_mixin.py:188} INFO - [2024-02-02T15:31:07.810+0000] {dag.py:3036} INFO - Sync 1 DAGs
[2024-02-02T15:31:07.826+0000] {logging_mixin.py:188} INFO - [2024-02-02T15:31:07.826+0000] {dag.py:3823} INFO - Setting next_dagrun for example_complex to None, run_after=None
[2024-02-02T15:31:07.855+0000] {processor.py:183} INFO - Processing /home/airflow/.local/lib/python3.8/site-packages/airflow/example_dags/example_complex.py took 0.108 seconds
[2024-02-02T15:31:38.065+0000] {processor.py:161} INFO - Started process (PID=9249) to work on /home/airflow/.local/lib/python3.8/site-packages/airflow/example_dags/example_complex.py
[2024-02-02T15:31:38.066+0000] {processor.py:830} INFO - Processing file /home/airflow/.local/lib/python3.8/site-packages/airflow/example_dags/example_complex.py for tasks to queue
[2024-02-02T15:31:38.068+0000] {logging_mixin.py:188} INFO - [2024-02-02T15:31:38.068+0000] {dagbag.py:538} INFO - Filling up the DagBag from /home/airflow/.local/lib/python3.8/site-packages/airflow/example_dags/example_complex.py
[2024-02-02T15:31:38.088+0000] {processor.py:840} INFO - DAG(s) 'example_complex' retrieved from /home/airflow/.local/lib/python3.8/site-packages/airflow/example_dags/example_complex.py
[2024-02-02T15:31:38.134+0000] {logging_mixin.py:188} INFO - [2024-02-02T15:31:38.134+0000] {dag.py:3036} INFO - Sync 1 DAGs
[2024-02-02T15:31:38.151+0000] {logging_mixin.py:188} INFO - [2024-02-02T15:31:38.151+0000] {dag.py:3823} INFO - Setting next_dagrun for example_complex to None, run_after=None
[2024-02-02T15:31:38.178+0000] {processor.py:183} INFO - Processing /home/airflow/.local/lib/python3.8/site-packages/airflow/example_dags/example_complex.py took 0.116 seconds
[2024-02-02T15:32:08.395+0000] {processor.py:161} INFO - Started process (PID=9495) to work on /home/airflow/.local/lib/python3.8/site-packages/airflow/example_dags/example_complex.py
[2024-02-02T15:32:08.396+0000] {processor.py:830} INFO - Processing file /home/airflow/.local/lib/python3.8/site-packages/airflow/example_dags/example_complex.py for tasks to queue
[2024-02-02T15:32:08.398+0000] {logging_mixin.py:188} INFO - [2024-02-02T15:32:08.397+0000] {dagbag.py:538} INFO - Filling up the DagBag from /home/airflow/.local/lib/python3.8/site-packages/airflow/example_dags/example_complex.py
[2024-02-02T15:32:08.410+0000] {processor.py:840} INFO - DAG(s) 'example_complex' retrieved from /home/airflow/.local/lib/python3.8/site-packages/airflow/example_dags/example_complex.py
[2024-02-02T15:32:08.447+0000] {logging_mixin.py:188} INFO - [2024-02-02T15:32:08.447+0000] {dag.py:3036} INFO - Sync 1 DAGs
[2024-02-02T15:32:08.461+0000] {logging_mixin.py:188} INFO - [2024-02-02T15:32:08.460+0000] {dag.py:3823} INFO - Setting next_dagrun for example_complex to None, run_after=None
[2024-02-02T15:32:08.484+0000] {processor.py:183} INFO - Processing /home/airflow/.local/lib/python3.8/site-packages/airflow/example_dags/example_complex.py took 0.094 seconds
[2024-02-02T15:32:38.621+0000] {processor.py:161} INFO - Started process (PID=9743) to work on /home/airflow/.local/lib/python3.8/site-packages/airflow/example_dags/example_complex.py
[2024-02-02T15:32:38.622+0000] {processor.py:830} INFO - Processing file /home/airflow/.local/lib/python3.8/site-packages/airflow/example_dags/example_complex.py for tasks to queue
[2024-02-02T15:32:38.624+0000] {logging_mixin.py:188} INFO - [2024-02-02T15:32:38.623+0000] {dagbag.py:538} INFO - Filling up the DagBag from /home/airflow/.local/lib/python3.8/site-packages/airflow/example_dags/example_complex.py
[2024-02-02T15:32:38.636+0000] {processor.py:840} INFO - DAG(s) 'example_complex' retrieved from /home/airflow/.local/lib/python3.8/site-packages/airflow/example_dags/example_complex.py
[2024-02-02T15:32:38.670+0000] {logging_mixin.py:188} INFO - [2024-02-02T15:32:38.670+0000] {dag.py:3036} INFO - Sync 1 DAGs
[2024-02-02T15:32:38.685+0000] {logging_mixin.py:188} INFO - [2024-02-02T15:32:38.685+0000] {dag.py:3823} INFO - Setting next_dagrun for example_complex to None, run_after=None
[2024-02-02T15:32:38.707+0000] {processor.py:183} INFO - Processing /home/airflow/.local/lib/python3.8/site-packages/airflow/example_dags/example_complex.py took 0.088 seconds
[2024-02-02T15:33:09.643+0000] {processor.py:161} INFO - Started process (PID=9991) to work on /home/airflow/.local/lib/python3.8/site-packages/airflow/example_dags/example_complex.py
[2024-02-02T15:33:09.644+0000] {processor.py:830} INFO - Processing file /home/airflow/.local/lib/python3.8/site-packages/airflow/example_dags/example_complex.py for tasks to queue
[2024-02-02T15:33:09.645+0000] {logging_mixin.py:188} INFO - [2024-02-02T15:33:09.645+0000] {dagbag.py:538} INFO - Filling up the DagBag from /home/airflow/.local/lib/python3.8/site-packages/airflow/example_dags/example_complex.py
[2024-02-02T15:33:09.657+0000] {processor.py:840} INFO - DAG(s) 'example_complex' retrieved from /home/airflow/.local/lib/python3.8/site-packages/airflow/example_dags/example_complex.py
[2024-02-02T15:33:09.693+0000] {logging_mixin.py:188} INFO - [2024-02-02T15:33:09.692+0000] {dag.py:3036} INFO - Sync 1 DAGs
[2024-02-02T15:33:09.708+0000] {logging_mixin.py:188} INFO - [2024-02-02T15:33:09.708+0000] {dag.py:3823} INFO - Setting next_dagrun for example_complex to None, run_after=None
[2024-02-02T15:33:09.733+0000] {processor.py:183} INFO - Processing /home/airflow/.local/lib/python3.8/site-packages/airflow/example_dags/example_complex.py took 0.094 seconds
[2024-02-02T15:33:40.377+0000] {processor.py:161} INFO - Started process (PID=10236) to work on /home/airflow/.local/lib/python3.8/site-packages/airflow/example_dags/example_complex.py
[2024-02-02T15:33:40.378+0000] {processor.py:830} INFO - Processing file /home/airflow/.local/lib/python3.8/site-packages/airflow/example_dags/example_complex.py for tasks to queue
[2024-02-02T15:33:40.380+0000] {logging_mixin.py:188} INFO - [2024-02-02T15:33:40.379+0000] {dagbag.py:538} INFO - Filling up the DagBag from /home/airflow/.local/lib/python3.8/site-packages/airflow/example_dags/example_complex.py
[2024-02-02T15:33:40.392+0000] {processor.py:840} INFO - DAG(s) 'example_complex' retrieved from /home/airflow/.local/lib/python3.8/site-packages/airflow/example_dags/example_complex.py
[2024-02-02T15:33:40.426+0000] {logging_mixin.py:188} INFO - [2024-02-02T15:33:40.426+0000] {dag.py:3036} INFO - Sync 1 DAGs
[2024-02-02T15:33:40.442+0000] {logging_mixin.py:188} INFO - [2024-02-02T15:33:40.442+0000] {dag.py:3823} INFO - Setting next_dagrun for example_complex to None, run_after=None
[2024-02-02T15:33:40.464+0000] {processor.py:183} INFO - Processing /home/airflow/.local/lib/python3.8/site-packages/airflow/example_dags/example_complex.py took 0.090 seconds
[2024-02-02T15:34:10.683+0000] {processor.py:161} INFO - Started process (PID=10484) to work on /home/airflow/.local/lib/python3.8/site-packages/airflow/example_dags/example_complex.py
[2024-02-02T15:34:10.684+0000] {processor.py:830} INFO - Processing file /home/airflow/.local/lib/python3.8/site-packages/airflow/example_dags/example_complex.py for tasks to queue
[2024-02-02T15:34:10.686+0000] {logging_mixin.py:188} INFO - [2024-02-02T15:34:10.685+0000] {dagbag.py:538} INFO - Filling up the DagBag from /home/airflow/.local/lib/python3.8/site-packages/airflow/example_dags/example_complex.py
[2024-02-02T15:34:10.698+0000] {processor.py:840} INFO - DAG(s) 'example_complex' retrieved from /home/airflow/.local/lib/python3.8/site-packages/airflow/example_dags/example_complex.py
[2024-02-02T15:34:10.734+0000] {logging_mixin.py:188} INFO - [2024-02-02T15:34:10.733+0000] {dag.py:3036} INFO - Sync 1 DAGs
[2024-02-02T15:34:10.749+0000] {logging_mixin.py:188} INFO - [2024-02-02T15:34:10.749+0000] {dag.py:3823} INFO - Setting next_dagrun for example_complex to None, run_after=None
[2024-02-02T15:34:10.771+0000] {processor.py:183} INFO - Processing /home/airflow/.local/lib/python3.8/site-packages/airflow/example_dags/example_complex.py took 0.091 seconds
[2024-02-02T15:34:41.056+0000] {processor.py:161} INFO - Started process (PID=10730) to work on /home/airflow/.local/lib/python3.8/site-packages/airflow/example_dags/example_complex.py
[2024-02-02T15:34:41.057+0000] {processor.py:830} INFO - Processing file /home/airflow/.local/lib/python3.8/site-packages/airflow/example_dags/example_complex.py for tasks to queue
[2024-02-02T15:34:41.058+0000] {logging_mixin.py:188} INFO - [2024-02-02T15:34:41.058+0000] {dagbag.py:538} INFO - Filling up the DagBag from /home/airflow/.local/lib/python3.8/site-packages/airflow/example_dags/example_complex.py
[2024-02-02T15:34:41.077+0000] {processor.py:840} INFO - DAG(s) 'example_complex' retrieved from /home/airflow/.local/lib/python3.8/site-packages/airflow/example_dags/example_complex.py
[2024-02-02T15:34:41.118+0000] {logging_mixin.py:188} INFO - [2024-02-02T15:34:41.118+0000] {dag.py:3036} INFO - Sync 1 DAGs
[2024-02-02T15:34:41.134+0000] {logging_mixin.py:188} INFO - [2024-02-02T15:34:41.134+0000] {dag.py:3823} INFO - Setting next_dagrun for example_complex to None, run_after=None
[2024-02-02T15:34:41.155+0000] {processor.py:183} INFO - Processing /home/airflow/.local/lib/python3.8/site-packages/airflow/example_dags/example_complex.py took 0.104 seconds
[2024-02-02T15:35:11.452+0000] {processor.py:161} INFO - Started process (PID=10978) to work on /home/airflow/.local/lib/python3.8/site-packages/airflow/example_dags/example_complex.py
[2024-02-02T15:35:11.454+0000] {processor.py:830} INFO - Processing file /home/airflow/.local/lib/python3.8/site-packages/airflow/example_dags/example_complex.py for tasks to queue
[2024-02-02T15:35:11.455+0000] {logging_mixin.py:188} INFO - [2024-02-02T15:35:11.455+0000] {dagbag.py:538} INFO - Filling up the DagBag from /home/airflow/.local/lib/python3.8/site-packages/airflow/example_dags/example_complex.py
[2024-02-02T15:35:11.467+0000] {processor.py:840} INFO - DAG(s) 'example_complex' retrieved from /home/airflow/.local/lib/python3.8/site-packages/airflow/example_dags/example_complex.py
[2024-02-02T15:35:11.503+0000] {logging_mixin.py:188} INFO - [2024-02-02T15:35:11.503+0000] {dag.py:3036} INFO - Sync 1 DAGs
[2024-02-02T15:35:11.518+0000] {logging_mixin.py:188} INFO - [2024-02-02T15:35:11.518+0000] {dag.py:3823} INFO - Setting next_dagrun for example_complex to None, run_after=None
[2024-02-02T15:35:11.542+0000] {processor.py:183} INFO - Processing /home/airflow/.local/lib/python3.8/site-packages/airflow/example_dags/example_complex.py took 0.092 seconds
[2024-02-02T15:35:41.975+0000] {processor.py:161} INFO - Started process (PID=11223) to work on /home/airflow/.local/lib/python3.8/site-packages/airflow/example_dags/example_complex.py
[2024-02-02T15:35:41.976+0000] {processor.py:830} INFO - Processing file /home/airflow/.local/lib/python3.8/site-packages/airflow/example_dags/example_complex.py for tasks to queue
[2024-02-02T15:35:41.978+0000] {logging_mixin.py:188} INFO - [2024-02-02T15:35:41.977+0000] {dagbag.py:538} INFO - Filling up the DagBag from /home/airflow/.local/lib/python3.8/site-packages/airflow/example_dags/example_complex.py
[2024-02-02T15:35:41.993+0000] {processor.py:840} INFO - DAG(s) 'example_complex' retrieved from /home/airflow/.local/lib/python3.8/site-packages/airflow/example_dags/example_complex.py
[2024-02-02T15:35:42.035+0000] {logging_mixin.py:188} INFO - [2024-02-02T15:35:42.035+0000] {dag.py:3036} INFO - Sync 1 DAGs
[2024-02-02T15:35:42.051+0000] {logging_mixin.py:188} INFO - [2024-02-02T15:35:42.051+0000] {dag.py:3823} INFO - Setting next_dagrun for example_complex to None, run_after=None
[2024-02-02T15:35:42.076+0000] {processor.py:183} INFO - Processing /home/airflow/.local/lib/python3.8/site-packages/airflow/example_dags/example_complex.py took 0.105 seconds
[2024-02-02T15:36:12.303+0000] {processor.py:161} INFO - Started process (PID=11465) to work on /home/airflow/.local/lib/python3.8/site-packages/airflow/example_dags/example_complex.py
[2024-02-02T15:36:12.307+0000] {processor.py:830} INFO - Processing file /home/airflow/.local/lib/python3.8/site-packages/airflow/example_dags/example_complex.py for tasks to queue
[2024-02-02T15:36:12.310+0000] {logging_mixin.py:188} INFO - [2024-02-02T15:36:12.309+0000] {dagbag.py:538} INFO - Filling up the DagBag from /home/airflow/.local/lib/python3.8/site-packages/airflow/example_dags/example_complex.py
[2024-02-02T15:36:12.347+0000] {processor.py:840} INFO - DAG(s) 'example_complex' retrieved from /home/airflow/.local/lib/python3.8/site-packages/airflow/example_dags/example_complex.py
[2024-02-02T15:36:12.401+0000] {logging_mixin.py:188} INFO - [2024-02-02T15:36:12.401+0000] {dag.py:3036} INFO - Sync 1 DAGs
[2024-02-02T15:36:12.424+0000] {logging_mixin.py:188} INFO - [2024-02-02T15:36:12.424+0000] {dag.py:3823} INFO - Setting next_dagrun for example_complex to None, run_after=None
[2024-02-02T15:36:12.457+0000] {processor.py:183} INFO - Processing /home/airflow/.local/lib/python3.8/site-packages/airflow/example_dags/example_complex.py took 0.161 seconds
