[2024-02-02T15:13:17.957+0000] {processor.py:161} INFO - Started process (PID=256) to work on /home/airflow/.local/lib/python3.8/site-packages/airflow/example_dags/example_short_circuit_operator.py
[2024-02-02T15:13:17.959+0000] {processor.py:830} INFO - Processing file /home/airflow/.local/lib/python3.8/site-packages/airflow/example_dags/example_short_circuit_operator.py for tasks to queue
[2024-02-02T15:13:17.962+0000] {logging_mixin.py:188} INFO - [2024-02-02T15:13:17.961+0000] {dagbag.py:538} INFO - Filling up the DagBag from /home/airflow/.local/lib/python3.8/site-packages/airflow/example_dags/example_short_circuit_operator.py
[2024-02-02T15:13:17.999+0000] {processor.py:840} INFO - DAG(s) 'example_short_circuit_operator' retrieved from /home/airflow/.local/lib/python3.8/site-packages/airflow/example_dags/example_short_circuit_operator.py
[2024-02-02T15:13:18.023+0000] {logging_mixin.py:188} INFO - [2024-02-02T15:13:18.023+0000] {dag.py:3036} INFO - Sync 1 DAGs
[2024-02-02T15:13:18.064+0000] {logging_mixin.py:188} INFO - [2024-02-02T15:13:18.064+0000] {dag.py:3823} INFO - Setting next_dagrun for example_short_circuit_operator to 2024-02-01 00:00:00+00:00, run_after=2024-02-02 00:00:00+00:00
[2024-02-02T15:13:18.089+0000] {processor.py:183} INFO - Processing /home/airflow/.local/lib/python3.8/site-packages/airflow/example_dags/example_short_circuit_operator.py took 0.141 seconds
[2024-02-02T15:13:49.798+0000] {processor.py:161} INFO - Started process (PID=503) to work on /home/airflow/.local/lib/python3.8/site-packages/airflow/example_dags/example_short_circuit_operator.py
[2024-02-02T15:13:49.800+0000] {processor.py:830} INFO - Processing file /home/airflow/.local/lib/python3.8/site-packages/airflow/example_dags/example_short_circuit_operator.py for tasks to queue
[2024-02-02T15:13:49.802+0000] {logging_mixin.py:188} INFO - [2024-02-02T15:13:49.802+0000] {dagbag.py:538} INFO - Filling up the DagBag from /home/airflow/.local/lib/python3.8/site-packages/airflow/example_dags/example_short_circuit_operator.py
[2024-02-02T15:13:49.816+0000] {processor.py:840} INFO - DAG(s) 'example_short_circuit_operator' retrieved from /home/airflow/.local/lib/python3.8/site-packages/airflow/example_dags/example_short_circuit_operator.py
[2024-02-02T15:13:50.028+0000] {logging_mixin.py:188} INFO - [2024-02-02T15:13:50.027+0000] {dag.py:3036} INFO - Sync 1 DAGs
[2024-02-02T15:13:50.061+0000] {logging_mixin.py:188} INFO - [2024-02-02T15:13:50.061+0000] {dag.py:3823} INFO - Setting next_dagrun for example_short_circuit_operator to 2024-02-01 00:00:00+00:00, run_after=2024-02-02 00:00:00+00:00
[2024-02-02T15:13:50.103+0000] {processor.py:183} INFO - Processing /home/airflow/.local/lib/python3.8/site-packages/airflow/example_dags/example_short_circuit_operator.py took 0.311 seconds
[2024-02-02T15:14:20.604+0000] {processor.py:161} INFO - Started process (PID=750) to work on /home/airflow/.local/lib/python3.8/site-packages/airflow/example_dags/example_short_circuit_operator.py
[2024-02-02T15:14:20.605+0000] {processor.py:830} INFO - Processing file /home/airflow/.local/lib/python3.8/site-packages/airflow/example_dags/example_short_circuit_operator.py for tasks to queue
[2024-02-02T15:14:20.608+0000] {logging_mixin.py:188} INFO - [2024-02-02T15:14:20.607+0000] {dagbag.py:538} INFO - Filling up the DagBag from /home/airflow/.local/lib/python3.8/site-packages/airflow/example_dags/example_short_circuit_operator.py
[2024-02-02T15:14:20.621+0000] {processor.py:840} INFO - DAG(s) 'example_short_circuit_operator' retrieved from /home/airflow/.local/lib/python3.8/site-packages/airflow/example_dags/example_short_circuit_operator.py
[2024-02-02T15:14:20.654+0000] {logging_mixin.py:188} INFO - [2024-02-02T15:14:20.654+0000] {dag.py:3036} INFO - Sync 1 DAGs
[2024-02-02T15:14:20.686+0000] {logging_mixin.py:188} INFO - [2024-02-02T15:14:20.685+0000] {dag.py:3823} INFO - Setting next_dagrun for example_short_circuit_operator to 2024-02-01 00:00:00+00:00, run_after=2024-02-02 00:00:00+00:00
[2024-02-02T15:14:20.715+0000] {processor.py:183} INFO - Processing /home/airflow/.local/lib/python3.8/site-packages/airflow/example_dags/example_short_circuit_operator.py took 0.115 seconds
[2024-02-02T15:14:51.078+0000] {processor.py:161} INFO - Started process (PID=997) to work on /home/airflow/.local/lib/python3.8/site-packages/airflow/example_dags/example_short_circuit_operator.py
[2024-02-02T15:14:51.080+0000] {processor.py:830} INFO - Processing file /home/airflow/.local/lib/python3.8/site-packages/airflow/example_dags/example_short_circuit_operator.py for tasks to queue
[2024-02-02T15:14:51.081+0000] {logging_mixin.py:188} INFO - [2024-02-02T15:14:51.081+0000] {dagbag.py:538} INFO - Filling up the DagBag from /home/airflow/.local/lib/python3.8/site-packages/airflow/example_dags/example_short_circuit_operator.py
[2024-02-02T15:14:51.093+0000] {processor.py:840} INFO - DAG(s) 'example_short_circuit_operator' retrieved from /home/airflow/.local/lib/python3.8/site-packages/airflow/example_dags/example_short_circuit_operator.py
[2024-02-02T15:14:51.124+0000] {logging_mixin.py:188} INFO - [2024-02-02T15:14:51.124+0000] {dag.py:3036} INFO - Sync 1 DAGs
[2024-02-02T15:14:51.151+0000] {logging_mixin.py:188} INFO - [2024-02-02T15:14:51.151+0000] {dag.py:3823} INFO - Setting next_dagrun for example_short_circuit_operator to 2024-02-01 00:00:00+00:00, run_after=2024-02-02 00:00:00+00:00
[2024-02-02T15:14:51.175+0000] {processor.py:183} INFO - Processing /home/airflow/.local/lib/python3.8/site-packages/airflow/example_dags/example_short_circuit_operator.py took 0.101 seconds
[2024-02-02T15:15:21.421+0000] {processor.py:161} INFO - Started process (PID=1244) to work on /home/airflow/.local/lib/python3.8/site-packages/airflow/example_dags/example_short_circuit_operator.py
[2024-02-02T15:15:21.423+0000] {processor.py:830} INFO - Processing file /home/airflow/.local/lib/python3.8/site-packages/airflow/example_dags/example_short_circuit_operator.py for tasks to queue
[2024-02-02T15:15:21.424+0000] {logging_mixin.py:188} INFO - [2024-02-02T15:15:21.424+0000] {dagbag.py:538} INFO - Filling up the DagBag from /home/airflow/.local/lib/python3.8/site-packages/airflow/example_dags/example_short_circuit_operator.py
[2024-02-02T15:15:21.435+0000] {processor.py:840} INFO - DAG(s) 'example_short_circuit_operator' retrieved from /home/airflow/.local/lib/python3.8/site-packages/airflow/example_dags/example_short_circuit_operator.py
[2024-02-02T15:15:21.463+0000] {logging_mixin.py:188} INFO - [2024-02-02T15:15:21.463+0000] {dag.py:3036} INFO - Sync 1 DAGs
[2024-02-02T15:15:21.494+0000] {logging_mixin.py:188} INFO - [2024-02-02T15:15:21.493+0000] {dag.py:3823} INFO - Setting next_dagrun for example_short_circuit_operator to 2024-02-01 00:00:00+00:00, run_after=2024-02-02 00:00:00+00:00
[2024-02-02T15:15:21.521+0000] {processor.py:183} INFO - Processing /home/airflow/.local/lib/python3.8/site-packages/airflow/example_dags/example_short_circuit_operator.py took 0.105 seconds
[2024-02-02T15:15:51.692+0000] {processor.py:161} INFO - Started process (PID=1491) to work on /home/airflow/.local/lib/python3.8/site-packages/airflow/example_dags/example_short_circuit_operator.py
[2024-02-02T15:15:51.694+0000] {processor.py:830} INFO - Processing file /home/airflow/.local/lib/python3.8/site-packages/airflow/example_dags/example_short_circuit_operator.py for tasks to queue
[2024-02-02T15:15:51.695+0000] {logging_mixin.py:188} INFO - [2024-02-02T15:15:51.695+0000] {dagbag.py:538} INFO - Filling up the DagBag from /home/airflow/.local/lib/python3.8/site-packages/airflow/example_dags/example_short_circuit_operator.py
[2024-02-02T15:15:51.711+0000] {processor.py:840} INFO - DAG(s) 'example_short_circuit_operator' retrieved from /home/airflow/.local/lib/python3.8/site-packages/airflow/example_dags/example_short_circuit_operator.py
[2024-02-02T15:15:51.751+0000] {logging_mixin.py:188} INFO - [2024-02-02T15:15:51.750+0000] {dag.py:3036} INFO - Sync 1 DAGs
[2024-02-02T15:15:51.803+0000] {logging_mixin.py:188} INFO - [2024-02-02T15:15:51.802+0000] {dag.py:3823} INFO - Setting next_dagrun for example_short_circuit_operator to 2024-02-01 00:00:00+00:00, run_after=2024-02-02 00:00:00+00:00
[2024-02-02T15:15:51.855+0000] {processor.py:183} INFO - Processing /home/airflow/.local/lib/python3.8/site-packages/airflow/example_dags/example_short_circuit_operator.py took 0.169 seconds
[2024-02-02T15:16:21.972+0000] {processor.py:161} INFO - Started process (PID=1733) to work on /home/airflow/.local/lib/python3.8/site-packages/airflow/example_dags/example_short_circuit_operator.py
[2024-02-02T15:16:21.978+0000] {processor.py:830} INFO - Processing file /home/airflow/.local/lib/python3.8/site-packages/airflow/example_dags/example_short_circuit_operator.py for tasks to queue
[2024-02-02T15:16:21.981+0000] {logging_mixin.py:188} INFO - [2024-02-02T15:16:21.981+0000] {dagbag.py:538} INFO - Filling up the DagBag from /home/airflow/.local/lib/python3.8/site-packages/airflow/example_dags/example_short_circuit_operator.py
[2024-02-02T15:16:22.003+0000] {processor.py:840} INFO - DAG(s) 'example_short_circuit_operator' retrieved from /home/airflow/.local/lib/python3.8/site-packages/airflow/example_dags/example_short_circuit_operator.py
[2024-02-02T15:16:22.054+0000] {logging_mixin.py:188} INFO - [2024-02-02T15:16:22.054+0000] {dag.py:3036} INFO - Sync 1 DAGs
[2024-02-02T15:16:22.100+0000] {logging_mixin.py:188} INFO - [2024-02-02T15:16:22.100+0000] {dag.py:3823} INFO - Setting next_dagrun for example_short_circuit_operator to 2024-02-01 00:00:00+00:00, run_after=2024-02-02 00:00:00+00:00
[2024-02-02T15:16:22.135+0000] {processor.py:183} INFO - Processing /home/airflow/.local/lib/python3.8/site-packages/airflow/example_dags/example_short_circuit_operator.py took 0.170 seconds
[2024-02-02T15:16:52.426+0000] {processor.py:161} INFO - Started process (PID=1982) to work on /home/airflow/.local/lib/python3.8/site-packages/airflow/example_dags/example_short_circuit_operator.py
[2024-02-02T15:16:52.429+0000] {processor.py:830} INFO - Processing file /home/airflow/.local/lib/python3.8/site-packages/airflow/example_dags/example_short_circuit_operator.py for tasks to queue
[2024-02-02T15:16:52.431+0000] {logging_mixin.py:188} INFO - [2024-02-02T15:16:52.430+0000] {dagbag.py:538} INFO - Filling up the DagBag from /home/airflow/.local/lib/python3.8/site-packages/airflow/example_dags/example_short_circuit_operator.py
[2024-02-02T15:16:52.440+0000] {processor.py:840} INFO - DAG(s) 'example_short_circuit_operator' retrieved from /home/airflow/.local/lib/python3.8/site-packages/airflow/example_dags/example_short_circuit_operator.py
[2024-02-02T15:16:52.475+0000] {logging_mixin.py:188} INFO - [2024-02-02T15:16:52.474+0000] {dag.py:3036} INFO - Sync 1 DAGs
[2024-02-02T15:16:52.508+0000] {logging_mixin.py:188} INFO - [2024-02-02T15:16:52.507+0000] {dag.py:3823} INFO - Setting next_dagrun for example_short_circuit_operator to 2024-02-01 00:00:00+00:00, run_after=2024-02-02 00:00:00+00:00
[2024-02-02T15:16:52.543+0000] {processor.py:183} INFO - Processing /home/airflow/.local/lib/python3.8/site-packages/airflow/example_dags/example_short_circuit_operator.py took 0.122 seconds
[2024-02-02T15:17:22.964+0000] {processor.py:161} INFO - Started process (PID=2232) to work on /home/airflow/.local/lib/python3.8/site-packages/airflow/example_dags/example_short_circuit_operator.py
[2024-02-02T15:17:22.965+0000] {processor.py:830} INFO - Processing file /home/airflow/.local/lib/python3.8/site-packages/airflow/example_dags/example_short_circuit_operator.py for tasks to queue
[2024-02-02T15:17:22.967+0000] {logging_mixin.py:188} INFO - [2024-02-02T15:17:22.966+0000] {dagbag.py:538} INFO - Filling up the DagBag from /home/airflow/.local/lib/python3.8/site-packages/airflow/example_dags/example_short_circuit_operator.py
[2024-02-02T15:17:22.979+0000] {processor.py:840} INFO - DAG(s) 'example_short_circuit_operator' retrieved from /home/airflow/.local/lib/python3.8/site-packages/airflow/example_dags/example_short_circuit_operator.py
[2024-02-02T15:17:23.017+0000] {logging_mixin.py:188} INFO - [2024-02-02T15:17:23.017+0000] {dag.py:3036} INFO - Sync 1 DAGs
[2024-02-02T15:17:23.054+0000] {logging_mixin.py:188} INFO - [2024-02-02T15:17:23.053+0000] {dag.py:3823} INFO - Setting next_dagrun for example_short_circuit_operator to 2024-02-01 00:00:00+00:00, run_after=2024-02-02 00:00:00+00:00
[2024-02-02T15:17:23.091+0000] {processor.py:183} INFO - Processing /home/airflow/.local/lib/python3.8/site-packages/airflow/example_dags/example_short_circuit_operator.py took 0.133 seconds
[2024-02-02T15:17:53.292+0000] {processor.py:161} INFO - Started process (PID=2474) to work on /home/airflow/.local/lib/python3.8/site-packages/airflow/example_dags/example_short_circuit_operator.py
[2024-02-02T15:17:53.294+0000] {processor.py:830} INFO - Processing file /home/airflow/.local/lib/python3.8/site-packages/airflow/example_dags/example_short_circuit_operator.py for tasks to queue
[2024-02-02T15:17:53.296+0000] {logging_mixin.py:188} INFO - [2024-02-02T15:17:53.296+0000] {dagbag.py:538} INFO - Filling up the DagBag from /home/airflow/.local/lib/python3.8/site-packages/airflow/example_dags/example_short_circuit_operator.py
[2024-02-02T15:17:53.308+0000] {processor.py:840} INFO - DAG(s) 'example_short_circuit_operator' retrieved from /home/airflow/.local/lib/python3.8/site-packages/airflow/example_dags/example_short_circuit_operator.py
[2024-02-02T15:17:53.351+0000] {logging_mixin.py:188} INFO - [2024-02-02T15:17:53.351+0000] {dag.py:3036} INFO - Sync 1 DAGs
[2024-02-02T15:17:53.389+0000] {logging_mixin.py:188} INFO - [2024-02-02T15:17:53.389+0000] {dag.py:3823} INFO - Setting next_dagrun for example_short_circuit_operator to 2024-02-01 00:00:00+00:00, run_after=2024-02-02 00:00:00+00:00
[2024-02-02T15:17:53.422+0000] {processor.py:183} INFO - Processing /home/airflow/.local/lib/python3.8/site-packages/airflow/example_dags/example_short_circuit_operator.py took 0.135 seconds
[2024-02-02T15:18:23.523+0000] {processor.py:161} INFO - Started process (PID=2769) to work on /home/airflow/.local/lib/python3.8/site-packages/airflow/example_dags/example_short_circuit_operator.py
[2024-02-02T15:18:23.524+0000] {processor.py:830} INFO - Processing file /home/airflow/.local/lib/python3.8/site-packages/airflow/example_dags/example_short_circuit_operator.py for tasks to queue
[2024-02-02T15:18:23.526+0000] {logging_mixin.py:188} INFO - [2024-02-02T15:18:23.526+0000] {dagbag.py:538} INFO - Filling up the DagBag from /home/airflow/.local/lib/python3.8/site-packages/airflow/example_dags/example_short_circuit_operator.py
[2024-02-02T15:18:23.539+0000] {processor.py:840} INFO - DAG(s) 'example_short_circuit_operator' retrieved from /home/airflow/.local/lib/python3.8/site-packages/airflow/example_dags/example_short_circuit_operator.py
[2024-02-02T15:18:23.610+0000] {logging_mixin.py:188} INFO - [2024-02-02T15:18:23.609+0000] {dag.py:3036} INFO - Sync 1 DAGs
[2024-02-02T15:18:23.671+0000] {logging_mixin.py:188} INFO - [2024-02-02T15:18:23.671+0000] {dag.py:3823} INFO - Setting next_dagrun for example_short_circuit_operator to 2024-02-01 00:00:00+00:00, run_after=2024-02-02 00:00:00+00:00
[2024-02-02T15:18:23.704+0000] {processor.py:183} INFO - Processing /home/airflow/.local/lib/python3.8/site-packages/airflow/example_dags/example_short_circuit_operator.py took 0.186 seconds
[2024-02-02T15:18:54.132+0000] {processor.py:161} INFO - Started process (PID=3018) to work on /home/airflow/.local/lib/python3.8/site-packages/airflow/example_dags/example_short_circuit_operator.py
[2024-02-02T15:18:54.133+0000] {processor.py:830} INFO - Processing file /home/airflow/.local/lib/python3.8/site-packages/airflow/example_dags/example_short_circuit_operator.py for tasks to queue
[2024-02-02T15:18:54.134+0000] {logging_mixin.py:188} INFO - [2024-02-02T15:18:54.134+0000] {dagbag.py:538} INFO - Filling up the DagBag from /home/airflow/.local/lib/python3.8/site-packages/airflow/example_dags/example_short_circuit_operator.py
[2024-02-02T15:18:54.145+0000] {processor.py:840} INFO - DAG(s) 'example_short_circuit_operator' retrieved from /home/airflow/.local/lib/python3.8/site-packages/airflow/example_dags/example_short_circuit_operator.py
[2024-02-02T15:18:54.193+0000] {logging_mixin.py:188} INFO - [2024-02-02T15:18:54.193+0000] {dag.py:3036} INFO - Sync 1 DAGs
[2024-02-02T15:18:54.265+0000] {logging_mixin.py:188} INFO - [2024-02-02T15:18:54.264+0000] {dag.py:3823} INFO - Setting next_dagrun for example_short_circuit_operator to 2024-02-01 00:00:00+00:00, run_after=2024-02-02 00:00:00+00:00
[2024-02-02T15:18:54.302+0000] {processor.py:183} INFO - Processing /home/airflow/.local/lib/python3.8/site-packages/airflow/example_dags/example_short_circuit_operator.py took 0.175 seconds
[2024-02-02T15:19:24.448+0000] {processor.py:161} INFO - Started process (PID=3266) to work on /home/airflow/.local/lib/python3.8/site-packages/airflow/example_dags/example_short_circuit_operator.py
[2024-02-02T15:19:24.450+0000] {processor.py:830} INFO - Processing file /home/airflow/.local/lib/python3.8/site-packages/airflow/example_dags/example_short_circuit_operator.py for tasks to queue
[2024-02-02T15:19:24.452+0000] {logging_mixin.py:188} INFO - [2024-02-02T15:19:24.452+0000] {dagbag.py:538} INFO - Filling up the DagBag from /home/airflow/.local/lib/python3.8/site-packages/airflow/example_dags/example_short_circuit_operator.py
[2024-02-02T15:19:24.462+0000] {processor.py:840} INFO - DAG(s) 'example_short_circuit_operator' retrieved from /home/airflow/.local/lib/python3.8/site-packages/airflow/example_dags/example_short_circuit_operator.py
[2024-02-02T15:19:24.493+0000] {logging_mixin.py:188} INFO - [2024-02-02T15:19:24.493+0000] {dag.py:3036} INFO - Sync 1 DAGs
[2024-02-02T15:19:24.521+0000] {logging_mixin.py:188} INFO - [2024-02-02T15:19:24.521+0000] {dag.py:3823} INFO - Setting next_dagrun for example_short_circuit_operator to 2024-02-01 00:00:00+00:00, run_after=2024-02-02 00:00:00+00:00
[2024-02-02T15:19:24.548+0000] {processor.py:183} INFO - Processing /home/airflow/.local/lib/python3.8/site-packages/airflow/example_dags/example_short_circuit_operator.py took 0.104 seconds
[2024-02-02T15:19:54.948+0000] {processor.py:161} INFO - Started process (PID=3513) to work on /home/airflow/.local/lib/python3.8/site-packages/airflow/example_dags/example_short_circuit_operator.py
[2024-02-02T15:19:54.950+0000] {processor.py:830} INFO - Processing file /home/airflow/.local/lib/python3.8/site-packages/airflow/example_dags/example_short_circuit_operator.py for tasks to queue
[2024-02-02T15:19:54.951+0000] {logging_mixin.py:188} INFO - [2024-02-02T15:19:54.951+0000] {dagbag.py:538} INFO - Filling up the DagBag from /home/airflow/.local/lib/python3.8/site-packages/airflow/example_dags/example_short_circuit_operator.py
[2024-02-02T15:19:54.960+0000] {processor.py:840} INFO - DAG(s) 'example_short_circuit_operator' retrieved from /home/airflow/.local/lib/python3.8/site-packages/airflow/example_dags/example_short_circuit_operator.py
[2024-02-02T15:19:54.994+0000] {logging_mixin.py:188} INFO - [2024-02-02T15:19:54.993+0000] {dag.py:3036} INFO - Sync 1 DAGs
[2024-02-02T15:19:55.021+0000] {logging_mixin.py:188} INFO - [2024-02-02T15:19:55.021+0000] {dag.py:3823} INFO - Setting next_dagrun for example_short_circuit_operator to 2024-02-01 00:00:00+00:00, run_after=2024-02-02 00:00:00+00:00
[2024-02-02T15:19:55.050+0000] {processor.py:183} INFO - Processing /home/airflow/.local/lib/python3.8/site-packages/airflow/example_dags/example_short_circuit_operator.py took 0.107 seconds
[2024-02-02T15:20:25.433+0000] {processor.py:161} INFO - Started process (PID=3760) to work on /home/airflow/.local/lib/python3.8/site-packages/airflow/example_dags/example_short_circuit_operator.py
[2024-02-02T15:20:25.435+0000] {processor.py:830} INFO - Processing file /home/airflow/.local/lib/python3.8/site-packages/airflow/example_dags/example_short_circuit_operator.py for tasks to queue
[2024-02-02T15:20:25.437+0000] {logging_mixin.py:188} INFO - [2024-02-02T15:20:25.436+0000] {dagbag.py:538} INFO - Filling up the DagBag from /home/airflow/.local/lib/python3.8/site-packages/airflow/example_dags/example_short_circuit_operator.py
[2024-02-02T15:20:25.446+0000] {processor.py:840} INFO - DAG(s) 'example_short_circuit_operator' retrieved from /home/airflow/.local/lib/python3.8/site-packages/airflow/example_dags/example_short_circuit_operator.py
[2024-02-02T15:20:25.475+0000] {logging_mixin.py:188} INFO - [2024-02-02T15:20:25.475+0000] {dag.py:3036} INFO - Sync 1 DAGs
[2024-02-02T15:20:25.502+0000] {logging_mixin.py:188} INFO - [2024-02-02T15:20:25.501+0000] {dag.py:3823} INFO - Setting next_dagrun for example_short_circuit_operator to 2024-02-01 00:00:00+00:00, run_after=2024-02-02 00:00:00+00:00
[2024-02-02T15:20:25.530+0000] {processor.py:183} INFO - Processing /home/airflow/.local/lib/python3.8/site-packages/airflow/example_dags/example_short_circuit_operator.py took 0.101 seconds
[2024-02-02T15:20:55.637+0000] {processor.py:161} INFO - Started process (PID=4005) to work on /home/airflow/.local/lib/python3.8/site-packages/airflow/example_dags/example_short_circuit_operator.py
[2024-02-02T15:20:55.638+0000] {processor.py:830} INFO - Processing file /home/airflow/.local/lib/python3.8/site-packages/airflow/example_dags/example_short_circuit_operator.py for tasks to queue
[2024-02-02T15:20:55.640+0000] {logging_mixin.py:188} INFO - [2024-02-02T15:20:55.640+0000] {dagbag.py:538} INFO - Filling up the DagBag from /home/airflow/.local/lib/python3.8/site-packages/airflow/example_dags/example_short_circuit_operator.py
[2024-02-02T15:20:55.649+0000] {processor.py:840} INFO - DAG(s) 'example_short_circuit_operator' retrieved from /home/airflow/.local/lib/python3.8/site-packages/airflow/example_dags/example_short_circuit_operator.py
[2024-02-02T15:20:55.679+0000] {logging_mixin.py:188} INFO - [2024-02-02T15:20:55.678+0000] {dag.py:3036} INFO - Sync 1 DAGs
[2024-02-02T15:20:55.707+0000] {logging_mixin.py:188} INFO - [2024-02-02T15:20:55.707+0000] {dag.py:3823} INFO - Setting next_dagrun for example_short_circuit_operator to 2024-02-01 00:00:00+00:00, run_after=2024-02-02 00:00:00+00:00
[2024-02-02T15:20:55.735+0000] {processor.py:183} INFO - Processing /home/airflow/.local/lib/python3.8/site-packages/airflow/example_dags/example_short_circuit_operator.py took 0.102 seconds
[2024-02-02T15:21:26.026+0000] {processor.py:161} INFO - Started process (PID=4252) to work on /home/airflow/.local/lib/python3.8/site-packages/airflow/example_dags/example_short_circuit_operator.py
[2024-02-02T15:21:26.027+0000] {processor.py:830} INFO - Processing file /home/airflow/.local/lib/python3.8/site-packages/airflow/example_dags/example_short_circuit_operator.py for tasks to queue
[2024-02-02T15:21:26.029+0000] {logging_mixin.py:188} INFO - [2024-02-02T15:21:26.028+0000] {dagbag.py:538} INFO - Filling up the DagBag from /home/airflow/.local/lib/python3.8/site-packages/airflow/example_dags/example_short_circuit_operator.py
[2024-02-02T15:21:26.039+0000] {processor.py:840} INFO - DAG(s) 'example_short_circuit_operator' retrieved from /home/airflow/.local/lib/python3.8/site-packages/airflow/example_dags/example_short_circuit_operator.py
[2024-02-02T15:21:26.068+0000] {logging_mixin.py:188} INFO - [2024-02-02T15:21:26.067+0000] {dag.py:3036} INFO - Sync 1 DAGs
[2024-02-02T15:21:26.095+0000] {logging_mixin.py:188} INFO - [2024-02-02T15:21:26.095+0000] {dag.py:3823} INFO - Setting next_dagrun for example_short_circuit_operator to 2024-02-01 00:00:00+00:00, run_after=2024-02-02 00:00:00+00:00
[2024-02-02T15:21:26.125+0000] {processor.py:183} INFO - Processing /home/airflow/.local/lib/python3.8/site-packages/airflow/example_dags/example_short_circuit_operator.py took 0.103 seconds
[2024-02-02T15:21:56.310+0000] {processor.py:161} INFO - Started process (PID=4499) to work on /home/airflow/.local/lib/python3.8/site-packages/airflow/example_dags/example_short_circuit_operator.py
[2024-02-02T15:21:56.311+0000] {processor.py:830} INFO - Processing file /home/airflow/.local/lib/python3.8/site-packages/airflow/example_dags/example_short_circuit_operator.py for tasks to queue
[2024-02-02T15:21:56.313+0000] {logging_mixin.py:188} INFO - [2024-02-02T15:21:56.312+0000] {dagbag.py:538} INFO - Filling up the DagBag from /home/airflow/.local/lib/python3.8/site-packages/airflow/example_dags/example_short_circuit_operator.py
[2024-02-02T15:21:56.322+0000] {processor.py:840} INFO - DAG(s) 'example_short_circuit_operator' retrieved from /home/airflow/.local/lib/python3.8/site-packages/airflow/example_dags/example_short_circuit_operator.py
[2024-02-02T15:21:56.353+0000] {logging_mixin.py:188} INFO - [2024-02-02T15:21:56.353+0000] {dag.py:3036} INFO - Sync 1 DAGs
[2024-02-02T15:21:56.381+0000] {logging_mixin.py:188} INFO - [2024-02-02T15:21:56.380+0000] {dag.py:3823} INFO - Setting next_dagrun for example_short_circuit_operator to 2024-02-01 00:00:00+00:00, run_after=2024-02-02 00:00:00+00:00
[2024-02-02T15:21:56.408+0000] {processor.py:183} INFO - Processing /home/airflow/.local/lib/python3.8/site-packages/airflow/example_dags/example_short_circuit_operator.py took 0.102 seconds
[2024-02-02T15:22:26.781+0000] {processor.py:161} INFO - Started process (PID=4746) to work on /home/airflow/.local/lib/python3.8/site-packages/airflow/example_dags/example_short_circuit_operator.py
[2024-02-02T15:22:26.782+0000] {processor.py:830} INFO - Processing file /home/airflow/.local/lib/python3.8/site-packages/airflow/example_dags/example_short_circuit_operator.py for tasks to queue
[2024-02-02T15:22:26.784+0000] {logging_mixin.py:188} INFO - [2024-02-02T15:22:26.783+0000] {dagbag.py:538} INFO - Filling up the DagBag from /home/airflow/.local/lib/python3.8/site-packages/airflow/example_dags/example_short_circuit_operator.py
[2024-02-02T15:22:26.793+0000] {processor.py:840} INFO - DAG(s) 'example_short_circuit_operator' retrieved from /home/airflow/.local/lib/python3.8/site-packages/airflow/example_dags/example_short_circuit_operator.py
[2024-02-02T15:22:26.822+0000] {logging_mixin.py:188} INFO - [2024-02-02T15:22:26.822+0000] {dag.py:3036} INFO - Sync 1 DAGs
[2024-02-02T15:22:26.850+0000] {logging_mixin.py:188} INFO - [2024-02-02T15:22:26.850+0000] {dag.py:3823} INFO - Setting next_dagrun for example_short_circuit_operator to 2024-02-01 00:00:00+00:00, run_after=2024-02-02 00:00:00+00:00
[2024-02-02T15:22:26.879+0000] {processor.py:183} INFO - Processing /home/airflow/.local/lib/python3.8/site-packages/airflow/example_dags/example_short_circuit_operator.py took 0.102 seconds
[2024-02-02T15:22:57.794+0000] {processor.py:161} INFO - Started process (PID=4993) to work on /home/airflow/.local/lib/python3.8/site-packages/airflow/example_dags/example_short_circuit_operator.py
[2024-02-02T15:22:57.795+0000] {processor.py:830} INFO - Processing file /home/airflow/.local/lib/python3.8/site-packages/airflow/example_dags/example_short_circuit_operator.py for tasks to queue
[2024-02-02T15:22:57.798+0000] {logging_mixin.py:188} INFO - [2024-02-02T15:22:57.797+0000] {dagbag.py:538} INFO - Filling up the DagBag from /home/airflow/.local/lib/python3.8/site-packages/airflow/example_dags/example_short_circuit_operator.py
[2024-02-02T15:22:57.813+0000] {processor.py:840} INFO - DAG(s) 'example_short_circuit_operator' retrieved from /home/airflow/.local/lib/python3.8/site-packages/airflow/example_dags/example_short_circuit_operator.py
[2024-02-02T15:22:57.854+0000] {logging_mixin.py:188} INFO - [2024-02-02T15:22:57.854+0000] {dag.py:3036} INFO - Sync 1 DAGs
[2024-02-02T15:22:57.887+0000] {logging_mixin.py:188} INFO - [2024-02-02T15:22:57.887+0000] {dag.py:3823} INFO - Setting next_dagrun for example_short_circuit_operator to 2024-02-01 00:00:00+00:00, run_after=2024-02-02 00:00:00+00:00
[2024-02-02T15:22:57.917+0000] {processor.py:183} INFO - Processing /home/airflow/.local/lib/python3.8/site-packages/airflow/example_dags/example_short_circuit_operator.py took 0.128 seconds
[2024-02-02T15:23:28.611+0000] {processor.py:161} INFO - Started process (PID=5240) to work on /home/airflow/.local/lib/python3.8/site-packages/airflow/example_dags/example_short_circuit_operator.py
[2024-02-02T15:23:28.612+0000] {processor.py:830} INFO - Processing file /home/airflow/.local/lib/python3.8/site-packages/airflow/example_dags/example_short_circuit_operator.py for tasks to queue
[2024-02-02T15:23:28.614+0000] {logging_mixin.py:188} INFO - [2024-02-02T15:23:28.614+0000] {dagbag.py:538} INFO - Filling up the DagBag from /home/airflow/.local/lib/python3.8/site-packages/airflow/example_dags/example_short_circuit_operator.py
[2024-02-02T15:23:28.625+0000] {processor.py:840} INFO - DAG(s) 'example_short_circuit_operator' retrieved from /home/airflow/.local/lib/python3.8/site-packages/airflow/example_dags/example_short_circuit_operator.py
[2024-02-02T15:23:28.658+0000] {logging_mixin.py:188} INFO - [2024-02-02T15:23:28.658+0000] {dag.py:3036} INFO - Sync 1 DAGs
[2024-02-02T15:23:28.688+0000] {logging_mixin.py:188} INFO - [2024-02-02T15:23:28.687+0000] {dag.py:3823} INFO - Setting next_dagrun for example_short_circuit_operator to 2024-02-01 00:00:00+00:00, run_after=2024-02-02 00:00:00+00:00
[2024-02-02T15:23:28.713+0000] {processor.py:183} INFO - Processing /home/airflow/.local/lib/python3.8/site-packages/airflow/example_dags/example_short_circuit_operator.py took 0.107 seconds
[2024-02-02T15:23:59.031+0000] {processor.py:161} INFO - Started process (PID=5489) to work on /home/airflow/.local/lib/python3.8/site-packages/airflow/example_dags/example_short_circuit_operator.py
[2024-02-02T15:23:59.033+0000] {processor.py:830} INFO - Processing file /home/airflow/.local/lib/python3.8/site-packages/airflow/example_dags/example_short_circuit_operator.py for tasks to queue
[2024-02-02T15:23:59.035+0000] {logging_mixin.py:188} INFO - [2024-02-02T15:23:59.035+0000] {dagbag.py:538} INFO - Filling up the DagBag from /home/airflow/.local/lib/python3.8/site-packages/airflow/example_dags/example_short_circuit_operator.py
[2024-02-02T15:23:59.049+0000] {processor.py:840} INFO - DAG(s) 'example_short_circuit_operator' retrieved from /home/airflow/.local/lib/python3.8/site-packages/airflow/example_dags/example_short_circuit_operator.py
[2024-02-02T15:23:59.082+0000] {logging_mixin.py:188} INFO - [2024-02-02T15:23:59.082+0000] {dag.py:3036} INFO - Sync 1 DAGs
[2024-02-02T15:23:59.113+0000] {logging_mixin.py:188} INFO - [2024-02-02T15:23:59.112+0000] {dag.py:3823} INFO - Setting next_dagrun for example_short_circuit_operator to 2024-02-01 00:00:00+00:00, run_after=2024-02-02 00:00:00+00:00
[2024-02-02T15:23:59.142+0000] {processor.py:183} INFO - Processing /home/airflow/.local/lib/python3.8/site-packages/airflow/example_dags/example_short_circuit_operator.py took 0.116 seconds
[2024-02-02T15:24:29.310+0000] {processor.py:161} INFO - Started process (PID=5741) to work on /home/airflow/.local/lib/python3.8/site-packages/airflow/example_dags/example_short_circuit_operator.py
[2024-02-02T15:24:29.311+0000] {processor.py:830} INFO - Processing file /home/airflow/.local/lib/python3.8/site-packages/airflow/example_dags/example_short_circuit_operator.py for tasks to queue
[2024-02-02T15:24:29.312+0000] {logging_mixin.py:188} INFO - [2024-02-02T15:24:29.312+0000] {dagbag.py:538} INFO - Filling up the DagBag from /home/airflow/.local/lib/python3.8/site-packages/airflow/example_dags/example_short_circuit_operator.py
[2024-02-02T15:24:29.321+0000] {processor.py:840} INFO - DAG(s) 'example_short_circuit_operator' retrieved from /home/airflow/.local/lib/python3.8/site-packages/airflow/example_dags/example_short_circuit_operator.py
[2024-02-02T15:24:29.356+0000] {logging_mixin.py:188} INFO - [2024-02-02T15:24:29.355+0000] {dag.py:3036} INFO - Sync 1 DAGs
[2024-02-02T15:24:29.386+0000] {logging_mixin.py:188} INFO - [2024-02-02T15:24:29.386+0000] {dag.py:3823} INFO - Setting next_dagrun for example_short_circuit_operator to 2024-02-01 00:00:00+00:00, run_after=2024-02-02 00:00:00+00:00
[2024-02-02T15:24:29.422+0000] {processor.py:183} INFO - Processing /home/airflow/.local/lib/python3.8/site-packages/airflow/example_dags/example_short_circuit_operator.py took 0.117 seconds
[2024-02-02T15:25:00.441+0000] {processor.py:161} INFO - Started process (PID=5994) to work on /home/airflow/.local/lib/python3.8/site-packages/airflow/example_dags/example_short_circuit_operator.py
[2024-02-02T15:25:00.443+0000] {processor.py:830} INFO - Processing file /home/airflow/.local/lib/python3.8/site-packages/airflow/example_dags/example_short_circuit_operator.py for tasks to queue
[2024-02-02T15:25:00.445+0000] {logging_mixin.py:188} INFO - [2024-02-02T15:25:00.445+0000] {dagbag.py:538} INFO - Filling up the DagBag from /home/airflow/.local/lib/python3.8/site-packages/airflow/example_dags/example_short_circuit_operator.py
[2024-02-02T15:25:00.459+0000] {processor.py:840} INFO - DAG(s) 'example_short_circuit_operator' retrieved from /home/airflow/.local/lib/python3.8/site-packages/airflow/example_dags/example_short_circuit_operator.py
[2024-02-02T15:25:00.490+0000] {logging_mixin.py:188} INFO - [2024-02-02T15:25:00.490+0000] {dag.py:3036} INFO - Sync 1 DAGs
[2024-02-02T15:25:00.524+0000] {logging_mixin.py:188} INFO - [2024-02-02T15:25:00.523+0000] {dag.py:3823} INFO - Setting next_dagrun for example_short_circuit_operator to 2024-02-01 00:00:00+00:00, run_after=2024-02-02 00:00:00+00:00
[2024-02-02T15:25:00.551+0000] {processor.py:183} INFO - Processing /home/airflow/.local/lib/python3.8/site-packages/airflow/example_dags/example_short_circuit_operator.py took 0.116 seconds
[2024-02-02T15:25:30.891+0000] {processor.py:161} INFO - Started process (PID=6241) to work on /home/airflow/.local/lib/python3.8/site-packages/airflow/example_dags/example_short_circuit_operator.py
[2024-02-02T15:25:30.892+0000] {processor.py:830} INFO - Processing file /home/airflow/.local/lib/python3.8/site-packages/airflow/example_dags/example_short_circuit_operator.py for tasks to queue
[2024-02-02T15:25:30.894+0000] {logging_mixin.py:188} INFO - [2024-02-02T15:25:30.893+0000] {dagbag.py:538} INFO - Filling up the DagBag from /home/airflow/.local/lib/python3.8/site-packages/airflow/example_dags/example_short_circuit_operator.py
[2024-02-02T15:25:30.902+0000] {processor.py:840} INFO - DAG(s) 'example_short_circuit_operator' retrieved from /home/airflow/.local/lib/python3.8/site-packages/airflow/example_dags/example_short_circuit_operator.py
[2024-02-02T15:25:30.932+0000] {logging_mixin.py:188} INFO - [2024-02-02T15:25:30.932+0000] {dag.py:3036} INFO - Sync 1 DAGs
[2024-02-02T15:25:30.959+0000] {logging_mixin.py:188} INFO - [2024-02-02T15:25:30.959+0000] {dag.py:3823} INFO - Setting next_dagrun for example_short_circuit_operator to 2024-02-01 00:00:00+00:00, run_after=2024-02-02 00:00:00+00:00
[2024-02-02T15:25:30.985+0000] {processor.py:183} INFO - Processing /home/airflow/.local/lib/python3.8/site-packages/airflow/example_dags/example_short_circuit_operator.py took 0.099 seconds
[2024-02-02T15:26:01.520+0000] {processor.py:161} INFO - Started process (PID=6488) to work on /home/airflow/.local/lib/python3.8/site-packages/airflow/example_dags/example_short_circuit_operator.py
[2024-02-02T15:26:01.521+0000] {processor.py:830} INFO - Processing file /home/airflow/.local/lib/python3.8/site-packages/airflow/example_dags/example_short_circuit_operator.py for tasks to queue
[2024-02-02T15:26:01.522+0000] {logging_mixin.py:188} INFO - [2024-02-02T15:26:01.522+0000] {dagbag.py:538} INFO - Filling up the DagBag from /home/airflow/.local/lib/python3.8/site-packages/airflow/example_dags/example_short_circuit_operator.py
[2024-02-02T15:26:01.532+0000] {processor.py:840} INFO - DAG(s) 'example_short_circuit_operator' retrieved from /home/airflow/.local/lib/python3.8/site-packages/airflow/example_dags/example_short_circuit_operator.py
[2024-02-02T15:26:01.558+0000] {logging_mixin.py:188} INFO - [2024-02-02T15:26:01.558+0000] {dag.py:3036} INFO - Sync 1 DAGs
[2024-02-02T15:26:01.583+0000] {logging_mixin.py:188} INFO - [2024-02-02T15:26:01.583+0000] {dag.py:3823} INFO - Setting next_dagrun for example_short_circuit_operator to 2024-02-01 00:00:00+00:00, run_after=2024-02-02 00:00:00+00:00
[2024-02-02T15:26:01.624+0000] {processor.py:183} INFO - Processing /home/airflow/.local/lib/python3.8/site-packages/airflow/example_dags/example_short_circuit_operator.py took 0.108 seconds
[2024-02-02T15:26:32.223+0000] {processor.py:161} INFO - Started process (PID=6735) to work on /home/airflow/.local/lib/python3.8/site-packages/airflow/example_dags/example_short_circuit_operator.py
[2024-02-02T15:26:32.225+0000] {processor.py:830} INFO - Processing file /home/airflow/.local/lib/python3.8/site-packages/airflow/example_dags/example_short_circuit_operator.py for tasks to queue
[2024-02-02T15:26:32.226+0000] {logging_mixin.py:188} INFO - [2024-02-02T15:26:32.226+0000] {dagbag.py:538} INFO - Filling up the DagBag from /home/airflow/.local/lib/python3.8/site-packages/airflow/example_dags/example_short_circuit_operator.py
[2024-02-02T15:26:32.236+0000] {processor.py:840} INFO - DAG(s) 'example_short_circuit_operator' retrieved from /home/airflow/.local/lib/python3.8/site-packages/airflow/example_dags/example_short_circuit_operator.py
[2024-02-02T15:26:32.266+0000] {logging_mixin.py:188} INFO - [2024-02-02T15:26:32.265+0000] {dag.py:3036} INFO - Sync 1 DAGs
[2024-02-02T15:26:32.304+0000] {logging_mixin.py:188} INFO - [2024-02-02T15:26:32.304+0000] {dag.py:3823} INFO - Setting next_dagrun for example_short_circuit_operator to 2024-02-01 00:00:00+00:00, run_after=2024-02-02 00:00:00+00:00
[2024-02-02T15:26:32.336+0000] {processor.py:183} INFO - Processing /home/airflow/.local/lib/python3.8/site-packages/airflow/example_dags/example_short_circuit_operator.py took 0.117 seconds
[2024-02-02T15:27:02.472+0000] {processor.py:161} INFO - Started process (PID=6982) to work on /home/airflow/.local/lib/python3.8/site-packages/airflow/example_dags/example_short_circuit_operator.py
[2024-02-02T15:27:02.474+0000] {processor.py:830} INFO - Processing file /home/airflow/.local/lib/python3.8/site-packages/airflow/example_dags/example_short_circuit_operator.py for tasks to queue
[2024-02-02T15:27:02.475+0000] {logging_mixin.py:188} INFO - [2024-02-02T15:27:02.475+0000] {dagbag.py:538} INFO - Filling up the DagBag from /home/airflow/.local/lib/python3.8/site-packages/airflow/example_dags/example_short_circuit_operator.py
[2024-02-02T15:27:02.485+0000] {processor.py:840} INFO - DAG(s) 'example_short_circuit_operator' retrieved from /home/airflow/.local/lib/python3.8/site-packages/airflow/example_dags/example_short_circuit_operator.py
[2024-02-02T15:27:02.513+0000] {logging_mixin.py:188} INFO - [2024-02-02T15:27:02.513+0000] {dag.py:3036} INFO - Sync 1 DAGs
[2024-02-02T15:27:02.539+0000] {logging_mixin.py:188} INFO - [2024-02-02T15:27:02.539+0000] {dag.py:3823} INFO - Setting next_dagrun for example_short_circuit_operator to 2024-02-01 00:00:00+00:00, run_after=2024-02-02 00:00:00+00:00
[2024-02-02T15:27:02.573+0000] {processor.py:183} INFO - Processing /home/airflow/.local/lib/python3.8/site-packages/airflow/example_dags/example_short_circuit_operator.py took 0.105 seconds
[2024-02-02T15:27:33.323+0000] {processor.py:161} INFO - Started process (PID=7229) to work on /home/airflow/.local/lib/python3.8/site-packages/airflow/example_dags/example_short_circuit_operator.py
[2024-02-02T15:27:33.325+0000] {processor.py:830} INFO - Processing file /home/airflow/.local/lib/python3.8/site-packages/airflow/example_dags/example_short_circuit_operator.py for tasks to queue
[2024-02-02T15:27:33.326+0000] {logging_mixin.py:188} INFO - [2024-02-02T15:27:33.326+0000] {dagbag.py:538} INFO - Filling up the DagBag from /home/airflow/.local/lib/python3.8/site-packages/airflow/example_dags/example_short_circuit_operator.py
[2024-02-02T15:27:33.338+0000] {processor.py:840} INFO - DAG(s) 'example_short_circuit_operator' retrieved from /home/airflow/.local/lib/python3.8/site-packages/airflow/example_dags/example_short_circuit_operator.py
[2024-02-02T15:27:33.371+0000] {logging_mixin.py:188} INFO - [2024-02-02T15:27:33.371+0000] {dag.py:3036} INFO - Sync 1 DAGs
[2024-02-02T15:27:33.400+0000] {logging_mixin.py:188} INFO - [2024-02-02T15:27:33.400+0000] {dag.py:3823} INFO - Setting next_dagrun for example_short_circuit_operator to 2024-02-01 00:00:00+00:00, run_after=2024-02-02 00:00:00+00:00
[2024-02-02T15:27:33.426+0000] {processor.py:183} INFO - Processing /home/airflow/.local/lib/python3.8/site-packages/airflow/example_dags/example_short_circuit_operator.py took 0.107 seconds
[2024-02-02T15:28:03.661+0000] {processor.py:161} INFO - Started process (PID=7476) to work on /home/airflow/.local/lib/python3.8/site-packages/airflow/example_dags/example_short_circuit_operator.py
[2024-02-02T15:28:03.663+0000] {processor.py:830} INFO - Processing file /home/airflow/.local/lib/python3.8/site-packages/airflow/example_dags/example_short_circuit_operator.py for tasks to queue
[2024-02-02T15:28:03.665+0000] {logging_mixin.py:188} INFO - [2024-02-02T15:28:03.664+0000] {dagbag.py:538} INFO - Filling up the DagBag from /home/airflow/.local/lib/python3.8/site-packages/airflow/example_dags/example_short_circuit_operator.py
[2024-02-02T15:28:03.674+0000] {processor.py:840} INFO - DAG(s) 'example_short_circuit_operator' retrieved from /home/airflow/.local/lib/python3.8/site-packages/airflow/example_dags/example_short_circuit_operator.py
[2024-02-02T15:28:03.702+0000] {logging_mixin.py:188} INFO - [2024-02-02T15:28:03.702+0000] {dag.py:3036} INFO - Sync 1 DAGs
[2024-02-02T15:28:03.733+0000] {logging_mixin.py:188} INFO - [2024-02-02T15:28:03.733+0000] {dag.py:3823} INFO - Setting next_dagrun for example_short_circuit_operator to 2024-02-01 00:00:00+00:00, run_after=2024-02-02 00:00:00+00:00
[2024-02-02T15:28:03.759+0000] {processor.py:183} INFO - Processing /home/airflow/.local/lib/python3.8/site-packages/airflow/example_dags/example_short_circuit_operator.py took 0.102 seconds
[2024-02-02T15:28:34.072+0000] {processor.py:161} INFO - Started process (PID=7723) to work on /home/airflow/.local/lib/python3.8/site-packages/airflow/example_dags/example_short_circuit_operator.py
[2024-02-02T15:28:34.073+0000] {processor.py:830} INFO - Processing file /home/airflow/.local/lib/python3.8/site-packages/airflow/example_dags/example_short_circuit_operator.py for tasks to queue
[2024-02-02T15:28:34.075+0000] {logging_mixin.py:188} INFO - [2024-02-02T15:28:34.075+0000] {dagbag.py:538} INFO - Filling up the DagBag from /home/airflow/.local/lib/python3.8/site-packages/airflow/example_dags/example_short_circuit_operator.py
[2024-02-02T15:28:34.085+0000] {processor.py:840} INFO - DAG(s) 'example_short_circuit_operator' retrieved from /home/airflow/.local/lib/python3.8/site-packages/airflow/example_dags/example_short_circuit_operator.py
[2024-02-02T15:28:34.114+0000] {logging_mixin.py:188} INFO - [2024-02-02T15:28:34.113+0000] {dag.py:3036} INFO - Sync 1 DAGs
[2024-02-02T15:28:34.141+0000] {logging_mixin.py:188} INFO - [2024-02-02T15:28:34.141+0000] {dag.py:3823} INFO - Setting next_dagrun for example_short_circuit_operator to 2024-02-01 00:00:00+00:00, run_after=2024-02-02 00:00:00+00:00
[2024-02-02T15:28:34.167+0000] {processor.py:183} INFO - Processing /home/airflow/.local/lib/python3.8/site-packages/airflow/example_dags/example_short_circuit_operator.py took 0.100 seconds
[2024-02-02T15:29:04.434+0000] {processor.py:161} INFO - Started process (PID=7970) to work on /home/airflow/.local/lib/python3.8/site-packages/airflow/example_dags/example_short_circuit_operator.py
[2024-02-02T15:29:04.436+0000] {processor.py:830} INFO - Processing file /home/airflow/.local/lib/python3.8/site-packages/airflow/example_dags/example_short_circuit_operator.py for tasks to queue
[2024-02-02T15:29:04.437+0000] {logging_mixin.py:188} INFO - [2024-02-02T15:29:04.437+0000] {dagbag.py:538} INFO - Filling up the DagBag from /home/airflow/.local/lib/python3.8/site-packages/airflow/example_dags/example_short_circuit_operator.py
[2024-02-02T15:29:04.447+0000] {processor.py:840} INFO - DAG(s) 'example_short_circuit_operator' retrieved from /home/airflow/.local/lib/python3.8/site-packages/airflow/example_dags/example_short_circuit_operator.py
[2024-02-02T15:29:04.475+0000] {logging_mixin.py:188} INFO - [2024-02-02T15:29:04.475+0000] {dag.py:3036} INFO - Sync 1 DAGs
[2024-02-02T15:29:04.505+0000] {logging_mixin.py:188} INFO - [2024-02-02T15:29:04.504+0000] {dag.py:3823} INFO - Setting next_dagrun for example_short_circuit_operator to 2024-02-01 00:00:00+00:00, run_after=2024-02-02 00:00:00+00:00
[2024-02-02T15:29:04.540+0000] {processor.py:183} INFO - Processing /home/airflow/.local/lib/python3.8/site-packages/airflow/example_dags/example_short_circuit_operator.py took 0.110 seconds
[2024-02-02T15:29:34.749+0000] {processor.py:161} INFO - Started process (PID=8217) to work on /home/airflow/.local/lib/python3.8/site-packages/airflow/example_dags/example_short_circuit_operator.py
[2024-02-02T15:29:34.751+0000] {processor.py:830} INFO - Processing file /home/airflow/.local/lib/python3.8/site-packages/airflow/example_dags/example_short_circuit_operator.py for tasks to queue
[2024-02-02T15:29:34.752+0000] {logging_mixin.py:188} INFO - [2024-02-02T15:29:34.752+0000] {dagbag.py:538} INFO - Filling up the DagBag from /home/airflow/.local/lib/python3.8/site-packages/airflow/example_dags/example_short_circuit_operator.py
[2024-02-02T15:29:34.764+0000] {processor.py:840} INFO - DAG(s) 'example_short_circuit_operator' retrieved from /home/airflow/.local/lib/python3.8/site-packages/airflow/example_dags/example_short_circuit_operator.py
[2024-02-02T15:29:34.793+0000] {logging_mixin.py:188} INFO - [2024-02-02T15:29:34.793+0000] {dag.py:3036} INFO - Sync 1 DAGs
[2024-02-02T15:29:34.821+0000] {logging_mixin.py:188} INFO - [2024-02-02T15:29:34.821+0000] {dag.py:3823} INFO - Setting next_dagrun for example_short_circuit_operator to 2024-02-01 00:00:00+00:00, run_after=2024-02-02 00:00:00+00:00
[2024-02-02T15:29:34.857+0000] {processor.py:183} INFO - Processing /home/airflow/.local/lib/python3.8/site-packages/airflow/example_dags/example_short_circuit_operator.py took 0.112 seconds
[2024-02-02T15:30:05.413+0000] {processor.py:161} INFO - Started process (PID=8464) to work on /home/airflow/.local/lib/python3.8/site-packages/airflow/example_dags/example_short_circuit_operator.py
[2024-02-02T15:30:05.415+0000] {processor.py:830} INFO - Processing file /home/airflow/.local/lib/python3.8/site-packages/airflow/example_dags/example_short_circuit_operator.py for tasks to queue
[2024-02-02T15:30:05.416+0000] {logging_mixin.py:188} INFO - [2024-02-02T15:30:05.416+0000] {dagbag.py:538} INFO - Filling up the DagBag from /home/airflow/.local/lib/python3.8/site-packages/airflow/example_dags/example_short_circuit_operator.py
[2024-02-02T15:30:05.427+0000] {processor.py:840} INFO - DAG(s) 'example_short_circuit_operator' retrieved from /home/airflow/.local/lib/python3.8/site-packages/airflow/example_dags/example_short_circuit_operator.py
[2024-02-02T15:30:05.455+0000] {logging_mixin.py:188} INFO - [2024-02-02T15:30:05.454+0000] {dag.py:3036} INFO - Sync 1 DAGs
[2024-02-02T15:30:05.480+0000] {logging_mixin.py:188} INFO - [2024-02-02T15:30:05.480+0000] {dag.py:3823} INFO - Setting next_dagrun for example_short_circuit_operator to 2024-02-01 00:00:00+00:00, run_after=2024-02-02 00:00:00+00:00
[2024-02-02T15:30:05.516+0000] {processor.py:183} INFO - Processing /home/airflow/.local/lib/python3.8/site-packages/airflow/example_dags/example_short_circuit_operator.py took 0.107 seconds
[2024-02-02T15:30:35.600+0000] {processor.py:161} INFO - Started process (PID=8711) to work on /home/airflow/.local/lib/python3.8/site-packages/airflow/example_dags/example_short_circuit_operator.py
[2024-02-02T15:30:35.602+0000] {processor.py:830} INFO - Processing file /home/airflow/.local/lib/python3.8/site-packages/airflow/example_dags/example_short_circuit_operator.py for tasks to queue
[2024-02-02T15:30:35.603+0000] {logging_mixin.py:188} INFO - [2024-02-02T15:30:35.603+0000] {dagbag.py:538} INFO - Filling up the DagBag from /home/airflow/.local/lib/python3.8/site-packages/airflow/example_dags/example_short_circuit_operator.py
[2024-02-02T15:30:35.614+0000] {processor.py:840} INFO - DAG(s) 'example_short_circuit_operator' retrieved from /home/airflow/.local/lib/python3.8/site-packages/airflow/example_dags/example_short_circuit_operator.py
[2024-02-02T15:30:35.644+0000] {logging_mixin.py:188} INFO - [2024-02-02T15:30:35.644+0000] {dag.py:3036} INFO - Sync 1 DAGs
[2024-02-02T15:30:35.676+0000] {logging_mixin.py:188} INFO - [2024-02-02T15:30:35.676+0000] {dag.py:3823} INFO - Setting next_dagrun for example_short_circuit_operator to 2024-02-01 00:00:00+00:00, run_after=2024-02-02 00:00:00+00:00
[2024-02-02T15:30:35.702+0000] {processor.py:183} INFO - Processing /home/airflow/.local/lib/python3.8/site-packages/airflow/example_dags/example_short_circuit_operator.py took 0.105 seconds
[2024-02-02T15:31:05.957+0000] {processor.py:161} INFO - Started process (PID=8958) to work on /home/airflow/.local/lib/python3.8/site-packages/airflow/example_dags/example_short_circuit_operator.py
[2024-02-02T15:31:05.959+0000] {processor.py:830} INFO - Processing file /home/airflow/.local/lib/python3.8/site-packages/airflow/example_dags/example_short_circuit_operator.py for tasks to queue
[2024-02-02T15:31:05.960+0000] {logging_mixin.py:188} INFO - [2024-02-02T15:31:05.960+0000] {dagbag.py:538} INFO - Filling up the DagBag from /home/airflow/.local/lib/python3.8/site-packages/airflow/example_dags/example_short_circuit_operator.py
[2024-02-02T15:31:05.973+0000] {processor.py:840} INFO - DAG(s) 'example_short_circuit_operator' retrieved from /home/airflow/.local/lib/python3.8/site-packages/airflow/example_dags/example_short_circuit_operator.py
[2024-02-02T15:31:06.015+0000] {logging_mixin.py:188} INFO - [2024-02-02T15:31:06.014+0000] {dag.py:3036} INFO - Sync 1 DAGs
[2024-02-02T15:31:06.043+0000] {logging_mixin.py:188} INFO - [2024-02-02T15:31:06.043+0000] {dag.py:3823} INFO - Setting next_dagrun for example_short_circuit_operator to 2024-02-01 00:00:00+00:00, run_after=2024-02-02 00:00:00+00:00
[2024-02-02T15:31:06.072+0000] {processor.py:183} INFO - Processing /home/airflow/.local/lib/python3.8/site-packages/airflow/example_dags/example_short_circuit_operator.py took 0.120 seconds
[2024-02-02T15:31:36.309+0000] {processor.py:161} INFO - Started process (PID=9205) to work on /home/airflow/.local/lib/python3.8/site-packages/airflow/example_dags/example_short_circuit_operator.py
[2024-02-02T15:31:36.311+0000] {processor.py:830} INFO - Processing file /home/airflow/.local/lib/python3.8/site-packages/airflow/example_dags/example_short_circuit_operator.py for tasks to queue
[2024-02-02T15:31:36.313+0000] {logging_mixin.py:188} INFO - [2024-02-02T15:31:36.312+0000] {dagbag.py:538} INFO - Filling up the DagBag from /home/airflow/.local/lib/python3.8/site-packages/airflow/example_dags/example_short_circuit_operator.py
[2024-02-02T15:31:36.322+0000] {processor.py:840} INFO - DAG(s) 'example_short_circuit_operator' retrieved from /home/airflow/.local/lib/python3.8/site-packages/airflow/example_dags/example_short_circuit_operator.py
[2024-02-02T15:31:36.350+0000] {logging_mixin.py:188} INFO - [2024-02-02T15:31:36.350+0000] {dag.py:3036} INFO - Sync 1 DAGs
[2024-02-02T15:31:36.378+0000] {logging_mixin.py:188} INFO - [2024-02-02T15:31:36.378+0000] {dag.py:3823} INFO - Setting next_dagrun for example_short_circuit_operator to 2024-02-01 00:00:00+00:00, run_after=2024-02-02 00:00:00+00:00
[2024-02-02T15:31:36.403+0000] {processor.py:183} INFO - Processing /home/airflow/.local/lib/python3.8/site-packages/airflow/example_dags/example_short_circuit_operator.py took 0.099 seconds
[2024-02-02T15:32:06.617+0000] {processor.py:161} INFO - Started process (PID=9452) to work on /home/airflow/.local/lib/python3.8/site-packages/airflow/example_dags/example_short_circuit_operator.py
[2024-02-02T15:32:06.618+0000] {processor.py:830} INFO - Processing file /home/airflow/.local/lib/python3.8/site-packages/airflow/example_dags/example_short_circuit_operator.py for tasks to queue
[2024-02-02T15:32:06.620+0000] {logging_mixin.py:188} INFO - [2024-02-02T15:32:06.619+0000] {dagbag.py:538} INFO - Filling up the DagBag from /home/airflow/.local/lib/python3.8/site-packages/airflow/example_dags/example_short_circuit_operator.py
[2024-02-02T15:32:06.630+0000] {processor.py:840} INFO - DAG(s) 'example_short_circuit_operator' retrieved from /home/airflow/.local/lib/python3.8/site-packages/airflow/example_dags/example_short_circuit_operator.py
[2024-02-02T15:32:06.659+0000] {logging_mixin.py:188} INFO - [2024-02-02T15:32:06.658+0000] {dag.py:3036} INFO - Sync 1 DAGs
[2024-02-02T15:32:06.687+0000] {logging_mixin.py:188} INFO - [2024-02-02T15:32:06.686+0000] {dag.py:3823} INFO - Setting next_dagrun for example_short_circuit_operator to 2024-02-01 00:00:00+00:00, run_after=2024-02-02 00:00:00+00:00
[2024-02-02T15:32:06.710+0000] {processor.py:183} INFO - Processing /home/airflow/.local/lib/python3.8/site-packages/airflow/example_dags/example_short_circuit_operator.py took 0.097 seconds
[2024-02-02T15:32:36.883+0000] {processor.py:161} INFO - Started process (PID=9699) to work on /home/airflow/.local/lib/python3.8/site-packages/airflow/example_dags/example_short_circuit_operator.py
[2024-02-02T15:32:36.885+0000] {processor.py:830} INFO - Processing file /home/airflow/.local/lib/python3.8/site-packages/airflow/example_dags/example_short_circuit_operator.py for tasks to queue
[2024-02-02T15:32:36.886+0000] {logging_mixin.py:188} INFO - [2024-02-02T15:32:36.886+0000] {dagbag.py:538} INFO - Filling up the DagBag from /home/airflow/.local/lib/python3.8/site-packages/airflow/example_dags/example_short_circuit_operator.py
[2024-02-02T15:32:36.895+0000] {processor.py:840} INFO - DAG(s) 'example_short_circuit_operator' retrieved from /home/airflow/.local/lib/python3.8/site-packages/airflow/example_dags/example_short_circuit_operator.py
[2024-02-02T15:32:36.923+0000] {logging_mixin.py:188} INFO - [2024-02-02T15:32:36.923+0000] {dag.py:3036} INFO - Sync 1 DAGs
[2024-02-02T15:32:36.949+0000] {logging_mixin.py:188} INFO - [2024-02-02T15:32:36.949+0000] {dag.py:3823} INFO - Setting next_dagrun for example_short_circuit_operator to 2024-02-01 00:00:00+00:00, run_after=2024-02-02 00:00:00+00:00
[2024-02-02T15:32:36.982+0000] {processor.py:183} INFO - Processing /home/airflow/.local/lib/python3.8/site-packages/airflow/example_dags/example_short_circuit_operator.py took 0.104 seconds
[2024-02-02T15:33:07.936+0000] {processor.py:161} INFO - Started process (PID=9946) to work on /home/airflow/.local/lib/python3.8/site-packages/airflow/example_dags/example_short_circuit_operator.py
[2024-02-02T15:33:07.938+0000] {processor.py:830} INFO - Processing file /home/airflow/.local/lib/python3.8/site-packages/airflow/example_dags/example_short_circuit_operator.py for tasks to queue
[2024-02-02T15:33:07.939+0000] {logging_mixin.py:188} INFO - [2024-02-02T15:33:07.939+0000] {dagbag.py:538} INFO - Filling up the DagBag from /home/airflow/.local/lib/python3.8/site-packages/airflow/example_dags/example_short_circuit_operator.py
[2024-02-02T15:33:07.949+0000] {processor.py:840} INFO - DAG(s) 'example_short_circuit_operator' retrieved from /home/airflow/.local/lib/python3.8/site-packages/airflow/example_dags/example_short_circuit_operator.py
[2024-02-02T15:33:07.978+0000] {logging_mixin.py:188} INFO - [2024-02-02T15:33:07.978+0000] {dag.py:3036} INFO - Sync 1 DAGs
[2024-02-02T15:33:08.008+0000] {logging_mixin.py:188} INFO - [2024-02-02T15:33:08.008+0000] {dag.py:3823} INFO - Setting next_dagrun for example_short_circuit_operator to 2024-02-01 00:00:00+00:00, run_after=2024-02-02 00:00:00+00:00
[2024-02-02T15:33:08.039+0000] {processor.py:183} INFO - Processing /home/airflow/.local/lib/python3.8/site-packages/airflow/example_dags/example_short_circuit_operator.py took 0.107 seconds
[2024-02-02T15:33:38.618+0000] {processor.py:161} INFO - Started process (PID=10193) to work on /home/airflow/.local/lib/python3.8/site-packages/airflow/example_dags/example_short_circuit_operator.py
[2024-02-02T15:33:38.620+0000] {processor.py:830} INFO - Processing file /home/airflow/.local/lib/python3.8/site-packages/airflow/example_dags/example_short_circuit_operator.py for tasks to queue
[2024-02-02T15:33:38.621+0000] {logging_mixin.py:188} INFO - [2024-02-02T15:33:38.621+0000] {dagbag.py:538} INFO - Filling up the DagBag from /home/airflow/.local/lib/python3.8/site-packages/airflow/example_dags/example_short_circuit_operator.py
[2024-02-02T15:33:38.631+0000] {processor.py:840} INFO - DAG(s) 'example_short_circuit_operator' retrieved from /home/airflow/.local/lib/python3.8/site-packages/airflow/example_dags/example_short_circuit_operator.py
[2024-02-02T15:33:38.661+0000] {logging_mixin.py:188} INFO - [2024-02-02T15:33:38.661+0000] {dag.py:3036} INFO - Sync 1 DAGs
[2024-02-02T15:33:38.687+0000] {logging_mixin.py:188} INFO - [2024-02-02T15:33:38.687+0000] {dag.py:3823} INFO - Setting next_dagrun for example_short_circuit_operator to 2024-02-01 00:00:00+00:00, run_after=2024-02-02 00:00:00+00:00
[2024-02-02T15:33:38.712+0000] {processor.py:183} INFO - Processing /home/airflow/.local/lib/python3.8/site-packages/airflow/example_dags/example_short_circuit_operator.py took 0.098 seconds
[2024-02-02T15:34:08.787+0000] {processor.py:161} INFO - Started process (PID=10440) to work on /home/airflow/.local/lib/python3.8/site-packages/airflow/example_dags/example_short_circuit_operator.py
[2024-02-02T15:34:08.789+0000] {processor.py:830} INFO - Processing file /home/airflow/.local/lib/python3.8/site-packages/airflow/example_dags/example_short_circuit_operator.py for tasks to queue
[2024-02-02T15:34:08.790+0000] {logging_mixin.py:188} INFO - [2024-02-02T15:34:08.790+0000] {dagbag.py:538} INFO - Filling up the DagBag from /home/airflow/.local/lib/python3.8/site-packages/airflow/example_dags/example_short_circuit_operator.py
[2024-02-02T15:34:08.799+0000] {processor.py:840} INFO - DAG(s) 'example_short_circuit_operator' retrieved from /home/airflow/.local/lib/python3.8/site-packages/airflow/example_dags/example_short_circuit_operator.py
[2024-02-02T15:34:08.827+0000] {logging_mixin.py:188} INFO - [2024-02-02T15:34:08.827+0000] {dag.py:3036} INFO - Sync 1 DAGs
[2024-02-02T15:34:08.855+0000] {logging_mixin.py:188} INFO - [2024-02-02T15:34:08.855+0000] {dag.py:3823} INFO - Setting next_dagrun for example_short_circuit_operator to 2024-02-01 00:00:00+00:00, run_after=2024-02-02 00:00:00+00:00
[2024-02-02T15:34:08.889+0000] {processor.py:183} INFO - Processing /home/airflow/.local/lib/python3.8/site-packages/airflow/example_dags/example_short_circuit_operator.py took 0.106 seconds
[2024-02-02T15:34:39.304+0000] {processor.py:161} INFO - Started process (PID=10687) to work on /home/airflow/.local/lib/python3.8/site-packages/airflow/example_dags/example_short_circuit_operator.py
[2024-02-02T15:34:39.305+0000] {processor.py:830} INFO - Processing file /home/airflow/.local/lib/python3.8/site-packages/airflow/example_dags/example_short_circuit_operator.py for tasks to queue
[2024-02-02T15:34:39.307+0000] {logging_mixin.py:188} INFO - [2024-02-02T15:34:39.307+0000] {dagbag.py:538} INFO - Filling up the DagBag from /home/airflow/.local/lib/python3.8/site-packages/airflow/example_dags/example_short_circuit_operator.py
[2024-02-02T15:34:39.316+0000] {processor.py:840} INFO - DAG(s) 'example_short_circuit_operator' retrieved from /home/airflow/.local/lib/python3.8/site-packages/airflow/example_dags/example_short_circuit_operator.py
[2024-02-02T15:34:39.345+0000] {logging_mixin.py:188} INFO - [2024-02-02T15:34:39.344+0000] {dag.py:3036} INFO - Sync 1 DAGs
[2024-02-02T15:34:39.370+0000] {logging_mixin.py:188} INFO - [2024-02-02T15:34:39.370+0000] {dag.py:3823} INFO - Setting next_dagrun for example_short_circuit_operator to 2024-02-01 00:00:00+00:00, run_after=2024-02-02 00:00:00+00:00
[2024-02-02T15:34:39.396+0000] {processor.py:183} INFO - Processing /home/airflow/.local/lib/python3.8/site-packages/airflow/example_dags/example_short_circuit_operator.py took 0.096 seconds
[2024-02-02T15:35:10.150+0000] {processor.py:161} INFO - Started process (PID=10928) to work on /home/airflow/.local/lib/python3.8/site-packages/airflow/example_dags/example_short_circuit_operator.py
[2024-02-02T15:35:10.151+0000] {processor.py:830} INFO - Processing file /home/airflow/.local/lib/python3.8/site-packages/airflow/example_dags/example_short_circuit_operator.py for tasks to queue
[2024-02-02T15:35:10.153+0000] {logging_mixin.py:188} INFO - [2024-02-02T15:35:10.152+0000] {dagbag.py:538} INFO - Filling up the DagBag from /home/airflow/.local/lib/python3.8/site-packages/airflow/example_dags/example_short_circuit_operator.py
[2024-02-02T15:35:10.166+0000] {processor.py:840} INFO - DAG(s) 'example_short_circuit_operator' retrieved from /home/airflow/.local/lib/python3.8/site-packages/airflow/example_dags/example_short_circuit_operator.py
[2024-02-02T15:35:10.193+0000] {logging_mixin.py:188} INFO - [2024-02-02T15:35:10.193+0000] {dag.py:3036} INFO - Sync 1 DAGs
[2024-02-02T15:35:10.218+0000] {logging_mixin.py:188} INFO - [2024-02-02T15:35:10.218+0000] {dag.py:3823} INFO - Setting next_dagrun for example_short_circuit_operator to 2024-02-01 00:00:00+00:00, run_after=2024-02-02 00:00:00+00:00
[2024-02-02T15:35:10.243+0000] {processor.py:183} INFO - Processing /home/airflow/.local/lib/python3.8/site-packages/airflow/example_dags/example_short_circuit_operator.py took 0.097 seconds
[2024-02-02T15:35:40.329+0000] {processor.py:161} INFO - Started process (PID=11175) to work on /home/airflow/.local/lib/python3.8/site-packages/airflow/example_dags/example_short_circuit_operator.py
[2024-02-02T15:35:40.330+0000] {processor.py:830} INFO - Processing file /home/airflow/.local/lib/python3.8/site-packages/airflow/example_dags/example_short_circuit_operator.py for tasks to queue
[2024-02-02T15:35:40.332+0000] {logging_mixin.py:188} INFO - [2024-02-02T15:35:40.332+0000] {dagbag.py:538} INFO - Filling up the DagBag from /home/airflow/.local/lib/python3.8/site-packages/airflow/example_dags/example_short_circuit_operator.py
[2024-02-02T15:35:40.342+0000] {processor.py:840} INFO - DAG(s) 'example_short_circuit_operator' retrieved from /home/airflow/.local/lib/python3.8/site-packages/airflow/example_dags/example_short_circuit_operator.py
[2024-02-02T15:35:40.370+0000] {logging_mixin.py:188} INFO - [2024-02-02T15:35:40.370+0000] {dag.py:3036} INFO - Sync 1 DAGs
[2024-02-02T15:35:40.398+0000] {logging_mixin.py:188} INFO - [2024-02-02T15:35:40.398+0000] {dag.py:3823} INFO - Setting next_dagrun for example_short_circuit_operator to 2024-02-01 00:00:00+00:00, run_after=2024-02-02 00:00:00+00:00
[2024-02-02T15:35:40.420+0000] {processor.py:183} INFO - Processing /home/airflow/.local/lib/python3.8/site-packages/airflow/example_dags/example_short_circuit_operator.py took 0.096 seconds
[2024-02-02T15:36:10.462+0000] {processor.py:161} INFO - Started process (PID=11422) to work on /home/airflow/.local/lib/python3.8/site-packages/airflow/example_dags/example_short_circuit_operator.py
[2024-02-02T15:36:10.463+0000] {processor.py:830} INFO - Processing file /home/airflow/.local/lib/python3.8/site-packages/airflow/example_dags/example_short_circuit_operator.py for tasks to queue
[2024-02-02T15:36:10.465+0000] {logging_mixin.py:188} INFO - [2024-02-02T15:36:10.464+0000] {dagbag.py:538} INFO - Filling up the DagBag from /home/airflow/.local/lib/python3.8/site-packages/airflow/example_dags/example_short_circuit_operator.py
[2024-02-02T15:36:10.474+0000] {processor.py:840} INFO - DAG(s) 'example_short_circuit_operator' retrieved from /home/airflow/.local/lib/python3.8/site-packages/airflow/example_dags/example_short_circuit_operator.py
[2024-02-02T15:36:10.506+0000] {logging_mixin.py:188} INFO - [2024-02-02T15:36:10.505+0000] {dag.py:3036} INFO - Sync 1 DAGs
[2024-02-02T15:36:10.538+0000] {logging_mixin.py:188} INFO - [2024-02-02T15:36:10.538+0000] {dag.py:3823} INFO - Setting next_dagrun for example_short_circuit_operator to 2024-02-01 00:00:00+00:00, run_after=2024-02-02 00:00:00+00:00
[2024-02-02T15:36:10.565+0000] {processor.py:183} INFO - Processing /home/airflow/.local/lib/python3.8/site-packages/airflow/example_dags/example_short_circuit_operator.py took 0.107 seconds
