[2024-02-02T15:13:17.179+0000] {processor.py:161} INFO - Started process (PID=213) to work on /home/airflow/.local/lib/python3.8/site-packages/airflow/example_dags/example_xcom.py
[2024-02-02T15:13:17.180+0000] {processor.py:830} INFO - Processing file /home/airflow/.local/lib/python3.8/site-packages/airflow/example_dags/example_xcom.py for tasks to queue
[2024-02-02T15:13:17.181+0000] {logging_mixin.py:188} INFO - [2024-02-02T15:13:17.181+0000] {dagbag.py:538} INFO - Filling up the DagBag from /home/airflow/.local/lib/python3.8/site-packages/airflow/example_dags/example_xcom.py
[2024-02-02T15:13:17.195+0000] {processor.py:840} INFO - DAG(s) 'example_xcom' retrieved from /home/airflow/.local/lib/python3.8/site-packages/airflow/example_dags/example_xcom.py
[2024-02-02T15:13:17.209+0000] {logging_mixin.py:188} INFO - [2024-02-02T15:13:17.209+0000] {dag.py:3036} INFO - Sync 1 DAGs
[2024-02-02T15:13:17.242+0000] {logging_mixin.py:188} INFO - [2024-02-02T15:13:17.242+0000] {dag.py:3823} INFO - Setting next_dagrun for example_xcom to 2021-01-01 00:00:00+00:00, run_after=2021-01-01 00:00:00+00:00
[2024-02-02T15:13:17.274+0000] {processor.py:183} INFO - Processing /home/airflow/.local/lib/python3.8/site-packages/airflow/example_dags/example_xcom.py took 0.099 seconds
[2024-02-02T15:13:48.237+0000] {processor.py:161} INFO - Started process (PID=460) to work on /home/airflow/.local/lib/python3.8/site-packages/airflow/example_dags/example_xcom.py
[2024-02-02T15:13:48.239+0000] {processor.py:830} INFO - Processing file /home/airflow/.local/lib/python3.8/site-packages/airflow/example_dags/example_xcom.py for tasks to queue
[2024-02-02T15:13:48.242+0000] {logging_mixin.py:188} INFO - [2024-02-02T15:13:48.241+0000] {dagbag.py:538} INFO - Filling up the DagBag from /home/airflow/.local/lib/python3.8/site-packages/airflow/example_dags/example_xcom.py
[2024-02-02T15:13:48.259+0000] {processor.py:840} INFO - DAG(s) 'example_xcom' retrieved from /home/airflow/.local/lib/python3.8/site-packages/airflow/example_dags/example_xcom.py
[2024-02-02T15:13:48.386+0000] {logging_mixin.py:188} INFO - [2024-02-02T15:13:48.386+0000] {dag.py:3036} INFO - Sync 1 DAGs
[2024-02-02T15:13:48.411+0000] {logging_mixin.py:188} INFO - [2024-02-02T15:13:48.411+0000] {dag.py:3823} INFO - Setting next_dagrun for example_xcom to 2021-01-01 00:00:00+00:00, run_after=2021-01-01 00:00:00+00:00
[2024-02-02T15:13:48.440+0000] {processor.py:183} INFO - Processing /home/airflow/.local/lib/python3.8/site-packages/airflow/example_dags/example_xcom.py took 0.210 seconds
[2024-02-02T15:14:18.795+0000] {processor.py:161} INFO - Started process (PID=705) to work on /home/airflow/.local/lib/python3.8/site-packages/airflow/example_dags/example_xcom.py
[2024-02-02T15:14:18.797+0000] {processor.py:830} INFO - Processing file /home/airflow/.local/lib/python3.8/site-packages/airflow/example_dags/example_xcom.py for tasks to queue
[2024-02-02T15:14:18.798+0000] {logging_mixin.py:188} INFO - [2024-02-02T15:14:18.798+0000] {dagbag.py:538} INFO - Filling up the DagBag from /home/airflow/.local/lib/python3.8/site-packages/airflow/example_dags/example_xcom.py
[2024-02-02T15:14:18.809+0000] {processor.py:840} INFO - DAG(s) 'example_xcom' retrieved from /home/airflow/.local/lib/python3.8/site-packages/airflow/example_dags/example_xcom.py
[2024-02-02T15:14:18.837+0000] {logging_mixin.py:188} INFO - [2024-02-02T15:14:18.837+0000] {dag.py:3036} INFO - Sync 1 DAGs
[2024-02-02T15:14:18.866+0000] {logging_mixin.py:188} INFO - [2024-02-02T15:14:18.865+0000] {dag.py:3823} INFO - Setting next_dagrun for example_xcom to 2021-01-01 00:00:00+00:00, run_after=2021-01-01 00:00:00+00:00
[2024-02-02T15:14:18.894+0000] {processor.py:183} INFO - Processing /home/airflow/.local/lib/python3.8/site-packages/airflow/example_dags/example_xcom.py took 0.103 seconds
[2024-02-02T15:14:49.196+0000] {processor.py:161} INFO - Started process (PID=954) to work on /home/airflow/.local/lib/python3.8/site-packages/airflow/example_dags/example_xcom.py
[2024-02-02T15:14:49.198+0000] {processor.py:830} INFO - Processing file /home/airflow/.local/lib/python3.8/site-packages/airflow/example_dags/example_xcom.py for tasks to queue
[2024-02-02T15:14:49.200+0000] {logging_mixin.py:188} INFO - [2024-02-02T15:14:49.199+0000] {dagbag.py:538} INFO - Filling up the DagBag from /home/airflow/.local/lib/python3.8/site-packages/airflow/example_dags/example_xcom.py
[2024-02-02T15:14:49.211+0000] {processor.py:840} INFO - DAG(s) 'example_xcom' retrieved from /home/airflow/.local/lib/python3.8/site-packages/airflow/example_dags/example_xcom.py
[2024-02-02T15:14:49.243+0000] {logging_mixin.py:188} INFO - [2024-02-02T15:14:49.242+0000] {dag.py:3036} INFO - Sync 1 DAGs
[2024-02-02T15:14:49.276+0000] {logging_mixin.py:188} INFO - [2024-02-02T15:14:49.275+0000] {dag.py:3823} INFO - Setting next_dagrun for example_xcom to 2021-01-01 00:00:00+00:00, run_after=2021-01-01 00:00:00+00:00
[2024-02-02T15:14:49.304+0000] {processor.py:183} INFO - Processing /home/airflow/.local/lib/python3.8/site-packages/airflow/example_dags/example_xcom.py took 0.113 seconds
[2024-02-02T15:15:19.406+0000] {processor.py:161} INFO - Started process (PID=1199) to work on /home/airflow/.local/lib/python3.8/site-packages/airflow/example_dags/example_xcom.py
[2024-02-02T15:15:19.407+0000] {processor.py:830} INFO - Processing file /home/airflow/.local/lib/python3.8/site-packages/airflow/example_dags/example_xcom.py for tasks to queue
[2024-02-02T15:15:19.409+0000] {logging_mixin.py:188} INFO - [2024-02-02T15:15:19.408+0000] {dagbag.py:538} INFO - Filling up the DagBag from /home/airflow/.local/lib/python3.8/site-packages/airflow/example_dags/example_xcom.py
[2024-02-02T15:15:19.417+0000] {processor.py:840} INFO - DAG(s) 'example_xcom' retrieved from /home/airflow/.local/lib/python3.8/site-packages/airflow/example_dags/example_xcom.py
[2024-02-02T15:15:19.444+0000] {logging_mixin.py:188} INFO - [2024-02-02T15:15:19.444+0000] {dag.py:3036} INFO - Sync 1 DAGs
[2024-02-02T15:15:19.471+0000] {logging_mixin.py:188} INFO - [2024-02-02T15:15:19.471+0000] {dag.py:3823} INFO - Setting next_dagrun for example_xcom to 2021-01-01 00:00:00+00:00, run_after=2021-01-01 00:00:00+00:00
[2024-02-02T15:15:19.498+0000] {processor.py:183} INFO - Processing /home/airflow/.local/lib/python3.8/site-packages/airflow/example_dags/example_xcom.py took 0.097 seconds
[2024-02-02T15:15:49.882+0000] {processor.py:161} INFO - Started process (PID=1448) to work on /home/airflow/.local/lib/python3.8/site-packages/airflow/example_dags/example_xcom.py
[2024-02-02T15:15:49.883+0000] {processor.py:830} INFO - Processing file /home/airflow/.local/lib/python3.8/site-packages/airflow/example_dags/example_xcom.py for tasks to queue
[2024-02-02T15:15:49.884+0000] {logging_mixin.py:188} INFO - [2024-02-02T15:15:49.884+0000] {dagbag.py:538} INFO - Filling up the DagBag from /home/airflow/.local/lib/python3.8/site-packages/airflow/example_dags/example_xcom.py
[2024-02-02T15:15:49.893+0000] {processor.py:840} INFO - DAG(s) 'example_xcom' retrieved from /home/airflow/.local/lib/python3.8/site-packages/airflow/example_dags/example_xcom.py
[2024-02-02T15:15:49.929+0000] {logging_mixin.py:188} INFO - [2024-02-02T15:15:49.929+0000] {dag.py:3036} INFO - Sync 1 DAGs
[2024-02-02T15:15:49.952+0000] {logging_mixin.py:188} INFO - [2024-02-02T15:15:49.952+0000] {dag.py:3823} INFO - Setting next_dagrun for example_xcom to 2021-01-01 00:00:00+00:00, run_after=2021-01-01 00:00:00+00:00
[2024-02-02T15:15:49.975+0000] {processor.py:183} INFO - Processing /home/airflow/.local/lib/python3.8/site-packages/airflow/example_dags/example_xcom.py took 0.097 seconds
[2024-02-02T15:16:20.185+0000] {processor.py:161} INFO - Started process (PID=1695) to work on /home/airflow/.local/lib/python3.8/site-packages/airflow/example_dags/example_xcom.py
[2024-02-02T15:16:20.187+0000] {processor.py:830} INFO - Processing file /home/airflow/.local/lib/python3.8/site-packages/airflow/example_dags/example_xcom.py for tasks to queue
[2024-02-02T15:16:20.188+0000] {logging_mixin.py:188} INFO - [2024-02-02T15:16:20.188+0000] {dagbag.py:538} INFO - Filling up the DagBag from /home/airflow/.local/lib/python3.8/site-packages/airflow/example_dags/example_xcom.py
[2024-02-02T15:16:20.199+0000] {processor.py:840} INFO - DAG(s) 'example_xcom' retrieved from /home/airflow/.local/lib/python3.8/site-packages/airflow/example_dags/example_xcom.py
[2024-02-02T15:16:20.247+0000] {logging_mixin.py:188} INFO - [2024-02-02T15:16:20.247+0000] {dag.py:3036} INFO - Sync 1 DAGs
[2024-02-02T15:16:20.281+0000] {logging_mixin.py:188} INFO - [2024-02-02T15:16:20.281+0000] {dag.py:3823} INFO - Setting next_dagrun for example_xcom to 2021-01-01 00:00:00+00:00, run_after=2021-01-01 00:00:00+00:00
[2024-02-02T15:16:20.307+0000] {processor.py:183} INFO - Processing /home/airflow/.local/lib/python3.8/site-packages/airflow/example_dags/example_xcom.py took 0.127 seconds
[2024-02-02T15:16:50.580+0000] {processor.py:161} INFO - Started process (PID=1940) to work on /home/airflow/.local/lib/python3.8/site-packages/airflow/example_dags/example_xcom.py
[2024-02-02T15:16:50.581+0000] {processor.py:830} INFO - Processing file /home/airflow/.local/lib/python3.8/site-packages/airflow/example_dags/example_xcom.py for tasks to queue
[2024-02-02T15:16:50.583+0000] {logging_mixin.py:188} INFO - [2024-02-02T15:16:50.582+0000] {dagbag.py:538} INFO - Filling up the DagBag from /home/airflow/.local/lib/python3.8/site-packages/airflow/example_dags/example_xcom.py
[2024-02-02T15:16:50.596+0000] {processor.py:840} INFO - DAG(s) 'example_xcom' retrieved from /home/airflow/.local/lib/python3.8/site-packages/airflow/example_dags/example_xcom.py
[2024-02-02T15:16:50.629+0000] {logging_mixin.py:188} INFO - [2024-02-02T15:16:50.629+0000] {dag.py:3036} INFO - Sync 1 DAGs
[2024-02-02T15:16:50.666+0000] {logging_mixin.py:188} INFO - [2024-02-02T15:16:50.666+0000] {dag.py:3823} INFO - Setting next_dagrun for example_xcom to 2021-01-01 00:00:00+00:00, run_after=2021-01-01 00:00:00+00:00
[2024-02-02T15:16:50.698+0000] {processor.py:183} INFO - Processing /home/airflow/.local/lib/python3.8/site-packages/airflow/example_dags/example_xcom.py took 0.124 seconds
[2024-02-02T15:17:21.112+0000] {processor.py:161} INFO - Started process (PID=2189) to work on /home/airflow/.local/lib/python3.8/site-packages/airflow/example_dags/example_xcom.py
[2024-02-02T15:17:21.114+0000] {processor.py:830} INFO - Processing file /home/airflow/.local/lib/python3.8/site-packages/airflow/example_dags/example_xcom.py for tasks to queue
[2024-02-02T15:17:21.116+0000] {logging_mixin.py:188} INFO - [2024-02-02T15:17:21.115+0000] {dagbag.py:538} INFO - Filling up the DagBag from /home/airflow/.local/lib/python3.8/site-packages/airflow/example_dags/example_xcom.py
[2024-02-02T15:17:21.126+0000] {processor.py:840} INFO - DAG(s) 'example_xcom' retrieved from /home/airflow/.local/lib/python3.8/site-packages/airflow/example_dags/example_xcom.py
[2024-02-02T15:17:21.156+0000] {logging_mixin.py:188} INFO - [2024-02-02T15:17:21.156+0000] {dag.py:3036} INFO - Sync 1 DAGs
[2024-02-02T15:17:21.194+0000] {logging_mixin.py:188} INFO - [2024-02-02T15:17:21.194+0000] {dag.py:3823} INFO - Setting next_dagrun for example_xcom to 2021-01-01 00:00:00+00:00, run_after=2021-01-01 00:00:00+00:00
[2024-02-02T15:17:21.226+0000] {processor.py:183} INFO - Processing /home/airflow/.local/lib/python3.8/site-packages/airflow/example_dags/example_xcom.py took 0.118 seconds
[2024-02-02T15:17:51.467+0000] {processor.py:161} INFO - Started process (PID=2434) to work on /home/airflow/.local/lib/python3.8/site-packages/airflow/example_dags/example_xcom.py
[2024-02-02T15:17:51.470+0000] {processor.py:830} INFO - Processing file /home/airflow/.local/lib/python3.8/site-packages/airflow/example_dags/example_xcom.py for tasks to queue
[2024-02-02T15:17:51.472+0000] {logging_mixin.py:188} INFO - [2024-02-02T15:17:51.471+0000] {dagbag.py:538} INFO - Filling up the DagBag from /home/airflow/.local/lib/python3.8/site-packages/airflow/example_dags/example_xcom.py
[2024-02-02T15:17:51.487+0000] {processor.py:840} INFO - DAG(s) 'example_xcom' retrieved from /home/airflow/.local/lib/python3.8/site-packages/airflow/example_dags/example_xcom.py
[2024-02-02T15:17:51.522+0000] {logging_mixin.py:188} INFO - [2024-02-02T15:17:51.522+0000] {dag.py:3036} INFO - Sync 1 DAGs
[2024-02-02T15:17:51.558+0000] {logging_mixin.py:188} INFO - [2024-02-02T15:17:51.558+0000] {dag.py:3823} INFO - Setting next_dagrun for example_xcom to 2021-01-01 00:00:00+00:00, run_after=2021-01-01 00:00:00+00:00
[2024-02-02T15:17:51.590+0000] {processor.py:183} INFO - Processing /home/airflow/.local/lib/python3.8/site-packages/airflow/example_dags/example_xcom.py took 0.131 seconds
[2024-02-02T15:18:21.812+0000] {processor.py:161} INFO - Started process (PID=2726) to work on /home/airflow/.local/lib/python3.8/site-packages/airflow/example_dags/example_xcom.py
[2024-02-02T15:18:21.814+0000] {processor.py:830} INFO - Processing file /home/airflow/.local/lib/python3.8/site-packages/airflow/example_dags/example_xcom.py for tasks to queue
[2024-02-02T15:18:21.816+0000] {logging_mixin.py:188} INFO - [2024-02-02T15:18:21.815+0000] {dagbag.py:538} INFO - Filling up the DagBag from /home/airflow/.local/lib/python3.8/site-packages/airflow/example_dags/example_xcom.py
[2024-02-02T15:18:21.827+0000] {processor.py:840} INFO - DAG(s) 'example_xcom' retrieved from /home/airflow/.local/lib/python3.8/site-packages/airflow/example_dags/example_xcom.py
[2024-02-02T15:18:21.862+0000] {logging_mixin.py:188} INFO - [2024-02-02T15:18:21.862+0000] {dag.py:3036} INFO - Sync 1 DAGs
[2024-02-02T15:18:21.896+0000] {logging_mixin.py:188} INFO - [2024-02-02T15:18:21.895+0000] {dag.py:3823} INFO - Setting next_dagrun for example_xcom to 2021-01-01 00:00:00+00:00, run_after=2021-01-01 00:00:00+00:00
[2024-02-02T15:18:21.930+0000] {processor.py:183} INFO - Processing /home/airflow/.local/lib/python3.8/site-packages/airflow/example_dags/example_xcom.py took 0.122 seconds
[2024-02-02T15:18:52.247+0000] {processor.py:161} INFO - Started process (PID=2976) to work on /home/airflow/.local/lib/python3.8/site-packages/airflow/example_dags/example_xcom.py
[2024-02-02T15:18:52.249+0000] {processor.py:830} INFO - Processing file /home/airflow/.local/lib/python3.8/site-packages/airflow/example_dags/example_xcom.py for tasks to queue
[2024-02-02T15:18:52.252+0000] {logging_mixin.py:188} INFO - [2024-02-02T15:18:52.250+0000] {dagbag.py:538} INFO - Filling up the DagBag from /home/airflow/.local/lib/python3.8/site-packages/airflow/example_dags/example_xcom.py
[2024-02-02T15:18:52.262+0000] {processor.py:840} INFO - DAG(s) 'example_xcom' retrieved from /home/airflow/.local/lib/python3.8/site-packages/airflow/example_dags/example_xcom.py
[2024-02-02T15:18:52.293+0000] {logging_mixin.py:188} INFO - [2024-02-02T15:18:52.292+0000] {dag.py:3036} INFO - Sync 1 DAGs
[2024-02-02T15:18:52.324+0000] {logging_mixin.py:188} INFO - [2024-02-02T15:18:52.324+0000] {dag.py:3823} INFO - Setting next_dagrun for example_xcom to 2021-01-01 00:00:00+00:00, run_after=2021-01-01 00:00:00+00:00
[2024-02-02T15:18:52.359+0000] {processor.py:183} INFO - Processing /home/airflow/.local/lib/python3.8/site-packages/airflow/example_dags/example_xcom.py took 0.116 seconds
[2024-02-02T15:19:22.643+0000] {processor.py:161} INFO - Started process (PID=3224) to work on /home/airflow/.local/lib/python3.8/site-packages/airflow/example_dags/example_xcom.py
[2024-02-02T15:19:22.645+0000] {processor.py:830} INFO - Processing file /home/airflow/.local/lib/python3.8/site-packages/airflow/example_dags/example_xcom.py for tasks to queue
[2024-02-02T15:19:22.647+0000] {logging_mixin.py:188} INFO - [2024-02-02T15:19:22.646+0000] {dagbag.py:538} INFO - Filling up the DagBag from /home/airflow/.local/lib/python3.8/site-packages/airflow/example_dags/example_xcom.py
[2024-02-02T15:19:22.658+0000] {processor.py:840} INFO - DAG(s) 'example_xcom' retrieved from /home/airflow/.local/lib/python3.8/site-packages/airflow/example_dags/example_xcom.py
[2024-02-02T15:19:22.688+0000] {logging_mixin.py:188} INFO - [2024-02-02T15:19:22.688+0000] {dag.py:3036} INFO - Sync 1 DAGs
[2024-02-02T15:19:22.717+0000] {logging_mixin.py:188} INFO - [2024-02-02T15:19:22.717+0000] {dag.py:3823} INFO - Setting next_dagrun for example_xcom to 2021-01-01 00:00:00+00:00, run_after=2021-01-01 00:00:00+00:00
[2024-02-02T15:19:22.748+0000] {processor.py:183} INFO - Processing /home/airflow/.local/lib/python3.8/site-packages/airflow/example_dags/example_xcom.py took 0.109 seconds
[2024-02-02T15:19:53.183+0000] {processor.py:161} INFO - Started process (PID=3471) to work on /home/airflow/.local/lib/python3.8/site-packages/airflow/example_dags/example_xcom.py
[2024-02-02T15:19:53.185+0000] {processor.py:830} INFO - Processing file /home/airflow/.local/lib/python3.8/site-packages/airflow/example_dags/example_xcom.py for tasks to queue
[2024-02-02T15:19:53.187+0000] {logging_mixin.py:188} INFO - [2024-02-02T15:19:53.186+0000] {dagbag.py:538} INFO - Filling up the DagBag from /home/airflow/.local/lib/python3.8/site-packages/airflow/example_dags/example_xcom.py
[2024-02-02T15:19:53.196+0000] {processor.py:840} INFO - DAG(s) 'example_xcom' retrieved from /home/airflow/.local/lib/python3.8/site-packages/airflow/example_dags/example_xcom.py
[2024-02-02T15:19:53.224+0000] {logging_mixin.py:188} INFO - [2024-02-02T15:19:53.223+0000] {dag.py:3036} INFO - Sync 1 DAGs
[2024-02-02T15:19:53.253+0000] {logging_mixin.py:188} INFO - [2024-02-02T15:19:53.253+0000] {dag.py:3823} INFO - Setting next_dagrun for example_xcom to 2021-01-01 00:00:00+00:00, run_after=2021-01-01 00:00:00+00:00
[2024-02-02T15:19:53.284+0000] {processor.py:183} INFO - Processing /home/airflow/.local/lib/python3.8/site-packages/airflow/example_dags/example_xcom.py took 0.105 seconds
[2024-02-02T15:20:23.691+0000] {processor.py:161} INFO - Started process (PID=3720) to work on /home/airflow/.local/lib/python3.8/site-packages/airflow/example_dags/example_xcom.py
[2024-02-02T15:20:23.692+0000] {processor.py:830} INFO - Processing file /home/airflow/.local/lib/python3.8/site-packages/airflow/example_dags/example_xcom.py for tasks to queue
[2024-02-02T15:20:23.694+0000] {logging_mixin.py:188} INFO - [2024-02-02T15:20:23.694+0000] {dagbag.py:538} INFO - Filling up the DagBag from /home/airflow/.local/lib/python3.8/site-packages/airflow/example_dags/example_xcom.py
[2024-02-02T15:20:23.702+0000] {processor.py:840} INFO - DAG(s) 'example_xcom' retrieved from /home/airflow/.local/lib/python3.8/site-packages/airflow/example_dags/example_xcom.py
[2024-02-02T15:20:23.729+0000] {logging_mixin.py:188} INFO - [2024-02-02T15:20:23.729+0000] {dag.py:3036} INFO - Sync 1 DAGs
[2024-02-02T15:20:23.756+0000] {logging_mixin.py:188} INFO - [2024-02-02T15:20:23.756+0000] {dag.py:3823} INFO - Setting next_dagrun for example_xcom to 2021-01-01 00:00:00+00:00, run_after=2021-01-01 00:00:00+00:00
[2024-02-02T15:20:23.783+0000] {processor.py:183} INFO - Processing /home/airflow/.local/lib/python3.8/site-packages/airflow/example_dags/example_xcom.py took 0.097 seconds
[2024-02-02T15:20:54.055+0000] {processor.py:161} INFO - Started process (PID=3965) to work on /home/airflow/.local/lib/python3.8/site-packages/airflow/example_dags/example_xcom.py
[2024-02-02T15:20:54.057+0000] {processor.py:830} INFO - Processing file /home/airflow/.local/lib/python3.8/site-packages/airflow/example_dags/example_xcom.py for tasks to queue
[2024-02-02T15:20:54.059+0000] {logging_mixin.py:188} INFO - [2024-02-02T15:20:54.058+0000] {dagbag.py:538} INFO - Filling up the DagBag from /home/airflow/.local/lib/python3.8/site-packages/airflow/example_dags/example_xcom.py
[2024-02-02T15:20:54.069+0000] {processor.py:840} INFO - DAG(s) 'example_xcom' retrieved from /home/airflow/.local/lib/python3.8/site-packages/airflow/example_dags/example_xcom.py
[2024-02-02T15:20:54.099+0000] {logging_mixin.py:188} INFO - [2024-02-02T15:20:54.099+0000] {dag.py:3036} INFO - Sync 1 DAGs
[2024-02-02T15:20:54.131+0000] {logging_mixin.py:188} INFO - [2024-02-02T15:20:54.130+0000] {dag.py:3823} INFO - Setting next_dagrun for example_xcom to 2021-01-01 00:00:00+00:00, run_after=2021-01-01 00:00:00+00:00
[2024-02-02T15:20:54.157+0000] {processor.py:183} INFO - Processing /home/airflow/.local/lib/python3.8/site-packages/airflow/example_dags/example_xcom.py took 0.106 seconds
[2024-02-02T15:21:24.427+0000] {processor.py:161} INFO - Started process (PID=4214) to work on /home/airflow/.local/lib/python3.8/site-packages/airflow/example_dags/example_xcom.py
[2024-02-02T15:21:24.428+0000] {processor.py:830} INFO - Processing file /home/airflow/.local/lib/python3.8/site-packages/airflow/example_dags/example_xcom.py for tasks to queue
[2024-02-02T15:21:24.430+0000] {logging_mixin.py:188} INFO - [2024-02-02T15:21:24.430+0000] {dagbag.py:538} INFO - Filling up the DagBag from /home/airflow/.local/lib/python3.8/site-packages/airflow/example_dags/example_xcom.py
[2024-02-02T15:21:24.440+0000] {processor.py:840} INFO - DAG(s) 'example_xcom' retrieved from /home/airflow/.local/lib/python3.8/site-packages/airflow/example_dags/example_xcom.py
[2024-02-02T15:21:24.467+0000] {logging_mixin.py:188} INFO - [2024-02-02T15:21:24.466+0000] {dag.py:3036} INFO - Sync 1 DAGs
[2024-02-02T15:21:24.490+0000] {logging_mixin.py:188} INFO - [2024-02-02T15:21:24.490+0000] {dag.py:3823} INFO - Setting next_dagrun for example_xcom to 2021-01-01 00:00:00+00:00, run_after=2021-01-01 00:00:00+00:00
[2024-02-02T15:21:24.517+0000] {processor.py:183} INFO - Processing /home/airflow/.local/lib/python3.8/site-packages/airflow/example_dags/example_xcom.py took 0.096 seconds
[2024-02-02T15:21:54.666+0000] {processor.py:161} INFO - Started process (PID=4459) to work on /home/airflow/.local/lib/python3.8/site-packages/airflow/example_dags/example_xcom.py
[2024-02-02T15:21:54.668+0000] {processor.py:830} INFO - Processing file /home/airflow/.local/lib/python3.8/site-packages/airflow/example_dags/example_xcom.py for tasks to queue
[2024-02-02T15:21:54.669+0000] {logging_mixin.py:188} INFO - [2024-02-02T15:21:54.669+0000] {dagbag.py:538} INFO - Filling up the DagBag from /home/airflow/.local/lib/python3.8/site-packages/airflow/example_dags/example_xcom.py
[2024-02-02T15:21:54.682+0000] {processor.py:840} INFO - DAG(s) 'example_xcom' retrieved from /home/airflow/.local/lib/python3.8/site-packages/airflow/example_dags/example_xcom.py
[2024-02-02T15:21:54.712+0000] {logging_mixin.py:188} INFO - [2024-02-02T15:21:54.711+0000] {dag.py:3036} INFO - Sync 1 DAGs
[2024-02-02T15:21:54.739+0000] {logging_mixin.py:188} INFO - [2024-02-02T15:21:54.739+0000] {dag.py:3823} INFO - Setting next_dagrun for example_xcom to 2021-01-01 00:00:00+00:00, run_after=2021-01-01 00:00:00+00:00
[2024-02-02T15:21:54.765+0000] {processor.py:183} INFO - Processing /home/airflow/.local/lib/python3.8/site-packages/airflow/example_dags/example_xcom.py took 0.103 seconds
[2024-02-02T15:22:25.033+0000] {processor.py:161} INFO - Started process (PID=4708) to work on /home/airflow/.local/lib/python3.8/site-packages/airflow/example_dags/example_xcom.py
[2024-02-02T15:22:25.034+0000] {processor.py:830} INFO - Processing file /home/airflow/.local/lib/python3.8/site-packages/airflow/example_dags/example_xcom.py for tasks to queue
[2024-02-02T15:22:25.036+0000] {logging_mixin.py:188} INFO - [2024-02-02T15:22:25.035+0000] {dagbag.py:538} INFO - Filling up the DagBag from /home/airflow/.local/lib/python3.8/site-packages/airflow/example_dags/example_xcom.py
[2024-02-02T15:22:25.044+0000] {processor.py:840} INFO - DAG(s) 'example_xcom' retrieved from /home/airflow/.local/lib/python3.8/site-packages/airflow/example_dags/example_xcom.py
[2024-02-02T15:22:25.069+0000] {logging_mixin.py:188} INFO - [2024-02-02T15:22:25.068+0000] {dag.py:3036} INFO - Sync 1 DAGs
[2024-02-02T15:22:25.096+0000] {logging_mixin.py:188} INFO - [2024-02-02T15:22:25.096+0000] {dag.py:3823} INFO - Setting next_dagrun for example_xcom to 2021-01-01 00:00:00+00:00, run_after=2021-01-01 00:00:00+00:00
[2024-02-02T15:22:25.120+0000] {processor.py:183} INFO - Processing /home/airflow/.local/lib/python3.8/site-packages/airflow/example_dags/example_xcom.py took 0.091 seconds
[2024-02-02T15:22:56.187+0000] {processor.py:161} INFO - Started process (PID=4953) to work on /home/airflow/.local/lib/python3.8/site-packages/airflow/example_dags/example_xcom.py
[2024-02-02T15:22:56.189+0000] {processor.py:830} INFO - Processing file /home/airflow/.local/lib/python3.8/site-packages/airflow/example_dags/example_xcom.py for tasks to queue
[2024-02-02T15:22:56.190+0000] {logging_mixin.py:188} INFO - [2024-02-02T15:22:56.190+0000] {dagbag.py:538} INFO - Filling up the DagBag from /home/airflow/.local/lib/python3.8/site-packages/airflow/example_dags/example_xcom.py
[2024-02-02T15:22:56.200+0000] {processor.py:840} INFO - DAG(s) 'example_xcom' retrieved from /home/airflow/.local/lib/python3.8/site-packages/airflow/example_dags/example_xcom.py
[2024-02-02T15:22:56.226+0000] {logging_mixin.py:188} INFO - [2024-02-02T15:22:56.226+0000] {dag.py:3036} INFO - Sync 1 DAGs
[2024-02-02T15:22:56.256+0000] {logging_mixin.py:188} INFO - [2024-02-02T15:22:56.255+0000] {dag.py:3823} INFO - Setting next_dagrun for example_xcom to 2021-01-01 00:00:00+00:00, run_after=2021-01-01 00:00:00+00:00
[2024-02-02T15:22:56.284+0000] {processor.py:183} INFO - Processing /home/airflow/.local/lib/python3.8/site-packages/airflow/example_dags/example_xcom.py took 0.101 seconds
[2024-02-02T15:23:27.007+0000] {processor.py:161} INFO - Started process (PID=5200) to work on /home/airflow/.local/lib/python3.8/site-packages/airflow/example_dags/example_xcom.py
[2024-02-02T15:23:27.008+0000] {processor.py:830} INFO - Processing file /home/airflow/.local/lib/python3.8/site-packages/airflow/example_dags/example_xcom.py for tasks to queue
[2024-02-02T15:23:27.010+0000] {logging_mixin.py:188} INFO - [2024-02-02T15:23:27.009+0000] {dagbag.py:538} INFO - Filling up the DagBag from /home/airflow/.local/lib/python3.8/site-packages/airflow/example_dags/example_xcom.py
[2024-02-02T15:23:27.021+0000] {processor.py:840} INFO - DAG(s) 'example_xcom' retrieved from /home/airflow/.local/lib/python3.8/site-packages/airflow/example_dags/example_xcom.py
[2024-02-02T15:23:27.056+0000] {logging_mixin.py:188} INFO - [2024-02-02T15:23:27.055+0000] {dag.py:3036} INFO - Sync 1 DAGs
[2024-02-02T15:23:27.092+0000] {logging_mixin.py:188} INFO - [2024-02-02T15:23:27.092+0000] {dag.py:3823} INFO - Setting next_dagrun for example_xcom to 2021-01-01 00:00:00+00:00, run_after=2021-01-01 00:00:00+00:00
[2024-02-02T15:23:27.124+0000] {processor.py:183} INFO - Processing /home/airflow/.local/lib/python3.8/site-packages/airflow/example_dags/example_xcom.py took 0.122 seconds
[2024-02-02T15:23:57.262+0000] {processor.py:161} INFO - Started process (PID=5447) to work on /home/airflow/.local/lib/python3.8/site-packages/airflow/example_dags/example_xcom.py
[2024-02-02T15:23:57.264+0000] {processor.py:830} INFO - Processing file /home/airflow/.local/lib/python3.8/site-packages/airflow/example_dags/example_xcom.py for tasks to queue
[2024-02-02T15:23:57.266+0000] {logging_mixin.py:188} INFO - [2024-02-02T15:23:57.265+0000] {dagbag.py:538} INFO - Filling up the DagBag from /home/airflow/.local/lib/python3.8/site-packages/airflow/example_dags/example_xcom.py
[2024-02-02T15:23:57.281+0000] {processor.py:840} INFO - DAG(s) 'example_xcom' retrieved from /home/airflow/.local/lib/python3.8/site-packages/airflow/example_dags/example_xcom.py
[2024-02-02T15:23:57.313+0000] {logging_mixin.py:188} INFO - [2024-02-02T15:23:57.313+0000] {dag.py:3036} INFO - Sync 1 DAGs
[2024-02-02T15:23:57.346+0000] {logging_mixin.py:188} INFO - [2024-02-02T15:23:57.345+0000] {dag.py:3823} INFO - Setting next_dagrun for example_xcom to 2021-01-01 00:00:00+00:00, run_after=2021-01-01 00:00:00+00:00
[2024-02-02T15:23:57.374+0000] {processor.py:183} INFO - Processing /home/airflow/.local/lib/python3.8/site-packages/airflow/example_dags/example_xcom.py took 0.118 seconds
[2024-02-02T15:24:27.440+0000] {processor.py:161} INFO - Started process (PID=5694) to work on /home/airflow/.local/lib/python3.8/site-packages/airflow/example_dags/example_xcom.py
[2024-02-02T15:24:27.442+0000] {processor.py:830} INFO - Processing file /home/airflow/.local/lib/python3.8/site-packages/airflow/example_dags/example_xcom.py for tasks to queue
[2024-02-02T15:24:27.443+0000] {logging_mixin.py:188} INFO - [2024-02-02T15:24:27.443+0000] {dagbag.py:538} INFO - Filling up the DagBag from /home/airflow/.local/lib/python3.8/site-packages/airflow/example_dags/example_xcom.py
[2024-02-02T15:24:27.453+0000] {processor.py:840} INFO - DAG(s) 'example_xcom' retrieved from /home/airflow/.local/lib/python3.8/site-packages/airflow/example_dags/example_xcom.py
[2024-02-02T15:24:27.480+0000] {logging_mixin.py:188} INFO - [2024-02-02T15:24:27.480+0000] {dag.py:3036} INFO - Sync 1 DAGs
[2024-02-02T15:24:27.510+0000] {logging_mixin.py:188} INFO - [2024-02-02T15:24:27.509+0000] {dag.py:3823} INFO - Setting next_dagrun for example_xcom to 2021-01-01 00:00:00+00:00, run_after=2021-01-01 00:00:00+00:00
[2024-02-02T15:24:27.537+0000] {processor.py:183} INFO - Processing /home/airflow/.local/lib/python3.8/site-packages/airflow/example_dags/example_xcom.py took 0.101 seconds
[2024-02-02T15:24:57.625+0000] {processor.py:161} INFO - Started process (PID=5941) to work on /home/airflow/.local/lib/python3.8/site-packages/airflow/example_dags/example_xcom.py
[2024-02-02T15:24:57.627+0000] {processor.py:830} INFO - Processing file /home/airflow/.local/lib/python3.8/site-packages/airflow/example_dags/example_xcom.py for tasks to queue
[2024-02-02T15:24:57.628+0000] {logging_mixin.py:188} INFO - [2024-02-02T15:24:57.628+0000] {dagbag.py:538} INFO - Filling up the DagBag from /home/airflow/.local/lib/python3.8/site-packages/airflow/example_dags/example_xcom.py
[2024-02-02T15:24:57.637+0000] {processor.py:840} INFO - DAG(s) 'example_xcom' retrieved from /home/airflow/.local/lib/python3.8/site-packages/airflow/example_dags/example_xcom.py
[2024-02-02T15:24:57.664+0000] {logging_mixin.py:188} INFO - [2024-02-02T15:24:57.663+0000] {dag.py:3036} INFO - Sync 1 DAGs
[2024-02-02T15:24:57.691+0000] {logging_mixin.py:188} INFO - [2024-02-02T15:24:57.690+0000] {dag.py:3823} INFO - Setting next_dagrun for example_xcom to 2021-01-01 00:00:00+00:00, run_after=2021-01-01 00:00:00+00:00
[2024-02-02T15:24:57.718+0000] {processor.py:183} INFO - Processing /home/airflow/.local/lib/python3.8/site-packages/airflow/example_dags/example_xcom.py took 0.097 seconds
[2024-02-02T15:25:28.118+0000] {processor.py:161} INFO - Started process (PID=6188) to work on /home/airflow/.local/lib/python3.8/site-packages/airflow/example_dags/example_xcom.py
[2024-02-02T15:25:28.120+0000] {processor.py:830} INFO - Processing file /home/airflow/.local/lib/python3.8/site-packages/airflow/example_dags/example_xcom.py for tasks to queue
[2024-02-02T15:25:28.121+0000] {logging_mixin.py:188} INFO - [2024-02-02T15:25:28.121+0000] {dagbag.py:538} INFO - Filling up the DagBag from /home/airflow/.local/lib/python3.8/site-packages/airflow/example_dags/example_xcom.py
[2024-02-02T15:25:28.133+0000] {processor.py:840} INFO - DAG(s) 'example_xcom' retrieved from /home/airflow/.local/lib/python3.8/site-packages/airflow/example_dags/example_xcom.py
[2024-02-02T15:25:28.165+0000] {logging_mixin.py:188} INFO - [2024-02-02T15:25:28.165+0000] {dag.py:3036} INFO - Sync 1 DAGs
[2024-02-02T15:25:28.193+0000] {logging_mixin.py:188} INFO - [2024-02-02T15:25:28.193+0000] {dag.py:3823} INFO - Setting next_dagrun for example_xcom to 2021-01-01 00:00:00+00:00, run_after=2021-01-01 00:00:00+00:00
[2024-02-02T15:25:28.221+0000] {processor.py:183} INFO - Processing /home/airflow/.local/lib/python3.8/site-packages/airflow/example_dags/example_xcom.py took 0.107 seconds
[2024-02-02T15:25:58.787+0000] {processor.py:161} INFO - Started process (PID=6437) to work on /home/airflow/.local/lib/python3.8/site-packages/airflow/example_dags/example_xcom.py
[2024-02-02T15:25:58.788+0000] {processor.py:830} INFO - Processing file /home/airflow/.local/lib/python3.8/site-packages/airflow/example_dags/example_xcom.py for tasks to queue
[2024-02-02T15:25:58.790+0000] {logging_mixin.py:188} INFO - [2024-02-02T15:25:58.789+0000] {dagbag.py:538} INFO - Filling up the DagBag from /home/airflow/.local/lib/python3.8/site-packages/airflow/example_dags/example_xcom.py
[2024-02-02T15:25:58.800+0000] {processor.py:840} INFO - DAG(s) 'example_xcom' retrieved from /home/airflow/.local/lib/python3.8/site-packages/airflow/example_dags/example_xcom.py
[2024-02-02T15:25:58.827+0000] {logging_mixin.py:188} INFO - [2024-02-02T15:25:58.826+0000] {dag.py:3036} INFO - Sync 1 DAGs
[2024-02-02T15:25:58.853+0000] {logging_mixin.py:188} INFO - [2024-02-02T15:25:58.853+0000] {dag.py:3823} INFO - Setting next_dagrun for example_xcom to 2021-01-01 00:00:00+00:00, run_after=2021-01-01 00:00:00+00:00
[2024-02-02T15:25:58.879+0000] {processor.py:183} INFO - Processing /home/airflow/.local/lib/python3.8/site-packages/airflow/example_dags/example_xcom.py took 0.097 seconds
[2024-02-02T15:26:29.470+0000] {processor.py:161} INFO - Started process (PID=6684) to work on /home/airflow/.local/lib/python3.8/site-packages/airflow/example_dags/example_xcom.py
[2024-02-02T15:26:29.472+0000] {processor.py:830} INFO - Processing file /home/airflow/.local/lib/python3.8/site-packages/airflow/example_dags/example_xcom.py for tasks to queue
[2024-02-02T15:26:29.473+0000] {logging_mixin.py:188} INFO - [2024-02-02T15:26:29.473+0000] {dagbag.py:538} INFO - Filling up the DagBag from /home/airflow/.local/lib/python3.8/site-packages/airflow/example_dags/example_xcom.py
[2024-02-02T15:26:29.483+0000] {processor.py:840} INFO - DAG(s) 'example_xcom' retrieved from /home/airflow/.local/lib/python3.8/site-packages/airflow/example_dags/example_xcom.py
[2024-02-02T15:26:29.509+0000] {logging_mixin.py:188} INFO - [2024-02-02T15:26:29.508+0000] {dag.py:3036} INFO - Sync 1 DAGs
[2024-02-02T15:26:29.533+0000] {logging_mixin.py:188} INFO - [2024-02-02T15:26:29.533+0000] {dag.py:3823} INFO - Setting next_dagrun for example_xcom to 2021-01-01 00:00:00+00:00, run_after=2021-01-01 00:00:00+00:00
[2024-02-02T15:26:29.559+0000] {processor.py:183} INFO - Processing /home/airflow/.local/lib/python3.8/site-packages/airflow/example_dags/example_xcom.py took 0.093 seconds
[2024-02-02T15:26:59.624+0000] {processor.py:161} INFO - Started process (PID=6931) to work on /home/airflow/.local/lib/python3.8/site-packages/airflow/example_dags/example_xcom.py
[2024-02-02T15:26:59.625+0000] {processor.py:830} INFO - Processing file /home/airflow/.local/lib/python3.8/site-packages/airflow/example_dags/example_xcom.py for tasks to queue
[2024-02-02T15:26:59.626+0000] {logging_mixin.py:188} INFO - [2024-02-02T15:26:59.626+0000] {dagbag.py:538} INFO - Filling up the DagBag from /home/airflow/.local/lib/python3.8/site-packages/airflow/example_dags/example_xcom.py
[2024-02-02T15:26:59.636+0000] {processor.py:840} INFO - DAG(s) 'example_xcom' retrieved from /home/airflow/.local/lib/python3.8/site-packages/airflow/example_dags/example_xcom.py
[2024-02-02T15:26:59.668+0000] {logging_mixin.py:188} INFO - [2024-02-02T15:26:59.668+0000] {dag.py:3036} INFO - Sync 1 DAGs
[2024-02-02T15:26:59.701+0000] {logging_mixin.py:188} INFO - [2024-02-02T15:26:59.700+0000] {dag.py:3823} INFO - Setting next_dagrun for example_xcom to 2021-01-01 00:00:00+00:00, run_after=2021-01-01 00:00:00+00:00
[2024-02-02T15:26:59.722+0000] {processor.py:183} INFO - Processing /home/airflow/.local/lib/python3.8/site-packages/airflow/example_dags/example_xcom.py took 0.102 seconds
[2024-02-02T15:27:30.474+0000] {processor.py:161} INFO - Started process (PID=7182) to work on /home/airflow/.local/lib/python3.8/site-packages/airflow/example_dags/example_xcom.py
[2024-02-02T15:27:30.476+0000] {processor.py:830} INFO - Processing file /home/airflow/.local/lib/python3.8/site-packages/airflow/example_dags/example_xcom.py for tasks to queue
[2024-02-02T15:27:30.477+0000] {logging_mixin.py:188} INFO - [2024-02-02T15:27:30.477+0000] {dagbag.py:538} INFO - Filling up the DagBag from /home/airflow/.local/lib/python3.8/site-packages/airflow/example_dags/example_xcom.py
[2024-02-02T15:27:30.491+0000] {processor.py:840} INFO - DAG(s) 'example_xcom' retrieved from /home/airflow/.local/lib/python3.8/site-packages/airflow/example_dags/example_xcom.py
[2024-02-02T15:27:30.521+0000] {logging_mixin.py:188} INFO - [2024-02-02T15:27:30.521+0000] {dag.py:3036} INFO - Sync 1 DAGs
[2024-02-02T15:27:30.551+0000] {logging_mixin.py:188} INFO - [2024-02-02T15:27:30.550+0000] {dag.py:3823} INFO - Setting next_dagrun for example_xcom to 2021-01-01 00:00:00+00:00, run_after=2021-01-01 00:00:00+00:00
[2024-02-02T15:27:30.579+0000] {processor.py:183} INFO - Processing /home/airflow/.local/lib/python3.8/site-packages/airflow/example_dags/example_xcom.py took 0.110 seconds
[2024-02-02T15:28:00.862+0000] {processor.py:161} INFO - Started process (PID=7429) to work on /home/airflow/.local/lib/python3.8/site-packages/airflow/example_dags/example_xcom.py
[2024-02-02T15:28:00.863+0000] {processor.py:830} INFO - Processing file /home/airflow/.local/lib/python3.8/site-packages/airflow/example_dags/example_xcom.py for tasks to queue
[2024-02-02T15:28:00.865+0000] {logging_mixin.py:188} INFO - [2024-02-02T15:28:00.865+0000] {dagbag.py:538} INFO - Filling up the DagBag from /home/airflow/.local/lib/python3.8/site-packages/airflow/example_dags/example_xcom.py
[2024-02-02T15:28:00.874+0000] {processor.py:840} INFO - DAG(s) 'example_xcom' retrieved from /home/airflow/.local/lib/python3.8/site-packages/airflow/example_dags/example_xcom.py
[2024-02-02T15:28:00.905+0000] {logging_mixin.py:188} INFO - [2024-02-02T15:28:00.904+0000] {dag.py:3036} INFO - Sync 1 DAGs
[2024-02-02T15:28:00.943+0000] {logging_mixin.py:188} INFO - [2024-02-02T15:28:00.942+0000] {dag.py:3823} INFO - Setting next_dagrun for example_xcom to 2021-01-01 00:00:00+00:00, run_after=2021-01-01 00:00:00+00:00
[2024-02-02T15:28:00.974+0000] {processor.py:183} INFO - Processing /home/airflow/.local/lib/python3.8/site-packages/airflow/example_dags/example_xcom.py took 0.116 seconds
[2024-02-02T15:28:31.316+0000] {processor.py:161} INFO - Started process (PID=7678) to work on /home/airflow/.local/lib/python3.8/site-packages/airflow/example_dags/example_xcom.py
[2024-02-02T15:28:31.317+0000] {processor.py:830} INFO - Processing file /home/airflow/.local/lib/python3.8/site-packages/airflow/example_dags/example_xcom.py for tasks to queue
[2024-02-02T15:28:31.319+0000] {logging_mixin.py:188} INFO - [2024-02-02T15:28:31.318+0000] {dagbag.py:538} INFO - Filling up the DagBag from /home/airflow/.local/lib/python3.8/site-packages/airflow/example_dags/example_xcom.py
[2024-02-02T15:28:31.327+0000] {processor.py:840} INFO - DAG(s) 'example_xcom' retrieved from /home/airflow/.local/lib/python3.8/site-packages/airflow/example_dags/example_xcom.py
[2024-02-02T15:28:31.352+0000] {logging_mixin.py:188} INFO - [2024-02-02T15:28:31.351+0000] {dag.py:3036} INFO - Sync 1 DAGs
[2024-02-02T15:28:31.377+0000] {logging_mixin.py:188} INFO - [2024-02-02T15:28:31.376+0000] {dag.py:3823} INFO - Setting next_dagrun for example_xcom to 2021-01-01 00:00:00+00:00, run_after=2021-01-01 00:00:00+00:00
[2024-02-02T15:28:31.399+0000] {processor.py:183} INFO - Processing /home/airflow/.local/lib/python3.8/site-packages/airflow/example_dags/example_xcom.py took 0.087 seconds
[2024-02-02T15:29:01.794+0000] {processor.py:161} INFO - Started process (PID=7925) to work on /home/airflow/.local/lib/python3.8/site-packages/airflow/example_dags/example_xcom.py
[2024-02-02T15:29:01.796+0000] {processor.py:830} INFO - Processing file /home/airflow/.local/lib/python3.8/site-packages/airflow/example_dags/example_xcom.py for tasks to queue
[2024-02-02T15:29:01.797+0000] {logging_mixin.py:188} INFO - [2024-02-02T15:29:01.796+0000] {dagbag.py:538} INFO - Filling up the DagBag from /home/airflow/.local/lib/python3.8/site-packages/airflow/example_dags/example_xcom.py
[2024-02-02T15:29:01.806+0000] {processor.py:840} INFO - DAG(s) 'example_xcom' retrieved from /home/airflow/.local/lib/python3.8/site-packages/airflow/example_dags/example_xcom.py
[2024-02-02T15:29:01.830+0000] {logging_mixin.py:188} INFO - [2024-02-02T15:29:01.830+0000] {dag.py:3036} INFO - Sync 1 DAGs
[2024-02-02T15:29:01.859+0000] {logging_mixin.py:188} INFO - [2024-02-02T15:29:01.859+0000] {dag.py:3823} INFO - Setting next_dagrun for example_xcom to 2021-01-01 00:00:00+00:00, run_after=2021-01-01 00:00:00+00:00
[2024-02-02T15:29:01.883+0000] {processor.py:183} INFO - Processing /home/airflow/.local/lib/python3.8/site-packages/airflow/example_dags/example_xcom.py took 0.092 seconds
[2024-02-02T15:29:32.095+0000] {processor.py:161} INFO - Started process (PID=8170) to work on /home/airflow/.local/lib/python3.8/site-packages/airflow/example_dags/example_xcom.py
[2024-02-02T15:29:32.097+0000] {processor.py:830} INFO - Processing file /home/airflow/.local/lib/python3.8/site-packages/airflow/example_dags/example_xcom.py for tasks to queue
[2024-02-02T15:29:32.100+0000] {logging_mixin.py:188} INFO - [2024-02-02T15:29:32.099+0000] {dagbag.py:538} INFO - Filling up the DagBag from /home/airflow/.local/lib/python3.8/site-packages/airflow/example_dags/example_xcom.py
[2024-02-02T15:29:32.114+0000] {processor.py:840} INFO - DAG(s) 'example_xcom' retrieved from /home/airflow/.local/lib/python3.8/site-packages/airflow/example_dags/example_xcom.py
[2024-02-02T15:29:32.148+0000] {logging_mixin.py:188} INFO - [2024-02-02T15:29:32.148+0000] {dag.py:3036} INFO - Sync 1 DAGs
[2024-02-02T15:29:32.180+0000] {logging_mixin.py:188} INFO - [2024-02-02T15:29:32.179+0000] {dag.py:3823} INFO - Setting next_dagrun for example_xcom to 2021-01-01 00:00:00+00:00, run_after=2021-01-01 00:00:00+00:00
[2024-02-02T15:29:32.211+0000] {processor.py:183} INFO - Processing /home/airflow/.local/lib/python3.8/site-packages/airflow/example_dags/example_xcom.py took 0.122 seconds
[2024-02-02T15:30:02.694+0000] {processor.py:161} INFO - Started process (PID=8419) to work on /home/airflow/.local/lib/python3.8/site-packages/airflow/example_dags/example_xcom.py
[2024-02-02T15:30:02.695+0000] {processor.py:830} INFO - Processing file /home/airflow/.local/lib/python3.8/site-packages/airflow/example_dags/example_xcom.py for tasks to queue
[2024-02-02T15:30:02.697+0000] {logging_mixin.py:188} INFO - [2024-02-02T15:30:02.697+0000] {dagbag.py:538} INFO - Filling up the DagBag from /home/airflow/.local/lib/python3.8/site-packages/airflow/example_dags/example_xcom.py
[2024-02-02T15:30:02.710+0000] {processor.py:840} INFO - DAG(s) 'example_xcom' retrieved from /home/airflow/.local/lib/python3.8/site-packages/airflow/example_dags/example_xcom.py
[2024-02-02T15:30:02.744+0000] {logging_mixin.py:188} INFO - [2024-02-02T15:30:02.743+0000] {dag.py:3036} INFO - Sync 1 DAGs
[2024-02-02T15:30:02.771+0000] {logging_mixin.py:188} INFO - [2024-02-02T15:30:02.771+0000] {dag.py:3823} INFO - Setting next_dagrun for example_xcom to 2021-01-01 00:00:00+00:00, run_after=2021-01-01 00:00:00+00:00
[2024-02-02T15:30:02.797+0000] {processor.py:183} INFO - Processing /home/airflow/.local/lib/python3.8/site-packages/airflow/example_dags/example_xcom.py took 0.108 seconds
[2024-02-02T15:30:32.854+0000] {processor.py:161} INFO - Started process (PID=8664) to work on /home/airflow/.local/lib/python3.8/site-packages/airflow/example_dags/example_xcom.py
[2024-02-02T15:30:32.856+0000] {processor.py:830} INFO - Processing file /home/airflow/.local/lib/python3.8/site-packages/airflow/example_dags/example_xcom.py for tasks to queue
[2024-02-02T15:30:32.857+0000] {logging_mixin.py:188} INFO - [2024-02-02T15:30:32.857+0000] {dagbag.py:538} INFO - Filling up the DagBag from /home/airflow/.local/lib/python3.8/site-packages/airflow/example_dags/example_xcom.py
[2024-02-02T15:30:32.868+0000] {processor.py:840} INFO - DAG(s) 'example_xcom' retrieved from /home/airflow/.local/lib/python3.8/site-packages/airflow/example_dags/example_xcom.py
[2024-02-02T15:30:32.898+0000] {logging_mixin.py:188} INFO - [2024-02-02T15:30:32.897+0000] {dag.py:3036} INFO - Sync 1 DAGs
[2024-02-02T15:30:32.927+0000] {logging_mixin.py:188} INFO - [2024-02-02T15:30:32.927+0000] {dag.py:3823} INFO - Setting next_dagrun for example_xcom to 2021-01-01 00:00:00+00:00, run_after=2021-01-01 00:00:00+00:00
[2024-02-02T15:30:32.955+0000] {processor.py:183} INFO - Processing /home/airflow/.local/lib/python3.8/site-packages/airflow/example_dags/example_xcom.py took 0.106 seconds
[2024-02-02T15:31:03.331+0000] {processor.py:161} INFO - Started process (PID=8913) to work on /home/airflow/.local/lib/python3.8/site-packages/airflow/example_dags/example_xcom.py
[2024-02-02T15:31:03.333+0000] {processor.py:830} INFO - Processing file /home/airflow/.local/lib/python3.8/site-packages/airflow/example_dags/example_xcom.py for tasks to queue
[2024-02-02T15:31:03.334+0000] {logging_mixin.py:188} INFO - [2024-02-02T15:31:03.334+0000] {dagbag.py:538} INFO - Filling up the DagBag from /home/airflow/.local/lib/python3.8/site-packages/airflow/example_dags/example_xcom.py
[2024-02-02T15:31:03.343+0000] {processor.py:840} INFO - DAG(s) 'example_xcom' retrieved from /home/airflow/.local/lib/python3.8/site-packages/airflow/example_dags/example_xcom.py
[2024-02-02T15:31:03.367+0000] {logging_mixin.py:188} INFO - [2024-02-02T15:31:03.367+0000] {dag.py:3036} INFO - Sync 1 DAGs
[2024-02-02T15:31:03.392+0000] {logging_mixin.py:188} INFO - [2024-02-02T15:31:03.391+0000] {dag.py:3823} INFO - Setting next_dagrun for example_xcom to 2021-01-01 00:00:00+00:00, run_after=2021-01-01 00:00:00+00:00
[2024-02-02T15:31:03.416+0000] {processor.py:183} INFO - Processing /home/airflow/.local/lib/python3.8/site-packages/airflow/example_dags/example_xcom.py took 0.089 seconds
[2024-02-02T15:31:34.480+0000] {processor.py:161} INFO - Started process (PID=9158) to work on /home/airflow/.local/lib/python3.8/site-packages/airflow/example_dags/example_xcom.py
[2024-02-02T15:31:34.482+0000] {processor.py:830} INFO - Processing file /home/airflow/.local/lib/python3.8/site-packages/airflow/example_dags/example_xcom.py for tasks to queue
[2024-02-02T15:31:34.483+0000] {logging_mixin.py:188} INFO - [2024-02-02T15:31:34.483+0000] {dagbag.py:538} INFO - Filling up the DagBag from /home/airflow/.local/lib/python3.8/site-packages/airflow/example_dags/example_xcom.py
[2024-02-02T15:31:34.493+0000] {processor.py:840} INFO - DAG(s) 'example_xcom' retrieved from /home/airflow/.local/lib/python3.8/site-packages/airflow/example_dags/example_xcom.py
[2024-02-02T15:31:34.520+0000] {logging_mixin.py:188} INFO - [2024-02-02T15:31:34.519+0000] {dag.py:3036} INFO - Sync 1 DAGs
[2024-02-02T15:31:34.545+0000] {logging_mixin.py:188} INFO - [2024-02-02T15:31:34.545+0000] {dag.py:3823} INFO - Setting next_dagrun for example_xcom to 2021-01-01 00:00:00+00:00, run_after=2021-01-01 00:00:00+00:00
[2024-02-02T15:31:34.572+0000] {processor.py:183} INFO - Processing /home/airflow/.local/lib/python3.8/site-packages/airflow/example_dags/example_xcom.py took 0.098 seconds
[2024-02-02T15:32:04.852+0000] {processor.py:161} INFO - Started process (PID=9407) to work on /home/airflow/.local/lib/python3.8/site-packages/airflow/example_dags/example_xcom.py
[2024-02-02T15:32:04.853+0000] {processor.py:830} INFO - Processing file /home/airflow/.local/lib/python3.8/site-packages/airflow/example_dags/example_xcom.py for tasks to queue
[2024-02-02T15:32:04.856+0000] {logging_mixin.py:188} INFO - [2024-02-02T15:32:04.855+0000] {dagbag.py:538} INFO - Filling up the DagBag from /home/airflow/.local/lib/python3.8/site-packages/airflow/example_dags/example_xcom.py
[2024-02-02T15:32:04.868+0000] {processor.py:840} INFO - DAG(s) 'example_xcom' retrieved from /home/airflow/.local/lib/python3.8/site-packages/airflow/example_dags/example_xcom.py
[2024-02-02T15:32:04.902+0000] {logging_mixin.py:188} INFO - [2024-02-02T15:32:04.902+0000] {dag.py:3036} INFO - Sync 1 DAGs
[2024-02-02T15:32:04.938+0000] {logging_mixin.py:188} INFO - [2024-02-02T15:32:04.938+0000] {dag.py:3823} INFO - Setting next_dagrun for example_xcom to 2021-01-01 00:00:00+00:00, run_after=2021-01-01 00:00:00+00:00
[2024-02-02T15:32:04.972+0000] {processor.py:183} INFO - Processing /home/airflow/.local/lib/python3.8/site-packages/airflow/example_dags/example_xcom.py took 0.126 seconds
[2024-02-02T15:32:35.133+0000] {processor.py:161} INFO - Started process (PID=9652) to work on /home/airflow/.local/lib/python3.8/site-packages/airflow/example_dags/example_xcom.py
[2024-02-02T15:32:35.134+0000] {processor.py:830} INFO - Processing file /home/airflow/.local/lib/python3.8/site-packages/airflow/example_dags/example_xcom.py for tasks to queue
[2024-02-02T15:32:35.136+0000] {logging_mixin.py:188} INFO - [2024-02-02T15:32:35.135+0000] {dagbag.py:538} INFO - Filling up the DagBag from /home/airflow/.local/lib/python3.8/site-packages/airflow/example_dags/example_xcom.py
[2024-02-02T15:32:35.145+0000] {processor.py:840} INFO - DAG(s) 'example_xcom' retrieved from /home/airflow/.local/lib/python3.8/site-packages/airflow/example_dags/example_xcom.py
[2024-02-02T15:32:35.171+0000] {logging_mixin.py:188} INFO - [2024-02-02T15:32:35.171+0000] {dag.py:3036} INFO - Sync 1 DAGs
[2024-02-02T15:32:35.196+0000] {logging_mixin.py:188} INFO - [2024-02-02T15:32:35.196+0000] {dag.py:3823} INFO - Setting next_dagrun for example_xcom to 2021-01-01 00:00:00+00:00, run_after=2021-01-01 00:00:00+00:00
[2024-02-02T15:32:35.226+0000] {processor.py:183} INFO - Processing /home/airflow/.local/lib/python3.8/site-packages/airflow/example_dags/example_xcom.py took 0.097 seconds
[2024-02-02T15:33:05.880+0000] {processor.py:161} INFO - Started process (PID=9893) to work on /home/airflow/.local/lib/python3.8/site-packages/airflow/example_dags/example_xcom.py
[2024-02-02T15:33:05.882+0000] {processor.py:830} INFO - Processing file /home/airflow/.local/lib/python3.8/site-packages/airflow/example_dags/example_xcom.py for tasks to queue
[2024-02-02T15:33:05.884+0000] {logging_mixin.py:188} INFO - [2024-02-02T15:33:05.883+0000] {dagbag.py:538} INFO - Filling up the DagBag from /home/airflow/.local/lib/python3.8/site-packages/airflow/example_dags/example_xcom.py
[2024-02-02T15:33:05.895+0000] {processor.py:840} INFO - DAG(s) 'example_xcom' retrieved from /home/airflow/.local/lib/python3.8/site-packages/airflow/example_dags/example_xcom.py
[2024-02-02T15:33:05.924+0000] {logging_mixin.py:188} INFO - [2024-02-02T15:33:05.924+0000] {dag.py:3036} INFO - Sync 1 DAGs
[2024-02-02T15:33:05.951+0000] {logging_mixin.py:188} INFO - [2024-02-02T15:33:05.950+0000] {dag.py:3823} INFO - Setting next_dagrun for example_xcom to 2021-01-01 00:00:00+00:00, run_after=2021-01-01 00:00:00+00:00
[2024-02-02T15:33:05.979+0000] {processor.py:183} INFO - Processing /home/airflow/.local/lib/python3.8/site-packages/airflow/example_dags/example_xcom.py took 0.102 seconds
[2024-02-02T15:33:36.798+0000] {processor.py:161} INFO - Started process (PID=10140) to work on /home/airflow/.local/lib/python3.8/site-packages/airflow/example_dags/example_xcom.py
[2024-02-02T15:33:36.800+0000] {processor.py:830} INFO - Processing file /home/airflow/.local/lib/python3.8/site-packages/airflow/example_dags/example_xcom.py for tasks to queue
[2024-02-02T15:33:36.801+0000] {logging_mixin.py:188} INFO - [2024-02-02T15:33:36.801+0000] {dagbag.py:538} INFO - Filling up the DagBag from /home/airflow/.local/lib/python3.8/site-packages/airflow/example_dags/example_xcom.py
[2024-02-02T15:33:36.811+0000] {processor.py:840} INFO - DAG(s) 'example_xcom' retrieved from /home/airflow/.local/lib/python3.8/site-packages/airflow/example_dags/example_xcom.py
[2024-02-02T15:33:36.842+0000] {logging_mixin.py:188} INFO - [2024-02-02T15:33:36.841+0000] {dag.py:3036} INFO - Sync 1 DAGs
[2024-02-02T15:33:36.870+0000] {logging_mixin.py:188} INFO - [2024-02-02T15:33:36.869+0000] {dag.py:3823} INFO - Setting next_dagrun for example_xcom to 2021-01-01 00:00:00+00:00, run_after=2021-01-01 00:00:00+00:00
[2024-02-02T15:33:36.896+0000] {processor.py:183} INFO - Processing /home/airflow/.local/lib/python3.8/site-packages/airflow/example_dags/example_xcom.py took 0.102 seconds
[2024-02-02T15:34:07.551+0000] {processor.py:161} INFO - Started process (PID=10387) to work on /home/airflow/.local/lib/python3.8/site-packages/airflow/example_dags/example_xcom.py
[2024-02-02T15:34:07.552+0000] {processor.py:830} INFO - Processing file /home/airflow/.local/lib/python3.8/site-packages/airflow/example_dags/example_xcom.py for tasks to queue
[2024-02-02T15:34:07.554+0000] {logging_mixin.py:188} INFO - [2024-02-02T15:34:07.554+0000] {dagbag.py:538} INFO - Filling up the DagBag from /home/airflow/.local/lib/python3.8/site-packages/airflow/example_dags/example_xcom.py
[2024-02-02T15:34:07.564+0000] {processor.py:840} INFO - DAG(s) 'example_xcom' retrieved from /home/airflow/.local/lib/python3.8/site-packages/airflow/example_dags/example_xcom.py
[2024-02-02T15:34:07.589+0000] {logging_mixin.py:188} INFO - [2024-02-02T15:34:07.589+0000] {dag.py:3036} INFO - Sync 1 DAGs
[2024-02-02T15:34:07.616+0000] {logging_mixin.py:188} INFO - [2024-02-02T15:34:07.616+0000] {dag.py:3823} INFO - Setting next_dagrun for example_xcom to 2021-01-01 00:00:00+00:00, run_after=2021-01-01 00:00:00+00:00
[2024-02-02T15:34:07.643+0000] {processor.py:183} INFO - Processing /home/airflow/.local/lib/python3.8/site-packages/airflow/example_dags/example_xcom.py took 0.097 seconds
[2024-02-02T15:34:37.944+0000] {processor.py:161} INFO - Started process (PID=10634) to work on /home/airflow/.local/lib/python3.8/site-packages/airflow/example_dags/example_xcom.py
[2024-02-02T15:34:37.945+0000] {processor.py:830} INFO - Processing file /home/airflow/.local/lib/python3.8/site-packages/airflow/example_dags/example_xcom.py for tasks to queue
[2024-02-02T15:34:37.947+0000] {logging_mixin.py:188} INFO - [2024-02-02T15:34:37.946+0000] {dagbag.py:538} INFO - Filling up the DagBag from /home/airflow/.local/lib/python3.8/site-packages/airflow/example_dags/example_xcom.py
[2024-02-02T15:34:37.956+0000] {processor.py:840} INFO - DAG(s) 'example_xcom' retrieved from /home/airflow/.local/lib/python3.8/site-packages/airflow/example_dags/example_xcom.py
[2024-02-02T15:34:37.982+0000] {logging_mixin.py:188} INFO - [2024-02-02T15:34:37.982+0000] {dag.py:3036} INFO - Sync 1 DAGs
[2024-02-02T15:34:38.009+0000] {logging_mixin.py:188} INFO - [2024-02-02T15:34:38.009+0000] {dag.py:3823} INFO - Setting next_dagrun for example_xcom to 2021-01-01 00:00:00+00:00, run_after=2021-01-01 00:00:00+00:00
[2024-02-02T15:34:38.037+0000] {processor.py:183} INFO - Processing /home/airflow/.local/lib/python3.8/site-packages/airflow/example_dags/example_xcom.py took 0.097 seconds
[2024-02-02T15:35:08.294+0000] {processor.py:161} INFO - Started process (PID=10881) to work on /home/airflow/.local/lib/python3.8/site-packages/airflow/example_dags/example_xcom.py
[2024-02-02T15:35:08.296+0000] {processor.py:830} INFO - Processing file /home/airflow/.local/lib/python3.8/site-packages/airflow/example_dags/example_xcom.py for tasks to queue
[2024-02-02T15:35:08.298+0000] {logging_mixin.py:188} INFO - [2024-02-02T15:35:08.298+0000] {dagbag.py:538} INFO - Filling up the DagBag from /home/airflow/.local/lib/python3.8/site-packages/airflow/example_dags/example_xcom.py
[2024-02-02T15:35:08.311+0000] {processor.py:840} INFO - DAG(s) 'example_xcom' retrieved from /home/airflow/.local/lib/python3.8/site-packages/airflow/example_dags/example_xcom.py
[2024-02-02T15:35:08.347+0000] {logging_mixin.py:188} INFO - [2024-02-02T15:35:08.347+0000] {dag.py:3036} INFO - Sync 1 DAGs
[2024-02-02T15:35:08.379+0000] {logging_mixin.py:188} INFO - [2024-02-02T15:35:08.379+0000] {dag.py:3823} INFO - Setting next_dagrun for example_xcom to 2021-01-01 00:00:00+00:00, run_after=2021-01-01 00:00:00+00:00
[2024-02-02T15:35:08.407+0000] {processor.py:183} INFO - Processing /home/airflow/.local/lib/python3.8/site-packages/airflow/example_dags/example_xcom.py took 0.119 seconds
[2024-02-02T15:35:38.591+0000] {processor.py:161} INFO - Started process (PID=11128) to work on /home/airflow/.local/lib/python3.8/site-packages/airflow/example_dags/example_xcom.py
[2024-02-02T15:35:38.593+0000] {processor.py:830} INFO - Processing file /home/airflow/.local/lib/python3.8/site-packages/airflow/example_dags/example_xcom.py for tasks to queue
[2024-02-02T15:35:38.594+0000] {logging_mixin.py:188} INFO - [2024-02-02T15:35:38.594+0000] {dagbag.py:538} INFO - Filling up the DagBag from /home/airflow/.local/lib/python3.8/site-packages/airflow/example_dags/example_xcom.py
[2024-02-02T15:35:38.605+0000] {processor.py:840} INFO - DAG(s) 'example_xcom' retrieved from /home/airflow/.local/lib/python3.8/site-packages/airflow/example_dags/example_xcom.py
[2024-02-02T15:35:38.632+0000] {logging_mixin.py:188} INFO - [2024-02-02T15:35:38.631+0000] {dag.py:3036} INFO - Sync 1 DAGs
[2024-02-02T15:35:38.662+0000] {logging_mixin.py:188} INFO - [2024-02-02T15:35:38.662+0000] {dag.py:3823} INFO - Setting next_dagrun for example_xcom to 2021-01-01 00:00:00+00:00, run_after=2021-01-01 00:00:00+00:00
[2024-02-02T15:35:38.690+0000] {processor.py:183} INFO - Processing /home/airflow/.local/lib/python3.8/site-packages/airflow/example_dags/example_xcom.py took 0.104 seconds
[2024-02-02T15:36:09.384+0000] {processor.py:161} INFO - Started process (PID=11375) to work on /home/airflow/.local/lib/python3.8/site-packages/airflow/example_dags/example_xcom.py
[2024-02-02T15:36:09.386+0000] {processor.py:830} INFO - Processing file /home/airflow/.local/lib/python3.8/site-packages/airflow/example_dags/example_xcom.py for tasks to queue
[2024-02-02T15:36:09.389+0000] {logging_mixin.py:188} INFO - [2024-02-02T15:36:09.388+0000] {dagbag.py:538} INFO - Filling up the DagBag from /home/airflow/.local/lib/python3.8/site-packages/airflow/example_dags/example_xcom.py
[2024-02-02T15:36:09.406+0000] {processor.py:840} INFO - DAG(s) 'example_xcom' retrieved from /home/airflow/.local/lib/python3.8/site-packages/airflow/example_dags/example_xcom.py
[2024-02-02T15:36:09.447+0000] {logging_mixin.py:188} INFO - [2024-02-02T15:36:09.446+0000] {dag.py:3036} INFO - Sync 1 DAGs
[2024-02-02T15:36:09.489+0000] {logging_mixin.py:188} INFO - [2024-02-02T15:36:09.489+0000] {dag.py:3823} INFO - Setting next_dagrun for example_xcom to 2021-01-01 00:00:00+00:00, run_after=2021-01-01 00:00:00+00:00
[2024-02-02T15:36:09.529+0000] {processor.py:183} INFO - Processing /home/airflow/.local/lib/python3.8/site-packages/airflow/example_dags/example_xcom.py took 0.152 seconds
