[2024-02-02T15:13:18.128+0000] {processor.py:161} INFO - Started process (PID=266) to work on /home/airflow/.local/lib/python3.8/site-packages/airflow/example_dags/example_skip_dag.py
[2024-02-02T15:13:18.129+0000] {processor.py:830} INFO - Processing file /home/airflow/.local/lib/python3.8/site-packages/airflow/example_dags/example_skip_dag.py for tasks to queue
[2024-02-02T15:13:18.130+0000] {logging_mixin.py:188} INFO - [2024-02-02T15:13:18.130+0000] {dagbag.py:538} INFO - Filling up the DagBag from /home/airflow/.local/lib/python3.8/site-packages/airflow/example_dags/example_skip_dag.py
[2024-02-02T15:13:18.144+0000] {processor.py:840} INFO - DAG(s) 'example_skip_dag' retrieved from /home/airflow/.local/lib/python3.8/site-packages/airflow/example_dags/example_skip_dag.py
[2024-02-02T15:13:18.159+0000] {logging_mixin.py:188} INFO - [2024-02-02T15:13:18.158+0000] {dag.py:3036} INFO - Sync 1 DAGs
[2024-02-02T15:13:18.195+0000] {logging_mixin.py:188} INFO - [2024-02-02T15:13:18.195+0000] {dag.py:3823} INFO - Setting next_dagrun for example_skip_dag to 2024-02-01 00:00:00+00:00, run_after=2024-02-02 00:00:00+00:00
[2024-02-02T15:13:18.219+0000] {processor.py:183} INFO - Processing /home/airflow/.local/lib/python3.8/site-packages/airflow/example_dags/example_skip_dag.py took 0.096 seconds
[2024-02-02T15:13:50.152+0000] {processor.py:161} INFO - Started process (PID=513) to work on /home/airflow/.local/lib/python3.8/site-packages/airflow/example_dags/example_skip_dag.py
[2024-02-02T15:13:50.153+0000] {processor.py:830} INFO - Processing file /home/airflow/.local/lib/python3.8/site-packages/airflow/example_dags/example_skip_dag.py for tasks to queue
[2024-02-02T15:13:50.155+0000] {logging_mixin.py:188} INFO - [2024-02-02T15:13:50.155+0000] {dagbag.py:538} INFO - Filling up the DagBag from /home/airflow/.local/lib/python3.8/site-packages/airflow/example_dags/example_skip_dag.py
[2024-02-02T15:13:50.169+0000] {processor.py:840} INFO - DAG(s) 'example_skip_dag' retrieved from /home/airflow/.local/lib/python3.8/site-packages/airflow/example_dags/example_skip_dag.py
[2024-02-02T15:13:50.374+0000] {logging_mixin.py:188} INFO - [2024-02-02T15:13:50.373+0000] {dag.py:3036} INFO - Sync 1 DAGs
[2024-02-02T15:13:50.403+0000] {logging_mixin.py:188} INFO - [2024-02-02T15:13:50.403+0000] {dag.py:3823} INFO - Setting next_dagrun for example_skip_dag to 2024-02-01 00:00:00+00:00, run_after=2024-02-02 00:00:00+00:00
[2024-02-02T15:13:50.431+0000] {processor.py:183} INFO - Processing /home/airflow/.local/lib/python3.8/site-packages/airflow/example_dags/example_skip_dag.py took 0.286 seconds
[2024-02-02T15:14:20.760+0000] {processor.py:161} INFO - Started process (PID=760) to work on /home/airflow/.local/lib/python3.8/site-packages/airflow/example_dags/example_skip_dag.py
[2024-02-02T15:14:20.763+0000] {processor.py:830} INFO - Processing file /home/airflow/.local/lib/python3.8/site-packages/airflow/example_dags/example_skip_dag.py for tasks to queue
[2024-02-02T15:14:20.766+0000] {logging_mixin.py:188} INFO - [2024-02-02T15:14:20.765+0000] {dagbag.py:538} INFO - Filling up the DagBag from /home/airflow/.local/lib/python3.8/site-packages/airflow/example_dags/example_skip_dag.py
[2024-02-02T15:14:20.783+0000] {processor.py:840} INFO - DAG(s) 'example_skip_dag' retrieved from /home/airflow/.local/lib/python3.8/site-packages/airflow/example_dags/example_skip_dag.py
[2024-02-02T15:14:20.820+0000] {logging_mixin.py:188} INFO - [2024-02-02T15:14:20.820+0000] {dag.py:3036} INFO - Sync 1 DAGs
[2024-02-02T15:14:20.860+0000] {logging_mixin.py:188} INFO - [2024-02-02T15:14:20.860+0000] {dag.py:3823} INFO - Setting next_dagrun for example_skip_dag to 2024-02-01 00:00:00+00:00, run_after=2024-02-02 00:00:00+00:00
[2024-02-02T15:14:20.890+0000] {processor.py:183} INFO - Processing /home/airflow/.local/lib/python3.8/site-packages/airflow/example_dags/example_skip_dag.py took 0.136 seconds
[2024-02-02T15:14:51.218+0000] {processor.py:161} INFO - Started process (PID=1007) to work on /home/airflow/.local/lib/python3.8/site-packages/airflow/example_dags/example_skip_dag.py
[2024-02-02T15:14:51.220+0000] {processor.py:830} INFO - Processing file /home/airflow/.local/lib/python3.8/site-packages/airflow/example_dags/example_skip_dag.py for tasks to queue
[2024-02-02T15:14:51.222+0000] {logging_mixin.py:188} INFO - [2024-02-02T15:14:51.221+0000] {dagbag.py:538} INFO - Filling up the DagBag from /home/airflow/.local/lib/python3.8/site-packages/airflow/example_dags/example_skip_dag.py
[2024-02-02T15:14:51.231+0000] {processor.py:840} INFO - DAG(s) 'example_skip_dag' retrieved from /home/airflow/.local/lib/python3.8/site-packages/airflow/example_dags/example_skip_dag.py
[2024-02-02T15:14:51.258+0000] {logging_mixin.py:188} INFO - [2024-02-02T15:14:51.258+0000] {dag.py:3036} INFO - Sync 1 DAGs
[2024-02-02T15:14:51.287+0000] {logging_mixin.py:188} INFO - [2024-02-02T15:14:51.287+0000] {dag.py:3823} INFO - Setting next_dagrun for example_skip_dag to 2024-02-01 00:00:00+00:00, run_after=2024-02-02 00:00:00+00:00
[2024-02-02T15:14:51.310+0000] {processor.py:183} INFO - Processing /home/airflow/.local/lib/python3.8/site-packages/airflow/example_dags/example_skip_dag.py took 0.096 seconds
[2024-02-02T15:15:21.563+0000] {processor.py:161} INFO - Started process (PID=1254) to work on /home/airflow/.local/lib/python3.8/site-packages/airflow/example_dags/example_skip_dag.py
[2024-02-02T15:15:21.564+0000] {processor.py:830} INFO - Processing file /home/airflow/.local/lib/python3.8/site-packages/airflow/example_dags/example_skip_dag.py for tasks to queue
[2024-02-02T15:15:21.566+0000] {logging_mixin.py:188} INFO - [2024-02-02T15:15:21.565+0000] {dagbag.py:538} INFO - Filling up the DagBag from /home/airflow/.local/lib/python3.8/site-packages/airflow/example_dags/example_skip_dag.py
[2024-02-02T15:15:21.575+0000] {processor.py:840} INFO - DAG(s) 'example_skip_dag' retrieved from /home/airflow/.local/lib/python3.8/site-packages/airflow/example_dags/example_skip_dag.py
[2024-02-02T15:15:21.603+0000] {logging_mixin.py:188} INFO - [2024-02-02T15:15:21.602+0000] {dag.py:3036} INFO - Sync 1 DAGs
[2024-02-02T15:15:21.634+0000] {logging_mixin.py:188} INFO - [2024-02-02T15:15:21.634+0000] {dag.py:3823} INFO - Setting next_dagrun for example_skip_dag to 2024-02-01 00:00:00+00:00, run_after=2024-02-02 00:00:00+00:00
[2024-02-02T15:15:21.660+0000] {processor.py:183} INFO - Processing /home/airflow/.local/lib/python3.8/site-packages/airflow/example_dags/example_skip_dag.py took 0.102 seconds
[2024-02-02T15:15:52.049+0000] {processor.py:161} INFO - Started process (PID=1501) to work on /home/airflow/.local/lib/python3.8/site-packages/airflow/example_dags/example_skip_dag.py
[2024-02-02T15:15:52.051+0000] {processor.py:830} INFO - Processing file /home/airflow/.local/lib/python3.8/site-packages/airflow/example_dags/example_skip_dag.py for tasks to queue
[2024-02-02T15:15:52.053+0000] {logging_mixin.py:188} INFO - [2024-02-02T15:15:52.052+0000] {dagbag.py:538} INFO - Filling up the DagBag from /home/airflow/.local/lib/python3.8/site-packages/airflow/example_dags/example_skip_dag.py
[2024-02-02T15:15:52.068+0000] {processor.py:840} INFO - DAG(s) 'example_skip_dag' retrieved from /home/airflow/.local/lib/python3.8/site-packages/airflow/example_dags/example_skip_dag.py
[2024-02-02T15:15:52.108+0000] {logging_mixin.py:188} INFO - [2024-02-02T15:15:52.107+0000] {dag.py:3036} INFO - Sync 1 DAGs
[2024-02-02T15:15:52.149+0000] {logging_mixin.py:188} INFO - [2024-02-02T15:15:52.148+0000] {dag.py:3823} INFO - Setting next_dagrun for example_skip_dag to 2024-02-01 00:00:00+00:00, run_after=2024-02-02 00:00:00+00:00
[2024-02-02T15:15:52.192+0000] {processor.py:183} INFO - Processing /home/airflow/.local/lib/python3.8/site-packages/airflow/example_dags/example_skip_dag.py took 0.150 seconds
[2024-02-02T15:16:22.389+0000] {processor.py:161} INFO - Started process (PID=1748) to work on /home/airflow/.local/lib/python3.8/site-packages/airflow/example_dags/example_skip_dag.py
[2024-02-02T15:16:22.393+0000] {processor.py:830} INFO - Processing file /home/airflow/.local/lib/python3.8/site-packages/airflow/example_dags/example_skip_dag.py for tasks to queue
[2024-02-02T15:16:22.395+0000] {logging_mixin.py:188} INFO - [2024-02-02T15:16:22.394+0000] {dagbag.py:538} INFO - Filling up the DagBag from /home/airflow/.local/lib/python3.8/site-packages/airflow/example_dags/example_skip_dag.py
[2024-02-02T15:16:22.405+0000] {processor.py:840} INFO - DAG(s) 'example_skip_dag' retrieved from /home/airflow/.local/lib/python3.8/site-packages/airflow/example_dags/example_skip_dag.py
[2024-02-02T15:16:22.445+0000] {logging_mixin.py:188} INFO - [2024-02-02T15:16:22.445+0000] {dag.py:3036} INFO - Sync 1 DAGs
[2024-02-02T15:16:22.486+0000] {logging_mixin.py:188} INFO - [2024-02-02T15:16:22.486+0000] {dag.py:3823} INFO - Setting next_dagrun for example_skip_dag to 2024-02-01 00:00:00+00:00, run_after=2024-02-02 00:00:00+00:00
[2024-02-02T15:16:22.525+0000] {processor.py:183} INFO - Processing /home/airflow/.local/lib/python3.8/site-packages/airflow/example_dags/example_skip_dag.py took 0.142 seconds
[2024-02-02T15:16:52.968+0000] {processor.py:161} INFO - Started process (PID=1997) to work on /home/airflow/.local/lib/python3.8/site-packages/airflow/example_dags/example_skip_dag.py
[2024-02-02T15:16:52.969+0000] {processor.py:830} INFO - Processing file /home/airflow/.local/lib/python3.8/site-packages/airflow/example_dags/example_skip_dag.py for tasks to queue
[2024-02-02T15:16:52.971+0000] {logging_mixin.py:188} INFO - [2024-02-02T15:16:52.970+0000] {dagbag.py:538} INFO - Filling up the DagBag from /home/airflow/.local/lib/python3.8/site-packages/airflow/example_dags/example_skip_dag.py
[2024-02-02T15:16:52.981+0000] {processor.py:840} INFO - DAG(s) 'example_skip_dag' retrieved from /home/airflow/.local/lib/python3.8/site-packages/airflow/example_dags/example_skip_dag.py
[2024-02-02T15:16:53.012+0000] {logging_mixin.py:188} INFO - [2024-02-02T15:16:53.011+0000] {dag.py:3036} INFO - Sync 1 DAGs
[2024-02-02T15:16:53.039+0000] {logging_mixin.py:188} INFO - [2024-02-02T15:16:53.039+0000] {dag.py:3823} INFO - Setting next_dagrun for example_skip_dag to 2024-02-01 00:00:00+00:00, run_after=2024-02-02 00:00:00+00:00
[2024-02-02T15:16:53.068+0000] {processor.py:183} INFO - Processing /home/airflow/.local/lib/python3.8/site-packages/airflow/example_dags/example_skip_dag.py took 0.104 seconds
[2024-02-02T15:17:23.283+0000] {processor.py:161} INFO - Started process (PID=2242) to work on /home/airflow/.local/lib/python3.8/site-packages/airflow/example_dags/example_skip_dag.py
[2024-02-02T15:17:23.285+0000] {processor.py:830} INFO - Processing file /home/airflow/.local/lib/python3.8/site-packages/airflow/example_dags/example_skip_dag.py for tasks to queue
[2024-02-02T15:17:23.286+0000] {logging_mixin.py:188} INFO - [2024-02-02T15:17:23.286+0000] {dagbag.py:538} INFO - Filling up the DagBag from /home/airflow/.local/lib/python3.8/site-packages/airflow/example_dags/example_skip_dag.py
[2024-02-02T15:17:23.297+0000] {processor.py:840} INFO - DAG(s) 'example_skip_dag' retrieved from /home/airflow/.local/lib/python3.8/site-packages/airflow/example_dags/example_skip_dag.py
[2024-02-02T15:17:23.332+0000] {logging_mixin.py:188} INFO - [2024-02-02T15:17:23.331+0000] {dag.py:3036} INFO - Sync 1 DAGs
[2024-02-02T15:17:23.373+0000] {logging_mixin.py:188} INFO - [2024-02-02T15:17:23.372+0000] {dag.py:3823} INFO - Setting next_dagrun for example_skip_dag to 2024-02-01 00:00:00+00:00, run_after=2024-02-02 00:00:00+00:00
[2024-02-02T15:17:23.402+0000] {processor.py:183} INFO - Processing /home/airflow/.local/lib/python3.8/site-packages/airflow/example_dags/example_skip_dag.py took 0.125 seconds
[2024-02-02T15:17:53.606+0000] {processor.py:161} INFO - Started process (PID=2489) to work on /home/airflow/.local/lib/python3.8/site-packages/airflow/example_dags/example_skip_dag.py
[2024-02-02T15:17:53.607+0000] {processor.py:830} INFO - Processing file /home/airflow/.local/lib/python3.8/site-packages/airflow/example_dags/example_skip_dag.py for tasks to queue
[2024-02-02T15:17:53.609+0000] {logging_mixin.py:188} INFO - [2024-02-02T15:17:53.608+0000] {dagbag.py:538} INFO - Filling up the DagBag from /home/airflow/.local/lib/python3.8/site-packages/airflow/example_dags/example_skip_dag.py
[2024-02-02T15:17:53.623+0000] {processor.py:840} INFO - DAG(s) 'example_skip_dag' retrieved from /home/airflow/.local/lib/python3.8/site-packages/airflow/example_dags/example_skip_dag.py
[2024-02-02T15:17:53.652+0000] {logging_mixin.py:188} INFO - [2024-02-02T15:17:53.651+0000] {dag.py:3036} INFO - Sync 1 DAGs
[2024-02-02T15:17:53.684+0000] {logging_mixin.py:188} INFO - [2024-02-02T15:17:53.684+0000] {dag.py:3823} INFO - Setting next_dagrun for example_skip_dag to 2024-02-01 00:00:00+00:00, run_after=2024-02-02 00:00:00+00:00
[2024-02-02T15:17:53.712+0000] {processor.py:183} INFO - Processing /home/airflow/.local/lib/python3.8/site-packages/airflow/example_dags/example_skip_dag.py took 0.112 seconds
[2024-02-02T15:18:23.748+0000] {processor.py:161} INFO - Started process (PID=2779) to work on /home/airflow/.local/lib/python3.8/site-packages/airflow/example_dags/example_skip_dag.py
[2024-02-02T15:18:23.749+0000] {processor.py:830} INFO - Processing file /home/airflow/.local/lib/python3.8/site-packages/airflow/example_dags/example_skip_dag.py for tasks to queue
[2024-02-02T15:18:23.751+0000] {logging_mixin.py:188} INFO - [2024-02-02T15:18:23.750+0000] {dagbag.py:538} INFO - Filling up the DagBag from /home/airflow/.local/lib/python3.8/site-packages/airflow/example_dags/example_skip_dag.py
[2024-02-02T15:18:23.760+0000] {processor.py:840} INFO - DAG(s) 'example_skip_dag' retrieved from /home/airflow/.local/lib/python3.8/site-packages/airflow/example_dags/example_skip_dag.py
[2024-02-02T15:18:23.792+0000] {logging_mixin.py:188} INFO - [2024-02-02T15:18:23.791+0000] {dag.py:3036} INFO - Sync 1 DAGs
[2024-02-02T15:18:23.824+0000] {logging_mixin.py:188} INFO - [2024-02-02T15:18:23.824+0000] {dag.py:3823} INFO - Setting next_dagrun for example_skip_dag to 2024-02-01 00:00:00+00:00, run_after=2024-02-02 00:00:00+00:00
[2024-02-02T15:18:23.856+0000] {processor.py:183} INFO - Processing /home/airflow/.local/lib/python3.8/site-packages/airflow/example_dags/example_skip_dag.py took 0.114 seconds
[2024-02-02T15:18:54.346+0000] {processor.py:161} INFO - Started process (PID=3026) to work on /home/airflow/.local/lib/python3.8/site-packages/airflow/example_dags/example_skip_dag.py
[2024-02-02T15:18:54.349+0000] {processor.py:830} INFO - Processing file /home/airflow/.local/lib/python3.8/site-packages/airflow/example_dags/example_skip_dag.py for tasks to queue
[2024-02-02T15:18:54.350+0000] {logging_mixin.py:188} INFO - [2024-02-02T15:18:54.350+0000] {dagbag.py:538} INFO - Filling up the DagBag from /home/airflow/.local/lib/python3.8/site-packages/airflow/example_dags/example_skip_dag.py
[2024-02-02T15:18:54.363+0000] {processor.py:840} INFO - DAG(s) 'example_skip_dag' retrieved from /home/airflow/.local/lib/python3.8/site-packages/airflow/example_dags/example_skip_dag.py
[2024-02-02T15:18:54.407+0000] {logging_mixin.py:188} INFO - [2024-02-02T15:18:54.407+0000] {dag.py:3036} INFO - Sync 1 DAGs
[2024-02-02T15:18:54.453+0000] {logging_mixin.py:188} INFO - [2024-02-02T15:18:54.453+0000] {dag.py:3823} INFO - Setting next_dagrun for example_skip_dag to 2024-02-01 00:00:00+00:00, run_after=2024-02-02 00:00:00+00:00
[2024-02-02T15:18:54.479+0000] {processor.py:183} INFO - Processing /home/airflow/.local/lib/python3.8/site-packages/airflow/example_dags/example_skip_dag.py took 0.137 seconds
[2024-02-02T15:19:24.592+0000] {processor.py:161} INFO - Started process (PID=3276) to work on /home/airflow/.local/lib/python3.8/site-packages/airflow/example_dags/example_skip_dag.py
[2024-02-02T15:19:24.593+0000] {processor.py:830} INFO - Processing file /home/airflow/.local/lib/python3.8/site-packages/airflow/example_dags/example_skip_dag.py for tasks to queue
[2024-02-02T15:19:24.595+0000] {logging_mixin.py:188} INFO - [2024-02-02T15:19:24.594+0000] {dagbag.py:538} INFO - Filling up the DagBag from /home/airflow/.local/lib/python3.8/site-packages/airflow/example_dags/example_skip_dag.py
[2024-02-02T15:19:24.604+0000] {processor.py:840} INFO - DAG(s) 'example_skip_dag' retrieved from /home/airflow/.local/lib/python3.8/site-packages/airflow/example_dags/example_skip_dag.py
[2024-02-02T15:19:24.629+0000] {logging_mixin.py:188} INFO - [2024-02-02T15:19:24.629+0000] {dag.py:3036} INFO - Sync 1 DAGs
[2024-02-02T15:19:24.657+0000] {logging_mixin.py:188} INFO - [2024-02-02T15:19:24.656+0000] {dag.py:3823} INFO - Setting next_dagrun for example_skip_dag to 2024-02-01 00:00:00+00:00, run_after=2024-02-02 00:00:00+00:00
[2024-02-02T15:19:24.679+0000] {processor.py:183} INFO - Processing /home/airflow/.local/lib/python3.8/site-packages/airflow/example_dags/example_skip_dag.py took 0.091 seconds
[2024-02-02T15:19:55.096+0000] {processor.py:161} INFO - Started process (PID=3523) to work on /home/airflow/.local/lib/python3.8/site-packages/airflow/example_dags/example_skip_dag.py
[2024-02-02T15:19:55.097+0000] {processor.py:830} INFO - Processing file /home/airflow/.local/lib/python3.8/site-packages/airflow/example_dags/example_skip_dag.py for tasks to queue
[2024-02-02T15:19:55.098+0000] {logging_mixin.py:188} INFO - [2024-02-02T15:19:55.098+0000] {dagbag.py:538} INFO - Filling up the DagBag from /home/airflow/.local/lib/python3.8/site-packages/airflow/example_dags/example_skip_dag.py
[2024-02-02T15:19:55.107+0000] {processor.py:840} INFO - DAG(s) 'example_skip_dag' retrieved from /home/airflow/.local/lib/python3.8/site-packages/airflow/example_dags/example_skip_dag.py
[2024-02-02T15:19:55.130+0000] {logging_mixin.py:188} INFO - [2024-02-02T15:19:55.130+0000] {dag.py:3036} INFO - Sync 1 DAGs
[2024-02-02T15:19:55.155+0000] {logging_mixin.py:188} INFO - [2024-02-02T15:19:55.155+0000] {dag.py:3823} INFO - Setting next_dagrun for example_skip_dag to 2024-02-01 00:00:00+00:00, run_after=2024-02-02 00:00:00+00:00
[2024-02-02T15:19:55.178+0000] {processor.py:183} INFO - Processing /home/airflow/.local/lib/python3.8/site-packages/airflow/example_dags/example_skip_dag.py took 0.087 seconds
[2024-02-02T15:20:25.569+0000] {processor.py:161} INFO - Started process (PID=3770) to work on /home/airflow/.local/lib/python3.8/site-packages/airflow/example_dags/example_skip_dag.py
[2024-02-02T15:20:25.571+0000] {processor.py:830} INFO - Processing file /home/airflow/.local/lib/python3.8/site-packages/airflow/example_dags/example_skip_dag.py for tasks to queue
[2024-02-02T15:20:25.572+0000] {logging_mixin.py:188} INFO - [2024-02-02T15:20:25.572+0000] {dagbag.py:538} INFO - Filling up the DagBag from /home/airflow/.local/lib/python3.8/site-packages/airflow/example_dags/example_skip_dag.py
[2024-02-02T15:20:25.579+0000] {processor.py:840} INFO - DAG(s) 'example_skip_dag' retrieved from /home/airflow/.local/lib/python3.8/site-packages/airflow/example_dags/example_skip_dag.py
[2024-02-02T15:20:25.604+0000] {logging_mixin.py:188} INFO - [2024-02-02T15:20:25.604+0000] {dag.py:3036} INFO - Sync 1 DAGs
[2024-02-02T15:20:25.629+0000] {logging_mixin.py:188} INFO - [2024-02-02T15:20:25.629+0000] {dag.py:3823} INFO - Setting next_dagrun for example_skip_dag to 2024-02-01 00:00:00+00:00, run_after=2024-02-02 00:00:00+00:00
[2024-02-02T15:20:25.654+0000] {processor.py:183} INFO - Processing /home/airflow/.local/lib/python3.8/site-packages/airflow/example_dags/example_skip_dag.py took 0.089 seconds
[2024-02-02T15:20:55.780+0000] {processor.py:161} INFO - Started process (PID=4015) to work on /home/airflow/.local/lib/python3.8/site-packages/airflow/example_dags/example_skip_dag.py
[2024-02-02T15:20:55.782+0000] {processor.py:830} INFO - Processing file /home/airflow/.local/lib/python3.8/site-packages/airflow/example_dags/example_skip_dag.py for tasks to queue
[2024-02-02T15:20:55.783+0000] {logging_mixin.py:188} INFO - [2024-02-02T15:20:55.783+0000] {dagbag.py:538} INFO - Filling up the DagBag from /home/airflow/.local/lib/python3.8/site-packages/airflow/example_dags/example_skip_dag.py
[2024-02-02T15:20:55.791+0000] {processor.py:840} INFO - DAG(s) 'example_skip_dag' retrieved from /home/airflow/.local/lib/python3.8/site-packages/airflow/example_dags/example_skip_dag.py
[2024-02-02T15:20:55.817+0000] {logging_mixin.py:188} INFO - [2024-02-02T15:20:55.817+0000] {dag.py:3036} INFO - Sync 1 DAGs
[2024-02-02T15:20:55.853+0000] {logging_mixin.py:188} INFO - [2024-02-02T15:20:55.852+0000] {dag.py:3823} INFO - Setting next_dagrun for example_skip_dag to 2024-02-01 00:00:00+00:00, run_after=2024-02-02 00:00:00+00:00
[2024-02-02T15:20:55.888+0000] {processor.py:183} INFO - Processing /home/airflow/.local/lib/python3.8/site-packages/airflow/example_dags/example_skip_dag.py took 0.112 seconds
[2024-02-02T15:21:26.168+0000] {processor.py:161} INFO - Started process (PID=4262) to work on /home/airflow/.local/lib/python3.8/site-packages/airflow/example_dags/example_skip_dag.py
[2024-02-02T15:21:26.170+0000] {processor.py:830} INFO - Processing file /home/airflow/.local/lib/python3.8/site-packages/airflow/example_dags/example_skip_dag.py for tasks to queue
[2024-02-02T15:21:26.171+0000] {logging_mixin.py:188} INFO - [2024-02-02T15:21:26.171+0000] {dagbag.py:538} INFO - Filling up the DagBag from /home/airflow/.local/lib/python3.8/site-packages/airflow/example_dags/example_skip_dag.py
[2024-02-02T15:21:26.180+0000] {processor.py:840} INFO - DAG(s) 'example_skip_dag' retrieved from /home/airflow/.local/lib/python3.8/site-packages/airflow/example_dags/example_skip_dag.py
[2024-02-02T15:21:26.206+0000] {logging_mixin.py:188} INFO - [2024-02-02T15:21:26.206+0000] {dag.py:3036} INFO - Sync 1 DAGs
[2024-02-02T15:21:26.236+0000] {logging_mixin.py:188} INFO - [2024-02-02T15:21:26.235+0000] {dag.py:3823} INFO - Setting next_dagrun for example_skip_dag to 2024-02-01 00:00:00+00:00, run_after=2024-02-02 00:00:00+00:00
[2024-02-02T15:21:26.266+0000] {processor.py:183} INFO - Processing /home/airflow/.local/lib/python3.8/site-packages/airflow/example_dags/example_skip_dag.py took 0.103 seconds
[2024-02-02T15:21:56.448+0000] {processor.py:161} INFO - Started process (PID=4509) to work on /home/airflow/.local/lib/python3.8/site-packages/airflow/example_dags/example_skip_dag.py
[2024-02-02T15:21:56.449+0000] {processor.py:830} INFO - Processing file /home/airflow/.local/lib/python3.8/site-packages/airflow/example_dags/example_skip_dag.py for tasks to queue
[2024-02-02T15:21:56.451+0000] {logging_mixin.py:188} INFO - [2024-02-02T15:21:56.450+0000] {dagbag.py:538} INFO - Filling up the DagBag from /home/airflow/.local/lib/python3.8/site-packages/airflow/example_dags/example_skip_dag.py
[2024-02-02T15:21:56.460+0000] {processor.py:840} INFO - DAG(s) 'example_skip_dag' retrieved from /home/airflow/.local/lib/python3.8/site-packages/airflow/example_dags/example_skip_dag.py
[2024-02-02T15:21:56.487+0000] {logging_mixin.py:188} INFO - [2024-02-02T15:21:56.486+0000] {dag.py:3036} INFO - Sync 1 DAGs
[2024-02-02T15:21:56.516+0000] {logging_mixin.py:188} INFO - [2024-02-02T15:21:56.516+0000] {dag.py:3823} INFO - Setting next_dagrun for example_skip_dag to 2024-02-01 00:00:00+00:00, run_after=2024-02-02 00:00:00+00:00
[2024-02-02T15:21:56.546+0000] {processor.py:183} INFO - Processing /home/airflow/.local/lib/python3.8/site-packages/airflow/example_dags/example_skip_dag.py took 0.103 seconds
[2024-02-02T15:22:26.925+0000] {processor.py:161} INFO - Started process (PID=4756) to work on /home/airflow/.local/lib/python3.8/site-packages/airflow/example_dags/example_skip_dag.py
[2024-02-02T15:22:26.927+0000] {processor.py:830} INFO - Processing file /home/airflow/.local/lib/python3.8/site-packages/airflow/example_dags/example_skip_dag.py for tasks to queue
[2024-02-02T15:22:26.929+0000] {logging_mixin.py:188} INFO - [2024-02-02T15:22:26.928+0000] {dagbag.py:538} INFO - Filling up the DagBag from /home/airflow/.local/lib/python3.8/site-packages/airflow/example_dags/example_skip_dag.py
[2024-02-02T15:22:26.939+0000] {processor.py:840} INFO - DAG(s) 'example_skip_dag' retrieved from /home/airflow/.local/lib/python3.8/site-packages/airflow/example_dags/example_skip_dag.py
[2024-02-02T15:22:26.966+0000] {logging_mixin.py:188} INFO - [2024-02-02T15:22:26.966+0000] {dag.py:3036} INFO - Sync 1 DAGs
[2024-02-02T15:22:26.998+0000] {logging_mixin.py:188} INFO - [2024-02-02T15:22:26.997+0000] {dag.py:3823} INFO - Setting next_dagrun for example_skip_dag to 2024-02-01 00:00:00+00:00, run_after=2024-02-02 00:00:00+00:00
[2024-02-02T15:22:27.027+0000] {processor.py:183} INFO - Processing /home/airflow/.local/lib/python3.8/site-packages/airflow/example_dags/example_skip_dag.py took 0.106 seconds
[2024-02-02T15:22:57.962+0000] {processor.py:161} INFO - Started process (PID=5003) to work on /home/airflow/.local/lib/python3.8/site-packages/airflow/example_dags/example_skip_dag.py
[2024-02-02T15:22:57.964+0000] {processor.py:830} INFO - Processing file /home/airflow/.local/lib/python3.8/site-packages/airflow/example_dags/example_skip_dag.py for tasks to queue
[2024-02-02T15:22:57.965+0000] {logging_mixin.py:188} INFO - [2024-02-02T15:22:57.965+0000] {dagbag.py:538} INFO - Filling up the DagBag from /home/airflow/.local/lib/python3.8/site-packages/airflow/example_dags/example_skip_dag.py
[2024-02-02T15:22:57.974+0000] {processor.py:840} INFO - DAG(s) 'example_skip_dag' retrieved from /home/airflow/.local/lib/python3.8/site-packages/airflow/example_dags/example_skip_dag.py
[2024-02-02T15:22:58.001+0000] {logging_mixin.py:188} INFO - [2024-02-02T15:22:58.001+0000] {dag.py:3036} INFO - Sync 1 DAGs
[2024-02-02T15:22:58.031+0000] {logging_mixin.py:188} INFO - [2024-02-02T15:22:58.031+0000] {dag.py:3823} INFO - Setting next_dagrun for example_skip_dag to 2024-02-01 00:00:00+00:00, run_after=2024-02-02 00:00:00+00:00
[2024-02-02T15:22:58.059+0000] {processor.py:183} INFO - Processing /home/airflow/.local/lib/python3.8/site-packages/airflow/example_dags/example_skip_dag.py took 0.103 seconds
[2024-02-02T15:23:28.758+0000] {processor.py:161} INFO - Started process (PID=5250) to work on /home/airflow/.local/lib/python3.8/site-packages/airflow/example_dags/example_skip_dag.py
[2024-02-02T15:23:28.760+0000] {processor.py:830} INFO - Processing file /home/airflow/.local/lib/python3.8/site-packages/airflow/example_dags/example_skip_dag.py for tasks to queue
[2024-02-02T15:23:28.761+0000] {logging_mixin.py:188} INFO - [2024-02-02T15:23:28.761+0000] {dagbag.py:538} INFO - Filling up the DagBag from /home/airflow/.local/lib/python3.8/site-packages/airflow/example_dags/example_skip_dag.py
[2024-02-02T15:23:28.773+0000] {processor.py:840} INFO - DAG(s) 'example_skip_dag' retrieved from /home/airflow/.local/lib/python3.8/site-packages/airflow/example_dags/example_skip_dag.py
[2024-02-02T15:23:28.809+0000] {logging_mixin.py:188} INFO - [2024-02-02T15:23:28.808+0000] {dag.py:3036} INFO - Sync 1 DAGs
[2024-02-02T15:23:28.844+0000] {logging_mixin.py:188} INFO - [2024-02-02T15:23:28.844+0000] {dag.py:3823} INFO - Setting next_dagrun for example_skip_dag to 2024-02-01 00:00:00+00:00, run_after=2024-02-02 00:00:00+00:00
[2024-02-02T15:23:28.875+0000] {processor.py:183} INFO - Processing /home/airflow/.local/lib/python3.8/site-packages/airflow/example_dags/example_skip_dag.py took 0.122 seconds
[2024-02-02T15:23:59.191+0000] {processor.py:161} INFO - Started process (PID=5499) to work on /home/airflow/.local/lib/python3.8/site-packages/airflow/example_dags/example_skip_dag.py
[2024-02-02T15:23:59.193+0000] {processor.py:830} INFO - Processing file /home/airflow/.local/lib/python3.8/site-packages/airflow/example_dags/example_skip_dag.py for tasks to queue
[2024-02-02T15:23:59.195+0000] {logging_mixin.py:188} INFO - [2024-02-02T15:23:59.194+0000] {dagbag.py:538} INFO - Filling up the DagBag from /home/airflow/.local/lib/python3.8/site-packages/airflow/example_dags/example_skip_dag.py
[2024-02-02T15:23:59.208+0000] {processor.py:840} INFO - DAG(s) 'example_skip_dag' retrieved from /home/airflow/.local/lib/python3.8/site-packages/airflow/example_dags/example_skip_dag.py
[2024-02-02T15:23:59.234+0000] {logging_mixin.py:188} INFO - [2024-02-02T15:23:59.234+0000] {dag.py:3036} INFO - Sync 1 DAGs
[2024-02-02T15:23:59.263+0000] {logging_mixin.py:188} INFO - [2024-02-02T15:23:59.263+0000] {dag.py:3823} INFO - Setting next_dagrun for example_skip_dag to 2024-02-01 00:00:00+00:00, run_after=2024-02-02 00:00:00+00:00
[2024-02-02T15:23:59.290+0000] {processor.py:183} INFO - Processing /home/airflow/.local/lib/python3.8/site-packages/airflow/example_dags/example_skip_dag.py took 0.103 seconds
[2024-02-02T15:24:29.473+0000] {processor.py:161} INFO - Started process (PID=5752) to work on /home/airflow/.local/lib/python3.8/site-packages/airflow/example_dags/example_skip_dag.py
[2024-02-02T15:24:29.474+0000] {processor.py:830} INFO - Processing file /home/airflow/.local/lib/python3.8/site-packages/airflow/example_dags/example_skip_dag.py for tasks to queue
[2024-02-02T15:24:29.475+0000] {logging_mixin.py:188} INFO - [2024-02-02T15:24:29.475+0000] {dagbag.py:538} INFO - Filling up the DagBag from /home/airflow/.local/lib/python3.8/site-packages/airflow/example_dags/example_skip_dag.py
[2024-02-02T15:24:29.483+0000] {processor.py:840} INFO - DAG(s) 'example_skip_dag' retrieved from /home/airflow/.local/lib/python3.8/site-packages/airflow/example_dags/example_skip_dag.py
[2024-02-02T15:24:29.509+0000] {logging_mixin.py:188} INFO - [2024-02-02T15:24:29.509+0000] {dag.py:3036} INFO - Sync 1 DAGs
[2024-02-02T15:24:29.533+0000] {logging_mixin.py:188} INFO - [2024-02-02T15:24:29.533+0000] {dag.py:3823} INFO - Setting next_dagrun for example_skip_dag to 2024-02-01 00:00:00+00:00, run_after=2024-02-02 00:00:00+00:00
[2024-02-02T15:24:29.556+0000] {processor.py:183} INFO - Processing /home/airflow/.local/lib/python3.8/site-packages/airflow/example_dags/example_skip_dag.py took 0.087 seconds
[2024-02-02T15:25:00.441+0000] {processor.py:161} INFO - Started process (PID=5997) to work on /home/airflow/.local/lib/python3.8/site-packages/airflow/example_dags/example_skip_dag.py
[2024-02-02T15:25:00.443+0000] {processor.py:830} INFO - Processing file /home/airflow/.local/lib/python3.8/site-packages/airflow/example_dags/example_skip_dag.py for tasks to queue
[2024-02-02T15:25:00.445+0000] {logging_mixin.py:188} INFO - [2024-02-02T15:25:00.445+0000] {dagbag.py:538} INFO - Filling up the DagBag from /home/airflow/.local/lib/python3.8/site-packages/airflow/example_dags/example_skip_dag.py
[2024-02-02T15:25:00.457+0000] {processor.py:840} INFO - DAG(s) 'example_skip_dag' retrieved from /home/airflow/.local/lib/python3.8/site-packages/airflow/example_dags/example_skip_dag.py
[2024-02-02T15:25:00.486+0000] {logging_mixin.py:188} INFO - [2024-02-02T15:25:00.486+0000] {dag.py:3036} INFO - Sync 1 DAGs
[2024-02-02T15:25:00.520+0000] {logging_mixin.py:188} INFO - [2024-02-02T15:25:00.519+0000] {dag.py:3823} INFO - Setting next_dagrun for example_skip_dag to 2024-02-01 00:00:00+00:00, run_after=2024-02-02 00:00:00+00:00
[2024-02-02T15:25:00.548+0000] {processor.py:183} INFO - Processing /home/airflow/.local/lib/python3.8/site-packages/airflow/example_dags/example_skip_dag.py took 0.112 seconds
[2024-02-02T15:25:30.891+0000] {processor.py:161} INFO - Started process (PID=6244) to work on /home/airflow/.local/lib/python3.8/site-packages/airflow/example_dags/example_skip_dag.py
[2024-02-02T15:25:30.892+0000] {processor.py:830} INFO - Processing file /home/airflow/.local/lib/python3.8/site-packages/airflow/example_dags/example_skip_dag.py for tasks to queue
[2024-02-02T15:25:30.894+0000] {logging_mixin.py:188} INFO - [2024-02-02T15:25:30.893+0000] {dagbag.py:538} INFO - Filling up the DagBag from /home/airflow/.local/lib/python3.8/site-packages/airflow/example_dags/example_skip_dag.py
[2024-02-02T15:25:30.901+0000] {processor.py:840} INFO - DAG(s) 'example_skip_dag' retrieved from /home/airflow/.local/lib/python3.8/site-packages/airflow/example_dags/example_skip_dag.py
[2024-02-02T15:25:30.929+0000] {logging_mixin.py:188} INFO - [2024-02-02T15:25:30.929+0000] {dag.py:3036} INFO - Sync 1 DAGs
[2024-02-02T15:25:30.956+0000] {logging_mixin.py:188} INFO - [2024-02-02T15:25:30.956+0000] {dag.py:3823} INFO - Setting next_dagrun for example_skip_dag to 2024-02-01 00:00:00+00:00, run_after=2024-02-02 00:00:00+00:00
[2024-02-02T15:25:30.981+0000] {processor.py:183} INFO - Processing /home/airflow/.local/lib/python3.8/site-packages/airflow/example_dags/example_skip_dag.py took 0.094 seconds
[2024-02-02T15:26:01.520+0000] {processor.py:161} INFO - Started process (PID=6491) to work on /home/airflow/.local/lib/python3.8/site-packages/airflow/example_dags/example_skip_dag.py
[2024-02-02T15:26:01.521+0000] {processor.py:830} INFO - Processing file /home/airflow/.local/lib/python3.8/site-packages/airflow/example_dags/example_skip_dag.py for tasks to queue
[2024-02-02T15:26:01.522+0000] {logging_mixin.py:188} INFO - [2024-02-02T15:26:01.522+0000] {dagbag.py:538} INFO - Filling up the DagBag from /home/airflow/.local/lib/python3.8/site-packages/airflow/example_dags/example_skip_dag.py
[2024-02-02T15:26:01.531+0000] {processor.py:840} INFO - DAG(s) 'example_skip_dag' retrieved from /home/airflow/.local/lib/python3.8/site-packages/airflow/example_dags/example_skip_dag.py
[2024-02-02T15:26:01.556+0000] {logging_mixin.py:188} INFO - [2024-02-02T15:26:01.555+0000] {dag.py:3036} INFO - Sync 1 DAGs
[2024-02-02T15:26:01.582+0000] {logging_mixin.py:188} INFO - [2024-02-02T15:26:01.582+0000] {dag.py:3823} INFO - Setting next_dagrun for example_skip_dag to 2024-02-01 00:00:00+00:00, run_after=2024-02-02 00:00:00+00:00
[2024-02-02T15:26:01.623+0000] {processor.py:183} INFO - Processing /home/airflow/.local/lib/python3.8/site-packages/airflow/example_dags/example_skip_dag.py took 0.106 seconds
[2024-02-02T15:26:32.223+0000] {processor.py:161} INFO - Started process (PID=6738) to work on /home/airflow/.local/lib/python3.8/site-packages/airflow/example_dags/example_skip_dag.py
[2024-02-02T15:26:32.225+0000] {processor.py:830} INFO - Processing file /home/airflow/.local/lib/python3.8/site-packages/airflow/example_dags/example_skip_dag.py for tasks to queue
[2024-02-02T15:26:32.227+0000] {logging_mixin.py:188} INFO - [2024-02-02T15:26:32.226+0000] {dagbag.py:538} INFO - Filling up the DagBag from /home/airflow/.local/lib/python3.8/site-packages/airflow/example_dags/example_skip_dag.py
[2024-02-02T15:26:32.235+0000] {processor.py:840} INFO - DAG(s) 'example_skip_dag' retrieved from /home/airflow/.local/lib/python3.8/site-packages/airflow/example_dags/example_skip_dag.py
[2024-02-02T15:26:32.262+0000] {logging_mixin.py:188} INFO - [2024-02-02T15:26:32.262+0000] {dag.py:3036} INFO - Sync 1 DAGs
[2024-02-02T15:26:32.300+0000] {logging_mixin.py:188} INFO - [2024-02-02T15:26:32.299+0000] {dag.py:3823} INFO - Setting next_dagrun for example_skip_dag to 2024-02-01 00:00:00+00:00, run_after=2024-02-02 00:00:00+00:00
[2024-02-02T15:26:32.331+0000] {processor.py:183} INFO - Processing /home/airflow/.local/lib/python3.8/site-packages/airflow/example_dags/example_skip_dag.py took 0.112 seconds
[2024-02-02T15:27:02.472+0000] {processor.py:161} INFO - Started process (PID=6985) to work on /home/airflow/.local/lib/python3.8/site-packages/airflow/example_dags/example_skip_dag.py
[2024-02-02T15:27:02.474+0000] {processor.py:830} INFO - Processing file /home/airflow/.local/lib/python3.8/site-packages/airflow/example_dags/example_skip_dag.py for tasks to queue
[2024-02-02T15:27:02.475+0000] {logging_mixin.py:188} INFO - [2024-02-02T15:27:02.475+0000] {dagbag.py:538} INFO - Filling up the DagBag from /home/airflow/.local/lib/python3.8/site-packages/airflow/example_dags/example_skip_dag.py
[2024-02-02T15:27:02.483+0000] {processor.py:840} INFO - DAG(s) 'example_skip_dag' retrieved from /home/airflow/.local/lib/python3.8/site-packages/airflow/example_dags/example_skip_dag.py
[2024-02-02T15:27:02.510+0000] {logging_mixin.py:188} INFO - [2024-02-02T15:27:02.510+0000] {dag.py:3036} INFO - Sync 1 DAGs
[2024-02-02T15:27:02.537+0000] {logging_mixin.py:188} INFO - [2024-02-02T15:27:02.537+0000] {dag.py:3823} INFO - Setting next_dagrun for example_skip_dag to 2024-02-01 00:00:00+00:00, run_after=2024-02-02 00:00:00+00:00
[2024-02-02T15:27:02.572+0000] {processor.py:183} INFO - Processing /home/airflow/.local/lib/python3.8/site-packages/airflow/example_dags/example_skip_dag.py took 0.104 seconds
[2024-02-02T15:27:33.323+0000] {processor.py:161} INFO - Started process (PID=7232) to work on /home/airflow/.local/lib/python3.8/site-packages/airflow/example_dags/example_skip_dag.py
[2024-02-02T15:27:33.325+0000] {processor.py:830} INFO - Processing file /home/airflow/.local/lib/python3.8/site-packages/airflow/example_dags/example_skip_dag.py for tasks to queue
[2024-02-02T15:27:33.326+0000] {logging_mixin.py:188} INFO - [2024-02-02T15:27:33.326+0000] {dagbag.py:538} INFO - Filling up the DagBag from /home/airflow/.local/lib/python3.8/site-packages/airflow/example_dags/example_skip_dag.py
[2024-02-02T15:27:33.337+0000] {processor.py:840} INFO - DAG(s) 'example_skip_dag' retrieved from /home/airflow/.local/lib/python3.8/site-packages/airflow/example_dags/example_skip_dag.py
[2024-02-02T15:27:33.369+0000] {logging_mixin.py:188} INFO - [2024-02-02T15:27:33.368+0000] {dag.py:3036} INFO - Sync 1 DAGs
[2024-02-02T15:27:33.398+0000] {logging_mixin.py:188} INFO - [2024-02-02T15:27:33.398+0000] {dag.py:3823} INFO - Setting next_dagrun for example_skip_dag to 2024-02-01 00:00:00+00:00, run_after=2024-02-02 00:00:00+00:00
[2024-02-02T15:27:33.424+0000] {processor.py:183} INFO - Processing /home/airflow/.local/lib/python3.8/site-packages/airflow/example_dags/example_skip_dag.py took 0.105 seconds
[2024-02-02T15:28:03.661+0000] {processor.py:161} INFO - Started process (PID=7479) to work on /home/airflow/.local/lib/python3.8/site-packages/airflow/example_dags/example_skip_dag.py
[2024-02-02T15:28:03.663+0000] {processor.py:830} INFO - Processing file /home/airflow/.local/lib/python3.8/site-packages/airflow/example_dags/example_skip_dag.py for tasks to queue
[2024-02-02T15:28:03.665+0000] {logging_mixin.py:188} INFO - [2024-02-02T15:28:03.664+0000] {dagbag.py:538} INFO - Filling up the DagBag from /home/airflow/.local/lib/python3.8/site-packages/airflow/example_dags/example_skip_dag.py
[2024-02-02T15:28:03.672+0000] {processor.py:840} INFO - DAG(s) 'example_skip_dag' retrieved from /home/airflow/.local/lib/python3.8/site-packages/airflow/example_dags/example_skip_dag.py
[2024-02-02T15:28:03.700+0000] {logging_mixin.py:188} INFO - [2024-02-02T15:28:03.699+0000] {dag.py:3036} INFO - Sync 1 DAGs
[2024-02-02T15:28:03.730+0000] {logging_mixin.py:188} INFO - [2024-02-02T15:28:03.730+0000] {dag.py:3823} INFO - Setting next_dagrun for example_skip_dag to 2024-02-01 00:00:00+00:00, run_after=2024-02-02 00:00:00+00:00
[2024-02-02T15:28:03.756+0000] {processor.py:183} INFO - Processing /home/airflow/.local/lib/python3.8/site-packages/airflow/example_dags/example_skip_dag.py took 0.099 seconds
[2024-02-02T15:28:34.072+0000] {processor.py:161} INFO - Started process (PID=7726) to work on /home/airflow/.local/lib/python3.8/site-packages/airflow/example_dags/example_skip_dag.py
[2024-02-02T15:28:34.073+0000] {processor.py:830} INFO - Processing file /home/airflow/.local/lib/python3.8/site-packages/airflow/example_dags/example_skip_dag.py for tasks to queue
[2024-02-02T15:28:34.075+0000] {logging_mixin.py:188} INFO - [2024-02-02T15:28:34.075+0000] {dagbag.py:538} INFO - Filling up the DagBag from /home/airflow/.local/lib/python3.8/site-packages/airflow/example_dags/example_skip_dag.py
[2024-02-02T15:28:34.084+0000] {processor.py:840} INFO - DAG(s) 'example_skip_dag' retrieved from /home/airflow/.local/lib/python3.8/site-packages/airflow/example_dags/example_skip_dag.py
[2024-02-02T15:28:34.110+0000] {logging_mixin.py:188} INFO - [2024-02-02T15:28:34.110+0000] {dag.py:3036} INFO - Sync 1 DAGs
[2024-02-02T15:28:34.138+0000] {logging_mixin.py:188} INFO - [2024-02-02T15:28:34.138+0000] {dag.py:3823} INFO - Setting next_dagrun for example_skip_dag to 2024-02-01 00:00:00+00:00, run_after=2024-02-02 00:00:00+00:00
[2024-02-02T15:28:34.162+0000] {processor.py:183} INFO - Processing /home/airflow/.local/lib/python3.8/site-packages/airflow/example_dags/example_skip_dag.py took 0.095 seconds
[2024-02-02T15:29:04.434+0000] {processor.py:161} INFO - Started process (PID=7973) to work on /home/airflow/.local/lib/python3.8/site-packages/airflow/example_dags/example_skip_dag.py
[2024-02-02T15:29:04.436+0000] {processor.py:830} INFO - Processing file /home/airflow/.local/lib/python3.8/site-packages/airflow/example_dags/example_skip_dag.py for tasks to queue
[2024-02-02T15:29:04.437+0000] {logging_mixin.py:188} INFO - [2024-02-02T15:29:04.437+0000] {dagbag.py:538} INFO - Filling up the DagBag from /home/airflow/.local/lib/python3.8/site-packages/airflow/example_dags/example_skip_dag.py
[2024-02-02T15:29:04.446+0000] {processor.py:840} INFO - DAG(s) 'example_skip_dag' retrieved from /home/airflow/.local/lib/python3.8/site-packages/airflow/example_dags/example_skip_dag.py
[2024-02-02T15:29:04.472+0000] {logging_mixin.py:188} INFO - [2024-02-02T15:29:04.472+0000] {dag.py:3036} INFO - Sync 1 DAGs
[2024-02-02T15:29:04.502+0000] {logging_mixin.py:188} INFO - [2024-02-02T15:29:04.502+0000] {dag.py:3823} INFO - Setting next_dagrun for example_skip_dag to 2024-02-01 00:00:00+00:00, run_after=2024-02-02 00:00:00+00:00
[2024-02-02T15:29:04.539+0000] {processor.py:183} INFO - Processing /home/airflow/.local/lib/python3.8/site-packages/airflow/example_dags/example_skip_dag.py took 0.109 seconds
[2024-02-02T15:29:34.749+0000] {processor.py:161} INFO - Started process (PID=8220) to work on /home/airflow/.local/lib/python3.8/site-packages/airflow/example_dags/example_skip_dag.py
[2024-02-02T15:29:34.751+0000] {processor.py:830} INFO - Processing file /home/airflow/.local/lib/python3.8/site-packages/airflow/example_dags/example_skip_dag.py for tasks to queue
[2024-02-02T15:29:34.752+0000] {logging_mixin.py:188} INFO - [2024-02-02T15:29:34.752+0000] {dagbag.py:538} INFO - Filling up the DagBag from /home/airflow/.local/lib/python3.8/site-packages/airflow/example_dags/example_skip_dag.py
[2024-02-02T15:29:34.763+0000] {processor.py:840} INFO - DAG(s) 'example_skip_dag' retrieved from /home/airflow/.local/lib/python3.8/site-packages/airflow/example_dags/example_skip_dag.py
[2024-02-02T15:29:34.790+0000] {logging_mixin.py:188} INFO - [2024-02-02T15:29:34.790+0000] {dag.py:3036} INFO - Sync 1 DAGs
[2024-02-02T15:29:34.819+0000] {logging_mixin.py:188} INFO - [2024-02-02T15:29:34.818+0000] {dag.py:3823} INFO - Setting next_dagrun for example_skip_dag to 2024-02-01 00:00:00+00:00, run_after=2024-02-02 00:00:00+00:00
[2024-02-02T15:29:34.856+0000] {processor.py:183} INFO - Processing /home/airflow/.local/lib/python3.8/site-packages/airflow/example_dags/example_skip_dag.py took 0.111 seconds
[2024-02-02T15:30:05.413+0000] {processor.py:161} INFO - Started process (PID=8467) to work on /home/airflow/.local/lib/python3.8/site-packages/airflow/example_dags/example_skip_dag.py
[2024-02-02T15:30:05.415+0000] {processor.py:830} INFO - Processing file /home/airflow/.local/lib/python3.8/site-packages/airflow/example_dags/example_skip_dag.py for tasks to queue
[2024-02-02T15:30:05.416+0000] {logging_mixin.py:188} INFO - [2024-02-02T15:30:05.416+0000] {dagbag.py:538} INFO - Filling up the DagBag from /home/airflow/.local/lib/python3.8/site-packages/airflow/example_dags/example_skip_dag.py
[2024-02-02T15:30:05.425+0000] {processor.py:840} INFO - DAG(s) 'example_skip_dag' retrieved from /home/airflow/.local/lib/python3.8/site-packages/airflow/example_dags/example_skip_dag.py
[2024-02-02T15:30:05.452+0000] {logging_mixin.py:188} INFO - [2024-02-02T15:30:05.452+0000] {dag.py:3036} INFO - Sync 1 DAGs
[2024-02-02T15:30:05.479+0000] {logging_mixin.py:188} INFO - [2024-02-02T15:30:05.479+0000] {dag.py:3823} INFO - Setting next_dagrun for example_skip_dag to 2024-02-01 00:00:00+00:00, run_after=2024-02-02 00:00:00+00:00
[2024-02-02T15:30:05.515+0000] {processor.py:183} INFO - Processing /home/airflow/.local/lib/python3.8/site-packages/airflow/example_dags/example_skip_dag.py took 0.106 seconds
[2024-02-02T15:30:35.601+0000] {processor.py:161} INFO - Started process (PID=8714) to work on /home/airflow/.local/lib/python3.8/site-packages/airflow/example_dags/example_skip_dag.py
[2024-02-02T15:30:35.602+0000] {processor.py:830} INFO - Processing file /home/airflow/.local/lib/python3.8/site-packages/airflow/example_dags/example_skip_dag.py for tasks to queue
[2024-02-02T15:30:35.604+0000] {logging_mixin.py:188} INFO - [2024-02-02T15:30:35.603+0000] {dagbag.py:538} INFO - Filling up the DagBag from /home/airflow/.local/lib/python3.8/site-packages/airflow/example_dags/example_skip_dag.py
[2024-02-02T15:30:35.613+0000] {processor.py:840} INFO - DAG(s) 'example_skip_dag' retrieved from /home/airflow/.local/lib/python3.8/site-packages/airflow/example_dags/example_skip_dag.py
[2024-02-02T15:30:35.641+0000] {logging_mixin.py:188} INFO - [2024-02-02T15:30:35.641+0000] {dag.py:3036} INFO - Sync 1 DAGs
[2024-02-02T15:30:35.676+0000] {logging_mixin.py:188} INFO - [2024-02-02T15:30:35.676+0000] {dag.py:3823} INFO - Setting next_dagrun for example_skip_dag to 2024-02-01 00:00:00+00:00, run_after=2024-02-02 00:00:00+00:00
[2024-02-02T15:30:35.702+0000] {processor.py:183} INFO - Processing /home/airflow/.local/lib/python3.8/site-packages/airflow/example_dags/example_skip_dag.py took 0.105 seconds
[2024-02-02T15:31:05.958+0000] {processor.py:161} INFO - Started process (PID=8961) to work on /home/airflow/.local/lib/python3.8/site-packages/airflow/example_dags/example_skip_dag.py
[2024-02-02T15:31:05.959+0000] {processor.py:830} INFO - Processing file /home/airflow/.local/lib/python3.8/site-packages/airflow/example_dags/example_skip_dag.py for tasks to queue
[2024-02-02T15:31:05.961+0000] {logging_mixin.py:188} INFO - [2024-02-02T15:31:05.961+0000] {dagbag.py:538} INFO - Filling up the DagBag from /home/airflow/.local/lib/python3.8/site-packages/airflow/example_dags/example_skip_dag.py
[2024-02-02T15:31:05.973+0000] {processor.py:840} INFO - DAG(s) 'example_skip_dag' retrieved from /home/airflow/.local/lib/python3.8/site-packages/airflow/example_dags/example_skip_dag.py
[2024-02-02T15:31:06.011+0000] {logging_mixin.py:188} INFO - [2024-02-02T15:31:06.011+0000] {dag.py:3036} INFO - Sync 1 DAGs
[2024-02-02T15:31:06.043+0000] {logging_mixin.py:188} INFO - [2024-02-02T15:31:06.043+0000] {dag.py:3823} INFO - Setting next_dagrun for example_skip_dag to 2024-02-01 00:00:00+00:00, run_after=2024-02-02 00:00:00+00:00
[2024-02-02T15:31:06.072+0000] {processor.py:183} INFO - Processing /home/airflow/.local/lib/python3.8/site-packages/airflow/example_dags/example_skip_dag.py took 0.119 seconds
[2024-02-02T15:31:36.309+0000] {processor.py:161} INFO - Started process (PID=9208) to work on /home/airflow/.local/lib/python3.8/site-packages/airflow/example_dags/example_skip_dag.py
[2024-02-02T15:31:36.311+0000] {processor.py:830} INFO - Processing file /home/airflow/.local/lib/python3.8/site-packages/airflow/example_dags/example_skip_dag.py for tasks to queue
[2024-02-02T15:31:36.313+0000] {logging_mixin.py:188} INFO - [2024-02-02T15:31:36.312+0000] {dagbag.py:538} INFO - Filling up the DagBag from /home/airflow/.local/lib/python3.8/site-packages/airflow/example_dags/example_skip_dag.py
[2024-02-02T15:31:36.321+0000] {processor.py:840} INFO - DAG(s) 'example_skip_dag' retrieved from /home/airflow/.local/lib/python3.8/site-packages/airflow/example_dags/example_skip_dag.py
[2024-02-02T15:31:36.348+0000] {logging_mixin.py:188} INFO - [2024-02-02T15:31:36.348+0000] {dag.py:3036} INFO - Sync 1 DAGs
[2024-02-02T15:31:36.377+0000] {logging_mixin.py:188} INFO - [2024-02-02T15:31:36.377+0000] {dag.py:3823} INFO - Setting next_dagrun for example_skip_dag to 2024-02-01 00:00:00+00:00, run_after=2024-02-02 00:00:00+00:00
[2024-02-02T15:31:36.403+0000] {processor.py:183} INFO - Processing /home/airflow/.local/lib/python3.8/site-packages/airflow/example_dags/example_skip_dag.py took 0.099 seconds
[2024-02-02T15:32:06.617+0000] {processor.py:161} INFO - Started process (PID=9455) to work on /home/airflow/.local/lib/python3.8/site-packages/airflow/example_dags/example_skip_dag.py
[2024-02-02T15:32:06.618+0000] {processor.py:830} INFO - Processing file /home/airflow/.local/lib/python3.8/site-packages/airflow/example_dags/example_skip_dag.py for tasks to queue
[2024-02-02T15:32:06.619+0000] {logging_mixin.py:188} INFO - [2024-02-02T15:32:06.619+0000] {dagbag.py:538} INFO - Filling up the DagBag from /home/airflow/.local/lib/python3.8/site-packages/airflow/example_dags/example_skip_dag.py
[2024-02-02T15:32:06.629+0000] {processor.py:840} INFO - DAG(s) 'example_skip_dag' retrieved from /home/airflow/.local/lib/python3.8/site-packages/airflow/example_dags/example_skip_dag.py
[2024-02-02T15:32:06.656+0000] {logging_mixin.py:188} INFO - [2024-02-02T15:32:06.655+0000] {dag.py:3036} INFO - Sync 1 DAGs
[2024-02-02T15:32:06.685+0000] {logging_mixin.py:188} INFO - [2024-02-02T15:32:06.685+0000] {dag.py:3823} INFO - Setting next_dagrun for example_skip_dag to 2024-02-01 00:00:00+00:00, run_after=2024-02-02 00:00:00+00:00
[2024-02-02T15:32:06.709+0000] {processor.py:183} INFO - Processing /home/airflow/.local/lib/python3.8/site-packages/airflow/example_dags/example_skip_dag.py took 0.096 seconds
[2024-02-02T15:32:36.883+0000] {processor.py:161} INFO - Started process (PID=9702) to work on /home/airflow/.local/lib/python3.8/site-packages/airflow/example_dags/example_skip_dag.py
[2024-02-02T15:32:36.885+0000] {processor.py:830} INFO - Processing file /home/airflow/.local/lib/python3.8/site-packages/airflow/example_dags/example_skip_dag.py for tasks to queue
[2024-02-02T15:32:36.886+0000] {logging_mixin.py:188} INFO - [2024-02-02T15:32:36.886+0000] {dagbag.py:538} INFO - Filling up the DagBag from /home/airflow/.local/lib/python3.8/site-packages/airflow/example_dags/example_skip_dag.py
[2024-02-02T15:32:36.894+0000] {processor.py:840} INFO - DAG(s) 'example_skip_dag' retrieved from /home/airflow/.local/lib/python3.8/site-packages/airflow/example_dags/example_skip_dag.py
[2024-02-02T15:32:36.920+0000] {logging_mixin.py:188} INFO - [2024-02-02T15:32:36.920+0000] {dag.py:3036} INFO - Sync 1 DAGs
[2024-02-02T15:32:36.945+0000] {logging_mixin.py:188} INFO - [2024-02-02T15:32:36.945+0000] {dag.py:3823} INFO - Setting next_dagrun for example_skip_dag to 2024-02-01 00:00:00+00:00, run_after=2024-02-02 00:00:00+00:00
[2024-02-02T15:32:36.980+0000] {processor.py:183} INFO - Processing /home/airflow/.local/lib/python3.8/site-packages/airflow/example_dags/example_skip_dag.py took 0.101 seconds
[2024-02-02T15:33:07.937+0000] {processor.py:161} INFO - Started process (PID=9949) to work on /home/airflow/.local/lib/python3.8/site-packages/airflow/example_dags/example_skip_dag.py
[2024-02-02T15:33:07.938+0000] {processor.py:830} INFO - Processing file /home/airflow/.local/lib/python3.8/site-packages/airflow/example_dags/example_skip_dag.py for tasks to queue
[2024-02-02T15:33:07.940+0000] {logging_mixin.py:188} INFO - [2024-02-02T15:33:07.939+0000] {dagbag.py:538} INFO - Filling up the DagBag from /home/airflow/.local/lib/python3.8/site-packages/airflow/example_dags/example_skip_dag.py
[2024-02-02T15:33:07.948+0000] {processor.py:840} INFO - DAG(s) 'example_skip_dag' retrieved from /home/airflow/.local/lib/python3.8/site-packages/airflow/example_dags/example_skip_dag.py
[2024-02-02T15:33:07.976+0000] {logging_mixin.py:188} INFO - [2024-02-02T15:33:07.976+0000] {dag.py:3036} INFO - Sync 1 DAGs
[2024-02-02T15:33:08.004+0000] {logging_mixin.py:188} INFO - [2024-02-02T15:33:08.003+0000] {dag.py:3823} INFO - Setting next_dagrun for example_skip_dag to 2024-02-01 00:00:00+00:00, run_after=2024-02-02 00:00:00+00:00
[2024-02-02T15:33:08.038+0000] {processor.py:183} INFO - Processing /home/airflow/.local/lib/python3.8/site-packages/airflow/example_dags/example_skip_dag.py took 0.106 seconds
[2024-02-02T15:33:38.621+0000] {processor.py:161} INFO - Started process (PID=10196) to work on /home/airflow/.local/lib/python3.8/site-packages/airflow/example_dags/example_skip_dag.py
[2024-02-02T15:33:38.622+0000] {processor.py:830} INFO - Processing file /home/airflow/.local/lib/python3.8/site-packages/airflow/example_dags/example_skip_dag.py for tasks to queue
[2024-02-02T15:33:38.624+0000] {logging_mixin.py:188} INFO - [2024-02-02T15:33:38.623+0000] {dagbag.py:538} INFO - Filling up the DagBag from /home/airflow/.local/lib/python3.8/site-packages/airflow/example_dags/example_skip_dag.py
[2024-02-02T15:33:38.632+0000] {processor.py:840} INFO - DAG(s) 'example_skip_dag' retrieved from /home/airflow/.local/lib/python3.8/site-packages/airflow/example_dags/example_skip_dag.py
[2024-02-02T15:33:38.660+0000] {logging_mixin.py:188} INFO - [2024-02-02T15:33:38.660+0000] {dag.py:3036} INFO - Sync 1 DAGs
[2024-02-02T15:33:38.687+0000] {logging_mixin.py:188} INFO - [2024-02-02T15:33:38.687+0000] {dag.py:3823} INFO - Setting next_dagrun for example_skip_dag to 2024-02-01 00:00:00+00:00, run_after=2024-02-02 00:00:00+00:00
[2024-02-02T15:33:38.712+0000] {processor.py:183} INFO - Processing /home/airflow/.local/lib/python3.8/site-packages/airflow/example_dags/example_skip_dag.py took 0.097 seconds
[2024-02-02T15:34:08.787+0000] {processor.py:161} INFO - Started process (PID=10443) to work on /home/airflow/.local/lib/python3.8/site-packages/airflow/example_dags/example_skip_dag.py
[2024-02-02T15:34:08.789+0000] {processor.py:830} INFO - Processing file /home/airflow/.local/lib/python3.8/site-packages/airflow/example_dags/example_skip_dag.py for tasks to queue
[2024-02-02T15:34:08.790+0000] {logging_mixin.py:188} INFO - [2024-02-02T15:34:08.790+0000] {dagbag.py:538} INFO - Filling up the DagBag from /home/airflow/.local/lib/python3.8/site-packages/airflow/example_dags/example_skip_dag.py
[2024-02-02T15:34:08.798+0000] {processor.py:840} INFO - DAG(s) 'example_skip_dag' retrieved from /home/airflow/.local/lib/python3.8/site-packages/airflow/example_dags/example_skip_dag.py
[2024-02-02T15:34:08.825+0000] {logging_mixin.py:188} INFO - [2024-02-02T15:34:08.825+0000] {dag.py:3036} INFO - Sync 1 DAGs
[2024-02-02T15:34:08.852+0000] {logging_mixin.py:188} INFO - [2024-02-02T15:34:08.852+0000] {dag.py:3823} INFO - Setting next_dagrun for example_skip_dag to 2024-02-01 00:00:00+00:00, run_after=2024-02-02 00:00:00+00:00
[2024-02-02T15:34:08.888+0000] {processor.py:183} INFO - Processing /home/airflow/.local/lib/python3.8/site-packages/airflow/example_dags/example_skip_dag.py took 0.106 seconds
[2024-02-02T15:34:39.304+0000] {processor.py:161} INFO - Started process (PID=10690) to work on /home/airflow/.local/lib/python3.8/site-packages/airflow/example_dags/example_skip_dag.py
[2024-02-02T15:34:39.306+0000] {processor.py:830} INFO - Processing file /home/airflow/.local/lib/python3.8/site-packages/airflow/example_dags/example_skip_dag.py for tasks to queue
[2024-02-02T15:34:39.307+0000] {logging_mixin.py:188} INFO - [2024-02-02T15:34:39.307+0000] {dagbag.py:538} INFO - Filling up the DagBag from /home/airflow/.local/lib/python3.8/site-packages/airflow/example_dags/example_skip_dag.py
[2024-02-02T15:34:39.315+0000] {processor.py:840} INFO - DAG(s) 'example_skip_dag' retrieved from /home/airflow/.local/lib/python3.8/site-packages/airflow/example_dags/example_skip_dag.py
[2024-02-02T15:34:39.342+0000] {logging_mixin.py:188} INFO - [2024-02-02T15:34:39.341+0000] {dag.py:3036} INFO - Sync 1 DAGs
[2024-02-02T15:34:39.367+0000] {logging_mixin.py:188} INFO - [2024-02-02T15:34:39.367+0000] {dag.py:3823} INFO - Setting next_dagrun for example_skip_dag to 2024-02-01 00:00:00+00:00, run_after=2024-02-02 00:00:00+00:00
[2024-02-02T15:34:39.392+0000] {processor.py:183} INFO - Processing /home/airflow/.local/lib/python3.8/site-packages/airflow/example_dags/example_skip_dag.py took 0.092 seconds
[2024-02-02T15:35:10.150+0000] {processor.py:161} INFO - Started process (PID=10931) to work on /home/airflow/.local/lib/python3.8/site-packages/airflow/example_dags/example_skip_dag.py
[2024-02-02T15:35:10.151+0000] {processor.py:830} INFO - Processing file /home/airflow/.local/lib/python3.8/site-packages/airflow/example_dags/example_skip_dag.py for tasks to queue
[2024-02-02T15:35:10.153+0000] {logging_mixin.py:188} INFO - [2024-02-02T15:35:10.152+0000] {dagbag.py:538} INFO - Filling up the DagBag from /home/airflow/.local/lib/python3.8/site-packages/airflow/example_dags/example_skip_dag.py
[2024-02-02T15:35:10.164+0000] {processor.py:840} INFO - DAG(s) 'example_skip_dag' retrieved from /home/airflow/.local/lib/python3.8/site-packages/airflow/example_dags/example_skip_dag.py
[2024-02-02T15:35:10.190+0000] {logging_mixin.py:188} INFO - [2024-02-02T15:35:10.190+0000] {dag.py:3036} INFO - Sync 1 DAGs
[2024-02-02T15:35:10.216+0000] {logging_mixin.py:188} INFO - [2024-02-02T15:35:10.216+0000] {dag.py:3823} INFO - Setting next_dagrun for example_skip_dag to 2024-02-01 00:00:00+00:00, run_after=2024-02-02 00:00:00+00:00
[2024-02-02T15:35:10.241+0000] {processor.py:183} INFO - Processing /home/airflow/.local/lib/python3.8/site-packages/airflow/example_dags/example_skip_dag.py took 0.095 seconds
[2024-02-02T15:35:40.329+0000] {processor.py:161} INFO - Started process (PID=11178) to work on /home/airflow/.local/lib/python3.8/site-packages/airflow/example_dags/example_skip_dag.py
[2024-02-02T15:35:40.330+0000] {processor.py:830} INFO - Processing file /home/airflow/.local/lib/python3.8/site-packages/airflow/example_dags/example_skip_dag.py for tasks to queue
[2024-02-02T15:35:40.332+0000] {logging_mixin.py:188} INFO - [2024-02-02T15:35:40.332+0000] {dagbag.py:538} INFO - Filling up the DagBag from /home/airflow/.local/lib/python3.8/site-packages/airflow/example_dags/example_skip_dag.py
[2024-02-02T15:35:40.340+0000] {processor.py:840} INFO - DAG(s) 'example_skip_dag' retrieved from /home/airflow/.local/lib/python3.8/site-packages/airflow/example_dags/example_skip_dag.py
[2024-02-02T15:35:40.368+0000] {logging_mixin.py:188} INFO - [2024-02-02T15:35:40.368+0000] {dag.py:3036} INFO - Sync 1 DAGs
[2024-02-02T15:35:40.396+0000] {logging_mixin.py:188} INFO - [2024-02-02T15:35:40.396+0000] {dag.py:3823} INFO - Setting next_dagrun for example_skip_dag to 2024-02-01 00:00:00+00:00, run_after=2024-02-02 00:00:00+00:00
[2024-02-02T15:35:40.420+0000] {processor.py:183} INFO - Processing /home/airflow/.local/lib/python3.8/site-packages/airflow/example_dags/example_skip_dag.py took 0.096 seconds
[2024-02-02T15:36:10.615+0000] {processor.py:161} INFO - Started process (PID=11427) to work on /home/airflow/.local/lib/python3.8/site-packages/airflow/example_dags/example_skip_dag.py
[2024-02-02T15:36:10.617+0000] {processor.py:830} INFO - Processing file /home/airflow/.local/lib/python3.8/site-packages/airflow/example_dags/example_skip_dag.py for tasks to queue
[2024-02-02T15:36:10.619+0000] {logging_mixin.py:188} INFO - [2024-02-02T15:36:10.619+0000] {dagbag.py:538} INFO - Filling up the DagBag from /home/airflow/.local/lib/python3.8/site-packages/airflow/example_dags/example_skip_dag.py
[2024-02-02T15:36:10.629+0000] {processor.py:840} INFO - DAG(s) 'example_skip_dag' retrieved from /home/airflow/.local/lib/python3.8/site-packages/airflow/example_dags/example_skip_dag.py
[2024-02-02T15:36:10.658+0000] {logging_mixin.py:188} INFO - [2024-02-02T15:36:10.658+0000] {dag.py:3036} INFO - Sync 1 DAGs
[2024-02-02T15:36:10.689+0000] {logging_mixin.py:188} INFO - [2024-02-02T15:36:10.689+0000] {dag.py:3823} INFO - Setting next_dagrun for example_skip_dag to 2024-02-01 00:00:00+00:00, run_after=2024-02-02 00:00:00+00:00
[2024-02-02T15:36:10.719+0000] {processor.py:183} INFO - Processing /home/airflow/.local/lib/python3.8/site-packages/airflow/example_dags/example_skip_dag.py took 0.109 seconds
