[2024-02-02T15:13:18.918+0000] {processor.py:161} INFO - Started process (PID=321) to work on /home/airflow/.local/lib/python3.8/site-packages/airflow/example_dags/example_sensor_decorator.py
[2024-02-02T15:13:18.919+0000] {processor.py:830} INFO - Processing file /home/airflow/.local/lib/python3.8/site-packages/airflow/example_dags/example_sensor_decorator.py for tasks to queue
[2024-02-02T15:13:18.921+0000] {logging_mixin.py:188} INFO - [2024-02-02T15:13:18.920+0000] {dagbag.py:538} INFO - Filling up the DagBag from /home/airflow/.local/lib/python3.8/site-packages/airflow/example_dags/example_sensor_decorator.py
[2024-02-02T15:13:18.932+0000] {processor.py:840} INFO - DAG(s) 'example_sensor_decorator' retrieved from /home/airflow/.local/lib/python3.8/site-packages/airflow/example_dags/example_sensor_decorator.py
[2024-02-02T15:13:18.948+0000] {logging_mixin.py:188} INFO - [2024-02-02T15:13:18.948+0000] {dag.py:3036} INFO - Sync 1 DAGs
[2024-02-02T15:13:18.976+0000] {logging_mixin.py:188} INFO - [2024-02-02T15:13:18.976+0000] {dag.py:3823} INFO - Setting next_dagrun for example_sensor_decorator to None, run_after=None
[2024-02-02T15:13:19.008+0000] {processor.py:183} INFO - Processing /home/airflow/.local/lib/python3.8/site-packages/airflow/example_dags/example_sensor_decorator.py took 0.094 seconds
[2024-02-02T15:13:52.086+0000] {processor.py:161} INFO - Started process (PID=568) to work on /home/airflow/.local/lib/python3.8/site-packages/airflow/example_dags/example_sensor_decorator.py
[2024-02-02T15:13:52.088+0000] {processor.py:830} INFO - Processing file /home/airflow/.local/lib/python3.8/site-packages/airflow/example_dags/example_sensor_decorator.py for tasks to queue
[2024-02-02T15:13:52.090+0000] {logging_mixin.py:188} INFO - [2024-02-02T15:13:52.089+0000] {dagbag.py:538} INFO - Filling up the DagBag from /home/airflow/.local/lib/python3.8/site-packages/airflow/example_dags/example_sensor_decorator.py
[2024-02-02T15:13:52.104+0000] {processor.py:840} INFO - DAG(s) 'example_sensor_decorator' retrieved from /home/airflow/.local/lib/python3.8/site-packages/airflow/example_dags/example_sensor_decorator.py
[2024-02-02T15:13:52.355+0000] {logging_mixin.py:188} INFO - [2024-02-02T15:13:52.355+0000] {dag.py:3036} INFO - Sync 1 DAGs
[2024-02-02T15:13:52.377+0000] {logging_mixin.py:188} INFO - [2024-02-02T15:13:52.377+0000] {dag.py:3823} INFO - Setting next_dagrun for example_sensor_decorator to None, run_after=None
[2024-02-02T15:13:52.418+0000] {processor.py:183} INFO - Processing /home/airflow/.local/lib/python3.8/site-packages/airflow/example_dags/example_sensor_decorator.py took 0.339 seconds
[2024-02-02T15:14:22.932+0000] {processor.py:161} INFO - Started process (PID=817) to work on /home/airflow/.local/lib/python3.8/site-packages/airflow/example_dags/example_sensor_decorator.py
[2024-02-02T15:14:22.934+0000] {processor.py:830} INFO - Processing file /home/airflow/.local/lib/python3.8/site-packages/airflow/example_dags/example_sensor_decorator.py for tasks to queue
[2024-02-02T15:14:22.936+0000] {logging_mixin.py:188} INFO - [2024-02-02T15:14:22.935+0000] {dagbag.py:538} INFO - Filling up the DagBag from /home/airflow/.local/lib/python3.8/site-packages/airflow/example_dags/example_sensor_decorator.py
[2024-02-02T15:14:22.943+0000] {processor.py:840} INFO - DAG(s) 'example_sensor_decorator' retrieved from /home/airflow/.local/lib/python3.8/site-packages/airflow/example_dags/example_sensor_decorator.py
[2024-02-02T15:14:22.969+0000] {logging_mixin.py:188} INFO - [2024-02-02T15:14:22.968+0000] {dag.py:3036} INFO - Sync 1 DAGs
[2024-02-02T15:14:22.989+0000] {logging_mixin.py:188} INFO - [2024-02-02T15:14:22.989+0000] {dag.py:3823} INFO - Setting next_dagrun for example_sensor_decorator to None, run_after=None
[2024-02-02T15:14:23.017+0000] {processor.py:183} INFO - Processing /home/airflow/.local/lib/python3.8/site-packages/airflow/example_dags/example_sensor_decorator.py took 0.090 seconds
[2024-02-02T15:14:53.150+0000] {processor.py:161} INFO - Started process (PID=1064) to work on /home/airflow/.local/lib/python3.8/site-packages/airflow/example_dags/example_sensor_decorator.py
[2024-02-02T15:14:53.151+0000] {processor.py:830} INFO - Processing file /home/airflow/.local/lib/python3.8/site-packages/airflow/example_dags/example_sensor_decorator.py for tasks to queue
[2024-02-02T15:14:53.152+0000] {logging_mixin.py:188} INFO - [2024-02-02T15:14:53.152+0000] {dagbag.py:538} INFO - Filling up the DagBag from /home/airflow/.local/lib/python3.8/site-packages/airflow/example_dags/example_sensor_decorator.py
[2024-02-02T15:14:53.159+0000] {processor.py:840} INFO - DAG(s) 'example_sensor_decorator' retrieved from /home/airflow/.local/lib/python3.8/site-packages/airflow/example_dags/example_sensor_decorator.py
[2024-02-02T15:14:53.181+0000] {logging_mixin.py:188} INFO - [2024-02-02T15:14:53.180+0000] {dag.py:3036} INFO - Sync 1 DAGs
[2024-02-02T15:14:53.196+0000] {logging_mixin.py:188} INFO - [2024-02-02T15:14:53.195+0000] {dag.py:3823} INFO - Setting next_dagrun for example_sensor_decorator to None, run_after=None
[2024-02-02T15:14:53.218+0000] {processor.py:183} INFO - Processing /home/airflow/.local/lib/python3.8/site-packages/airflow/example_dags/example_sensor_decorator.py took 0.071 seconds
[2024-02-02T15:15:23.519+0000] {processor.py:161} INFO - Started process (PID=1311) to work on /home/airflow/.local/lib/python3.8/site-packages/airflow/example_dags/example_sensor_decorator.py
[2024-02-02T15:15:23.520+0000] {processor.py:830} INFO - Processing file /home/airflow/.local/lib/python3.8/site-packages/airflow/example_dags/example_sensor_decorator.py for tasks to queue
[2024-02-02T15:15:23.522+0000] {logging_mixin.py:188} INFO - [2024-02-02T15:15:23.521+0000] {dagbag.py:538} INFO - Filling up the DagBag from /home/airflow/.local/lib/python3.8/site-packages/airflow/example_dags/example_sensor_decorator.py
[2024-02-02T15:15:23.533+0000] {processor.py:840} INFO - DAG(s) 'example_sensor_decorator' retrieved from /home/airflow/.local/lib/python3.8/site-packages/airflow/example_dags/example_sensor_decorator.py
[2024-02-02T15:15:23.565+0000] {logging_mixin.py:188} INFO - [2024-02-02T15:15:23.564+0000] {dag.py:3036} INFO - Sync 1 DAGs
[2024-02-02T15:15:23.582+0000] {logging_mixin.py:188} INFO - [2024-02-02T15:15:23.581+0000] {dag.py:3823} INFO - Setting next_dagrun for example_sensor_decorator to None, run_after=None
[2024-02-02T15:15:23.612+0000] {processor.py:183} INFO - Processing /home/airflow/.local/lib/python3.8/site-packages/airflow/example_dags/example_sensor_decorator.py took 0.099 seconds
[2024-02-02T15:15:54.140+0000] {processor.py:161} INFO - Started process (PID=1556) to work on /home/airflow/.local/lib/python3.8/site-packages/airflow/example_dags/example_sensor_decorator.py
[2024-02-02T15:15:54.142+0000] {processor.py:830} INFO - Processing file /home/airflow/.local/lib/python3.8/site-packages/airflow/example_dags/example_sensor_decorator.py for tasks to queue
[2024-02-02T15:15:54.143+0000] {logging_mixin.py:188} INFO - [2024-02-02T15:15:54.143+0000] {dagbag.py:538} INFO - Filling up the DagBag from /home/airflow/.local/lib/python3.8/site-packages/airflow/example_dags/example_sensor_decorator.py
[2024-02-02T15:15:54.153+0000] {processor.py:840} INFO - DAG(s) 'example_sensor_decorator' retrieved from /home/airflow/.local/lib/python3.8/site-packages/airflow/example_dags/example_sensor_decorator.py
[2024-02-02T15:15:54.195+0000] {logging_mixin.py:188} INFO - [2024-02-02T15:15:54.195+0000] {dag.py:3036} INFO - Sync 1 DAGs
[2024-02-02T15:15:54.227+0000] {logging_mixin.py:188} INFO - [2024-02-02T15:15:54.227+0000] {dag.py:3823} INFO - Setting next_dagrun for example_sensor_decorator to None, run_after=None
[2024-02-02T15:15:54.270+0000] {processor.py:183} INFO - Processing /home/airflow/.local/lib/python3.8/site-packages/airflow/example_dags/example_sensor_decorator.py took 0.137 seconds
[2024-02-02T15:16:24.423+0000] {processor.py:161} INFO - Started process (PID=1803) to work on /home/airflow/.local/lib/python3.8/site-packages/airflow/example_dags/example_sensor_decorator.py
[2024-02-02T15:16:24.426+0000] {processor.py:830} INFO - Processing file /home/airflow/.local/lib/python3.8/site-packages/airflow/example_dags/example_sensor_decorator.py for tasks to queue
[2024-02-02T15:16:24.427+0000] {logging_mixin.py:188} INFO - [2024-02-02T15:16:24.427+0000] {dagbag.py:538} INFO - Filling up the DagBag from /home/airflow/.local/lib/python3.8/site-packages/airflow/example_dags/example_sensor_decorator.py
[2024-02-02T15:16:24.436+0000] {processor.py:840} INFO - DAG(s) 'example_sensor_decorator' retrieved from /home/airflow/.local/lib/python3.8/site-packages/airflow/example_dags/example_sensor_decorator.py
[2024-02-02T15:16:24.466+0000] {logging_mixin.py:188} INFO - [2024-02-02T15:16:24.466+0000] {dag.py:3036} INFO - Sync 1 DAGs
[2024-02-02T15:16:24.486+0000] {logging_mixin.py:188} INFO - [2024-02-02T15:16:24.486+0000] {dag.py:3823} INFO - Setting next_dagrun for example_sensor_decorator to None, run_after=None
[2024-02-02T15:16:24.518+0000] {processor.py:183} INFO - Processing /home/airflow/.local/lib/python3.8/site-packages/airflow/example_dags/example_sensor_decorator.py took 0.101 seconds
[2024-02-02T15:16:55.293+0000] {processor.py:161} INFO - Started process (PID=2050) to work on /home/airflow/.local/lib/python3.8/site-packages/airflow/example_dags/example_sensor_decorator.py
[2024-02-02T15:16:55.294+0000] {processor.py:830} INFO - Processing file /home/airflow/.local/lib/python3.8/site-packages/airflow/example_dags/example_sensor_decorator.py for tasks to queue
[2024-02-02T15:16:55.296+0000] {logging_mixin.py:188} INFO - [2024-02-02T15:16:55.296+0000] {dagbag.py:538} INFO - Filling up the DagBag from /home/airflow/.local/lib/python3.8/site-packages/airflow/example_dags/example_sensor_decorator.py
[2024-02-02T15:16:55.309+0000] {processor.py:840} INFO - DAG(s) 'example_sensor_decorator' retrieved from /home/airflow/.local/lib/python3.8/site-packages/airflow/example_dags/example_sensor_decorator.py
[2024-02-02T15:16:55.356+0000] {logging_mixin.py:188} INFO - [2024-02-02T15:16:55.356+0000] {dag.py:3036} INFO - Sync 1 DAGs
[2024-02-02T15:16:55.393+0000] {logging_mixin.py:188} INFO - [2024-02-02T15:16:55.392+0000] {dag.py:3823} INFO - Setting next_dagrun for example_sensor_decorator to None, run_after=None
[2024-02-02T15:16:55.434+0000] {processor.py:183} INFO - Processing /home/airflow/.local/lib/python3.8/site-packages/airflow/example_dags/example_sensor_decorator.py took 0.148 seconds
[2024-02-02T15:17:25.559+0000] {processor.py:161} INFO - Started process (PID=2297) to work on /home/airflow/.local/lib/python3.8/site-packages/airflow/example_dags/example_sensor_decorator.py
[2024-02-02T15:17:25.564+0000] {processor.py:830} INFO - Processing file /home/airflow/.local/lib/python3.8/site-packages/airflow/example_dags/example_sensor_decorator.py for tasks to queue
[2024-02-02T15:17:25.566+0000] {logging_mixin.py:188} INFO - [2024-02-02T15:17:25.566+0000] {dagbag.py:538} INFO - Filling up the DagBag from /home/airflow/.local/lib/python3.8/site-packages/airflow/example_dags/example_sensor_decorator.py
[2024-02-02T15:17:25.581+0000] {processor.py:840} INFO - DAG(s) 'example_sensor_decorator' retrieved from /home/airflow/.local/lib/python3.8/site-packages/airflow/example_dags/example_sensor_decorator.py
[2024-02-02T15:17:25.627+0000] {logging_mixin.py:188} INFO - [2024-02-02T15:17:25.626+0000] {dag.py:3036} INFO - Sync 1 DAGs
[2024-02-02T15:17:25.651+0000] {logging_mixin.py:188} INFO - [2024-02-02T15:17:25.651+0000] {dag.py:3823} INFO - Setting next_dagrun for example_sensor_decorator to None, run_after=None
[2024-02-02T15:17:25.683+0000] {processor.py:183} INFO - Processing /home/airflow/.local/lib/python3.8/site-packages/airflow/example_dags/example_sensor_decorator.py took 0.129 seconds
[2024-02-02T15:17:55.868+0000] {processor.py:161} INFO - Started process (PID=2544) to work on /home/airflow/.local/lib/python3.8/site-packages/airflow/example_dags/example_sensor_decorator.py
[2024-02-02T15:17:55.870+0000] {processor.py:830} INFO - Processing file /home/airflow/.local/lib/python3.8/site-packages/airflow/example_dags/example_sensor_decorator.py for tasks to queue
[2024-02-02T15:17:55.872+0000] {logging_mixin.py:188} INFO - [2024-02-02T15:17:55.871+0000] {dagbag.py:538} INFO - Filling up the DagBag from /home/airflow/.local/lib/python3.8/site-packages/airflow/example_dags/example_sensor_decorator.py
[2024-02-02T15:17:55.882+0000] {processor.py:840} INFO - DAG(s) 'example_sensor_decorator' retrieved from /home/airflow/.local/lib/python3.8/site-packages/airflow/example_dags/example_sensor_decorator.py
[2024-02-02T15:17:55.915+0000] {logging_mixin.py:188} INFO - [2024-02-02T15:17:55.914+0000] {dag.py:3036} INFO - Sync 1 DAGs
[2024-02-02T15:17:55.939+0000] {logging_mixin.py:188} INFO - [2024-02-02T15:17:55.939+0000] {dag.py:3823} INFO - Setting next_dagrun for example_sensor_decorator to None, run_after=None
[2024-02-02T15:17:55.969+0000] {processor.py:183} INFO - Processing /home/airflow/.local/lib/python3.8/site-packages/airflow/example_dags/example_sensor_decorator.py took 0.108 seconds
[2024-02-02T15:18:26.904+0000] {processor.py:161} INFO - Started process (PID=2839) to work on /home/airflow/.local/lib/python3.8/site-packages/airflow/example_dags/example_sensor_decorator.py
[2024-02-02T15:18:26.906+0000] {processor.py:830} INFO - Processing file /home/airflow/.local/lib/python3.8/site-packages/airflow/example_dags/example_sensor_decorator.py for tasks to queue
[2024-02-02T15:18:26.908+0000] {logging_mixin.py:188} INFO - [2024-02-02T15:18:26.907+0000] {dagbag.py:538} INFO - Filling up the DagBag from /home/airflow/.local/lib/python3.8/site-packages/airflow/example_dags/example_sensor_decorator.py
[2024-02-02T15:18:26.917+0000] {processor.py:840} INFO - DAG(s) 'example_sensor_decorator' retrieved from /home/airflow/.local/lib/python3.8/site-packages/airflow/example_dags/example_sensor_decorator.py
[2024-02-02T15:18:26.943+0000] {logging_mixin.py:188} INFO - [2024-02-02T15:18:26.943+0000] {dag.py:3036} INFO - Sync 1 DAGs
[2024-02-02T15:18:26.961+0000] {logging_mixin.py:188} INFO - [2024-02-02T15:18:26.960+0000] {dag.py:3823} INFO - Setting next_dagrun for example_sensor_decorator to None, run_after=None
[2024-02-02T15:18:26.985+0000] {processor.py:183} INFO - Processing /home/airflow/.local/lib/python3.8/site-packages/airflow/example_dags/example_sensor_decorator.py took 0.086 seconds
[2024-02-02T15:18:57.483+0000] {processor.py:161} INFO - Started process (PID=3088) to work on /home/airflow/.local/lib/python3.8/site-packages/airflow/example_dags/example_sensor_decorator.py
[2024-02-02T15:18:57.485+0000] {processor.py:830} INFO - Processing file /home/airflow/.local/lib/python3.8/site-packages/airflow/example_dags/example_sensor_decorator.py for tasks to queue
[2024-02-02T15:18:57.487+0000] {logging_mixin.py:188} INFO - [2024-02-02T15:18:57.486+0000] {dagbag.py:538} INFO - Filling up the DagBag from /home/airflow/.local/lib/python3.8/site-packages/airflow/example_dags/example_sensor_decorator.py
[2024-02-02T15:18:57.497+0000] {processor.py:840} INFO - DAG(s) 'example_sensor_decorator' retrieved from /home/airflow/.local/lib/python3.8/site-packages/airflow/example_dags/example_sensor_decorator.py
[2024-02-02T15:18:57.531+0000] {logging_mixin.py:188} INFO - [2024-02-02T15:18:57.531+0000] {dag.py:3036} INFO - Sync 1 DAGs
[2024-02-02T15:18:57.552+0000] {logging_mixin.py:188} INFO - [2024-02-02T15:18:57.552+0000] {dag.py:3823} INFO - Setting next_dagrun for example_sensor_decorator to None, run_after=None
[2024-02-02T15:18:57.579+0000] {processor.py:183} INFO - Processing /home/airflow/.local/lib/python3.8/site-packages/airflow/example_dags/example_sensor_decorator.py took 0.102 seconds
[2024-02-02T15:19:27.736+0000] {processor.py:161} INFO - Started process (PID=3336) to work on /home/airflow/.local/lib/python3.8/site-packages/airflow/example_dags/example_sensor_decorator.py
[2024-02-02T15:19:27.738+0000] {processor.py:830} INFO - Processing file /home/airflow/.local/lib/python3.8/site-packages/airflow/example_dags/example_sensor_decorator.py for tasks to queue
[2024-02-02T15:19:27.739+0000] {logging_mixin.py:188} INFO - [2024-02-02T15:19:27.739+0000] {dagbag.py:538} INFO - Filling up the DagBag from /home/airflow/.local/lib/python3.8/site-packages/airflow/example_dags/example_sensor_decorator.py
[2024-02-02T15:19:27.748+0000] {processor.py:840} INFO - DAG(s) 'example_sensor_decorator' retrieved from /home/airflow/.local/lib/python3.8/site-packages/airflow/example_dags/example_sensor_decorator.py
[2024-02-02T15:19:27.775+0000] {logging_mixin.py:188} INFO - [2024-02-02T15:19:27.775+0000] {dag.py:3036} INFO - Sync 1 DAGs
[2024-02-02T15:19:27.792+0000] {logging_mixin.py:188} INFO - [2024-02-02T15:19:27.792+0000] {dag.py:3823} INFO - Setting next_dagrun for example_sensor_decorator to None, run_after=None
[2024-02-02T15:19:27.815+0000] {processor.py:183} INFO - Processing /home/airflow/.local/lib/python3.8/site-packages/airflow/example_dags/example_sensor_decorator.py took 0.084 seconds
[2024-02-02T15:19:58.082+0000] {processor.py:161} INFO - Started process (PID=3583) to work on /home/airflow/.local/lib/python3.8/site-packages/airflow/example_dags/example_sensor_decorator.py
[2024-02-02T15:19:58.083+0000] {processor.py:830} INFO - Processing file /home/airflow/.local/lib/python3.8/site-packages/airflow/example_dags/example_sensor_decorator.py for tasks to queue
[2024-02-02T15:19:58.085+0000] {logging_mixin.py:188} INFO - [2024-02-02T15:19:58.085+0000] {dagbag.py:538} INFO - Filling up the DagBag from /home/airflow/.local/lib/python3.8/site-packages/airflow/example_dags/example_sensor_decorator.py
[2024-02-02T15:19:58.094+0000] {processor.py:840} INFO - DAG(s) 'example_sensor_decorator' retrieved from /home/airflow/.local/lib/python3.8/site-packages/airflow/example_dags/example_sensor_decorator.py
[2024-02-02T15:19:58.118+0000] {logging_mixin.py:188} INFO - [2024-02-02T15:19:58.118+0000] {dag.py:3036} INFO - Sync 1 DAGs
[2024-02-02T15:19:58.135+0000] {logging_mixin.py:188} INFO - [2024-02-02T15:19:58.135+0000] {dag.py:3823} INFO - Setting next_dagrun for example_sensor_decorator to None, run_after=None
[2024-02-02T15:19:58.159+0000] {processor.py:183} INFO - Processing /home/airflow/.local/lib/python3.8/site-packages/airflow/example_dags/example_sensor_decorator.py took 0.081 seconds
[2024-02-02T15:20:28.651+0000] {processor.py:161} INFO - Started process (PID=3830) to work on /home/airflow/.local/lib/python3.8/site-packages/airflow/example_dags/example_sensor_decorator.py
[2024-02-02T15:20:28.653+0000] {processor.py:830} INFO - Processing file /home/airflow/.local/lib/python3.8/site-packages/airflow/example_dags/example_sensor_decorator.py for tasks to queue
[2024-02-02T15:20:28.654+0000] {logging_mixin.py:188} INFO - [2024-02-02T15:20:28.654+0000] {dagbag.py:538} INFO - Filling up the DagBag from /home/airflow/.local/lib/python3.8/site-packages/airflow/example_dags/example_sensor_decorator.py
[2024-02-02T15:20:28.661+0000] {processor.py:840} INFO - DAG(s) 'example_sensor_decorator' retrieved from /home/airflow/.local/lib/python3.8/site-packages/airflow/example_dags/example_sensor_decorator.py
[2024-02-02T15:20:28.687+0000] {logging_mixin.py:188} INFO - [2024-02-02T15:20:28.687+0000] {dag.py:3036} INFO - Sync 1 DAGs
[2024-02-02T15:20:28.701+0000] {logging_mixin.py:188} INFO - [2024-02-02T15:20:28.701+0000] {dag.py:3823} INFO - Setting next_dagrun for example_sensor_decorator to None, run_after=None
[2024-02-02T15:20:28.727+0000] {processor.py:183} INFO - Processing /home/airflow/.local/lib/python3.8/site-packages/airflow/example_dags/example_sensor_decorator.py took 0.079 seconds
[2024-02-02T15:20:59.010+0000] {processor.py:161} INFO - Started process (PID=4077) to work on /home/airflow/.local/lib/python3.8/site-packages/airflow/example_dags/example_sensor_decorator.py
[2024-02-02T15:20:59.012+0000] {processor.py:830} INFO - Processing file /home/airflow/.local/lib/python3.8/site-packages/airflow/example_dags/example_sensor_decorator.py for tasks to queue
[2024-02-02T15:20:59.013+0000] {logging_mixin.py:188} INFO - [2024-02-02T15:20:59.013+0000] {dagbag.py:538} INFO - Filling up the DagBag from /home/airflow/.local/lib/python3.8/site-packages/airflow/example_dags/example_sensor_decorator.py
[2024-02-02T15:20:59.019+0000] {processor.py:840} INFO - DAG(s) 'example_sensor_decorator' retrieved from /home/airflow/.local/lib/python3.8/site-packages/airflow/example_dags/example_sensor_decorator.py
[2024-02-02T15:20:59.048+0000] {logging_mixin.py:188} INFO - [2024-02-02T15:20:59.048+0000] {dag.py:3036} INFO - Sync 1 DAGs
[2024-02-02T15:20:59.067+0000] {logging_mixin.py:188} INFO - [2024-02-02T15:20:59.067+0000] {dag.py:3823} INFO - Setting next_dagrun for example_sensor_decorator to None, run_after=None
[2024-02-02T15:20:59.095+0000] {processor.py:183} INFO - Processing /home/airflow/.local/lib/python3.8/site-packages/airflow/example_dags/example_sensor_decorator.py took 0.089 seconds
[2024-02-02T15:21:29.268+0000] {processor.py:161} INFO - Started process (PID=4330) to work on /home/airflow/.local/lib/python3.8/site-packages/airflow/example_dags/example_sensor_decorator.py
[2024-02-02T15:21:29.269+0000] {processor.py:830} INFO - Processing file /home/airflow/.local/lib/python3.8/site-packages/airflow/example_dags/example_sensor_decorator.py for tasks to queue
[2024-02-02T15:21:29.271+0000] {logging_mixin.py:188} INFO - [2024-02-02T15:21:29.270+0000] {dagbag.py:538} INFO - Filling up the DagBag from /home/airflow/.local/lib/python3.8/site-packages/airflow/example_dags/example_sensor_decorator.py
[2024-02-02T15:21:29.279+0000] {processor.py:840} INFO - DAG(s) 'example_sensor_decorator' retrieved from /home/airflow/.local/lib/python3.8/site-packages/airflow/example_dags/example_sensor_decorator.py
[2024-02-02T15:21:29.304+0000] {logging_mixin.py:188} INFO - [2024-02-02T15:21:29.303+0000] {dag.py:3036} INFO - Sync 1 DAGs
[2024-02-02T15:21:29.320+0000] {logging_mixin.py:188} INFO - [2024-02-02T15:21:29.320+0000] {dag.py:3823} INFO - Setting next_dagrun for example_sensor_decorator to None, run_after=None
[2024-02-02T15:21:29.347+0000] {processor.py:183} INFO - Processing /home/airflow/.local/lib/python3.8/site-packages/airflow/example_dags/example_sensor_decorator.py took 0.083 seconds
[2024-02-02T15:21:59.536+0000] {processor.py:161} INFO - Started process (PID=4577) to work on /home/airflow/.local/lib/python3.8/site-packages/airflow/example_dags/example_sensor_decorator.py
[2024-02-02T15:21:59.538+0000] {processor.py:830} INFO - Processing file /home/airflow/.local/lib/python3.8/site-packages/airflow/example_dags/example_sensor_decorator.py for tasks to queue
[2024-02-02T15:21:59.539+0000] {logging_mixin.py:188} INFO - [2024-02-02T15:21:59.539+0000] {dagbag.py:538} INFO - Filling up the DagBag from /home/airflow/.local/lib/python3.8/site-packages/airflow/example_dags/example_sensor_decorator.py
[2024-02-02T15:21:59.547+0000] {processor.py:840} INFO - DAG(s) 'example_sensor_decorator' retrieved from /home/airflow/.local/lib/python3.8/site-packages/airflow/example_dags/example_sensor_decorator.py
[2024-02-02T15:21:59.571+0000] {logging_mixin.py:188} INFO - [2024-02-02T15:21:59.571+0000] {dag.py:3036} INFO - Sync 1 DAGs
[2024-02-02T15:21:59.588+0000] {logging_mixin.py:188} INFO - [2024-02-02T15:21:59.587+0000] {dag.py:3823} INFO - Setting next_dagrun for example_sensor_decorator to None, run_after=None
[2024-02-02T15:21:59.617+0000] {processor.py:183} INFO - Processing /home/airflow/.local/lib/python3.8/site-packages/airflow/example_dags/example_sensor_decorator.py took 0.085 seconds
[2024-02-02T15:22:29.953+0000] {processor.py:161} INFO - Started process (PID=4824) to work on /home/airflow/.local/lib/python3.8/site-packages/airflow/example_dags/example_sensor_decorator.py
[2024-02-02T15:22:29.954+0000] {processor.py:830} INFO - Processing file /home/airflow/.local/lib/python3.8/site-packages/airflow/example_dags/example_sensor_decorator.py for tasks to queue
[2024-02-02T15:22:29.955+0000] {logging_mixin.py:188} INFO - [2024-02-02T15:22:29.955+0000] {dagbag.py:538} INFO - Filling up the DagBag from /home/airflow/.local/lib/python3.8/site-packages/airflow/example_dags/example_sensor_decorator.py
[2024-02-02T15:22:29.962+0000] {processor.py:840} INFO - DAG(s) 'example_sensor_decorator' retrieved from /home/airflow/.local/lib/python3.8/site-packages/airflow/example_dags/example_sensor_decorator.py
[2024-02-02T15:22:29.987+0000] {logging_mixin.py:188} INFO - [2024-02-02T15:22:29.987+0000] {dag.py:3036} INFO - Sync 1 DAGs
[2024-02-02T15:22:30.002+0000] {logging_mixin.py:188} INFO - [2024-02-02T15:22:30.002+0000] {dag.py:3823} INFO - Setting next_dagrun for example_sensor_decorator to None, run_after=None
[2024-02-02T15:22:30.023+0000] {processor.py:183} INFO - Processing /home/airflow/.local/lib/python3.8/site-packages/airflow/example_dags/example_sensor_decorator.py took 0.075 seconds
[2024-02-02T15:23:00.962+0000] {processor.py:161} INFO - Started process (PID=5071) to work on /home/airflow/.local/lib/python3.8/site-packages/airflow/example_dags/example_sensor_decorator.py
[2024-02-02T15:23:00.963+0000] {processor.py:830} INFO - Processing file /home/airflow/.local/lib/python3.8/site-packages/airflow/example_dags/example_sensor_decorator.py for tasks to queue
[2024-02-02T15:23:00.965+0000] {logging_mixin.py:188} INFO - [2024-02-02T15:23:00.964+0000] {dagbag.py:538} INFO - Filling up the DagBag from /home/airflow/.local/lib/python3.8/site-packages/airflow/example_dags/example_sensor_decorator.py
[2024-02-02T15:23:00.971+0000] {processor.py:840} INFO - DAG(s) 'example_sensor_decorator' retrieved from /home/airflow/.local/lib/python3.8/site-packages/airflow/example_dags/example_sensor_decorator.py
[2024-02-02T15:23:00.999+0000] {logging_mixin.py:188} INFO - [2024-02-02T15:23:00.999+0000] {dag.py:3036} INFO - Sync 1 DAGs
[2024-02-02T15:23:01.016+0000] {logging_mixin.py:188} INFO - [2024-02-02T15:23:01.016+0000] {dag.py:3823} INFO - Setting next_dagrun for example_sensor_decorator to None, run_after=None
[2024-02-02T15:23:01.038+0000] {processor.py:183} INFO - Processing /home/airflow/.local/lib/python3.8/site-packages/airflow/example_dags/example_sensor_decorator.py took 0.081 seconds
[2024-02-02T15:23:31.787+0000] {processor.py:161} INFO - Started process (PID=5318) to work on /home/airflow/.local/lib/python3.8/site-packages/airflow/example_dags/example_sensor_decorator.py
[2024-02-02T15:23:31.788+0000] {processor.py:830} INFO - Processing file /home/airflow/.local/lib/python3.8/site-packages/airflow/example_dags/example_sensor_decorator.py for tasks to queue
[2024-02-02T15:23:31.790+0000] {logging_mixin.py:188} INFO - [2024-02-02T15:23:31.790+0000] {dagbag.py:538} INFO - Filling up the DagBag from /home/airflow/.local/lib/python3.8/site-packages/airflow/example_dags/example_sensor_decorator.py
[2024-02-02T15:23:31.798+0000] {processor.py:840} INFO - DAG(s) 'example_sensor_decorator' retrieved from /home/airflow/.local/lib/python3.8/site-packages/airflow/example_dags/example_sensor_decorator.py
[2024-02-02T15:23:31.823+0000] {logging_mixin.py:188} INFO - [2024-02-02T15:23:31.822+0000] {dag.py:3036} INFO - Sync 1 DAGs
[2024-02-02T15:23:31.839+0000] {logging_mixin.py:188} INFO - [2024-02-02T15:23:31.839+0000] {dag.py:3823} INFO - Setting next_dagrun for example_sensor_decorator to None, run_after=None
[2024-02-02T15:23:31.864+0000] {processor.py:183} INFO - Processing /home/airflow/.local/lib/python3.8/site-packages/airflow/example_dags/example_sensor_decorator.py took 0.082 seconds
[2024-02-02T15:24:02.450+0000] {processor.py:161} INFO - Started process (PID=5565) to work on /home/airflow/.local/lib/python3.8/site-packages/airflow/example_dags/example_sensor_decorator.py
[2024-02-02T15:24:02.451+0000] {processor.py:830} INFO - Processing file /home/airflow/.local/lib/python3.8/site-packages/airflow/example_dags/example_sensor_decorator.py for tasks to queue
[2024-02-02T15:24:02.453+0000] {logging_mixin.py:188} INFO - [2024-02-02T15:24:02.452+0000] {dagbag.py:538} INFO - Filling up the DagBag from /home/airflow/.local/lib/python3.8/site-packages/airflow/example_dags/example_sensor_decorator.py
[2024-02-02T15:24:02.461+0000] {processor.py:840} INFO - DAG(s) 'example_sensor_decorator' retrieved from /home/airflow/.local/lib/python3.8/site-packages/airflow/example_dags/example_sensor_decorator.py
[2024-02-02T15:24:02.486+0000] {logging_mixin.py:188} INFO - [2024-02-02T15:24:02.486+0000] {dag.py:3036} INFO - Sync 1 DAGs
[2024-02-02T15:24:02.503+0000] {logging_mixin.py:188} INFO - [2024-02-02T15:24:02.503+0000] {dag.py:3823} INFO - Setting next_dagrun for example_sensor_decorator to None, run_after=None
[2024-02-02T15:24:02.530+0000] {processor.py:183} INFO - Processing /home/airflow/.local/lib/python3.8/site-packages/airflow/example_dags/example_sensor_decorator.py took 0.084 seconds
[2024-02-02T15:24:32.853+0000] {processor.py:161} INFO - Started process (PID=5812) to work on /home/airflow/.local/lib/python3.8/site-packages/airflow/example_dags/example_sensor_decorator.py
[2024-02-02T15:24:32.854+0000] {processor.py:830} INFO - Processing file /home/airflow/.local/lib/python3.8/site-packages/airflow/example_dags/example_sensor_decorator.py for tasks to queue
[2024-02-02T15:24:32.856+0000] {logging_mixin.py:188} INFO - [2024-02-02T15:24:32.855+0000] {dagbag.py:538} INFO - Filling up the DagBag from /home/airflow/.local/lib/python3.8/site-packages/airflow/example_dags/example_sensor_decorator.py
[2024-02-02T15:24:32.864+0000] {processor.py:840} INFO - DAG(s) 'example_sensor_decorator' retrieved from /home/airflow/.local/lib/python3.8/site-packages/airflow/example_dags/example_sensor_decorator.py
[2024-02-02T15:24:32.889+0000] {logging_mixin.py:188} INFO - [2024-02-02T15:24:32.888+0000] {dag.py:3036} INFO - Sync 1 DAGs
[2024-02-02T15:24:32.909+0000] {logging_mixin.py:188} INFO - [2024-02-02T15:24:32.909+0000] {dag.py:3823} INFO - Setting next_dagrun for example_sensor_decorator to None, run_after=None
[2024-02-02T15:24:32.934+0000] {processor.py:183} INFO - Processing /home/airflow/.local/lib/python3.8/site-packages/airflow/example_dags/example_sensor_decorator.py took 0.086 seconds
[2024-02-02T15:25:03.615+0000] {processor.py:161} INFO - Started process (PID=6059) to work on /home/airflow/.local/lib/python3.8/site-packages/airflow/example_dags/example_sensor_decorator.py
[2024-02-02T15:25:03.617+0000] {processor.py:830} INFO - Processing file /home/airflow/.local/lib/python3.8/site-packages/airflow/example_dags/example_sensor_decorator.py for tasks to queue
[2024-02-02T15:25:03.618+0000] {logging_mixin.py:188} INFO - [2024-02-02T15:25:03.618+0000] {dagbag.py:538} INFO - Filling up the DagBag from /home/airflow/.local/lib/python3.8/site-packages/airflow/example_dags/example_sensor_decorator.py
[2024-02-02T15:25:03.625+0000] {processor.py:840} INFO - DAG(s) 'example_sensor_decorator' retrieved from /home/airflow/.local/lib/python3.8/site-packages/airflow/example_dags/example_sensor_decorator.py
[2024-02-02T15:25:03.651+0000] {logging_mixin.py:188} INFO - [2024-02-02T15:25:03.651+0000] {dag.py:3036} INFO - Sync 1 DAGs
[2024-02-02T15:25:03.667+0000] {logging_mixin.py:188} INFO - [2024-02-02T15:25:03.666+0000] {dag.py:3823} INFO - Setting next_dagrun for example_sensor_decorator to None, run_after=None
[2024-02-02T15:25:03.690+0000] {processor.py:183} INFO - Processing /home/airflow/.local/lib/python3.8/site-packages/airflow/example_dags/example_sensor_decorator.py took 0.079 seconds
[2024-02-02T15:25:33.999+0000] {processor.py:161} INFO - Started process (PID=6306) to work on /home/airflow/.local/lib/python3.8/site-packages/airflow/example_dags/example_sensor_decorator.py
[2024-02-02T15:25:34.000+0000] {processor.py:830} INFO - Processing file /home/airflow/.local/lib/python3.8/site-packages/airflow/example_dags/example_sensor_decorator.py for tasks to queue
[2024-02-02T15:25:34.002+0000] {logging_mixin.py:188} INFO - [2024-02-02T15:25:34.001+0000] {dagbag.py:538} INFO - Filling up the DagBag from /home/airflow/.local/lib/python3.8/site-packages/airflow/example_dags/example_sensor_decorator.py
[2024-02-02T15:25:34.010+0000] {processor.py:840} INFO - DAG(s) 'example_sensor_decorator' retrieved from /home/airflow/.local/lib/python3.8/site-packages/airflow/example_dags/example_sensor_decorator.py
[2024-02-02T15:25:34.034+0000] {logging_mixin.py:188} INFO - [2024-02-02T15:25:34.034+0000] {dag.py:3036} INFO - Sync 1 DAGs
[2024-02-02T15:25:34.053+0000] {logging_mixin.py:188} INFO - [2024-02-02T15:25:34.053+0000] {dag.py:3823} INFO - Setting next_dagrun for example_sensor_decorator to None, run_after=None
[2024-02-02T15:25:34.080+0000] {processor.py:183} INFO - Processing /home/airflow/.local/lib/python3.8/site-packages/airflow/example_dags/example_sensor_decorator.py took 0.086 seconds
[2024-02-02T15:26:04.643+0000] {processor.py:161} INFO - Started process (PID=6553) to work on /home/airflow/.local/lib/python3.8/site-packages/airflow/example_dags/example_sensor_decorator.py
[2024-02-02T15:26:04.644+0000] {processor.py:830} INFO - Processing file /home/airflow/.local/lib/python3.8/site-packages/airflow/example_dags/example_sensor_decorator.py for tasks to queue
[2024-02-02T15:26:04.645+0000] {logging_mixin.py:188} INFO - [2024-02-02T15:26:04.645+0000] {dagbag.py:538} INFO - Filling up the DagBag from /home/airflow/.local/lib/python3.8/site-packages/airflow/example_dags/example_sensor_decorator.py
[2024-02-02T15:26:04.654+0000] {processor.py:840} INFO - DAG(s) 'example_sensor_decorator' retrieved from /home/airflow/.local/lib/python3.8/site-packages/airflow/example_dags/example_sensor_decorator.py
[2024-02-02T15:26:04.683+0000] {logging_mixin.py:188} INFO - [2024-02-02T15:26:04.683+0000] {dag.py:3036} INFO - Sync 1 DAGs
[2024-02-02T15:26:04.699+0000] {logging_mixin.py:188} INFO - [2024-02-02T15:26:04.699+0000] {dag.py:3823} INFO - Setting next_dagrun for example_sensor_decorator to None, run_after=None
[2024-02-02T15:26:04.724+0000] {processor.py:183} INFO - Processing /home/airflow/.local/lib/python3.8/site-packages/airflow/example_dags/example_sensor_decorator.py took 0.086 seconds
[2024-02-02T15:26:35.332+0000] {processor.py:161} INFO - Started process (PID=6800) to work on /home/airflow/.local/lib/python3.8/site-packages/airflow/example_dags/example_sensor_decorator.py
[2024-02-02T15:26:35.333+0000] {processor.py:830} INFO - Processing file /home/airflow/.local/lib/python3.8/site-packages/airflow/example_dags/example_sensor_decorator.py for tasks to queue
[2024-02-02T15:26:35.334+0000] {logging_mixin.py:188} INFO - [2024-02-02T15:26:35.334+0000] {dagbag.py:538} INFO - Filling up the DagBag from /home/airflow/.local/lib/python3.8/site-packages/airflow/example_dags/example_sensor_decorator.py
[2024-02-02T15:26:35.342+0000] {processor.py:840} INFO - DAG(s) 'example_sensor_decorator' retrieved from /home/airflow/.local/lib/python3.8/site-packages/airflow/example_dags/example_sensor_decorator.py
[2024-02-02T15:26:35.366+0000] {logging_mixin.py:188} INFO - [2024-02-02T15:26:35.366+0000] {dag.py:3036} INFO - Sync 1 DAGs
[2024-02-02T15:26:35.383+0000] {logging_mixin.py:188} INFO - [2024-02-02T15:26:35.383+0000] {dag.py:3823} INFO - Setting next_dagrun for example_sensor_decorator to None, run_after=None
[2024-02-02T15:26:35.409+0000] {processor.py:183} INFO - Processing /home/airflow/.local/lib/python3.8/site-packages/airflow/example_dags/example_sensor_decorator.py took 0.083 seconds
[2024-02-02T15:27:05.703+0000] {processor.py:161} INFO - Started process (PID=7047) to work on /home/airflow/.local/lib/python3.8/site-packages/airflow/example_dags/example_sensor_decorator.py
[2024-02-02T15:27:05.705+0000] {processor.py:830} INFO - Processing file /home/airflow/.local/lib/python3.8/site-packages/airflow/example_dags/example_sensor_decorator.py for tasks to queue
[2024-02-02T15:27:05.706+0000] {logging_mixin.py:188} INFO - [2024-02-02T15:27:05.706+0000] {dagbag.py:538} INFO - Filling up the DagBag from /home/airflow/.local/lib/python3.8/site-packages/airflow/example_dags/example_sensor_decorator.py
[2024-02-02T15:27:05.713+0000] {processor.py:840} INFO - DAG(s) 'example_sensor_decorator' retrieved from /home/airflow/.local/lib/python3.8/site-packages/airflow/example_dags/example_sensor_decorator.py
[2024-02-02T15:27:05.738+0000] {logging_mixin.py:188} INFO - [2024-02-02T15:27:05.738+0000] {dag.py:3036} INFO - Sync 1 DAGs
[2024-02-02T15:27:05.754+0000] {logging_mixin.py:188} INFO - [2024-02-02T15:27:05.753+0000] {dag.py:3823} INFO - Setting next_dagrun for example_sensor_decorator to None, run_after=None
[2024-02-02T15:27:05.778+0000] {processor.py:183} INFO - Processing /home/airflow/.local/lib/python3.8/site-packages/airflow/example_dags/example_sensor_decorator.py took 0.078 seconds
[2024-02-02T15:27:36.476+0000] {processor.py:161} INFO - Started process (PID=7294) to work on /home/airflow/.local/lib/python3.8/site-packages/airflow/example_dags/example_sensor_decorator.py
[2024-02-02T15:27:36.478+0000] {processor.py:830} INFO - Processing file /home/airflow/.local/lib/python3.8/site-packages/airflow/example_dags/example_sensor_decorator.py for tasks to queue
[2024-02-02T15:27:36.480+0000] {logging_mixin.py:188} INFO - [2024-02-02T15:27:36.479+0000] {dagbag.py:538} INFO - Filling up the DagBag from /home/airflow/.local/lib/python3.8/site-packages/airflow/example_dags/example_sensor_decorator.py
[2024-02-02T15:27:36.488+0000] {processor.py:840} INFO - DAG(s) 'example_sensor_decorator' retrieved from /home/airflow/.local/lib/python3.8/site-packages/airflow/example_dags/example_sensor_decorator.py
[2024-02-02T15:27:36.516+0000] {logging_mixin.py:188} INFO - [2024-02-02T15:27:36.515+0000] {dag.py:3036} INFO - Sync 1 DAGs
[2024-02-02T15:27:36.533+0000] {logging_mixin.py:188} INFO - [2024-02-02T15:27:36.532+0000] {dag.py:3823} INFO - Setting next_dagrun for example_sensor_decorator to None, run_after=None
[2024-02-02T15:27:36.559+0000] {processor.py:183} INFO - Processing /home/airflow/.local/lib/python3.8/site-packages/airflow/example_dags/example_sensor_decorator.py took 0.088 seconds
[2024-02-02T15:28:06.864+0000] {processor.py:161} INFO - Started process (PID=7541) to work on /home/airflow/.local/lib/python3.8/site-packages/airflow/example_dags/example_sensor_decorator.py
[2024-02-02T15:28:06.865+0000] {processor.py:830} INFO - Processing file /home/airflow/.local/lib/python3.8/site-packages/airflow/example_dags/example_sensor_decorator.py for tasks to queue
[2024-02-02T15:28:06.866+0000] {logging_mixin.py:188} INFO - [2024-02-02T15:28:06.866+0000] {dagbag.py:538} INFO - Filling up the DagBag from /home/airflow/.local/lib/python3.8/site-packages/airflow/example_dags/example_sensor_decorator.py
[2024-02-02T15:28:06.873+0000] {processor.py:840} INFO - DAG(s) 'example_sensor_decorator' retrieved from /home/airflow/.local/lib/python3.8/site-packages/airflow/example_dags/example_sensor_decorator.py
[2024-02-02T15:28:06.899+0000] {logging_mixin.py:188} INFO - [2024-02-02T15:28:06.898+0000] {dag.py:3036} INFO - Sync 1 DAGs
[2024-02-02T15:28:06.913+0000] {logging_mixin.py:188} INFO - [2024-02-02T15:28:06.912+0000] {dag.py:3823} INFO - Setting next_dagrun for example_sensor_decorator to None, run_after=None
[2024-02-02T15:28:06.934+0000] {processor.py:183} INFO - Processing /home/airflow/.local/lib/python3.8/site-packages/airflow/example_dags/example_sensor_decorator.py took 0.075 seconds
[2024-02-02T15:28:37.288+0000] {processor.py:161} INFO - Started process (PID=7788) to work on /home/airflow/.local/lib/python3.8/site-packages/airflow/example_dags/example_sensor_decorator.py
[2024-02-02T15:28:37.290+0000] {processor.py:830} INFO - Processing file /home/airflow/.local/lib/python3.8/site-packages/airflow/example_dags/example_sensor_decorator.py for tasks to queue
[2024-02-02T15:28:37.291+0000] {logging_mixin.py:188} INFO - [2024-02-02T15:28:37.291+0000] {dagbag.py:538} INFO - Filling up the DagBag from /home/airflow/.local/lib/python3.8/site-packages/airflow/example_dags/example_sensor_decorator.py
[2024-02-02T15:28:37.301+0000] {processor.py:840} INFO - DAG(s) 'example_sensor_decorator' retrieved from /home/airflow/.local/lib/python3.8/site-packages/airflow/example_dags/example_sensor_decorator.py
[2024-02-02T15:28:37.333+0000] {logging_mixin.py:188} INFO - [2024-02-02T15:28:37.333+0000] {dag.py:3036} INFO - Sync 1 DAGs
[2024-02-02T15:28:37.354+0000] {logging_mixin.py:188} INFO - [2024-02-02T15:28:37.353+0000] {dag.py:3823} INFO - Setting next_dagrun for example_sensor_decorator to None, run_after=None
[2024-02-02T15:28:37.382+0000] {processor.py:183} INFO - Processing /home/airflow/.local/lib/python3.8/site-packages/airflow/example_dags/example_sensor_decorator.py took 0.099 seconds
[2024-02-02T15:29:07.629+0000] {processor.py:161} INFO - Started process (PID=8035) to work on /home/airflow/.local/lib/python3.8/site-packages/airflow/example_dags/example_sensor_decorator.py
[2024-02-02T15:29:07.631+0000] {processor.py:830} INFO - Processing file /home/airflow/.local/lib/python3.8/site-packages/airflow/example_dags/example_sensor_decorator.py for tasks to queue
[2024-02-02T15:29:07.632+0000] {logging_mixin.py:188} INFO - [2024-02-02T15:29:07.632+0000] {dagbag.py:538} INFO - Filling up the DagBag from /home/airflow/.local/lib/python3.8/site-packages/airflow/example_dags/example_sensor_decorator.py
[2024-02-02T15:29:07.639+0000] {processor.py:840} INFO - DAG(s) 'example_sensor_decorator' retrieved from /home/airflow/.local/lib/python3.8/site-packages/airflow/example_dags/example_sensor_decorator.py
[2024-02-02T15:29:07.661+0000] {logging_mixin.py:188} INFO - [2024-02-02T15:29:07.661+0000] {dag.py:3036} INFO - Sync 1 DAGs
[2024-02-02T15:29:07.675+0000] {logging_mixin.py:188} INFO - [2024-02-02T15:29:07.675+0000] {dag.py:3823} INFO - Setting next_dagrun for example_sensor_decorator to None, run_after=None
[2024-02-02T15:29:07.699+0000] {processor.py:183} INFO - Processing /home/airflow/.local/lib/python3.8/site-packages/airflow/example_dags/example_sensor_decorator.py took 0.073 seconds
[2024-02-02T15:29:38.050+0000] {processor.py:161} INFO - Started process (PID=8282) to work on /home/airflow/.local/lib/python3.8/site-packages/airflow/example_dags/example_sensor_decorator.py
[2024-02-02T15:29:38.051+0000] {processor.py:830} INFO - Processing file /home/airflow/.local/lib/python3.8/site-packages/airflow/example_dags/example_sensor_decorator.py for tasks to queue
[2024-02-02T15:29:38.053+0000] {logging_mixin.py:188} INFO - [2024-02-02T15:29:38.053+0000] {dagbag.py:538} INFO - Filling up the DagBag from /home/airflow/.local/lib/python3.8/site-packages/airflow/example_dags/example_sensor_decorator.py
[2024-02-02T15:29:38.065+0000] {processor.py:840} INFO - DAG(s) 'example_sensor_decorator' retrieved from /home/airflow/.local/lib/python3.8/site-packages/airflow/example_dags/example_sensor_decorator.py
[2024-02-02T15:29:38.099+0000] {logging_mixin.py:188} INFO - [2024-02-02T15:29:38.099+0000] {dag.py:3036} INFO - Sync 1 DAGs
[2024-02-02T15:29:38.122+0000] {logging_mixin.py:188} INFO - [2024-02-02T15:29:38.122+0000] {dag.py:3823} INFO - Setting next_dagrun for example_sensor_decorator to None, run_after=None
[2024-02-02T15:29:38.160+0000] {processor.py:183} INFO - Processing /home/airflow/.local/lib/python3.8/site-packages/airflow/example_dags/example_sensor_decorator.py took 0.114 seconds
[2024-02-02T15:30:08.511+0000] {processor.py:161} INFO - Started process (PID=8529) to work on /home/airflow/.local/lib/python3.8/site-packages/airflow/example_dags/example_sensor_decorator.py
[2024-02-02T15:30:08.513+0000] {processor.py:830} INFO - Processing file /home/airflow/.local/lib/python3.8/site-packages/airflow/example_dags/example_sensor_decorator.py for tasks to queue
[2024-02-02T15:30:08.514+0000] {logging_mixin.py:188} INFO - [2024-02-02T15:30:08.514+0000] {dagbag.py:538} INFO - Filling up the DagBag from /home/airflow/.local/lib/python3.8/site-packages/airflow/example_dags/example_sensor_decorator.py
[2024-02-02T15:30:08.522+0000] {processor.py:840} INFO - DAG(s) 'example_sensor_decorator' retrieved from /home/airflow/.local/lib/python3.8/site-packages/airflow/example_dags/example_sensor_decorator.py
[2024-02-02T15:30:08.547+0000] {logging_mixin.py:188} INFO - [2024-02-02T15:30:08.547+0000] {dag.py:3036} INFO - Sync 1 DAGs
[2024-02-02T15:30:08.564+0000] {logging_mixin.py:188} INFO - [2024-02-02T15:30:08.563+0000] {dag.py:3823} INFO - Setting next_dagrun for example_sensor_decorator to None, run_after=None
[2024-02-02T15:30:08.589+0000] {processor.py:183} INFO - Processing /home/airflow/.local/lib/python3.8/site-packages/airflow/example_dags/example_sensor_decorator.py took 0.081 seconds
[2024-02-02T15:30:38.834+0000] {processor.py:161} INFO - Started process (PID=8776) to work on /home/airflow/.local/lib/python3.8/site-packages/airflow/example_dags/example_sensor_decorator.py
[2024-02-02T15:30:38.836+0000] {processor.py:830} INFO - Processing file /home/airflow/.local/lib/python3.8/site-packages/airflow/example_dags/example_sensor_decorator.py for tasks to queue
[2024-02-02T15:30:38.837+0000] {logging_mixin.py:188} INFO - [2024-02-02T15:30:38.837+0000] {dagbag.py:538} INFO - Filling up the DagBag from /home/airflow/.local/lib/python3.8/site-packages/airflow/example_dags/example_sensor_decorator.py
[2024-02-02T15:30:38.844+0000] {processor.py:840} INFO - DAG(s) 'example_sensor_decorator' retrieved from /home/airflow/.local/lib/python3.8/site-packages/airflow/example_dags/example_sensor_decorator.py
[2024-02-02T15:30:38.867+0000] {logging_mixin.py:188} INFO - [2024-02-02T15:30:38.867+0000] {dag.py:3036} INFO - Sync 1 DAGs
[2024-02-02T15:30:38.882+0000] {logging_mixin.py:188} INFO - [2024-02-02T15:30:38.882+0000] {dag.py:3823} INFO - Setting next_dagrun for example_sensor_decorator to None, run_after=None
[2024-02-02T15:30:38.906+0000] {processor.py:183} INFO - Processing /home/airflow/.local/lib/python3.8/site-packages/airflow/example_dags/example_sensor_decorator.py took 0.076 seconds
[2024-02-02T15:31:09.056+0000] {processor.py:161} INFO - Started process (PID=9023) to work on /home/airflow/.local/lib/python3.8/site-packages/airflow/example_dags/example_sensor_decorator.py
[2024-02-02T15:31:09.057+0000] {processor.py:830} INFO - Processing file /home/airflow/.local/lib/python3.8/site-packages/airflow/example_dags/example_sensor_decorator.py for tasks to queue
[2024-02-02T15:31:09.059+0000] {logging_mixin.py:188} INFO - [2024-02-02T15:31:09.058+0000] {dagbag.py:538} INFO - Filling up the DagBag from /home/airflow/.local/lib/python3.8/site-packages/airflow/example_dags/example_sensor_decorator.py
[2024-02-02T15:31:09.065+0000] {processor.py:840} INFO - DAG(s) 'example_sensor_decorator' retrieved from /home/airflow/.local/lib/python3.8/site-packages/airflow/example_dags/example_sensor_decorator.py
[2024-02-02T15:31:09.088+0000] {logging_mixin.py:188} INFO - [2024-02-02T15:31:09.088+0000] {dag.py:3036} INFO - Sync 1 DAGs
[2024-02-02T15:31:09.102+0000] {logging_mixin.py:188} INFO - [2024-02-02T15:31:09.102+0000] {dag.py:3823} INFO - Setting next_dagrun for example_sensor_decorator to None, run_after=None
[2024-02-02T15:31:09.125+0000] {processor.py:183} INFO - Processing /home/airflow/.local/lib/python3.8/site-packages/airflow/example_dags/example_sensor_decorator.py took 0.072 seconds
[2024-02-02T15:31:39.382+0000] {processor.py:161} INFO - Started process (PID=9268) to work on /home/airflow/.local/lib/python3.8/site-packages/airflow/example_dags/example_sensor_decorator.py
[2024-02-02T15:31:39.384+0000] {processor.py:830} INFO - Processing file /home/airflow/.local/lib/python3.8/site-packages/airflow/example_dags/example_sensor_decorator.py for tasks to queue
[2024-02-02T15:31:39.385+0000] {logging_mixin.py:188} INFO - [2024-02-02T15:31:39.385+0000] {dagbag.py:538} INFO - Filling up the DagBag from /home/airflow/.local/lib/python3.8/site-packages/airflow/example_dags/example_sensor_decorator.py
[2024-02-02T15:31:39.395+0000] {processor.py:840} INFO - DAG(s) 'example_sensor_decorator' retrieved from /home/airflow/.local/lib/python3.8/site-packages/airflow/example_dags/example_sensor_decorator.py
[2024-02-02T15:31:39.421+0000] {logging_mixin.py:188} INFO - [2024-02-02T15:31:39.421+0000] {dag.py:3036} INFO - Sync 1 DAGs
[2024-02-02T15:31:39.439+0000] {logging_mixin.py:188} INFO - [2024-02-02T15:31:39.438+0000] {dag.py:3823} INFO - Setting next_dagrun for example_sensor_decorator to None, run_after=None
[2024-02-02T15:31:39.470+0000] {processor.py:183} INFO - Processing /home/airflow/.local/lib/python3.8/site-packages/airflow/example_dags/example_sensor_decorator.py took 0.092 seconds
[2024-02-02T15:32:09.577+0000] {processor.py:161} INFO - Started process (PID=9515) to work on /home/airflow/.local/lib/python3.8/site-packages/airflow/example_dags/example_sensor_decorator.py
[2024-02-02T15:32:09.579+0000] {processor.py:830} INFO - Processing file /home/airflow/.local/lib/python3.8/site-packages/airflow/example_dags/example_sensor_decorator.py for tasks to queue
[2024-02-02T15:32:09.580+0000] {logging_mixin.py:188} INFO - [2024-02-02T15:32:09.580+0000] {dagbag.py:538} INFO - Filling up the DagBag from /home/airflow/.local/lib/python3.8/site-packages/airflow/example_dags/example_sensor_decorator.py
[2024-02-02T15:32:09.588+0000] {processor.py:840} INFO - DAG(s) 'example_sensor_decorator' retrieved from /home/airflow/.local/lib/python3.8/site-packages/airflow/example_dags/example_sensor_decorator.py
[2024-02-02T15:32:09.614+0000] {logging_mixin.py:188} INFO - [2024-02-02T15:32:09.613+0000] {dag.py:3036} INFO - Sync 1 DAGs
[2024-02-02T15:32:09.630+0000] {logging_mixin.py:188} INFO - [2024-02-02T15:32:09.630+0000] {dag.py:3823} INFO - Setting next_dagrun for example_sensor_decorator to None, run_after=None
[2024-02-02T15:32:09.655+0000] {processor.py:183} INFO - Processing /home/airflow/.local/lib/python3.8/site-packages/airflow/example_dags/example_sensor_decorator.py took 0.082 seconds
[2024-02-02T15:32:39.805+0000] {processor.py:161} INFO - Started process (PID=9759) to work on /home/airflow/.local/lib/python3.8/site-packages/airflow/example_dags/example_sensor_decorator.py
[2024-02-02T15:32:39.806+0000] {processor.py:830} INFO - Processing file /home/airflow/.local/lib/python3.8/site-packages/airflow/example_dags/example_sensor_decorator.py for tasks to queue
[2024-02-02T15:32:39.807+0000] {logging_mixin.py:188} INFO - [2024-02-02T15:32:39.807+0000] {dagbag.py:538} INFO - Filling up the DagBag from /home/airflow/.local/lib/python3.8/site-packages/airflow/example_dags/example_sensor_decorator.py
[2024-02-02T15:32:39.815+0000] {processor.py:840} INFO - DAG(s) 'example_sensor_decorator' retrieved from /home/airflow/.local/lib/python3.8/site-packages/airflow/example_dags/example_sensor_decorator.py
[2024-02-02T15:32:39.838+0000] {logging_mixin.py:188} INFO - [2024-02-02T15:32:39.837+0000] {dag.py:3036} INFO - Sync 1 DAGs
[2024-02-02T15:32:39.857+0000] {logging_mixin.py:188} INFO - [2024-02-02T15:32:39.857+0000] {dag.py:3823} INFO - Setting next_dagrun for example_sensor_decorator to None, run_after=None
[2024-02-02T15:32:39.889+0000] {processor.py:183} INFO - Processing /home/airflow/.local/lib/python3.8/site-packages/airflow/example_dags/example_sensor_decorator.py took 0.088 seconds
[2024-02-02T15:33:10.951+0000] {processor.py:161} INFO - Started process (PID=10009) to work on /home/airflow/.local/lib/python3.8/site-packages/airflow/example_dags/example_sensor_decorator.py
[2024-02-02T15:33:10.952+0000] {processor.py:830} INFO - Processing file /home/airflow/.local/lib/python3.8/site-packages/airflow/example_dags/example_sensor_decorator.py for tasks to queue
[2024-02-02T15:33:10.954+0000] {logging_mixin.py:188} INFO - [2024-02-02T15:33:10.954+0000] {dagbag.py:538} INFO - Filling up the DagBag from /home/airflow/.local/lib/python3.8/site-packages/airflow/example_dags/example_sensor_decorator.py
[2024-02-02T15:33:10.963+0000] {processor.py:840} INFO - DAG(s) 'example_sensor_decorator' retrieved from /home/airflow/.local/lib/python3.8/site-packages/airflow/example_dags/example_sensor_decorator.py
[2024-02-02T15:33:10.995+0000] {logging_mixin.py:188} INFO - [2024-02-02T15:33:10.995+0000] {dag.py:3036} INFO - Sync 1 DAGs
[2024-02-02T15:33:11.018+0000] {logging_mixin.py:188} INFO - [2024-02-02T15:33:11.018+0000] {dag.py:3823} INFO - Setting next_dagrun for example_sensor_decorator to None, run_after=None
[2024-02-02T15:33:11.045+0000] {processor.py:183} INFO - Processing /home/airflow/.local/lib/python3.8/site-packages/airflow/example_dags/example_sensor_decorator.py took 0.098 seconds
[2024-02-02T15:33:41.692+0000] {processor.py:161} INFO - Started process (PID=10256) to work on /home/airflow/.local/lib/python3.8/site-packages/airflow/example_dags/example_sensor_decorator.py
[2024-02-02T15:33:41.694+0000] {processor.py:830} INFO - Processing file /home/airflow/.local/lib/python3.8/site-packages/airflow/example_dags/example_sensor_decorator.py for tasks to queue
[2024-02-02T15:33:41.695+0000] {logging_mixin.py:188} INFO - [2024-02-02T15:33:41.695+0000] {dagbag.py:538} INFO - Filling up the DagBag from /home/airflow/.local/lib/python3.8/site-packages/airflow/example_dags/example_sensor_decorator.py
[2024-02-02T15:33:41.703+0000] {processor.py:840} INFO - DAG(s) 'example_sensor_decorator' retrieved from /home/airflow/.local/lib/python3.8/site-packages/airflow/example_dags/example_sensor_decorator.py
[2024-02-02T15:33:41.728+0000] {logging_mixin.py:188} INFO - [2024-02-02T15:33:41.728+0000] {dag.py:3036} INFO - Sync 1 DAGs
[2024-02-02T15:33:41.745+0000] {logging_mixin.py:188} INFO - [2024-02-02T15:33:41.745+0000] {dag.py:3823} INFO - Setting next_dagrun for example_sensor_decorator to None, run_after=None
[2024-02-02T15:33:41.776+0000] {processor.py:183} INFO - Processing /home/airflow/.local/lib/python3.8/site-packages/airflow/example_dags/example_sensor_decorator.py took 0.088 seconds
[2024-02-02T15:34:11.878+0000] {processor.py:161} INFO - Started process (PID=10503) to work on /home/airflow/.local/lib/python3.8/site-packages/airflow/example_dags/example_sensor_decorator.py
[2024-02-02T15:34:11.879+0000] {processor.py:830} INFO - Processing file /home/airflow/.local/lib/python3.8/site-packages/airflow/example_dags/example_sensor_decorator.py for tasks to queue
[2024-02-02T15:34:11.881+0000] {logging_mixin.py:188} INFO - [2024-02-02T15:34:11.880+0000] {dagbag.py:538} INFO - Filling up the DagBag from /home/airflow/.local/lib/python3.8/site-packages/airflow/example_dags/example_sensor_decorator.py
[2024-02-02T15:34:11.890+0000] {processor.py:840} INFO - DAG(s) 'example_sensor_decorator' retrieved from /home/airflow/.local/lib/python3.8/site-packages/airflow/example_dags/example_sensor_decorator.py
[2024-02-02T15:34:11.914+0000] {logging_mixin.py:188} INFO - [2024-02-02T15:34:11.914+0000] {dag.py:3036} INFO - Sync 1 DAGs
[2024-02-02T15:34:11.958+0000] {logging_mixin.py:188} INFO - [2024-02-02T15:34:11.955+0000] {dag.py:3823} INFO - Setting next_dagrun for example_sensor_decorator to None, run_after=None
[2024-02-02T15:34:11.989+0000] {processor.py:183} INFO - Processing /home/airflow/.local/lib/python3.8/site-packages/airflow/example_dags/example_sensor_decorator.py took 0.116 seconds
[2024-02-02T15:34:42.262+0000] {processor.py:161} INFO - Started process (PID=10747) to work on /home/airflow/.local/lib/python3.8/site-packages/airflow/example_dags/example_sensor_decorator.py
[2024-02-02T15:34:42.263+0000] {processor.py:830} INFO - Processing file /home/airflow/.local/lib/python3.8/site-packages/airflow/example_dags/example_sensor_decorator.py for tasks to queue
[2024-02-02T15:34:42.264+0000] {logging_mixin.py:188} INFO - [2024-02-02T15:34:42.264+0000] {dagbag.py:538} INFO - Filling up the DagBag from /home/airflow/.local/lib/python3.8/site-packages/airflow/example_dags/example_sensor_decorator.py
[2024-02-02T15:34:42.271+0000] {processor.py:840} INFO - DAG(s) 'example_sensor_decorator' retrieved from /home/airflow/.local/lib/python3.8/site-packages/airflow/example_dags/example_sensor_decorator.py
[2024-02-02T15:34:42.294+0000] {logging_mixin.py:188} INFO - [2024-02-02T15:34:42.294+0000] {dag.py:3036} INFO - Sync 1 DAGs
[2024-02-02T15:34:42.309+0000] {logging_mixin.py:188} INFO - [2024-02-02T15:34:42.309+0000] {dag.py:3823} INFO - Setting next_dagrun for example_sensor_decorator to None, run_after=None
[2024-02-02T15:34:42.331+0000] {processor.py:183} INFO - Processing /home/airflow/.local/lib/python3.8/site-packages/airflow/example_dags/example_sensor_decorator.py took 0.073 seconds
[2024-02-02T15:35:12.651+0000] {processor.py:161} INFO - Started process (PID=10994) to work on /home/airflow/.local/lib/python3.8/site-packages/airflow/example_dags/example_sensor_decorator.py
[2024-02-02T15:35:12.653+0000] {processor.py:830} INFO - Processing file /home/airflow/.local/lib/python3.8/site-packages/airflow/example_dags/example_sensor_decorator.py for tasks to queue
[2024-02-02T15:35:12.655+0000] {logging_mixin.py:188} INFO - [2024-02-02T15:35:12.655+0000] {dagbag.py:538} INFO - Filling up the DagBag from /home/airflow/.local/lib/python3.8/site-packages/airflow/example_dags/example_sensor_decorator.py
[2024-02-02T15:35:12.665+0000] {processor.py:840} INFO - DAG(s) 'example_sensor_decorator' retrieved from /home/airflow/.local/lib/python3.8/site-packages/airflow/example_dags/example_sensor_decorator.py
[2024-02-02T15:35:12.695+0000] {logging_mixin.py:188} INFO - [2024-02-02T15:35:12.694+0000] {dag.py:3036} INFO - Sync 1 DAGs
[2024-02-02T15:35:12.714+0000] {logging_mixin.py:188} INFO - [2024-02-02T15:35:12.714+0000] {dag.py:3823} INFO - Setting next_dagrun for example_sensor_decorator to None, run_after=None
[2024-02-02T15:35:12.746+0000] {processor.py:183} INFO - Processing /home/airflow/.local/lib/python3.8/site-packages/airflow/example_dags/example_sensor_decorator.py took 0.099 seconds
[2024-02-02T15:35:43.434+0000] {processor.py:161} INFO - Started process (PID=11244) to work on /home/airflow/.local/lib/python3.8/site-packages/airflow/example_dags/example_sensor_decorator.py
[2024-02-02T15:35:43.436+0000] {processor.py:830} INFO - Processing file /home/airflow/.local/lib/python3.8/site-packages/airflow/example_dags/example_sensor_decorator.py for tasks to queue
[2024-02-02T15:35:43.438+0000] {logging_mixin.py:188} INFO - [2024-02-02T15:35:43.437+0000] {dagbag.py:538} INFO - Filling up the DagBag from /home/airflow/.local/lib/python3.8/site-packages/airflow/example_dags/example_sensor_decorator.py
[2024-02-02T15:35:43.447+0000] {processor.py:840} INFO - DAG(s) 'example_sensor_decorator' retrieved from /home/airflow/.local/lib/python3.8/site-packages/airflow/example_dags/example_sensor_decorator.py
[2024-02-02T15:35:43.474+0000] {logging_mixin.py:188} INFO - [2024-02-02T15:35:43.474+0000] {dag.py:3036} INFO - Sync 1 DAGs
[2024-02-02T15:35:43.492+0000] {logging_mixin.py:188} INFO - [2024-02-02T15:35:43.492+0000] {dag.py:3823} INFO - Setting next_dagrun for example_sensor_decorator to None, run_after=None
[2024-02-02T15:35:43.520+0000] {processor.py:183} INFO - Processing /home/airflow/.local/lib/python3.8/site-packages/airflow/example_dags/example_sensor_decorator.py took 0.090 seconds
