[2024-02-02T15:13:19.647+0000] {processor.py:161} INFO - Started process (PID=361) to work on /home/airflow/.local/lib/python3.8/site-packages/airflow/example_dags/example_latest_only_with_trigger.py
[2024-02-02T15:13:19.649+0000] {processor.py:830} INFO - Processing file /home/airflow/.local/lib/python3.8/site-packages/airflow/example_dags/example_latest_only_with_trigger.py for tasks to queue
[2024-02-02T15:13:19.651+0000] {logging_mixin.py:188} INFO - [2024-02-02T15:13:19.650+0000] {dagbag.py:538} INFO - Filling up the DagBag from /home/airflow/.local/lib/python3.8/site-packages/airflow/example_dags/example_latest_only_with_trigger.py
[2024-02-02T15:13:19.662+0000] {processor.py:840} INFO - DAG(s) 'latest_only_with_trigger' retrieved from /home/airflow/.local/lib/python3.8/site-packages/airflow/example_dags/example_latest_only_with_trigger.py
[2024-02-02T15:13:19.677+0000] {logging_mixin.py:188} INFO - [2024-02-02T15:13:19.677+0000] {dag.py:3036} INFO - Sync 1 DAGs
[2024-02-02T15:13:19.713+0000] {logging_mixin.py:188} INFO - [2024-02-02T15:13:19.713+0000] {dag.py:3823} INFO - Setting next_dagrun for latest_only_with_trigger to 2024-02-02 08:00:00+00:00, run_after=2024-02-02 12:00:00+00:00
[2024-02-02T15:13:19.739+0000] {processor.py:183} INFO - Processing /home/airflow/.local/lib/python3.8/site-packages/airflow/example_dags/example_latest_only_with_trigger.py took 0.098 seconds
[2024-02-02T15:13:53.508+0000] {processor.py:161} INFO - Started process (PID=608) to work on /home/airflow/.local/lib/python3.8/site-packages/airflow/example_dags/example_latest_only_with_trigger.py
[2024-02-02T15:13:53.510+0000] {processor.py:830} INFO - Processing file /home/airflow/.local/lib/python3.8/site-packages/airflow/example_dags/example_latest_only_with_trigger.py for tasks to queue
[2024-02-02T15:13:53.513+0000] {logging_mixin.py:188} INFO - [2024-02-02T15:13:53.512+0000] {dagbag.py:538} INFO - Filling up the DagBag from /home/airflow/.local/lib/python3.8/site-packages/airflow/example_dags/example_latest_only_with_trigger.py
[2024-02-02T15:13:53.523+0000] {processor.py:840} INFO - DAG(s) 'latest_only_with_trigger' retrieved from /home/airflow/.local/lib/python3.8/site-packages/airflow/example_dags/example_latest_only_with_trigger.py
[2024-02-02T15:13:53.688+0000] {logging_mixin.py:188} INFO - [2024-02-02T15:13:53.688+0000] {dag.py:3036} INFO - Sync 1 DAGs
[2024-02-02T15:13:53.730+0000] {logging_mixin.py:188} INFO - [2024-02-02T15:13:53.729+0000] {dag.py:3823} INFO - Setting next_dagrun for latest_only_with_trigger to 2024-02-02 08:00:00+00:00, run_after=2024-02-02 12:00:00+00:00
[2024-02-02T15:13:53.780+0000] {processor.py:183} INFO - Processing /home/airflow/.local/lib/python3.8/site-packages/airflow/example_dags/example_latest_only_with_trigger.py took 0.278 seconds
[2024-02-02T15:14:24.542+0000] {processor.py:161} INFO - Started process (PID=855) to work on /home/airflow/.local/lib/python3.8/site-packages/airflow/example_dags/example_latest_only_with_trigger.py
[2024-02-02T15:14:24.543+0000] {processor.py:830} INFO - Processing file /home/airflow/.local/lib/python3.8/site-packages/airflow/example_dags/example_latest_only_with_trigger.py for tasks to queue
[2024-02-02T15:14:24.544+0000] {logging_mixin.py:188} INFO - [2024-02-02T15:14:24.544+0000] {dagbag.py:538} INFO - Filling up the DagBag from /home/airflow/.local/lib/python3.8/site-packages/airflow/example_dags/example_latest_only_with_trigger.py
[2024-02-02T15:14:24.551+0000] {processor.py:840} INFO - DAG(s) 'latest_only_with_trigger' retrieved from /home/airflow/.local/lib/python3.8/site-packages/airflow/example_dags/example_latest_only_with_trigger.py
[2024-02-02T15:14:24.577+0000] {logging_mixin.py:188} INFO - [2024-02-02T15:14:24.577+0000] {dag.py:3036} INFO - Sync 1 DAGs
[2024-02-02T15:14:24.604+0000] {logging_mixin.py:188} INFO - [2024-02-02T15:14:24.604+0000] {dag.py:3823} INFO - Setting next_dagrun for latest_only_with_trigger to 2024-02-02 08:00:00+00:00, run_after=2024-02-02 12:00:00+00:00
[2024-02-02T15:14:24.639+0000] {processor.py:183} INFO - Processing /home/airflow/.local/lib/python3.8/site-packages/airflow/example_dags/example_latest_only_with_trigger.py took 0.101 seconds
[2024-02-02T15:14:54.792+0000] {processor.py:161} INFO - Started process (PID=1102) to work on /home/airflow/.local/lib/python3.8/site-packages/airflow/example_dags/example_latest_only_with_trigger.py
[2024-02-02T15:14:54.793+0000] {processor.py:830} INFO - Processing file /home/airflow/.local/lib/python3.8/site-packages/airflow/example_dags/example_latest_only_with_trigger.py for tasks to queue
[2024-02-02T15:14:54.795+0000] {logging_mixin.py:188} INFO - [2024-02-02T15:14:54.795+0000] {dagbag.py:538} INFO - Filling up the DagBag from /home/airflow/.local/lib/python3.8/site-packages/airflow/example_dags/example_latest_only_with_trigger.py
[2024-02-02T15:14:54.803+0000] {processor.py:840} INFO - DAG(s) 'latest_only_with_trigger' retrieved from /home/airflow/.local/lib/python3.8/site-packages/airflow/example_dags/example_latest_only_with_trigger.py
[2024-02-02T15:14:54.829+0000] {logging_mixin.py:188} INFO - [2024-02-02T15:14:54.828+0000] {dag.py:3036} INFO - Sync 1 DAGs
[2024-02-02T15:14:54.857+0000] {logging_mixin.py:188} INFO - [2024-02-02T15:14:54.857+0000] {dag.py:3823} INFO - Setting next_dagrun for latest_only_with_trigger to 2024-02-02 08:00:00+00:00, run_after=2024-02-02 12:00:00+00:00
[2024-02-02T15:14:54.892+0000] {processor.py:183} INFO - Processing /home/airflow/.local/lib/python3.8/site-packages/airflow/example_dags/example_latest_only_with_trigger.py took 0.104 seconds
[2024-02-02T15:15:25.048+0000] {processor.py:161} INFO - Started process (PID=1349) to work on /home/airflow/.local/lib/python3.8/site-packages/airflow/example_dags/example_latest_only_with_trigger.py
[2024-02-02T15:15:25.049+0000] {processor.py:830} INFO - Processing file /home/airflow/.local/lib/python3.8/site-packages/airflow/example_dags/example_latest_only_with_trigger.py for tasks to queue
[2024-02-02T15:15:25.052+0000] {logging_mixin.py:188} INFO - [2024-02-02T15:15:25.051+0000] {dagbag.py:538} INFO - Filling up the DagBag from /home/airflow/.local/lib/python3.8/site-packages/airflow/example_dags/example_latest_only_with_trigger.py
[2024-02-02T15:15:25.061+0000] {processor.py:840} INFO - DAG(s) 'latest_only_with_trigger' retrieved from /home/airflow/.local/lib/python3.8/site-packages/airflow/example_dags/example_latest_only_with_trigger.py
[2024-02-02T15:15:25.097+0000] {logging_mixin.py:188} INFO - [2024-02-02T15:15:25.097+0000] {dag.py:3036} INFO - Sync 1 DAGs
[2024-02-02T15:15:25.139+0000] {logging_mixin.py:188} INFO - [2024-02-02T15:15:25.138+0000] {dag.py:3823} INFO - Setting next_dagrun for latest_only_with_trigger to 2024-02-02 08:00:00+00:00, run_after=2024-02-02 12:00:00+00:00
[2024-02-02T15:15:25.172+0000] {processor.py:183} INFO - Processing /home/airflow/.local/lib/python3.8/site-packages/airflow/example_dags/example_latest_only_with_trigger.py took 0.130 seconds
[2024-02-02T15:15:55.912+0000] {processor.py:161} INFO - Started process (PID=1596) to work on /home/airflow/.local/lib/python3.8/site-packages/airflow/example_dags/example_latest_only_with_trigger.py
[2024-02-02T15:15:55.913+0000] {processor.py:830} INFO - Processing file /home/airflow/.local/lib/python3.8/site-packages/airflow/example_dags/example_latest_only_with_trigger.py for tasks to queue
[2024-02-02T15:15:55.915+0000] {logging_mixin.py:188} INFO - [2024-02-02T15:15:55.915+0000] {dagbag.py:538} INFO - Filling up the DagBag from /home/airflow/.local/lib/python3.8/site-packages/airflow/example_dags/example_latest_only_with_trigger.py
[2024-02-02T15:15:55.926+0000] {processor.py:840} INFO - DAG(s) 'latest_only_with_trigger' retrieved from /home/airflow/.local/lib/python3.8/site-packages/airflow/example_dags/example_latest_only_with_trigger.py
[2024-02-02T15:15:55.969+0000] {logging_mixin.py:188} INFO - [2024-02-02T15:15:55.969+0000] {dag.py:3036} INFO - Sync 1 DAGs
[2024-02-02T15:15:56.032+0000] {logging_mixin.py:188} INFO - [2024-02-02T15:15:56.032+0000] {dag.py:3823} INFO - Setting next_dagrun for latest_only_with_trigger to 2024-02-02 08:00:00+00:00, run_after=2024-02-02 12:00:00+00:00
[2024-02-02T15:15:56.096+0000] {processor.py:183} INFO - Processing /home/airflow/.local/lib/python3.8/site-packages/airflow/example_dags/example_latest_only_with_trigger.py took 0.188 seconds
[2024-02-02T15:16:26.247+0000] {processor.py:161} INFO - Started process (PID=1840) to work on /home/airflow/.local/lib/python3.8/site-packages/airflow/example_dags/example_latest_only_with_trigger.py
[2024-02-02T15:16:26.248+0000] {processor.py:830} INFO - Processing file /home/airflow/.local/lib/python3.8/site-packages/airflow/example_dags/example_latest_only_with_trigger.py for tasks to queue
[2024-02-02T15:16:26.249+0000] {logging_mixin.py:188} INFO - [2024-02-02T15:16:26.249+0000] {dagbag.py:538} INFO - Filling up the DagBag from /home/airflow/.local/lib/python3.8/site-packages/airflow/example_dags/example_latest_only_with_trigger.py
[2024-02-02T15:16:26.259+0000] {processor.py:840} INFO - DAG(s) 'latest_only_with_trigger' retrieved from /home/airflow/.local/lib/python3.8/site-packages/airflow/example_dags/example_latest_only_with_trigger.py
[2024-02-02T15:16:26.291+0000] {logging_mixin.py:188} INFO - [2024-02-02T15:16:26.291+0000] {dag.py:3036} INFO - Sync 1 DAGs
[2024-02-02T15:16:26.324+0000] {logging_mixin.py:188} INFO - [2024-02-02T15:16:26.324+0000] {dag.py:3823} INFO - Setting next_dagrun for latest_only_with_trigger to 2024-02-02 08:00:00+00:00, run_after=2024-02-02 12:00:00+00:00
[2024-02-02T15:16:26.353+0000] {processor.py:183} INFO - Processing /home/airflow/.local/lib/python3.8/site-packages/airflow/example_dags/example_latest_only_with_trigger.py took 0.110 seconds
[2024-02-02T15:16:57.094+0000] {processor.py:161} INFO - Started process (PID=2090) to work on /home/airflow/.local/lib/python3.8/site-packages/airflow/example_dags/example_latest_only_with_trigger.py
[2024-02-02T15:16:57.095+0000] {processor.py:830} INFO - Processing file /home/airflow/.local/lib/python3.8/site-packages/airflow/example_dags/example_latest_only_with_trigger.py for tasks to queue
[2024-02-02T15:16:57.097+0000] {logging_mixin.py:188} INFO - [2024-02-02T15:16:57.097+0000] {dagbag.py:538} INFO - Filling up the DagBag from /home/airflow/.local/lib/python3.8/site-packages/airflow/example_dags/example_latest_only_with_trigger.py
[2024-02-02T15:16:57.111+0000] {processor.py:840} INFO - DAG(s) 'latest_only_with_trigger' retrieved from /home/airflow/.local/lib/python3.8/site-packages/airflow/example_dags/example_latest_only_with_trigger.py
[2024-02-02T15:16:57.166+0000] {logging_mixin.py:188} INFO - [2024-02-02T15:16:57.157+0000] {dag.py:3036} INFO - Sync 1 DAGs
[2024-02-02T15:16:57.214+0000] {logging_mixin.py:188} INFO - [2024-02-02T15:16:57.213+0000] {dag.py:3823} INFO - Setting next_dagrun for latest_only_with_trigger to 2024-02-02 08:00:00+00:00, run_after=2024-02-02 12:00:00+00:00
[2024-02-02T15:16:57.245+0000] {processor.py:183} INFO - Processing /home/airflow/.local/lib/python3.8/site-packages/airflow/example_dags/example_latest_only_with_trigger.py took 0.158 seconds
[2024-02-02T15:17:27.374+0000] {processor.py:161} INFO - Started process (PID=2334) to work on /home/airflow/.local/lib/python3.8/site-packages/airflow/example_dags/example_latest_only_with_trigger.py
[2024-02-02T15:17:27.377+0000] {processor.py:830} INFO - Processing file /home/airflow/.local/lib/python3.8/site-packages/airflow/example_dags/example_latest_only_with_trigger.py for tasks to queue
[2024-02-02T15:17:27.379+0000] {logging_mixin.py:188} INFO - [2024-02-02T15:17:27.378+0000] {dagbag.py:538} INFO - Filling up the DagBag from /home/airflow/.local/lib/python3.8/site-packages/airflow/example_dags/example_latest_only_with_trigger.py
[2024-02-02T15:17:27.391+0000] {processor.py:840} INFO - DAG(s) 'latest_only_with_trigger' retrieved from /home/airflow/.local/lib/python3.8/site-packages/airflow/example_dags/example_latest_only_with_trigger.py
[2024-02-02T15:17:27.453+0000] {logging_mixin.py:188} INFO - [2024-02-02T15:17:27.453+0000] {dag.py:3036} INFO - Sync 1 DAGs
[2024-02-02T15:17:27.584+0000] {logging_mixin.py:188} INFO - [2024-02-02T15:17:27.584+0000] {dag.py:3823} INFO - Setting next_dagrun for latest_only_with_trigger to 2024-02-02 08:00:00+00:00, run_after=2024-02-02 12:00:00+00:00
[2024-02-02T15:17:27.683+0000] {processor.py:183} INFO - Processing /home/airflow/.local/lib/python3.8/site-packages/airflow/example_dags/example_latest_only_with_trigger.py took 0.315 seconds
[2024-02-02T15:17:57.769+0000] {processor.py:161} INFO - Started process (PID=2581) to work on /home/airflow/.local/lib/python3.8/site-packages/airflow/example_dags/example_latest_only_with_trigger.py
[2024-02-02T15:17:57.771+0000] {processor.py:830} INFO - Processing file /home/airflow/.local/lib/python3.8/site-packages/airflow/example_dags/example_latest_only_with_trigger.py for tasks to queue
[2024-02-02T15:17:57.773+0000] {logging_mixin.py:188} INFO - [2024-02-02T15:17:57.772+0000] {dagbag.py:538} INFO - Filling up the DagBag from /home/airflow/.local/lib/python3.8/site-packages/airflow/example_dags/example_latest_only_with_trigger.py
[2024-02-02T15:17:57.790+0000] {processor.py:840} INFO - DAG(s) 'latest_only_with_trigger' retrieved from /home/airflow/.local/lib/python3.8/site-packages/airflow/example_dags/example_latest_only_with_trigger.py
[2024-02-02T15:17:57.838+0000] {logging_mixin.py:188} INFO - [2024-02-02T15:17:57.838+0000] {dag.py:3036} INFO - Sync 1 DAGs
[2024-02-02T15:17:57.891+0000] {logging_mixin.py:188} INFO - [2024-02-02T15:17:57.891+0000] {dag.py:3823} INFO - Setting next_dagrun for latest_only_with_trigger to 2024-02-02 08:00:00+00:00, run_after=2024-02-02 12:00:00+00:00
[2024-02-02T15:17:57.942+0000] {processor.py:183} INFO - Processing /home/airflow/.local/lib/python3.8/site-packages/airflow/example_dags/example_latest_only_with_trigger.py took 0.178 seconds
[2024-02-02T15:18:28.446+0000] {processor.py:161} INFO - Started process (PID=2879) to work on /home/airflow/.local/lib/python3.8/site-packages/airflow/example_dags/example_latest_only_with_trigger.py
[2024-02-02T15:18:28.447+0000] {processor.py:830} INFO - Processing file /home/airflow/.local/lib/python3.8/site-packages/airflow/example_dags/example_latest_only_with_trigger.py for tasks to queue
[2024-02-02T15:18:28.450+0000] {logging_mixin.py:188} INFO - [2024-02-02T15:18:28.449+0000] {dagbag.py:538} INFO - Filling up the DagBag from /home/airflow/.local/lib/python3.8/site-packages/airflow/example_dags/example_latest_only_with_trigger.py
[2024-02-02T15:18:28.458+0000] {processor.py:840} INFO - DAG(s) 'latest_only_with_trigger' retrieved from /home/airflow/.local/lib/python3.8/site-packages/airflow/example_dags/example_latest_only_with_trigger.py
[2024-02-02T15:18:28.493+0000] {logging_mixin.py:188} INFO - [2024-02-02T15:18:28.493+0000] {dag.py:3036} INFO - Sync 1 DAGs
[2024-02-02T15:18:28.533+0000] {logging_mixin.py:188} INFO - [2024-02-02T15:18:28.532+0000] {dag.py:3823} INFO - Setting next_dagrun for latest_only_with_trigger to 2024-02-02 08:00:00+00:00, run_after=2024-02-02 12:00:00+00:00
[2024-02-02T15:18:28.562+0000] {processor.py:183} INFO - Processing /home/airflow/.local/lib/python3.8/site-packages/airflow/example_dags/example_latest_only_with_trigger.py took 0.121 seconds
[2024-02-02T15:18:59.199+0000] {processor.py:161} INFO - Started process (PID=3133) to work on /home/airflow/.local/lib/python3.8/site-packages/airflow/example_dags/example_latest_only_with_trigger.py
[2024-02-02T15:18:59.200+0000] {processor.py:830} INFO - Processing file /home/airflow/.local/lib/python3.8/site-packages/airflow/example_dags/example_latest_only_with_trigger.py for tasks to queue
[2024-02-02T15:18:59.201+0000] {logging_mixin.py:188} INFO - [2024-02-02T15:18:59.201+0000] {dagbag.py:538} INFO - Filling up the DagBag from /home/airflow/.local/lib/python3.8/site-packages/airflow/example_dags/example_latest_only_with_trigger.py
[2024-02-02T15:18:59.209+0000] {processor.py:840} INFO - DAG(s) 'latest_only_with_trigger' retrieved from /home/airflow/.local/lib/python3.8/site-packages/airflow/example_dags/example_latest_only_with_trigger.py
[2024-02-02T15:18:59.236+0000] {logging_mixin.py:188} INFO - [2024-02-02T15:18:59.236+0000] {dag.py:3036} INFO - Sync 1 DAGs
[2024-02-02T15:18:59.263+0000] {logging_mixin.py:188} INFO - [2024-02-02T15:18:59.263+0000] {dag.py:3823} INFO - Setting next_dagrun for latest_only_with_trigger to 2024-02-02 08:00:00+00:00, run_after=2024-02-02 12:00:00+00:00
[2024-02-02T15:18:59.300+0000] {processor.py:183} INFO - Processing /home/airflow/.local/lib/python3.8/site-packages/airflow/example_dags/example_latest_only_with_trigger.py took 0.106 seconds
[2024-02-02T15:19:30.290+0000] {processor.py:161} INFO - Started process (PID=3380) to work on /home/airflow/.local/lib/python3.8/site-packages/airflow/example_dags/example_latest_only_with_trigger.py
[2024-02-02T15:19:30.292+0000] {processor.py:830} INFO - Processing file /home/airflow/.local/lib/python3.8/site-packages/airflow/example_dags/example_latest_only_with_trigger.py for tasks to queue
[2024-02-02T15:19:30.294+0000] {logging_mixin.py:188} INFO - [2024-02-02T15:19:30.293+0000] {dagbag.py:538} INFO - Filling up the DagBag from /home/airflow/.local/lib/python3.8/site-packages/airflow/example_dags/example_latest_only_with_trigger.py
[2024-02-02T15:19:30.304+0000] {processor.py:840} INFO - DAG(s) 'latest_only_with_trigger' retrieved from /home/airflow/.local/lib/python3.8/site-packages/airflow/example_dags/example_latest_only_with_trigger.py
[2024-02-02T15:19:30.339+0000] {logging_mixin.py:188} INFO - [2024-02-02T15:19:30.339+0000] {dag.py:3036} INFO - Sync 1 DAGs
[2024-02-02T15:19:30.383+0000] {logging_mixin.py:188} INFO - [2024-02-02T15:19:30.382+0000] {dag.py:3823} INFO - Setting next_dagrun for latest_only_with_trigger to 2024-02-02 08:00:00+00:00, run_after=2024-02-02 12:00:00+00:00
[2024-02-02T15:19:30.422+0000] {processor.py:183} INFO - Processing /home/airflow/.local/lib/python3.8/site-packages/airflow/example_dags/example_latest_only_with_trigger.py took 0.136 seconds
[2024-02-02T15:20:00.671+0000] {processor.py:161} INFO - Started process (PID=3627) to work on /home/airflow/.local/lib/python3.8/site-packages/airflow/example_dags/example_latest_only_with_trigger.py
[2024-02-02T15:20:00.672+0000] {processor.py:830} INFO - Processing file /home/airflow/.local/lib/python3.8/site-packages/airflow/example_dags/example_latest_only_with_trigger.py for tasks to queue
[2024-02-02T15:20:00.674+0000] {logging_mixin.py:188} INFO - [2024-02-02T15:20:00.673+0000] {dagbag.py:538} INFO - Filling up the DagBag from /home/airflow/.local/lib/python3.8/site-packages/airflow/example_dags/example_latest_only_with_trigger.py
[2024-02-02T15:20:00.681+0000] {processor.py:840} INFO - DAG(s) 'latest_only_with_trigger' retrieved from /home/airflow/.local/lib/python3.8/site-packages/airflow/example_dags/example_latest_only_with_trigger.py
[2024-02-02T15:20:00.709+0000] {logging_mixin.py:188} INFO - [2024-02-02T15:20:00.708+0000] {dag.py:3036} INFO - Sync 1 DAGs
[2024-02-02T15:20:00.736+0000] {logging_mixin.py:188} INFO - [2024-02-02T15:20:00.736+0000] {dag.py:3823} INFO - Setting next_dagrun for latest_only_with_trigger to 2024-02-02 08:00:00+00:00, run_after=2024-02-02 12:00:00+00:00
[2024-02-02T15:20:00.768+0000] {processor.py:183} INFO - Processing /home/airflow/.local/lib/python3.8/site-packages/airflow/example_dags/example_latest_only_with_trigger.py took 0.101 seconds
[2024-02-02T15:20:31.203+0000] {processor.py:161} INFO - Started process (PID=3874) to work on /home/airflow/.local/lib/python3.8/site-packages/airflow/example_dags/example_latest_only_with_trigger.py
[2024-02-02T15:20:31.205+0000] {processor.py:830} INFO - Processing file /home/airflow/.local/lib/python3.8/site-packages/airflow/example_dags/example_latest_only_with_trigger.py for tasks to queue
[2024-02-02T15:20:31.206+0000] {logging_mixin.py:188} INFO - [2024-02-02T15:20:31.206+0000] {dagbag.py:538} INFO - Filling up the DagBag from /home/airflow/.local/lib/python3.8/site-packages/airflow/example_dags/example_latest_only_with_trigger.py
[2024-02-02T15:20:31.213+0000] {processor.py:840} INFO - DAG(s) 'latest_only_with_trigger' retrieved from /home/airflow/.local/lib/python3.8/site-packages/airflow/example_dags/example_latest_only_with_trigger.py
[2024-02-02T15:20:31.239+0000] {logging_mixin.py:188} INFO - [2024-02-02T15:20:31.239+0000] {dag.py:3036} INFO - Sync 1 DAGs
[2024-02-02T15:20:31.267+0000] {logging_mixin.py:188} INFO - [2024-02-02T15:20:31.266+0000] {dag.py:3823} INFO - Setting next_dagrun for latest_only_with_trigger to 2024-02-02 08:00:00+00:00, run_after=2024-02-02 12:00:00+00:00
[2024-02-02T15:20:31.300+0000] {processor.py:183} INFO - Processing /home/airflow/.local/lib/python3.8/site-packages/airflow/example_dags/example_latest_only_with_trigger.py took 0.101 seconds
[2024-02-02T15:21:01.616+0000] {processor.py:161} INFO - Started process (PID=4121) to work on /home/airflow/.local/lib/python3.8/site-packages/airflow/example_dags/example_latest_only_with_trigger.py
[2024-02-02T15:21:01.618+0000] {processor.py:830} INFO - Processing file /home/airflow/.local/lib/python3.8/site-packages/airflow/example_dags/example_latest_only_with_trigger.py for tasks to queue
[2024-02-02T15:21:01.621+0000] {logging_mixin.py:188} INFO - [2024-02-02T15:21:01.619+0000] {dagbag.py:538} INFO - Filling up the DagBag from /home/airflow/.local/lib/python3.8/site-packages/airflow/example_dags/example_latest_only_with_trigger.py
[2024-02-02T15:21:01.631+0000] {processor.py:840} INFO - DAG(s) 'latest_only_with_trigger' retrieved from /home/airflow/.local/lib/python3.8/site-packages/airflow/example_dags/example_latest_only_with_trigger.py
[2024-02-02T15:21:01.657+0000] {logging_mixin.py:188} INFO - [2024-02-02T15:21:01.657+0000] {dag.py:3036} INFO - Sync 1 DAGs
[2024-02-02T15:21:01.684+0000] {logging_mixin.py:188} INFO - [2024-02-02T15:21:01.684+0000] {dag.py:3823} INFO - Setting next_dagrun for latest_only_with_trigger to 2024-02-02 08:00:00+00:00, run_after=2024-02-02 12:00:00+00:00
[2024-02-02T15:21:01.719+0000] {processor.py:183} INFO - Processing /home/airflow/.local/lib/python3.8/site-packages/airflow/example_dags/example_latest_only_with_trigger.py took 0.106 seconds
[2024-02-02T15:21:31.884+0000] {processor.py:161} INFO - Started process (PID=4368) to work on /home/airflow/.local/lib/python3.8/site-packages/airflow/example_dags/example_latest_only_with_trigger.py
[2024-02-02T15:21:31.886+0000] {processor.py:830} INFO - Processing file /home/airflow/.local/lib/python3.8/site-packages/airflow/example_dags/example_latest_only_with_trigger.py for tasks to queue
[2024-02-02T15:21:31.888+0000] {logging_mixin.py:188} INFO - [2024-02-02T15:21:31.887+0000] {dagbag.py:538} INFO - Filling up the DagBag from /home/airflow/.local/lib/python3.8/site-packages/airflow/example_dags/example_latest_only_with_trigger.py
[2024-02-02T15:21:31.896+0000] {processor.py:840} INFO - DAG(s) 'latest_only_with_trigger' retrieved from /home/airflow/.local/lib/python3.8/site-packages/airflow/example_dags/example_latest_only_with_trigger.py
[2024-02-02T15:21:31.922+0000] {logging_mixin.py:188} INFO - [2024-02-02T15:21:31.921+0000] {dag.py:3036} INFO - Sync 1 DAGs
[2024-02-02T15:21:31.951+0000] {logging_mixin.py:188} INFO - [2024-02-02T15:21:31.950+0000] {dag.py:3823} INFO - Setting next_dagrun for latest_only_with_trigger to 2024-02-02 08:00:00+00:00, run_after=2024-02-02 12:00:00+00:00
[2024-02-02T15:21:31.985+0000] {processor.py:183} INFO - Processing /home/airflow/.local/lib/python3.8/site-packages/airflow/example_dags/example_latest_only_with_trigger.py took 0.105 seconds
[2024-02-02T15:22:02.124+0000] {processor.py:161} INFO - Started process (PID=4615) to work on /home/airflow/.local/lib/python3.8/site-packages/airflow/example_dags/example_latest_only_with_trigger.py
[2024-02-02T15:22:02.126+0000] {processor.py:830} INFO - Processing file /home/airflow/.local/lib/python3.8/site-packages/airflow/example_dags/example_latest_only_with_trigger.py for tasks to queue
[2024-02-02T15:22:02.127+0000] {logging_mixin.py:188} INFO - [2024-02-02T15:22:02.127+0000] {dagbag.py:538} INFO - Filling up the DagBag from /home/airflow/.local/lib/python3.8/site-packages/airflow/example_dags/example_latest_only_with_trigger.py
[2024-02-02T15:22:02.134+0000] {processor.py:840} INFO - DAG(s) 'latest_only_with_trigger' retrieved from /home/airflow/.local/lib/python3.8/site-packages/airflow/example_dags/example_latest_only_with_trigger.py
[2024-02-02T15:22:02.160+0000] {logging_mixin.py:188} INFO - [2024-02-02T15:22:02.160+0000] {dag.py:3036} INFO - Sync 1 DAGs
[2024-02-02T15:22:02.189+0000] {logging_mixin.py:188} INFO - [2024-02-02T15:22:02.188+0000] {dag.py:3823} INFO - Setting next_dagrun for latest_only_with_trigger to 2024-02-02 08:00:00+00:00, run_after=2024-02-02 12:00:00+00:00
[2024-02-02T15:22:02.222+0000] {processor.py:183} INFO - Processing /home/airflow/.local/lib/python3.8/site-packages/airflow/example_dags/example_latest_only_with_trigger.py took 0.102 seconds
[2024-02-02T15:22:32.512+0000] {processor.py:161} INFO - Started process (PID=4862) to work on /home/airflow/.local/lib/python3.8/site-packages/airflow/example_dags/example_latest_only_with_trigger.py
[2024-02-02T15:22:32.514+0000] {processor.py:830} INFO - Processing file /home/airflow/.local/lib/python3.8/site-packages/airflow/example_dags/example_latest_only_with_trigger.py for tasks to queue
[2024-02-02T15:22:32.515+0000] {logging_mixin.py:188} INFO - [2024-02-02T15:22:32.515+0000] {dagbag.py:538} INFO - Filling up the DagBag from /home/airflow/.local/lib/python3.8/site-packages/airflow/example_dags/example_latest_only_with_trigger.py
[2024-02-02T15:22:32.523+0000] {processor.py:840} INFO - DAG(s) 'latest_only_with_trigger' retrieved from /home/airflow/.local/lib/python3.8/site-packages/airflow/example_dags/example_latest_only_with_trigger.py
[2024-02-02T15:22:32.549+0000] {logging_mixin.py:188} INFO - [2024-02-02T15:22:32.549+0000] {dag.py:3036} INFO - Sync 1 DAGs
[2024-02-02T15:22:32.576+0000] {logging_mixin.py:188} INFO - [2024-02-02T15:22:32.576+0000] {dag.py:3823} INFO - Setting next_dagrun for latest_only_with_trigger to 2024-02-02 08:00:00+00:00, run_after=2024-02-02 12:00:00+00:00
[2024-02-02T15:22:32.611+0000] {processor.py:183} INFO - Processing /home/airflow/.local/lib/python3.8/site-packages/airflow/example_dags/example_latest_only_with_trigger.py took 0.104 seconds
[2024-02-02T15:23:03.526+0000] {processor.py:161} INFO - Started process (PID=5109) to work on /home/airflow/.local/lib/python3.8/site-packages/airflow/example_dags/example_latest_only_with_trigger.py
[2024-02-02T15:23:03.528+0000] {processor.py:830} INFO - Processing file /home/airflow/.local/lib/python3.8/site-packages/airflow/example_dags/example_latest_only_with_trigger.py for tasks to queue
[2024-02-02T15:23:03.530+0000] {logging_mixin.py:188} INFO - [2024-02-02T15:23:03.530+0000] {dagbag.py:538} INFO - Filling up the DagBag from /home/airflow/.local/lib/python3.8/site-packages/airflow/example_dags/example_latest_only_with_trigger.py
[2024-02-02T15:23:03.538+0000] {processor.py:840} INFO - DAG(s) 'latest_only_with_trigger' retrieved from /home/airflow/.local/lib/python3.8/site-packages/airflow/example_dags/example_latest_only_with_trigger.py
[2024-02-02T15:23:03.565+0000] {logging_mixin.py:188} INFO - [2024-02-02T15:23:03.565+0000] {dag.py:3036} INFO - Sync 1 DAGs
[2024-02-02T15:23:03.595+0000] {logging_mixin.py:188} INFO - [2024-02-02T15:23:03.595+0000] {dag.py:3823} INFO - Setting next_dagrun for latest_only_with_trigger to 2024-02-02 08:00:00+00:00, run_after=2024-02-02 12:00:00+00:00
[2024-02-02T15:23:03.623+0000] {processor.py:183} INFO - Processing /home/airflow/.local/lib/python3.8/site-packages/airflow/example_dags/example_latest_only_with_trigger.py took 0.102 seconds
[2024-02-02T15:23:34.231+0000] {processor.py:161} INFO - Started process (PID=5356) to work on /home/airflow/.local/lib/python3.8/site-packages/airflow/example_dags/example_latest_only_with_trigger.py
[2024-02-02T15:23:34.233+0000] {processor.py:830} INFO - Processing file /home/airflow/.local/lib/python3.8/site-packages/airflow/example_dags/example_latest_only_with_trigger.py for tasks to queue
[2024-02-02T15:23:34.234+0000] {logging_mixin.py:188} INFO - [2024-02-02T15:23:34.234+0000] {dagbag.py:538} INFO - Filling up the DagBag from /home/airflow/.local/lib/python3.8/site-packages/airflow/example_dags/example_latest_only_with_trigger.py
[2024-02-02T15:23:34.242+0000] {processor.py:840} INFO - DAG(s) 'latest_only_with_trigger' retrieved from /home/airflow/.local/lib/python3.8/site-packages/airflow/example_dags/example_latest_only_with_trigger.py
[2024-02-02T15:23:34.270+0000] {logging_mixin.py:188} INFO - [2024-02-02T15:23:34.270+0000] {dag.py:3036} INFO - Sync 1 DAGs
[2024-02-02T15:23:34.299+0000] {logging_mixin.py:188} INFO - [2024-02-02T15:23:34.299+0000] {dag.py:3823} INFO - Setting next_dagrun for latest_only_with_trigger to 2024-02-02 08:00:00+00:00, run_after=2024-02-02 12:00:00+00:00
[2024-02-02T15:23:34.325+0000] {processor.py:183} INFO - Processing /home/airflow/.local/lib/python3.8/site-packages/airflow/example_dags/example_latest_only_with_trigger.py took 0.098 seconds
[2024-02-02T15:24:04.931+0000] {processor.py:161} INFO - Started process (PID=5603) to work on /home/airflow/.local/lib/python3.8/site-packages/airflow/example_dags/example_latest_only_with_trigger.py
[2024-02-02T15:24:04.932+0000] {processor.py:830} INFO - Processing file /home/airflow/.local/lib/python3.8/site-packages/airflow/example_dags/example_latest_only_with_trigger.py for tasks to queue
[2024-02-02T15:24:04.934+0000] {logging_mixin.py:188} INFO - [2024-02-02T15:24:04.933+0000] {dagbag.py:538} INFO - Filling up the DagBag from /home/airflow/.local/lib/python3.8/site-packages/airflow/example_dags/example_latest_only_with_trigger.py
[2024-02-02T15:24:04.941+0000] {processor.py:840} INFO - DAG(s) 'latest_only_with_trigger' retrieved from /home/airflow/.local/lib/python3.8/site-packages/airflow/example_dags/example_latest_only_with_trigger.py
[2024-02-02T15:24:04.969+0000] {logging_mixin.py:188} INFO - [2024-02-02T15:24:04.969+0000] {dag.py:3036} INFO - Sync 1 DAGs
[2024-02-02T15:24:05.002+0000] {logging_mixin.py:188} INFO - [2024-02-02T15:24:05.002+0000] {dag.py:3823} INFO - Setting next_dagrun for latest_only_with_trigger to 2024-02-02 08:00:00+00:00, run_after=2024-02-02 12:00:00+00:00
[2024-02-02T15:24:05.026+0000] {processor.py:183} INFO - Processing /home/airflow/.local/lib/python3.8/site-packages/airflow/example_dags/example_latest_only_with_trigger.py took 0.100 seconds
[2024-02-02T15:24:35.293+0000] {processor.py:161} INFO - Started process (PID=5850) to work on /home/airflow/.local/lib/python3.8/site-packages/airflow/example_dags/example_latest_only_with_trigger.py
[2024-02-02T15:24:35.295+0000] {processor.py:830} INFO - Processing file /home/airflow/.local/lib/python3.8/site-packages/airflow/example_dags/example_latest_only_with_trigger.py for tasks to queue
[2024-02-02T15:24:35.296+0000] {logging_mixin.py:188} INFO - [2024-02-02T15:24:35.296+0000] {dagbag.py:538} INFO - Filling up the DagBag from /home/airflow/.local/lib/python3.8/site-packages/airflow/example_dags/example_latest_only_with_trigger.py
[2024-02-02T15:24:35.305+0000] {processor.py:840} INFO - DAG(s) 'latest_only_with_trigger' retrieved from /home/airflow/.local/lib/python3.8/site-packages/airflow/example_dags/example_latest_only_with_trigger.py
[2024-02-02T15:24:35.331+0000] {logging_mixin.py:188} INFO - [2024-02-02T15:24:35.330+0000] {dag.py:3036} INFO - Sync 1 DAGs
[2024-02-02T15:24:35.358+0000] {logging_mixin.py:188} INFO - [2024-02-02T15:24:35.358+0000] {dag.py:3823} INFO - Setting next_dagrun for latest_only_with_trigger to 2024-02-02 08:00:00+00:00, run_after=2024-02-02 12:00:00+00:00
[2024-02-02T15:24:35.394+0000] {processor.py:183} INFO - Processing /home/airflow/.local/lib/python3.8/site-packages/airflow/example_dags/example_latest_only_with_trigger.py took 0.105 seconds
[2024-02-02T15:25:06.215+0000] {processor.py:161} INFO - Started process (PID=6097) to work on /home/airflow/.local/lib/python3.8/site-packages/airflow/example_dags/example_latest_only_with_trigger.py
[2024-02-02T15:25:06.217+0000] {processor.py:830} INFO - Processing file /home/airflow/.local/lib/python3.8/site-packages/airflow/example_dags/example_latest_only_with_trigger.py for tasks to queue
[2024-02-02T15:25:06.218+0000] {logging_mixin.py:188} INFO - [2024-02-02T15:25:06.218+0000] {dagbag.py:538} INFO - Filling up the DagBag from /home/airflow/.local/lib/python3.8/site-packages/airflow/example_dags/example_latest_only_with_trigger.py
[2024-02-02T15:25:06.227+0000] {processor.py:840} INFO - DAG(s) 'latest_only_with_trigger' retrieved from /home/airflow/.local/lib/python3.8/site-packages/airflow/example_dags/example_latest_only_with_trigger.py
[2024-02-02T15:25:06.255+0000] {logging_mixin.py:188} INFO - [2024-02-02T15:25:06.254+0000] {dag.py:3036} INFO - Sync 1 DAGs
[2024-02-02T15:25:06.285+0000] {logging_mixin.py:188} INFO - [2024-02-02T15:25:06.285+0000] {dag.py:3823} INFO - Setting next_dagrun for latest_only_with_trigger to 2024-02-02 08:00:00+00:00, run_after=2024-02-02 12:00:00+00:00
[2024-02-02T15:25:06.321+0000] {processor.py:183} INFO - Processing /home/airflow/.local/lib/python3.8/site-packages/airflow/example_dags/example_latest_only_with_trigger.py took 0.110 seconds
[2024-02-02T15:25:36.446+0000] {processor.py:161} INFO - Started process (PID=6344) to work on /home/airflow/.local/lib/python3.8/site-packages/airflow/example_dags/example_latest_only_with_trigger.py
[2024-02-02T15:25:36.447+0000] {processor.py:830} INFO - Processing file /home/airflow/.local/lib/python3.8/site-packages/airflow/example_dags/example_latest_only_with_trigger.py for tasks to queue
[2024-02-02T15:25:36.449+0000] {logging_mixin.py:188} INFO - [2024-02-02T15:25:36.448+0000] {dagbag.py:538} INFO - Filling up the DagBag from /home/airflow/.local/lib/python3.8/site-packages/airflow/example_dags/example_latest_only_with_trigger.py
[2024-02-02T15:25:36.457+0000] {processor.py:840} INFO - DAG(s) 'latest_only_with_trigger' retrieved from /home/airflow/.local/lib/python3.8/site-packages/airflow/example_dags/example_latest_only_with_trigger.py
[2024-02-02T15:25:36.483+0000] {logging_mixin.py:188} INFO - [2024-02-02T15:25:36.483+0000] {dag.py:3036} INFO - Sync 1 DAGs
[2024-02-02T15:25:36.511+0000] {logging_mixin.py:188} INFO - [2024-02-02T15:25:36.511+0000] {dag.py:3823} INFO - Setting next_dagrun for latest_only_with_trigger to 2024-02-02 08:00:00+00:00, run_after=2024-02-02 12:00:00+00:00
[2024-02-02T15:25:36.535+0000] {processor.py:183} INFO - Processing /home/airflow/.local/lib/python3.8/site-packages/airflow/example_dags/example_latest_only_with_trigger.py took 0.093 seconds
[2024-02-02T15:26:07.139+0000] {processor.py:161} INFO - Started process (PID=6591) to work on /home/airflow/.local/lib/python3.8/site-packages/airflow/example_dags/example_latest_only_with_trigger.py
[2024-02-02T15:26:07.140+0000] {processor.py:830} INFO - Processing file /home/airflow/.local/lib/python3.8/site-packages/airflow/example_dags/example_latest_only_with_trigger.py for tasks to queue
[2024-02-02T15:26:07.142+0000] {logging_mixin.py:188} INFO - [2024-02-02T15:26:07.141+0000] {dagbag.py:538} INFO - Filling up the DagBag from /home/airflow/.local/lib/python3.8/site-packages/airflow/example_dags/example_latest_only_with_trigger.py
[2024-02-02T15:26:07.149+0000] {processor.py:840} INFO - DAG(s) 'latest_only_with_trigger' retrieved from /home/airflow/.local/lib/python3.8/site-packages/airflow/example_dags/example_latest_only_with_trigger.py
[2024-02-02T15:26:07.176+0000] {logging_mixin.py:188} INFO - [2024-02-02T15:26:07.175+0000] {dag.py:3036} INFO - Sync 1 DAGs
[2024-02-02T15:26:07.206+0000] {logging_mixin.py:188} INFO - [2024-02-02T15:26:07.206+0000] {dag.py:3823} INFO - Setting next_dagrun for latest_only_with_trigger to 2024-02-02 08:00:00+00:00, run_after=2024-02-02 12:00:00+00:00
[2024-02-02T15:26:07.230+0000] {processor.py:183} INFO - Processing /home/airflow/.local/lib/python3.8/site-packages/airflow/example_dags/example_latest_only_with_trigger.py took 0.096 seconds
[2024-02-02T15:26:37.803+0000] {processor.py:161} INFO - Started process (PID=6838) to work on /home/airflow/.local/lib/python3.8/site-packages/airflow/example_dags/example_latest_only_with_trigger.py
[2024-02-02T15:26:37.804+0000] {processor.py:830} INFO - Processing file /home/airflow/.local/lib/python3.8/site-packages/airflow/example_dags/example_latest_only_with_trigger.py for tasks to queue
[2024-02-02T15:26:37.806+0000] {logging_mixin.py:188} INFO - [2024-02-02T15:26:37.806+0000] {dagbag.py:538} INFO - Filling up the DagBag from /home/airflow/.local/lib/python3.8/site-packages/airflow/example_dags/example_latest_only_with_trigger.py
[2024-02-02T15:26:37.816+0000] {processor.py:840} INFO - DAG(s) 'latest_only_with_trigger' retrieved from /home/airflow/.local/lib/python3.8/site-packages/airflow/example_dags/example_latest_only_with_trigger.py
[2024-02-02T15:26:37.850+0000] {logging_mixin.py:188} INFO - [2024-02-02T15:26:37.849+0000] {dag.py:3036} INFO - Sync 1 DAGs
[2024-02-02T15:26:37.890+0000] {logging_mixin.py:188} INFO - [2024-02-02T15:26:37.890+0000] {dag.py:3823} INFO - Setting next_dagrun for latest_only_with_trigger to 2024-02-02 08:00:00+00:00, run_after=2024-02-02 12:00:00+00:00
[2024-02-02T15:26:37.920+0000] {processor.py:183} INFO - Processing /home/airflow/.local/lib/python3.8/site-packages/airflow/example_dags/example_latest_only_with_trigger.py took 0.122 seconds
[2024-02-02T15:27:08.281+0000] {processor.py:161} INFO - Started process (PID=7085) to work on /home/airflow/.local/lib/python3.8/site-packages/airflow/example_dags/example_latest_only_with_trigger.py
[2024-02-02T15:27:08.282+0000] {processor.py:830} INFO - Processing file /home/airflow/.local/lib/python3.8/site-packages/airflow/example_dags/example_latest_only_with_trigger.py for tasks to queue
[2024-02-02T15:27:08.284+0000] {logging_mixin.py:188} INFO - [2024-02-02T15:27:08.284+0000] {dagbag.py:538} INFO - Filling up the DagBag from /home/airflow/.local/lib/python3.8/site-packages/airflow/example_dags/example_latest_only_with_trigger.py
[2024-02-02T15:27:08.292+0000] {processor.py:840} INFO - DAG(s) 'latest_only_with_trigger' retrieved from /home/airflow/.local/lib/python3.8/site-packages/airflow/example_dags/example_latest_only_with_trigger.py
[2024-02-02T15:27:08.319+0000] {logging_mixin.py:188} INFO - [2024-02-02T15:27:08.318+0000] {dag.py:3036} INFO - Sync 1 DAGs
[2024-02-02T15:27:08.346+0000] {logging_mixin.py:188} INFO - [2024-02-02T15:27:08.346+0000] {dag.py:3823} INFO - Setting next_dagrun for latest_only_with_trigger to 2024-02-02 08:00:00+00:00, run_after=2024-02-02 12:00:00+00:00
[2024-02-02T15:27:08.384+0000] {processor.py:183} INFO - Processing /home/airflow/.local/lib/python3.8/site-packages/airflow/example_dags/example_latest_only_with_trigger.py took 0.107 seconds
[2024-02-02T15:27:38.984+0000] {processor.py:161} INFO - Started process (PID=7332) to work on /home/airflow/.local/lib/python3.8/site-packages/airflow/example_dags/example_latest_only_with_trigger.py
[2024-02-02T15:27:38.986+0000] {processor.py:830} INFO - Processing file /home/airflow/.local/lib/python3.8/site-packages/airflow/example_dags/example_latest_only_with_trigger.py for tasks to queue
[2024-02-02T15:27:38.988+0000] {logging_mixin.py:188} INFO - [2024-02-02T15:27:38.987+0000] {dagbag.py:538} INFO - Filling up the DagBag from /home/airflow/.local/lib/python3.8/site-packages/airflow/example_dags/example_latest_only_with_trigger.py
[2024-02-02T15:27:38.997+0000] {processor.py:840} INFO - DAG(s) 'latest_only_with_trigger' retrieved from /home/airflow/.local/lib/python3.8/site-packages/airflow/example_dags/example_latest_only_with_trigger.py
[2024-02-02T15:27:39.023+0000] {logging_mixin.py:188} INFO - [2024-02-02T15:27:39.023+0000] {dag.py:3036} INFO - Sync 1 DAGs
[2024-02-02T15:27:39.057+0000] {logging_mixin.py:188} INFO - [2024-02-02T15:27:39.057+0000] {dag.py:3823} INFO - Setting next_dagrun for latest_only_with_trigger to 2024-02-02 08:00:00+00:00, run_after=2024-02-02 12:00:00+00:00
[2024-02-02T15:27:39.137+0000] {processor.py:183} INFO - Processing /home/airflow/.local/lib/python3.8/site-packages/airflow/example_dags/example_latest_only_with_trigger.py took 0.157 seconds
[2024-02-02T15:28:09.416+0000] {processor.py:161} INFO - Started process (PID=7579) to work on /home/airflow/.local/lib/python3.8/site-packages/airflow/example_dags/example_latest_only_with_trigger.py
[2024-02-02T15:28:09.418+0000] {processor.py:830} INFO - Processing file /home/airflow/.local/lib/python3.8/site-packages/airflow/example_dags/example_latest_only_with_trigger.py for tasks to queue
[2024-02-02T15:28:09.419+0000] {logging_mixin.py:188} INFO - [2024-02-02T15:28:09.419+0000] {dagbag.py:538} INFO - Filling up the DagBag from /home/airflow/.local/lib/python3.8/site-packages/airflow/example_dags/example_latest_only_with_trigger.py
[2024-02-02T15:28:09.426+0000] {processor.py:840} INFO - DAG(s) 'latest_only_with_trigger' retrieved from /home/airflow/.local/lib/python3.8/site-packages/airflow/example_dags/example_latest_only_with_trigger.py
[2024-02-02T15:28:09.453+0000] {logging_mixin.py:188} INFO - [2024-02-02T15:28:09.453+0000] {dag.py:3036} INFO - Sync 1 DAGs
[2024-02-02T15:28:09.481+0000] {logging_mixin.py:188} INFO - [2024-02-02T15:28:09.480+0000] {dag.py:3823} INFO - Setting next_dagrun for latest_only_with_trigger to 2024-02-02 08:00:00+00:00, run_after=2024-02-02 12:00:00+00:00
[2024-02-02T15:28:09.515+0000] {processor.py:183} INFO - Processing /home/airflow/.local/lib/python3.8/site-packages/airflow/example_dags/example_latest_only_with_trigger.py took 0.103 seconds
[2024-02-02T15:28:39.872+0000] {processor.py:161} INFO - Started process (PID=7826) to work on /home/airflow/.local/lib/python3.8/site-packages/airflow/example_dags/example_latest_only_with_trigger.py
[2024-02-02T15:28:39.873+0000] {processor.py:830} INFO - Processing file /home/airflow/.local/lib/python3.8/site-packages/airflow/example_dags/example_latest_only_with_trigger.py for tasks to queue
[2024-02-02T15:28:39.875+0000] {logging_mixin.py:188} INFO - [2024-02-02T15:28:39.874+0000] {dagbag.py:538} INFO - Filling up the DagBag from /home/airflow/.local/lib/python3.8/site-packages/airflow/example_dags/example_latest_only_with_trigger.py
[2024-02-02T15:28:39.883+0000] {processor.py:840} INFO - DAG(s) 'latest_only_with_trigger' retrieved from /home/airflow/.local/lib/python3.8/site-packages/airflow/example_dags/example_latest_only_with_trigger.py
[2024-02-02T15:28:39.909+0000] {logging_mixin.py:188} INFO - [2024-02-02T15:28:39.909+0000] {dag.py:3036} INFO - Sync 1 DAGs
[2024-02-02T15:28:39.936+0000] {logging_mixin.py:188} INFO - [2024-02-02T15:28:39.936+0000] {dag.py:3823} INFO - Setting next_dagrun for latest_only_with_trigger to 2024-02-02 08:00:00+00:00, run_after=2024-02-02 12:00:00+00:00
[2024-02-02T15:28:39.971+0000] {processor.py:183} INFO - Processing /home/airflow/.local/lib/python3.8/site-packages/airflow/example_dags/example_latest_only_with_trigger.py took 0.103 seconds
[2024-02-02T15:29:10.201+0000] {processor.py:161} INFO - Started process (PID=8073) to work on /home/airflow/.local/lib/python3.8/site-packages/airflow/example_dags/example_latest_only_with_trigger.py
[2024-02-02T15:29:10.202+0000] {processor.py:830} INFO - Processing file /home/airflow/.local/lib/python3.8/site-packages/airflow/example_dags/example_latest_only_with_trigger.py for tasks to queue
[2024-02-02T15:29:10.204+0000] {logging_mixin.py:188} INFO - [2024-02-02T15:29:10.204+0000] {dagbag.py:538} INFO - Filling up the DagBag from /home/airflow/.local/lib/python3.8/site-packages/airflow/example_dags/example_latest_only_with_trigger.py
[2024-02-02T15:29:10.215+0000] {processor.py:840} INFO - DAG(s) 'latest_only_with_trigger' retrieved from /home/airflow/.local/lib/python3.8/site-packages/airflow/example_dags/example_latest_only_with_trigger.py
[2024-02-02T15:29:10.249+0000] {logging_mixin.py:188} INFO - [2024-02-02T15:29:10.249+0000] {dag.py:3036} INFO - Sync 1 DAGs
[2024-02-02T15:29:10.281+0000] {logging_mixin.py:188} INFO - [2024-02-02T15:29:10.281+0000] {dag.py:3823} INFO - Setting next_dagrun for latest_only_with_trigger to 2024-02-02 08:00:00+00:00, run_after=2024-02-02 12:00:00+00:00
[2024-02-02T15:29:10.316+0000] {processor.py:183} INFO - Processing /home/airflow/.local/lib/python3.8/site-packages/airflow/example_dags/example_latest_only_with_trigger.py took 0.121 seconds
[2024-02-02T15:29:40.640+0000] {processor.py:161} INFO - Started process (PID=8320) to work on /home/airflow/.local/lib/python3.8/site-packages/airflow/example_dags/example_latest_only_with_trigger.py
[2024-02-02T15:29:40.641+0000] {processor.py:830} INFO - Processing file /home/airflow/.local/lib/python3.8/site-packages/airflow/example_dags/example_latest_only_with_trigger.py for tasks to queue
[2024-02-02T15:29:40.642+0000] {logging_mixin.py:188} INFO - [2024-02-02T15:29:40.642+0000] {dagbag.py:538} INFO - Filling up the DagBag from /home/airflow/.local/lib/python3.8/site-packages/airflow/example_dags/example_latest_only_with_trigger.py
[2024-02-02T15:29:40.650+0000] {processor.py:840} INFO - DAG(s) 'latest_only_with_trigger' retrieved from /home/airflow/.local/lib/python3.8/site-packages/airflow/example_dags/example_latest_only_with_trigger.py
[2024-02-02T15:29:40.676+0000] {logging_mixin.py:188} INFO - [2024-02-02T15:29:40.676+0000] {dag.py:3036} INFO - Sync 1 DAGs
[2024-02-02T15:29:40.715+0000] {logging_mixin.py:188} INFO - [2024-02-02T15:29:40.714+0000] {dag.py:3823} INFO - Setting next_dagrun for latest_only_with_trigger to 2024-02-02 08:00:00+00:00, run_after=2024-02-02 12:00:00+00:00
[2024-02-02T15:29:40.752+0000] {processor.py:183} INFO - Processing /home/airflow/.local/lib/python3.8/site-packages/airflow/example_dags/example_latest_only_with_trigger.py took 0.117 seconds
[2024-02-02T15:30:10.962+0000] {processor.py:161} INFO - Started process (PID=8567) to work on /home/airflow/.local/lib/python3.8/site-packages/airflow/example_dags/example_latest_only_with_trigger.py
[2024-02-02T15:30:10.964+0000] {processor.py:830} INFO - Processing file /home/airflow/.local/lib/python3.8/site-packages/airflow/example_dags/example_latest_only_with_trigger.py for tasks to queue
[2024-02-02T15:30:10.965+0000] {logging_mixin.py:188} INFO - [2024-02-02T15:30:10.965+0000] {dagbag.py:538} INFO - Filling up the DagBag from /home/airflow/.local/lib/python3.8/site-packages/airflow/example_dags/example_latest_only_with_trigger.py
[2024-02-02T15:30:10.973+0000] {processor.py:840} INFO - DAG(s) 'latest_only_with_trigger' retrieved from /home/airflow/.local/lib/python3.8/site-packages/airflow/example_dags/example_latest_only_with_trigger.py
[2024-02-02T15:30:11.000+0000] {logging_mixin.py:188} INFO - [2024-02-02T15:30:11.000+0000] {dag.py:3036} INFO - Sync 1 DAGs
[2024-02-02T15:30:11.027+0000] {logging_mixin.py:188} INFO - [2024-02-02T15:30:11.027+0000] {dag.py:3823} INFO - Setting next_dagrun for latest_only_with_trigger to 2024-02-02 08:00:00+00:00, run_after=2024-02-02 12:00:00+00:00
[2024-02-02T15:30:11.051+0000] {processor.py:183} INFO - Processing /home/airflow/.local/lib/python3.8/site-packages/airflow/example_dags/example_latest_only_with_trigger.py took 0.093 seconds
[2024-02-02T15:30:41.423+0000] {processor.py:161} INFO - Started process (PID=8814) to work on /home/airflow/.local/lib/python3.8/site-packages/airflow/example_dags/example_latest_only_with_trigger.py
[2024-02-02T15:30:41.424+0000] {processor.py:830} INFO - Processing file /home/airflow/.local/lib/python3.8/site-packages/airflow/example_dags/example_latest_only_with_trigger.py for tasks to queue
[2024-02-02T15:30:41.426+0000] {logging_mixin.py:188} INFO - [2024-02-02T15:30:41.425+0000] {dagbag.py:538} INFO - Filling up the DagBag from /home/airflow/.local/lib/python3.8/site-packages/airflow/example_dags/example_latest_only_with_trigger.py
[2024-02-02T15:30:41.433+0000] {processor.py:840} INFO - DAG(s) 'latest_only_with_trigger' retrieved from /home/airflow/.local/lib/python3.8/site-packages/airflow/example_dags/example_latest_only_with_trigger.py
[2024-02-02T15:30:41.459+0000] {logging_mixin.py:188} INFO - [2024-02-02T15:30:41.459+0000] {dag.py:3036} INFO - Sync 1 DAGs
[2024-02-02T15:30:41.486+0000] {logging_mixin.py:188} INFO - [2024-02-02T15:30:41.486+0000] {dag.py:3823} INFO - Setting next_dagrun for latest_only_with_trigger to 2024-02-02 08:00:00+00:00, run_after=2024-02-02 12:00:00+00:00
[2024-02-02T15:30:41.520+0000] {processor.py:183} INFO - Processing /home/airflow/.local/lib/python3.8/site-packages/airflow/example_dags/example_latest_only_with_trigger.py took 0.102 seconds
[2024-02-02T15:31:11.643+0000] {processor.py:161} INFO - Started process (PID=9061) to work on /home/airflow/.local/lib/python3.8/site-packages/airflow/example_dags/example_latest_only_with_trigger.py
[2024-02-02T15:31:11.645+0000] {processor.py:830} INFO - Processing file /home/airflow/.local/lib/python3.8/site-packages/airflow/example_dags/example_latest_only_with_trigger.py for tasks to queue
[2024-02-02T15:31:11.646+0000] {logging_mixin.py:188} INFO - [2024-02-02T15:31:11.646+0000] {dagbag.py:538} INFO - Filling up the DagBag from /home/airflow/.local/lib/python3.8/site-packages/airflow/example_dags/example_latest_only_with_trigger.py
[2024-02-02T15:31:11.654+0000] {processor.py:840} INFO - DAG(s) 'latest_only_with_trigger' retrieved from /home/airflow/.local/lib/python3.8/site-packages/airflow/example_dags/example_latest_only_with_trigger.py
[2024-02-02T15:31:11.685+0000] {logging_mixin.py:188} INFO - [2024-02-02T15:31:11.684+0000] {dag.py:3036} INFO - Sync 1 DAGs
[2024-02-02T15:31:11.713+0000] {logging_mixin.py:188} INFO - [2024-02-02T15:31:11.713+0000] {dag.py:3823} INFO - Setting next_dagrun for latest_only_with_trigger to 2024-02-02 08:00:00+00:00, run_after=2024-02-02 12:00:00+00:00
[2024-02-02T15:31:11.737+0000] {processor.py:183} INFO - Processing /home/airflow/.local/lib/python3.8/site-packages/airflow/example_dags/example_latest_only_with_trigger.py took 0.097 seconds
[2024-02-02T15:31:41.960+0000] {processor.py:161} INFO - Started process (PID=9308) to work on /home/airflow/.local/lib/python3.8/site-packages/airflow/example_dags/example_latest_only_with_trigger.py
[2024-02-02T15:31:41.962+0000] {processor.py:830} INFO - Processing file /home/airflow/.local/lib/python3.8/site-packages/airflow/example_dags/example_latest_only_with_trigger.py for tasks to queue
[2024-02-02T15:31:41.963+0000] {logging_mixin.py:188} INFO - [2024-02-02T15:31:41.963+0000] {dagbag.py:538} INFO - Filling up the DagBag from /home/airflow/.local/lib/python3.8/site-packages/airflow/example_dags/example_latest_only_with_trigger.py
[2024-02-02T15:31:41.971+0000] {processor.py:840} INFO - DAG(s) 'latest_only_with_trigger' retrieved from /home/airflow/.local/lib/python3.8/site-packages/airflow/example_dags/example_latest_only_with_trigger.py
[2024-02-02T15:31:41.998+0000] {logging_mixin.py:188} INFO - [2024-02-02T15:31:41.997+0000] {dag.py:3036} INFO - Sync 1 DAGs
[2024-02-02T15:31:42.025+0000] {logging_mixin.py:188} INFO - [2024-02-02T15:31:42.025+0000] {dag.py:3823} INFO - Setting next_dagrun for latest_only_with_trigger to 2024-02-02 08:00:00+00:00, run_after=2024-02-02 12:00:00+00:00
[2024-02-02T15:31:42.059+0000] {processor.py:183} INFO - Processing /home/airflow/.local/lib/python3.8/site-packages/airflow/example_dags/example_latest_only_with_trigger.py took 0.103 seconds
[2024-02-02T15:32:12.254+0000] {processor.py:161} INFO - Started process (PID=9555) to work on /home/airflow/.local/lib/python3.8/site-packages/airflow/example_dags/example_latest_only_with_trigger.py
[2024-02-02T15:32:12.255+0000] {processor.py:830} INFO - Processing file /home/airflow/.local/lib/python3.8/site-packages/airflow/example_dags/example_latest_only_with_trigger.py for tasks to queue
[2024-02-02T15:32:12.257+0000] {logging_mixin.py:188} INFO - [2024-02-02T15:32:12.256+0000] {dagbag.py:538} INFO - Filling up the DagBag from /home/airflow/.local/lib/python3.8/site-packages/airflow/example_dags/example_latest_only_with_trigger.py
[2024-02-02T15:32:12.267+0000] {processor.py:840} INFO - DAG(s) 'latest_only_with_trigger' retrieved from /home/airflow/.local/lib/python3.8/site-packages/airflow/example_dags/example_latest_only_with_trigger.py
[2024-02-02T15:32:12.296+0000] {logging_mixin.py:188} INFO - [2024-02-02T15:32:12.296+0000] {dag.py:3036} INFO - Sync 1 DAGs
[2024-02-02T15:32:12.325+0000] {logging_mixin.py:188} INFO - [2024-02-02T15:32:12.325+0000] {dag.py:3823} INFO - Setting next_dagrun for latest_only_with_trigger to 2024-02-02 08:00:00+00:00, run_after=2024-02-02 12:00:00+00:00
[2024-02-02T15:32:12.361+0000] {processor.py:183} INFO - Processing /home/airflow/.local/lib/python3.8/site-packages/airflow/example_dags/example_latest_only_with_trigger.py took 0.112 seconds
[2024-02-02T15:32:42.510+0000] {processor.py:161} INFO - Started process (PID=9802) to work on /home/airflow/.local/lib/python3.8/site-packages/airflow/example_dags/example_latest_only_with_trigger.py
[2024-02-02T15:32:42.512+0000] {processor.py:830} INFO - Processing file /home/airflow/.local/lib/python3.8/site-packages/airflow/example_dags/example_latest_only_with_trigger.py for tasks to queue
[2024-02-02T15:32:42.514+0000] {logging_mixin.py:188} INFO - [2024-02-02T15:32:42.514+0000] {dagbag.py:538} INFO - Filling up the DagBag from /home/airflow/.local/lib/python3.8/site-packages/airflow/example_dags/example_latest_only_with_trigger.py
[2024-02-02T15:32:42.522+0000] {processor.py:840} INFO - DAG(s) 'latest_only_with_trigger' retrieved from /home/airflow/.local/lib/python3.8/site-packages/airflow/example_dags/example_latest_only_with_trigger.py
[2024-02-02T15:32:42.548+0000] {logging_mixin.py:188} INFO - [2024-02-02T15:32:42.547+0000] {dag.py:3036} INFO - Sync 1 DAGs
[2024-02-02T15:32:42.581+0000] {logging_mixin.py:188} INFO - [2024-02-02T15:32:42.581+0000] {dag.py:3823} INFO - Setting next_dagrun for latest_only_with_trigger to 2024-02-02 08:00:00+00:00, run_after=2024-02-02 12:00:00+00:00
[2024-02-02T15:32:42.607+0000] {processor.py:183} INFO - Processing /home/airflow/.local/lib/python3.8/site-packages/airflow/example_dags/example_latest_only_with_trigger.py took 0.101 seconds
[2024-02-02T15:33:13.485+0000] {processor.py:161} INFO - Started process (PID=10049) to work on /home/airflow/.local/lib/python3.8/site-packages/airflow/example_dags/example_latest_only_with_trigger.py
[2024-02-02T15:33:13.487+0000] {processor.py:830} INFO - Processing file /home/airflow/.local/lib/python3.8/site-packages/airflow/example_dags/example_latest_only_with_trigger.py for tasks to queue
[2024-02-02T15:33:13.488+0000] {logging_mixin.py:188} INFO - [2024-02-02T15:33:13.488+0000] {dagbag.py:538} INFO - Filling up the DagBag from /home/airflow/.local/lib/python3.8/site-packages/airflow/example_dags/example_latest_only_with_trigger.py
[2024-02-02T15:33:13.495+0000] {processor.py:840} INFO - DAG(s) 'latest_only_with_trigger' retrieved from /home/airflow/.local/lib/python3.8/site-packages/airflow/example_dags/example_latest_only_with_trigger.py
[2024-02-02T15:33:13.521+0000] {logging_mixin.py:188} INFO - [2024-02-02T15:33:13.520+0000] {dag.py:3036} INFO - Sync 1 DAGs
[2024-02-02T15:33:13.547+0000] {logging_mixin.py:188} INFO - [2024-02-02T15:33:13.547+0000] {dag.py:3823} INFO - Setting next_dagrun for latest_only_with_trigger to 2024-02-02 08:00:00+00:00, run_after=2024-02-02 12:00:00+00:00
[2024-02-02T15:33:13.582+0000] {processor.py:183} INFO - Processing /home/airflow/.local/lib/python3.8/site-packages/airflow/example_dags/example_latest_only_with_trigger.py took 0.101 seconds
[2024-02-02T15:33:44.237+0000] {processor.py:161} INFO - Started process (PID=10296) to work on /home/airflow/.local/lib/python3.8/site-packages/airflow/example_dags/example_latest_only_with_trigger.py
[2024-02-02T15:33:44.238+0000] {processor.py:830} INFO - Processing file /home/airflow/.local/lib/python3.8/site-packages/airflow/example_dags/example_latest_only_with_trigger.py for tasks to queue
[2024-02-02T15:33:44.240+0000] {logging_mixin.py:188} INFO - [2024-02-02T15:33:44.239+0000] {dagbag.py:538} INFO - Filling up the DagBag from /home/airflow/.local/lib/python3.8/site-packages/airflow/example_dags/example_latest_only_with_trigger.py
[2024-02-02T15:33:44.247+0000] {processor.py:840} INFO - DAG(s) 'latest_only_with_trigger' retrieved from /home/airflow/.local/lib/python3.8/site-packages/airflow/example_dags/example_latest_only_with_trigger.py
[2024-02-02T15:33:44.277+0000] {logging_mixin.py:188} INFO - [2024-02-02T15:33:44.277+0000] {dag.py:3036} INFO - Sync 1 DAGs
[2024-02-02T15:33:44.305+0000] {logging_mixin.py:188} INFO - [2024-02-02T15:33:44.305+0000] {dag.py:3823} INFO - Setting next_dagrun for latest_only_with_trigger to 2024-02-02 08:00:00+00:00, run_after=2024-02-02 12:00:00+00:00
[2024-02-02T15:33:44.329+0000] {processor.py:183} INFO - Processing /home/airflow/.local/lib/python3.8/site-packages/airflow/example_dags/example_latest_only_with_trigger.py took 0.096 seconds
[2024-02-02T15:34:14.564+0000] {processor.py:161} INFO - Started process (PID=10543) to work on /home/airflow/.local/lib/python3.8/site-packages/airflow/example_dags/example_latest_only_with_trigger.py
[2024-02-02T15:34:14.566+0000] {processor.py:830} INFO - Processing file /home/airflow/.local/lib/python3.8/site-packages/airflow/example_dags/example_latest_only_with_trigger.py for tasks to queue
[2024-02-02T15:34:14.568+0000] {logging_mixin.py:188} INFO - [2024-02-02T15:34:14.567+0000] {dagbag.py:538} INFO - Filling up the DagBag from /home/airflow/.local/lib/python3.8/site-packages/airflow/example_dags/example_latest_only_with_trigger.py
[2024-02-02T15:34:14.577+0000] {processor.py:840} INFO - DAG(s) 'latest_only_with_trigger' retrieved from /home/airflow/.local/lib/python3.8/site-packages/airflow/example_dags/example_latest_only_with_trigger.py
[2024-02-02T15:34:14.603+0000] {logging_mixin.py:188} INFO - [2024-02-02T15:34:14.602+0000] {dag.py:3036} INFO - Sync 1 DAGs
[2024-02-02T15:34:14.630+0000] {logging_mixin.py:188} INFO - [2024-02-02T15:34:14.630+0000] {dag.py:3823} INFO - Setting next_dagrun for latest_only_with_trigger to 2024-02-02 08:00:00+00:00, run_after=2024-02-02 12:00:00+00:00
[2024-02-02T15:34:14.654+0000] {processor.py:183} INFO - Processing /home/airflow/.local/lib/python3.8/site-packages/airflow/example_dags/example_latest_only_with_trigger.py took 0.094 seconds
[2024-02-02T15:34:44.920+0000] {processor.py:161} INFO - Started process (PID=10790) to work on /home/airflow/.local/lib/python3.8/site-packages/airflow/example_dags/example_latest_only_with_trigger.py
[2024-02-02T15:34:44.922+0000] {processor.py:830} INFO - Processing file /home/airflow/.local/lib/python3.8/site-packages/airflow/example_dags/example_latest_only_with_trigger.py for tasks to queue
[2024-02-02T15:34:44.923+0000] {logging_mixin.py:188} INFO - [2024-02-02T15:34:44.923+0000] {dagbag.py:538} INFO - Filling up the DagBag from /home/airflow/.local/lib/python3.8/site-packages/airflow/example_dags/example_latest_only_with_trigger.py
[2024-02-02T15:34:44.931+0000] {processor.py:840} INFO - DAG(s) 'latest_only_with_trigger' retrieved from /home/airflow/.local/lib/python3.8/site-packages/airflow/example_dags/example_latest_only_with_trigger.py
[2024-02-02T15:34:44.958+0000] {logging_mixin.py:188} INFO - [2024-02-02T15:34:44.957+0000] {dag.py:3036} INFO - Sync 1 DAGs
[2024-02-02T15:34:44.988+0000] {logging_mixin.py:188} INFO - [2024-02-02T15:34:44.987+0000] {dag.py:3823} INFO - Setting next_dagrun for latest_only_with_trigger to 2024-02-02 08:00:00+00:00, run_after=2024-02-02 12:00:00+00:00
[2024-02-02T15:34:45.012+0000] {processor.py:183} INFO - Processing /home/airflow/.local/lib/python3.8/site-packages/airflow/example_dags/example_latest_only_with_trigger.py took 0.096 seconds
[2024-02-02T15:35:15.232+0000] {processor.py:161} INFO - Started process (PID=11037) to work on /home/airflow/.local/lib/python3.8/site-packages/airflow/example_dags/example_latest_only_with_trigger.py
[2024-02-02T15:35:15.234+0000] {processor.py:830} INFO - Processing file /home/airflow/.local/lib/python3.8/site-packages/airflow/example_dags/example_latest_only_with_trigger.py for tasks to queue
[2024-02-02T15:35:15.235+0000] {logging_mixin.py:188} INFO - [2024-02-02T15:35:15.235+0000] {dagbag.py:538} INFO - Filling up the DagBag from /home/airflow/.local/lib/python3.8/site-packages/airflow/example_dags/example_latest_only_with_trigger.py
[2024-02-02T15:35:15.244+0000] {processor.py:840} INFO - DAG(s) 'latest_only_with_trigger' retrieved from /home/airflow/.local/lib/python3.8/site-packages/airflow/example_dags/example_latest_only_with_trigger.py
[2024-02-02T15:35:15.270+0000] {logging_mixin.py:188} INFO - [2024-02-02T15:35:15.270+0000] {dag.py:3036} INFO - Sync 1 DAGs
[2024-02-02T15:35:15.297+0000] {logging_mixin.py:188} INFO - [2024-02-02T15:35:15.297+0000] {dag.py:3823} INFO - Setting next_dagrun for latest_only_with_trigger to 2024-02-02 08:00:00+00:00, run_after=2024-02-02 12:00:00+00:00
[2024-02-02T15:35:15.320+0000] {processor.py:183} INFO - Processing /home/airflow/.local/lib/python3.8/site-packages/airflow/example_dags/example_latest_only_with_trigger.py took 0.092 seconds
[2024-02-02T15:35:45.957+0000] {processor.py:161} INFO - Started process (PID=11284) to work on /home/airflow/.local/lib/python3.8/site-packages/airflow/example_dags/example_latest_only_with_trigger.py
[2024-02-02T15:35:45.959+0000] {processor.py:830} INFO - Processing file /home/airflow/.local/lib/python3.8/site-packages/airflow/example_dags/example_latest_only_with_trigger.py for tasks to queue
[2024-02-02T15:35:45.960+0000] {logging_mixin.py:188} INFO - [2024-02-02T15:35:45.960+0000] {dagbag.py:538} INFO - Filling up the DagBag from /home/airflow/.local/lib/python3.8/site-packages/airflow/example_dags/example_latest_only_with_trigger.py
[2024-02-02T15:35:45.968+0000] {processor.py:840} INFO - DAG(s) 'latest_only_with_trigger' retrieved from /home/airflow/.local/lib/python3.8/site-packages/airflow/example_dags/example_latest_only_with_trigger.py
[2024-02-02T15:35:45.998+0000] {logging_mixin.py:188} INFO - [2024-02-02T15:35:45.998+0000] {dag.py:3036} INFO - Sync 1 DAGs
[2024-02-02T15:35:46.026+0000] {logging_mixin.py:188} INFO - [2024-02-02T15:35:46.026+0000] {dag.py:3823} INFO - Setting next_dagrun for latest_only_with_trigger to 2024-02-02 08:00:00+00:00, run_after=2024-02-02 12:00:00+00:00
[2024-02-02T15:35:46.060+0000] {processor.py:183} INFO - Processing /home/airflow/.local/lib/python3.8/site-packages/airflow/example_dags/example_latest_only_with_trigger.py took 0.108 seconds
