[2024-02-02T15:13:19.315+0000] {processor.py:161} INFO - Started process (PID=341) to work on /home/airflow/.local/lib/python3.8/site-packages/airflow/example_dags/example_branch_python_dop_operator_3.py
[2024-02-02T15:13:19.317+0000] {processor.py:830} INFO - Processing file /home/airflow/.local/lib/python3.8/site-packages/airflow/example_dags/example_branch_python_dop_operator_3.py for tasks to queue
[2024-02-02T15:13:19.319+0000] {logging_mixin.py:188} INFO - [2024-02-02T15:13:19.318+0000] {dagbag.py:538} INFO - Filling up the DagBag from /home/airflow/.local/lib/python3.8/site-packages/airflow/example_dags/example_branch_python_dop_operator_3.py
[2024-02-02T15:13:19.331+0000] {processor.py:840} INFO - DAG(s) 'example_branch_dop_operator_v3' retrieved from /home/airflow/.local/lib/python3.8/site-packages/airflow/example_dags/example_branch_python_dop_operator_3.py
[2024-02-02T15:13:19.350+0000] {logging_mixin.py:188} INFO - [2024-02-02T15:13:19.350+0000] {dag.py:3036} INFO - Sync 1 DAGs
[2024-02-02T15:13:19.396+0000] {logging_mixin.py:188} INFO - [2024-02-02T15:13:19.396+0000] {dag.py:3823} INFO - Setting next_dagrun for example_branch_dop_operator_v3 to 2024-02-02 15:12:00+00:00, run_after=2024-02-02 15:13:00+00:00
[2024-02-02T15:13:19.428+0000] {processor.py:183} INFO - Processing /home/airflow/.local/lib/python3.8/site-packages/airflow/example_dags/example_branch_python_dop_operator_3.py took 0.117 seconds
[2024-02-02T15:13:52.758+0000] {processor.py:161} INFO - Started process (PID=588) to work on /home/airflow/.local/lib/python3.8/site-packages/airflow/example_dags/example_branch_python_dop_operator_3.py
[2024-02-02T15:13:52.760+0000] {processor.py:830} INFO - Processing file /home/airflow/.local/lib/python3.8/site-packages/airflow/example_dags/example_branch_python_dop_operator_3.py for tasks to queue
[2024-02-02T15:13:52.763+0000] {logging_mixin.py:188} INFO - [2024-02-02T15:13:52.762+0000] {dagbag.py:538} INFO - Filling up the DagBag from /home/airflow/.local/lib/python3.8/site-packages/airflow/example_dags/example_branch_python_dop_operator_3.py
[2024-02-02T15:13:52.783+0000] {processor.py:840} INFO - DAG(s) 'example_branch_dop_operator_v3' retrieved from /home/airflow/.local/lib/python3.8/site-packages/airflow/example_dags/example_branch_python_dop_operator_3.py
[2024-02-02T15:13:52.951+0000] {logging_mixin.py:188} INFO - [2024-02-02T15:13:52.951+0000] {dag.py:3036} INFO - Sync 1 DAGs
[2024-02-02T15:13:52.991+0000] {logging_mixin.py:188} INFO - [2024-02-02T15:13:52.990+0000] {dag.py:3823} INFO - Setting next_dagrun for example_branch_dop_operator_v3 to 2024-02-02 15:12:00+00:00, run_after=2024-02-02 15:13:00+00:00
[2024-02-02T15:13:53.023+0000] {processor.py:183} INFO - Processing /home/airflow/.local/lib/python3.8/site-packages/airflow/example_dags/example_branch_python_dop_operator_3.py took 0.269 seconds
[2024-02-02T15:14:23.208+0000] {processor.py:161} INFO - Started process (PID=832) to work on /home/airflow/.local/lib/python3.8/site-packages/airflow/example_dags/example_branch_python_dop_operator_3.py
[2024-02-02T15:14:23.210+0000] {processor.py:830} INFO - Processing file /home/airflow/.local/lib/python3.8/site-packages/airflow/example_dags/example_branch_python_dop_operator_3.py for tasks to queue
[2024-02-02T15:14:23.212+0000] {logging_mixin.py:188} INFO - [2024-02-02T15:14:23.211+0000] {dagbag.py:538} INFO - Filling up the DagBag from /home/airflow/.local/lib/python3.8/site-packages/airflow/example_dags/example_branch_python_dop_operator_3.py
[2024-02-02T15:14:23.223+0000] {processor.py:840} INFO - DAG(s) 'example_branch_dop_operator_v3' retrieved from /home/airflow/.local/lib/python3.8/site-packages/airflow/example_dags/example_branch_python_dop_operator_3.py
[2024-02-02T15:14:23.249+0000] {logging_mixin.py:188} INFO - [2024-02-02T15:14:23.249+0000] {dag.py:3036} INFO - Sync 1 DAGs
[2024-02-02T15:14:23.279+0000] {logging_mixin.py:188} INFO - [2024-02-02T15:14:23.279+0000] {dag.py:3823} INFO - Setting next_dagrun for example_branch_dop_operator_v3 to 2024-02-02 15:13:00+00:00, run_after=2024-02-02 15:14:00+00:00
[2024-02-02T15:14:23.301+0000] {processor.py:183} INFO - Processing /home/airflow/.local/lib/python3.8/site-packages/airflow/example_dags/example_branch_python_dop_operator_3.py took 0.096 seconds
[2024-02-02T15:14:53.392+0000] {processor.py:161} INFO - Started process (PID=1079) to work on /home/airflow/.local/lib/python3.8/site-packages/airflow/example_dags/example_branch_python_dop_operator_3.py
[2024-02-02T15:14:53.393+0000] {processor.py:830} INFO - Processing file /home/airflow/.local/lib/python3.8/site-packages/airflow/example_dags/example_branch_python_dop_operator_3.py for tasks to queue
[2024-02-02T15:14:53.395+0000] {logging_mixin.py:188} INFO - [2024-02-02T15:14:53.394+0000] {dagbag.py:538} INFO - Filling up the DagBag from /home/airflow/.local/lib/python3.8/site-packages/airflow/example_dags/example_branch_python_dop_operator_3.py
[2024-02-02T15:14:53.405+0000] {processor.py:840} INFO - DAG(s) 'example_branch_dop_operator_v3' retrieved from /home/airflow/.local/lib/python3.8/site-packages/airflow/example_dags/example_branch_python_dop_operator_3.py
[2024-02-02T15:14:53.429+0000] {logging_mixin.py:188} INFO - [2024-02-02T15:14:53.429+0000] {dag.py:3036} INFO - Sync 1 DAGs
[2024-02-02T15:14:53.459+0000] {logging_mixin.py:188} INFO - [2024-02-02T15:14:53.459+0000] {dag.py:3823} INFO - Setting next_dagrun for example_branch_dop_operator_v3 to 2024-02-02 15:13:00+00:00, run_after=2024-02-02 15:14:00+00:00
[2024-02-02T15:14:53.480+0000] {processor.py:183} INFO - Processing /home/airflow/.local/lib/python3.8/site-packages/airflow/example_dags/example_branch_python_dop_operator_3.py took 0.092 seconds
[2024-02-02T15:15:23.680+0000] {processor.py:161} INFO - Started process (PID=1324) to work on /home/airflow/.local/lib/python3.8/site-packages/airflow/example_dags/example_branch_python_dop_operator_3.py
[2024-02-02T15:15:23.681+0000] {processor.py:830} INFO - Processing file /home/airflow/.local/lib/python3.8/site-packages/airflow/example_dags/example_branch_python_dop_operator_3.py for tasks to queue
[2024-02-02T15:15:23.683+0000] {logging_mixin.py:188} INFO - [2024-02-02T15:15:23.682+0000] {dagbag.py:538} INFO - Filling up the DagBag from /home/airflow/.local/lib/python3.8/site-packages/airflow/example_dags/example_branch_python_dop_operator_3.py
[2024-02-02T15:15:23.696+0000] {processor.py:840} INFO - DAG(s) 'example_branch_dop_operator_v3' retrieved from /home/airflow/.local/lib/python3.8/site-packages/airflow/example_dags/example_branch_python_dop_operator_3.py
[2024-02-02T15:15:23.727+0000] {logging_mixin.py:188} INFO - [2024-02-02T15:15:23.727+0000] {dag.py:3036} INFO - Sync 1 DAGs
[2024-02-02T15:15:23.793+0000] {logging_mixin.py:188} INFO - [2024-02-02T15:15:23.792+0000] {dag.py:3823} INFO - Setting next_dagrun for example_branch_dop_operator_v3 to 2024-02-02 15:14:00+00:00, run_after=2024-02-02 15:15:00+00:00
[2024-02-02T15:15:23.829+0000] {processor.py:183} INFO - Processing /home/airflow/.local/lib/python3.8/site-packages/airflow/example_dags/example_branch_python_dop_operator_3.py took 0.154 seconds
[2024-02-02T15:15:54.540+0000] {processor.py:161} INFO - Started process (PID=1576) to work on /home/airflow/.local/lib/python3.8/site-packages/airflow/example_dags/example_branch_python_dop_operator_3.py
[2024-02-02T15:15:54.542+0000] {processor.py:830} INFO - Processing file /home/airflow/.local/lib/python3.8/site-packages/airflow/example_dags/example_branch_python_dop_operator_3.py for tasks to queue
[2024-02-02T15:15:54.544+0000] {logging_mixin.py:188} INFO - [2024-02-02T15:15:54.543+0000] {dagbag.py:538} INFO - Filling up the DagBag from /home/airflow/.local/lib/python3.8/site-packages/airflow/example_dags/example_branch_python_dop_operator_3.py
[2024-02-02T15:15:54.560+0000] {processor.py:840} INFO - DAG(s) 'example_branch_dop_operator_v3' retrieved from /home/airflow/.local/lib/python3.8/site-packages/airflow/example_dags/example_branch_python_dop_operator_3.py
[2024-02-02T15:15:54.594+0000] {logging_mixin.py:188} INFO - [2024-02-02T15:15:54.594+0000] {dag.py:3036} INFO - Sync 1 DAGs
[2024-02-02T15:15:54.641+0000] {logging_mixin.py:188} INFO - [2024-02-02T15:15:54.641+0000] {dag.py:3823} INFO - Setting next_dagrun for example_branch_dop_operator_v3 to 2024-02-02 15:14:00+00:00, run_after=2024-02-02 15:15:00+00:00
[2024-02-02T15:15:54.676+0000] {processor.py:183} INFO - Processing /home/airflow/.local/lib/python3.8/site-packages/airflow/example_dags/example_branch_python_dop_operator_3.py took 0.143 seconds
[2024-02-02T15:16:24.888+0000] {processor.py:161} INFO - Started process (PID=1823) to work on /home/airflow/.local/lib/python3.8/site-packages/airflow/example_dags/example_branch_python_dop_operator_3.py
[2024-02-02T15:16:24.891+0000] {processor.py:830} INFO - Processing file /home/airflow/.local/lib/python3.8/site-packages/airflow/example_dags/example_branch_python_dop_operator_3.py for tasks to queue
[2024-02-02T15:16:24.894+0000] {logging_mixin.py:188} INFO - [2024-02-02T15:16:24.893+0000] {dagbag.py:538} INFO - Filling up the DagBag from /home/airflow/.local/lib/python3.8/site-packages/airflow/example_dags/example_branch_python_dop_operator_3.py
[2024-02-02T15:16:24.907+0000] {processor.py:840} INFO - DAG(s) 'example_branch_dop_operator_v3' retrieved from /home/airflow/.local/lib/python3.8/site-packages/airflow/example_dags/example_branch_python_dop_operator_3.py
[2024-02-02T15:16:24.941+0000] {logging_mixin.py:188} INFO - [2024-02-02T15:16:24.940+0000] {dag.py:3036} INFO - Sync 1 DAGs
[2024-02-02T15:16:24.985+0000] {logging_mixin.py:188} INFO - [2024-02-02T15:16:24.985+0000] {dag.py:3823} INFO - Setting next_dagrun for example_branch_dop_operator_v3 to 2024-02-02 15:15:00+00:00, run_after=2024-02-02 15:16:00+00:00
[2024-02-02T15:16:25.015+0000] {processor.py:183} INFO - Processing /home/airflow/.local/lib/python3.8/site-packages/airflow/example_dags/example_branch_python_dop_operator_3.py took 0.132 seconds
[2024-02-02T15:16:55.721+0000] {processor.py:161} INFO - Started process (PID=2070) to work on /home/airflow/.local/lib/python3.8/site-packages/airflow/example_dags/example_branch_python_dop_operator_3.py
[2024-02-02T15:16:55.723+0000] {processor.py:830} INFO - Processing file /home/airflow/.local/lib/python3.8/site-packages/airflow/example_dags/example_branch_python_dop_operator_3.py for tasks to queue
[2024-02-02T15:16:55.727+0000] {logging_mixin.py:188} INFO - [2024-02-02T15:16:55.726+0000] {dagbag.py:538} INFO - Filling up the DagBag from /home/airflow/.local/lib/python3.8/site-packages/airflow/example_dags/example_branch_python_dop_operator_3.py
[2024-02-02T15:16:55.740+0000] {processor.py:840} INFO - DAG(s) 'example_branch_dop_operator_v3' retrieved from /home/airflow/.local/lib/python3.8/site-packages/airflow/example_dags/example_branch_python_dop_operator_3.py
[2024-02-02T15:16:55.775+0000] {logging_mixin.py:188} INFO - [2024-02-02T15:16:55.774+0000] {dag.py:3036} INFO - Sync 1 DAGs
[2024-02-02T15:16:55.829+0000] {logging_mixin.py:188} INFO - [2024-02-02T15:16:55.828+0000] {dag.py:3823} INFO - Setting next_dagrun for example_branch_dop_operator_v3 to 2024-02-02 15:15:00+00:00, run_after=2024-02-02 15:16:00+00:00
[2024-02-02T15:16:55.859+0000] {processor.py:183} INFO - Processing /home/airflow/.local/lib/python3.8/site-packages/airflow/example_dags/example_branch_python_dop_operator_3.py took 0.142 seconds
[2024-02-02T15:17:25.908+0000] {processor.py:161} INFO - Started process (PID=2312) to work on /home/airflow/.local/lib/python3.8/site-packages/airflow/example_dags/example_branch_python_dop_operator_3.py
[2024-02-02T15:17:25.910+0000] {processor.py:830} INFO - Processing file /home/airflow/.local/lib/python3.8/site-packages/airflow/example_dags/example_branch_python_dop_operator_3.py for tasks to queue
[2024-02-02T15:17:25.912+0000] {logging_mixin.py:188} INFO - [2024-02-02T15:17:25.911+0000] {dagbag.py:538} INFO - Filling up the DagBag from /home/airflow/.local/lib/python3.8/site-packages/airflow/example_dags/example_branch_python_dop_operator_3.py
[2024-02-02T15:17:25.927+0000] {processor.py:840} INFO - DAG(s) 'example_branch_dop_operator_v3' retrieved from /home/airflow/.local/lib/python3.8/site-packages/airflow/example_dags/example_branch_python_dop_operator_3.py
[2024-02-02T15:17:25.963+0000] {logging_mixin.py:188} INFO - [2024-02-02T15:17:25.962+0000] {dag.py:3036} INFO - Sync 1 DAGs
[2024-02-02T15:17:26.023+0000] {logging_mixin.py:188} INFO - [2024-02-02T15:17:26.023+0000] {dag.py:3823} INFO - Setting next_dagrun for example_branch_dop_operator_v3 to 2024-02-02 15:16:00+00:00, run_after=2024-02-02 15:17:00+00:00
[2024-02-02T15:17:26.055+0000] {processor.py:183} INFO - Processing /home/airflow/.local/lib/python3.8/site-packages/airflow/example_dags/example_branch_python_dop_operator_3.py took 0.152 seconds
[2024-02-02T15:17:56.174+0000] {processor.py:161} INFO - Started process (PID=2559) to work on /home/airflow/.local/lib/python3.8/site-packages/airflow/example_dags/example_branch_python_dop_operator_3.py
[2024-02-02T15:17:56.176+0000] {processor.py:830} INFO - Processing file /home/airflow/.local/lib/python3.8/site-packages/airflow/example_dags/example_branch_python_dop_operator_3.py for tasks to queue
[2024-02-02T15:17:56.177+0000] {logging_mixin.py:188} INFO - [2024-02-02T15:17:56.177+0000] {dagbag.py:538} INFO - Filling up the DagBag from /home/airflow/.local/lib/python3.8/site-packages/airflow/example_dags/example_branch_python_dop_operator_3.py
[2024-02-02T15:17:56.193+0000] {processor.py:840} INFO - DAG(s) 'example_branch_dop_operator_v3' retrieved from /home/airflow/.local/lib/python3.8/site-packages/airflow/example_dags/example_branch_python_dop_operator_3.py
[2024-02-02T15:17:56.248+0000] {logging_mixin.py:188} INFO - [2024-02-02T15:17:56.247+0000] {dag.py:3036} INFO - Sync 1 DAGs
[2024-02-02T15:17:56.302+0000] {logging_mixin.py:188} INFO - [2024-02-02T15:17:56.302+0000] {dag.py:3823} INFO - Setting next_dagrun for example_branch_dop_operator_v3 to 2024-02-02 15:16:00+00:00, run_after=2024-02-02 15:17:00+00:00
[2024-02-02T15:17:56.340+0000] {processor.py:183} INFO - Processing /home/airflow/.local/lib/python3.8/site-packages/airflow/example_dags/example_branch_python_dop_operator_3.py took 0.171 seconds
[2024-02-02T15:18:27.149+0000] {processor.py:161} INFO - Started process (PID=2859) to work on /home/airflow/.local/lib/python3.8/site-packages/airflow/example_dags/example_branch_python_dop_operator_3.py
[2024-02-02T15:18:27.150+0000] {processor.py:830} INFO - Processing file /home/airflow/.local/lib/python3.8/site-packages/airflow/example_dags/example_branch_python_dop_operator_3.py for tasks to queue
[2024-02-02T15:18:27.152+0000] {logging_mixin.py:188} INFO - [2024-02-02T15:18:27.151+0000] {dagbag.py:538} INFO - Filling up the DagBag from /home/airflow/.local/lib/python3.8/site-packages/airflow/example_dags/example_branch_python_dop_operator_3.py
[2024-02-02T15:18:27.163+0000] {processor.py:840} INFO - DAG(s) 'example_branch_dop_operator_v3' retrieved from /home/airflow/.local/lib/python3.8/site-packages/airflow/example_dags/example_branch_python_dop_operator_3.py
[2024-02-02T15:18:27.215+0000] {logging_mixin.py:188} INFO - [2024-02-02T15:18:27.215+0000] {dag.py:3036} INFO - Sync 1 DAGs
[2024-02-02T15:18:27.259+0000] {logging_mixin.py:188} INFO - [2024-02-02T15:18:27.259+0000] {dag.py:3823} INFO - Setting next_dagrun for example_branch_dop_operator_v3 to 2024-02-02 15:17:00+00:00, run_after=2024-02-02 15:18:00+00:00
[2024-02-02T15:18:27.293+0000] {processor.py:183} INFO - Processing /home/airflow/.local/lib/python3.8/site-packages/airflow/example_dags/example_branch_python_dop_operator_3.py took 0.148 seconds
[2024-02-02T15:18:58.032+0000] {processor.py:161} INFO - Started process (PID=3108) to work on /home/airflow/.local/lib/python3.8/site-packages/airflow/example_dags/example_branch_python_dop_operator_3.py
[2024-02-02T15:18:58.034+0000] {processor.py:830} INFO - Processing file /home/airflow/.local/lib/python3.8/site-packages/airflow/example_dags/example_branch_python_dop_operator_3.py for tasks to queue
[2024-02-02T15:18:58.035+0000] {logging_mixin.py:188} INFO - [2024-02-02T15:18:58.035+0000] {dagbag.py:538} INFO - Filling up the DagBag from /home/airflow/.local/lib/python3.8/site-packages/airflow/example_dags/example_branch_python_dop_operator_3.py
[2024-02-02T15:18:58.046+0000] {processor.py:840} INFO - DAG(s) 'example_branch_dop_operator_v3' retrieved from /home/airflow/.local/lib/python3.8/site-packages/airflow/example_dags/example_branch_python_dop_operator_3.py
[2024-02-02T15:18:58.073+0000] {logging_mixin.py:188} INFO - [2024-02-02T15:18:58.073+0000] {dag.py:3036} INFO - Sync 1 DAGs
[2024-02-02T15:18:58.108+0000] {logging_mixin.py:188} INFO - [2024-02-02T15:18:58.108+0000] {dag.py:3823} INFO - Setting next_dagrun for example_branch_dop_operator_v3 to 2024-02-02 15:17:00+00:00, run_after=2024-02-02 15:18:00+00:00
[2024-02-02T15:18:58.136+0000] {processor.py:183} INFO - Processing /home/airflow/.local/lib/python3.8/site-packages/airflow/example_dags/example_branch_python_dop_operator_3.py took 0.109 seconds
[2024-02-02T15:19:28.992+0000] {processor.py:161} INFO - Started process (PID=3360) to work on /home/airflow/.local/lib/python3.8/site-packages/airflow/example_dags/example_branch_python_dop_operator_3.py
[2024-02-02T15:19:28.994+0000] {processor.py:830} INFO - Processing file /home/airflow/.local/lib/python3.8/site-packages/airflow/example_dags/example_branch_python_dop_operator_3.py for tasks to queue
[2024-02-02T15:19:28.995+0000] {logging_mixin.py:188} INFO - [2024-02-02T15:19:28.995+0000] {dagbag.py:538} INFO - Filling up the DagBag from /home/airflow/.local/lib/python3.8/site-packages/airflow/example_dags/example_branch_python_dop_operator_3.py
[2024-02-02T15:19:29.005+0000] {processor.py:840} INFO - DAG(s) 'example_branch_dop_operator_v3' retrieved from /home/airflow/.local/lib/python3.8/site-packages/airflow/example_dags/example_branch_python_dop_operator_3.py
[2024-02-02T15:19:29.032+0000] {logging_mixin.py:188} INFO - [2024-02-02T15:19:29.032+0000] {dag.py:3036} INFO - Sync 1 DAGs
[2024-02-02T15:19:29.072+0000] {logging_mixin.py:188} INFO - [2024-02-02T15:19:29.072+0000] {dag.py:3823} INFO - Setting next_dagrun for example_branch_dop_operator_v3 to 2024-02-02 15:18:00+00:00, run_after=2024-02-02 15:19:00+00:00
[2024-02-02T15:19:29.101+0000] {processor.py:183} INFO - Processing /home/airflow/.local/lib/python3.8/site-packages/airflow/example_dags/example_branch_python_dop_operator_3.py took 0.112 seconds
[2024-02-02T15:19:59.354+0000] {processor.py:161} INFO - Started process (PID=3607) to work on /home/airflow/.local/lib/python3.8/site-packages/airflow/example_dags/example_branch_python_dop_operator_3.py
[2024-02-02T15:19:59.355+0000] {processor.py:830} INFO - Processing file /home/airflow/.local/lib/python3.8/site-packages/airflow/example_dags/example_branch_python_dop_operator_3.py for tasks to queue
[2024-02-02T15:19:59.357+0000] {logging_mixin.py:188} INFO - [2024-02-02T15:19:59.356+0000] {dagbag.py:538} INFO - Filling up the DagBag from /home/airflow/.local/lib/python3.8/site-packages/airflow/example_dags/example_branch_python_dop_operator_3.py
[2024-02-02T15:19:59.367+0000] {processor.py:840} INFO - DAG(s) 'example_branch_dop_operator_v3' retrieved from /home/airflow/.local/lib/python3.8/site-packages/airflow/example_dags/example_branch_python_dop_operator_3.py
[2024-02-02T15:19:59.394+0000] {logging_mixin.py:188} INFO - [2024-02-02T15:19:59.394+0000] {dag.py:3036} INFO - Sync 1 DAGs
[2024-02-02T15:19:59.429+0000] {logging_mixin.py:188} INFO - [2024-02-02T15:19:59.428+0000] {dag.py:3823} INFO - Setting next_dagrun for example_branch_dop_operator_v3 to 2024-02-02 15:18:00+00:00, run_after=2024-02-02 15:19:00+00:00
[2024-02-02T15:19:59.463+0000] {processor.py:183} INFO - Processing /home/airflow/.local/lib/python3.8/site-packages/airflow/example_dags/example_branch_python_dop_operator_3.py took 0.113 seconds
[2024-02-02T15:20:29.912+0000] {processor.py:161} INFO - Started process (PID=3854) to work on /home/airflow/.local/lib/python3.8/site-packages/airflow/example_dags/example_branch_python_dop_operator_3.py
[2024-02-02T15:20:29.914+0000] {processor.py:830} INFO - Processing file /home/airflow/.local/lib/python3.8/site-packages/airflow/example_dags/example_branch_python_dop_operator_3.py for tasks to queue
[2024-02-02T15:20:29.915+0000] {logging_mixin.py:188} INFO - [2024-02-02T15:20:29.915+0000] {dagbag.py:538} INFO - Filling up the DagBag from /home/airflow/.local/lib/python3.8/site-packages/airflow/example_dags/example_branch_python_dop_operator_3.py
[2024-02-02T15:20:29.926+0000] {processor.py:840} INFO - DAG(s) 'example_branch_dop_operator_v3' retrieved from /home/airflow/.local/lib/python3.8/site-packages/airflow/example_dags/example_branch_python_dop_operator_3.py
[2024-02-02T15:20:29.950+0000] {logging_mixin.py:188} INFO - [2024-02-02T15:20:29.950+0000] {dag.py:3036} INFO - Sync 1 DAGs
[2024-02-02T15:20:29.981+0000] {logging_mixin.py:188} INFO - [2024-02-02T15:20:29.981+0000] {dag.py:3823} INFO - Setting next_dagrun for example_branch_dop_operator_v3 to 2024-02-02 15:19:00+00:00, run_after=2024-02-02 15:20:00+00:00
[2024-02-02T15:20:30.018+0000] {processor.py:183} INFO - Processing /home/airflow/.local/lib/python3.8/site-packages/airflow/example_dags/example_branch_python_dop_operator_3.py took 0.110 seconds
[2024-02-02T15:21:00.280+0000] {processor.py:161} INFO - Started process (PID=4101) to work on /home/airflow/.local/lib/python3.8/site-packages/airflow/example_dags/example_branch_python_dop_operator_3.py
[2024-02-02T15:21:00.282+0000] {processor.py:830} INFO - Processing file /home/airflow/.local/lib/python3.8/site-packages/airflow/example_dags/example_branch_python_dop_operator_3.py for tasks to queue
[2024-02-02T15:21:00.285+0000] {logging_mixin.py:188} INFO - [2024-02-02T15:21:00.284+0000] {dagbag.py:538} INFO - Filling up the DagBag from /home/airflow/.local/lib/python3.8/site-packages/airflow/example_dags/example_branch_python_dop_operator_3.py
[2024-02-02T15:21:00.303+0000] {processor.py:840} INFO - DAG(s) 'example_branch_dop_operator_v3' retrieved from /home/airflow/.local/lib/python3.8/site-packages/airflow/example_dags/example_branch_python_dop_operator_3.py
[2024-02-02T15:21:00.341+0000] {logging_mixin.py:188} INFO - [2024-02-02T15:21:00.340+0000] {dag.py:3036} INFO - Sync 1 DAGs
[2024-02-02T15:21:00.403+0000] {logging_mixin.py:188} INFO - [2024-02-02T15:21:00.402+0000] {dag.py:3823} INFO - Setting next_dagrun for example_branch_dop_operator_v3 to 2024-02-02 15:20:00+00:00, run_after=2024-02-02 15:21:00+00:00
[2024-02-02T15:21:00.435+0000] {processor.py:183} INFO - Processing /home/airflow/.local/lib/python3.8/site-packages/airflow/example_dags/example_branch_python_dop_operator_3.py took 0.159 seconds
[2024-02-02T15:21:30.522+0000] {processor.py:161} INFO - Started process (PID=4345) to work on /home/airflow/.local/lib/python3.8/site-packages/airflow/example_dags/example_branch_python_dop_operator_3.py
[2024-02-02T15:21:30.524+0000] {processor.py:830} INFO - Processing file /home/airflow/.local/lib/python3.8/site-packages/airflow/example_dags/example_branch_python_dop_operator_3.py for tasks to queue
[2024-02-02T15:21:30.525+0000] {logging_mixin.py:188} INFO - [2024-02-02T15:21:30.525+0000] {dagbag.py:538} INFO - Filling up the DagBag from /home/airflow/.local/lib/python3.8/site-packages/airflow/example_dags/example_branch_python_dop_operator_3.py
[2024-02-02T15:21:30.534+0000] {processor.py:840} INFO - DAG(s) 'example_branch_dop_operator_v3' retrieved from /home/airflow/.local/lib/python3.8/site-packages/airflow/example_dags/example_branch_python_dop_operator_3.py
[2024-02-02T15:21:30.559+0000] {logging_mixin.py:188} INFO - [2024-02-02T15:21:30.559+0000] {dag.py:3036} INFO - Sync 1 DAGs
[2024-02-02T15:21:30.588+0000] {logging_mixin.py:188} INFO - [2024-02-02T15:21:30.588+0000] {dag.py:3823} INFO - Setting next_dagrun for example_branch_dop_operator_v3 to 2024-02-02 15:20:00+00:00, run_after=2024-02-02 15:21:00+00:00
[2024-02-02T15:21:30.611+0000] {processor.py:183} INFO - Processing /home/airflow/.local/lib/python3.8/site-packages/airflow/example_dags/example_branch_python_dop_operator_3.py took 0.093 seconds
[2024-02-02T15:22:00.678+0000] {processor.py:161} INFO - Started process (PID=4592) to work on /home/airflow/.local/lib/python3.8/site-packages/airflow/example_dags/example_branch_python_dop_operator_3.py
[2024-02-02T15:22:00.679+0000] {processor.py:830} INFO - Processing file /home/airflow/.local/lib/python3.8/site-packages/airflow/example_dags/example_branch_python_dop_operator_3.py for tasks to queue
[2024-02-02T15:22:00.680+0000] {logging_mixin.py:188} INFO - [2024-02-02T15:22:00.680+0000] {dagbag.py:538} INFO - Filling up the DagBag from /home/airflow/.local/lib/python3.8/site-packages/airflow/example_dags/example_branch_python_dop_operator_3.py
[2024-02-02T15:22:00.690+0000] {processor.py:840} INFO - DAG(s) 'example_branch_dop_operator_v3' retrieved from /home/airflow/.local/lib/python3.8/site-packages/airflow/example_dags/example_branch_python_dop_operator_3.py
[2024-02-02T15:22:00.713+0000] {logging_mixin.py:188} INFO - [2024-02-02T15:22:00.713+0000] {dag.py:3036} INFO - Sync 1 DAGs
[2024-02-02T15:22:00.742+0000] {logging_mixin.py:188} INFO - [2024-02-02T15:22:00.741+0000] {dag.py:3823} INFO - Setting next_dagrun for example_branch_dop_operator_v3 to 2024-02-02 15:21:00+00:00, run_after=2024-02-02 15:22:00+00:00
[2024-02-02T15:22:00.766+0000] {processor.py:183} INFO - Processing /home/airflow/.local/lib/python3.8/site-packages/airflow/example_dags/example_branch_python_dop_operator_3.py took 0.092 seconds
[2024-02-02T15:22:31.215+0000] {processor.py:161} INFO - Started process (PID=4842) to work on /home/airflow/.local/lib/python3.8/site-packages/airflow/example_dags/example_branch_python_dop_operator_3.py
[2024-02-02T15:22:31.216+0000] {processor.py:830} INFO - Processing file /home/airflow/.local/lib/python3.8/site-packages/airflow/example_dags/example_branch_python_dop_operator_3.py for tasks to queue
[2024-02-02T15:22:31.218+0000] {logging_mixin.py:188} INFO - [2024-02-02T15:22:31.217+0000] {dagbag.py:538} INFO - Filling up the DagBag from /home/airflow/.local/lib/python3.8/site-packages/airflow/example_dags/example_branch_python_dop_operator_3.py
[2024-02-02T15:22:31.228+0000] {processor.py:840} INFO - DAG(s) 'example_branch_dop_operator_v3' retrieved from /home/airflow/.local/lib/python3.8/site-packages/airflow/example_dags/example_branch_python_dop_operator_3.py
[2024-02-02T15:22:31.255+0000] {logging_mixin.py:188} INFO - [2024-02-02T15:22:31.254+0000] {dag.py:3036} INFO - Sync 1 DAGs
[2024-02-02T15:22:31.289+0000] {logging_mixin.py:188} INFO - [2024-02-02T15:22:31.289+0000] {dag.py:3823} INFO - Setting next_dagrun for example_branch_dop_operator_v3 to 2024-02-02 15:21:00+00:00, run_after=2024-02-02 15:22:00+00:00
[2024-02-02T15:22:31.323+0000] {processor.py:183} INFO - Processing /home/airflow/.local/lib/python3.8/site-packages/airflow/example_dags/example_branch_python_dop_operator_3.py took 0.113 seconds
[2024-02-02T15:23:02.222+0000] {processor.py:161} INFO - Started process (PID=5089) to work on /home/airflow/.local/lib/python3.8/site-packages/airflow/example_dags/example_branch_python_dop_operator_3.py
[2024-02-02T15:23:02.224+0000] {processor.py:830} INFO - Processing file /home/airflow/.local/lib/python3.8/site-packages/airflow/example_dags/example_branch_python_dop_operator_3.py for tasks to queue
[2024-02-02T15:23:02.226+0000] {logging_mixin.py:188} INFO - [2024-02-02T15:23:02.225+0000] {dagbag.py:538} INFO - Filling up the DagBag from /home/airflow/.local/lib/python3.8/site-packages/airflow/example_dags/example_branch_python_dop_operator_3.py
[2024-02-02T15:23:02.237+0000] {processor.py:840} INFO - DAG(s) 'example_branch_dop_operator_v3' retrieved from /home/airflow/.local/lib/python3.8/site-packages/airflow/example_dags/example_branch_python_dop_operator_3.py
[2024-02-02T15:23:02.262+0000] {logging_mixin.py:188} INFO - [2024-02-02T15:23:02.262+0000] {dag.py:3036} INFO - Sync 1 DAGs
[2024-02-02T15:23:02.294+0000] {logging_mixin.py:188} INFO - [2024-02-02T15:23:02.294+0000] {dag.py:3823} INFO - Setting next_dagrun for example_branch_dop_operator_v3 to 2024-02-02 15:22:00+00:00, run_after=2024-02-02 15:23:00+00:00
[2024-02-02T15:23:02.328+0000] {processor.py:183} INFO - Processing /home/airflow/.local/lib/python3.8/site-packages/airflow/example_dags/example_branch_python_dop_operator_3.py took 0.110 seconds
[2024-02-02T15:23:32.941+0000] {processor.py:161} INFO - Started process (PID=5336) to work on /home/airflow/.local/lib/python3.8/site-packages/airflow/example_dags/example_branch_python_dop_operator_3.py
[2024-02-02T15:23:32.943+0000] {processor.py:830} INFO - Processing file /home/airflow/.local/lib/python3.8/site-packages/airflow/example_dags/example_branch_python_dop_operator_3.py for tasks to queue
[2024-02-02T15:23:32.944+0000] {logging_mixin.py:188} INFO - [2024-02-02T15:23:32.944+0000] {dagbag.py:538} INFO - Filling up the DagBag from /home/airflow/.local/lib/python3.8/site-packages/airflow/example_dags/example_branch_python_dop_operator_3.py
[2024-02-02T15:23:32.955+0000] {processor.py:840} INFO - DAG(s) 'example_branch_dop_operator_v3' retrieved from /home/airflow/.local/lib/python3.8/site-packages/airflow/example_dags/example_branch_python_dop_operator_3.py
[2024-02-02T15:23:32.982+0000] {logging_mixin.py:188} INFO - [2024-02-02T15:23:32.981+0000] {dag.py:3036} INFO - Sync 1 DAGs
[2024-02-02T15:23:33.014+0000] {logging_mixin.py:188} INFO - [2024-02-02T15:23:33.014+0000] {dag.py:3823} INFO - Setting next_dagrun for example_branch_dop_operator_v3 to 2024-02-02 15:22:00+00:00, run_after=2024-02-02 15:23:00+00:00
[2024-02-02T15:23:33.038+0000] {processor.py:183} INFO - Processing /home/airflow/.local/lib/python3.8/site-packages/airflow/example_dags/example_branch_python_dop_operator_3.py took 0.102 seconds
[2024-02-02T15:24:03.608+0000] {processor.py:161} INFO - Started process (PID=5583) to work on /home/airflow/.local/lib/python3.8/site-packages/airflow/example_dags/example_branch_python_dop_operator_3.py
[2024-02-02T15:24:03.609+0000] {processor.py:830} INFO - Processing file /home/airflow/.local/lib/python3.8/site-packages/airflow/example_dags/example_branch_python_dop_operator_3.py for tasks to queue
[2024-02-02T15:24:03.611+0000] {logging_mixin.py:188} INFO - [2024-02-02T15:24:03.610+0000] {dagbag.py:538} INFO - Filling up the DagBag from /home/airflow/.local/lib/python3.8/site-packages/airflow/example_dags/example_branch_python_dop_operator_3.py
[2024-02-02T15:24:03.622+0000] {processor.py:840} INFO - DAG(s) 'example_branch_dop_operator_v3' retrieved from /home/airflow/.local/lib/python3.8/site-packages/airflow/example_dags/example_branch_python_dop_operator_3.py
[2024-02-02T15:24:03.649+0000] {logging_mixin.py:188} INFO - [2024-02-02T15:24:03.649+0000] {dag.py:3036} INFO - Sync 1 DAGs
[2024-02-02T15:24:03.682+0000] {logging_mixin.py:188} INFO - [2024-02-02T15:24:03.681+0000] {dag.py:3823} INFO - Setting next_dagrun for example_branch_dop_operator_v3 to 2024-02-02 15:23:00+00:00, run_after=2024-02-02 15:24:00+00:00
[2024-02-02T15:24:03.706+0000] {processor.py:183} INFO - Processing /home/airflow/.local/lib/python3.8/site-packages/airflow/example_dags/example_branch_python_dop_operator_3.py took 0.103 seconds
[2024-02-02T15:24:33.995+0000] {processor.py:161} INFO - Started process (PID=5830) to work on /home/airflow/.local/lib/python3.8/site-packages/airflow/example_dags/example_branch_python_dop_operator_3.py
[2024-02-02T15:24:33.996+0000] {processor.py:830} INFO - Processing file /home/airflow/.local/lib/python3.8/site-packages/airflow/example_dags/example_branch_python_dop_operator_3.py for tasks to queue
[2024-02-02T15:24:33.998+0000] {logging_mixin.py:188} INFO - [2024-02-02T15:24:33.997+0000] {dagbag.py:538} INFO - Filling up the DagBag from /home/airflow/.local/lib/python3.8/site-packages/airflow/example_dags/example_branch_python_dop_operator_3.py
[2024-02-02T15:24:34.008+0000] {processor.py:840} INFO - DAG(s) 'example_branch_dop_operator_v3' retrieved from /home/airflow/.local/lib/python3.8/site-packages/airflow/example_dags/example_branch_python_dop_operator_3.py
[2024-02-02T15:24:34.036+0000] {logging_mixin.py:188} INFO - [2024-02-02T15:24:34.035+0000] {dag.py:3036} INFO - Sync 1 DAGs
[2024-02-02T15:24:34.068+0000] {logging_mixin.py:188} INFO - [2024-02-02T15:24:34.067+0000] {dag.py:3823} INFO - Setting next_dagrun for example_branch_dop_operator_v3 to 2024-02-02 15:23:00+00:00, run_after=2024-02-02 15:24:00+00:00
[2024-02-02T15:24:34.103+0000] {processor.py:183} INFO - Processing /home/airflow/.local/lib/python3.8/site-packages/airflow/example_dags/example_branch_python_dop_operator_3.py took 0.113 seconds
[2024-02-02T15:25:04.890+0000] {processor.py:161} INFO - Started process (PID=6077) to work on /home/airflow/.local/lib/python3.8/site-packages/airflow/example_dags/example_branch_python_dop_operator_3.py
[2024-02-02T15:25:04.891+0000] {processor.py:830} INFO - Processing file /home/airflow/.local/lib/python3.8/site-packages/airflow/example_dags/example_branch_python_dop_operator_3.py for tasks to queue
[2024-02-02T15:25:04.893+0000] {logging_mixin.py:188} INFO - [2024-02-02T15:25:04.892+0000] {dagbag.py:538} INFO - Filling up the DagBag from /home/airflow/.local/lib/python3.8/site-packages/airflow/example_dags/example_branch_python_dop_operator_3.py
[2024-02-02T15:25:04.906+0000] {processor.py:840} INFO - DAG(s) 'example_branch_dop_operator_v3' retrieved from /home/airflow/.local/lib/python3.8/site-packages/airflow/example_dags/example_branch_python_dop_operator_3.py
[2024-02-02T15:25:04.936+0000] {logging_mixin.py:188} INFO - [2024-02-02T15:25:04.936+0000] {dag.py:3036} INFO - Sync 1 DAGs
[2024-02-02T15:25:04.981+0000] {logging_mixin.py:188} INFO - [2024-02-02T15:25:04.981+0000] {dag.py:3823} INFO - Setting next_dagrun for example_branch_dop_operator_v3 to 2024-02-02 15:24:00+00:00, run_after=2024-02-02 15:25:00+00:00
[2024-02-02T15:25:05.014+0000] {processor.py:183} INFO - Processing /home/airflow/.local/lib/python3.8/site-packages/airflow/example_dags/example_branch_python_dop_operator_3.py took 0.128 seconds
[2024-02-02T15:25:35.156+0000] {processor.py:161} INFO - Started process (PID=6324) to work on /home/airflow/.local/lib/python3.8/site-packages/airflow/example_dags/example_branch_python_dop_operator_3.py
[2024-02-02T15:25:35.157+0000] {processor.py:830} INFO - Processing file /home/airflow/.local/lib/python3.8/site-packages/airflow/example_dags/example_branch_python_dop_operator_3.py for tasks to queue
[2024-02-02T15:25:35.159+0000] {logging_mixin.py:188} INFO - [2024-02-02T15:25:35.159+0000] {dagbag.py:538} INFO - Filling up the DagBag from /home/airflow/.local/lib/python3.8/site-packages/airflow/example_dags/example_branch_python_dop_operator_3.py
[2024-02-02T15:25:35.169+0000] {processor.py:840} INFO - DAG(s) 'example_branch_dop_operator_v3' retrieved from /home/airflow/.local/lib/python3.8/site-packages/airflow/example_dags/example_branch_python_dop_operator_3.py
[2024-02-02T15:25:35.196+0000] {logging_mixin.py:188} INFO - [2024-02-02T15:25:35.196+0000] {dag.py:3036} INFO - Sync 1 DAGs
[2024-02-02T15:25:35.227+0000] {logging_mixin.py:188} INFO - [2024-02-02T15:25:35.227+0000] {dag.py:3823} INFO - Setting next_dagrun for example_branch_dop_operator_v3 to 2024-02-02 15:24:00+00:00, run_after=2024-02-02 15:25:00+00:00
[2024-02-02T15:25:35.252+0000] {processor.py:183} INFO - Processing /home/airflow/.local/lib/python3.8/site-packages/airflow/example_dags/example_branch_python_dop_operator_3.py took 0.100 seconds
[2024-02-02T15:26:05.818+0000] {processor.py:161} INFO - Started process (PID=6571) to work on /home/airflow/.local/lib/python3.8/site-packages/airflow/example_dags/example_branch_python_dop_operator_3.py
[2024-02-02T15:26:05.819+0000] {processor.py:830} INFO - Processing file /home/airflow/.local/lib/python3.8/site-packages/airflow/example_dags/example_branch_python_dop_operator_3.py for tasks to queue
[2024-02-02T15:26:05.820+0000] {logging_mixin.py:188} INFO - [2024-02-02T15:26:05.820+0000] {dagbag.py:538} INFO - Filling up the DagBag from /home/airflow/.local/lib/python3.8/site-packages/airflow/example_dags/example_branch_python_dop_operator_3.py
[2024-02-02T15:26:05.831+0000] {processor.py:840} INFO - DAG(s) 'example_branch_dop_operator_v3' retrieved from /home/airflow/.local/lib/python3.8/site-packages/airflow/example_dags/example_branch_python_dop_operator_3.py
[2024-02-02T15:26:05.858+0000] {logging_mixin.py:188} INFO - [2024-02-02T15:26:05.857+0000] {dag.py:3036} INFO - Sync 1 DAGs
[2024-02-02T15:26:05.890+0000] {logging_mixin.py:188} INFO - [2024-02-02T15:26:05.889+0000] {dag.py:3823} INFO - Setting next_dagrun for example_branch_dop_operator_v3 to 2024-02-02 15:25:00+00:00, run_after=2024-02-02 15:26:00+00:00
[2024-02-02T15:26:05.923+0000] {processor.py:183} INFO - Processing /home/airflow/.local/lib/python3.8/site-packages/airflow/example_dags/example_branch_python_dop_operator_3.py took 0.109 seconds
[2024-02-02T15:26:36.487+0000] {processor.py:161} INFO - Started process (PID=6818) to work on /home/airflow/.local/lib/python3.8/site-packages/airflow/example_dags/example_branch_python_dop_operator_3.py
[2024-02-02T15:26:36.489+0000] {processor.py:830} INFO - Processing file /home/airflow/.local/lib/python3.8/site-packages/airflow/example_dags/example_branch_python_dop_operator_3.py for tasks to queue
[2024-02-02T15:26:36.491+0000] {logging_mixin.py:188} INFO - [2024-02-02T15:26:36.490+0000] {dagbag.py:538} INFO - Filling up the DagBag from /home/airflow/.local/lib/python3.8/site-packages/airflow/example_dags/example_branch_python_dop_operator_3.py
[2024-02-02T15:26:36.501+0000] {processor.py:840} INFO - DAG(s) 'example_branch_dop_operator_v3' retrieved from /home/airflow/.local/lib/python3.8/site-packages/airflow/example_dags/example_branch_python_dop_operator_3.py
[2024-02-02T15:26:36.528+0000] {logging_mixin.py:188} INFO - [2024-02-02T15:26:36.528+0000] {dag.py:3036} INFO - Sync 1 DAGs
[2024-02-02T15:26:36.563+0000] {logging_mixin.py:188} INFO - [2024-02-02T15:26:36.562+0000] {dag.py:3823} INFO - Setting next_dagrun for example_branch_dop_operator_v3 to 2024-02-02 15:25:00+00:00, run_after=2024-02-02 15:26:00+00:00
[2024-02-02T15:26:36.588+0000] {processor.py:183} INFO - Processing /home/airflow/.local/lib/python3.8/site-packages/airflow/example_dags/example_branch_python_dop_operator_3.py took 0.105 seconds
[2024-02-02T15:27:06.970+0000] {processor.py:161} INFO - Started process (PID=7065) to work on /home/airflow/.local/lib/python3.8/site-packages/airflow/example_dags/example_branch_python_dop_operator_3.py
[2024-02-02T15:27:06.971+0000] {processor.py:830} INFO - Processing file /home/airflow/.local/lib/python3.8/site-packages/airflow/example_dags/example_branch_python_dop_operator_3.py for tasks to queue
[2024-02-02T15:27:06.973+0000] {logging_mixin.py:188} INFO - [2024-02-02T15:27:06.972+0000] {dagbag.py:538} INFO - Filling up the DagBag from /home/airflow/.local/lib/python3.8/site-packages/airflow/example_dags/example_branch_python_dop_operator_3.py
[2024-02-02T15:27:06.984+0000] {processor.py:840} INFO - DAG(s) 'example_branch_dop_operator_v3' retrieved from /home/airflow/.local/lib/python3.8/site-packages/airflow/example_dags/example_branch_python_dop_operator_3.py
[2024-02-02T15:27:07.010+0000] {logging_mixin.py:188} INFO - [2024-02-02T15:27:07.010+0000] {dag.py:3036} INFO - Sync 1 DAGs
[2024-02-02T15:27:07.047+0000] {logging_mixin.py:188} INFO - [2024-02-02T15:27:07.047+0000] {dag.py:3823} INFO - Setting next_dagrun for example_branch_dop_operator_v3 to 2024-02-02 15:26:00+00:00, run_after=2024-02-02 15:27:00+00:00
[2024-02-02T15:27:07.075+0000] {processor.py:183} INFO - Processing /home/airflow/.local/lib/python3.8/site-packages/airflow/example_dags/example_branch_python_dop_operator_3.py took 0.110 seconds
[2024-02-02T15:27:37.649+0000] {processor.py:161} INFO - Started process (PID=7312) to work on /home/airflow/.local/lib/python3.8/site-packages/airflow/example_dags/example_branch_python_dop_operator_3.py
[2024-02-02T15:27:37.650+0000] {processor.py:830} INFO - Processing file /home/airflow/.local/lib/python3.8/site-packages/airflow/example_dags/example_branch_python_dop_operator_3.py for tasks to queue
[2024-02-02T15:27:37.651+0000] {logging_mixin.py:188} INFO - [2024-02-02T15:27:37.651+0000] {dagbag.py:538} INFO - Filling up the DagBag from /home/airflow/.local/lib/python3.8/site-packages/airflow/example_dags/example_branch_python_dop_operator_3.py
[2024-02-02T15:27:37.665+0000] {processor.py:840} INFO - DAG(s) 'example_branch_dop_operator_v3' retrieved from /home/airflow/.local/lib/python3.8/site-packages/airflow/example_dags/example_branch_python_dop_operator_3.py
[2024-02-02T15:27:37.691+0000] {logging_mixin.py:188} INFO - [2024-02-02T15:27:37.691+0000] {dag.py:3036} INFO - Sync 1 DAGs
[2024-02-02T15:27:37.724+0000] {logging_mixin.py:188} INFO - [2024-02-02T15:27:37.724+0000] {dag.py:3823} INFO - Setting next_dagrun for example_branch_dop_operator_v3 to 2024-02-02 15:26:00+00:00, run_after=2024-02-02 15:27:00+00:00
[2024-02-02T15:27:37.750+0000] {processor.py:183} INFO - Processing /home/airflow/.local/lib/python3.8/site-packages/airflow/example_dags/example_branch_python_dop_operator_3.py took 0.106 seconds
[2024-02-02T15:28:08.116+0000] {processor.py:161} INFO - Started process (PID=7559) to work on /home/airflow/.local/lib/python3.8/site-packages/airflow/example_dags/example_branch_python_dop_operator_3.py
[2024-02-02T15:28:08.117+0000] {processor.py:830} INFO - Processing file /home/airflow/.local/lib/python3.8/site-packages/airflow/example_dags/example_branch_python_dop_operator_3.py for tasks to queue
[2024-02-02T15:28:08.119+0000] {logging_mixin.py:188} INFO - [2024-02-02T15:28:08.118+0000] {dagbag.py:538} INFO - Filling up the DagBag from /home/airflow/.local/lib/python3.8/site-packages/airflow/example_dags/example_branch_python_dop_operator_3.py
[2024-02-02T15:28:08.130+0000] {processor.py:840} INFO - DAG(s) 'example_branch_dop_operator_v3' retrieved from /home/airflow/.local/lib/python3.8/site-packages/airflow/example_dags/example_branch_python_dop_operator_3.py
[2024-02-02T15:28:08.156+0000] {logging_mixin.py:188} INFO - [2024-02-02T15:28:08.156+0000] {dag.py:3036} INFO - Sync 1 DAGs
[2024-02-02T15:28:08.188+0000] {logging_mixin.py:188} INFO - [2024-02-02T15:28:08.188+0000] {dag.py:3823} INFO - Setting next_dagrun for example_branch_dop_operator_v3 to 2024-02-02 15:27:00+00:00, run_after=2024-02-02 15:28:00+00:00
[2024-02-02T15:28:08.222+0000] {processor.py:183} INFO - Processing /home/airflow/.local/lib/python3.8/site-packages/airflow/example_dags/example_branch_python_dop_operator_3.py took 0.112 seconds
[2024-02-02T15:28:38.579+0000] {processor.py:161} INFO - Started process (PID=7806) to work on /home/airflow/.local/lib/python3.8/site-packages/airflow/example_dags/example_branch_python_dop_operator_3.py
[2024-02-02T15:28:38.580+0000] {processor.py:830} INFO - Processing file /home/airflow/.local/lib/python3.8/site-packages/airflow/example_dags/example_branch_python_dop_operator_3.py for tasks to queue
[2024-02-02T15:28:38.582+0000] {logging_mixin.py:188} INFO - [2024-02-02T15:28:38.582+0000] {dagbag.py:538} INFO - Filling up the DagBag from /home/airflow/.local/lib/python3.8/site-packages/airflow/example_dags/example_branch_python_dop_operator_3.py
[2024-02-02T15:28:38.594+0000] {processor.py:840} INFO - DAG(s) 'example_branch_dop_operator_v3' retrieved from /home/airflow/.local/lib/python3.8/site-packages/airflow/example_dags/example_branch_python_dop_operator_3.py
[2024-02-02T15:28:38.618+0000] {logging_mixin.py:188} INFO - [2024-02-02T15:28:38.618+0000] {dag.py:3036} INFO - Sync 1 DAGs
[2024-02-02T15:28:38.650+0000] {logging_mixin.py:188} INFO - [2024-02-02T15:28:38.650+0000] {dag.py:3823} INFO - Setting next_dagrun for example_branch_dop_operator_v3 to 2024-02-02 15:27:00+00:00, run_after=2024-02-02 15:28:00+00:00
[2024-02-02T15:28:38.682+0000] {processor.py:183} INFO - Processing /home/airflow/.local/lib/python3.8/site-packages/airflow/example_dags/example_branch_python_dop_operator_3.py took 0.110 seconds
[2024-02-02T15:29:08.877+0000] {processor.py:161} INFO - Started process (PID=8053) to work on /home/airflow/.local/lib/python3.8/site-packages/airflow/example_dags/example_branch_python_dop_operator_3.py
[2024-02-02T15:29:08.879+0000] {processor.py:830} INFO - Processing file /home/airflow/.local/lib/python3.8/site-packages/airflow/example_dags/example_branch_python_dop_operator_3.py for tasks to queue
[2024-02-02T15:29:08.880+0000] {logging_mixin.py:188} INFO - [2024-02-02T15:29:08.880+0000] {dagbag.py:538} INFO - Filling up the DagBag from /home/airflow/.local/lib/python3.8/site-packages/airflow/example_dags/example_branch_python_dop_operator_3.py
[2024-02-02T15:29:08.890+0000] {processor.py:840} INFO - DAG(s) 'example_branch_dop_operator_v3' retrieved from /home/airflow/.local/lib/python3.8/site-packages/airflow/example_dags/example_branch_python_dop_operator_3.py
[2024-02-02T15:29:08.919+0000] {logging_mixin.py:188} INFO - [2024-02-02T15:29:08.918+0000] {dag.py:3036} INFO - Sync 1 DAGs
[2024-02-02T15:29:08.969+0000] {logging_mixin.py:188} INFO - [2024-02-02T15:29:08.969+0000] {dag.py:3823} INFO - Setting next_dagrun for example_branch_dop_operator_v3 to 2024-02-02 15:28:00+00:00, run_after=2024-02-02 15:29:00+00:00
[2024-02-02T15:29:09.006+0000] {processor.py:183} INFO - Processing /home/airflow/.local/lib/python3.8/site-packages/airflow/example_dags/example_branch_python_dop_operator_3.py took 0.132 seconds
[2024-02-02T15:29:39.345+0000] {processor.py:161} INFO - Started process (PID=8300) to work on /home/airflow/.local/lib/python3.8/site-packages/airflow/example_dags/example_branch_python_dop_operator_3.py
[2024-02-02T15:29:39.347+0000] {processor.py:830} INFO - Processing file /home/airflow/.local/lib/python3.8/site-packages/airflow/example_dags/example_branch_python_dop_operator_3.py for tasks to queue
[2024-02-02T15:29:39.348+0000] {logging_mixin.py:188} INFO - [2024-02-02T15:29:39.348+0000] {dagbag.py:538} INFO - Filling up the DagBag from /home/airflow/.local/lib/python3.8/site-packages/airflow/example_dags/example_branch_python_dop_operator_3.py
[2024-02-02T15:29:39.359+0000] {processor.py:840} INFO - DAG(s) 'example_branch_dop_operator_v3' retrieved from /home/airflow/.local/lib/python3.8/site-packages/airflow/example_dags/example_branch_python_dop_operator_3.py
[2024-02-02T15:29:39.385+0000] {logging_mixin.py:188} INFO - [2024-02-02T15:29:39.384+0000] {dag.py:3036} INFO - Sync 1 DAGs
[2024-02-02T15:29:39.418+0000] {logging_mixin.py:188} INFO - [2024-02-02T15:29:39.417+0000] {dag.py:3823} INFO - Setting next_dagrun for example_branch_dop_operator_v3 to 2024-02-02 15:28:00+00:00, run_after=2024-02-02 15:29:00+00:00
[2024-02-02T15:29:39.451+0000] {processor.py:183} INFO - Processing /home/airflow/.local/lib/python3.8/site-packages/airflow/example_dags/example_branch_python_dop_operator_3.py took 0.109 seconds
[2024-02-02T15:30:09.676+0000] {processor.py:161} INFO - Started process (PID=8547) to work on /home/airflow/.local/lib/python3.8/site-packages/airflow/example_dags/example_branch_python_dop_operator_3.py
[2024-02-02T15:30:09.678+0000] {processor.py:830} INFO - Processing file /home/airflow/.local/lib/python3.8/site-packages/airflow/example_dags/example_branch_python_dop_operator_3.py for tasks to queue
[2024-02-02T15:30:09.679+0000] {logging_mixin.py:188} INFO - [2024-02-02T15:30:09.679+0000] {dagbag.py:538} INFO - Filling up the DagBag from /home/airflow/.local/lib/python3.8/site-packages/airflow/example_dags/example_branch_python_dop_operator_3.py
[2024-02-02T15:30:09.689+0000] {processor.py:840} INFO - DAG(s) 'example_branch_dop_operator_v3' retrieved from /home/airflow/.local/lib/python3.8/site-packages/airflow/example_dags/example_branch_python_dop_operator_3.py
[2024-02-02T15:30:09.716+0000] {logging_mixin.py:188} INFO - [2024-02-02T15:30:09.715+0000] {dag.py:3036} INFO - Sync 1 DAGs
[2024-02-02T15:30:09.749+0000] {logging_mixin.py:188} INFO - [2024-02-02T15:30:09.749+0000] {dag.py:3823} INFO - Setting next_dagrun for example_branch_dop_operator_v3 to 2024-02-02 15:29:00+00:00, run_after=2024-02-02 15:30:00+00:00
[2024-02-02T15:30:09.782+0000] {processor.py:183} INFO - Processing /home/airflow/.local/lib/python3.8/site-packages/airflow/example_dags/example_branch_python_dop_operator_3.py took 0.110 seconds
[2024-02-02T15:30:40.111+0000] {processor.py:161} INFO - Started process (PID=8794) to work on /home/airflow/.local/lib/python3.8/site-packages/airflow/example_dags/example_branch_python_dop_operator_3.py
[2024-02-02T15:30:40.113+0000] {processor.py:830} INFO - Processing file /home/airflow/.local/lib/python3.8/site-packages/airflow/example_dags/example_branch_python_dop_operator_3.py for tasks to queue
[2024-02-02T15:30:40.114+0000] {logging_mixin.py:188} INFO - [2024-02-02T15:30:40.114+0000] {dagbag.py:538} INFO - Filling up the DagBag from /home/airflow/.local/lib/python3.8/site-packages/airflow/example_dags/example_branch_python_dop_operator_3.py
[2024-02-02T15:30:40.125+0000] {processor.py:840} INFO - DAG(s) 'example_branch_dop_operator_v3' retrieved from /home/airflow/.local/lib/python3.8/site-packages/airflow/example_dags/example_branch_python_dop_operator_3.py
[2024-02-02T15:30:40.151+0000] {logging_mixin.py:188} INFO - [2024-02-02T15:30:40.151+0000] {dag.py:3036} INFO - Sync 1 DAGs
[2024-02-02T15:30:40.184+0000] {logging_mixin.py:188} INFO - [2024-02-02T15:30:40.184+0000] {dag.py:3823} INFO - Setting next_dagrun for example_branch_dop_operator_v3 to 2024-02-02 15:29:00+00:00, run_after=2024-02-02 15:30:00+00:00
[2024-02-02T15:30:40.224+0000] {processor.py:183} INFO - Processing /home/airflow/.local/lib/python3.8/site-packages/airflow/example_dags/example_branch_python_dop_operator_3.py took 0.117 seconds
[2024-02-02T15:31:10.318+0000] {processor.py:161} INFO - Started process (PID=9041) to work on /home/airflow/.local/lib/python3.8/site-packages/airflow/example_dags/example_branch_python_dop_operator_3.py
[2024-02-02T15:31:10.319+0000] {processor.py:830} INFO - Processing file /home/airflow/.local/lib/python3.8/site-packages/airflow/example_dags/example_branch_python_dop_operator_3.py for tasks to queue
[2024-02-02T15:31:10.321+0000] {logging_mixin.py:188} INFO - [2024-02-02T15:31:10.321+0000] {dagbag.py:538} INFO - Filling up the DagBag from /home/airflow/.local/lib/python3.8/site-packages/airflow/example_dags/example_branch_python_dop_operator_3.py
[2024-02-02T15:31:10.335+0000] {processor.py:840} INFO - DAG(s) 'example_branch_dop_operator_v3' retrieved from /home/airflow/.local/lib/python3.8/site-packages/airflow/example_dags/example_branch_python_dop_operator_3.py
[2024-02-02T15:31:10.368+0000] {logging_mixin.py:188} INFO - [2024-02-02T15:31:10.368+0000] {dag.py:3036} INFO - Sync 1 DAGs
[2024-02-02T15:31:10.409+0000] {logging_mixin.py:188} INFO - [2024-02-02T15:31:10.409+0000] {dag.py:3823} INFO - Setting next_dagrun for example_branch_dop_operator_v3 to 2024-02-02 15:30:00+00:00, run_after=2024-02-02 15:31:00+00:00
[2024-02-02T15:31:10.437+0000] {processor.py:183} INFO - Processing /home/airflow/.local/lib/python3.8/site-packages/airflow/example_dags/example_branch_python_dop_operator_3.py took 0.125 seconds
[2024-02-02T15:31:40.613+0000] {processor.py:161} INFO - Started process (PID=9288) to work on /home/airflow/.local/lib/python3.8/site-packages/airflow/example_dags/example_branch_python_dop_operator_3.py
[2024-02-02T15:31:40.615+0000] {processor.py:830} INFO - Processing file /home/airflow/.local/lib/python3.8/site-packages/airflow/example_dags/example_branch_python_dop_operator_3.py for tasks to queue
[2024-02-02T15:31:40.616+0000] {logging_mixin.py:188} INFO - [2024-02-02T15:31:40.616+0000] {dagbag.py:538} INFO - Filling up the DagBag from /home/airflow/.local/lib/python3.8/site-packages/airflow/example_dags/example_branch_python_dop_operator_3.py
[2024-02-02T15:31:40.628+0000] {processor.py:840} INFO - DAG(s) 'example_branch_dop_operator_v3' retrieved from /home/airflow/.local/lib/python3.8/site-packages/airflow/example_dags/example_branch_python_dop_operator_3.py
[2024-02-02T15:31:40.655+0000] {logging_mixin.py:188} INFO - [2024-02-02T15:31:40.655+0000] {dag.py:3036} INFO - Sync 1 DAGs
[2024-02-02T15:31:40.690+0000] {logging_mixin.py:188} INFO - [2024-02-02T15:31:40.690+0000] {dag.py:3823} INFO - Setting next_dagrun for example_branch_dop_operator_v3 to 2024-02-02 15:30:00+00:00, run_after=2024-02-02 15:31:00+00:00
[2024-02-02T15:31:40.728+0000] {processor.py:183} INFO - Processing /home/airflow/.local/lib/python3.8/site-packages/airflow/example_dags/example_branch_python_dop_operator_3.py took 0.120 seconds
[2024-02-02T15:32:10.953+0000] {processor.py:161} INFO - Started process (PID=9535) to work on /home/airflow/.local/lib/python3.8/site-packages/airflow/example_dags/example_branch_python_dop_operator_3.py
[2024-02-02T15:32:10.954+0000] {processor.py:830} INFO - Processing file /home/airflow/.local/lib/python3.8/site-packages/airflow/example_dags/example_branch_python_dop_operator_3.py for tasks to queue
[2024-02-02T15:32:10.956+0000] {logging_mixin.py:188} INFO - [2024-02-02T15:32:10.955+0000] {dagbag.py:538} INFO - Filling up the DagBag from /home/airflow/.local/lib/python3.8/site-packages/airflow/example_dags/example_branch_python_dop_operator_3.py
[2024-02-02T15:32:10.966+0000] {processor.py:840} INFO - DAG(s) 'example_branch_dop_operator_v3' retrieved from /home/airflow/.local/lib/python3.8/site-packages/airflow/example_dags/example_branch_python_dop_operator_3.py
[2024-02-02T15:32:10.996+0000] {logging_mixin.py:188} INFO - [2024-02-02T15:32:10.996+0000] {dag.py:3036} INFO - Sync 1 DAGs
[2024-02-02T15:32:11.031+0000] {logging_mixin.py:188} INFO - [2024-02-02T15:32:11.031+0000] {dag.py:3823} INFO - Setting next_dagrun for example_branch_dop_operator_v3 to 2024-02-02 15:31:00+00:00, run_after=2024-02-02 15:32:00+00:00
[2024-02-02T15:32:11.067+0000] {processor.py:183} INFO - Processing /home/airflow/.local/lib/python3.8/site-packages/airflow/example_dags/example_branch_python_dop_operator_3.py took 0.118 seconds
[2024-02-02T15:32:41.221+0000] {processor.py:161} INFO - Started process (PID=9782) to work on /home/airflow/.local/lib/python3.8/site-packages/airflow/example_dags/example_branch_python_dop_operator_3.py
[2024-02-02T15:32:41.223+0000] {processor.py:830} INFO - Processing file /home/airflow/.local/lib/python3.8/site-packages/airflow/example_dags/example_branch_python_dop_operator_3.py for tasks to queue
[2024-02-02T15:32:41.224+0000] {logging_mixin.py:188} INFO - [2024-02-02T15:32:41.224+0000] {dagbag.py:538} INFO - Filling up the DagBag from /home/airflow/.local/lib/python3.8/site-packages/airflow/example_dags/example_branch_python_dop_operator_3.py
[2024-02-02T15:32:41.234+0000] {processor.py:840} INFO - DAG(s) 'example_branch_dop_operator_v3' retrieved from /home/airflow/.local/lib/python3.8/site-packages/airflow/example_dags/example_branch_python_dop_operator_3.py
[2024-02-02T15:32:41.260+0000] {logging_mixin.py:188} INFO - [2024-02-02T15:32:41.260+0000] {dag.py:3036} INFO - Sync 1 DAGs
[2024-02-02T15:32:41.292+0000] {logging_mixin.py:188} INFO - [2024-02-02T15:32:41.291+0000] {dag.py:3823} INFO - Setting next_dagrun for example_branch_dop_operator_v3 to 2024-02-02 15:31:00+00:00, run_after=2024-02-02 15:32:00+00:00
[2024-02-02T15:32:41.317+0000] {processor.py:183} INFO - Processing /home/airflow/.local/lib/python3.8/site-packages/airflow/example_dags/example_branch_python_dop_operator_3.py took 0.100 seconds
[2024-02-02T15:33:12.185+0000] {processor.py:161} INFO - Started process (PID=10029) to work on /home/airflow/.local/lib/python3.8/site-packages/airflow/example_dags/example_branch_python_dop_operator_3.py
[2024-02-02T15:33:12.187+0000] {processor.py:830} INFO - Processing file /home/airflow/.local/lib/python3.8/site-packages/airflow/example_dags/example_branch_python_dop_operator_3.py for tasks to queue
[2024-02-02T15:33:12.188+0000] {logging_mixin.py:188} INFO - [2024-02-02T15:33:12.188+0000] {dagbag.py:538} INFO - Filling up the DagBag from /home/airflow/.local/lib/python3.8/site-packages/airflow/example_dags/example_branch_python_dop_operator_3.py
[2024-02-02T15:33:12.199+0000] {processor.py:840} INFO - DAG(s) 'example_branch_dop_operator_v3' retrieved from /home/airflow/.local/lib/python3.8/site-packages/airflow/example_dags/example_branch_python_dop_operator_3.py
[2024-02-02T15:33:12.226+0000] {logging_mixin.py:188} INFO - [2024-02-02T15:33:12.225+0000] {dag.py:3036} INFO - Sync 1 DAGs
[2024-02-02T15:33:12.257+0000] {logging_mixin.py:188} INFO - [2024-02-02T15:33:12.257+0000] {dag.py:3823} INFO - Setting next_dagrun for example_branch_dop_operator_v3 to 2024-02-02 15:32:00+00:00, run_after=2024-02-02 15:33:00+00:00
[2024-02-02T15:33:12.292+0000] {processor.py:183} INFO - Processing /home/airflow/.local/lib/python3.8/site-packages/airflow/example_dags/example_branch_python_dop_operator_3.py took 0.111 seconds
[2024-02-02T15:33:42.931+0000] {processor.py:161} INFO - Started process (PID=10276) to work on /home/airflow/.local/lib/python3.8/site-packages/airflow/example_dags/example_branch_python_dop_operator_3.py
[2024-02-02T15:33:42.933+0000] {processor.py:830} INFO - Processing file /home/airflow/.local/lib/python3.8/site-packages/airflow/example_dags/example_branch_python_dop_operator_3.py for tasks to queue
[2024-02-02T15:33:42.935+0000] {logging_mixin.py:188} INFO - [2024-02-02T15:33:42.934+0000] {dagbag.py:538} INFO - Filling up the DagBag from /home/airflow/.local/lib/python3.8/site-packages/airflow/example_dags/example_branch_python_dop_operator_3.py
[2024-02-02T15:33:42.945+0000] {processor.py:840} INFO - DAG(s) 'example_branch_dop_operator_v3' retrieved from /home/airflow/.local/lib/python3.8/site-packages/airflow/example_dags/example_branch_python_dop_operator_3.py
[2024-02-02T15:33:42.971+0000] {logging_mixin.py:188} INFO - [2024-02-02T15:33:42.970+0000] {dag.py:3036} INFO - Sync 1 DAGs
[2024-02-02T15:33:43.004+0000] {logging_mixin.py:188} INFO - [2024-02-02T15:33:43.003+0000] {dag.py:3823} INFO - Setting next_dagrun for example_branch_dop_operator_v3 to 2024-02-02 15:32:00+00:00, run_after=2024-02-02 15:33:00+00:00
[2024-02-02T15:33:43.026+0000] {processor.py:183} INFO - Processing /home/airflow/.local/lib/python3.8/site-packages/airflow/example_dags/example_branch_python_dop_operator_3.py took 0.099 seconds
[2024-02-02T15:34:13.276+0000] {processor.py:161} INFO - Started process (PID=10523) to work on /home/airflow/.local/lib/python3.8/site-packages/airflow/example_dags/example_branch_python_dop_operator_3.py
[2024-02-02T15:34:13.278+0000] {processor.py:830} INFO - Processing file /home/airflow/.local/lib/python3.8/site-packages/airflow/example_dags/example_branch_python_dop_operator_3.py for tasks to queue
[2024-02-02T15:34:13.279+0000] {logging_mixin.py:188} INFO - [2024-02-02T15:34:13.279+0000] {dagbag.py:538} INFO - Filling up the DagBag from /home/airflow/.local/lib/python3.8/site-packages/airflow/example_dags/example_branch_python_dop_operator_3.py
[2024-02-02T15:34:13.291+0000] {processor.py:840} INFO - DAG(s) 'example_branch_dop_operator_v3' retrieved from /home/airflow/.local/lib/python3.8/site-packages/airflow/example_dags/example_branch_python_dop_operator_3.py
[2024-02-02T15:34:13.316+0000] {logging_mixin.py:188} INFO - [2024-02-02T15:34:13.316+0000] {dag.py:3036} INFO - Sync 1 DAGs
[2024-02-02T15:34:13.348+0000] {logging_mixin.py:188} INFO - [2024-02-02T15:34:13.348+0000] {dag.py:3823} INFO - Setting next_dagrun for example_branch_dop_operator_v3 to 2024-02-02 15:33:00+00:00, run_after=2024-02-02 15:34:00+00:00
[2024-02-02T15:34:13.381+0000] {processor.py:183} INFO - Processing /home/airflow/.local/lib/python3.8/site-packages/airflow/example_dags/example_branch_python_dop_operator_3.py took 0.109 seconds
[2024-02-02T15:34:43.630+0000] {processor.py:161} INFO - Started process (PID=10770) to work on /home/airflow/.local/lib/python3.8/site-packages/airflow/example_dags/example_branch_python_dop_operator_3.py
[2024-02-02T15:34:43.632+0000] {processor.py:830} INFO - Processing file /home/airflow/.local/lib/python3.8/site-packages/airflow/example_dags/example_branch_python_dop_operator_3.py for tasks to queue
[2024-02-02T15:34:43.633+0000] {logging_mixin.py:188} INFO - [2024-02-02T15:34:43.633+0000] {dagbag.py:538} INFO - Filling up the DagBag from /home/airflow/.local/lib/python3.8/site-packages/airflow/example_dags/example_branch_python_dop_operator_3.py
[2024-02-02T15:34:43.644+0000] {processor.py:840} INFO - DAG(s) 'example_branch_dop_operator_v3' retrieved from /home/airflow/.local/lib/python3.8/site-packages/airflow/example_dags/example_branch_python_dop_operator_3.py
[2024-02-02T15:34:43.669+0000] {logging_mixin.py:188} INFO - [2024-02-02T15:34:43.668+0000] {dag.py:3036} INFO - Sync 1 DAGs
[2024-02-02T15:34:43.702+0000] {logging_mixin.py:188} INFO - [2024-02-02T15:34:43.701+0000] {dag.py:3823} INFO - Setting next_dagrun for example_branch_dop_operator_v3 to 2024-02-02 15:33:00+00:00, run_after=2024-02-02 15:34:00+00:00
[2024-02-02T15:34:43.735+0000] {processor.py:183} INFO - Processing /home/airflow/.local/lib/python3.8/site-packages/airflow/example_dags/example_branch_python_dop_operator_3.py took 0.109 seconds
[2024-02-02T15:35:13.941+0000] {processor.py:161} INFO - Started process (PID=11017) to work on /home/airflow/.local/lib/python3.8/site-packages/airflow/example_dags/example_branch_python_dop_operator_3.py
[2024-02-02T15:35:13.942+0000] {processor.py:830} INFO - Processing file /home/airflow/.local/lib/python3.8/site-packages/airflow/example_dags/example_branch_python_dop_operator_3.py for tasks to queue
[2024-02-02T15:35:13.944+0000] {logging_mixin.py:188} INFO - [2024-02-02T15:35:13.944+0000] {dagbag.py:538} INFO - Filling up the DagBag from /home/airflow/.local/lib/python3.8/site-packages/airflow/example_dags/example_branch_python_dop_operator_3.py
[2024-02-02T15:35:13.954+0000] {processor.py:840} INFO - DAG(s) 'example_branch_dop_operator_v3' retrieved from /home/airflow/.local/lib/python3.8/site-packages/airflow/example_dags/example_branch_python_dop_operator_3.py
[2024-02-02T15:35:13.979+0000] {logging_mixin.py:188} INFO - [2024-02-02T15:35:13.979+0000] {dag.py:3036} INFO - Sync 1 DAGs
[2024-02-02T15:35:14.011+0000] {logging_mixin.py:188} INFO - [2024-02-02T15:35:14.010+0000] {dag.py:3823} INFO - Setting next_dagrun for example_branch_dop_operator_v3 to 2024-02-02 15:34:00+00:00, run_after=2024-02-02 15:35:00+00:00
[2024-02-02T15:35:14.034+0000] {processor.py:183} INFO - Processing /home/airflow/.local/lib/python3.8/site-packages/airflow/example_dags/example_branch_python_dop_operator_3.py took 0.098 seconds
[2024-02-02T15:35:44.665+0000] {processor.py:161} INFO - Started process (PID=11264) to work on /home/airflow/.local/lib/python3.8/site-packages/airflow/example_dags/example_branch_python_dop_operator_3.py
[2024-02-02T15:35:44.667+0000] {processor.py:830} INFO - Processing file /home/airflow/.local/lib/python3.8/site-packages/airflow/example_dags/example_branch_python_dop_operator_3.py for tasks to queue
[2024-02-02T15:35:44.668+0000] {logging_mixin.py:188} INFO - [2024-02-02T15:35:44.668+0000] {dagbag.py:538} INFO - Filling up the DagBag from /home/airflow/.local/lib/python3.8/site-packages/airflow/example_dags/example_branch_python_dop_operator_3.py
[2024-02-02T15:35:44.678+0000] {processor.py:840} INFO - DAG(s) 'example_branch_dop_operator_v3' retrieved from /home/airflow/.local/lib/python3.8/site-packages/airflow/example_dags/example_branch_python_dop_operator_3.py
[2024-02-02T15:35:44.702+0000] {logging_mixin.py:188} INFO - [2024-02-02T15:35:44.702+0000] {dag.py:3036} INFO - Sync 1 DAGs
[2024-02-02T15:35:44.733+0000] {logging_mixin.py:188} INFO - [2024-02-02T15:35:44.733+0000] {dag.py:3823} INFO - Setting next_dagrun for example_branch_dop_operator_v3 to 2024-02-02 15:34:00+00:00, run_after=2024-02-02 15:35:00+00:00
[2024-02-02T15:35:44.768+0000] {processor.py:183} INFO - Processing /home/airflow/.local/lib/python3.8/site-packages/airflow/example_dags/example_branch_python_dop_operator_3.py took 0.107 seconds
