[2024-02-02T15:13:19.457+0000] {processor.py:161} INFO - Started process (PID=346) to work on /home/airflow/.local/lib/python3.8/site-packages/airflow/example_dags/example_python_operator.py
[2024-02-02T15:13:19.459+0000] {processor.py:830} INFO - Processing file /home/airflow/.local/lib/python3.8/site-packages/airflow/example_dags/example_python_operator.py for tasks to queue
[2024-02-02T15:13:19.461+0000] {logging_mixin.py:188} INFO - [2024-02-02T15:13:19.460+0000] {dagbag.py:538} INFO - Filling up the DagBag from /home/airflow/.local/lib/python3.8/site-packages/airflow/example_dags/example_python_operator.py
[2024-02-02T15:13:19.487+0000] {processor.py:840} INFO - DAG(s) 'example_python_operator' retrieved from /home/airflow/.local/lib/python3.8/site-packages/airflow/example_dags/example_python_operator.py
[2024-02-02T15:13:19.506+0000] {logging_mixin.py:188} INFO - [2024-02-02T15:13:19.506+0000] {dag.py:3036} INFO - Sync 1 DAGs
[2024-02-02T15:13:19.528+0000] {logging_mixin.py:188} INFO - [2024-02-02T15:13:19.527+0000] {dag.py:3823} INFO - Setting next_dagrun for example_python_operator to None, run_after=None
[2024-02-02T15:13:19.562+0000] {processor.py:183} INFO - Processing /home/airflow/.local/lib/python3.8/site-packages/airflow/example_dags/example_python_operator.py took 0.110 seconds
[2024-02-02T15:13:53.076+0000] {processor.py:161} INFO - Started process (PID=595) to work on /home/airflow/.local/lib/python3.8/site-packages/airflow/example_dags/example_python_operator.py
[2024-02-02T15:13:53.078+0000] {processor.py:830} INFO - Processing file /home/airflow/.local/lib/python3.8/site-packages/airflow/example_dags/example_python_operator.py for tasks to queue
[2024-02-02T15:13:53.081+0000] {logging_mixin.py:188} INFO - [2024-02-02T15:13:53.080+0000] {dagbag.py:538} INFO - Filling up the DagBag from /home/airflow/.local/lib/python3.8/site-packages/airflow/example_dags/example_python_operator.py
[2024-02-02T15:13:53.099+0000] {processor.py:840} INFO - DAG(s) 'example_python_operator' retrieved from /home/airflow/.local/lib/python3.8/site-packages/airflow/example_dags/example_python_operator.py
[2024-02-02T15:13:53.268+0000] {logging_mixin.py:188} INFO - [2024-02-02T15:13:53.268+0000] {dag.py:3036} INFO - Sync 1 DAGs
[2024-02-02T15:13:53.288+0000] {logging_mixin.py:188} INFO - [2024-02-02T15:13:53.288+0000] {dag.py:3823} INFO - Setting next_dagrun for example_python_operator to None, run_after=None
[2024-02-02T15:13:53.339+0000] {processor.py:183} INFO - Processing /home/airflow/.local/lib/python3.8/site-packages/airflow/example_dags/example_python_operator.py took 0.267 seconds
[2024-02-02T15:14:23.526+0000] {processor.py:161} INFO - Started process (PID=842) to work on /home/airflow/.local/lib/python3.8/site-packages/airflow/example_dags/example_python_operator.py
[2024-02-02T15:14:23.527+0000] {processor.py:830} INFO - Processing file /home/airflow/.local/lib/python3.8/site-packages/airflow/example_dags/example_python_operator.py for tasks to queue
[2024-02-02T15:14:23.529+0000] {logging_mixin.py:188} INFO - [2024-02-02T15:14:23.528+0000] {dagbag.py:538} INFO - Filling up the DagBag from /home/airflow/.local/lib/python3.8/site-packages/airflow/example_dags/example_python_operator.py
[2024-02-02T15:14:23.542+0000] {processor.py:840} INFO - DAG(s) 'example_python_operator' retrieved from /home/airflow/.local/lib/python3.8/site-packages/airflow/example_dags/example_python_operator.py
[2024-02-02T15:14:23.579+0000] {logging_mixin.py:188} INFO - [2024-02-02T15:14:23.579+0000] {dag.py:3036} INFO - Sync 1 DAGs
[2024-02-02T15:14:23.598+0000] {logging_mixin.py:188} INFO - [2024-02-02T15:14:23.598+0000] {dag.py:3823} INFO - Setting next_dagrun for example_python_operator to None, run_after=None
[2024-02-02T15:14:23.627+0000] {processor.py:183} INFO - Processing /home/airflow/.local/lib/python3.8/site-packages/airflow/example_dags/example_python_operator.py took 0.105 seconds
[2024-02-02T15:14:53.781+0000] {processor.py:161} INFO - Started process (PID=1089) to work on /home/airflow/.local/lib/python3.8/site-packages/airflow/example_dags/example_python_operator.py
[2024-02-02T15:14:53.784+0000] {processor.py:830} INFO - Processing file /home/airflow/.local/lib/python3.8/site-packages/airflow/example_dags/example_python_operator.py for tasks to queue
[2024-02-02T15:14:53.786+0000] {logging_mixin.py:188} INFO - [2024-02-02T15:14:53.786+0000] {dagbag.py:538} INFO - Filling up the DagBag from /home/airflow/.local/lib/python3.8/site-packages/airflow/example_dags/example_python_operator.py
[2024-02-02T15:14:53.802+0000] {processor.py:840} INFO - DAG(s) 'example_python_operator' retrieved from /home/airflow/.local/lib/python3.8/site-packages/airflow/example_dags/example_python_operator.py
[2024-02-02T15:14:53.833+0000] {logging_mixin.py:188} INFO - [2024-02-02T15:14:53.832+0000] {dag.py:3036} INFO - Sync 1 DAGs
[2024-02-02T15:14:53.848+0000] {logging_mixin.py:188} INFO - [2024-02-02T15:14:53.848+0000] {dag.py:3823} INFO - Setting next_dagrun for example_python_operator to None, run_after=None
[2024-02-02T15:14:53.873+0000] {processor.py:183} INFO - Processing /home/airflow/.local/lib/python3.8/site-packages/airflow/example_dags/example_python_operator.py took 0.096 seconds
[2024-02-02T15:15:24.020+0000] {processor.py:161} INFO - Started process (PID=1336) to work on /home/airflow/.local/lib/python3.8/site-packages/airflow/example_dags/example_python_operator.py
[2024-02-02T15:15:24.021+0000] {processor.py:830} INFO - Processing file /home/airflow/.local/lib/python3.8/site-packages/airflow/example_dags/example_python_operator.py for tasks to queue
[2024-02-02T15:15:24.023+0000] {logging_mixin.py:188} INFO - [2024-02-02T15:15:24.022+0000] {dagbag.py:538} INFO - Filling up the DagBag from /home/airflow/.local/lib/python3.8/site-packages/airflow/example_dags/example_python_operator.py
[2024-02-02T15:15:24.038+0000] {processor.py:840} INFO - DAG(s) 'example_python_operator' retrieved from /home/airflow/.local/lib/python3.8/site-packages/airflow/example_dags/example_python_operator.py
[2024-02-02T15:15:24.070+0000] {logging_mixin.py:188} INFO - [2024-02-02T15:15:24.070+0000] {dag.py:3036} INFO - Sync 1 DAGs
[2024-02-02T15:15:24.091+0000] {logging_mixin.py:188} INFO - [2024-02-02T15:15:24.091+0000] {dag.py:3823} INFO - Setting next_dagrun for example_python_operator to None, run_after=None
[2024-02-02T15:15:24.128+0000] {processor.py:183} INFO - Processing /home/airflow/.local/lib/python3.8/site-packages/airflow/example_dags/example_python_operator.py took 0.113 seconds
[2024-02-02T15:15:54.726+0000] {processor.py:161} INFO - Started process (PID=1581) to work on /home/airflow/.local/lib/python3.8/site-packages/airflow/example_dags/example_python_operator.py
[2024-02-02T15:15:54.727+0000] {processor.py:830} INFO - Processing file /home/airflow/.local/lib/python3.8/site-packages/airflow/example_dags/example_python_operator.py for tasks to queue
[2024-02-02T15:15:54.729+0000] {logging_mixin.py:188} INFO - [2024-02-02T15:15:54.729+0000] {dagbag.py:538} INFO - Filling up the DagBag from /home/airflow/.local/lib/python3.8/site-packages/airflow/example_dags/example_python_operator.py
[2024-02-02T15:15:54.751+0000] {processor.py:840} INFO - DAG(s) 'example_python_operator' retrieved from /home/airflow/.local/lib/python3.8/site-packages/airflow/example_dags/example_python_operator.py
[2024-02-02T15:15:54.791+0000] {logging_mixin.py:188} INFO - [2024-02-02T15:15:54.790+0000] {dag.py:3036} INFO - Sync 1 DAGs
[2024-02-02T15:15:54.812+0000] {logging_mixin.py:188} INFO - [2024-02-02T15:15:54.812+0000] {dag.py:3823} INFO - Setting next_dagrun for example_python_operator to None, run_after=None
[2024-02-02T15:15:54.845+0000] {processor.py:183} INFO - Processing /home/airflow/.local/lib/python3.8/site-packages/airflow/example_dags/example_python_operator.py took 0.128 seconds
[2024-02-02T15:16:25.067+0000] {processor.py:161} INFO - Started process (PID=1828) to work on /home/airflow/.local/lib/python3.8/site-packages/airflow/example_dags/example_python_operator.py
[2024-02-02T15:16:25.069+0000] {processor.py:830} INFO - Processing file /home/airflow/.local/lib/python3.8/site-packages/airflow/example_dags/example_python_operator.py for tasks to queue
[2024-02-02T15:16:25.070+0000] {logging_mixin.py:188} INFO - [2024-02-02T15:16:25.070+0000] {dagbag.py:538} INFO - Filling up the DagBag from /home/airflow/.local/lib/python3.8/site-packages/airflow/example_dags/example_python_operator.py
[2024-02-02T15:16:25.091+0000] {processor.py:840} INFO - DAG(s) 'example_python_operator' retrieved from /home/airflow/.local/lib/python3.8/site-packages/airflow/example_dags/example_python_operator.py
[2024-02-02T15:16:25.130+0000] {logging_mixin.py:188} INFO - [2024-02-02T15:16:25.130+0000] {dag.py:3036} INFO - Sync 1 DAGs
[2024-02-02T15:16:25.154+0000] {logging_mixin.py:188} INFO - [2024-02-02T15:16:25.153+0000] {dag.py:3823} INFO - Setting next_dagrun for example_python_operator to None, run_after=None
[2024-02-02T15:16:25.185+0000] {processor.py:183} INFO - Processing /home/airflow/.local/lib/python3.8/site-packages/airflow/example_dags/example_python_operator.py took 0.123 seconds
[2024-02-02T15:16:55.905+0000] {processor.py:161} INFO - Started process (PID=2075) to work on /home/airflow/.local/lib/python3.8/site-packages/airflow/example_dags/example_python_operator.py
[2024-02-02T15:16:55.908+0000] {processor.py:830} INFO - Processing file /home/airflow/.local/lib/python3.8/site-packages/airflow/example_dags/example_python_operator.py for tasks to queue
[2024-02-02T15:16:55.911+0000] {logging_mixin.py:188} INFO - [2024-02-02T15:16:55.910+0000] {dagbag.py:538} INFO - Filling up the DagBag from /home/airflow/.local/lib/python3.8/site-packages/airflow/example_dags/example_python_operator.py
[2024-02-02T15:16:55.928+0000] {processor.py:840} INFO - DAG(s) 'example_python_operator' retrieved from /home/airflow/.local/lib/python3.8/site-packages/airflow/example_dags/example_python_operator.py
[2024-02-02T15:16:55.962+0000] {logging_mixin.py:188} INFO - [2024-02-02T15:16:55.962+0000] {dag.py:3036} INFO - Sync 1 DAGs
[2024-02-02T15:16:55.984+0000] {logging_mixin.py:188} INFO - [2024-02-02T15:16:55.983+0000] {dag.py:3823} INFO - Setting next_dagrun for example_python_operator to None, run_after=None
[2024-02-02T15:16:56.020+0000] {processor.py:183} INFO - Processing /home/airflow/.local/lib/python3.8/site-packages/airflow/example_dags/example_python_operator.py took 0.120 seconds
[2024-02-02T15:17:26.102+0000] {processor.py:161} INFO - Started process (PID=2322) to work on /home/airflow/.local/lib/python3.8/site-packages/airflow/example_dags/example_python_operator.py
[2024-02-02T15:17:26.104+0000] {processor.py:830} INFO - Processing file /home/airflow/.local/lib/python3.8/site-packages/airflow/example_dags/example_python_operator.py for tasks to queue
[2024-02-02T15:17:26.105+0000] {logging_mixin.py:188} INFO - [2024-02-02T15:17:26.105+0000] {dagbag.py:538} INFO - Filling up the DagBag from /home/airflow/.local/lib/python3.8/site-packages/airflow/example_dags/example_python_operator.py
[2024-02-02T15:17:26.124+0000] {processor.py:840} INFO - DAG(s) 'example_python_operator' retrieved from /home/airflow/.local/lib/python3.8/site-packages/airflow/example_dags/example_python_operator.py
[2024-02-02T15:17:26.230+0000] {logging_mixin.py:188} INFO - [2024-02-02T15:17:26.230+0000] {dag.py:3036} INFO - Sync 1 DAGs
[2024-02-02T15:17:26.257+0000] {logging_mixin.py:188} INFO - [2024-02-02T15:17:26.257+0000] {dag.py:3823} INFO - Setting next_dagrun for example_python_operator to None, run_after=None
[2024-02-02T15:17:26.302+0000] {processor.py:183} INFO - Processing /home/airflow/.local/lib/python3.8/site-packages/airflow/example_dags/example_python_operator.py took 0.204 seconds
[2024-02-02T15:17:56.399+0000] {processor.py:161} INFO - Started process (PID=2569) to work on /home/airflow/.local/lib/python3.8/site-packages/airflow/example_dags/example_python_operator.py
[2024-02-02T15:17:56.401+0000] {processor.py:830} INFO - Processing file /home/airflow/.local/lib/python3.8/site-packages/airflow/example_dags/example_python_operator.py for tasks to queue
[2024-02-02T15:17:56.403+0000] {logging_mixin.py:188} INFO - [2024-02-02T15:17:56.403+0000] {dagbag.py:538} INFO - Filling up the DagBag from /home/airflow/.local/lib/python3.8/site-packages/airflow/example_dags/example_python_operator.py
[2024-02-02T15:17:56.427+0000] {processor.py:840} INFO - DAG(s) 'example_python_operator' retrieved from /home/airflow/.local/lib/python3.8/site-packages/airflow/example_dags/example_python_operator.py
[2024-02-02T15:17:56.467+0000] {logging_mixin.py:188} INFO - [2024-02-02T15:17:56.466+0000] {dag.py:3036} INFO - Sync 1 DAGs
[2024-02-02T15:17:56.487+0000] {logging_mixin.py:188} INFO - [2024-02-02T15:17:56.487+0000] {dag.py:3823} INFO - Setting next_dagrun for example_python_operator to None, run_after=None
[2024-02-02T15:17:56.521+0000] {processor.py:183} INFO - Processing /home/airflow/.local/lib/python3.8/site-packages/airflow/example_dags/example_python_operator.py took 0.128 seconds
[2024-02-02T15:18:27.292+0000] {processor.py:161} INFO - Started process (PID=2864) to work on /home/airflow/.local/lib/python3.8/site-packages/airflow/example_dags/example_python_operator.py
[2024-02-02T15:18:27.294+0000] {processor.py:830} INFO - Processing file /home/airflow/.local/lib/python3.8/site-packages/airflow/example_dags/example_python_operator.py for tasks to queue
[2024-02-02T15:18:27.296+0000] {logging_mixin.py:188} INFO - [2024-02-02T15:18:27.295+0000] {dagbag.py:538} INFO - Filling up the DagBag from /home/airflow/.local/lib/python3.8/site-packages/airflow/example_dags/example_python_operator.py
[2024-02-02T15:18:27.311+0000] {processor.py:840} INFO - DAG(s) 'example_python_operator' retrieved from /home/airflow/.local/lib/python3.8/site-packages/airflow/example_dags/example_python_operator.py
[2024-02-02T15:18:27.343+0000] {logging_mixin.py:188} INFO - [2024-02-02T15:18:27.343+0000] {dag.py:3036} INFO - Sync 1 DAGs
[2024-02-02T15:18:27.362+0000] {logging_mixin.py:188} INFO - [2024-02-02T15:18:27.362+0000] {dag.py:3823} INFO - Setting next_dagrun for example_python_operator to None, run_after=None
[2024-02-02T15:18:27.387+0000] {processor.py:183} INFO - Processing /home/airflow/.local/lib/python3.8/site-packages/airflow/example_dags/example_python_operator.py took 0.100 seconds
[2024-02-02T15:18:58.032+0000] {processor.py:161} INFO - Started process (PID=3111) to work on /home/airflow/.local/lib/python3.8/site-packages/airflow/example_dags/example_python_operator.py
[2024-02-02T15:18:58.034+0000] {processor.py:830} INFO - Processing file /home/airflow/.local/lib/python3.8/site-packages/airflow/example_dags/example_python_operator.py for tasks to queue
[2024-02-02T15:18:58.035+0000] {logging_mixin.py:188} INFO - [2024-02-02T15:18:58.035+0000] {dagbag.py:538} INFO - Filling up the DagBag from /home/airflow/.local/lib/python3.8/site-packages/airflow/example_dags/example_python_operator.py
[2024-02-02T15:18:58.049+0000] {processor.py:840} INFO - DAG(s) 'example_python_operator' retrieved from /home/airflow/.local/lib/python3.8/site-packages/airflow/example_dags/example_python_operator.py
[2024-02-02T15:18:58.078+0000] {logging_mixin.py:188} INFO - [2024-02-02T15:18:58.078+0000] {dag.py:3036} INFO - Sync 1 DAGs
[2024-02-02T15:18:58.093+0000] {logging_mixin.py:188} INFO - [2024-02-02T15:18:58.093+0000] {dag.py:3823} INFO - Setting next_dagrun for example_python_operator to None, run_after=None
[2024-02-02T15:18:58.119+0000] {processor.py:183} INFO - Processing /home/airflow/.local/lib/python3.8/site-packages/airflow/example_dags/example_python_operator.py took 0.091 seconds
[2024-02-02T15:19:29.140+0000] {processor.py:161} INFO - Started process (PID=3365) to work on /home/airflow/.local/lib/python3.8/site-packages/airflow/example_dags/example_python_operator.py
[2024-02-02T15:19:29.141+0000] {processor.py:830} INFO - Processing file /home/airflow/.local/lib/python3.8/site-packages/airflow/example_dags/example_python_operator.py for tasks to queue
[2024-02-02T15:19:29.143+0000] {logging_mixin.py:188} INFO - [2024-02-02T15:19:29.142+0000] {dagbag.py:538} INFO - Filling up the DagBag from /home/airflow/.local/lib/python3.8/site-packages/airflow/example_dags/example_python_operator.py
[2024-02-02T15:19:29.159+0000] {processor.py:840} INFO - DAG(s) 'example_python_operator' retrieved from /home/airflow/.local/lib/python3.8/site-packages/airflow/example_dags/example_python_operator.py
[2024-02-02T15:19:29.190+0000] {logging_mixin.py:188} INFO - [2024-02-02T15:19:29.190+0000] {dag.py:3036} INFO - Sync 1 DAGs
[2024-02-02T15:19:29.207+0000] {logging_mixin.py:188} INFO - [2024-02-02T15:19:29.207+0000] {dag.py:3823} INFO - Setting next_dagrun for example_python_operator to None, run_after=None
[2024-02-02T15:19:29.233+0000] {processor.py:183} INFO - Processing /home/airflow/.local/lib/python3.8/site-packages/airflow/example_dags/example_python_operator.py took 0.097 seconds
[2024-02-02T15:19:59.504+0000] {processor.py:161} INFO - Started process (PID=3612) to work on /home/airflow/.local/lib/python3.8/site-packages/airflow/example_dags/example_python_operator.py
[2024-02-02T15:19:59.507+0000] {processor.py:830} INFO - Processing file /home/airflow/.local/lib/python3.8/site-packages/airflow/example_dags/example_python_operator.py for tasks to queue
[2024-02-02T15:19:59.509+0000] {logging_mixin.py:188} INFO - [2024-02-02T15:19:59.508+0000] {dagbag.py:538} INFO - Filling up the DagBag from /home/airflow/.local/lib/python3.8/site-packages/airflow/example_dags/example_python_operator.py
[2024-02-02T15:19:59.530+0000] {processor.py:840} INFO - DAG(s) 'example_python_operator' retrieved from /home/airflow/.local/lib/python3.8/site-packages/airflow/example_dags/example_python_operator.py
[2024-02-02T15:19:59.568+0000] {logging_mixin.py:188} INFO - [2024-02-02T15:19:59.567+0000] {dag.py:3036} INFO - Sync 1 DAGs
[2024-02-02T15:19:59.585+0000] {logging_mixin.py:188} INFO - [2024-02-02T15:19:59.584+0000] {dag.py:3823} INFO - Setting next_dagrun for example_python_operator to None, run_after=None
[2024-02-02T15:19:59.610+0000] {processor.py:183} INFO - Processing /home/airflow/.local/lib/python3.8/site-packages/airflow/example_dags/example_python_operator.py took 0.113 seconds
[2024-02-02T15:20:30.058+0000] {processor.py:161} INFO - Started process (PID=3859) to work on /home/airflow/.local/lib/python3.8/site-packages/airflow/example_dags/example_python_operator.py
[2024-02-02T15:20:30.059+0000] {processor.py:830} INFO - Processing file /home/airflow/.local/lib/python3.8/site-packages/airflow/example_dags/example_python_operator.py for tasks to queue
[2024-02-02T15:20:30.061+0000] {logging_mixin.py:188} INFO - [2024-02-02T15:20:30.060+0000] {dagbag.py:538} INFO - Filling up the DagBag from /home/airflow/.local/lib/python3.8/site-packages/airflow/example_dags/example_python_operator.py
[2024-02-02T15:20:30.076+0000] {processor.py:840} INFO - DAG(s) 'example_python_operator' retrieved from /home/airflow/.local/lib/python3.8/site-packages/airflow/example_dags/example_python_operator.py
[2024-02-02T15:20:30.105+0000] {logging_mixin.py:188} INFO - [2024-02-02T15:20:30.105+0000] {dag.py:3036} INFO - Sync 1 DAGs
[2024-02-02T15:20:30.122+0000] {logging_mixin.py:188} INFO - [2024-02-02T15:20:30.122+0000] {dag.py:3823} INFO - Setting next_dagrun for example_python_operator to None, run_after=None
[2024-02-02T15:20:30.147+0000] {processor.py:183} INFO - Processing /home/airflow/.local/lib/python3.8/site-packages/airflow/example_dags/example_python_operator.py took 0.093 seconds
[2024-02-02T15:21:00.473+0000] {processor.py:161} INFO - Started process (PID=4106) to work on /home/airflow/.local/lib/python3.8/site-packages/airflow/example_dags/example_python_operator.py
[2024-02-02T15:21:00.475+0000] {processor.py:830} INFO - Processing file /home/airflow/.local/lib/python3.8/site-packages/airflow/example_dags/example_python_operator.py for tasks to queue
[2024-02-02T15:21:00.476+0000] {logging_mixin.py:188} INFO - [2024-02-02T15:21:00.476+0000] {dagbag.py:538} INFO - Filling up the DagBag from /home/airflow/.local/lib/python3.8/site-packages/airflow/example_dags/example_python_operator.py
[2024-02-02T15:21:00.491+0000] {processor.py:840} INFO - DAG(s) 'example_python_operator' retrieved from /home/airflow/.local/lib/python3.8/site-packages/airflow/example_dags/example_python_operator.py
[2024-02-02T15:21:00.519+0000] {logging_mixin.py:188} INFO - [2024-02-02T15:21:00.519+0000] {dag.py:3036} INFO - Sync 1 DAGs
[2024-02-02T15:21:00.536+0000] {logging_mixin.py:188} INFO - [2024-02-02T15:21:00.536+0000] {dag.py:3823} INFO - Setting next_dagrun for example_python_operator to None, run_after=None
[2024-02-02T15:21:00.560+0000] {processor.py:183} INFO - Processing /home/airflow/.local/lib/python3.8/site-packages/airflow/example_dags/example_python_operator.py took 0.092 seconds
[2024-02-02T15:21:30.662+0000] {processor.py:161} INFO - Started process (PID=4353) to work on /home/airflow/.local/lib/python3.8/site-packages/airflow/example_dags/example_python_operator.py
[2024-02-02T15:21:30.663+0000] {processor.py:830} INFO - Processing file /home/airflow/.local/lib/python3.8/site-packages/airflow/example_dags/example_python_operator.py for tasks to queue
[2024-02-02T15:21:30.665+0000] {logging_mixin.py:188} INFO - [2024-02-02T15:21:30.664+0000] {dagbag.py:538} INFO - Filling up the DagBag from /home/airflow/.local/lib/python3.8/site-packages/airflow/example_dags/example_python_operator.py
[2024-02-02T15:21:30.678+0000] {processor.py:840} INFO - DAG(s) 'example_python_operator' retrieved from /home/airflow/.local/lib/python3.8/site-packages/airflow/example_dags/example_python_operator.py
[2024-02-02T15:21:30.708+0000] {logging_mixin.py:188} INFO - [2024-02-02T15:21:30.707+0000] {dag.py:3036} INFO - Sync 1 DAGs
[2024-02-02T15:21:30.725+0000] {logging_mixin.py:188} INFO - [2024-02-02T15:21:30.724+0000] {dag.py:3823} INFO - Setting next_dagrun for example_python_operator to None, run_after=None
[2024-02-02T15:21:30.750+0000] {processor.py:183} INFO - Processing /home/airflow/.local/lib/python3.8/site-packages/airflow/example_dags/example_python_operator.py took 0.092 seconds
[2024-02-02T15:22:00.809+0000] {processor.py:161} INFO - Started process (PID=4597) to work on /home/airflow/.local/lib/python3.8/site-packages/airflow/example_dags/example_python_operator.py
[2024-02-02T15:22:00.810+0000] {processor.py:830} INFO - Processing file /home/airflow/.local/lib/python3.8/site-packages/airflow/example_dags/example_python_operator.py for tasks to queue
[2024-02-02T15:22:00.812+0000] {logging_mixin.py:188} INFO - [2024-02-02T15:22:00.811+0000] {dagbag.py:538} INFO - Filling up the DagBag from /home/airflow/.local/lib/python3.8/site-packages/airflow/example_dags/example_python_operator.py
[2024-02-02T15:22:00.823+0000] {processor.py:840} INFO - DAG(s) 'example_python_operator' retrieved from /home/airflow/.local/lib/python3.8/site-packages/airflow/example_dags/example_python_operator.py
[2024-02-02T15:22:00.850+0000] {logging_mixin.py:188} INFO - [2024-02-02T15:22:00.850+0000] {dag.py:3036} INFO - Sync 1 DAGs
[2024-02-02T15:22:00.865+0000] {logging_mixin.py:188} INFO - [2024-02-02T15:22:00.865+0000] {dag.py:3823} INFO - Setting next_dagrun for example_python_operator to None, run_after=None
[2024-02-02T15:22:00.888+0000] {processor.py:183} INFO - Processing /home/airflow/.local/lib/python3.8/site-packages/airflow/example_dags/example_python_operator.py took 0.084 seconds
[2024-02-02T15:22:31.363+0000] {processor.py:161} INFO - Started process (PID=4847) to work on /home/airflow/.local/lib/python3.8/site-packages/airflow/example_dags/example_python_operator.py
[2024-02-02T15:22:31.364+0000] {processor.py:830} INFO - Processing file /home/airflow/.local/lib/python3.8/site-packages/airflow/example_dags/example_python_operator.py for tasks to queue
[2024-02-02T15:22:31.366+0000] {logging_mixin.py:188} INFO - [2024-02-02T15:22:31.365+0000] {dagbag.py:538} INFO - Filling up the DagBag from /home/airflow/.local/lib/python3.8/site-packages/airflow/example_dags/example_python_operator.py
[2024-02-02T15:22:31.383+0000] {processor.py:840} INFO - DAG(s) 'example_python_operator' retrieved from /home/airflow/.local/lib/python3.8/site-packages/airflow/example_dags/example_python_operator.py
[2024-02-02T15:22:31.416+0000] {logging_mixin.py:188} INFO - [2024-02-02T15:22:31.415+0000] {dag.py:3036} INFO - Sync 1 DAGs
[2024-02-02T15:22:31.435+0000] {logging_mixin.py:188} INFO - [2024-02-02T15:22:31.434+0000] {dag.py:3823} INFO - Setting next_dagrun for example_python_operator to None, run_after=None
[2024-02-02T15:22:31.460+0000] {processor.py:183} INFO - Processing /home/airflow/.local/lib/python3.8/site-packages/airflow/example_dags/example_python_operator.py took 0.102 seconds
[2024-02-02T15:23:02.367+0000] {processor.py:161} INFO - Started process (PID=5094) to work on /home/airflow/.local/lib/python3.8/site-packages/airflow/example_dags/example_python_operator.py
[2024-02-02T15:23:02.369+0000] {processor.py:830} INFO - Processing file /home/airflow/.local/lib/python3.8/site-packages/airflow/example_dags/example_python_operator.py for tasks to queue
[2024-02-02T15:23:02.371+0000] {logging_mixin.py:188} INFO - [2024-02-02T15:23:02.370+0000] {dagbag.py:538} INFO - Filling up the DagBag from /home/airflow/.local/lib/python3.8/site-packages/airflow/example_dags/example_python_operator.py
[2024-02-02T15:23:02.387+0000] {processor.py:840} INFO - DAG(s) 'example_python_operator' retrieved from /home/airflow/.local/lib/python3.8/site-packages/airflow/example_dags/example_python_operator.py
[2024-02-02T15:23:02.420+0000] {logging_mixin.py:188} INFO - [2024-02-02T15:23:02.419+0000] {dag.py:3036} INFO - Sync 1 DAGs
[2024-02-02T15:23:02.437+0000] {logging_mixin.py:188} INFO - [2024-02-02T15:23:02.437+0000] {dag.py:3823} INFO - Setting next_dagrun for example_python_operator to None, run_after=None
[2024-02-02T15:23:02.462+0000] {processor.py:183} INFO - Processing /home/airflow/.local/lib/python3.8/site-packages/airflow/example_dags/example_python_operator.py took 0.100 seconds
[2024-02-02T15:23:33.078+0000] {processor.py:161} INFO - Started process (PID=5341) to work on /home/airflow/.local/lib/python3.8/site-packages/airflow/example_dags/example_python_operator.py
[2024-02-02T15:23:33.080+0000] {processor.py:830} INFO - Processing file /home/airflow/.local/lib/python3.8/site-packages/airflow/example_dags/example_python_operator.py for tasks to queue
[2024-02-02T15:23:33.082+0000] {logging_mixin.py:188} INFO - [2024-02-02T15:23:33.081+0000] {dagbag.py:538} INFO - Filling up the DagBag from /home/airflow/.local/lib/python3.8/site-packages/airflow/example_dags/example_python_operator.py
[2024-02-02T15:23:33.097+0000] {processor.py:840} INFO - DAG(s) 'example_python_operator' retrieved from /home/airflow/.local/lib/python3.8/site-packages/airflow/example_dags/example_python_operator.py
[2024-02-02T15:23:33.127+0000] {logging_mixin.py:188} INFO - [2024-02-02T15:23:33.127+0000] {dag.py:3036} INFO - Sync 1 DAGs
[2024-02-02T15:23:33.144+0000] {logging_mixin.py:188} INFO - [2024-02-02T15:23:33.144+0000] {dag.py:3823} INFO - Setting next_dagrun for example_python_operator to None, run_after=None
[2024-02-02T15:23:33.170+0000] {processor.py:183} INFO - Processing /home/airflow/.local/lib/python3.8/site-packages/airflow/example_dags/example_python_operator.py took 0.097 seconds
[2024-02-02T15:24:03.747+0000] {processor.py:161} INFO - Started process (PID=5588) to work on /home/airflow/.local/lib/python3.8/site-packages/airflow/example_dags/example_python_operator.py
[2024-02-02T15:24:03.749+0000] {processor.py:830} INFO - Processing file /home/airflow/.local/lib/python3.8/site-packages/airflow/example_dags/example_python_operator.py for tasks to queue
[2024-02-02T15:24:03.751+0000] {logging_mixin.py:188} INFO - [2024-02-02T15:24:03.751+0000] {dagbag.py:538} INFO - Filling up the DagBag from /home/airflow/.local/lib/python3.8/site-packages/airflow/example_dags/example_python_operator.py
[2024-02-02T15:24:03.772+0000] {processor.py:840} INFO - DAG(s) 'example_python_operator' retrieved from /home/airflow/.local/lib/python3.8/site-packages/airflow/example_dags/example_python_operator.py
[2024-02-02T15:24:03.816+0000] {logging_mixin.py:188} INFO - [2024-02-02T15:24:03.815+0000] {dag.py:3036} INFO - Sync 1 DAGs
[2024-02-02T15:24:03.843+0000] {logging_mixin.py:188} INFO - [2024-02-02T15:24:03.843+0000] {dag.py:3823} INFO - Setting next_dagrun for example_python_operator to None, run_after=None
[2024-02-02T15:24:03.871+0000] {processor.py:183} INFO - Processing /home/airflow/.local/lib/python3.8/site-packages/airflow/example_dags/example_python_operator.py took 0.130 seconds
[2024-02-02T15:24:34.144+0000] {processor.py:161} INFO - Started process (PID=5835) to work on /home/airflow/.local/lib/python3.8/site-packages/airflow/example_dags/example_python_operator.py
[2024-02-02T15:24:34.146+0000] {processor.py:830} INFO - Processing file /home/airflow/.local/lib/python3.8/site-packages/airflow/example_dags/example_python_operator.py for tasks to queue
[2024-02-02T15:24:34.147+0000] {logging_mixin.py:188} INFO - [2024-02-02T15:24:34.147+0000] {dagbag.py:538} INFO - Filling up the DagBag from /home/airflow/.local/lib/python3.8/site-packages/airflow/example_dags/example_python_operator.py
[2024-02-02T15:24:34.163+0000] {processor.py:840} INFO - DAG(s) 'example_python_operator' retrieved from /home/airflow/.local/lib/python3.8/site-packages/airflow/example_dags/example_python_operator.py
[2024-02-02T15:24:34.194+0000] {logging_mixin.py:188} INFO - [2024-02-02T15:24:34.193+0000] {dag.py:3036} INFO - Sync 1 DAGs
[2024-02-02T15:24:34.211+0000] {logging_mixin.py:188} INFO - [2024-02-02T15:24:34.210+0000] {dag.py:3823} INFO - Setting next_dagrun for example_python_operator to None, run_after=None
[2024-02-02T15:24:34.235+0000] {processor.py:183} INFO - Processing /home/airflow/.local/lib/python3.8/site-packages/airflow/example_dags/example_python_operator.py took 0.096 seconds
[2024-02-02T15:25:05.056+0000] {processor.py:161} INFO - Started process (PID=6082) to work on /home/airflow/.local/lib/python3.8/site-packages/airflow/example_dags/example_python_operator.py
[2024-02-02T15:25:05.058+0000] {processor.py:830} INFO - Processing file /home/airflow/.local/lib/python3.8/site-packages/airflow/example_dags/example_python_operator.py for tasks to queue
[2024-02-02T15:25:05.059+0000] {logging_mixin.py:188} INFO - [2024-02-02T15:25:05.059+0000] {dagbag.py:538} INFO - Filling up the DagBag from /home/airflow/.local/lib/python3.8/site-packages/airflow/example_dags/example_python_operator.py
[2024-02-02T15:25:05.077+0000] {processor.py:840} INFO - DAG(s) 'example_python_operator' retrieved from /home/airflow/.local/lib/python3.8/site-packages/airflow/example_dags/example_python_operator.py
[2024-02-02T15:25:05.111+0000] {logging_mixin.py:188} INFO - [2024-02-02T15:25:05.111+0000] {dag.py:3036} INFO - Sync 1 DAGs
[2024-02-02T15:25:05.132+0000] {logging_mixin.py:188} INFO - [2024-02-02T15:25:05.132+0000] {dag.py:3823} INFO - Setting next_dagrun for example_python_operator to None, run_after=None
[2024-02-02T15:25:05.161+0000] {processor.py:183} INFO - Processing /home/airflow/.local/lib/python3.8/site-packages/airflow/example_dags/example_python_operator.py took 0.111 seconds
[2024-02-02T15:25:35.292+0000] {processor.py:161} INFO - Started process (PID=6329) to work on /home/airflow/.local/lib/python3.8/site-packages/airflow/example_dags/example_python_operator.py
[2024-02-02T15:25:35.293+0000] {processor.py:830} INFO - Processing file /home/airflow/.local/lib/python3.8/site-packages/airflow/example_dags/example_python_operator.py for tasks to queue
[2024-02-02T15:25:35.295+0000] {logging_mixin.py:188} INFO - [2024-02-02T15:25:35.294+0000] {dagbag.py:538} INFO - Filling up the DagBag from /home/airflow/.local/lib/python3.8/site-packages/airflow/example_dags/example_python_operator.py
[2024-02-02T15:25:35.311+0000] {processor.py:840} INFO - DAG(s) 'example_python_operator' retrieved from /home/airflow/.local/lib/python3.8/site-packages/airflow/example_dags/example_python_operator.py
[2024-02-02T15:25:35.346+0000] {logging_mixin.py:188} INFO - [2024-02-02T15:25:35.346+0000] {dag.py:3036} INFO - Sync 1 DAGs
[2024-02-02T15:25:35.363+0000] {logging_mixin.py:188} INFO - [2024-02-02T15:25:35.363+0000] {dag.py:3823} INFO - Setting next_dagrun for example_python_operator to None, run_after=None
[2024-02-02T15:25:35.389+0000] {processor.py:183} INFO - Processing /home/airflow/.local/lib/python3.8/site-packages/airflow/example_dags/example_python_operator.py took 0.101 seconds
[2024-02-02T15:26:05.964+0000] {processor.py:161} INFO - Started process (PID=6576) to work on /home/airflow/.local/lib/python3.8/site-packages/airflow/example_dags/example_python_operator.py
[2024-02-02T15:26:05.965+0000] {processor.py:830} INFO - Processing file /home/airflow/.local/lib/python3.8/site-packages/airflow/example_dags/example_python_operator.py for tasks to queue
[2024-02-02T15:26:05.967+0000] {logging_mixin.py:188} INFO - [2024-02-02T15:26:05.967+0000] {dagbag.py:538} INFO - Filling up the DagBag from /home/airflow/.local/lib/python3.8/site-packages/airflow/example_dags/example_python_operator.py
[2024-02-02T15:26:05.982+0000] {processor.py:840} INFO - DAG(s) 'example_python_operator' retrieved from /home/airflow/.local/lib/python3.8/site-packages/airflow/example_dags/example_python_operator.py
[2024-02-02T15:26:06.022+0000] {logging_mixin.py:188} INFO - [2024-02-02T15:26:06.021+0000] {dag.py:3036} INFO - Sync 1 DAGs
[2024-02-02T15:26:06.046+0000] {logging_mixin.py:188} INFO - [2024-02-02T15:26:06.046+0000] {dag.py:3823} INFO - Setting next_dagrun for example_python_operator to None, run_after=None
[2024-02-02T15:26:06.080+0000] {processor.py:183} INFO - Processing /home/airflow/.local/lib/python3.8/site-packages/airflow/example_dags/example_python_operator.py took 0.121 seconds
[2024-02-02T15:26:36.628+0000] {processor.py:161} INFO - Started process (PID=6823) to work on /home/airflow/.local/lib/python3.8/site-packages/airflow/example_dags/example_python_operator.py
[2024-02-02T15:26:36.630+0000] {processor.py:830} INFO - Processing file /home/airflow/.local/lib/python3.8/site-packages/airflow/example_dags/example_python_operator.py for tasks to queue
[2024-02-02T15:26:36.632+0000] {logging_mixin.py:188} INFO - [2024-02-02T15:26:36.631+0000] {dagbag.py:538} INFO - Filling up the DagBag from /home/airflow/.local/lib/python3.8/site-packages/airflow/example_dags/example_python_operator.py
[2024-02-02T15:26:36.653+0000] {processor.py:840} INFO - DAG(s) 'example_python_operator' retrieved from /home/airflow/.local/lib/python3.8/site-packages/airflow/example_dags/example_python_operator.py
[2024-02-02T15:26:36.692+0000] {logging_mixin.py:188} INFO - [2024-02-02T15:26:36.692+0000] {dag.py:3036} INFO - Sync 1 DAGs
[2024-02-02T15:26:36.714+0000] {logging_mixin.py:188} INFO - [2024-02-02T15:26:36.714+0000] {dag.py:3823} INFO - Setting next_dagrun for example_python_operator to None, run_after=None
[2024-02-02T15:26:36.742+0000] {processor.py:183} INFO - Processing /home/airflow/.local/lib/python3.8/site-packages/airflow/example_dags/example_python_operator.py took 0.119 seconds
[2024-02-02T15:27:07.115+0000] {processor.py:161} INFO - Started process (PID=7070) to work on /home/airflow/.local/lib/python3.8/site-packages/airflow/example_dags/example_python_operator.py
[2024-02-02T15:27:07.116+0000] {processor.py:830} INFO - Processing file /home/airflow/.local/lib/python3.8/site-packages/airflow/example_dags/example_python_operator.py for tasks to queue
[2024-02-02T15:27:07.118+0000] {logging_mixin.py:188} INFO - [2024-02-02T15:27:07.118+0000] {dagbag.py:538} INFO - Filling up the DagBag from /home/airflow/.local/lib/python3.8/site-packages/airflow/example_dags/example_python_operator.py
[2024-02-02T15:27:07.134+0000] {processor.py:840} INFO - DAG(s) 'example_python_operator' retrieved from /home/airflow/.local/lib/python3.8/site-packages/airflow/example_dags/example_python_operator.py
[2024-02-02T15:27:07.168+0000] {logging_mixin.py:188} INFO - [2024-02-02T15:27:07.167+0000] {dag.py:3036} INFO - Sync 1 DAGs
[2024-02-02T15:27:07.191+0000] {logging_mixin.py:188} INFO - [2024-02-02T15:27:07.191+0000] {dag.py:3823} INFO - Setting next_dagrun for example_python_operator to None, run_after=None
[2024-02-02T15:27:07.222+0000] {processor.py:183} INFO - Processing /home/airflow/.local/lib/python3.8/site-packages/airflow/example_dags/example_python_operator.py took 0.111 seconds
[2024-02-02T15:27:37.792+0000] {processor.py:161} INFO - Started process (PID=7317) to work on /home/airflow/.local/lib/python3.8/site-packages/airflow/example_dags/example_python_operator.py
[2024-02-02T15:27:37.794+0000] {processor.py:830} INFO - Processing file /home/airflow/.local/lib/python3.8/site-packages/airflow/example_dags/example_python_operator.py for tasks to queue
[2024-02-02T15:27:37.796+0000] {logging_mixin.py:188} INFO - [2024-02-02T15:27:37.796+0000] {dagbag.py:538} INFO - Filling up the DagBag from /home/airflow/.local/lib/python3.8/site-packages/airflow/example_dags/example_python_operator.py
[2024-02-02T15:27:37.812+0000] {processor.py:840} INFO - DAG(s) 'example_python_operator' retrieved from /home/airflow/.local/lib/python3.8/site-packages/airflow/example_dags/example_python_operator.py
[2024-02-02T15:27:37.849+0000] {logging_mixin.py:188} INFO - [2024-02-02T15:27:37.848+0000] {dag.py:3036} INFO - Sync 1 DAGs
[2024-02-02T15:27:37.873+0000] {logging_mixin.py:188} INFO - [2024-02-02T15:27:37.872+0000] {dag.py:3823} INFO - Setting next_dagrun for example_python_operator to None, run_after=None
[2024-02-02T15:27:37.910+0000] {processor.py:183} INFO - Processing /home/airflow/.local/lib/python3.8/site-packages/airflow/example_dags/example_python_operator.py took 0.122 seconds
[2024-02-02T15:28:08.263+0000] {processor.py:161} INFO - Started process (PID=7564) to work on /home/airflow/.local/lib/python3.8/site-packages/airflow/example_dags/example_python_operator.py
[2024-02-02T15:28:08.265+0000] {processor.py:830} INFO - Processing file /home/airflow/.local/lib/python3.8/site-packages/airflow/example_dags/example_python_operator.py for tasks to queue
[2024-02-02T15:28:08.266+0000] {logging_mixin.py:188} INFO - [2024-02-02T15:28:08.266+0000] {dagbag.py:538} INFO - Filling up the DagBag from /home/airflow/.local/lib/python3.8/site-packages/airflow/example_dags/example_python_operator.py
[2024-02-02T15:28:08.282+0000] {processor.py:840} INFO - DAG(s) 'example_python_operator' retrieved from /home/airflow/.local/lib/python3.8/site-packages/airflow/example_dags/example_python_operator.py
[2024-02-02T15:28:08.313+0000] {logging_mixin.py:188} INFO - [2024-02-02T15:28:08.313+0000] {dag.py:3036} INFO - Sync 1 DAGs
[2024-02-02T15:28:08.330+0000] {logging_mixin.py:188} INFO - [2024-02-02T15:28:08.330+0000] {dag.py:3823} INFO - Setting next_dagrun for example_python_operator to None, run_after=None
[2024-02-02T15:28:08.355+0000] {processor.py:183} INFO - Processing /home/airflow/.local/lib/python3.8/site-packages/airflow/example_dags/example_python_operator.py took 0.097 seconds
[2024-02-02T15:28:38.723+0000] {processor.py:161} INFO - Started process (PID=7811) to work on /home/airflow/.local/lib/python3.8/site-packages/airflow/example_dags/example_python_operator.py
[2024-02-02T15:28:38.725+0000] {processor.py:830} INFO - Processing file /home/airflow/.local/lib/python3.8/site-packages/airflow/example_dags/example_python_operator.py for tasks to queue
[2024-02-02T15:28:38.726+0000] {logging_mixin.py:188} INFO - [2024-02-02T15:28:38.726+0000] {dagbag.py:538} INFO - Filling up the DagBag from /home/airflow/.local/lib/python3.8/site-packages/airflow/example_dags/example_python_operator.py
[2024-02-02T15:28:38.742+0000] {processor.py:840} INFO - DAG(s) 'example_python_operator' retrieved from /home/airflow/.local/lib/python3.8/site-packages/airflow/example_dags/example_python_operator.py
[2024-02-02T15:28:38.771+0000] {logging_mixin.py:188} INFO - [2024-02-02T15:28:38.771+0000] {dag.py:3036} INFO - Sync 1 DAGs
[2024-02-02T15:28:38.787+0000] {logging_mixin.py:188} INFO - [2024-02-02T15:28:38.787+0000] {dag.py:3823} INFO - Setting next_dagrun for example_python_operator to None, run_after=None
[2024-02-02T15:28:38.811+0000] {processor.py:183} INFO - Processing /home/airflow/.local/lib/python3.8/site-packages/airflow/example_dags/example_python_operator.py took 0.093 seconds
[2024-02-02T15:29:09.044+0000] {processor.py:161} INFO - Started process (PID=8058) to work on /home/airflow/.local/lib/python3.8/site-packages/airflow/example_dags/example_python_operator.py
[2024-02-02T15:29:09.046+0000] {processor.py:830} INFO - Processing file /home/airflow/.local/lib/python3.8/site-packages/airflow/example_dags/example_python_operator.py for tasks to queue
[2024-02-02T15:29:09.047+0000] {logging_mixin.py:188} INFO - [2024-02-02T15:29:09.047+0000] {dagbag.py:538} INFO - Filling up the DagBag from /home/airflow/.local/lib/python3.8/site-packages/airflow/example_dags/example_python_operator.py
[2024-02-02T15:29:09.063+0000] {processor.py:840} INFO - DAG(s) 'example_python_operator' retrieved from /home/airflow/.local/lib/python3.8/site-packages/airflow/example_dags/example_python_operator.py
[2024-02-02T15:29:09.096+0000] {logging_mixin.py:188} INFO - [2024-02-02T15:29:09.095+0000] {dag.py:3036} INFO - Sync 1 DAGs
[2024-02-02T15:29:09.113+0000] {logging_mixin.py:188} INFO - [2024-02-02T15:29:09.113+0000] {dag.py:3823} INFO - Setting next_dagrun for example_python_operator to None, run_after=None
[2024-02-02T15:29:09.143+0000] {processor.py:183} INFO - Processing /home/airflow/.local/lib/python3.8/site-packages/airflow/example_dags/example_python_operator.py took 0.103 seconds
[2024-02-02T15:29:39.490+0000] {processor.py:161} INFO - Started process (PID=8305) to work on /home/airflow/.local/lib/python3.8/site-packages/airflow/example_dags/example_python_operator.py
[2024-02-02T15:29:39.491+0000] {processor.py:830} INFO - Processing file /home/airflow/.local/lib/python3.8/site-packages/airflow/example_dags/example_python_operator.py for tasks to queue
[2024-02-02T15:29:39.492+0000] {logging_mixin.py:188} INFO - [2024-02-02T15:29:39.492+0000] {dagbag.py:538} INFO - Filling up the DagBag from /home/airflow/.local/lib/python3.8/site-packages/airflow/example_dags/example_python_operator.py
[2024-02-02T15:29:39.511+0000] {processor.py:840} INFO - DAG(s) 'example_python_operator' retrieved from /home/airflow/.local/lib/python3.8/site-packages/airflow/example_dags/example_python_operator.py
[2024-02-02T15:29:39.540+0000] {logging_mixin.py:188} INFO - [2024-02-02T15:29:39.540+0000] {dag.py:3036} INFO - Sync 1 DAGs
[2024-02-02T15:29:39.558+0000] {logging_mixin.py:188} INFO - [2024-02-02T15:29:39.557+0000] {dag.py:3823} INFO - Setting next_dagrun for example_python_operator to None, run_after=None
[2024-02-02T15:29:39.580+0000] {processor.py:183} INFO - Processing /home/airflow/.local/lib/python3.8/site-packages/airflow/example_dags/example_python_operator.py took 0.096 seconds
[2024-02-02T15:30:09.822+0000] {processor.py:161} INFO - Started process (PID=8552) to work on /home/airflow/.local/lib/python3.8/site-packages/airflow/example_dags/example_python_operator.py
[2024-02-02T15:30:09.824+0000] {processor.py:830} INFO - Processing file /home/airflow/.local/lib/python3.8/site-packages/airflow/example_dags/example_python_operator.py for tasks to queue
[2024-02-02T15:30:09.825+0000] {logging_mixin.py:188} INFO - [2024-02-02T15:30:09.825+0000] {dagbag.py:538} INFO - Filling up the DagBag from /home/airflow/.local/lib/python3.8/site-packages/airflow/example_dags/example_python_operator.py
[2024-02-02T15:30:09.840+0000] {processor.py:840} INFO - DAG(s) 'example_python_operator' retrieved from /home/airflow/.local/lib/python3.8/site-packages/airflow/example_dags/example_python_operator.py
[2024-02-02T15:30:09.868+0000] {logging_mixin.py:188} INFO - [2024-02-02T15:30:09.868+0000] {dag.py:3036} INFO - Sync 1 DAGs
[2024-02-02T15:30:09.884+0000] {logging_mixin.py:188} INFO - [2024-02-02T15:30:09.884+0000] {dag.py:3823} INFO - Setting next_dagrun for example_python_operator to None, run_after=None
[2024-02-02T15:30:09.909+0000] {processor.py:183} INFO - Processing /home/airflow/.local/lib/python3.8/site-packages/airflow/example_dags/example_python_operator.py took 0.092 seconds
[2024-02-02T15:30:40.264+0000] {processor.py:161} INFO - Started process (PID=8799) to work on /home/airflow/.local/lib/python3.8/site-packages/airflow/example_dags/example_python_operator.py
[2024-02-02T15:30:40.266+0000] {processor.py:830} INFO - Processing file /home/airflow/.local/lib/python3.8/site-packages/airflow/example_dags/example_python_operator.py for tasks to queue
[2024-02-02T15:30:40.267+0000] {logging_mixin.py:188} INFO - [2024-02-02T15:30:40.267+0000] {dagbag.py:538} INFO - Filling up the DagBag from /home/airflow/.local/lib/python3.8/site-packages/airflow/example_dags/example_python_operator.py
[2024-02-02T15:30:40.285+0000] {processor.py:840} INFO - DAG(s) 'example_python_operator' retrieved from /home/airflow/.local/lib/python3.8/site-packages/airflow/example_dags/example_python_operator.py
[2024-02-02T15:30:40.317+0000] {logging_mixin.py:188} INFO - [2024-02-02T15:30:40.316+0000] {dag.py:3036} INFO - Sync 1 DAGs
[2024-02-02T15:30:40.335+0000] {logging_mixin.py:188} INFO - [2024-02-02T15:30:40.335+0000] {dag.py:3823} INFO - Setting next_dagrun for example_python_operator to None, run_after=None
[2024-02-02T15:30:40.361+0000] {processor.py:183} INFO - Processing /home/airflow/.local/lib/python3.8/site-packages/airflow/example_dags/example_python_operator.py took 0.102 seconds
[2024-02-02T15:31:10.478+0000] {processor.py:161} INFO - Started process (PID=9046) to work on /home/airflow/.local/lib/python3.8/site-packages/airflow/example_dags/example_python_operator.py
[2024-02-02T15:31:10.480+0000] {processor.py:830} INFO - Processing file /home/airflow/.local/lib/python3.8/site-packages/airflow/example_dags/example_python_operator.py for tasks to queue
[2024-02-02T15:31:10.482+0000] {logging_mixin.py:188} INFO - [2024-02-02T15:31:10.482+0000] {dagbag.py:538} INFO - Filling up the DagBag from /home/airflow/.local/lib/python3.8/site-packages/airflow/example_dags/example_python_operator.py
[2024-02-02T15:31:10.499+0000] {processor.py:840} INFO - DAG(s) 'example_python_operator' retrieved from /home/airflow/.local/lib/python3.8/site-packages/airflow/example_dags/example_python_operator.py
[2024-02-02T15:31:10.531+0000] {logging_mixin.py:188} INFO - [2024-02-02T15:31:10.531+0000] {dag.py:3036} INFO - Sync 1 DAGs
[2024-02-02T15:31:10.549+0000] {logging_mixin.py:188} INFO - [2024-02-02T15:31:10.548+0000] {dag.py:3823} INFO - Setting next_dagrun for example_python_operator to None, run_after=None
[2024-02-02T15:31:10.575+0000] {processor.py:183} INFO - Processing /home/airflow/.local/lib/python3.8/site-packages/airflow/example_dags/example_python_operator.py took 0.102 seconds
[2024-02-02T15:31:40.772+0000] {processor.py:161} INFO - Started process (PID=9293) to work on /home/airflow/.local/lib/python3.8/site-packages/airflow/example_dags/example_python_operator.py
[2024-02-02T15:31:40.774+0000] {processor.py:830} INFO - Processing file /home/airflow/.local/lib/python3.8/site-packages/airflow/example_dags/example_python_operator.py for tasks to queue
[2024-02-02T15:31:40.776+0000] {logging_mixin.py:188} INFO - [2024-02-02T15:31:40.775+0000] {dagbag.py:538} INFO - Filling up the DagBag from /home/airflow/.local/lib/python3.8/site-packages/airflow/example_dags/example_python_operator.py
[2024-02-02T15:31:40.794+0000] {processor.py:840} INFO - DAG(s) 'example_python_operator' retrieved from /home/airflow/.local/lib/python3.8/site-packages/airflow/example_dags/example_python_operator.py
[2024-02-02T15:31:40.829+0000] {logging_mixin.py:188} INFO - [2024-02-02T15:31:40.828+0000] {dag.py:3036} INFO - Sync 1 DAGs
[2024-02-02T15:31:40.855+0000] {logging_mixin.py:188} INFO - [2024-02-02T15:31:40.855+0000] {dag.py:3823} INFO - Setting next_dagrun for example_python_operator to None, run_after=None
[2024-02-02T15:31:40.890+0000] {processor.py:183} INFO - Processing /home/airflow/.local/lib/python3.8/site-packages/airflow/example_dags/example_python_operator.py took 0.124 seconds
[2024-02-02T15:32:11.108+0000] {processor.py:161} INFO - Started process (PID=9540) to work on /home/airflow/.local/lib/python3.8/site-packages/airflow/example_dags/example_python_operator.py
[2024-02-02T15:32:11.109+0000] {processor.py:830} INFO - Processing file /home/airflow/.local/lib/python3.8/site-packages/airflow/example_dags/example_python_operator.py for tasks to queue
[2024-02-02T15:32:11.111+0000] {logging_mixin.py:188} INFO - [2024-02-02T15:32:11.111+0000] {dagbag.py:538} INFO - Filling up the DagBag from /home/airflow/.local/lib/python3.8/site-packages/airflow/example_dags/example_python_operator.py
[2024-02-02T15:32:11.125+0000] {processor.py:840} INFO - DAG(s) 'example_python_operator' retrieved from /home/airflow/.local/lib/python3.8/site-packages/airflow/example_dags/example_python_operator.py
[2024-02-02T15:32:11.156+0000] {logging_mixin.py:188} INFO - [2024-02-02T15:32:11.155+0000] {dag.py:3036} INFO - Sync 1 DAGs
[2024-02-02T15:32:11.174+0000] {logging_mixin.py:188} INFO - [2024-02-02T15:32:11.174+0000] {dag.py:3823} INFO - Setting next_dagrun for example_python_operator to None, run_after=None
[2024-02-02T15:32:11.200+0000] {processor.py:183} INFO - Processing /home/airflow/.local/lib/python3.8/site-packages/airflow/example_dags/example_python_operator.py took 0.096 seconds
[2024-02-02T15:32:41.359+0000] {processor.py:161} INFO - Started process (PID=9787) to work on /home/airflow/.local/lib/python3.8/site-packages/airflow/example_dags/example_python_operator.py
[2024-02-02T15:32:41.361+0000] {processor.py:830} INFO - Processing file /home/airflow/.local/lib/python3.8/site-packages/airflow/example_dags/example_python_operator.py for tasks to queue
[2024-02-02T15:32:41.363+0000] {logging_mixin.py:188} INFO - [2024-02-02T15:32:41.362+0000] {dagbag.py:538} INFO - Filling up the DagBag from /home/airflow/.local/lib/python3.8/site-packages/airflow/example_dags/example_python_operator.py
[2024-02-02T15:32:41.378+0000] {processor.py:840} INFO - DAG(s) 'example_python_operator' retrieved from /home/airflow/.local/lib/python3.8/site-packages/airflow/example_dags/example_python_operator.py
[2024-02-02T15:32:41.411+0000] {logging_mixin.py:188} INFO - [2024-02-02T15:32:41.411+0000] {dag.py:3036} INFO - Sync 1 DAGs
[2024-02-02T15:32:41.427+0000] {logging_mixin.py:188} INFO - [2024-02-02T15:32:41.427+0000] {dag.py:3823} INFO - Setting next_dagrun for example_python_operator to None, run_after=None
[2024-02-02T15:32:41.451+0000] {processor.py:183} INFO - Processing /home/airflow/.local/lib/python3.8/site-packages/airflow/example_dags/example_python_operator.py took 0.096 seconds
[2024-02-02T15:33:12.331+0000] {processor.py:161} INFO - Started process (PID=10034) to work on /home/airflow/.local/lib/python3.8/site-packages/airflow/example_dags/example_python_operator.py
[2024-02-02T15:33:12.333+0000] {processor.py:830} INFO - Processing file /home/airflow/.local/lib/python3.8/site-packages/airflow/example_dags/example_python_operator.py for tasks to queue
[2024-02-02T15:33:12.334+0000] {logging_mixin.py:188} INFO - [2024-02-02T15:33:12.334+0000] {dagbag.py:538} INFO - Filling up the DagBag from /home/airflow/.local/lib/python3.8/site-packages/airflow/example_dags/example_python_operator.py
[2024-02-02T15:33:12.348+0000] {processor.py:840} INFO - DAG(s) 'example_python_operator' retrieved from /home/airflow/.local/lib/python3.8/site-packages/airflow/example_dags/example_python_operator.py
[2024-02-02T15:33:12.377+0000] {logging_mixin.py:188} INFO - [2024-02-02T15:33:12.376+0000] {dag.py:3036} INFO - Sync 1 DAGs
[2024-02-02T15:33:12.393+0000] {logging_mixin.py:188} INFO - [2024-02-02T15:33:12.393+0000] {dag.py:3823} INFO - Setting next_dagrun for example_python_operator to None, run_after=None
[2024-02-02T15:33:12.419+0000] {processor.py:183} INFO - Processing /home/airflow/.local/lib/python3.8/site-packages/airflow/example_dags/example_python_operator.py took 0.092 seconds
[2024-02-02T15:33:43.068+0000] {processor.py:161} INFO - Started process (PID=10281) to work on /home/airflow/.local/lib/python3.8/site-packages/airflow/example_dags/example_python_operator.py
[2024-02-02T15:33:43.070+0000] {processor.py:830} INFO - Processing file /home/airflow/.local/lib/python3.8/site-packages/airflow/example_dags/example_python_operator.py for tasks to queue
[2024-02-02T15:33:43.072+0000] {logging_mixin.py:188} INFO - [2024-02-02T15:33:43.071+0000] {dagbag.py:538} INFO - Filling up the DagBag from /home/airflow/.local/lib/python3.8/site-packages/airflow/example_dags/example_python_operator.py
[2024-02-02T15:33:43.088+0000] {processor.py:840} INFO - DAG(s) 'example_python_operator' retrieved from /home/airflow/.local/lib/python3.8/site-packages/airflow/example_dags/example_python_operator.py
[2024-02-02T15:33:43.123+0000] {logging_mixin.py:188} INFO - [2024-02-02T15:33:43.122+0000] {dag.py:3036} INFO - Sync 1 DAGs
[2024-02-02T15:33:43.146+0000] {logging_mixin.py:188} INFO - [2024-02-02T15:33:43.146+0000] {dag.py:3823} INFO - Setting next_dagrun for example_python_operator to None, run_after=None
[2024-02-02T15:33:43.180+0000] {processor.py:183} INFO - Processing /home/airflow/.local/lib/python3.8/site-packages/airflow/example_dags/example_python_operator.py took 0.117 seconds
[2024-02-02T15:34:13.421+0000] {processor.py:161} INFO - Started process (PID=10528) to work on /home/airflow/.local/lib/python3.8/site-packages/airflow/example_dags/example_python_operator.py
[2024-02-02T15:34:13.423+0000] {processor.py:830} INFO - Processing file /home/airflow/.local/lib/python3.8/site-packages/airflow/example_dags/example_python_operator.py for tasks to queue
[2024-02-02T15:34:13.424+0000] {logging_mixin.py:188} INFO - [2024-02-02T15:34:13.424+0000] {dagbag.py:538} INFO - Filling up the DagBag from /home/airflow/.local/lib/python3.8/site-packages/airflow/example_dags/example_python_operator.py
[2024-02-02T15:34:13.440+0000] {processor.py:840} INFO - DAG(s) 'example_python_operator' retrieved from /home/airflow/.local/lib/python3.8/site-packages/airflow/example_dags/example_python_operator.py
[2024-02-02T15:34:13.470+0000] {logging_mixin.py:188} INFO - [2024-02-02T15:34:13.469+0000] {dag.py:3036} INFO - Sync 1 DAGs
[2024-02-02T15:34:13.486+0000] {logging_mixin.py:188} INFO - [2024-02-02T15:34:13.486+0000] {dag.py:3823} INFO - Setting next_dagrun for example_python_operator to None, run_after=None
[2024-02-02T15:34:13.510+0000] {processor.py:183} INFO - Processing /home/airflow/.local/lib/python3.8/site-packages/airflow/example_dags/example_python_operator.py took 0.092 seconds
[2024-02-02T15:34:43.771+0000] {processor.py:161} INFO - Started process (PID=10775) to work on /home/airflow/.local/lib/python3.8/site-packages/airflow/example_dags/example_python_operator.py
[2024-02-02T15:34:43.773+0000] {processor.py:830} INFO - Processing file /home/airflow/.local/lib/python3.8/site-packages/airflow/example_dags/example_python_operator.py for tasks to queue
[2024-02-02T15:34:43.774+0000] {logging_mixin.py:188} INFO - [2024-02-02T15:34:43.774+0000] {dagbag.py:538} INFO - Filling up the DagBag from /home/airflow/.local/lib/python3.8/site-packages/airflow/example_dags/example_python_operator.py
[2024-02-02T15:34:43.789+0000] {processor.py:840} INFO - DAG(s) 'example_python_operator' retrieved from /home/airflow/.local/lib/python3.8/site-packages/airflow/example_dags/example_python_operator.py
[2024-02-02T15:34:43.817+0000] {logging_mixin.py:188} INFO - [2024-02-02T15:34:43.817+0000] {dag.py:3036} INFO - Sync 1 DAGs
[2024-02-02T15:34:43.836+0000] {logging_mixin.py:188} INFO - [2024-02-02T15:34:43.836+0000] {dag.py:3823} INFO - Setting next_dagrun for example_python_operator to None, run_after=None
[2024-02-02T15:34:43.865+0000] {processor.py:183} INFO - Processing /home/airflow/.local/lib/python3.8/site-packages/airflow/example_dags/example_python_operator.py took 0.099 seconds
[2024-02-02T15:35:14.072+0000] {processor.py:161} INFO - Started process (PID=11022) to work on /home/airflow/.local/lib/python3.8/site-packages/airflow/example_dags/example_python_operator.py
[2024-02-02T15:35:14.073+0000] {processor.py:830} INFO - Processing file /home/airflow/.local/lib/python3.8/site-packages/airflow/example_dags/example_python_operator.py for tasks to queue
[2024-02-02T15:35:14.075+0000] {logging_mixin.py:188} INFO - [2024-02-02T15:35:14.074+0000] {dagbag.py:538} INFO - Filling up the DagBag from /home/airflow/.local/lib/python3.8/site-packages/airflow/example_dags/example_python_operator.py
[2024-02-02T15:35:14.093+0000] {processor.py:840} INFO - DAG(s) 'example_python_operator' retrieved from /home/airflow/.local/lib/python3.8/site-packages/airflow/example_dags/example_python_operator.py
[2024-02-02T15:35:14.129+0000] {logging_mixin.py:188} INFO - [2024-02-02T15:35:14.129+0000] {dag.py:3036} INFO - Sync 1 DAGs
[2024-02-02T15:35:14.149+0000] {logging_mixin.py:188} INFO - [2024-02-02T15:35:14.148+0000] {dag.py:3823} INFO - Setting next_dagrun for example_python_operator to None, run_after=None
[2024-02-02T15:35:14.178+0000] {processor.py:183} INFO - Processing /home/airflow/.local/lib/python3.8/site-packages/airflow/example_dags/example_python_operator.py took 0.111 seconds
[2024-02-02T15:35:44.809+0000] {processor.py:161} INFO - Started process (PID=11269) to work on /home/airflow/.local/lib/python3.8/site-packages/airflow/example_dags/example_python_operator.py
[2024-02-02T15:35:44.810+0000] {processor.py:830} INFO - Processing file /home/airflow/.local/lib/python3.8/site-packages/airflow/example_dags/example_python_operator.py for tasks to queue
[2024-02-02T15:35:44.812+0000] {logging_mixin.py:188} INFO - [2024-02-02T15:35:44.811+0000] {dagbag.py:538} INFO - Filling up the DagBag from /home/airflow/.local/lib/python3.8/site-packages/airflow/example_dags/example_python_operator.py
[2024-02-02T15:35:44.827+0000] {processor.py:840} INFO - DAG(s) 'example_python_operator' retrieved from /home/airflow/.local/lib/python3.8/site-packages/airflow/example_dags/example_python_operator.py
[2024-02-02T15:35:44.856+0000] {logging_mixin.py:188} INFO - [2024-02-02T15:35:44.856+0000] {dag.py:3036} INFO - Sync 1 DAGs
[2024-02-02T15:35:44.873+0000] {logging_mixin.py:188} INFO - [2024-02-02T15:35:44.872+0000] {dag.py:3823} INFO - Setting next_dagrun for example_python_operator to None, run_after=None
[2024-02-02T15:35:44.897+0000] {processor.py:183} INFO - Processing /home/airflow/.local/lib/python3.8/site-packages/airflow/example_dags/example_python_operator.py took 0.093 seconds
