[2024-02-02T15:13:17.640+0000] {processor.py:161} INFO - Started process (PID=241) to work on /home/airflow/.local/lib/python3.8/site-packages/airflow/example_dags/example_branch_labels.py
[2024-02-02T15:13:17.642+0000] {processor.py:830} INFO - Processing file /home/airflow/.local/lib/python3.8/site-packages/airflow/example_dags/example_branch_labels.py for tasks to queue
[2024-02-02T15:13:17.644+0000] {logging_mixin.py:188} INFO - [2024-02-02T15:13:17.643+0000] {dagbag.py:538} INFO - Filling up the DagBag from /home/airflow/.local/lib/python3.8/site-packages/airflow/example_dags/example_branch_labels.py
[2024-02-02T15:13:17.658+0000] {processor.py:840} INFO - DAG(s) 'example_branch_labels' retrieved from /home/airflow/.local/lib/python3.8/site-packages/airflow/example_dags/example_branch_labels.py
[2024-02-02T15:13:17.673+0000] {logging_mixin.py:188} INFO - [2024-02-02T15:13:17.673+0000] {dag.py:3036} INFO - Sync 1 DAGs
[2024-02-02T15:13:17.707+0000] {logging_mixin.py:188} INFO - [2024-02-02T15:13:17.707+0000] {dag.py:3823} INFO - Setting next_dagrun for example_branch_labels to 2024-02-01 00:00:00+00:00, run_after=2024-02-02 00:00:00+00:00
[2024-02-02T15:13:17.733+0000] {processor.py:183} INFO - Processing /home/airflow/.local/lib/python3.8/site-packages/airflow/example_dags/example_branch_labels.py took 0.097 seconds
[2024-02-02T15:13:49.318+0000] {processor.py:161} INFO - Started process (PID=488) to work on /home/airflow/.local/lib/python3.8/site-packages/airflow/example_dags/example_branch_labels.py
[2024-02-02T15:13:49.320+0000] {processor.py:830} INFO - Processing file /home/airflow/.local/lib/python3.8/site-packages/airflow/example_dags/example_branch_labels.py for tasks to queue
[2024-02-02T15:13:49.322+0000] {logging_mixin.py:188} INFO - [2024-02-02T15:13:49.321+0000] {dagbag.py:538} INFO - Filling up the DagBag from /home/airflow/.local/lib/python3.8/site-packages/airflow/example_dags/example_branch_labels.py
[2024-02-02T15:13:49.337+0000] {processor.py:840} INFO - DAG(s) 'example_branch_labels' retrieved from /home/airflow/.local/lib/python3.8/site-packages/airflow/example_dags/example_branch_labels.py
[2024-02-02T15:13:49.513+0000] {logging_mixin.py:188} INFO - [2024-02-02T15:13:49.512+0000] {dag.py:3036} INFO - Sync 1 DAGs
[2024-02-02T15:13:49.546+0000] {logging_mixin.py:188} INFO - [2024-02-02T15:13:49.546+0000] {dag.py:3823} INFO - Setting next_dagrun for example_branch_labels to 2024-02-01 00:00:00+00:00, run_after=2024-02-02 00:00:00+00:00
[2024-02-02T15:13:49.577+0000] {processor.py:183} INFO - Processing /home/airflow/.local/lib/python3.8/site-packages/airflow/example_dags/example_branch_labels.py took 0.263 seconds
[2024-02-02T15:14:20.277+0000] {processor.py:161} INFO - Started process (PID=735) to work on /home/airflow/.local/lib/python3.8/site-packages/airflow/example_dags/example_branch_labels.py
[2024-02-02T15:14:20.279+0000] {processor.py:830} INFO - Processing file /home/airflow/.local/lib/python3.8/site-packages/airflow/example_dags/example_branch_labels.py for tasks to queue
[2024-02-02T15:14:20.280+0000] {logging_mixin.py:188} INFO - [2024-02-02T15:14:20.280+0000] {dagbag.py:538} INFO - Filling up the DagBag from /home/airflow/.local/lib/python3.8/site-packages/airflow/example_dags/example_branch_labels.py
[2024-02-02T15:14:20.308+0000] {processor.py:840} INFO - DAG(s) 'example_branch_labels' retrieved from /home/airflow/.local/lib/python3.8/site-packages/airflow/example_dags/example_branch_labels.py
[2024-02-02T15:14:20.341+0000] {logging_mixin.py:188} INFO - [2024-02-02T15:14:20.340+0000] {dag.py:3036} INFO - Sync 1 DAGs
[2024-02-02T15:14:20.374+0000] {logging_mixin.py:188} INFO - [2024-02-02T15:14:20.374+0000] {dag.py:3823} INFO - Setting next_dagrun for example_branch_labels to 2024-02-01 00:00:00+00:00, run_after=2024-02-02 00:00:00+00:00
[2024-02-02T15:14:20.399+0000] {processor.py:183} INFO - Processing /home/airflow/.local/lib/python3.8/site-packages/airflow/example_dags/example_branch_labels.py took 0.128 seconds
[2024-02-02T15:14:50.778+0000] {processor.py:161} INFO - Started process (PID=982) to work on /home/airflow/.local/lib/python3.8/site-packages/airflow/example_dags/example_branch_labels.py
[2024-02-02T15:14:50.779+0000] {processor.py:830} INFO - Processing file /home/airflow/.local/lib/python3.8/site-packages/airflow/example_dags/example_branch_labels.py for tasks to queue
[2024-02-02T15:14:50.781+0000] {logging_mixin.py:188} INFO - [2024-02-02T15:14:50.780+0000] {dagbag.py:538} INFO - Filling up the DagBag from /home/airflow/.local/lib/python3.8/site-packages/airflow/example_dags/example_branch_labels.py
[2024-02-02T15:14:50.793+0000] {processor.py:840} INFO - DAG(s) 'example_branch_labels' retrieved from /home/airflow/.local/lib/python3.8/site-packages/airflow/example_dags/example_branch_labels.py
[2024-02-02T15:14:50.819+0000] {logging_mixin.py:188} INFO - [2024-02-02T15:14:50.819+0000] {dag.py:3036} INFO - Sync 1 DAGs
[2024-02-02T15:14:50.847+0000] {logging_mixin.py:188} INFO - [2024-02-02T15:14:50.847+0000] {dag.py:3823} INFO - Setting next_dagrun for example_branch_labels to 2024-02-01 00:00:00+00:00, run_after=2024-02-02 00:00:00+00:00
[2024-02-02T15:14:50.870+0000] {processor.py:183} INFO - Processing /home/airflow/.local/lib/python3.8/site-packages/airflow/example_dags/example_branch_labels.py took 0.096 seconds
[2024-02-02T15:15:20.939+0000] {processor.py:161} INFO - Started process (PID=1224) to work on /home/airflow/.local/lib/python3.8/site-packages/airflow/example_dags/example_branch_labels.py
[2024-02-02T15:15:20.941+0000] {processor.py:830} INFO - Processing file /home/airflow/.local/lib/python3.8/site-packages/airflow/example_dags/example_branch_labels.py for tasks to queue
[2024-02-02T15:15:20.942+0000] {logging_mixin.py:188} INFO - [2024-02-02T15:15:20.942+0000] {dagbag.py:538} INFO - Filling up the DagBag from /home/airflow/.local/lib/python3.8/site-packages/airflow/example_dags/example_branch_labels.py
[2024-02-02T15:15:20.953+0000] {processor.py:840} INFO - DAG(s) 'example_branch_labels' retrieved from /home/airflow/.local/lib/python3.8/site-packages/airflow/example_dags/example_branch_labels.py
[2024-02-02T15:15:20.986+0000] {logging_mixin.py:188} INFO - [2024-02-02T15:15:20.986+0000] {dag.py:3036} INFO - Sync 1 DAGs
[2024-02-02T15:15:21.015+0000] {logging_mixin.py:188} INFO - [2024-02-02T15:15:21.015+0000] {dag.py:3823} INFO - Setting next_dagrun for example_branch_labels to 2024-02-01 00:00:00+00:00, run_after=2024-02-02 00:00:00+00:00
[2024-02-02T15:15:21.040+0000] {processor.py:183} INFO - Processing /home/airflow/.local/lib/python3.8/site-packages/airflow/example_dags/example_branch_labels.py took 0.105 seconds
[2024-02-02T15:15:51.199+0000] {processor.py:161} INFO - Started process (PID=1471) to work on /home/airflow/.local/lib/python3.8/site-packages/airflow/example_dags/example_branch_labels.py
[2024-02-02T15:15:51.200+0000] {processor.py:830} INFO - Processing file /home/airflow/.local/lib/python3.8/site-packages/airflow/example_dags/example_branch_labels.py for tasks to queue
[2024-02-02T15:15:51.202+0000] {logging_mixin.py:188} INFO - [2024-02-02T15:15:51.202+0000] {dagbag.py:538} INFO - Filling up the DagBag from /home/airflow/.local/lib/python3.8/site-packages/airflow/example_dags/example_branch_labels.py
[2024-02-02T15:15:51.214+0000] {processor.py:840} INFO - DAG(s) 'example_branch_labels' retrieved from /home/airflow/.local/lib/python3.8/site-packages/airflow/example_dags/example_branch_labels.py
[2024-02-02T15:15:51.252+0000] {logging_mixin.py:188} INFO - [2024-02-02T15:15:51.251+0000] {dag.py:3036} INFO - Sync 1 DAGs
[2024-02-02T15:15:51.284+0000] {logging_mixin.py:188} INFO - [2024-02-02T15:15:51.284+0000] {dag.py:3823} INFO - Setting next_dagrun for example_branch_labels to 2024-02-01 00:00:00+00:00, run_after=2024-02-02 00:00:00+00:00
[2024-02-02T15:15:51.317+0000] {processor.py:183} INFO - Processing /home/airflow/.local/lib/python3.8/site-packages/airflow/example_dags/example_branch_labels.py took 0.122 seconds
[2024-02-02T15:16:21.580+0000] {processor.py:161} INFO - Started process (PID=1718) to work on /home/airflow/.local/lib/python3.8/site-packages/airflow/example_dags/example_branch_labels.py
[2024-02-02T15:16:21.582+0000] {processor.py:830} INFO - Processing file /home/airflow/.local/lib/python3.8/site-packages/airflow/example_dags/example_branch_labels.py for tasks to queue
[2024-02-02T15:16:21.584+0000] {logging_mixin.py:188} INFO - [2024-02-02T15:16:21.583+0000] {dagbag.py:538} INFO - Filling up the DagBag from /home/airflow/.local/lib/python3.8/site-packages/airflow/example_dags/example_branch_labels.py
[2024-02-02T15:16:21.602+0000] {processor.py:840} INFO - DAG(s) 'example_branch_labels' retrieved from /home/airflow/.local/lib/python3.8/site-packages/airflow/example_dags/example_branch_labels.py
[2024-02-02T15:16:21.644+0000] {logging_mixin.py:188} INFO - [2024-02-02T15:16:21.644+0000] {dag.py:3036} INFO - Sync 1 DAGs
[2024-02-02T15:16:21.688+0000] {logging_mixin.py:188} INFO - [2024-02-02T15:16:21.688+0000] {dag.py:3823} INFO - Setting next_dagrun for example_branch_labels to 2024-02-01 00:00:00+00:00, run_after=2024-02-02 00:00:00+00:00
[2024-02-02T15:16:21.731+0000] {processor.py:183} INFO - Processing /home/airflow/.local/lib/python3.8/site-packages/airflow/example_dags/example_branch_labels.py took 0.159 seconds
[2024-02-02T15:16:51.937+0000] {processor.py:161} INFO - Started process (PID=1965) to work on /home/airflow/.local/lib/python3.8/site-packages/airflow/example_dags/example_branch_labels.py
[2024-02-02T15:16:51.938+0000] {processor.py:830} INFO - Processing file /home/airflow/.local/lib/python3.8/site-packages/airflow/example_dags/example_branch_labels.py for tasks to queue
[2024-02-02T15:16:51.940+0000] {logging_mixin.py:188} INFO - [2024-02-02T15:16:51.939+0000] {dagbag.py:538} INFO - Filling up the DagBag from /home/airflow/.local/lib/python3.8/site-packages/airflow/example_dags/example_branch_labels.py
[2024-02-02T15:16:51.954+0000] {processor.py:840} INFO - DAG(s) 'example_branch_labels' retrieved from /home/airflow/.local/lib/python3.8/site-packages/airflow/example_dags/example_branch_labels.py
[2024-02-02T15:16:51.989+0000] {logging_mixin.py:188} INFO - [2024-02-02T15:16:51.989+0000] {dag.py:3036} INFO - Sync 1 DAGs
[2024-02-02T15:16:52.024+0000] {logging_mixin.py:188} INFO - [2024-02-02T15:16:52.023+0000] {dag.py:3823} INFO - Setting next_dagrun for example_branch_labels to 2024-02-01 00:00:00+00:00, run_after=2024-02-02 00:00:00+00:00
[2024-02-02T15:16:52.056+0000] {processor.py:183} INFO - Processing /home/airflow/.local/lib/python3.8/site-packages/airflow/example_dags/example_branch_labels.py took 0.123 seconds
[2024-02-02T15:17:22.468+0000] {processor.py:161} INFO - Started process (PID=2212) to work on /home/airflow/.local/lib/python3.8/site-packages/airflow/example_dags/example_branch_labels.py
[2024-02-02T15:17:22.470+0000] {processor.py:830} INFO - Processing file /home/airflow/.local/lib/python3.8/site-packages/airflow/example_dags/example_branch_labels.py for tasks to queue
[2024-02-02T15:17:22.471+0000] {logging_mixin.py:188} INFO - [2024-02-02T15:17:22.471+0000] {dagbag.py:538} INFO - Filling up the DagBag from /home/airflow/.local/lib/python3.8/site-packages/airflow/example_dags/example_branch_labels.py
[2024-02-02T15:17:22.483+0000] {processor.py:840} INFO - DAG(s) 'example_branch_labels' retrieved from /home/airflow/.local/lib/python3.8/site-packages/airflow/example_dags/example_branch_labels.py
[2024-02-02T15:17:22.518+0000] {logging_mixin.py:188} INFO - [2024-02-02T15:17:22.517+0000] {dag.py:3036} INFO - Sync 1 DAGs
[2024-02-02T15:17:22.556+0000] {logging_mixin.py:188} INFO - [2024-02-02T15:17:22.555+0000] {dag.py:3823} INFO - Setting next_dagrun for example_branch_labels to 2024-02-01 00:00:00+00:00, run_after=2024-02-02 00:00:00+00:00
[2024-02-02T15:17:22.589+0000] {processor.py:183} INFO - Processing /home/airflow/.local/lib/python3.8/site-packages/airflow/example_dags/example_branch_labels.py took 0.126 seconds
[2024-02-02T15:17:52.848+0000] {processor.py:161} INFO - Started process (PID=2459) to work on /home/airflow/.local/lib/python3.8/site-packages/airflow/example_dags/example_branch_labels.py
[2024-02-02T15:17:52.851+0000] {processor.py:830} INFO - Processing file /home/airflow/.local/lib/python3.8/site-packages/airflow/example_dags/example_branch_labels.py for tasks to queue
[2024-02-02T15:17:52.852+0000] {logging_mixin.py:188} INFO - [2024-02-02T15:17:52.852+0000] {dagbag.py:538} INFO - Filling up the DagBag from /home/airflow/.local/lib/python3.8/site-packages/airflow/example_dags/example_branch_labels.py
[2024-02-02T15:17:52.868+0000] {processor.py:840} INFO - DAG(s) 'example_branch_labels' retrieved from /home/airflow/.local/lib/python3.8/site-packages/airflow/example_dags/example_branch_labels.py
[2024-02-02T15:17:52.907+0000] {logging_mixin.py:188} INFO - [2024-02-02T15:17:52.906+0000] {dag.py:3036} INFO - Sync 1 DAGs
[2024-02-02T15:17:52.954+0000] {logging_mixin.py:188} INFO - [2024-02-02T15:17:52.953+0000] {dag.py:3823} INFO - Setting next_dagrun for example_branch_labels to 2024-02-01 00:00:00+00:00, run_after=2024-02-02 00:00:00+00:00
[2024-02-02T15:17:52.990+0000] {processor.py:183} INFO - Processing /home/airflow/.local/lib/python3.8/site-packages/airflow/example_dags/example_branch_labels.py took 0.149 seconds
[2024-02-02T15:18:23.162+0000] {processor.py:161} INFO - Started process (PID=2754) to work on /home/airflow/.local/lib/python3.8/site-packages/airflow/example_dags/example_branch_labels.py
[2024-02-02T15:18:23.164+0000] {processor.py:830} INFO - Processing file /home/airflow/.local/lib/python3.8/site-packages/airflow/example_dags/example_branch_labels.py for tasks to queue
[2024-02-02T15:18:23.166+0000] {logging_mixin.py:188} INFO - [2024-02-02T15:18:23.166+0000] {dagbag.py:538} INFO - Filling up the DagBag from /home/airflow/.local/lib/python3.8/site-packages/airflow/example_dags/example_branch_labels.py
[2024-02-02T15:18:23.182+0000] {processor.py:840} INFO - DAG(s) 'example_branch_labels' retrieved from /home/airflow/.local/lib/python3.8/site-packages/airflow/example_dags/example_branch_labels.py
[2024-02-02T15:18:23.221+0000] {logging_mixin.py:188} INFO - [2024-02-02T15:18:23.220+0000] {dag.py:3036} INFO - Sync 1 DAGs
[2024-02-02T15:18:23.262+0000] {logging_mixin.py:188} INFO - [2024-02-02T15:18:23.262+0000] {dag.py:3823} INFO - Setting next_dagrun for example_branch_labels to 2024-02-01 00:00:00+00:00, run_after=2024-02-02 00:00:00+00:00
[2024-02-02T15:18:23.291+0000] {processor.py:183} INFO - Processing /home/airflow/.local/lib/python3.8/site-packages/airflow/example_dags/example_branch_labels.py took 0.133 seconds
[2024-02-02T15:18:53.615+0000] {processor.py:161} INFO - Started process (PID=3001) to work on /home/airflow/.local/lib/python3.8/site-packages/airflow/example_dags/example_branch_labels.py
[2024-02-02T15:18:53.621+0000] {processor.py:830} INFO - Processing file /home/airflow/.local/lib/python3.8/site-packages/airflow/example_dags/example_branch_labels.py for tasks to queue
[2024-02-02T15:18:53.624+0000] {logging_mixin.py:188} INFO - [2024-02-02T15:18:53.623+0000] {dagbag.py:538} INFO - Filling up the DagBag from /home/airflow/.local/lib/python3.8/site-packages/airflow/example_dags/example_branch_labels.py
[2024-02-02T15:18:53.653+0000] {processor.py:840} INFO - DAG(s) 'example_branch_labels' retrieved from /home/airflow/.local/lib/python3.8/site-packages/airflow/example_dags/example_branch_labels.py
[2024-02-02T15:18:53.710+0000] {logging_mixin.py:188} INFO - [2024-02-02T15:18:53.710+0000] {dag.py:3036} INFO - Sync 1 DAGs
[2024-02-02T15:18:53.784+0000] {logging_mixin.py:188} INFO - [2024-02-02T15:18:53.784+0000] {dag.py:3823} INFO - Setting next_dagrun for example_branch_labels to 2024-02-01 00:00:00+00:00, run_after=2024-02-02 00:00:00+00:00
[2024-02-02T15:18:53.833+0000] {processor.py:183} INFO - Processing /home/airflow/.local/lib/python3.8/site-packages/airflow/example_dags/example_branch_labels.py took 0.228 seconds
[2024-02-02T15:19:23.975+0000] {processor.py:161} INFO - Started process (PID=3249) to work on /home/airflow/.local/lib/python3.8/site-packages/airflow/example_dags/example_branch_labels.py
[2024-02-02T15:19:23.977+0000] {processor.py:830} INFO - Processing file /home/airflow/.local/lib/python3.8/site-packages/airflow/example_dags/example_branch_labels.py for tasks to queue
[2024-02-02T15:19:23.979+0000] {logging_mixin.py:188} INFO - [2024-02-02T15:19:23.978+0000] {dagbag.py:538} INFO - Filling up the DagBag from /home/airflow/.local/lib/python3.8/site-packages/airflow/example_dags/example_branch_labels.py
[2024-02-02T15:19:23.996+0000] {processor.py:840} INFO - DAG(s) 'example_branch_labels' retrieved from /home/airflow/.local/lib/python3.8/site-packages/airflow/example_dags/example_branch_labels.py
[2024-02-02T15:19:24.032+0000] {logging_mixin.py:188} INFO - [2024-02-02T15:19:24.031+0000] {dag.py:3036} INFO - Sync 1 DAGs
[2024-02-02T15:19:24.075+0000] {logging_mixin.py:188} INFO - [2024-02-02T15:19:24.075+0000] {dag.py:3823} INFO - Setting next_dagrun for example_branch_labels to 2024-02-01 00:00:00+00:00, run_after=2024-02-02 00:00:00+00:00
[2024-02-02T15:19:24.106+0000] {processor.py:183} INFO - Processing /home/airflow/.local/lib/python3.8/site-packages/airflow/example_dags/example_branch_labels.py took 0.135 seconds
[2024-02-02T15:19:54.487+0000] {processor.py:161} INFO - Started process (PID=3496) to work on /home/airflow/.local/lib/python3.8/site-packages/airflow/example_dags/example_branch_labels.py
[2024-02-02T15:19:54.489+0000] {processor.py:830} INFO - Processing file /home/airflow/.local/lib/python3.8/site-packages/airflow/example_dags/example_branch_labels.py for tasks to queue
[2024-02-02T15:19:54.490+0000] {logging_mixin.py:188} INFO - [2024-02-02T15:19:54.490+0000] {dagbag.py:538} INFO - Filling up the DagBag from /home/airflow/.local/lib/python3.8/site-packages/airflow/example_dags/example_branch_labels.py
[2024-02-02T15:19:54.499+0000] {processor.py:840} INFO - DAG(s) 'example_branch_labels' retrieved from /home/airflow/.local/lib/python3.8/site-packages/airflow/example_dags/example_branch_labels.py
[2024-02-02T15:19:54.528+0000] {logging_mixin.py:188} INFO - [2024-02-02T15:19:54.527+0000] {dag.py:3036} INFO - Sync 1 DAGs
[2024-02-02T15:19:54.562+0000] {logging_mixin.py:188} INFO - [2024-02-02T15:19:54.562+0000] {dag.py:3823} INFO - Setting next_dagrun for example_branch_labels to 2024-02-01 00:00:00+00:00, run_after=2024-02-02 00:00:00+00:00
[2024-02-02T15:19:54.589+0000] {processor.py:183} INFO - Processing /home/airflow/.local/lib/python3.8/site-packages/airflow/example_dags/example_branch_labels.py took 0.107 seconds
[2024-02-02T15:20:24.989+0000] {processor.py:161} INFO - Started process (PID=3743) to work on /home/airflow/.local/lib/python3.8/site-packages/airflow/example_dags/example_branch_labels.py
[2024-02-02T15:20:24.990+0000] {processor.py:830} INFO - Processing file /home/airflow/.local/lib/python3.8/site-packages/airflow/example_dags/example_branch_labels.py for tasks to queue
[2024-02-02T15:20:24.992+0000] {logging_mixin.py:188} INFO - [2024-02-02T15:20:24.992+0000] {dagbag.py:538} INFO - Filling up the DagBag from /home/airflow/.local/lib/python3.8/site-packages/airflow/example_dags/example_branch_labels.py
[2024-02-02T15:20:25.002+0000] {processor.py:840} INFO - DAG(s) 'example_branch_labels' retrieved from /home/airflow/.local/lib/python3.8/site-packages/airflow/example_dags/example_branch_labels.py
[2024-02-02T15:20:25.029+0000] {logging_mixin.py:188} INFO - [2024-02-02T15:20:25.029+0000] {dag.py:3036} INFO - Sync 1 DAGs
[2024-02-02T15:20:25.058+0000] {logging_mixin.py:188} INFO - [2024-02-02T15:20:25.058+0000] {dag.py:3823} INFO - Setting next_dagrun for example_branch_labels to 2024-02-01 00:00:00+00:00, run_after=2024-02-02 00:00:00+00:00
[2024-02-02T15:20:25.083+0000] {processor.py:183} INFO - Processing /home/airflow/.local/lib/python3.8/site-packages/airflow/example_dags/example_branch_labels.py took 0.100 seconds
[2024-02-02T15:20:55.359+0000] {processor.py:161} INFO - Started process (PID=3990) to work on /home/airflow/.local/lib/python3.8/site-packages/airflow/example_dags/example_branch_labels.py
[2024-02-02T15:20:55.360+0000] {processor.py:830} INFO - Processing file /home/airflow/.local/lib/python3.8/site-packages/airflow/example_dags/example_branch_labels.py for tasks to queue
[2024-02-02T15:20:55.362+0000] {logging_mixin.py:188} INFO - [2024-02-02T15:20:55.362+0000] {dagbag.py:538} INFO - Filling up the DagBag from /home/airflow/.local/lib/python3.8/site-packages/airflow/example_dags/example_branch_labels.py
[2024-02-02T15:20:55.374+0000] {processor.py:840} INFO - DAG(s) 'example_branch_labels' retrieved from /home/airflow/.local/lib/python3.8/site-packages/airflow/example_dags/example_branch_labels.py
[2024-02-02T15:20:55.401+0000] {logging_mixin.py:188} INFO - [2024-02-02T15:20:55.400+0000] {dag.py:3036} INFO - Sync 1 DAGs
[2024-02-02T15:20:55.429+0000] {logging_mixin.py:188} INFO - [2024-02-02T15:20:55.429+0000] {dag.py:3823} INFO - Setting next_dagrun for example_branch_labels to 2024-02-01 00:00:00+00:00, run_after=2024-02-02 00:00:00+00:00
[2024-02-02T15:20:55.454+0000] {processor.py:183} INFO - Processing /home/airflow/.local/lib/python3.8/site-packages/airflow/example_dags/example_branch_labels.py took 0.099 seconds
[2024-02-02T15:21:25.727+0000] {processor.py:161} INFO - Started process (PID=4237) to work on /home/airflow/.local/lib/python3.8/site-packages/airflow/example_dags/example_branch_labels.py
[2024-02-02T15:21:25.728+0000] {processor.py:830} INFO - Processing file /home/airflow/.local/lib/python3.8/site-packages/airflow/example_dags/example_branch_labels.py for tasks to queue
[2024-02-02T15:21:25.730+0000] {logging_mixin.py:188} INFO - [2024-02-02T15:21:25.729+0000] {dagbag.py:538} INFO - Filling up the DagBag from /home/airflow/.local/lib/python3.8/site-packages/airflow/example_dags/example_branch_labels.py
[2024-02-02T15:21:25.740+0000] {processor.py:840} INFO - DAG(s) 'example_branch_labels' retrieved from /home/airflow/.local/lib/python3.8/site-packages/airflow/example_dags/example_branch_labels.py
[2024-02-02T15:21:25.767+0000] {logging_mixin.py:188} INFO - [2024-02-02T15:21:25.767+0000] {dag.py:3036} INFO - Sync 1 DAGs
[2024-02-02T15:21:25.796+0000] {logging_mixin.py:188} INFO - [2024-02-02T15:21:25.796+0000] {dag.py:3823} INFO - Setting next_dagrun for example_branch_labels to 2024-02-01 00:00:00+00:00, run_after=2024-02-02 00:00:00+00:00
[2024-02-02T15:21:25.824+0000] {processor.py:183} INFO - Processing /home/airflow/.local/lib/python3.8/site-packages/airflow/example_dags/example_branch_labels.py took 0.102 seconds
[2024-02-02T15:21:56.031+0000] {processor.py:161} INFO - Started process (PID=4484) to work on /home/airflow/.local/lib/python3.8/site-packages/airflow/example_dags/example_branch_labels.py
[2024-02-02T15:21:56.032+0000] {processor.py:830} INFO - Processing file /home/airflow/.local/lib/python3.8/site-packages/airflow/example_dags/example_branch_labels.py for tasks to queue
[2024-02-02T15:21:56.034+0000] {logging_mixin.py:188} INFO - [2024-02-02T15:21:56.033+0000] {dagbag.py:538} INFO - Filling up the DagBag from /home/airflow/.local/lib/python3.8/site-packages/airflow/example_dags/example_branch_labels.py
[2024-02-02T15:21:56.044+0000] {processor.py:840} INFO - DAG(s) 'example_branch_labels' retrieved from /home/airflow/.local/lib/python3.8/site-packages/airflow/example_dags/example_branch_labels.py
[2024-02-02T15:21:56.069+0000] {logging_mixin.py:188} INFO - [2024-02-02T15:21:56.069+0000] {dag.py:3036} INFO - Sync 1 DAGs
[2024-02-02T15:21:56.098+0000] {logging_mixin.py:188} INFO - [2024-02-02T15:21:56.097+0000] {dag.py:3823} INFO - Setting next_dagrun for example_branch_labels to 2024-02-01 00:00:00+00:00, run_after=2024-02-02 00:00:00+00:00
[2024-02-02T15:21:56.123+0000] {processor.py:183} INFO - Processing /home/airflow/.local/lib/python3.8/site-packages/airflow/example_dags/example_branch_labels.py took 0.096 seconds
[2024-02-02T15:22:26.488+0000] {processor.py:161} INFO - Started process (PID=4731) to work on /home/airflow/.local/lib/python3.8/site-packages/airflow/example_dags/example_branch_labels.py
[2024-02-02T15:22:26.490+0000] {processor.py:830} INFO - Processing file /home/airflow/.local/lib/python3.8/site-packages/airflow/example_dags/example_branch_labels.py for tasks to queue
[2024-02-02T15:22:26.491+0000] {logging_mixin.py:188} INFO - [2024-02-02T15:22:26.491+0000] {dagbag.py:538} INFO - Filling up the DagBag from /home/airflow/.local/lib/python3.8/site-packages/airflow/example_dags/example_branch_labels.py
[2024-02-02T15:22:26.501+0000] {processor.py:840} INFO - DAG(s) 'example_branch_labels' retrieved from /home/airflow/.local/lib/python3.8/site-packages/airflow/example_dags/example_branch_labels.py
[2024-02-02T15:22:26.526+0000] {logging_mixin.py:188} INFO - [2024-02-02T15:22:26.526+0000] {dag.py:3036} INFO - Sync 1 DAGs
[2024-02-02T15:22:26.553+0000] {logging_mixin.py:188} INFO - [2024-02-02T15:22:26.553+0000] {dag.py:3823} INFO - Setting next_dagrun for example_branch_labels to 2024-02-01 00:00:00+00:00, run_after=2024-02-02 00:00:00+00:00
[2024-02-02T15:22:26.587+0000] {processor.py:183} INFO - Processing /home/airflow/.local/lib/python3.8/site-packages/airflow/example_dags/example_branch_labels.py took 0.103 seconds
[2024-02-02T15:22:57.484+0000] {processor.py:161} INFO - Started process (PID=4978) to work on /home/airflow/.local/lib/python3.8/site-packages/airflow/example_dags/example_branch_labels.py
[2024-02-02T15:22:57.485+0000] {processor.py:830} INFO - Processing file /home/airflow/.local/lib/python3.8/site-packages/airflow/example_dags/example_branch_labels.py for tasks to queue
[2024-02-02T15:22:57.487+0000] {logging_mixin.py:188} INFO - [2024-02-02T15:22:57.486+0000] {dagbag.py:538} INFO - Filling up the DagBag from /home/airflow/.local/lib/python3.8/site-packages/airflow/example_dags/example_branch_labels.py
[2024-02-02T15:22:57.497+0000] {processor.py:840} INFO - DAG(s) 'example_branch_labels' retrieved from /home/airflow/.local/lib/python3.8/site-packages/airflow/example_dags/example_branch_labels.py
[2024-02-02T15:22:57.525+0000] {logging_mixin.py:188} INFO - [2024-02-02T15:22:57.524+0000] {dag.py:3036} INFO - Sync 1 DAGs
[2024-02-02T15:22:57.552+0000] {logging_mixin.py:188} INFO - [2024-02-02T15:22:57.552+0000] {dag.py:3823} INFO - Setting next_dagrun for example_branch_labels to 2024-02-01 00:00:00+00:00, run_after=2024-02-02 00:00:00+00:00
[2024-02-02T15:22:57.577+0000] {processor.py:183} INFO - Processing /home/airflow/.local/lib/python3.8/site-packages/airflow/example_dags/example_branch_labels.py took 0.098 seconds
[2024-02-02T15:23:28.346+0000] {processor.py:161} INFO - Started process (PID=5225) to work on /home/airflow/.local/lib/python3.8/site-packages/airflow/example_dags/example_branch_labels.py
[2024-02-02T15:23:28.347+0000] {processor.py:830} INFO - Processing file /home/airflow/.local/lib/python3.8/site-packages/airflow/example_dags/example_branch_labels.py for tasks to queue
[2024-02-02T15:23:28.349+0000] {logging_mixin.py:188} INFO - [2024-02-02T15:23:28.349+0000] {dagbag.py:538} INFO - Filling up the DagBag from /home/airflow/.local/lib/python3.8/site-packages/airflow/example_dags/example_branch_labels.py
[2024-02-02T15:23:28.359+0000] {processor.py:840} INFO - DAG(s) 'example_branch_labels' retrieved from /home/airflow/.local/lib/python3.8/site-packages/airflow/example_dags/example_branch_labels.py
[2024-02-02T15:23:28.385+0000] {logging_mixin.py:188} INFO - [2024-02-02T15:23:28.385+0000] {dag.py:3036} INFO - Sync 1 DAGs
[2024-02-02T15:23:28.414+0000] {logging_mixin.py:188} INFO - [2024-02-02T15:23:28.413+0000] {dag.py:3823} INFO - Setting next_dagrun for example_branch_labels to 2024-02-01 00:00:00+00:00, run_after=2024-02-02 00:00:00+00:00
[2024-02-02T15:23:28.443+0000] {processor.py:183} INFO - Processing /home/airflow/.local/lib/python3.8/site-packages/airflow/example_dags/example_branch_labels.py took 0.101 seconds
[2024-02-02T15:23:58.582+0000] {processor.py:161} INFO - Started process (PID=5472) to work on /home/airflow/.local/lib/python3.8/site-packages/airflow/example_dags/example_branch_labels.py
[2024-02-02T15:23:58.584+0000] {processor.py:830} INFO - Processing file /home/airflow/.local/lib/python3.8/site-packages/airflow/example_dags/example_branch_labels.py for tasks to queue
[2024-02-02T15:23:58.585+0000] {logging_mixin.py:188} INFO - [2024-02-02T15:23:58.585+0000] {dagbag.py:538} INFO - Filling up the DagBag from /home/airflow/.local/lib/python3.8/site-packages/airflow/example_dags/example_branch_labels.py
[2024-02-02T15:23:58.596+0000] {processor.py:840} INFO - DAG(s) 'example_branch_labels' retrieved from /home/airflow/.local/lib/python3.8/site-packages/airflow/example_dags/example_branch_labels.py
[2024-02-02T15:23:58.629+0000] {logging_mixin.py:188} INFO - [2024-02-02T15:23:58.628+0000] {dag.py:3036} INFO - Sync 1 DAGs
[2024-02-02T15:23:58.660+0000] {logging_mixin.py:188} INFO - [2024-02-02T15:23:58.660+0000] {dag.py:3823} INFO - Setting next_dagrun for example_branch_labels to 2024-02-01 00:00:00+00:00, run_after=2024-02-02 00:00:00+00:00
[2024-02-02T15:23:58.693+0000] {processor.py:183} INFO - Processing /home/airflow/.local/lib/python3.8/site-packages/airflow/example_dags/example_branch_labels.py took 0.115 seconds
[2024-02-02T15:24:28.741+0000] {processor.py:161} INFO - Started process (PID=5716) to work on /home/airflow/.local/lib/python3.8/site-packages/airflow/example_dags/example_branch_labels.py
[2024-02-02T15:24:28.742+0000] {processor.py:830} INFO - Processing file /home/airflow/.local/lib/python3.8/site-packages/airflow/example_dags/example_branch_labels.py for tasks to queue
[2024-02-02T15:24:28.743+0000] {logging_mixin.py:188} INFO - [2024-02-02T15:24:28.743+0000] {dagbag.py:538} INFO - Filling up the DagBag from /home/airflow/.local/lib/python3.8/site-packages/airflow/example_dags/example_branch_labels.py
[2024-02-02T15:24:28.752+0000] {processor.py:840} INFO - DAG(s) 'example_branch_labels' retrieved from /home/airflow/.local/lib/python3.8/site-packages/airflow/example_dags/example_branch_labels.py
[2024-02-02T15:24:28.776+0000] {logging_mixin.py:188} INFO - [2024-02-02T15:24:28.776+0000] {dag.py:3036} INFO - Sync 1 DAGs
[2024-02-02T15:24:28.801+0000] {logging_mixin.py:188} INFO - [2024-02-02T15:24:28.801+0000] {dag.py:3823} INFO - Setting next_dagrun for example_branch_labels to 2024-02-01 00:00:00+00:00, run_after=2024-02-02 00:00:00+00:00
[2024-02-02T15:24:28.835+0000] {processor.py:183} INFO - Processing /home/airflow/.local/lib/python3.8/site-packages/airflow/example_dags/example_branch_labels.py took 0.098 seconds
[2024-02-02T15:24:58.972+0000] {processor.py:161} INFO - Started process (PID=5963) to work on /home/airflow/.local/lib/python3.8/site-packages/airflow/example_dags/example_branch_labels.py
[2024-02-02T15:24:58.974+0000] {processor.py:830} INFO - Processing file /home/airflow/.local/lib/python3.8/site-packages/airflow/example_dags/example_branch_labels.py for tasks to queue
[2024-02-02T15:24:58.975+0000] {logging_mixin.py:188} INFO - [2024-02-02T15:24:58.974+0000] {dagbag.py:538} INFO - Filling up the DagBag from /home/airflow/.local/lib/python3.8/site-packages/airflow/example_dags/example_branch_labels.py
[2024-02-02T15:24:58.984+0000] {processor.py:840} INFO - DAG(s) 'example_branch_labels' retrieved from /home/airflow/.local/lib/python3.8/site-packages/airflow/example_dags/example_branch_labels.py
[2024-02-02T15:24:59.009+0000] {logging_mixin.py:188} INFO - [2024-02-02T15:24:59.009+0000] {dag.py:3036} INFO - Sync 1 DAGs
[2024-02-02T15:24:59.034+0000] {logging_mixin.py:188} INFO - [2024-02-02T15:24:59.034+0000] {dag.py:3823} INFO - Setting next_dagrun for example_branch_labels to 2024-02-01 00:00:00+00:00, run_after=2024-02-02 00:00:00+00:00
[2024-02-02T15:24:59.069+0000] {processor.py:183} INFO - Processing /home/airflow/.local/lib/python3.8/site-packages/airflow/example_dags/example_branch_labels.py took 0.102 seconds
[2024-02-02T15:25:29.435+0000] {processor.py:161} INFO - Started process (PID=6213) to work on /home/airflow/.local/lib/python3.8/site-packages/airflow/example_dags/example_branch_labels.py
[2024-02-02T15:25:29.437+0000] {processor.py:830} INFO - Processing file /home/airflow/.local/lib/python3.8/site-packages/airflow/example_dags/example_branch_labels.py for tasks to queue
[2024-02-02T15:25:29.438+0000] {logging_mixin.py:188} INFO - [2024-02-02T15:25:29.438+0000] {dagbag.py:538} INFO - Filling up the DagBag from /home/airflow/.local/lib/python3.8/site-packages/airflow/example_dags/example_branch_labels.py
[2024-02-02T15:25:29.448+0000] {processor.py:840} INFO - DAG(s) 'example_branch_labels' retrieved from /home/airflow/.local/lib/python3.8/site-packages/airflow/example_dags/example_branch_labels.py
[2024-02-02T15:25:29.476+0000] {logging_mixin.py:188} INFO - [2024-02-02T15:25:29.475+0000] {dag.py:3036} INFO - Sync 1 DAGs
[2024-02-02T15:25:29.521+0000] {logging_mixin.py:188} INFO - [2024-02-02T15:25:29.520+0000] {dag.py:3823} INFO - Setting next_dagrun for example_branch_labels to 2024-02-01 00:00:00+00:00, run_after=2024-02-02 00:00:00+00:00
[2024-02-02T15:25:29.552+0000] {processor.py:183} INFO - Processing /home/airflow/.local/lib/python3.8/site-packages/airflow/example_dags/example_branch_labels.py took 0.120 seconds
[2024-02-02T15:26:00.076+0000] {processor.py:161} INFO - Started process (PID=6466) to work on /home/airflow/.local/lib/python3.8/site-packages/airflow/example_dags/example_branch_labels.py
[2024-02-02T15:26:00.077+0000] {processor.py:830} INFO - Processing file /home/airflow/.local/lib/python3.8/site-packages/airflow/example_dags/example_branch_labels.py for tasks to queue
[2024-02-02T15:26:00.079+0000] {logging_mixin.py:188} INFO - [2024-02-02T15:26:00.078+0000] {dagbag.py:538} INFO - Filling up the DagBag from /home/airflow/.local/lib/python3.8/site-packages/airflow/example_dags/example_branch_labels.py
[2024-02-02T15:26:00.094+0000] {processor.py:840} INFO - DAG(s) 'example_branch_labels' retrieved from /home/airflow/.local/lib/python3.8/site-packages/airflow/example_dags/example_branch_labels.py
[2024-02-02T15:26:00.119+0000] {logging_mixin.py:188} INFO - [2024-02-02T15:26:00.119+0000] {dag.py:3036} INFO - Sync 1 DAGs
[2024-02-02T15:26:00.151+0000] {logging_mixin.py:188} INFO - [2024-02-02T15:26:00.151+0000] {dag.py:3823} INFO - Setting next_dagrun for example_branch_labels to 2024-02-01 00:00:00+00:00, run_after=2024-02-02 00:00:00+00:00
[2024-02-02T15:26:00.180+0000] {processor.py:183} INFO - Processing /home/airflow/.local/lib/python3.8/site-packages/airflow/example_dags/example_branch_labels.py took 0.109 seconds
[2024-02-02T15:26:30.784+0000] {processor.py:161} INFO - Started process (PID=6713) to work on /home/airflow/.local/lib/python3.8/site-packages/airflow/example_dags/example_branch_labels.py
[2024-02-02T15:26:30.785+0000] {processor.py:830} INFO - Processing file /home/airflow/.local/lib/python3.8/site-packages/airflow/example_dags/example_branch_labels.py for tasks to queue
[2024-02-02T15:26:30.787+0000] {logging_mixin.py:188} INFO - [2024-02-02T15:26:30.786+0000] {dagbag.py:538} INFO - Filling up the DagBag from /home/airflow/.local/lib/python3.8/site-packages/airflow/example_dags/example_branch_labels.py
[2024-02-02T15:26:30.798+0000] {processor.py:840} INFO - DAG(s) 'example_branch_labels' retrieved from /home/airflow/.local/lib/python3.8/site-packages/airflow/example_dags/example_branch_labels.py
[2024-02-02T15:26:30.827+0000] {logging_mixin.py:188} INFO - [2024-02-02T15:26:30.826+0000] {dag.py:3036} INFO - Sync 1 DAGs
[2024-02-02T15:26:30.857+0000] {logging_mixin.py:188} INFO - [2024-02-02T15:26:30.857+0000] {dag.py:3823} INFO - Setting next_dagrun for example_branch_labels to 2024-02-01 00:00:00+00:00, run_after=2024-02-02 00:00:00+00:00
[2024-02-02T15:26:30.885+0000] {processor.py:183} INFO - Processing /home/airflow/.local/lib/python3.8/site-packages/airflow/example_dags/example_branch_labels.py took 0.105 seconds
[2024-02-02T15:27:01.061+0000] {processor.py:161} INFO - Started process (PID=6962) to work on /home/airflow/.local/lib/python3.8/site-packages/airflow/example_dags/example_branch_labels.py
[2024-02-02T15:27:01.063+0000] {processor.py:830} INFO - Processing file /home/airflow/.local/lib/python3.8/site-packages/airflow/example_dags/example_branch_labels.py for tasks to queue
[2024-02-02T15:27:01.064+0000] {logging_mixin.py:188} INFO - [2024-02-02T15:27:01.064+0000] {dagbag.py:538} INFO - Filling up the DagBag from /home/airflow/.local/lib/python3.8/site-packages/airflow/example_dags/example_branch_labels.py
[2024-02-02T15:27:01.073+0000] {processor.py:840} INFO - DAG(s) 'example_branch_labels' retrieved from /home/airflow/.local/lib/python3.8/site-packages/airflow/example_dags/example_branch_labels.py
[2024-02-02T15:27:01.098+0000] {logging_mixin.py:188} INFO - [2024-02-02T15:27:01.098+0000] {dag.py:3036} INFO - Sync 1 DAGs
[2024-02-02T15:27:01.123+0000] {logging_mixin.py:188} INFO - [2024-02-02T15:27:01.123+0000] {dag.py:3823} INFO - Setting next_dagrun for example_branch_labels to 2024-02-01 00:00:00+00:00, run_after=2024-02-02 00:00:00+00:00
[2024-02-02T15:27:01.145+0000] {processor.py:183} INFO - Processing /home/airflow/.local/lib/python3.8/site-packages/airflow/example_dags/example_branch_labels.py took 0.088 seconds
[2024-02-02T15:27:31.855+0000] {processor.py:161} INFO - Started process (PID=7207) to work on /home/airflow/.local/lib/python3.8/site-packages/airflow/example_dags/example_branch_labels.py
[2024-02-02T15:27:31.856+0000] {processor.py:830} INFO - Processing file /home/airflow/.local/lib/python3.8/site-packages/airflow/example_dags/example_branch_labels.py for tasks to queue
[2024-02-02T15:27:31.858+0000] {logging_mixin.py:188} INFO - [2024-02-02T15:27:31.858+0000] {dagbag.py:538} INFO - Filling up the DagBag from /home/airflow/.local/lib/python3.8/site-packages/airflow/example_dags/example_branch_labels.py
[2024-02-02T15:27:31.869+0000] {processor.py:840} INFO - DAG(s) 'example_branch_labels' retrieved from /home/airflow/.local/lib/python3.8/site-packages/airflow/example_dags/example_branch_labels.py
[2024-02-02T15:27:31.902+0000] {logging_mixin.py:188} INFO - [2024-02-02T15:27:31.902+0000] {dag.py:3036} INFO - Sync 1 DAGs
[2024-02-02T15:27:31.936+0000] {logging_mixin.py:188} INFO - [2024-02-02T15:27:31.936+0000] {dag.py:3823} INFO - Setting next_dagrun for example_branch_labels to 2024-02-01 00:00:00+00:00, run_after=2024-02-02 00:00:00+00:00
[2024-02-02T15:27:31.965+0000] {processor.py:183} INFO - Processing /home/airflow/.local/lib/python3.8/site-packages/airflow/example_dags/example_branch_labels.py took 0.114 seconds
[2024-02-02T15:28:02.180+0000] {processor.py:161} INFO - Started process (PID=7454) to work on /home/airflow/.local/lib/python3.8/site-packages/airflow/example_dags/example_branch_labels.py
[2024-02-02T15:28:02.181+0000] {processor.py:830} INFO - Processing file /home/airflow/.local/lib/python3.8/site-packages/airflow/example_dags/example_branch_labels.py for tasks to queue
[2024-02-02T15:28:02.183+0000] {logging_mixin.py:188} INFO - [2024-02-02T15:28:02.182+0000] {dagbag.py:538} INFO - Filling up the DagBag from /home/airflow/.local/lib/python3.8/site-packages/airflow/example_dags/example_branch_labels.py
[2024-02-02T15:28:02.192+0000] {processor.py:840} INFO - DAG(s) 'example_branch_labels' retrieved from /home/airflow/.local/lib/python3.8/site-packages/airflow/example_dags/example_branch_labels.py
[2024-02-02T15:28:02.218+0000] {logging_mixin.py:188} INFO - [2024-02-02T15:28:02.218+0000] {dag.py:3036} INFO - Sync 1 DAGs
[2024-02-02T15:28:02.248+0000] {logging_mixin.py:188} INFO - [2024-02-02T15:28:02.248+0000] {dag.py:3823} INFO - Setting next_dagrun for example_branch_labels to 2024-02-01 00:00:00+00:00, run_after=2024-02-02 00:00:00+00:00
[2024-02-02T15:28:02.278+0000] {processor.py:183} INFO - Processing /home/airflow/.local/lib/python3.8/site-packages/airflow/example_dags/example_branch_labels.py took 0.103 seconds
[2024-02-02T15:28:32.603+0000] {processor.py:161} INFO - Started process (PID=7701) to work on /home/airflow/.local/lib/python3.8/site-packages/airflow/example_dags/example_branch_labels.py
[2024-02-02T15:28:32.605+0000] {processor.py:830} INFO - Processing file /home/airflow/.local/lib/python3.8/site-packages/airflow/example_dags/example_branch_labels.py for tasks to queue
[2024-02-02T15:28:32.606+0000] {logging_mixin.py:188} INFO - [2024-02-02T15:28:32.606+0000] {dagbag.py:538} INFO - Filling up the DagBag from /home/airflow/.local/lib/python3.8/site-packages/airflow/example_dags/example_branch_labels.py
[2024-02-02T15:28:32.616+0000] {processor.py:840} INFO - DAG(s) 'example_branch_labels' retrieved from /home/airflow/.local/lib/python3.8/site-packages/airflow/example_dags/example_branch_labels.py
[2024-02-02T15:28:32.643+0000] {logging_mixin.py:188} INFO - [2024-02-02T15:28:32.643+0000] {dag.py:3036} INFO - Sync 1 DAGs
[2024-02-02T15:28:32.671+0000] {logging_mixin.py:188} INFO - [2024-02-02T15:28:32.671+0000] {dag.py:3823} INFO - Setting next_dagrun for example_branch_labels to 2024-02-01 00:00:00+00:00, run_after=2024-02-02 00:00:00+00:00
[2024-02-02T15:28:32.702+0000] {processor.py:183} INFO - Processing /home/airflow/.local/lib/python3.8/site-packages/airflow/example_dags/example_branch_labels.py took 0.103 seconds
[2024-02-02T15:29:03.096+0000] {processor.py:161} INFO - Started process (PID=7948) to work on /home/airflow/.local/lib/python3.8/site-packages/airflow/example_dags/example_branch_labels.py
[2024-02-02T15:29:03.097+0000] {processor.py:830} INFO - Processing file /home/airflow/.local/lib/python3.8/site-packages/airflow/example_dags/example_branch_labels.py for tasks to queue
[2024-02-02T15:29:03.099+0000] {logging_mixin.py:188} INFO - [2024-02-02T15:29:03.098+0000] {dagbag.py:538} INFO - Filling up the DagBag from /home/airflow/.local/lib/python3.8/site-packages/airflow/example_dags/example_branch_labels.py
[2024-02-02T15:29:03.109+0000] {processor.py:840} INFO - DAG(s) 'example_branch_labels' retrieved from /home/airflow/.local/lib/python3.8/site-packages/airflow/example_dags/example_branch_labels.py
[2024-02-02T15:29:03.136+0000] {logging_mixin.py:188} INFO - [2024-02-02T15:29:03.136+0000] {dag.py:3036} INFO - Sync 1 DAGs
[2024-02-02T15:29:03.165+0000] {logging_mixin.py:188} INFO - [2024-02-02T15:29:03.164+0000] {dag.py:3823} INFO - Setting next_dagrun for example_branch_labels to 2024-02-01 00:00:00+00:00, run_after=2024-02-02 00:00:00+00:00
[2024-02-02T15:29:03.196+0000] {processor.py:183} INFO - Processing /home/airflow/.local/lib/python3.8/site-packages/airflow/example_dags/example_branch_labels.py took 0.105 seconds
[2024-02-02T15:29:33.417+0000] {processor.py:161} INFO - Started process (PID=8195) to work on /home/airflow/.local/lib/python3.8/site-packages/airflow/example_dags/example_branch_labels.py
[2024-02-02T15:29:33.418+0000] {processor.py:830} INFO - Processing file /home/airflow/.local/lib/python3.8/site-packages/airflow/example_dags/example_branch_labels.py for tasks to queue
[2024-02-02T15:29:33.419+0000] {logging_mixin.py:188} INFO - [2024-02-02T15:29:33.419+0000] {dagbag.py:538} INFO - Filling up the DagBag from /home/airflow/.local/lib/python3.8/site-packages/airflow/example_dags/example_branch_labels.py
[2024-02-02T15:29:33.430+0000] {processor.py:840} INFO - DAG(s) 'example_branch_labels' retrieved from /home/airflow/.local/lib/python3.8/site-packages/airflow/example_dags/example_branch_labels.py
[2024-02-02T15:29:33.458+0000] {logging_mixin.py:188} INFO - [2024-02-02T15:29:33.457+0000] {dag.py:3036} INFO - Sync 1 DAGs
[2024-02-02T15:29:33.487+0000] {logging_mixin.py:188} INFO - [2024-02-02T15:29:33.486+0000] {dag.py:3823} INFO - Setting next_dagrun for example_branch_labels to 2024-02-01 00:00:00+00:00, run_after=2024-02-02 00:00:00+00:00
[2024-02-02T15:29:33.516+0000] {processor.py:183} INFO - Processing /home/airflow/.local/lib/python3.8/site-packages/airflow/example_dags/example_branch_labels.py took 0.103 seconds
[2024-02-02T15:30:03.980+0000] {processor.py:161} INFO - Started process (PID=8442) to work on /home/airflow/.local/lib/python3.8/site-packages/airflow/example_dags/example_branch_labels.py
[2024-02-02T15:30:03.981+0000] {processor.py:830} INFO - Processing file /home/airflow/.local/lib/python3.8/site-packages/airflow/example_dags/example_branch_labels.py for tasks to queue
[2024-02-02T15:30:03.983+0000] {logging_mixin.py:188} INFO - [2024-02-02T15:30:03.983+0000] {dagbag.py:538} INFO - Filling up the DagBag from /home/airflow/.local/lib/python3.8/site-packages/airflow/example_dags/example_branch_labels.py
[2024-02-02T15:30:03.994+0000] {processor.py:840} INFO - DAG(s) 'example_branch_labels' retrieved from /home/airflow/.local/lib/python3.8/site-packages/airflow/example_dags/example_branch_labels.py
[2024-02-02T15:30:04.021+0000] {logging_mixin.py:188} INFO - [2024-02-02T15:30:04.021+0000] {dag.py:3036} INFO - Sync 1 DAGs
[2024-02-02T15:30:04.049+0000] {logging_mixin.py:188} INFO - [2024-02-02T15:30:04.048+0000] {dag.py:3823} INFO - Setting next_dagrun for example_branch_labels to 2024-02-01 00:00:00+00:00, run_after=2024-02-02 00:00:00+00:00
[2024-02-02T15:30:04.075+0000] {processor.py:183} INFO - Processing /home/airflow/.local/lib/python3.8/site-packages/airflow/example_dags/example_branch_labels.py took 0.098 seconds
[2024-02-02T15:30:34.260+0000] {processor.py:161} INFO - Started process (PID=8689) to work on /home/airflow/.local/lib/python3.8/site-packages/airflow/example_dags/example_branch_labels.py
[2024-02-02T15:30:34.262+0000] {processor.py:830} INFO - Processing file /home/airflow/.local/lib/python3.8/site-packages/airflow/example_dags/example_branch_labels.py for tasks to queue
[2024-02-02T15:30:34.263+0000] {logging_mixin.py:188} INFO - [2024-02-02T15:30:34.263+0000] {dagbag.py:538} INFO - Filling up the DagBag from /home/airflow/.local/lib/python3.8/site-packages/airflow/example_dags/example_branch_labels.py
[2024-02-02T15:30:34.274+0000] {processor.py:840} INFO - DAG(s) 'example_branch_labels' retrieved from /home/airflow/.local/lib/python3.8/site-packages/airflow/example_dags/example_branch_labels.py
[2024-02-02T15:30:34.306+0000] {logging_mixin.py:188} INFO - [2024-02-02T15:30:34.305+0000] {dag.py:3036} INFO - Sync 1 DAGs
[2024-02-02T15:30:34.340+0000] {logging_mixin.py:188} INFO - [2024-02-02T15:30:34.340+0000] {dag.py:3823} INFO - Setting next_dagrun for example_branch_labels to 2024-02-01 00:00:00+00:00, run_after=2024-02-02 00:00:00+00:00
[2024-02-02T15:30:34.374+0000] {processor.py:183} INFO - Processing /home/airflow/.local/lib/python3.8/site-packages/airflow/example_dags/example_branch_labels.py took 0.120 seconds
[2024-02-02T15:31:04.629+0000] {processor.py:161} INFO - Started process (PID=8936) to work on /home/airflow/.local/lib/python3.8/site-packages/airflow/example_dags/example_branch_labels.py
[2024-02-02T15:31:04.630+0000] {processor.py:830} INFO - Processing file /home/airflow/.local/lib/python3.8/site-packages/airflow/example_dags/example_branch_labels.py for tasks to queue
[2024-02-02T15:31:04.632+0000] {logging_mixin.py:188} INFO - [2024-02-02T15:31:04.631+0000] {dagbag.py:538} INFO - Filling up the DagBag from /home/airflow/.local/lib/python3.8/site-packages/airflow/example_dags/example_branch_labels.py
[2024-02-02T15:31:04.643+0000] {processor.py:840} INFO - DAG(s) 'example_branch_labels' retrieved from /home/airflow/.local/lib/python3.8/site-packages/airflow/example_dags/example_branch_labels.py
[2024-02-02T15:31:04.669+0000] {logging_mixin.py:188} INFO - [2024-02-02T15:31:04.668+0000] {dag.py:3036} INFO - Sync 1 DAGs
[2024-02-02T15:31:04.697+0000] {logging_mixin.py:188} INFO - [2024-02-02T15:31:04.697+0000] {dag.py:3823} INFO - Setting next_dagrun for example_branch_labels to 2024-02-01 00:00:00+00:00, run_after=2024-02-02 00:00:00+00:00
[2024-02-02T15:31:04.729+0000] {processor.py:183} INFO - Processing /home/airflow/.local/lib/python3.8/site-packages/airflow/example_dags/example_branch_labels.py took 0.104 seconds
[2024-02-02T15:31:34.890+0000] {processor.py:161} INFO - Started process (PID=9183) to work on /home/airflow/.local/lib/python3.8/site-packages/airflow/example_dags/example_branch_labels.py
[2024-02-02T15:31:34.891+0000] {processor.py:830} INFO - Processing file /home/airflow/.local/lib/python3.8/site-packages/airflow/example_dags/example_branch_labels.py for tasks to queue
[2024-02-02T15:31:34.893+0000] {logging_mixin.py:188} INFO - [2024-02-02T15:31:34.893+0000] {dagbag.py:538} INFO - Filling up the DagBag from /home/airflow/.local/lib/python3.8/site-packages/airflow/example_dags/example_branch_labels.py
[2024-02-02T15:31:34.903+0000] {processor.py:840} INFO - DAG(s) 'example_branch_labels' retrieved from /home/airflow/.local/lib/python3.8/site-packages/airflow/example_dags/example_branch_labels.py
[2024-02-02T15:31:34.930+0000] {logging_mixin.py:188} INFO - [2024-02-02T15:31:34.929+0000] {dag.py:3036} INFO - Sync 1 DAGs
[2024-02-02T15:31:34.958+0000] {logging_mixin.py:188} INFO - [2024-02-02T15:31:34.958+0000] {dag.py:3823} INFO - Setting next_dagrun for example_branch_labels to 2024-02-01 00:00:00+00:00, run_after=2024-02-02 00:00:00+00:00
[2024-02-02T15:31:34.985+0000] {processor.py:183} INFO - Processing /home/airflow/.local/lib/python3.8/site-packages/airflow/example_dags/example_branch_labels.py took 0.099 seconds
[2024-02-02T15:32:05.298+0000] {processor.py:161} INFO - Started process (PID=9432) to work on /home/airflow/.local/lib/python3.8/site-packages/airflow/example_dags/example_branch_labels.py
[2024-02-02T15:32:05.299+0000] {processor.py:830} INFO - Processing file /home/airflow/.local/lib/python3.8/site-packages/airflow/example_dags/example_branch_labels.py for tasks to queue
[2024-02-02T15:32:05.300+0000] {logging_mixin.py:188} INFO - [2024-02-02T15:32:05.300+0000] {dagbag.py:538} INFO - Filling up the DagBag from /home/airflow/.local/lib/python3.8/site-packages/airflow/example_dags/example_branch_labels.py
[2024-02-02T15:32:05.309+0000] {processor.py:840} INFO - DAG(s) 'example_branch_labels' retrieved from /home/airflow/.local/lib/python3.8/site-packages/airflow/example_dags/example_branch_labels.py
[2024-02-02T15:32:05.334+0000] {logging_mixin.py:188} INFO - [2024-02-02T15:32:05.334+0000] {dag.py:3036} INFO - Sync 1 DAGs
[2024-02-02T15:32:05.359+0000] {logging_mixin.py:188} INFO - [2024-02-02T15:32:05.359+0000] {dag.py:3823} INFO - Setting next_dagrun for example_branch_labels to 2024-02-01 00:00:00+00:00, run_after=2024-02-02 00:00:00+00:00
[2024-02-02T15:32:05.382+0000] {processor.py:183} INFO - Processing /home/airflow/.local/lib/python3.8/site-packages/airflow/example_dags/example_branch_labels.py took 0.089 seconds
[2024-02-02T15:32:35.558+0000] {processor.py:161} INFO - Started process (PID=9677) to work on /home/airflow/.local/lib/python3.8/site-packages/airflow/example_dags/example_branch_labels.py
[2024-02-02T15:32:35.561+0000] {processor.py:830} INFO - Processing file /home/airflow/.local/lib/python3.8/site-packages/airflow/example_dags/example_branch_labels.py for tasks to queue
[2024-02-02T15:32:35.564+0000] {logging_mixin.py:188} INFO - [2024-02-02T15:32:35.563+0000] {dagbag.py:538} INFO - Filling up the DagBag from /home/airflow/.local/lib/python3.8/site-packages/airflow/example_dags/example_branch_labels.py
[2024-02-02T15:32:35.580+0000] {processor.py:840} INFO - DAG(s) 'example_branch_labels' retrieved from /home/airflow/.local/lib/python3.8/site-packages/airflow/example_dags/example_branch_labels.py
[2024-02-02T15:32:35.613+0000] {logging_mixin.py:188} INFO - [2024-02-02T15:32:35.613+0000] {dag.py:3036} INFO - Sync 1 DAGs
[2024-02-02T15:32:35.647+0000] {logging_mixin.py:188} INFO - [2024-02-02T15:32:35.647+0000] {dag.py:3823} INFO - Setting next_dagrun for example_branch_labels to 2024-02-01 00:00:00+00:00, run_after=2024-02-02 00:00:00+00:00
[2024-02-02T15:32:35.672+0000] {processor.py:183} INFO - Processing /home/airflow/.local/lib/python3.8/site-packages/airflow/example_dags/example_branch_labels.py took 0.120 seconds
[2024-02-02T15:33:06.502+0000] {processor.py:161} INFO - Started process (PID=9924) to work on /home/airflow/.local/lib/python3.8/site-packages/airflow/example_dags/example_branch_labels.py
[2024-02-02T15:33:06.504+0000] {processor.py:830} INFO - Processing file /home/airflow/.local/lib/python3.8/site-packages/airflow/example_dags/example_branch_labels.py for tasks to queue
[2024-02-02T15:33:06.505+0000] {logging_mixin.py:188} INFO - [2024-02-02T15:33:06.505+0000] {dagbag.py:538} INFO - Filling up the DagBag from /home/airflow/.local/lib/python3.8/site-packages/airflow/example_dags/example_branch_labels.py
[2024-02-02T15:33:06.514+0000] {processor.py:840} INFO - DAG(s) 'example_branch_labels' retrieved from /home/airflow/.local/lib/python3.8/site-packages/airflow/example_dags/example_branch_labels.py
[2024-02-02T15:33:06.540+0000] {logging_mixin.py:188} INFO - [2024-02-02T15:33:06.540+0000] {dag.py:3036} INFO - Sync 1 DAGs
[2024-02-02T15:33:06.569+0000] {logging_mixin.py:188} INFO - [2024-02-02T15:33:06.569+0000] {dag.py:3823} INFO - Setting next_dagrun for example_branch_labels to 2024-02-01 00:00:00+00:00, run_after=2024-02-02 00:00:00+00:00
[2024-02-02T15:33:06.594+0000] {processor.py:183} INFO - Processing /home/airflow/.local/lib/python3.8/site-packages/airflow/example_dags/example_branch_labels.py took 0.097 seconds
[2024-02-02T15:33:37.221+0000] {processor.py:161} INFO - Started process (PID=10167) to work on /home/airflow/.local/lib/python3.8/site-packages/airflow/example_dags/example_branch_labels.py
[2024-02-02T15:33:37.223+0000] {processor.py:830} INFO - Processing file /home/airflow/.local/lib/python3.8/site-packages/airflow/example_dags/example_branch_labels.py for tasks to queue
[2024-02-02T15:33:37.224+0000] {logging_mixin.py:188} INFO - [2024-02-02T15:33:37.224+0000] {dagbag.py:538} INFO - Filling up the DagBag from /home/airflow/.local/lib/python3.8/site-packages/airflow/example_dags/example_branch_labels.py
[2024-02-02T15:33:37.232+0000] {processor.py:840} INFO - DAG(s) 'example_branch_labels' retrieved from /home/airflow/.local/lib/python3.8/site-packages/airflow/example_dags/example_branch_labels.py
[2024-02-02T15:33:37.258+0000] {logging_mixin.py:188} INFO - [2024-02-02T15:33:37.257+0000] {dag.py:3036} INFO - Sync 1 DAGs
[2024-02-02T15:33:37.284+0000] {logging_mixin.py:188} INFO - [2024-02-02T15:33:37.283+0000] {dag.py:3823} INFO - Setting next_dagrun for example_branch_labels to 2024-02-01 00:00:00+00:00, run_after=2024-02-02 00:00:00+00:00
[2024-02-02T15:33:37.309+0000] {processor.py:183} INFO - Processing /home/airflow/.local/lib/python3.8/site-packages/airflow/example_dags/example_branch_labels.py took 0.092 seconds
[2024-02-02T15:34:07.958+0000] {processor.py:161} INFO - Started process (PID=10414) to work on /home/airflow/.local/lib/python3.8/site-packages/airflow/example_dags/example_branch_labels.py
[2024-02-02T15:34:07.960+0000] {processor.py:830} INFO - Processing file /home/airflow/.local/lib/python3.8/site-packages/airflow/example_dags/example_branch_labels.py for tasks to queue
[2024-02-02T15:34:07.961+0000] {logging_mixin.py:188} INFO - [2024-02-02T15:34:07.961+0000] {dagbag.py:538} INFO - Filling up the DagBag from /home/airflow/.local/lib/python3.8/site-packages/airflow/example_dags/example_branch_labels.py
[2024-02-02T15:34:07.972+0000] {processor.py:840} INFO - DAG(s) 'example_branch_labels' retrieved from /home/airflow/.local/lib/python3.8/site-packages/airflow/example_dags/example_branch_labels.py
[2024-02-02T15:34:07.999+0000] {logging_mixin.py:188} INFO - [2024-02-02T15:34:07.999+0000] {dag.py:3036} INFO - Sync 1 DAGs
[2024-02-02T15:34:08.027+0000] {logging_mixin.py:188} INFO - [2024-02-02T15:34:08.027+0000] {dag.py:3823} INFO - Setting next_dagrun for example_branch_labels to 2024-02-01 00:00:00+00:00, run_after=2024-02-02 00:00:00+00:00
[2024-02-02T15:34:08.049+0000] {processor.py:183} INFO - Processing /home/airflow/.local/lib/python3.8/site-packages/airflow/example_dags/example_branch_labels.py took 0.095 seconds
[2024-02-02T15:34:38.434+0000] {processor.py:161} INFO - Started process (PID=10661) to work on /home/airflow/.local/lib/python3.8/site-packages/airflow/example_dags/example_branch_labels.py
[2024-02-02T15:34:38.436+0000] {processor.py:830} INFO - Processing file /home/airflow/.local/lib/python3.8/site-packages/airflow/example_dags/example_branch_labels.py for tasks to queue
[2024-02-02T15:34:38.440+0000] {logging_mixin.py:188} INFO - [2024-02-02T15:34:38.440+0000] {dagbag.py:538} INFO - Filling up the DagBag from /home/airflow/.local/lib/python3.8/site-packages/airflow/example_dags/example_branch_labels.py
[2024-02-02T15:34:38.451+0000] {processor.py:840} INFO - DAG(s) 'example_branch_labels' retrieved from /home/airflow/.local/lib/python3.8/site-packages/airflow/example_dags/example_branch_labels.py
[2024-02-02T15:34:38.480+0000] {logging_mixin.py:188} INFO - [2024-02-02T15:34:38.479+0000] {dag.py:3036} INFO - Sync 1 DAGs
[2024-02-02T15:34:38.509+0000] {logging_mixin.py:188} INFO - [2024-02-02T15:34:38.509+0000] {dag.py:3823} INFO - Setting next_dagrun for example_branch_labels to 2024-02-01 00:00:00+00:00, run_after=2024-02-02 00:00:00+00:00
[2024-02-02T15:34:38.530+0000] {processor.py:183} INFO - Processing /home/airflow/.local/lib/python3.8/site-packages/airflow/example_dags/example_branch_labels.py took 0.102 seconds
[2024-02-02T15:35:08.723+0000] {processor.py:161} INFO - Started process (PID=10906) to work on /home/airflow/.local/lib/python3.8/site-packages/airflow/example_dags/example_branch_labels.py
[2024-02-02T15:35:08.725+0000] {processor.py:830} INFO - Processing file /home/airflow/.local/lib/python3.8/site-packages/airflow/example_dags/example_branch_labels.py for tasks to queue
[2024-02-02T15:35:08.726+0000] {logging_mixin.py:188} INFO - [2024-02-02T15:35:08.726+0000] {dagbag.py:538} INFO - Filling up the DagBag from /home/airflow/.local/lib/python3.8/site-packages/airflow/example_dags/example_branch_labels.py
[2024-02-02T15:35:08.738+0000] {processor.py:840} INFO - DAG(s) 'example_branch_labels' retrieved from /home/airflow/.local/lib/python3.8/site-packages/airflow/example_dags/example_branch_labels.py
[2024-02-02T15:35:08.766+0000] {logging_mixin.py:188} INFO - [2024-02-02T15:35:08.766+0000] {dag.py:3036} INFO - Sync 1 DAGs
[2024-02-02T15:35:08.796+0000] {logging_mixin.py:188} INFO - [2024-02-02T15:35:08.796+0000] {dag.py:3823} INFO - Setting next_dagrun for example_branch_labels to 2024-02-01 00:00:00+00:00, run_after=2024-02-02 00:00:00+00:00
[2024-02-02T15:35:08.821+0000] {processor.py:183} INFO - Processing /home/airflow/.local/lib/python3.8/site-packages/airflow/example_dags/example_branch_labels.py took 0.102 seconds
[2024-02-02T15:35:39.042+0000] {processor.py:161} INFO - Started process (PID=11153) to work on /home/airflow/.local/lib/python3.8/site-packages/airflow/example_dags/example_branch_labels.py
[2024-02-02T15:35:39.044+0000] {processor.py:830} INFO - Processing file /home/airflow/.local/lib/python3.8/site-packages/airflow/example_dags/example_branch_labels.py for tasks to queue
[2024-02-02T15:35:39.045+0000] {logging_mixin.py:188} INFO - [2024-02-02T15:35:39.045+0000] {dagbag.py:538} INFO - Filling up the DagBag from /home/airflow/.local/lib/python3.8/site-packages/airflow/example_dags/example_branch_labels.py
[2024-02-02T15:35:39.056+0000] {processor.py:840} INFO - DAG(s) 'example_branch_labels' retrieved from /home/airflow/.local/lib/python3.8/site-packages/airflow/example_dags/example_branch_labels.py
[2024-02-02T15:35:39.086+0000] {logging_mixin.py:188} INFO - [2024-02-02T15:35:39.086+0000] {dag.py:3036} INFO - Sync 1 DAGs
[2024-02-02T15:35:39.116+0000] {logging_mixin.py:188} INFO - [2024-02-02T15:35:39.116+0000] {dag.py:3823} INFO - Setting next_dagrun for example_branch_labels to 2024-02-01 00:00:00+00:00, run_after=2024-02-02 00:00:00+00:00
[2024-02-02T15:35:39.140+0000] {processor.py:183} INFO - Processing /home/airflow/.local/lib/python3.8/site-packages/airflow/example_dags/example_branch_labels.py took 0.102 seconds
[2024-02-02T15:36:09.937+0000] {processor.py:161} INFO - Started process (PID=11400) to work on /home/airflow/.local/lib/python3.8/site-packages/airflow/example_dags/example_branch_labels.py
[2024-02-02T15:36:09.938+0000] {processor.py:830} INFO - Processing file /home/airflow/.local/lib/python3.8/site-packages/airflow/example_dags/example_branch_labels.py for tasks to queue
[2024-02-02T15:36:09.940+0000] {logging_mixin.py:188} INFO - [2024-02-02T15:36:09.940+0000] {dagbag.py:538} INFO - Filling up the DagBag from /home/airflow/.local/lib/python3.8/site-packages/airflow/example_dags/example_branch_labels.py
[2024-02-02T15:36:09.954+0000] {processor.py:840} INFO - DAG(s) 'example_branch_labels' retrieved from /home/airflow/.local/lib/python3.8/site-packages/airflow/example_dags/example_branch_labels.py
[2024-02-02T15:36:09.985+0000] {logging_mixin.py:188} INFO - [2024-02-02T15:36:09.985+0000] {dag.py:3036} INFO - Sync 1 DAGs
[2024-02-02T15:36:10.033+0000] {logging_mixin.py:188} INFO - [2024-02-02T15:36:10.033+0000] {dag.py:3823} INFO - Setting next_dagrun for example_branch_labels to 2024-02-01 00:00:00+00:00, run_after=2024-02-02 00:00:00+00:00
[2024-02-02T15:36:10.060+0000] {processor.py:183} INFO - Processing /home/airflow/.local/lib/python3.8/site-packages/airflow/example_dags/example_branch_labels.py took 0.127 seconds
