[2024-02-02T15:13:19.785+0000] {processor.py:161} INFO - Started process (PID=366) to work on /home/airflow/.local/lib/python3.8/site-packages/airflow/example_dags/example_nested_branch_dag.py
[2024-02-02T15:13:19.786+0000] {processor.py:830} INFO - Processing file /home/airflow/.local/lib/python3.8/site-packages/airflow/example_dags/example_nested_branch_dag.py for tasks to queue
[2024-02-02T15:13:19.788+0000] {logging_mixin.py:188} INFO - [2024-02-02T15:13:19.787+0000] {dagbag.py:538} INFO - Filling up the DagBag from /home/airflow/.local/lib/python3.8/site-packages/airflow/example_dags/example_nested_branch_dag.py
[2024-02-02T15:13:19.807+0000] {processor.py:840} INFO - DAG(s) 'example_nested_branch_dag' retrieved from /home/airflow/.local/lib/python3.8/site-packages/airflow/example_dags/example_nested_branch_dag.py
[2024-02-02T15:13:19.822+0000] {logging_mixin.py:188} INFO - [2024-02-02T15:13:19.822+0000] {dag.py:3036} INFO - Sync 1 DAGs
[2024-02-02T15:13:19.858+0000] {logging_mixin.py:188} INFO - [2024-02-02T15:13:19.857+0000] {dag.py:3823} INFO - Setting next_dagrun for example_nested_branch_dag to 2024-02-01 00:00:00+00:00, run_after=2024-02-02 00:00:00+00:00
[2024-02-02T15:13:19.888+0000] {processor.py:183} INFO - Processing /home/airflow/.local/lib/python3.8/site-packages/airflow/example_dags/example_nested_branch_dag.py took 0.108 seconds
[2024-02-02T15:13:53.870+0000] {processor.py:161} INFO - Started process (PID=613) to work on /home/airflow/.local/lib/python3.8/site-packages/airflow/example_dags/example_nested_branch_dag.py
[2024-02-02T15:13:53.872+0000] {processor.py:830} INFO - Processing file /home/airflow/.local/lib/python3.8/site-packages/airflow/example_dags/example_nested_branch_dag.py for tasks to queue
[2024-02-02T15:13:53.873+0000] {logging_mixin.py:188} INFO - [2024-02-02T15:13:53.873+0000] {dagbag.py:538} INFO - Filling up the DagBag from /home/airflow/.local/lib/python3.8/site-packages/airflow/example_dags/example_nested_branch_dag.py
[2024-02-02T15:13:53.901+0000] {processor.py:840} INFO - DAG(s) 'example_nested_branch_dag' retrieved from /home/airflow/.local/lib/python3.8/site-packages/airflow/example_dags/example_nested_branch_dag.py
[2024-02-02T15:13:54.118+0000] {logging_mixin.py:188} INFO - [2024-02-02T15:13:54.117+0000] {dag.py:3036} INFO - Sync 1 DAGs
[2024-02-02T15:13:54.176+0000] {logging_mixin.py:188} INFO - [2024-02-02T15:13:54.175+0000] {dag.py:3823} INFO - Setting next_dagrun for example_nested_branch_dag to 2024-02-01 00:00:00+00:00, run_after=2024-02-02 00:00:00+00:00
[2024-02-02T15:13:54.207+0000] {processor.py:183} INFO - Processing /home/airflow/.local/lib/python3.8/site-packages/airflow/example_dags/example_nested_branch_dag.py took 0.342 seconds
[2024-02-02T15:14:24.680+0000] {processor.py:161} INFO - Started process (PID=860) to work on /home/airflow/.local/lib/python3.8/site-packages/airflow/example_dags/example_nested_branch_dag.py
[2024-02-02T15:14:24.682+0000] {processor.py:830} INFO - Processing file /home/airflow/.local/lib/python3.8/site-packages/airflow/example_dags/example_nested_branch_dag.py for tasks to queue
[2024-02-02T15:14:24.684+0000] {logging_mixin.py:188} INFO - [2024-02-02T15:14:24.683+0000] {dagbag.py:538} INFO - Filling up the DagBag from /home/airflow/.local/lib/python3.8/site-packages/airflow/example_dags/example_nested_branch_dag.py
[2024-02-02T15:14:24.704+0000] {processor.py:840} INFO - DAG(s) 'example_nested_branch_dag' retrieved from /home/airflow/.local/lib/python3.8/site-packages/airflow/example_dags/example_nested_branch_dag.py
[2024-02-02T15:14:24.739+0000] {logging_mixin.py:188} INFO - [2024-02-02T15:14:24.739+0000] {dag.py:3036} INFO - Sync 1 DAGs
[2024-02-02T15:14:24.769+0000] {logging_mixin.py:188} INFO - [2024-02-02T15:14:24.769+0000] {dag.py:3823} INFO - Setting next_dagrun for example_nested_branch_dag to 2024-02-01 00:00:00+00:00, run_after=2024-02-02 00:00:00+00:00
[2024-02-02T15:14:24.794+0000] {processor.py:183} INFO - Processing /home/airflow/.local/lib/python3.8/site-packages/airflow/example_dags/example_nested_branch_dag.py took 0.121 seconds
[2024-02-02T15:14:54.934+0000] {processor.py:161} INFO - Started process (PID=1107) to work on /home/airflow/.local/lib/python3.8/site-packages/airflow/example_dags/example_nested_branch_dag.py
[2024-02-02T15:14:54.935+0000] {processor.py:830} INFO - Processing file /home/airflow/.local/lib/python3.8/site-packages/airflow/example_dags/example_nested_branch_dag.py for tasks to queue
[2024-02-02T15:14:54.937+0000] {logging_mixin.py:188} INFO - [2024-02-02T15:14:54.936+0000] {dagbag.py:538} INFO - Filling up the DagBag from /home/airflow/.local/lib/python3.8/site-packages/airflow/example_dags/example_nested_branch_dag.py
[2024-02-02T15:14:54.950+0000] {processor.py:840} INFO - DAG(s) 'example_nested_branch_dag' retrieved from /home/airflow/.local/lib/python3.8/site-packages/airflow/example_dags/example_nested_branch_dag.py
[2024-02-02T15:14:54.984+0000] {logging_mixin.py:188} INFO - [2024-02-02T15:14:54.983+0000] {dag.py:3036} INFO - Sync 1 DAGs
[2024-02-02T15:14:55.022+0000] {logging_mixin.py:188} INFO - [2024-02-02T15:14:55.022+0000] {dag.py:3823} INFO - Setting next_dagrun for example_nested_branch_dag to 2024-02-01 00:00:00+00:00, run_after=2024-02-02 00:00:00+00:00
[2024-02-02T15:14:55.047+0000] {processor.py:183} INFO - Processing /home/airflow/.local/lib/python3.8/site-packages/airflow/example_dags/example_nested_branch_dag.py took 0.118 seconds
[2024-02-02T15:15:25.218+0000] {processor.py:161} INFO - Started process (PID=1354) to work on /home/airflow/.local/lib/python3.8/site-packages/airflow/example_dags/example_nested_branch_dag.py
[2024-02-02T15:15:25.220+0000] {processor.py:830} INFO - Processing file /home/airflow/.local/lib/python3.8/site-packages/airflow/example_dags/example_nested_branch_dag.py for tasks to queue
[2024-02-02T15:15:25.222+0000] {logging_mixin.py:188} INFO - [2024-02-02T15:15:25.221+0000] {dagbag.py:538} INFO - Filling up the DagBag from /home/airflow/.local/lib/python3.8/site-packages/airflow/example_dags/example_nested_branch_dag.py
[2024-02-02T15:15:25.237+0000] {processor.py:840} INFO - DAG(s) 'example_nested_branch_dag' retrieved from /home/airflow/.local/lib/python3.8/site-packages/airflow/example_dags/example_nested_branch_dag.py
[2024-02-02T15:15:25.273+0000] {logging_mixin.py:188} INFO - [2024-02-02T15:15:25.273+0000] {dag.py:3036} INFO - Sync 1 DAGs
[2024-02-02T15:15:25.310+0000] {logging_mixin.py:188} INFO - [2024-02-02T15:15:25.310+0000] {dag.py:3823} INFO - Setting next_dagrun for example_nested_branch_dag to 2024-02-01 00:00:00+00:00, run_after=2024-02-02 00:00:00+00:00
[2024-02-02T15:15:25.338+0000] {processor.py:183} INFO - Processing /home/airflow/.local/lib/python3.8/site-packages/airflow/example_dags/example_nested_branch_dag.py took 0.125 seconds
[2024-02-02T15:15:56.160+0000] {processor.py:161} INFO - Started process (PID=1601) to work on /home/airflow/.local/lib/python3.8/site-packages/airflow/example_dags/example_nested_branch_dag.py
[2024-02-02T15:15:56.163+0000] {processor.py:830} INFO - Processing file /home/airflow/.local/lib/python3.8/site-packages/airflow/example_dags/example_nested_branch_dag.py for tasks to queue
[2024-02-02T15:15:56.165+0000] {logging_mixin.py:188} INFO - [2024-02-02T15:15:56.164+0000] {dagbag.py:538} INFO - Filling up the DagBag from /home/airflow/.local/lib/python3.8/site-packages/airflow/example_dags/example_nested_branch_dag.py
[2024-02-02T15:15:56.197+0000] {processor.py:840} INFO - DAG(s) 'example_nested_branch_dag' retrieved from /home/airflow/.local/lib/python3.8/site-packages/airflow/example_dags/example_nested_branch_dag.py
[2024-02-02T15:15:56.244+0000] {logging_mixin.py:188} INFO - [2024-02-02T15:15:56.244+0000] {dag.py:3036} INFO - Sync 1 DAGs
[2024-02-02T15:15:56.293+0000] {logging_mixin.py:188} INFO - [2024-02-02T15:15:56.293+0000] {dag.py:3823} INFO - Setting next_dagrun for example_nested_branch_dag to 2024-02-01 00:00:00+00:00, run_after=2024-02-02 00:00:00+00:00
[2024-02-02T15:15:56.327+0000] {processor.py:183} INFO - Processing /home/airflow/.local/lib/python3.8/site-packages/airflow/example_dags/example_nested_branch_dag.py took 0.182 seconds
[2024-02-02T15:16:26.400+0000] {processor.py:161} INFO - Started process (PID=1848) to work on /home/airflow/.local/lib/python3.8/site-packages/airflow/example_dags/example_nested_branch_dag.py
[2024-02-02T15:16:26.401+0000] {processor.py:830} INFO - Processing file /home/airflow/.local/lib/python3.8/site-packages/airflow/example_dags/example_nested_branch_dag.py for tasks to queue
[2024-02-02T15:16:26.403+0000] {logging_mixin.py:188} INFO - [2024-02-02T15:16:26.402+0000] {dagbag.py:538} INFO - Filling up the DagBag from /home/airflow/.local/lib/python3.8/site-packages/airflow/example_dags/example_nested_branch_dag.py
[2024-02-02T15:16:26.421+0000] {processor.py:840} INFO - DAG(s) 'example_nested_branch_dag' retrieved from /home/airflow/.local/lib/python3.8/site-packages/airflow/example_dags/example_nested_branch_dag.py
[2024-02-02T15:16:26.464+0000] {logging_mixin.py:188} INFO - [2024-02-02T15:16:26.464+0000] {dag.py:3036} INFO - Sync 1 DAGs
[2024-02-02T15:16:26.510+0000] {logging_mixin.py:188} INFO - [2024-02-02T15:16:26.509+0000] {dag.py:3823} INFO - Setting next_dagrun for example_nested_branch_dag to 2024-02-01 00:00:00+00:00, run_after=2024-02-02 00:00:00+00:00
[2024-02-02T15:16:26.548+0000] {processor.py:183} INFO - Processing /home/airflow/.local/lib/python3.8/site-packages/airflow/example_dags/example_nested_branch_dag.py took 0.152 seconds
[2024-02-02T15:16:57.292+0000] {processor.py:161} INFO - Started process (PID=2095) to work on /home/airflow/.local/lib/python3.8/site-packages/airflow/example_dags/example_nested_branch_dag.py
[2024-02-02T15:16:57.294+0000] {processor.py:830} INFO - Processing file /home/airflow/.local/lib/python3.8/site-packages/airflow/example_dags/example_nested_branch_dag.py for tasks to queue
[2024-02-02T15:16:57.296+0000] {logging_mixin.py:188} INFO - [2024-02-02T15:16:57.295+0000] {dagbag.py:538} INFO - Filling up the DagBag from /home/airflow/.local/lib/python3.8/site-packages/airflow/example_dags/example_nested_branch_dag.py
[2024-02-02T15:16:57.313+0000] {processor.py:840} INFO - DAG(s) 'example_nested_branch_dag' retrieved from /home/airflow/.local/lib/python3.8/site-packages/airflow/example_dags/example_nested_branch_dag.py
[2024-02-02T15:16:57.352+0000] {logging_mixin.py:188} INFO - [2024-02-02T15:16:57.352+0000] {dag.py:3036} INFO - Sync 1 DAGs
[2024-02-02T15:16:57.396+0000] {logging_mixin.py:188} INFO - [2024-02-02T15:16:57.396+0000] {dag.py:3823} INFO - Setting next_dagrun for example_nested_branch_dag to 2024-02-01 00:00:00+00:00, run_after=2024-02-02 00:00:00+00:00
[2024-02-02T15:16:57.442+0000] {processor.py:183} INFO - Processing /home/airflow/.local/lib/python3.8/site-packages/airflow/example_dags/example_nested_branch_dag.py took 0.156 seconds
[2024-02-02T15:17:27.755+0000] {processor.py:161} INFO - Started process (PID=2342) to work on /home/airflow/.local/lib/python3.8/site-packages/airflow/example_dags/example_nested_branch_dag.py
[2024-02-02T15:17:27.758+0000] {processor.py:830} INFO - Processing file /home/airflow/.local/lib/python3.8/site-packages/airflow/example_dags/example_nested_branch_dag.py for tasks to queue
[2024-02-02T15:17:27.761+0000] {logging_mixin.py:188} INFO - [2024-02-02T15:17:27.760+0000] {dagbag.py:538} INFO - Filling up the DagBag from /home/airflow/.local/lib/python3.8/site-packages/airflow/example_dags/example_nested_branch_dag.py
[2024-02-02T15:17:27.780+0000] {processor.py:840} INFO - DAG(s) 'example_nested_branch_dag' retrieved from /home/airflow/.local/lib/python3.8/site-packages/airflow/example_dags/example_nested_branch_dag.py
[2024-02-02T15:17:27.852+0000] {logging_mixin.py:188} INFO - [2024-02-02T15:17:27.851+0000] {dag.py:3036} INFO - Sync 1 DAGs
[2024-02-02T15:17:27.914+0000] {logging_mixin.py:188} INFO - [2024-02-02T15:17:27.914+0000] {dag.py:3823} INFO - Setting next_dagrun for example_nested_branch_dag to 2024-02-01 00:00:00+00:00, run_after=2024-02-02 00:00:00+00:00
[2024-02-02T15:17:27.953+0000] {processor.py:183} INFO - Processing /home/airflow/.local/lib/python3.8/site-packages/airflow/example_dags/example_nested_branch_dag.py took 0.202 seconds
[2024-02-02T15:17:58.281+0000] {processor.py:161} INFO - Started process (PID=2591) to work on /home/airflow/.local/lib/python3.8/site-packages/airflow/example_dags/example_nested_branch_dag.py
[2024-02-02T15:17:58.282+0000] {processor.py:830} INFO - Processing file /home/airflow/.local/lib/python3.8/site-packages/airflow/example_dags/example_nested_branch_dag.py for tasks to queue
[2024-02-02T15:17:58.285+0000] {logging_mixin.py:188} INFO - [2024-02-02T15:17:58.284+0000] {dagbag.py:538} INFO - Filling up the DagBag from /home/airflow/.local/lib/python3.8/site-packages/airflow/example_dags/example_nested_branch_dag.py
[2024-02-02T15:17:58.301+0000] {processor.py:840} INFO - DAG(s) 'example_nested_branch_dag' retrieved from /home/airflow/.local/lib/python3.8/site-packages/airflow/example_dags/example_nested_branch_dag.py
[2024-02-02T15:17:58.340+0000] {logging_mixin.py:188} INFO - [2024-02-02T15:17:58.340+0000] {dag.py:3036} INFO - Sync 1 DAGs
[2024-02-02T15:17:58.383+0000] {logging_mixin.py:188} INFO - [2024-02-02T15:17:58.383+0000] {dag.py:3823} INFO - Setting next_dagrun for example_nested_branch_dag to 2024-02-01 00:00:00+00:00, run_after=2024-02-02 00:00:00+00:00
[2024-02-02T15:17:58.411+0000] {processor.py:183} INFO - Processing /home/airflow/.local/lib/python3.8/site-packages/airflow/example_dags/example_nested_branch_dag.py took 0.135 seconds
[2024-02-02T15:18:28.603+0000] {processor.py:161} INFO - Started process (PID=2884) to work on /home/airflow/.local/lib/python3.8/site-packages/airflow/example_dags/example_nested_branch_dag.py
[2024-02-02T15:18:28.604+0000] {processor.py:830} INFO - Processing file /home/airflow/.local/lib/python3.8/site-packages/airflow/example_dags/example_nested_branch_dag.py for tasks to queue
[2024-02-02T15:18:28.606+0000] {logging_mixin.py:188} INFO - [2024-02-02T15:18:28.606+0000] {dagbag.py:538} INFO - Filling up the DagBag from /home/airflow/.local/lib/python3.8/site-packages/airflow/example_dags/example_nested_branch_dag.py
[2024-02-02T15:18:28.628+0000] {processor.py:840} INFO - DAG(s) 'example_nested_branch_dag' retrieved from /home/airflow/.local/lib/python3.8/site-packages/airflow/example_dags/example_nested_branch_dag.py
[2024-02-02T15:18:28.662+0000] {logging_mixin.py:188} INFO - [2024-02-02T15:18:28.661+0000] {dag.py:3036} INFO - Sync 1 DAGs
[2024-02-02T15:18:28.697+0000] {logging_mixin.py:188} INFO - [2024-02-02T15:18:28.697+0000] {dag.py:3823} INFO - Setting next_dagrun for example_nested_branch_dag to 2024-02-01 00:00:00+00:00, run_after=2024-02-02 00:00:00+00:00
[2024-02-02T15:18:28.721+0000] {processor.py:183} INFO - Processing /home/airflow/.local/lib/python3.8/site-packages/airflow/example_dags/example_nested_branch_dag.py took 0.123 seconds
[2024-02-02T15:18:59.340+0000] {processor.py:161} INFO - Started process (PID=3138) to work on /home/airflow/.local/lib/python3.8/site-packages/airflow/example_dags/example_nested_branch_dag.py
[2024-02-02T15:18:59.342+0000] {processor.py:830} INFO - Processing file /home/airflow/.local/lib/python3.8/site-packages/airflow/example_dags/example_nested_branch_dag.py for tasks to queue
[2024-02-02T15:18:59.344+0000] {logging_mixin.py:188} INFO - [2024-02-02T15:18:59.344+0000] {dagbag.py:538} INFO - Filling up the DagBag from /home/airflow/.local/lib/python3.8/site-packages/airflow/example_dags/example_nested_branch_dag.py
[2024-02-02T15:18:59.360+0000] {processor.py:840} INFO - DAG(s) 'example_nested_branch_dag' retrieved from /home/airflow/.local/lib/python3.8/site-packages/airflow/example_dags/example_nested_branch_dag.py
[2024-02-02T15:18:59.400+0000] {logging_mixin.py:188} INFO - [2024-02-02T15:18:59.399+0000] {dag.py:3036} INFO - Sync 1 DAGs
[2024-02-02T15:18:59.442+0000] {logging_mixin.py:188} INFO - [2024-02-02T15:18:59.442+0000] {dag.py:3823} INFO - Setting next_dagrun for example_nested_branch_dag to 2024-02-01 00:00:00+00:00, run_after=2024-02-02 00:00:00+00:00
[2024-02-02T15:18:59.470+0000] {processor.py:183} INFO - Processing /home/airflow/.local/lib/python3.8/site-packages/airflow/example_dags/example_nested_branch_dag.py took 0.135 seconds
[2024-02-02T15:19:30.459+0000] {processor.py:161} INFO - Started process (PID=3385) to work on /home/airflow/.local/lib/python3.8/site-packages/airflow/example_dags/example_nested_branch_dag.py
[2024-02-02T15:19:30.460+0000] {processor.py:830} INFO - Processing file /home/airflow/.local/lib/python3.8/site-packages/airflow/example_dags/example_nested_branch_dag.py for tasks to queue
[2024-02-02T15:19:30.462+0000] {logging_mixin.py:188} INFO - [2024-02-02T15:19:30.462+0000] {dagbag.py:538} INFO - Filling up the DagBag from /home/airflow/.local/lib/python3.8/site-packages/airflow/example_dags/example_nested_branch_dag.py
[2024-02-02T15:19:30.477+0000] {processor.py:840} INFO - DAG(s) 'example_nested_branch_dag' retrieved from /home/airflow/.local/lib/python3.8/site-packages/airflow/example_dags/example_nested_branch_dag.py
[2024-02-02T15:19:30.509+0000] {logging_mixin.py:188} INFO - [2024-02-02T15:19:30.508+0000] {dag.py:3036} INFO - Sync 1 DAGs
[2024-02-02T15:19:30.549+0000] {logging_mixin.py:188} INFO - [2024-02-02T15:19:30.549+0000] {dag.py:3823} INFO - Setting next_dagrun for example_nested_branch_dag to 2024-02-01 00:00:00+00:00, run_after=2024-02-02 00:00:00+00:00
[2024-02-02T15:19:30.582+0000] {processor.py:183} INFO - Processing /home/airflow/.local/lib/python3.8/site-packages/airflow/example_dags/example_nested_branch_dag.py took 0.128 seconds
[2024-02-02T15:20:00.803+0000] {processor.py:161} INFO - Started process (PID=3632) to work on /home/airflow/.local/lib/python3.8/site-packages/airflow/example_dags/example_nested_branch_dag.py
[2024-02-02T15:20:00.804+0000] {processor.py:830} INFO - Processing file /home/airflow/.local/lib/python3.8/site-packages/airflow/example_dags/example_nested_branch_dag.py for tasks to queue
[2024-02-02T15:20:00.806+0000] {logging_mixin.py:188} INFO - [2024-02-02T15:20:00.805+0000] {dagbag.py:538} INFO - Filling up the DagBag from /home/airflow/.local/lib/python3.8/site-packages/airflow/example_dags/example_nested_branch_dag.py
[2024-02-02T15:20:00.819+0000] {processor.py:840} INFO - DAG(s) 'example_nested_branch_dag' retrieved from /home/airflow/.local/lib/python3.8/site-packages/airflow/example_dags/example_nested_branch_dag.py
[2024-02-02T15:20:00.851+0000] {logging_mixin.py:188} INFO - [2024-02-02T15:20:00.850+0000] {dag.py:3036} INFO - Sync 1 DAGs
[2024-02-02T15:20:00.884+0000] {logging_mixin.py:188} INFO - [2024-02-02T15:20:00.883+0000] {dag.py:3823} INFO - Setting next_dagrun for example_nested_branch_dag to 2024-02-01 00:00:00+00:00, run_after=2024-02-02 00:00:00+00:00
[2024-02-02T15:20:00.908+0000] {processor.py:183} INFO - Processing /home/airflow/.local/lib/python3.8/site-packages/airflow/example_dags/example_nested_branch_dag.py took 0.110 seconds
[2024-02-02T15:20:31.340+0000] {processor.py:161} INFO - Started process (PID=3879) to work on /home/airflow/.local/lib/python3.8/site-packages/airflow/example_dags/example_nested_branch_dag.py
[2024-02-02T15:20:31.341+0000] {processor.py:830} INFO - Processing file /home/airflow/.local/lib/python3.8/site-packages/airflow/example_dags/example_nested_branch_dag.py for tasks to queue
[2024-02-02T15:20:31.343+0000] {logging_mixin.py:188} INFO - [2024-02-02T15:20:31.342+0000] {dagbag.py:538} INFO - Filling up the DagBag from /home/airflow/.local/lib/python3.8/site-packages/airflow/example_dags/example_nested_branch_dag.py
[2024-02-02T15:20:31.356+0000] {processor.py:840} INFO - DAG(s) 'example_nested_branch_dag' retrieved from /home/airflow/.local/lib/python3.8/site-packages/airflow/example_dags/example_nested_branch_dag.py
[2024-02-02T15:20:31.390+0000] {logging_mixin.py:188} INFO - [2024-02-02T15:20:31.390+0000] {dag.py:3036} INFO - Sync 1 DAGs
[2024-02-02T15:20:31.420+0000] {logging_mixin.py:188} INFO - [2024-02-02T15:20:31.420+0000] {dag.py:3823} INFO - Setting next_dagrun for example_nested_branch_dag to 2024-02-01 00:00:00+00:00, run_after=2024-02-02 00:00:00+00:00
[2024-02-02T15:20:31.446+0000] {processor.py:183} INFO - Processing /home/airflow/.local/lib/python3.8/site-packages/airflow/example_dags/example_nested_branch_dag.py took 0.111 seconds
[2024-02-02T15:21:01.758+0000] {processor.py:161} INFO - Started process (PID=4126) to work on /home/airflow/.local/lib/python3.8/site-packages/airflow/example_dags/example_nested_branch_dag.py
[2024-02-02T15:21:01.760+0000] {processor.py:830} INFO - Processing file /home/airflow/.local/lib/python3.8/site-packages/airflow/example_dags/example_nested_branch_dag.py for tasks to queue
[2024-02-02T15:21:01.762+0000] {logging_mixin.py:188} INFO - [2024-02-02T15:21:01.761+0000] {dagbag.py:538} INFO - Filling up the DagBag from /home/airflow/.local/lib/python3.8/site-packages/airflow/example_dags/example_nested_branch_dag.py
[2024-02-02T15:21:01.776+0000] {processor.py:840} INFO - DAG(s) 'example_nested_branch_dag' retrieved from /home/airflow/.local/lib/python3.8/site-packages/airflow/example_dags/example_nested_branch_dag.py
[2024-02-02T15:21:01.808+0000] {logging_mixin.py:188} INFO - [2024-02-02T15:21:01.808+0000] {dag.py:3036} INFO - Sync 1 DAGs
[2024-02-02T15:21:01.838+0000] {logging_mixin.py:188} INFO - [2024-02-02T15:21:01.838+0000] {dag.py:3823} INFO - Setting next_dagrun for example_nested_branch_dag to 2024-02-01 00:00:00+00:00, run_after=2024-02-02 00:00:00+00:00
[2024-02-02T15:21:01.862+0000] {processor.py:183} INFO - Processing /home/airflow/.local/lib/python3.8/site-packages/airflow/example_dags/example_nested_branch_dag.py took 0.107 seconds
[2024-02-02T15:21:32.022+0000] {processor.py:161} INFO - Started process (PID=4373) to work on /home/airflow/.local/lib/python3.8/site-packages/airflow/example_dags/example_nested_branch_dag.py
[2024-02-02T15:21:32.023+0000] {processor.py:830} INFO - Processing file /home/airflow/.local/lib/python3.8/site-packages/airflow/example_dags/example_nested_branch_dag.py for tasks to queue
[2024-02-02T15:21:32.025+0000] {logging_mixin.py:188} INFO - [2024-02-02T15:21:32.025+0000] {dagbag.py:538} INFO - Filling up the DagBag from /home/airflow/.local/lib/python3.8/site-packages/airflow/example_dags/example_nested_branch_dag.py
[2024-02-02T15:21:32.038+0000] {processor.py:840} INFO - DAG(s) 'example_nested_branch_dag' retrieved from /home/airflow/.local/lib/python3.8/site-packages/airflow/example_dags/example_nested_branch_dag.py
[2024-02-02T15:21:32.070+0000] {logging_mixin.py:188} INFO - [2024-02-02T15:21:32.069+0000] {dag.py:3036} INFO - Sync 1 DAGs
[2024-02-02T15:21:32.102+0000] {logging_mixin.py:188} INFO - [2024-02-02T15:21:32.102+0000] {dag.py:3823} INFO - Setting next_dagrun for example_nested_branch_dag to 2024-02-01 00:00:00+00:00, run_after=2024-02-02 00:00:00+00:00
[2024-02-02T15:21:32.129+0000] {processor.py:183} INFO - Processing /home/airflow/.local/lib/python3.8/site-packages/airflow/example_dags/example_nested_branch_dag.py took 0.111 seconds
[2024-02-02T15:22:02.259+0000] {processor.py:161} INFO - Started process (PID=4620) to work on /home/airflow/.local/lib/python3.8/site-packages/airflow/example_dags/example_nested_branch_dag.py
[2024-02-02T15:22:02.260+0000] {processor.py:830} INFO - Processing file /home/airflow/.local/lib/python3.8/site-packages/airflow/example_dags/example_nested_branch_dag.py for tasks to queue
[2024-02-02T15:22:02.261+0000] {logging_mixin.py:188} INFO - [2024-02-02T15:22:02.261+0000] {dagbag.py:538} INFO - Filling up the DagBag from /home/airflow/.local/lib/python3.8/site-packages/airflow/example_dags/example_nested_branch_dag.py
[2024-02-02T15:22:02.275+0000] {processor.py:840} INFO - DAG(s) 'example_nested_branch_dag' retrieved from /home/airflow/.local/lib/python3.8/site-packages/airflow/example_dags/example_nested_branch_dag.py
[2024-02-02T15:22:02.307+0000] {logging_mixin.py:188} INFO - [2024-02-02T15:22:02.306+0000] {dag.py:3036} INFO - Sync 1 DAGs
[2024-02-02T15:22:02.341+0000] {logging_mixin.py:188} INFO - [2024-02-02T15:22:02.341+0000] {dag.py:3823} INFO - Setting next_dagrun for example_nested_branch_dag to 2024-02-01 00:00:00+00:00, run_after=2024-02-02 00:00:00+00:00
[2024-02-02T15:22:02.367+0000] {processor.py:183} INFO - Processing /home/airflow/.local/lib/python3.8/site-packages/airflow/example_dags/example_nested_branch_dag.py took 0.112 seconds
[2024-02-02T15:22:32.650+0000] {processor.py:161} INFO - Started process (PID=4867) to work on /home/airflow/.local/lib/python3.8/site-packages/airflow/example_dags/example_nested_branch_dag.py
[2024-02-02T15:22:32.651+0000] {processor.py:830} INFO - Processing file /home/airflow/.local/lib/python3.8/site-packages/airflow/example_dags/example_nested_branch_dag.py for tasks to queue
[2024-02-02T15:22:32.653+0000] {logging_mixin.py:188} INFO - [2024-02-02T15:22:32.653+0000] {dagbag.py:538} INFO - Filling up the DagBag from /home/airflow/.local/lib/python3.8/site-packages/airflow/example_dags/example_nested_branch_dag.py
[2024-02-02T15:22:32.668+0000] {processor.py:840} INFO - DAG(s) 'example_nested_branch_dag' retrieved from /home/airflow/.local/lib/python3.8/site-packages/airflow/example_dags/example_nested_branch_dag.py
[2024-02-02T15:22:32.701+0000] {logging_mixin.py:188} INFO - [2024-02-02T15:22:32.700+0000] {dag.py:3036} INFO - Sync 1 DAGs
[2024-02-02T15:22:32.731+0000] {logging_mixin.py:188} INFO - [2024-02-02T15:22:32.731+0000] {dag.py:3823} INFO - Setting next_dagrun for example_nested_branch_dag to 2024-02-01 00:00:00+00:00, run_after=2024-02-02 00:00:00+00:00
[2024-02-02T15:22:32.755+0000] {processor.py:183} INFO - Processing /home/airflow/.local/lib/python3.8/site-packages/airflow/example_dags/example_nested_branch_dag.py took 0.111 seconds
[2024-02-02T15:23:03.662+0000] {processor.py:161} INFO - Started process (PID=5114) to work on /home/airflow/.local/lib/python3.8/site-packages/airflow/example_dags/example_nested_branch_dag.py
[2024-02-02T15:23:03.663+0000] {processor.py:830} INFO - Processing file /home/airflow/.local/lib/python3.8/site-packages/airflow/example_dags/example_nested_branch_dag.py for tasks to queue
[2024-02-02T15:23:03.665+0000] {logging_mixin.py:188} INFO - [2024-02-02T15:23:03.665+0000] {dagbag.py:538} INFO - Filling up the DagBag from /home/airflow/.local/lib/python3.8/site-packages/airflow/example_dags/example_nested_branch_dag.py
[2024-02-02T15:23:03.679+0000] {processor.py:840} INFO - DAG(s) 'example_nested_branch_dag' retrieved from /home/airflow/.local/lib/python3.8/site-packages/airflow/example_dags/example_nested_branch_dag.py
[2024-02-02T15:23:03.709+0000] {logging_mixin.py:188} INFO - [2024-02-02T15:23:03.709+0000] {dag.py:3036} INFO - Sync 1 DAGs
[2024-02-02T15:23:03.744+0000] {logging_mixin.py:188} INFO - [2024-02-02T15:23:03.743+0000] {dag.py:3823} INFO - Setting next_dagrun for example_nested_branch_dag to 2024-02-01 00:00:00+00:00, run_after=2024-02-02 00:00:00+00:00
[2024-02-02T15:23:03.769+0000] {processor.py:183} INFO - Processing /home/airflow/.local/lib/python3.8/site-packages/airflow/example_dags/example_nested_branch_dag.py took 0.112 seconds
[2024-02-02T15:23:34.366+0000] {processor.py:161} INFO - Started process (PID=5361) to work on /home/airflow/.local/lib/python3.8/site-packages/airflow/example_dags/example_nested_branch_dag.py
[2024-02-02T15:23:34.367+0000] {processor.py:830} INFO - Processing file /home/airflow/.local/lib/python3.8/site-packages/airflow/example_dags/example_nested_branch_dag.py for tasks to queue
[2024-02-02T15:23:34.368+0000] {logging_mixin.py:188} INFO - [2024-02-02T15:23:34.368+0000] {dagbag.py:538} INFO - Filling up the DagBag from /home/airflow/.local/lib/python3.8/site-packages/airflow/example_dags/example_nested_branch_dag.py
[2024-02-02T15:23:34.382+0000] {processor.py:840} INFO - DAG(s) 'example_nested_branch_dag' retrieved from /home/airflow/.local/lib/python3.8/site-packages/airflow/example_dags/example_nested_branch_dag.py
[2024-02-02T15:23:34.412+0000] {logging_mixin.py:188} INFO - [2024-02-02T15:23:34.412+0000] {dag.py:3036} INFO - Sync 1 DAGs
[2024-02-02T15:23:34.445+0000] {logging_mixin.py:188} INFO - [2024-02-02T15:23:34.444+0000] {dag.py:3823} INFO - Setting next_dagrun for example_nested_branch_dag to 2024-02-01 00:00:00+00:00, run_after=2024-02-02 00:00:00+00:00
[2024-02-02T15:23:34.470+0000] {processor.py:183} INFO - Processing /home/airflow/.local/lib/python3.8/site-packages/airflow/example_dags/example_nested_branch_dag.py took 0.109 seconds
[2024-02-02T15:24:05.065+0000] {processor.py:161} INFO - Started process (PID=5608) to work on /home/airflow/.local/lib/python3.8/site-packages/airflow/example_dags/example_nested_branch_dag.py
[2024-02-02T15:24:05.066+0000] {processor.py:830} INFO - Processing file /home/airflow/.local/lib/python3.8/site-packages/airflow/example_dags/example_nested_branch_dag.py for tasks to queue
[2024-02-02T15:24:05.068+0000] {logging_mixin.py:188} INFO - [2024-02-02T15:24:05.067+0000] {dagbag.py:538} INFO - Filling up the DagBag from /home/airflow/.local/lib/python3.8/site-packages/airflow/example_dags/example_nested_branch_dag.py
[2024-02-02T15:24:05.082+0000] {processor.py:840} INFO - DAG(s) 'example_nested_branch_dag' retrieved from /home/airflow/.local/lib/python3.8/site-packages/airflow/example_dags/example_nested_branch_dag.py
[2024-02-02T15:24:05.111+0000] {logging_mixin.py:188} INFO - [2024-02-02T15:24:05.111+0000] {dag.py:3036} INFO - Sync 1 DAGs
[2024-02-02T15:24:05.146+0000] {logging_mixin.py:188} INFO - [2024-02-02T15:24:05.146+0000] {dag.py:3823} INFO - Setting next_dagrun for example_nested_branch_dag to 2024-02-01 00:00:00+00:00, run_after=2024-02-02 00:00:00+00:00
[2024-02-02T15:24:05.171+0000] {processor.py:183} INFO - Processing /home/airflow/.local/lib/python3.8/site-packages/airflow/example_dags/example_nested_branch_dag.py took 0.111 seconds
[2024-02-02T15:24:35.435+0000] {processor.py:161} INFO - Started process (PID=5855) to work on /home/airflow/.local/lib/python3.8/site-packages/airflow/example_dags/example_nested_branch_dag.py
[2024-02-02T15:24:35.437+0000] {processor.py:830} INFO - Processing file /home/airflow/.local/lib/python3.8/site-packages/airflow/example_dags/example_nested_branch_dag.py for tasks to queue
[2024-02-02T15:24:35.439+0000] {logging_mixin.py:188} INFO - [2024-02-02T15:24:35.438+0000] {dagbag.py:538} INFO - Filling up the DagBag from /home/airflow/.local/lib/python3.8/site-packages/airflow/example_dags/example_nested_branch_dag.py
[2024-02-02T15:24:35.452+0000] {processor.py:840} INFO - DAG(s) 'example_nested_branch_dag' retrieved from /home/airflow/.local/lib/python3.8/site-packages/airflow/example_dags/example_nested_branch_dag.py
[2024-02-02T15:24:35.488+0000] {logging_mixin.py:188} INFO - [2024-02-02T15:24:35.487+0000] {dag.py:3036} INFO - Sync 1 DAGs
[2024-02-02T15:24:35.518+0000] {logging_mixin.py:188} INFO - [2024-02-02T15:24:35.517+0000] {dag.py:3823} INFO - Setting next_dagrun for example_nested_branch_dag to 2024-02-01 00:00:00+00:00, run_after=2024-02-02 00:00:00+00:00
[2024-02-02T15:24:35.543+0000] {processor.py:183} INFO - Processing /home/airflow/.local/lib/python3.8/site-packages/airflow/example_dags/example_nested_branch_dag.py took 0.112 seconds
[2024-02-02T15:25:06.359+0000] {processor.py:161} INFO - Started process (PID=6102) to work on /home/airflow/.local/lib/python3.8/site-packages/airflow/example_dags/example_nested_branch_dag.py
[2024-02-02T15:25:06.360+0000] {processor.py:830} INFO - Processing file /home/airflow/.local/lib/python3.8/site-packages/airflow/example_dags/example_nested_branch_dag.py for tasks to queue
[2024-02-02T15:25:06.362+0000] {logging_mixin.py:188} INFO - [2024-02-02T15:25:06.361+0000] {dagbag.py:538} INFO - Filling up the DagBag from /home/airflow/.local/lib/python3.8/site-packages/airflow/example_dags/example_nested_branch_dag.py
[2024-02-02T15:25:06.376+0000] {processor.py:840} INFO - DAG(s) 'example_nested_branch_dag' retrieved from /home/airflow/.local/lib/python3.8/site-packages/airflow/example_dags/example_nested_branch_dag.py
[2024-02-02T15:25:06.409+0000] {logging_mixin.py:188} INFO - [2024-02-02T15:25:06.409+0000] {dag.py:3036} INFO - Sync 1 DAGs
[2024-02-02T15:25:06.444+0000] {logging_mixin.py:188} INFO - [2024-02-02T15:25:06.443+0000] {dag.py:3823} INFO - Setting next_dagrun for example_nested_branch_dag to 2024-02-01 00:00:00+00:00, run_after=2024-02-02 00:00:00+00:00
[2024-02-02T15:25:06.471+0000] {processor.py:183} INFO - Processing /home/airflow/.local/lib/python3.8/site-packages/airflow/example_dags/example_nested_branch_dag.py took 0.116 seconds
[2024-02-02T15:25:36.575+0000] {processor.py:161} INFO - Started process (PID=6349) to work on /home/airflow/.local/lib/python3.8/site-packages/airflow/example_dags/example_nested_branch_dag.py
[2024-02-02T15:25:36.577+0000] {processor.py:830} INFO - Processing file /home/airflow/.local/lib/python3.8/site-packages/airflow/example_dags/example_nested_branch_dag.py for tasks to queue
[2024-02-02T15:25:36.578+0000] {logging_mixin.py:188} INFO - [2024-02-02T15:25:36.578+0000] {dagbag.py:538} INFO - Filling up the DagBag from /home/airflow/.local/lib/python3.8/site-packages/airflow/example_dags/example_nested_branch_dag.py
[2024-02-02T15:25:36.591+0000] {processor.py:840} INFO - DAG(s) 'example_nested_branch_dag' retrieved from /home/airflow/.local/lib/python3.8/site-packages/airflow/example_dags/example_nested_branch_dag.py
[2024-02-02T15:25:36.622+0000] {logging_mixin.py:188} INFO - [2024-02-02T15:25:36.622+0000] {dag.py:3036} INFO - Sync 1 DAGs
[2024-02-02T15:25:36.664+0000] {logging_mixin.py:188} INFO - [2024-02-02T15:25:36.664+0000] {dag.py:3823} INFO - Setting next_dagrun for example_nested_branch_dag to 2024-02-01 00:00:00+00:00, run_after=2024-02-02 00:00:00+00:00
[2024-02-02T15:25:36.691+0000] {processor.py:183} INFO - Processing /home/airflow/.local/lib/python3.8/site-packages/airflow/example_dags/example_nested_branch_dag.py took 0.119 seconds
[2024-02-02T15:26:07.266+0000] {processor.py:161} INFO - Started process (PID=6596) to work on /home/airflow/.local/lib/python3.8/site-packages/airflow/example_dags/example_nested_branch_dag.py
[2024-02-02T15:26:07.268+0000] {processor.py:830} INFO - Processing file /home/airflow/.local/lib/python3.8/site-packages/airflow/example_dags/example_nested_branch_dag.py for tasks to queue
[2024-02-02T15:26:07.269+0000] {logging_mixin.py:188} INFO - [2024-02-02T15:26:07.269+0000] {dagbag.py:538} INFO - Filling up the DagBag from /home/airflow/.local/lib/python3.8/site-packages/airflow/example_dags/example_nested_branch_dag.py
[2024-02-02T15:26:07.282+0000] {processor.py:840} INFO - DAG(s) 'example_nested_branch_dag' retrieved from /home/airflow/.local/lib/python3.8/site-packages/airflow/example_dags/example_nested_branch_dag.py
[2024-02-02T15:26:07.314+0000] {logging_mixin.py:188} INFO - [2024-02-02T15:26:07.313+0000] {dag.py:3036} INFO - Sync 1 DAGs
[2024-02-02T15:26:07.346+0000] {logging_mixin.py:188} INFO - [2024-02-02T15:26:07.345+0000] {dag.py:3823} INFO - Setting next_dagrun for example_nested_branch_dag to 2024-02-01 00:00:00+00:00, run_after=2024-02-02 00:00:00+00:00
[2024-02-02T15:26:07.369+0000] {processor.py:183} INFO - Processing /home/airflow/.local/lib/python3.8/site-packages/airflow/example_dags/example_nested_branch_dag.py took 0.108 seconds
[2024-02-02T15:26:37.965+0000] {processor.py:161} INFO - Started process (PID=6843) to work on /home/airflow/.local/lib/python3.8/site-packages/airflow/example_dags/example_nested_branch_dag.py
[2024-02-02T15:26:37.967+0000] {processor.py:830} INFO - Processing file /home/airflow/.local/lib/python3.8/site-packages/airflow/example_dags/example_nested_branch_dag.py for tasks to queue
[2024-02-02T15:26:37.969+0000] {logging_mixin.py:188} INFO - [2024-02-02T15:26:37.968+0000] {dagbag.py:538} INFO - Filling up the DagBag from /home/airflow/.local/lib/python3.8/site-packages/airflow/example_dags/example_nested_branch_dag.py
[2024-02-02T15:26:37.986+0000] {processor.py:840} INFO - DAG(s) 'example_nested_branch_dag' retrieved from /home/airflow/.local/lib/python3.8/site-packages/airflow/example_dags/example_nested_branch_dag.py
[2024-02-02T15:26:38.027+0000] {logging_mixin.py:188} INFO - [2024-02-02T15:26:38.027+0000] {dag.py:3036} INFO - Sync 1 DAGs
[2024-02-02T15:26:38.066+0000] {logging_mixin.py:188} INFO - [2024-02-02T15:26:38.066+0000] {dag.py:3823} INFO - Setting next_dagrun for example_nested_branch_dag to 2024-02-01 00:00:00+00:00, run_after=2024-02-02 00:00:00+00:00
[2024-02-02T15:26:38.091+0000] {processor.py:183} INFO - Processing /home/airflow/.local/lib/python3.8/site-packages/airflow/example_dags/example_nested_branch_dag.py took 0.132 seconds
[2024-02-02T15:27:08.423+0000] {processor.py:161} INFO - Started process (PID=7090) to work on /home/airflow/.local/lib/python3.8/site-packages/airflow/example_dags/example_nested_branch_dag.py
[2024-02-02T15:27:08.425+0000] {processor.py:830} INFO - Processing file /home/airflow/.local/lib/python3.8/site-packages/airflow/example_dags/example_nested_branch_dag.py for tasks to queue
[2024-02-02T15:27:08.426+0000] {logging_mixin.py:188} INFO - [2024-02-02T15:27:08.426+0000] {dagbag.py:538} INFO - Filling up the DagBag from /home/airflow/.local/lib/python3.8/site-packages/airflow/example_dags/example_nested_branch_dag.py
[2024-02-02T15:27:08.439+0000] {processor.py:840} INFO - DAG(s) 'example_nested_branch_dag' retrieved from /home/airflow/.local/lib/python3.8/site-packages/airflow/example_dags/example_nested_branch_dag.py
[2024-02-02T15:27:08.471+0000] {logging_mixin.py:188} INFO - [2024-02-02T15:27:08.470+0000] {dag.py:3036} INFO - Sync 1 DAGs
[2024-02-02T15:27:08.500+0000] {logging_mixin.py:188} INFO - [2024-02-02T15:27:08.500+0000] {dag.py:3823} INFO - Setting next_dagrun for example_nested_branch_dag to 2024-02-01 00:00:00+00:00, run_after=2024-02-02 00:00:00+00:00
[2024-02-02T15:27:08.525+0000] {processor.py:183} INFO - Processing /home/airflow/.local/lib/python3.8/site-packages/airflow/example_dags/example_nested_branch_dag.py took 0.106 seconds
[2024-02-02T15:27:39.189+0000] {processor.py:161} INFO - Started process (PID=7337) to work on /home/airflow/.local/lib/python3.8/site-packages/airflow/example_dags/example_nested_branch_dag.py
[2024-02-02T15:27:39.190+0000] {processor.py:830} INFO - Processing file /home/airflow/.local/lib/python3.8/site-packages/airflow/example_dags/example_nested_branch_dag.py for tasks to queue
[2024-02-02T15:27:39.192+0000] {logging_mixin.py:188} INFO - [2024-02-02T15:27:39.191+0000] {dagbag.py:538} INFO - Filling up the DagBag from /home/airflow/.local/lib/python3.8/site-packages/airflow/example_dags/example_nested_branch_dag.py
[2024-02-02T15:27:39.206+0000] {processor.py:840} INFO - DAG(s) 'example_nested_branch_dag' retrieved from /home/airflow/.local/lib/python3.8/site-packages/airflow/example_dags/example_nested_branch_dag.py
[2024-02-02T15:27:39.236+0000] {logging_mixin.py:188} INFO - [2024-02-02T15:27:39.235+0000] {dag.py:3036} INFO - Sync 1 DAGs
[2024-02-02T15:27:39.266+0000] {logging_mixin.py:188} INFO - [2024-02-02T15:27:39.266+0000] {dag.py:3823} INFO - Setting next_dagrun for example_nested_branch_dag to 2024-02-01 00:00:00+00:00, run_after=2024-02-02 00:00:00+00:00
[2024-02-02T15:27:39.290+0000] {processor.py:183} INFO - Processing /home/airflow/.local/lib/python3.8/site-packages/airflow/example_dags/example_nested_branch_dag.py took 0.105 seconds
[2024-02-02T15:28:09.554+0000] {processor.py:161} INFO - Started process (PID=7584) to work on /home/airflow/.local/lib/python3.8/site-packages/airflow/example_dags/example_nested_branch_dag.py
[2024-02-02T15:28:09.555+0000] {processor.py:830} INFO - Processing file /home/airflow/.local/lib/python3.8/site-packages/airflow/example_dags/example_nested_branch_dag.py for tasks to queue
[2024-02-02T15:28:09.557+0000] {logging_mixin.py:188} INFO - [2024-02-02T15:28:09.556+0000] {dagbag.py:538} INFO - Filling up the DagBag from /home/airflow/.local/lib/python3.8/site-packages/airflow/example_dags/example_nested_branch_dag.py
[2024-02-02T15:28:09.571+0000] {processor.py:840} INFO - DAG(s) 'example_nested_branch_dag' retrieved from /home/airflow/.local/lib/python3.8/site-packages/airflow/example_dags/example_nested_branch_dag.py
[2024-02-02T15:28:09.601+0000] {logging_mixin.py:188} INFO - [2024-02-02T15:28:09.600+0000] {dag.py:3036} INFO - Sync 1 DAGs
[2024-02-02T15:28:09.632+0000] {logging_mixin.py:188} INFO - [2024-02-02T15:28:09.631+0000] {dag.py:3823} INFO - Setting next_dagrun for example_nested_branch_dag to 2024-02-01 00:00:00+00:00, run_after=2024-02-02 00:00:00+00:00
[2024-02-02T15:28:09.657+0000] {processor.py:183} INFO - Processing /home/airflow/.local/lib/python3.8/site-packages/airflow/example_dags/example_nested_branch_dag.py took 0.107 seconds
[2024-02-02T15:28:40.011+0000] {processor.py:161} INFO - Started process (PID=7831) to work on /home/airflow/.local/lib/python3.8/site-packages/airflow/example_dags/example_nested_branch_dag.py
[2024-02-02T15:28:40.013+0000] {processor.py:830} INFO - Processing file /home/airflow/.local/lib/python3.8/site-packages/airflow/example_dags/example_nested_branch_dag.py for tasks to queue
[2024-02-02T15:28:40.015+0000] {logging_mixin.py:188} INFO - [2024-02-02T15:28:40.014+0000] {dagbag.py:538} INFO - Filling up the DagBag from /home/airflow/.local/lib/python3.8/site-packages/airflow/example_dags/example_nested_branch_dag.py
[2024-02-02T15:28:40.029+0000] {processor.py:840} INFO - DAG(s) 'example_nested_branch_dag' retrieved from /home/airflow/.local/lib/python3.8/site-packages/airflow/example_dags/example_nested_branch_dag.py
[2024-02-02T15:28:40.063+0000] {logging_mixin.py:188} INFO - [2024-02-02T15:28:40.063+0000] {dag.py:3036} INFO - Sync 1 DAGs
[2024-02-02T15:28:40.102+0000] {logging_mixin.py:188} INFO - [2024-02-02T15:28:40.101+0000] {dag.py:3823} INFO - Setting next_dagrun for example_nested_branch_dag to 2024-02-01 00:00:00+00:00, run_after=2024-02-02 00:00:00+00:00
[2024-02-02T15:28:40.131+0000] {processor.py:183} INFO - Processing /home/airflow/.local/lib/python3.8/site-packages/airflow/example_dags/example_nested_branch_dag.py took 0.125 seconds
[2024-02-02T15:29:10.355+0000] {processor.py:161} INFO - Started process (PID=8078) to work on /home/airflow/.local/lib/python3.8/site-packages/airflow/example_dags/example_nested_branch_dag.py
[2024-02-02T15:29:10.356+0000] {processor.py:830} INFO - Processing file /home/airflow/.local/lib/python3.8/site-packages/airflow/example_dags/example_nested_branch_dag.py for tasks to queue
[2024-02-02T15:29:10.358+0000] {logging_mixin.py:188} INFO - [2024-02-02T15:29:10.358+0000] {dagbag.py:538} INFO - Filling up the DagBag from /home/airflow/.local/lib/python3.8/site-packages/airflow/example_dags/example_nested_branch_dag.py
[2024-02-02T15:29:10.371+0000] {processor.py:840} INFO - DAG(s) 'example_nested_branch_dag' retrieved from /home/airflow/.local/lib/python3.8/site-packages/airflow/example_dags/example_nested_branch_dag.py
[2024-02-02T15:29:10.403+0000] {logging_mixin.py:188} INFO - [2024-02-02T15:29:10.403+0000] {dag.py:3036} INFO - Sync 1 DAGs
[2024-02-02T15:29:10.439+0000] {logging_mixin.py:188} INFO - [2024-02-02T15:29:10.439+0000] {dag.py:3823} INFO - Setting next_dagrun for example_nested_branch_dag to 2024-02-01 00:00:00+00:00, run_after=2024-02-02 00:00:00+00:00
[2024-02-02T15:29:10.463+0000] {processor.py:183} INFO - Processing /home/airflow/.local/lib/python3.8/site-packages/airflow/example_dags/example_nested_branch_dag.py took 0.113 seconds
[2024-02-02T15:29:40.814+0000] {processor.py:161} INFO - Started process (PID=8325) to work on /home/airflow/.local/lib/python3.8/site-packages/airflow/example_dags/example_nested_branch_dag.py
[2024-02-02T15:29:40.815+0000] {processor.py:830} INFO - Processing file /home/airflow/.local/lib/python3.8/site-packages/airflow/example_dags/example_nested_branch_dag.py for tasks to queue
[2024-02-02T15:29:40.818+0000] {logging_mixin.py:188} INFO - [2024-02-02T15:29:40.817+0000] {dagbag.py:538} INFO - Filling up the DagBag from /home/airflow/.local/lib/python3.8/site-packages/airflow/example_dags/example_nested_branch_dag.py
[2024-02-02T15:29:40.837+0000] {processor.py:840} INFO - DAG(s) 'example_nested_branch_dag' retrieved from /home/airflow/.local/lib/python3.8/site-packages/airflow/example_dags/example_nested_branch_dag.py
[2024-02-02T15:29:40.878+0000] {logging_mixin.py:188} INFO - [2024-02-02T15:29:40.878+0000] {dag.py:3036} INFO - Sync 1 DAGs
[2024-02-02T15:29:40.916+0000] {logging_mixin.py:188} INFO - [2024-02-02T15:29:40.915+0000] {dag.py:3823} INFO - Setting next_dagrun for example_nested_branch_dag to 2024-02-01 00:00:00+00:00, run_after=2024-02-02 00:00:00+00:00
[2024-02-02T15:29:40.942+0000] {processor.py:183} INFO - Processing /home/airflow/.local/lib/python3.8/site-packages/airflow/example_dags/example_nested_branch_dag.py took 0.134 seconds
[2024-02-02T15:30:11.090+0000] {processor.py:161} INFO - Started process (PID=8572) to work on /home/airflow/.local/lib/python3.8/site-packages/airflow/example_dags/example_nested_branch_dag.py
[2024-02-02T15:30:11.092+0000] {processor.py:830} INFO - Processing file /home/airflow/.local/lib/python3.8/site-packages/airflow/example_dags/example_nested_branch_dag.py for tasks to queue
[2024-02-02T15:30:11.093+0000] {logging_mixin.py:188} INFO - [2024-02-02T15:30:11.093+0000] {dagbag.py:538} INFO - Filling up the DagBag from /home/airflow/.local/lib/python3.8/site-packages/airflow/example_dags/example_nested_branch_dag.py
[2024-02-02T15:30:11.106+0000] {processor.py:840} INFO - DAG(s) 'example_nested_branch_dag' retrieved from /home/airflow/.local/lib/python3.8/site-packages/airflow/example_dags/example_nested_branch_dag.py
[2024-02-02T15:30:11.137+0000] {logging_mixin.py:188} INFO - [2024-02-02T15:30:11.137+0000] {dag.py:3036} INFO - Sync 1 DAGs
[2024-02-02T15:30:11.170+0000] {logging_mixin.py:188} INFO - [2024-02-02T15:30:11.170+0000] {dag.py:3823} INFO - Setting next_dagrun for example_nested_branch_dag to 2024-02-01 00:00:00+00:00, run_after=2024-02-02 00:00:00+00:00
[2024-02-02T15:30:11.195+0000] {processor.py:183} INFO - Processing /home/airflow/.local/lib/python3.8/site-packages/airflow/example_dags/example_nested_branch_dag.py took 0.109 seconds
[2024-02-02T15:30:41.558+0000] {processor.py:161} INFO - Started process (PID=8819) to work on /home/airflow/.local/lib/python3.8/site-packages/airflow/example_dags/example_nested_branch_dag.py
[2024-02-02T15:30:41.560+0000] {processor.py:830} INFO - Processing file /home/airflow/.local/lib/python3.8/site-packages/airflow/example_dags/example_nested_branch_dag.py for tasks to queue
[2024-02-02T15:30:41.561+0000] {logging_mixin.py:188} INFO - [2024-02-02T15:30:41.561+0000] {dagbag.py:538} INFO - Filling up the DagBag from /home/airflow/.local/lib/python3.8/site-packages/airflow/example_dags/example_nested_branch_dag.py
[2024-02-02T15:30:41.575+0000] {processor.py:840} INFO - DAG(s) 'example_nested_branch_dag' retrieved from /home/airflow/.local/lib/python3.8/site-packages/airflow/example_dags/example_nested_branch_dag.py
[2024-02-02T15:30:41.608+0000] {logging_mixin.py:188} INFO - [2024-02-02T15:30:41.608+0000] {dag.py:3036} INFO - Sync 1 DAGs
[2024-02-02T15:30:41.639+0000] {logging_mixin.py:188} INFO - [2024-02-02T15:30:41.638+0000] {dag.py:3823} INFO - Setting next_dagrun for example_nested_branch_dag to 2024-02-01 00:00:00+00:00, run_after=2024-02-02 00:00:00+00:00
[2024-02-02T15:30:41.662+0000] {processor.py:183} INFO - Processing /home/airflow/.local/lib/python3.8/site-packages/airflow/example_dags/example_nested_branch_dag.py took 0.109 seconds
[2024-02-02T15:31:11.777+0000] {processor.py:161} INFO - Started process (PID=9066) to work on /home/airflow/.local/lib/python3.8/site-packages/airflow/example_dags/example_nested_branch_dag.py
[2024-02-02T15:31:11.779+0000] {processor.py:830} INFO - Processing file /home/airflow/.local/lib/python3.8/site-packages/airflow/example_dags/example_nested_branch_dag.py for tasks to queue
[2024-02-02T15:31:11.780+0000] {logging_mixin.py:188} INFO - [2024-02-02T15:31:11.780+0000] {dagbag.py:538} INFO - Filling up the DagBag from /home/airflow/.local/lib/python3.8/site-packages/airflow/example_dags/example_nested_branch_dag.py
[2024-02-02T15:31:11.796+0000] {processor.py:840} INFO - DAG(s) 'example_nested_branch_dag' retrieved from /home/airflow/.local/lib/python3.8/site-packages/airflow/example_dags/example_nested_branch_dag.py
[2024-02-02T15:31:11.826+0000] {logging_mixin.py:188} INFO - [2024-02-02T15:31:11.826+0000] {dag.py:3036} INFO - Sync 1 DAGs
[2024-02-02T15:31:11.859+0000] {logging_mixin.py:188} INFO - [2024-02-02T15:31:11.859+0000] {dag.py:3823} INFO - Setting next_dagrun for example_nested_branch_dag to 2024-02-01 00:00:00+00:00, run_after=2024-02-02 00:00:00+00:00
[2024-02-02T15:31:11.883+0000] {processor.py:183} INFO - Processing /home/airflow/.local/lib/python3.8/site-packages/airflow/example_dags/example_nested_branch_dag.py took 0.112 seconds
[2024-02-02T15:31:42.094+0000] {processor.py:161} INFO - Started process (PID=9313) to work on /home/airflow/.local/lib/python3.8/site-packages/airflow/example_dags/example_nested_branch_dag.py
[2024-02-02T15:31:42.096+0000] {processor.py:830} INFO - Processing file /home/airflow/.local/lib/python3.8/site-packages/airflow/example_dags/example_nested_branch_dag.py for tasks to queue
[2024-02-02T15:31:42.097+0000] {logging_mixin.py:188} INFO - [2024-02-02T15:31:42.097+0000] {dagbag.py:538} INFO - Filling up the DagBag from /home/airflow/.local/lib/python3.8/site-packages/airflow/example_dags/example_nested_branch_dag.py
[2024-02-02T15:31:42.111+0000] {processor.py:840} INFO - DAG(s) 'example_nested_branch_dag' retrieved from /home/airflow/.local/lib/python3.8/site-packages/airflow/example_dags/example_nested_branch_dag.py
[2024-02-02T15:31:42.141+0000] {logging_mixin.py:188} INFO - [2024-02-02T15:31:42.140+0000] {dag.py:3036} INFO - Sync 1 DAGs
[2024-02-02T15:31:42.173+0000] {logging_mixin.py:188} INFO - [2024-02-02T15:31:42.172+0000] {dag.py:3823} INFO - Setting next_dagrun for example_nested_branch_dag to 2024-02-01 00:00:00+00:00, run_after=2024-02-02 00:00:00+00:00
[2024-02-02T15:31:42.197+0000] {processor.py:183} INFO - Processing /home/airflow/.local/lib/python3.8/site-packages/airflow/example_dags/example_nested_branch_dag.py took 0.107 seconds
[2024-02-02T15:32:12.400+0000] {processor.py:161} INFO - Started process (PID=9560) to work on /home/airflow/.local/lib/python3.8/site-packages/airflow/example_dags/example_nested_branch_dag.py
[2024-02-02T15:32:12.402+0000] {processor.py:830} INFO - Processing file /home/airflow/.local/lib/python3.8/site-packages/airflow/example_dags/example_nested_branch_dag.py for tasks to queue
[2024-02-02T15:32:12.404+0000] {logging_mixin.py:188} INFO - [2024-02-02T15:32:12.403+0000] {dagbag.py:538} INFO - Filling up the DagBag from /home/airflow/.local/lib/python3.8/site-packages/airflow/example_dags/example_nested_branch_dag.py
[2024-02-02T15:32:12.418+0000] {processor.py:840} INFO - DAG(s) 'example_nested_branch_dag' retrieved from /home/airflow/.local/lib/python3.8/site-packages/airflow/example_dags/example_nested_branch_dag.py
[2024-02-02T15:32:12.452+0000] {logging_mixin.py:188} INFO - [2024-02-02T15:32:12.451+0000] {dag.py:3036} INFO - Sync 1 DAGs
[2024-02-02T15:32:12.487+0000] {logging_mixin.py:188} INFO - [2024-02-02T15:32:12.486+0000] {dag.py:3823} INFO - Setting next_dagrun for example_nested_branch_dag to 2024-02-01 00:00:00+00:00, run_after=2024-02-02 00:00:00+00:00
[2024-02-02T15:32:12.513+0000] {processor.py:183} INFO - Processing /home/airflow/.local/lib/python3.8/site-packages/airflow/example_dags/example_nested_branch_dag.py took 0.117 seconds
[2024-02-02T15:32:42.647+0000] {processor.py:161} INFO - Started process (PID=9807) to work on /home/airflow/.local/lib/python3.8/site-packages/airflow/example_dags/example_nested_branch_dag.py
[2024-02-02T15:32:42.648+0000] {processor.py:830} INFO - Processing file /home/airflow/.local/lib/python3.8/site-packages/airflow/example_dags/example_nested_branch_dag.py for tasks to queue
[2024-02-02T15:32:42.649+0000] {logging_mixin.py:188} INFO - [2024-02-02T15:32:42.649+0000] {dagbag.py:538} INFO - Filling up the DagBag from /home/airflow/.local/lib/python3.8/site-packages/airflow/example_dags/example_nested_branch_dag.py
[2024-02-02T15:32:42.663+0000] {processor.py:840} INFO - DAG(s) 'example_nested_branch_dag' retrieved from /home/airflow/.local/lib/python3.8/site-packages/airflow/example_dags/example_nested_branch_dag.py
[2024-02-02T15:32:42.694+0000] {logging_mixin.py:188} INFO - [2024-02-02T15:32:42.693+0000] {dag.py:3036} INFO - Sync 1 DAGs
[2024-02-02T15:32:42.726+0000] {logging_mixin.py:188} INFO - [2024-02-02T15:32:42.726+0000] {dag.py:3823} INFO - Setting next_dagrun for example_nested_branch_dag to 2024-02-01 00:00:00+00:00, run_after=2024-02-02 00:00:00+00:00
[2024-02-02T15:32:42.750+0000] {processor.py:183} INFO - Processing /home/airflow/.local/lib/python3.8/site-packages/airflow/example_dags/example_nested_branch_dag.py took 0.108 seconds
[2024-02-02T15:33:13.619+0000] {processor.py:161} INFO - Started process (PID=10054) to work on /home/airflow/.local/lib/python3.8/site-packages/airflow/example_dags/example_nested_branch_dag.py
[2024-02-02T15:33:13.620+0000] {processor.py:830} INFO - Processing file /home/airflow/.local/lib/python3.8/site-packages/airflow/example_dags/example_nested_branch_dag.py for tasks to queue
[2024-02-02T15:33:13.622+0000] {logging_mixin.py:188} INFO - [2024-02-02T15:33:13.621+0000] {dagbag.py:538} INFO - Filling up the DagBag from /home/airflow/.local/lib/python3.8/site-packages/airflow/example_dags/example_nested_branch_dag.py
[2024-02-02T15:33:13.636+0000] {processor.py:840} INFO - DAG(s) 'example_nested_branch_dag' retrieved from /home/airflow/.local/lib/python3.8/site-packages/airflow/example_dags/example_nested_branch_dag.py
[2024-02-02T15:33:13.667+0000] {logging_mixin.py:188} INFO - [2024-02-02T15:33:13.666+0000] {dag.py:3036} INFO - Sync 1 DAGs
[2024-02-02T15:33:13.696+0000] {logging_mixin.py:188} INFO - [2024-02-02T15:33:13.696+0000] {dag.py:3823} INFO - Setting next_dagrun for example_nested_branch_dag to 2024-02-01 00:00:00+00:00, run_after=2024-02-02 00:00:00+00:00
[2024-02-02T15:33:13.720+0000] {processor.py:183} INFO - Processing /home/airflow/.local/lib/python3.8/site-packages/airflow/example_dags/example_nested_branch_dag.py took 0.106 seconds
[2024-02-02T15:33:44.368+0000] {processor.py:161} INFO - Started process (PID=10301) to work on /home/airflow/.local/lib/python3.8/site-packages/airflow/example_dags/example_nested_branch_dag.py
[2024-02-02T15:33:44.369+0000] {processor.py:830} INFO - Processing file /home/airflow/.local/lib/python3.8/site-packages/airflow/example_dags/example_nested_branch_dag.py for tasks to queue
[2024-02-02T15:33:44.371+0000] {logging_mixin.py:188} INFO - [2024-02-02T15:33:44.371+0000] {dagbag.py:538} INFO - Filling up the DagBag from /home/airflow/.local/lib/python3.8/site-packages/airflow/example_dags/example_nested_branch_dag.py
[2024-02-02T15:33:44.385+0000] {processor.py:840} INFO - DAG(s) 'example_nested_branch_dag' retrieved from /home/airflow/.local/lib/python3.8/site-packages/airflow/example_dags/example_nested_branch_dag.py
[2024-02-02T15:33:44.415+0000] {logging_mixin.py:188} INFO - [2024-02-02T15:33:44.415+0000] {dag.py:3036} INFO - Sync 1 DAGs
[2024-02-02T15:33:44.448+0000] {logging_mixin.py:188} INFO - [2024-02-02T15:33:44.447+0000] {dag.py:3823} INFO - Setting next_dagrun for example_nested_branch_dag to 2024-02-01 00:00:00+00:00, run_after=2024-02-02 00:00:00+00:00
[2024-02-02T15:33:44.475+0000] {processor.py:183} INFO - Processing /home/airflow/.local/lib/python3.8/site-packages/airflow/example_dags/example_nested_branch_dag.py took 0.112 seconds
[2024-02-02T15:34:14.692+0000] {processor.py:161} INFO - Started process (PID=10548) to work on /home/airflow/.local/lib/python3.8/site-packages/airflow/example_dags/example_nested_branch_dag.py
[2024-02-02T15:34:14.693+0000] {processor.py:830} INFO - Processing file /home/airflow/.local/lib/python3.8/site-packages/airflow/example_dags/example_nested_branch_dag.py for tasks to queue
[2024-02-02T15:34:14.695+0000] {logging_mixin.py:188} INFO - [2024-02-02T15:34:14.694+0000] {dagbag.py:538} INFO - Filling up the DagBag from /home/airflow/.local/lib/python3.8/site-packages/airflow/example_dags/example_nested_branch_dag.py
[2024-02-02T15:34:14.707+0000] {processor.py:840} INFO - DAG(s) 'example_nested_branch_dag' retrieved from /home/airflow/.local/lib/python3.8/site-packages/airflow/example_dags/example_nested_branch_dag.py
[2024-02-02T15:34:14.738+0000] {logging_mixin.py:188} INFO - [2024-02-02T15:34:14.738+0000] {dag.py:3036} INFO - Sync 1 DAGs
[2024-02-02T15:34:14.772+0000] {logging_mixin.py:188} INFO - [2024-02-02T15:34:14.772+0000] {dag.py:3823} INFO - Setting next_dagrun for example_nested_branch_dag to 2024-02-01 00:00:00+00:00, run_after=2024-02-02 00:00:00+00:00
[2024-02-02T15:34:14.796+0000] {processor.py:183} INFO - Processing /home/airflow/.local/lib/python3.8/site-packages/airflow/example_dags/example_nested_branch_dag.py took 0.108 seconds
[2024-02-02T15:34:45.050+0000] {processor.py:161} INFO - Started process (PID=10795) to work on /home/airflow/.local/lib/python3.8/site-packages/airflow/example_dags/example_nested_branch_dag.py
[2024-02-02T15:34:45.052+0000] {processor.py:830} INFO - Processing file /home/airflow/.local/lib/python3.8/site-packages/airflow/example_dags/example_nested_branch_dag.py for tasks to queue
[2024-02-02T15:34:45.054+0000] {logging_mixin.py:188} INFO - [2024-02-02T15:34:45.053+0000] {dagbag.py:538} INFO - Filling up the DagBag from /home/airflow/.local/lib/python3.8/site-packages/airflow/example_dags/example_nested_branch_dag.py
[2024-02-02T15:34:45.067+0000] {processor.py:840} INFO - DAG(s) 'example_nested_branch_dag' retrieved from /home/airflow/.local/lib/python3.8/site-packages/airflow/example_dags/example_nested_branch_dag.py
[2024-02-02T15:34:45.099+0000] {logging_mixin.py:188} INFO - [2024-02-02T15:34:45.099+0000] {dag.py:3036} INFO - Sync 1 DAGs
[2024-02-02T15:34:45.131+0000] {logging_mixin.py:188} INFO - [2024-02-02T15:34:45.131+0000] {dag.py:3823} INFO - Setting next_dagrun for example_nested_branch_dag to 2024-02-01 00:00:00+00:00, run_after=2024-02-02 00:00:00+00:00
[2024-02-02T15:34:45.156+0000] {processor.py:183} INFO - Processing /home/airflow/.local/lib/python3.8/site-packages/airflow/example_dags/example_nested_branch_dag.py took 0.110 seconds
[2024-02-02T15:35:15.361+0000] {processor.py:161} INFO - Started process (PID=11042) to work on /home/airflow/.local/lib/python3.8/site-packages/airflow/example_dags/example_nested_branch_dag.py
[2024-02-02T15:35:15.362+0000] {processor.py:830} INFO - Processing file /home/airflow/.local/lib/python3.8/site-packages/airflow/example_dags/example_nested_branch_dag.py for tasks to queue
[2024-02-02T15:35:15.364+0000] {logging_mixin.py:188} INFO - [2024-02-02T15:35:15.363+0000] {dagbag.py:538} INFO - Filling up the DagBag from /home/airflow/.local/lib/python3.8/site-packages/airflow/example_dags/example_nested_branch_dag.py
[2024-02-02T15:35:15.377+0000] {processor.py:840} INFO - DAG(s) 'example_nested_branch_dag' retrieved from /home/airflow/.local/lib/python3.8/site-packages/airflow/example_dags/example_nested_branch_dag.py
[2024-02-02T15:35:15.408+0000] {logging_mixin.py:188} INFO - [2024-02-02T15:35:15.408+0000] {dag.py:3036} INFO - Sync 1 DAGs
[2024-02-02T15:35:15.441+0000] {logging_mixin.py:188} INFO - [2024-02-02T15:35:15.441+0000] {dag.py:3823} INFO - Setting next_dagrun for example_nested_branch_dag to 2024-02-01 00:00:00+00:00, run_after=2024-02-02 00:00:00+00:00
[2024-02-02T15:35:15.465+0000] {processor.py:183} INFO - Processing /home/airflow/.local/lib/python3.8/site-packages/airflow/example_dags/example_nested_branch_dag.py took 0.109 seconds
[2024-02-02T15:35:46.097+0000] {processor.py:161} INFO - Started process (PID=11289) to work on /home/airflow/.local/lib/python3.8/site-packages/airflow/example_dags/example_nested_branch_dag.py
[2024-02-02T15:35:46.098+0000] {processor.py:830} INFO - Processing file /home/airflow/.local/lib/python3.8/site-packages/airflow/example_dags/example_nested_branch_dag.py for tasks to queue
[2024-02-02T15:35:46.100+0000] {logging_mixin.py:188} INFO - [2024-02-02T15:35:46.099+0000] {dagbag.py:538} INFO - Filling up the DagBag from /home/airflow/.local/lib/python3.8/site-packages/airflow/example_dags/example_nested_branch_dag.py
[2024-02-02T15:35:46.113+0000] {processor.py:840} INFO - DAG(s) 'example_nested_branch_dag' retrieved from /home/airflow/.local/lib/python3.8/site-packages/airflow/example_dags/example_nested_branch_dag.py
[2024-02-02T15:35:46.144+0000] {logging_mixin.py:188} INFO - [2024-02-02T15:35:46.144+0000] {dag.py:3036} INFO - Sync 1 DAGs
[2024-02-02T15:35:46.176+0000] {logging_mixin.py:188} INFO - [2024-02-02T15:35:46.175+0000] {dag.py:3823} INFO - Setting next_dagrun for example_nested_branch_dag to 2024-02-01 00:00:00+00:00, run_after=2024-02-02 00:00:00+00:00
[2024-02-02T15:35:46.200+0000] {processor.py:183} INFO - Processing /home/airflow/.local/lib/python3.8/site-packages/airflow/example_dags/example_nested_branch_dag.py took 0.107 seconds
