[2024-02-02T15:13:19.314+0000] {processor.py:161} INFO - Started process (PID=338) to work on /home/airflow/.local/lib/python3.8/site-packages/airflow/example_dags/example_params_ui_tutorial.py
[2024-02-02T15:13:19.316+0000] {processor.py:830} INFO - Processing file /home/airflow/.local/lib/python3.8/site-packages/airflow/example_dags/example_params_ui_tutorial.py for tasks to queue
[2024-02-02T15:13:19.318+0000] {logging_mixin.py:188} INFO - [2024-02-02T15:13:19.317+0000] {dagbag.py:538} INFO - Filling up the DagBag from /home/airflow/.local/lib/python3.8/site-packages/airflow/example_dags/example_params_ui_tutorial.py
[2024-02-02T15:13:19.335+0000] {processor.py:840} INFO - DAG(s) 'example_params_ui_tutorial' retrieved from /home/airflow/.local/lib/python3.8/site-packages/airflow/example_dags/example_params_ui_tutorial.py
[2024-02-02T15:13:19.355+0000] {logging_mixin.py:188} INFO - [2024-02-02T15:13:19.354+0000] {dag.py:3036} INFO - Sync 1 DAGs
[2024-02-02T15:13:19.375+0000] {logging_mixin.py:188} INFO - [2024-02-02T15:13:19.375+0000] {dag.py:3823} INFO - Setting next_dagrun for example_params_ui_tutorial to None, run_after=None
[2024-02-02T15:13:19.408+0000] {processor.py:183} INFO - Processing /home/airflow/.local/lib/python3.8/site-packages/airflow/example_dags/example_params_ui_tutorial.py took 0.098 seconds
[2024-02-02T15:13:52.731+0000] {processor.py:161} INFO - Started process (PID=583) to work on /home/airflow/.local/lib/python3.8/site-packages/airflow/example_dags/example_params_ui_tutorial.py
[2024-02-02T15:13:52.733+0000] {processor.py:830} INFO - Processing file /home/airflow/.local/lib/python3.8/site-packages/airflow/example_dags/example_params_ui_tutorial.py for tasks to queue
[2024-02-02T15:13:52.735+0000] {logging_mixin.py:188} INFO - [2024-02-02T15:13:52.735+0000] {dagbag.py:538} INFO - Filling up the DagBag from /home/airflow/.local/lib/python3.8/site-packages/airflow/example_dags/example_params_ui_tutorial.py
[2024-02-02T15:13:52.756+0000] {processor.py:840} INFO - DAG(s) 'example_params_ui_tutorial' retrieved from /home/airflow/.local/lib/python3.8/site-packages/airflow/example_dags/example_params_ui_tutorial.py
[2024-02-02T15:13:52.987+0000] {logging_mixin.py:188} INFO - [2024-02-02T15:13:52.986+0000] {dag.py:3036} INFO - Sync 1 DAGs
[2024-02-02T15:13:53.005+0000] {logging_mixin.py:188} INFO - [2024-02-02T15:13:53.005+0000] {dag.py:3823} INFO - Setting next_dagrun for example_params_ui_tutorial to None, run_after=None
[2024-02-02T15:13:53.042+0000] {processor.py:183} INFO - Processing /home/airflow/.local/lib/python3.8/site-packages/airflow/example_dags/example_params_ui_tutorial.py took 0.317 seconds
[2024-02-02T15:14:23.350+0000] {processor.py:161} INFO - Started process (PID=837) to work on /home/airflow/.local/lib/python3.8/site-packages/airflow/example_dags/example_params_ui_tutorial.py
[2024-02-02T15:14:23.352+0000] {processor.py:830} INFO - Processing file /home/airflow/.local/lib/python3.8/site-packages/airflow/example_dags/example_params_ui_tutorial.py for tasks to queue
[2024-02-02T15:14:23.353+0000] {logging_mixin.py:188} INFO - [2024-02-02T15:14:23.353+0000] {dagbag.py:538} INFO - Filling up the DagBag from /home/airflow/.local/lib/python3.8/site-packages/airflow/example_dags/example_params_ui_tutorial.py
[2024-02-02T15:14:23.366+0000] {processor.py:840} INFO - DAG(s) 'example_params_ui_tutorial' retrieved from /home/airflow/.local/lib/python3.8/site-packages/airflow/example_dags/example_params_ui_tutorial.py
[2024-02-02T15:14:23.440+0000] {logging_mixin.py:188} INFO - [2024-02-02T15:14:23.440+0000] {dag.py:3036} INFO - Sync 1 DAGs
[2024-02-02T15:14:23.455+0000] {logging_mixin.py:188} INFO - [2024-02-02T15:14:23.454+0000] {dag.py:3823} INFO - Setting next_dagrun for example_params_ui_tutorial to None, run_after=None
[2024-02-02T15:14:23.478+0000] {processor.py:183} INFO - Processing /home/airflow/.local/lib/python3.8/site-packages/airflow/example_dags/example_params_ui_tutorial.py took 0.131 seconds
[2024-02-02T15:14:53.533+0000] {processor.py:161} INFO - Started process (PID=1084) to work on /home/airflow/.local/lib/python3.8/site-packages/airflow/example_dags/example_params_ui_tutorial.py
[2024-02-02T15:14:53.535+0000] {processor.py:830} INFO - Processing file /home/airflow/.local/lib/python3.8/site-packages/airflow/example_dags/example_params_ui_tutorial.py for tasks to queue
[2024-02-02T15:14:53.537+0000] {logging_mixin.py:188} INFO - [2024-02-02T15:14:53.536+0000] {dagbag.py:538} INFO - Filling up the DagBag from /home/airflow/.local/lib/python3.8/site-packages/airflow/example_dags/example_params_ui_tutorial.py
[2024-02-02T15:14:53.562+0000] {processor.py:840} INFO - DAG(s) 'example_params_ui_tutorial' retrieved from /home/airflow/.local/lib/python3.8/site-packages/airflow/example_dags/example_params_ui_tutorial.py
[2024-02-02T15:14:53.662+0000] {logging_mixin.py:188} INFO - [2024-02-02T15:14:53.661+0000] {dag.py:3036} INFO - Sync 1 DAGs
[2024-02-02T15:14:53.688+0000] {logging_mixin.py:188} INFO - [2024-02-02T15:14:53.687+0000] {dag.py:3823} INFO - Setting next_dagrun for example_params_ui_tutorial to None, run_after=None
[2024-02-02T15:14:53.726+0000] {processor.py:183} INFO - Processing /home/airflow/.local/lib/python3.8/site-packages/airflow/example_dags/example_params_ui_tutorial.py took 0.197 seconds
[2024-02-02T15:15:23.835+0000] {processor.py:161} INFO - Started process (PID=1329) to work on /home/airflow/.local/lib/python3.8/site-packages/airflow/example_dags/example_params_ui_tutorial.py
[2024-02-02T15:15:23.837+0000] {processor.py:830} INFO - Processing file /home/airflow/.local/lib/python3.8/site-packages/airflow/example_dags/example_params_ui_tutorial.py for tasks to queue
[2024-02-02T15:15:23.839+0000] {logging_mixin.py:188} INFO - [2024-02-02T15:15:23.838+0000] {dagbag.py:538} INFO - Filling up the DagBag from /home/airflow/.local/lib/python3.8/site-packages/airflow/example_dags/example_params_ui_tutorial.py
[2024-02-02T15:15:23.855+0000] {processor.py:840} INFO - DAG(s) 'example_params_ui_tutorial' retrieved from /home/airflow/.local/lib/python3.8/site-packages/airflow/example_dags/example_params_ui_tutorial.py
[2024-02-02T15:15:23.932+0000] {logging_mixin.py:188} INFO - [2024-02-02T15:15:23.932+0000] {dag.py:3036} INFO - Sync 1 DAGs
[2024-02-02T15:15:23.949+0000] {logging_mixin.py:188} INFO - [2024-02-02T15:15:23.948+0000] {dag.py:3823} INFO - Setting next_dagrun for example_params_ui_tutorial to None, run_after=None
[2024-02-02T15:15:23.974+0000] {processor.py:183} INFO - Processing /home/airflow/.local/lib/python3.8/site-packages/airflow/example_dags/example_params_ui_tutorial.py took 0.144 seconds
[2024-02-02T15:15:54.510+0000] {processor.py:161} INFO - Started process (PID=1571) to work on /home/airflow/.local/lib/python3.8/site-packages/airflow/example_dags/example_params_ui_tutorial.py
[2024-02-02T15:15:54.511+0000] {processor.py:830} INFO - Processing file /home/airflow/.local/lib/python3.8/site-packages/airflow/example_dags/example_params_ui_tutorial.py for tasks to queue
[2024-02-02T15:15:54.513+0000] {logging_mixin.py:188} INFO - [2024-02-02T15:15:54.512+0000] {dagbag.py:538} INFO - Filling up the DagBag from /home/airflow/.local/lib/python3.8/site-packages/airflow/example_dags/example_params_ui_tutorial.py
[2024-02-02T15:15:54.535+0000] {processor.py:840} INFO - DAG(s) 'example_params_ui_tutorial' retrieved from /home/airflow/.local/lib/python3.8/site-packages/airflow/example_dags/example_params_ui_tutorial.py
[2024-02-02T15:15:54.650+0000] {logging_mixin.py:188} INFO - [2024-02-02T15:15:54.649+0000] {dag.py:3036} INFO - Sync 1 DAGs
[2024-02-02T15:15:54.676+0000] {logging_mixin.py:188} INFO - [2024-02-02T15:15:54.675+0000] {dag.py:3823} INFO - Setting next_dagrun for example_params_ui_tutorial to None, run_after=None
[2024-02-02T15:15:54.710+0000] {processor.py:183} INFO - Processing /home/airflow/.local/lib/python3.8/site-packages/airflow/example_dags/example_params_ui_tutorial.py took 0.207 seconds
[2024-02-02T15:16:24.887+0000] {processor.py:161} INFO - Started process (PID=1820) to work on /home/airflow/.local/lib/python3.8/site-packages/airflow/example_dags/example_params_ui_tutorial.py
[2024-02-02T15:16:24.891+0000] {processor.py:830} INFO - Processing file /home/airflow/.local/lib/python3.8/site-packages/airflow/example_dags/example_params_ui_tutorial.py for tasks to queue
[2024-02-02T15:16:24.894+0000] {logging_mixin.py:188} INFO - [2024-02-02T15:16:24.893+0000] {dagbag.py:538} INFO - Filling up the DagBag from /home/airflow/.local/lib/python3.8/site-packages/airflow/example_dags/example_params_ui_tutorial.py
[2024-02-02T15:16:24.912+0000] {processor.py:840} INFO - DAG(s) 'example_params_ui_tutorial' retrieved from /home/airflow/.local/lib/python3.8/site-packages/airflow/example_dags/example_params_ui_tutorial.py
[2024-02-02T15:16:25.016+0000] {logging_mixin.py:188} INFO - [2024-02-02T15:16:25.016+0000] {dag.py:3036} INFO - Sync 1 DAGs
[2024-02-02T15:16:25.041+0000] {logging_mixin.py:188} INFO - [2024-02-02T15:16:25.040+0000] {dag.py:3823} INFO - Setting next_dagrun for example_params_ui_tutorial to None, run_after=None
[2024-02-02T15:16:25.077+0000] {processor.py:183} INFO - Processing /home/airflow/.local/lib/python3.8/site-packages/airflow/example_dags/example_params_ui_tutorial.py took 0.194 seconds
[2024-02-02T15:16:55.696+0000] {processor.py:161} INFO - Started process (PID=2065) to work on /home/airflow/.local/lib/python3.8/site-packages/airflow/example_dags/example_params_ui_tutorial.py
[2024-02-02T15:16:55.698+0000] {processor.py:830} INFO - Processing file /home/airflow/.local/lib/python3.8/site-packages/airflow/example_dags/example_params_ui_tutorial.py for tasks to queue
[2024-02-02T15:16:55.699+0000] {logging_mixin.py:188} INFO - [2024-02-02T15:16:55.699+0000] {dagbag.py:538} INFO - Filling up the DagBag from /home/airflow/.local/lib/python3.8/site-packages/airflow/example_dags/example_params_ui_tutorial.py
[2024-02-02T15:16:55.717+0000] {processor.py:840} INFO - DAG(s) 'example_params_ui_tutorial' retrieved from /home/airflow/.local/lib/python3.8/site-packages/airflow/example_dags/example_params_ui_tutorial.py
[2024-02-02T15:16:55.828+0000] {logging_mixin.py:188} INFO - [2024-02-02T15:16:55.828+0000] {dag.py:3036} INFO - Sync 1 DAGs
[2024-02-02T15:16:55.848+0000] {logging_mixin.py:188} INFO - [2024-02-02T15:16:55.848+0000] {dag.py:3823} INFO - Setting next_dagrun for example_params_ui_tutorial to None, run_after=None
[2024-02-02T15:16:55.881+0000] {processor.py:183} INFO - Processing /home/airflow/.local/lib/python3.8/site-packages/airflow/example_dags/example_params_ui_tutorial.py took 0.190 seconds
[2024-02-02T15:17:25.941+0000] {processor.py:161} INFO - Started process (PID=2317) to work on /home/airflow/.local/lib/python3.8/site-packages/airflow/example_dags/example_params_ui_tutorial.py
[2024-02-02T15:17:25.944+0000] {processor.py:830} INFO - Processing file /home/airflow/.local/lib/python3.8/site-packages/airflow/example_dags/example_params_ui_tutorial.py for tasks to queue
[2024-02-02T15:17:25.949+0000] {logging_mixin.py:188} INFO - [2024-02-02T15:17:25.947+0000] {dagbag.py:538} INFO - Filling up the DagBag from /home/airflow/.local/lib/python3.8/site-packages/airflow/example_dags/example_params_ui_tutorial.py
[2024-02-02T15:17:25.968+0000] {processor.py:840} INFO - DAG(s) 'example_params_ui_tutorial' retrieved from /home/airflow/.local/lib/python3.8/site-packages/airflow/example_dags/example_params_ui_tutorial.py
[2024-02-02T15:17:26.097+0000] {logging_mixin.py:188} INFO - [2024-02-02T15:17:26.097+0000] {dag.py:3036} INFO - Sync 1 DAGs
[2024-02-02T15:17:26.115+0000] {logging_mixin.py:188} INFO - [2024-02-02T15:17:26.114+0000] {dag.py:3823} INFO - Setting next_dagrun for example_params_ui_tutorial to None, run_after=None
[2024-02-02T15:17:26.218+0000] {processor.py:183} INFO - Processing /home/airflow/.local/lib/python3.8/site-packages/airflow/example_dags/example_params_ui_tutorial.py took 0.283 seconds
[2024-02-02T15:17:56.398+0000] {processor.py:161} INFO - Started process (PID=2566) to work on /home/airflow/.local/lib/python3.8/site-packages/airflow/example_dags/example_params_ui_tutorial.py
[2024-02-02T15:17:56.399+0000] {processor.py:830} INFO - Processing file /home/airflow/.local/lib/python3.8/site-packages/airflow/example_dags/example_params_ui_tutorial.py for tasks to queue
[2024-02-02T15:17:56.401+0000] {logging_mixin.py:188} INFO - [2024-02-02T15:17:56.400+0000] {dagbag.py:538} INFO - Filling up the DagBag from /home/airflow/.local/lib/python3.8/site-packages/airflow/example_dags/example_params_ui_tutorial.py
[2024-02-02T15:17:56.425+0000] {processor.py:840} INFO - DAG(s) 'example_params_ui_tutorial' retrieved from /home/airflow/.local/lib/python3.8/site-packages/airflow/example_dags/example_params_ui_tutorial.py
[2024-02-02T15:17:56.564+0000] {logging_mixin.py:188} INFO - [2024-02-02T15:17:56.564+0000] {dag.py:3036} INFO - Sync 1 DAGs
[2024-02-02T15:17:56.587+0000] {logging_mixin.py:188} INFO - [2024-02-02T15:17:56.586+0000] {dag.py:3823} INFO - Setting next_dagrun for example_params_ui_tutorial to None, run_after=None
[2024-02-02T15:17:56.615+0000] {processor.py:183} INFO - Processing /home/airflow/.local/lib/python3.8/site-packages/airflow/example_dags/example_params_ui_tutorial.py took 0.223 seconds
[2024-02-02T15:18:27.070+0000] {processor.py:161} INFO - Started process (PID=2854) to work on /home/airflow/.local/lib/python3.8/site-packages/airflow/example_dags/example_params_ui_tutorial.py
[2024-02-02T15:18:27.071+0000] {processor.py:830} INFO - Processing file /home/airflow/.local/lib/python3.8/site-packages/airflow/example_dags/example_params_ui_tutorial.py for tasks to queue
[2024-02-02T15:18:27.073+0000] {logging_mixin.py:188} INFO - [2024-02-02T15:18:27.072+0000] {dagbag.py:538} INFO - Filling up the DagBag from /home/airflow/.local/lib/python3.8/site-packages/airflow/example_dags/example_params_ui_tutorial.py
[2024-02-02T15:18:27.088+0000] {processor.py:840} INFO - DAG(s) 'example_params_ui_tutorial' retrieved from /home/airflow/.local/lib/python3.8/site-packages/airflow/example_dags/example_params_ui_tutorial.py
[2024-02-02T15:18:27.180+0000] {logging_mixin.py:188} INFO - [2024-02-02T15:18:27.179+0000] {dag.py:3036} INFO - Sync 1 DAGs
[2024-02-02T15:18:27.218+0000] {logging_mixin.py:188} INFO - [2024-02-02T15:18:27.218+0000] {dag.py:3823} INFO - Setting next_dagrun for example_params_ui_tutorial to None, run_after=None
[2024-02-02T15:18:27.247+0000] {processor.py:183} INFO - Processing /home/airflow/.local/lib/python3.8/site-packages/airflow/example_dags/example_params_ui_tutorial.py took 0.181 seconds
[2024-02-02T15:18:57.842+0000] {processor.py:161} INFO - Started process (PID=3103) to work on /home/airflow/.local/lib/python3.8/site-packages/airflow/example_dags/example_params_ui_tutorial.py
[2024-02-02T15:18:57.843+0000] {processor.py:830} INFO - Processing file /home/airflow/.local/lib/python3.8/site-packages/airflow/example_dags/example_params_ui_tutorial.py for tasks to queue
[2024-02-02T15:18:57.845+0000] {logging_mixin.py:188} INFO - [2024-02-02T15:18:57.844+0000] {dagbag.py:538} INFO - Filling up the DagBag from /home/airflow/.local/lib/python3.8/site-packages/airflow/example_dags/example_params_ui_tutorial.py
[2024-02-02T15:18:57.861+0000] {processor.py:840} INFO - DAG(s) 'example_params_ui_tutorial' retrieved from /home/airflow/.local/lib/python3.8/site-packages/airflow/example_dags/example_params_ui_tutorial.py
[2024-02-02T15:18:57.942+0000] {logging_mixin.py:188} INFO - [2024-02-02T15:18:57.942+0000] {dag.py:3036} INFO - Sync 1 DAGs
[2024-02-02T15:18:57.958+0000] {logging_mixin.py:188} INFO - [2024-02-02T15:18:57.958+0000] {dag.py:3823} INFO - Setting next_dagrun for example_params_ui_tutorial to None, run_after=None
[2024-02-02T15:18:57.984+0000] {processor.py:183} INFO - Processing /home/airflow/.local/lib/python3.8/site-packages/airflow/example_dags/example_params_ui_tutorial.py took 0.149 seconds
[2024-02-02T15:19:28.992+0000] {processor.py:161} INFO - Started process (PID=3357) to work on /home/airflow/.local/lib/python3.8/site-packages/airflow/example_dags/example_params_ui_tutorial.py
[2024-02-02T15:19:28.994+0000] {processor.py:830} INFO - Processing file /home/airflow/.local/lib/python3.8/site-packages/airflow/example_dags/example_params_ui_tutorial.py for tasks to queue
[2024-02-02T15:19:28.995+0000] {logging_mixin.py:188} INFO - [2024-02-02T15:19:28.995+0000] {dagbag.py:538} INFO - Filling up the DagBag from /home/airflow/.local/lib/python3.8/site-packages/airflow/example_dags/example_params_ui_tutorial.py
[2024-02-02T15:19:29.010+0000] {processor.py:840} INFO - DAG(s) 'example_params_ui_tutorial' retrieved from /home/airflow/.local/lib/python3.8/site-packages/airflow/example_dags/example_params_ui_tutorial.py
[2024-02-02T15:19:29.097+0000] {logging_mixin.py:188} INFO - [2024-02-02T15:19:29.097+0000] {dag.py:3036} INFO - Sync 1 DAGs
[2024-02-02T15:19:29.113+0000] {logging_mixin.py:188} INFO - [2024-02-02T15:19:29.113+0000] {dag.py:3823} INFO - Setting next_dagrun for example_params_ui_tutorial to None, run_after=None
[2024-02-02T15:19:29.142+0000] {processor.py:183} INFO - Processing /home/airflow/.local/lib/python3.8/site-packages/airflow/example_dags/example_params_ui_tutorial.py took 0.153 seconds
[2024-02-02T15:19:59.354+0000] {processor.py:161} INFO - Started process (PID=3604) to work on /home/airflow/.local/lib/python3.8/site-packages/airflow/example_dags/example_params_ui_tutorial.py
[2024-02-02T15:19:59.355+0000] {processor.py:830} INFO - Processing file /home/airflow/.local/lib/python3.8/site-packages/airflow/example_dags/example_params_ui_tutorial.py for tasks to queue
[2024-02-02T15:19:59.357+0000] {logging_mixin.py:188} INFO - [2024-02-02T15:19:59.356+0000] {dagbag.py:538} INFO - Filling up the DagBag from /home/airflow/.local/lib/python3.8/site-packages/airflow/example_dags/example_params_ui_tutorial.py
[2024-02-02T15:19:59.371+0000] {processor.py:840} INFO - DAG(s) 'example_params_ui_tutorial' retrieved from /home/airflow/.local/lib/python3.8/site-packages/airflow/example_dags/example_params_ui_tutorial.py
[2024-02-02T15:19:59.448+0000] {logging_mixin.py:188} INFO - [2024-02-02T15:19:59.448+0000] {dag.py:3036} INFO - Sync 1 DAGs
[2024-02-02T15:19:59.464+0000] {logging_mixin.py:188} INFO - [2024-02-02T15:19:59.464+0000] {dag.py:3823} INFO - Setting next_dagrun for example_params_ui_tutorial to None, run_after=None
[2024-02-02T15:19:59.492+0000] {processor.py:183} INFO - Processing /home/airflow/.local/lib/python3.8/site-packages/airflow/example_dags/example_params_ui_tutorial.py took 0.142 seconds
[2024-02-02T15:20:29.912+0000] {processor.py:161} INFO - Started process (PID=3851) to work on /home/airflow/.local/lib/python3.8/site-packages/airflow/example_dags/example_params_ui_tutorial.py
[2024-02-02T15:20:29.914+0000] {processor.py:830} INFO - Processing file /home/airflow/.local/lib/python3.8/site-packages/airflow/example_dags/example_params_ui_tutorial.py for tasks to queue
[2024-02-02T15:20:29.915+0000] {logging_mixin.py:188} INFO - [2024-02-02T15:20:29.915+0000] {dagbag.py:538} INFO - Filling up the DagBag from /home/airflow/.local/lib/python3.8/site-packages/airflow/example_dags/example_params_ui_tutorial.py
[2024-02-02T15:20:29.929+0000] {processor.py:840} INFO - DAG(s) 'example_params_ui_tutorial' retrieved from /home/airflow/.local/lib/python3.8/site-packages/airflow/example_dags/example_params_ui_tutorial.py
[2024-02-02T15:20:30.007+0000] {logging_mixin.py:188} INFO - [2024-02-02T15:20:30.006+0000] {dag.py:3036} INFO - Sync 1 DAGs
[2024-02-02T15:20:30.024+0000] {logging_mixin.py:188} INFO - [2024-02-02T15:20:30.023+0000] {dag.py:3823} INFO - Setting next_dagrun for example_params_ui_tutorial to None, run_after=None
[2024-02-02T15:20:30.053+0000] {processor.py:183} INFO - Processing /home/airflow/.local/lib/python3.8/site-packages/airflow/example_dags/example_params_ui_tutorial.py took 0.145 seconds
[2024-02-02T15:21:00.280+0000] {processor.py:161} INFO - Started process (PID=4098) to work on /home/airflow/.local/lib/python3.8/site-packages/airflow/example_dags/example_params_ui_tutorial.py
[2024-02-02T15:21:00.282+0000] {processor.py:830} INFO - Processing file /home/airflow/.local/lib/python3.8/site-packages/airflow/example_dags/example_params_ui_tutorial.py for tasks to queue
[2024-02-02T15:21:00.285+0000] {logging_mixin.py:188} INFO - [2024-02-02T15:21:00.284+0000] {dagbag.py:538} INFO - Filling up the DagBag from /home/airflow/.local/lib/python3.8/site-packages/airflow/example_dags/example_params_ui_tutorial.py
[2024-02-02T15:21:00.308+0000] {processor.py:840} INFO - DAG(s) 'example_params_ui_tutorial' retrieved from /home/airflow/.local/lib/python3.8/site-packages/airflow/example_dags/example_params_ui_tutorial.py
[2024-02-02T15:21:00.440+0000] {logging_mixin.py:188} INFO - [2024-02-02T15:21:00.439+0000] {dag.py:3036} INFO - Sync 1 DAGs
[2024-02-02T15:21:00.460+0000] {logging_mixin.py:188} INFO - [2024-02-02T15:21:00.459+0000] {dag.py:3823} INFO - Setting next_dagrun for example_params_ui_tutorial to None, run_after=None
[2024-02-02T15:21:00.486+0000] {processor.py:183} INFO - Processing /home/airflow/.local/lib/python3.8/site-packages/airflow/example_dags/example_params_ui_tutorial.py took 0.210 seconds
[2024-02-02T15:21:30.663+0000] {processor.py:161} INFO - Started process (PID=4350) to work on /home/airflow/.local/lib/python3.8/site-packages/airflow/example_dags/example_params_ui_tutorial.py
[2024-02-02T15:21:30.664+0000] {processor.py:830} INFO - Processing file /home/airflow/.local/lib/python3.8/site-packages/airflow/example_dags/example_params_ui_tutorial.py for tasks to queue
[2024-02-02T15:21:30.666+0000] {logging_mixin.py:188} INFO - [2024-02-02T15:21:30.666+0000] {dagbag.py:538} INFO - Filling up the DagBag from /home/airflow/.local/lib/python3.8/site-packages/airflow/example_dags/example_params_ui_tutorial.py
[2024-02-02T15:21:30.682+0000] {processor.py:840} INFO - DAG(s) 'example_params_ui_tutorial' retrieved from /home/airflow/.local/lib/python3.8/site-packages/airflow/example_dags/example_params_ui_tutorial.py
[2024-02-02T15:21:30.767+0000] {logging_mixin.py:188} INFO - [2024-02-02T15:21:30.767+0000] {dag.py:3036} INFO - Sync 1 DAGs
[2024-02-02T15:21:30.787+0000] {logging_mixin.py:188} INFO - [2024-02-02T15:21:30.786+0000] {dag.py:3823} INFO - Setting next_dagrun for example_params_ui_tutorial to None, run_after=None
[2024-02-02T15:21:30.821+0000] {processor.py:183} INFO - Processing /home/airflow/.local/lib/python3.8/site-packages/airflow/example_dags/example_params_ui_tutorial.py took 0.163 seconds
[2024-02-02T15:22:00.935+0000] {processor.py:161} INFO - Started process (PID=4602) to work on /home/airflow/.local/lib/python3.8/site-packages/airflow/example_dags/example_params_ui_tutorial.py
[2024-02-02T15:22:00.936+0000] {processor.py:830} INFO - Processing file /home/airflow/.local/lib/python3.8/site-packages/airflow/example_dags/example_params_ui_tutorial.py for tasks to queue
[2024-02-02T15:22:00.938+0000] {logging_mixin.py:188} INFO - [2024-02-02T15:22:00.938+0000] {dagbag.py:538} INFO - Filling up the DagBag from /home/airflow/.local/lib/python3.8/site-packages/airflow/example_dags/example_params_ui_tutorial.py
[2024-02-02T15:22:00.950+0000] {processor.py:840} INFO - DAG(s) 'example_params_ui_tutorial' retrieved from /home/airflow/.local/lib/python3.8/site-packages/airflow/example_dags/example_params_ui_tutorial.py
[2024-02-02T15:22:01.023+0000] {logging_mixin.py:188} INFO - [2024-02-02T15:22:01.023+0000] {dag.py:3036} INFO - Sync 1 DAGs
[2024-02-02T15:22:01.038+0000] {logging_mixin.py:188} INFO - [2024-02-02T15:22:01.038+0000] {dag.py:3823} INFO - Setting next_dagrun for example_params_ui_tutorial to None, run_after=None
[2024-02-02T15:22:01.062+0000] {processor.py:183} INFO - Processing /home/airflow/.local/lib/python3.8/site-packages/airflow/example_dags/example_params_ui_tutorial.py took 0.130 seconds
[2024-02-02T15:22:31.214+0000] {processor.py:161} INFO - Started process (PID=4839) to work on /home/airflow/.local/lib/python3.8/site-packages/airflow/example_dags/example_params_ui_tutorial.py
[2024-02-02T15:22:31.216+0000] {processor.py:830} INFO - Processing file /home/airflow/.local/lib/python3.8/site-packages/airflow/example_dags/example_params_ui_tutorial.py for tasks to queue
[2024-02-02T15:22:31.218+0000] {logging_mixin.py:188} INFO - [2024-02-02T15:22:31.217+0000] {dagbag.py:538} INFO - Filling up the DagBag from /home/airflow/.local/lib/python3.8/site-packages/airflow/example_dags/example_params_ui_tutorial.py
[2024-02-02T15:22:31.231+0000] {processor.py:840} INFO - DAG(s) 'example_params_ui_tutorial' retrieved from /home/airflow/.local/lib/python3.8/site-packages/airflow/example_dags/example_params_ui_tutorial.py
[2024-02-02T15:22:31.311+0000] {logging_mixin.py:188} INFO - [2024-02-02T15:22:31.311+0000] {dag.py:3036} INFO - Sync 1 DAGs
[2024-02-02T15:22:31.326+0000] {logging_mixin.py:188} INFO - [2024-02-02T15:22:31.326+0000] {dag.py:3823} INFO - Setting next_dagrun for example_params_ui_tutorial to None, run_after=None
[2024-02-02T15:22:31.354+0000] {processor.py:183} INFO - Processing /home/airflow/.local/lib/python3.8/site-packages/airflow/example_dags/example_params_ui_tutorial.py took 0.144 seconds
[2024-02-02T15:23:02.222+0000] {processor.py:161} INFO - Started process (PID=5086) to work on /home/airflow/.local/lib/python3.8/site-packages/airflow/example_dags/example_params_ui_tutorial.py
[2024-02-02T15:23:02.224+0000] {processor.py:830} INFO - Processing file /home/airflow/.local/lib/python3.8/site-packages/airflow/example_dags/example_params_ui_tutorial.py for tasks to queue
[2024-02-02T15:23:02.226+0000] {logging_mixin.py:188} INFO - [2024-02-02T15:23:02.225+0000] {dagbag.py:538} INFO - Filling up the DagBag from /home/airflow/.local/lib/python3.8/site-packages/airflow/example_dags/example_params_ui_tutorial.py
[2024-02-02T15:23:02.240+0000] {processor.py:840} INFO - DAG(s) 'example_params_ui_tutorial' retrieved from /home/airflow/.local/lib/python3.8/site-packages/airflow/example_dags/example_params_ui_tutorial.py
[2024-02-02T15:23:02.314+0000] {logging_mixin.py:188} INFO - [2024-02-02T15:23:02.314+0000] {dag.py:3036} INFO - Sync 1 DAGs
[2024-02-02T15:23:02.331+0000] {logging_mixin.py:188} INFO - [2024-02-02T15:23:02.331+0000] {dag.py:3823} INFO - Setting next_dagrun for example_params_ui_tutorial to None, run_after=None
[2024-02-02T15:23:02.362+0000] {processor.py:183} INFO - Processing /home/airflow/.local/lib/python3.8/site-packages/airflow/example_dags/example_params_ui_tutorial.py took 0.144 seconds
[2024-02-02T15:23:32.941+0000] {processor.py:161} INFO - Started process (PID=5333) to work on /home/airflow/.local/lib/python3.8/site-packages/airflow/example_dags/example_params_ui_tutorial.py
[2024-02-02T15:23:32.943+0000] {processor.py:830} INFO - Processing file /home/airflow/.local/lib/python3.8/site-packages/airflow/example_dags/example_params_ui_tutorial.py for tasks to queue
[2024-02-02T15:23:32.944+0000] {logging_mixin.py:188} INFO - [2024-02-02T15:23:32.944+0000] {dagbag.py:538} INFO - Filling up the DagBag from /home/airflow/.local/lib/python3.8/site-packages/airflow/example_dags/example_params_ui_tutorial.py
[2024-02-02T15:23:32.959+0000] {processor.py:840} INFO - DAG(s) 'example_params_ui_tutorial' retrieved from /home/airflow/.local/lib/python3.8/site-packages/airflow/example_dags/example_params_ui_tutorial.py
[2024-02-02T15:23:33.037+0000] {logging_mixin.py:188} INFO - [2024-02-02T15:23:33.036+0000] {dag.py:3036} INFO - Sync 1 DAGs
[2024-02-02T15:23:33.054+0000] {logging_mixin.py:188} INFO - [2024-02-02T15:23:33.053+0000] {dag.py:3823} INFO - Setting next_dagrun for example_params_ui_tutorial to None, run_after=None
[2024-02-02T15:23:33.084+0000] {processor.py:183} INFO - Processing /home/airflow/.local/lib/python3.8/site-packages/airflow/example_dags/example_params_ui_tutorial.py took 0.148 seconds
[2024-02-02T15:24:03.607+0000] {processor.py:161} INFO - Started process (PID=5580) to work on /home/airflow/.local/lib/python3.8/site-packages/airflow/example_dags/example_params_ui_tutorial.py
[2024-02-02T15:24:03.609+0000] {processor.py:830} INFO - Processing file /home/airflow/.local/lib/python3.8/site-packages/airflow/example_dags/example_params_ui_tutorial.py for tasks to queue
[2024-02-02T15:24:03.611+0000] {logging_mixin.py:188} INFO - [2024-02-02T15:24:03.610+0000] {dagbag.py:538} INFO - Filling up the DagBag from /home/airflow/.local/lib/python3.8/site-packages/airflow/example_dags/example_params_ui_tutorial.py
[2024-02-02T15:24:03.628+0000] {processor.py:840} INFO - DAG(s) 'example_params_ui_tutorial' retrieved from /home/airflow/.local/lib/python3.8/site-packages/airflow/example_dags/example_params_ui_tutorial.py
[2024-02-02T15:24:03.719+0000] {logging_mixin.py:188} INFO - [2024-02-02T15:24:03.719+0000] {dag.py:3036} INFO - Sync 1 DAGs
[2024-02-02T15:24:03.741+0000] {logging_mixin.py:188} INFO - [2024-02-02T15:24:03.741+0000] {dag.py:3823} INFO - Setting next_dagrun for example_params_ui_tutorial to None, run_after=None
[2024-02-02T15:24:03.776+0000] {processor.py:183} INFO - Processing /home/airflow/.local/lib/python3.8/site-packages/airflow/example_dags/example_params_ui_tutorial.py took 0.173 seconds
[2024-02-02T15:24:33.995+0000] {processor.py:161} INFO - Started process (PID=5827) to work on /home/airflow/.local/lib/python3.8/site-packages/airflow/example_dags/example_params_ui_tutorial.py
[2024-02-02T15:24:33.996+0000] {processor.py:830} INFO - Processing file /home/airflow/.local/lib/python3.8/site-packages/airflow/example_dags/example_params_ui_tutorial.py for tasks to queue
[2024-02-02T15:24:33.998+0000] {logging_mixin.py:188} INFO - [2024-02-02T15:24:33.997+0000] {dagbag.py:538} INFO - Filling up the DagBag from /home/airflow/.local/lib/python3.8/site-packages/airflow/example_dags/example_params_ui_tutorial.py
[2024-02-02T15:24:34.012+0000] {processor.py:840} INFO - DAG(s) 'example_params_ui_tutorial' retrieved from /home/airflow/.local/lib/python3.8/site-packages/airflow/example_dags/example_params_ui_tutorial.py
[2024-02-02T15:24:34.091+0000] {logging_mixin.py:188} INFO - [2024-02-02T15:24:34.091+0000] {dag.py:3036} INFO - Sync 1 DAGs
[2024-02-02T15:24:34.109+0000] {logging_mixin.py:188} INFO - [2024-02-02T15:24:34.108+0000] {dag.py:3823} INFO - Setting next_dagrun for example_params_ui_tutorial to None, run_after=None
[2024-02-02T15:24:34.138+0000] {processor.py:183} INFO - Processing /home/airflow/.local/lib/python3.8/site-packages/airflow/example_dags/example_params_ui_tutorial.py took 0.148 seconds
[2024-02-02T15:25:04.890+0000] {processor.py:161} INFO - Started process (PID=6074) to work on /home/airflow/.local/lib/python3.8/site-packages/airflow/example_dags/example_params_ui_tutorial.py
[2024-02-02T15:25:04.891+0000] {processor.py:830} INFO - Processing file /home/airflow/.local/lib/python3.8/site-packages/airflow/example_dags/example_params_ui_tutorial.py for tasks to queue
[2024-02-02T15:25:04.893+0000] {logging_mixin.py:188} INFO - [2024-02-02T15:25:04.892+0000] {dagbag.py:538} INFO - Filling up the DagBag from /home/airflow/.local/lib/python3.8/site-packages/airflow/example_dags/example_params_ui_tutorial.py
[2024-02-02T15:25:04.907+0000] {processor.py:840} INFO - DAG(s) 'example_params_ui_tutorial' retrieved from /home/airflow/.local/lib/python3.8/site-packages/airflow/example_dags/example_params_ui_tutorial.py
[2024-02-02T15:25:05.015+0000] {logging_mixin.py:188} INFO - [2024-02-02T15:25:05.015+0000] {dag.py:3036} INFO - Sync 1 DAGs
[2024-02-02T15:25:05.035+0000] {logging_mixin.py:188} INFO - [2024-02-02T15:25:05.035+0000] {dag.py:3823} INFO - Setting next_dagrun for example_params_ui_tutorial to None, run_after=None
[2024-02-02T15:25:05.068+0000] {processor.py:183} INFO - Processing /home/airflow/.local/lib/python3.8/site-packages/airflow/example_dags/example_params_ui_tutorial.py took 0.182 seconds
[2024-02-02T15:25:35.156+0000] {processor.py:161} INFO - Started process (PID=6321) to work on /home/airflow/.local/lib/python3.8/site-packages/airflow/example_dags/example_params_ui_tutorial.py
[2024-02-02T15:25:35.157+0000] {processor.py:830} INFO - Processing file /home/airflow/.local/lib/python3.8/site-packages/airflow/example_dags/example_params_ui_tutorial.py for tasks to queue
[2024-02-02T15:25:35.159+0000] {logging_mixin.py:188} INFO - [2024-02-02T15:25:35.158+0000] {dagbag.py:538} INFO - Filling up the DagBag from /home/airflow/.local/lib/python3.8/site-packages/airflow/example_dags/example_params_ui_tutorial.py
[2024-02-02T15:25:35.174+0000] {processor.py:840} INFO - DAG(s) 'example_params_ui_tutorial' retrieved from /home/airflow/.local/lib/python3.8/site-packages/airflow/example_dags/example_params_ui_tutorial.py
[2024-02-02T15:25:35.251+0000] {logging_mixin.py:188} INFO - [2024-02-02T15:25:35.250+0000] {dag.py:3036} INFO - Sync 1 DAGs
[2024-02-02T15:25:35.270+0000] {logging_mixin.py:188} INFO - [2024-02-02T15:25:35.270+0000] {dag.py:3823} INFO - Setting next_dagrun for example_params_ui_tutorial to None, run_after=None
[2024-02-02T15:25:35.298+0000] {processor.py:183} INFO - Processing /home/airflow/.local/lib/python3.8/site-packages/airflow/example_dags/example_params_ui_tutorial.py took 0.147 seconds
[2024-02-02T15:26:05.818+0000] {processor.py:161} INFO - Started process (PID=6568) to work on /home/airflow/.local/lib/python3.8/site-packages/airflow/example_dags/example_params_ui_tutorial.py
[2024-02-02T15:26:05.819+0000] {processor.py:830} INFO - Processing file /home/airflow/.local/lib/python3.8/site-packages/airflow/example_dags/example_params_ui_tutorial.py for tasks to queue
[2024-02-02T15:26:05.820+0000] {logging_mixin.py:188} INFO - [2024-02-02T15:26:05.820+0000] {dagbag.py:538} INFO - Filling up the DagBag from /home/airflow/.local/lib/python3.8/site-packages/airflow/example_dags/example_params_ui_tutorial.py
[2024-02-02T15:26:05.835+0000] {processor.py:840} INFO - DAG(s) 'example_params_ui_tutorial' retrieved from /home/airflow/.local/lib/python3.8/site-packages/airflow/example_dags/example_params_ui_tutorial.py
[2024-02-02T15:26:05.915+0000] {logging_mixin.py:188} INFO - [2024-02-02T15:26:05.915+0000] {dag.py:3036} INFO - Sync 1 DAGs
[2024-02-02T15:26:05.932+0000] {logging_mixin.py:188} INFO - [2024-02-02T15:26:05.932+0000] {dag.py:3823} INFO - Setting next_dagrun for example_params_ui_tutorial to None, run_after=None
[2024-02-02T15:26:05.963+0000] {processor.py:183} INFO - Processing /home/airflow/.local/lib/python3.8/site-packages/airflow/example_dags/example_params_ui_tutorial.py took 0.149 seconds
[2024-02-02T15:26:36.487+0000] {processor.py:161} INFO - Started process (PID=6815) to work on /home/airflow/.local/lib/python3.8/site-packages/airflow/example_dags/example_params_ui_tutorial.py
[2024-02-02T15:26:36.489+0000] {processor.py:830} INFO - Processing file /home/airflow/.local/lib/python3.8/site-packages/airflow/example_dags/example_params_ui_tutorial.py for tasks to queue
[2024-02-02T15:26:36.491+0000] {logging_mixin.py:188} INFO - [2024-02-02T15:26:36.490+0000] {dagbag.py:538} INFO - Filling up the DagBag from /home/airflow/.local/lib/python3.8/site-packages/airflow/example_dags/example_params_ui_tutorial.py
[2024-02-02T15:26:36.505+0000] {processor.py:840} INFO - DAG(s) 'example_params_ui_tutorial' retrieved from /home/airflow/.local/lib/python3.8/site-packages/airflow/example_dags/example_params_ui_tutorial.py
[2024-02-02T15:26:36.587+0000] {logging_mixin.py:188} INFO - [2024-02-02T15:26:36.586+0000] {dag.py:3036} INFO - Sync 1 DAGs
[2024-02-02T15:26:36.603+0000] {logging_mixin.py:188} INFO - [2024-02-02T15:26:36.603+0000] {dag.py:3823} INFO - Setting next_dagrun for example_params_ui_tutorial to None, run_after=None
[2024-02-02T15:26:36.636+0000] {processor.py:183} INFO - Processing /home/airflow/.local/lib/python3.8/site-packages/airflow/example_dags/example_params_ui_tutorial.py took 0.153 seconds
[2024-02-02T15:27:06.970+0000] {processor.py:161} INFO - Started process (PID=7062) to work on /home/airflow/.local/lib/python3.8/site-packages/airflow/example_dags/example_params_ui_tutorial.py
[2024-02-02T15:27:06.971+0000] {processor.py:830} INFO - Processing file /home/airflow/.local/lib/python3.8/site-packages/airflow/example_dags/example_params_ui_tutorial.py for tasks to queue
[2024-02-02T15:27:06.973+0000] {logging_mixin.py:188} INFO - [2024-02-02T15:27:06.972+0000] {dagbag.py:538} INFO - Filling up the DagBag from /home/airflow/.local/lib/python3.8/site-packages/airflow/example_dags/example_params_ui_tutorial.py
[2024-02-02T15:27:06.987+0000] {processor.py:840} INFO - DAG(s) 'example_params_ui_tutorial' retrieved from /home/airflow/.local/lib/python3.8/site-packages/airflow/example_dags/example_params_ui_tutorial.py
[2024-02-02T15:27:07.071+0000] {logging_mixin.py:188} INFO - [2024-02-02T15:27:07.071+0000] {dag.py:3036} INFO - Sync 1 DAGs
[2024-02-02T15:27:07.089+0000] {logging_mixin.py:188} INFO - [2024-02-02T15:27:07.088+0000] {dag.py:3823} INFO - Setting next_dagrun for example_params_ui_tutorial to None, run_after=None
[2024-02-02T15:27:07.119+0000] {processor.py:183} INFO - Processing /home/airflow/.local/lib/python3.8/site-packages/airflow/example_dags/example_params_ui_tutorial.py took 0.153 seconds
[2024-02-02T15:27:37.648+0000] {processor.py:161} INFO - Started process (PID=7309) to work on /home/airflow/.local/lib/python3.8/site-packages/airflow/example_dags/example_params_ui_tutorial.py
[2024-02-02T15:27:37.650+0000] {processor.py:830} INFO - Processing file /home/airflow/.local/lib/python3.8/site-packages/airflow/example_dags/example_params_ui_tutorial.py for tasks to queue
[2024-02-02T15:27:37.651+0000] {logging_mixin.py:188} INFO - [2024-02-02T15:27:37.651+0000] {dagbag.py:538} INFO - Filling up the DagBag from /home/airflow/.local/lib/python3.8/site-packages/airflow/example_dags/example_params_ui_tutorial.py
[2024-02-02T15:27:37.668+0000] {processor.py:840} INFO - DAG(s) 'example_params_ui_tutorial' retrieved from /home/airflow/.local/lib/python3.8/site-packages/airflow/example_dags/example_params_ui_tutorial.py
[2024-02-02T15:27:37.749+0000] {logging_mixin.py:188} INFO - [2024-02-02T15:27:37.749+0000] {dag.py:3036} INFO - Sync 1 DAGs
[2024-02-02T15:27:37.769+0000] {logging_mixin.py:188} INFO - [2024-02-02T15:27:37.768+0000] {dag.py:3823} INFO - Setting next_dagrun for example_params_ui_tutorial to None, run_after=None
[2024-02-02T15:27:37.799+0000] {processor.py:183} INFO - Processing /home/airflow/.local/lib/python3.8/site-packages/airflow/example_dags/example_params_ui_tutorial.py took 0.155 seconds
[2024-02-02T15:28:08.116+0000] {processor.py:161} INFO - Started process (PID=7556) to work on /home/airflow/.local/lib/python3.8/site-packages/airflow/example_dags/example_params_ui_tutorial.py
[2024-02-02T15:28:08.117+0000] {processor.py:830} INFO - Processing file /home/airflow/.local/lib/python3.8/site-packages/airflow/example_dags/example_params_ui_tutorial.py for tasks to queue
[2024-02-02T15:28:08.119+0000] {logging_mixin.py:188} INFO - [2024-02-02T15:28:08.119+0000] {dagbag.py:538} INFO - Filling up the DagBag from /home/airflow/.local/lib/python3.8/site-packages/airflow/example_dags/example_params_ui_tutorial.py
[2024-02-02T15:28:08.136+0000] {processor.py:840} INFO - DAG(s) 'example_params_ui_tutorial' retrieved from /home/airflow/.local/lib/python3.8/site-packages/airflow/example_dags/example_params_ui_tutorial.py
[2024-02-02T15:28:08.218+0000] {logging_mixin.py:188} INFO - [2024-02-02T15:28:08.217+0000] {dag.py:3036} INFO - Sync 1 DAGs
[2024-02-02T15:28:08.235+0000] {logging_mixin.py:188} INFO - [2024-02-02T15:28:08.235+0000] {dag.py:3823} INFO - Setting next_dagrun for example_params_ui_tutorial to None, run_after=None
[2024-02-02T15:28:08.265+0000] {processor.py:183} INFO - Processing /home/airflow/.local/lib/python3.8/site-packages/airflow/example_dags/example_params_ui_tutorial.py took 0.155 seconds
[2024-02-02T15:28:38.576+0000] {processor.py:161} INFO - Started process (PID=7803) to work on /home/airflow/.local/lib/python3.8/site-packages/airflow/example_dags/example_params_ui_tutorial.py
[2024-02-02T15:28:38.578+0000] {processor.py:830} INFO - Processing file /home/airflow/.local/lib/python3.8/site-packages/airflow/example_dags/example_params_ui_tutorial.py for tasks to queue
[2024-02-02T15:28:38.579+0000] {logging_mixin.py:188} INFO - [2024-02-02T15:28:38.579+0000] {dagbag.py:538} INFO - Filling up the DagBag from /home/airflow/.local/lib/python3.8/site-packages/airflow/example_dags/example_params_ui_tutorial.py
[2024-02-02T15:28:38.593+0000] {processor.py:840} INFO - DAG(s) 'example_params_ui_tutorial' retrieved from /home/airflow/.local/lib/python3.8/site-packages/airflow/example_dags/example_params_ui_tutorial.py
[2024-02-02T15:28:38.668+0000] {logging_mixin.py:188} INFO - [2024-02-02T15:28:38.668+0000] {dag.py:3036} INFO - Sync 1 DAGs
[2024-02-02T15:28:38.684+0000] {logging_mixin.py:188} INFO - [2024-02-02T15:28:38.683+0000] {dag.py:3823} INFO - Setting next_dagrun for example_params_ui_tutorial to None, run_after=None
[2024-02-02T15:28:38.711+0000] {processor.py:183} INFO - Processing /home/airflow/.local/lib/python3.8/site-packages/airflow/example_dags/example_params_ui_tutorial.py took 0.139 seconds
[2024-02-02T15:29:08.877+0000] {processor.py:161} INFO - Started process (PID=8050) to work on /home/airflow/.local/lib/python3.8/site-packages/airflow/example_dags/example_params_ui_tutorial.py
[2024-02-02T15:29:08.879+0000] {processor.py:830} INFO - Processing file /home/airflow/.local/lib/python3.8/site-packages/airflow/example_dags/example_params_ui_tutorial.py for tasks to queue
[2024-02-02T15:29:08.880+0000] {logging_mixin.py:188} INFO - [2024-02-02T15:29:08.880+0000] {dagbag.py:538} INFO - Filling up the DagBag from /home/airflow/.local/lib/python3.8/site-packages/airflow/example_dags/example_params_ui_tutorial.py
[2024-02-02T15:29:08.894+0000] {processor.py:840} INFO - DAG(s) 'example_params_ui_tutorial' retrieved from /home/airflow/.local/lib/python3.8/site-packages/airflow/example_dags/example_params_ui_tutorial.py
[2024-02-02T15:29:09.010+0000] {logging_mixin.py:188} INFO - [2024-02-02T15:29:09.010+0000] {dag.py:3036} INFO - Sync 1 DAGs
[2024-02-02T15:29:09.030+0000] {logging_mixin.py:188} INFO - [2024-02-02T15:29:09.030+0000] {dag.py:3823} INFO - Setting next_dagrun for example_params_ui_tutorial to None, run_after=None
[2024-02-02T15:29:09.059+0000] {processor.py:183} INFO - Processing /home/airflow/.local/lib/python3.8/site-packages/airflow/example_dags/example_params_ui_tutorial.py took 0.185 seconds
[2024-02-02T15:29:39.345+0000] {processor.py:161} INFO - Started process (PID=8297) to work on /home/airflow/.local/lib/python3.8/site-packages/airflow/example_dags/example_params_ui_tutorial.py
[2024-02-02T15:29:39.347+0000] {processor.py:830} INFO - Processing file /home/airflow/.local/lib/python3.8/site-packages/airflow/example_dags/example_params_ui_tutorial.py for tasks to queue
[2024-02-02T15:29:39.348+0000] {logging_mixin.py:188} INFO - [2024-02-02T15:29:39.348+0000] {dagbag.py:538} INFO - Filling up the DagBag from /home/airflow/.local/lib/python3.8/site-packages/airflow/example_dags/example_params_ui_tutorial.py
[2024-02-02T15:29:39.362+0000] {processor.py:840} INFO - DAG(s) 'example_params_ui_tutorial' retrieved from /home/airflow/.local/lib/python3.8/site-packages/airflow/example_dags/example_params_ui_tutorial.py
[2024-02-02T15:29:39.439+0000] {logging_mixin.py:188} INFO - [2024-02-02T15:29:39.439+0000] {dag.py:3036} INFO - Sync 1 DAGs
[2024-02-02T15:29:39.456+0000] {logging_mixin.py:188} INFO - [2024-02-02T15:29:39.456+0000] {dag.py:3823} INFO - Setting next_dagrun for example_params_ui_tutorial to None, run_after=None
[2024-02-02T15:29:39.484+0000] {processor.py:183} INFO - Processing /home/airflow/.local/lib/python3.8/site-packages/airflow/example_dags/example_params_ui_tutorial.py took 0.143 seconds
[2024-02-02T15:30:09.676+0000] {processor.py:161} INFO - Started process (PID=8544) to work on /home/airflow/.local/lib/python3.8/site-packages/airflow/example_dags/example_params_ui_tutorial.py
[2024-02-02T15:30:09.678+0000] {processor.py:830} INFO - Processing file /home/airflow/.local/lib/python3.8/site-packages/airflow/example_dags/example_params_ui_tutorial.py for tasks to queue
[2024-02-02T15:30:09.679+0000] {logging_mixin.py:188} INFO - [2024-02-02T15:30:09.679+0000] {dagbag.py:538} INFO - Filling up the DagBag from /home/airflow/.local/lib/python3.8/site-packages/airflow/example_dags/example_params_ui_tutorial.py
[2024-02-02T15:30:09.693+0000] {processor.py:840} INFO - DAG(s) 'example_params_ui_tutorial' retrieved from /home/airflow/.local/lib/python3.8/site-packages/airflow/example_dags/example_params_ui_tutorial.py
[2024-02-02T15:30:09.771+0000] {logging_mixin.py:188} INFO - [2024-02-02T15:30:09.771+0000] {dag.py:3036} INFO - Sync 1 DAGs
[2024-02-02T15:30:09.788+0000] {logging_mixin.py:188} INFO - [2024-02-02T15:30:09.787+0000] {dag.py:3823} INFO - Setting next_dagrun for example_params_ui_tutorial to None, run_after=None
[2024-02-02T15:30:09.816+0000] {processor.py:183} INFO - Processing /home/airflow/.local/lib/python3.8/site-packages/airflow/example_dags/example_params_ui_tutorial.py took 0.144 seconds
[2024-02-02T15:30:40.111+0000] {processor.py:161} INFO - Started process (PID=8791) to work on /home/airflow/.local/lib/python3.8/site-packages/airflow/example_dags/example_params_ui_tutorial.py
[2024-02-02T15:30:40.112+0000] {processor.py:830} INFO - Processing file /home/airflow/.local/lib/python3.8/site-packages/airflow/example_dags/example_params_ui_tutorial.py for tasks to queue
[2024-02-02T15:30:40.114+0000] {logging_mixin.py:188} INFO - [2024-02-02T15:30:40.113+0000] {dagbag.py:538} INFO - Filling up the DagBag from /home/airflow/.local/lib/python3.8/site-packages/airflow/example_dags/example_params_ui_tutorial.py
[2024-02-02T15:30:40.128+0000] {processor.py:840} INFO - DAG(s) 'example_params_ui_tutorial' retrieved from /home/airflow/.local/lib/python3.8/site-packages/airflow/example_dags/example_params_ui_tutorial.py
[2024-02-02T15:30:40.213+0000] {logging_mixin.py:188} INFO - [2024-02-02T15:30:40.213+0000] {dag.py:3036} INFO - Sync 1 DAGs
[2024-02-02T15:30:40.229+0000] {logging_mixin.py:188} INFO - [2024-02-02T15:30:40.229+0000] {dag.py:3823} INFO - Setting next_dagrun for example_params_ui_tutorial to None, run_after=None
[2024-02-02T15:30:40.259+0000] {processor.py:183} INFO - Processing /home/airflow/.local/lib/python3.8/site-packages/airflow/example_dags/example_params_ui_tutorial.py took 0.153 seconds
[2024-02-02T15:31:10.318+0000] {processor.py:161} INFO - Started process (PID=9038) to work on /home/airflow/.local/lib/python3.8/site-packages/airflow/example_dags/example_params_ui_tutorial.py
[2024-02-02T15:31:10.320+0000] {processor.py:830} INFO - Processing file /home/airflow/.local/lib/python3.8/site-packages/airflow/example_dags/example_params_ui_tutorial.py for tasks to queue
[2024-02-02T15:31:10.321+0000] {logging_mixin.py:188} INFO - [2024-02-02T15:31:10.321+0000] {dagbag.py:538} INFO - Filling up the DagBag from /home/airflow/.local/lib/python3.8/site-packages/airflow/example_dags/example_params_ui_tutorial.py
[2024-02-02T15:31:10.337+0000] {processor.py:840} INFO - DAG(s) 'example_params_ui_tutorial' retrieved from /home/airflow/.local/lib/python3.8/site-packages/airflow/example_dags/example_params_ui_tutorial.py
[2024-02-02T15:31:10.436+0000] {logging_mixin.py:188} INFO - [2024-02-02T15:31:10.435+0000] {dag.py:3036} INFO - Sync 1 DAGs
[2024-02-02T15:31:10.456+0000] {logging_mixin.py:188} INFO - [2024-02-02T15:31:10.455+0000] {dag.py:3823} INFO - Setting next_dagrun for example_params_ui_tutorial to None, run_after=None
[2024-02-02T15:31:10.483+0000] {processor.py:183} INFO - Processing /home/airflow/.local/lib/python3.8/site-packages/airflow/example_dags/example_params_ui_tutorial.py took 0.171 seconds
[2024-02-02T15:31:40.612+0000] {processor.py:161} INFO - Started process (PID=9285) to work on /home/airflow/.local/lib/python3.8/site-packages/airflow/example_dags/example_params_ui_tutorial.py
[2024-02-02T15:31:40.614+0000] {processor.py:830} INFO - Processing file /home/airflow/.local/lib/python3.8/site-packages/airflow/example_dags/example_params_ui_tutorial.py for tasks to queue
[2024-02-02T15:31:40.616+0000] {logging_mixin.py:188} INFO - [2024-02-02T15:31:40.615+0000] {dagbag.py:538} INFO - Filling up the DagBag from /home/airflow/.local/lib/python3.8/site-packages/airflow/example_dags/example_params_ui_tutorial.py
[2024-02-02T15:31:40.630+0000] {processor.py:840} INFO - DAG(s) 'example_params_ui_tutorial' retrieved from /home/airflow/.local/lib/python3.8/site-packages/airflow/example_dags/example_params_ui_tutorial.py
[2024-02-02T15:31:40.713+0000] {logging_mixin.py:188} INFO - [2024-02-02T15:31:40.713+0000] {dag.py:3036} INFO - Sync 1 DAGs
[2024-02-02T15:31:40.733+0000] {logging_mixin.py:188} INFO - [2024-02-02T15:31:40.733+0000] {dag.py:3823} INFO - Setting next_dagrun for example_params_ui_tutorial to None, run_after=None
[2024-02-02T15:31:40.766+0000] {processor.py:183} INFO - Processing /home/airflow/.local/lib/python3.8/site-packages/airflow/example_dags/example_params_ui_tutorial.py took 0.158 seconds
[2024-02-02T15:32:10.953+0000] {processor.py:161} INFO - Started process (PID=9532) to work on /home/airflow/.local/lib/python3.8/site-packages/airflow/example_dags/example_params_ui_tutorial.py
[2024-02-02T15:32:10.954+0000] {processor.py:830} INFO - Processing file /home/airflow/.local/lib/python3.8/site-packages/airflow/example_dags/example_params_ui_tutorial.py for tasks to queue
[2024-02-02T15:32:10.956+0000] {logging_mixin.py:188} INFO - [2024-02-02T15:32:10.955+0000] {dagbag.py:538} INFO - Filling up the DagBag from /home/airflow/.local/lib/python3.8/site-packages/airflow/example_dags/example_params_ui_tutorial.py
[2024-02-02T15:32:10.970+0000] {processor.py:840} INFO - DAG(s) 'example_params_ui_tutorial' retrieved from /home/airflow/.local/lib/python3.8/site-packages/airflow/example_dags/example_params_ui_tutorial.py
[2024-02-02T15:32:11.054+0000] {logging_mixin.py:188} INFO - [2024-02-02T15:32:11.054+0000] {dag.py:3036} INFO - Sync 1 DAGs
[2024-02-02T15:32:11.071+0000] {logging_mixin.py:188} INFO - [2024-02-02T15:32:11.071+0000] {dag.py:3823} INFO - Setting next_dagrun for example_params_ui_tutorial to None, run_after=None
[2024-02-02T15:32:11.100+0000] {processor.py:183} INFO - Processing /home/airflow/.local/lib/python3.8/site-packages/airflow/example_dags/example_params_ui_tutorial.py took 0.152 seconds
[2024-02-02T15:32:41.221+0000] {processor.py:161} INFO - Started process (PID=9779) to work on /home/airflow/.local/lib/python3.8/site-packages/airflow/example_dags/example_params_ui_tutorial.py
[2024-02-02T15:32:41.222+0000] {processor.py:830} INFO - Processing file /home/airflow/.local/lib/python3.8/site-packages/airflow/example_dags/example_params_ui_tutorial.py for tasks to queue
[2024-02-02T15:32:41.224+0000] {logging_mixin.py:188} INFO - [2024-02-02T15:32:41.224+0000] {dagbag.py:538} INFO - Filling up the DagBag from /home/airflow/.local/lib/python3.8/site-packages/airflow/example_dags/example_params_ui_tutorial.py
[2024-02-02T15:32:41.238+0000] {processor.py:840} INFO - DAG(s) 'example_params_ui_tutorial' retrieved from /home/airflow/.local/lib/python3.8/site-packages/airflow/example_dags/example_params_ui_tutorial.py
[2024-02-02T15:32:41.317+0000] {logging_mixin.py:188} INFO - [2024-02-02T15:32:41.317+0000] {dag.py:3036} INFO - Sync 1 DAGs
[2024-02-02T15:32:41.335+0000] {logging_mixin.py:188} INFO - [2024-02-02T15:32:41.335+0000] {dag.py:3823} INFO - Setting next_dagrun for example_params_ui_tutorial to None, run_after=None
[2024-02-02T15:32:41.362+0000] {processor.py:183} INFO - Processing /home/airflow/.local/lib/python3.8/site-packages/airflow/example_dags/example_params_ui_tutorial.py took 0.145 seconds
[2024-02-02T15:33:12.185+0000] {processor.py:161} INFO - Started process (PID=10026) to work on /home/airflow/.local/lib/python3.8/site-packages/airflow/example_dags/example_params_ui_tutorial.py
[2024-02-02T15:33:12.187+0000] {processor.py:830} INFO - Processing file /home/airflow/.local/lib/python3.8/site-packages/airflow/example_dags/example_params_ui_tutorial.py for tasks to queue
[2024-02-02T15:33:12.188+0000] {logging_mixin.py:188} INFO - [2024-02-02T15:33:12.188+0000] {dagbag.py:538} INFO - Filling up the DagBag from /home/airflow/.local/lib/python3.8/site-packages/airflow/example_dags/example_params_ui_tutorial.py
[2024-02-02T15:33:12.203+0000] {processor.py:840} INFO - DAG(s) 'example_params_ui_tutorial' retrieved from /home/airflow/.local/lib/python3.8/site-packages/airflow/example_dags/example_params_ui_tutorial.py
[2024-02-02T15:33:12.279+0000] {logging_mixin.py:188} INFO - [2024-02-02T15:33:12.279+0000] {dag.py:3036} INFO - Sync 1 DAGs
[2024-02-02T15:33:12.296+0000] {logging_mixin.py:188} INFO - [2024-02-02T15:33:12.296+0000] {dag.py:3823} INFO - Setting next_dagrun for example_params_ui_tutorial to None, run_after=None
[2024-02-02T15:33:12.327+0000] {processor.py:183} INFO - Processing /home/airflow/.local/lib/python3.8/site-packages/airflow/example_dags/example_params_ui_tutorial.py took 0.147 seconds
[2024-02-02T15:33:42.931+0000] {processor.py:161} INFO - Started process (PID=10273) to work on /home/airflow/.local/lib/python3.8/site-packages/airflow/example_dags/example_params_ui_tutorial.py
[2024-02-02T15:33:42.933+0000] {processor.py:830} INFO - Processing file /home/airflow/.local/lib/python3.8/site-packages/airflow/example_dags/example_params_ui_tutorial.py for tasks to queue
[2024-02-02T15:33:42.935+0000] {logging_mixin.py:188} INFO - [2024-02-02T15:33:42.934+0000] {dagbag.py:538} INFO - Filling up the DagBag from /home/airflow/.local/lib/python3.8/site-packages/airflow/example_dags/example_params_ui_tutorial.py
[2024-02-02T15:33:42.948+0000] {processor.py:840} INFO - DAG(s) 'example_params_ui_tutorial' retrieved from /home/airflow/.local/lib/python3.8/site-packages/airflow/example_dags/example_params_ui_tutorial.py
[2024-02-02T15:33:43.028+0000] {logging_mixin.py:188} INFO - [2024-02-02T15:33:43.028+0000] {dag.py:3036} INFO - Sync 1 DAGs
[2024-02-02T15:33:43.050+0000] {logging_mixin.py:188} INFO - [2024-02-02T15:33:43.050+0000] {dag.py:3823} INFO - Setting next_dagrun for example_params_ui_tutorial to None, run_after=None
[2024-02-02T15:33:43.080+0000] {processor.py:183} INFO - Processing /home/airflow/.local/lib/python3.8/site-packages/airflow/example_dags/example_params_ui_tutorial.py took 0.153 seconds
[2024-02-02T15:34:13.276+0000] {processor.py:161} INFO - Started process (PID=10520) to work on /home/airflow/.local/lib/python3.8/site-packages/airflow/example_dags/example_params_ui_tutorial.py
[2024-02-02T15:34:13.278+0000] {processor.py:830} INFO - Processing file /home/airflow/.local/lib/python3.8/site-packages/airflow/example_dags/example_params_ui_tutorial.py for tasks to queue
[2024-02-02T15:34:13.279+0000] {logging_mixin.py:188} INFO - [2024-02-02T15:34:13.279+0000] {dagbag.py:538} INFO - Filling up the DagBag from /home/airflow/.local/lib/python3.8/site-packages/airflow/example_dags/example_params_ui_tutorial.py
[2024-02-02T15:34:13.294+0000] {processor.py:840} INFO - DAG(s) 'example_params_ui_tutorial' retrieved from /home/airflow/.local/lib/python3.8/site-packages/airflow/example_dags/example_params_ui_tutorial.py
[2024-02-02T15:34:13.368+0000] {logging_mixin.py:188} INFO - [2024-02-02T15:34:13.367+0000] {dag.py:3036} INFO - Sync 1 DAGs
[2024-02-02T15:34:13.383+0000] {logging_mixin.py:188} INFO - [2024-02-02T15:34:13.382+0000] {dag.py:3823} INFO - Setting next_dagrun for example_params_ui_tutorial to None, run_after=None
[2024-02-02T15:34:13.412+0000] {processor.py:183} INFO - Processing /home/airflow/.local/lib/python3.8/site-packages/airflow/example_dags/example_params_ui_tutorial.py took 0.140 seconds
[2024-02-02T15:34:43.630+0000] {processor.py:161} INFO - Started process (PID=10767) to work on /home/airflow/.local/lib/python3.8/site-packages/airflow/example_dags/example_params_ui_tutorial.py
[2024-02-02T15:34:43.631+0000] {processor.py:830} INFO - Processing file /home/airflow/.local/lib/python3.8/site-packages/airflow/example_dags/example_params_ui_tutorial.py for tasks to queue
[2024-02-02T15:34:43.633+0000] {logging_mixin.py:188} INFO - [2024-02-02T15:34:43.632+0000] {dagbag.py:538} INFO - Filling up the DagBag from /home/airflow/.local/lib/python3.8/site-packages/airflow/example_dags/example_params_ui_tutorial.py
[2024-02-02T15:34:43.647+0000] {processor.py:840} INFO - DAG(s) 'example_params_ui_tutorial' retrieved from /home/airflow/.local/lib/python3.8/site-packages/airflow/example_dags/example_params_ui_tutorial.py
[2024-02-02T15:34:43.724+0000] {logging_mixin.py:188} INFO - [2024-02-02T15:34:43.723+0000] {dag.py:3036} INFO - Sync 1 DAGs
[2024-02-02T15:34:43.740+0000] {logging_mixin.py:188} INFO - [2024-02-02T15:34:43.740+0000] {dag.py:3823} INFO - Setting next_dagrun for example_params_ui_tutorial to None, run_after=None
[2024-02-02T15:34:43.769+0000] {processor.py:183} INFO - Processing /home/airflow/.local/lib/python3.8/site-packages/airflow/example_dags/example_params_ui_tutorial.py took 0.143 seconds
[2024-02-02T15:35:13.941+0000] {processor.py:161} INFO - Started process (PID=11014) to work on /home/airflow/.local/lib/python3.8/site-packages/airflow/example_dags/example_params_ui_tutorial.py
[2024-02-02T15:35:13.942+0000] {processor.py:830} INFO - Processing file /home/airflow/.local/lib/python3.8/site-packages/airflow/example_dags/example_params_ui_tutorial.py for tasks to queue
[2024-02-02T15:35:13.944+0000] {logging_mixin.py:188} INFO - [2024-02-02T15:35:13.944+0000] {dagbag.py:538} INFO - Filling up the DagBag from /home/airflow/.local/lib/python3.8/site-packages/airflow/example_dags/example_params_ui_tutorial.py
[2024-02-02T15:35:13.958+0000] {processor.py:840} INFO - DAG(s) 'example_params_ui_tutorial' retrieved from /home/airflow/.local/lib/python3.8/site-packages/airflow/example_dags/example_params_ui_tutorial.py
[2024-02-02T15:35:14.034+0000] {logging_mixin.py:188} INFO - [2024-02-02T15:35:14.034+0000] {dag.py:3036} INFO - Sync 1 DAGs
[2024-02-02T15:35:14.051+0000] {logging_mixin.py:188} INFO - [2024-02-02T15:35:14.051+0000] {dag.py:3823} INFO - Setting next_dagrun for example_params_ui_tutorial to None, run_after=None
[2024-02-02T15:35:14.078+0000] {processor.py:183} INFO - Processing /home/airflow/.local/lib/python3.8/site-packages/airflow/example_dags/example_params_ui_tutorial.py took 0.141 seconds
[2024-02-02T15:35:44.665+0000] {processor.py:161} INFO - Started process (PID=11261) to work on /home/airflow/.local/lib/python3.8/site-packages/airflow/example_dags/example_params_ui_tutorial.py
[2024-02-02T15:35:44.667+0000] {processor.py:830} INFO - Processing file /home/airflow/.local/lib/python3.8/site-packages/airflow/example_dags/example_params_ui_tutorial.py for tasks to queue
[2024-02-02T15:35:44.668+0000] {logging_mixin.py:188} INFO - [2024-02-02T15:35:44.668+0000] {dagbag.py:538} INFO - Filling up the DagBag from /home/airflow/.local/lib/python3.8/site-packages/airflow/example_dags/example_params_ui_tutorial.py
[2024-02-02T15:35:44.681+0000] {processor.py:840} INFO - DAG(s) 'example_params_ui_tutorial' retrieved from /home/airflow/.local/lib/python3.8/site-packages/airflow/example_dags/example_params_ui_tutorial.py
[2024-02-02T15:35:44.755+0000] {logging_mixin.py:188} INFO - [2024-02-02T15:35:44.754+0000] {dag.py:3036} INFO - Sync 1 DAGs
[2024-02-02T15:35:44.771+0000] {logging_mixin.py:188} INFO - [2024-02-02T15:35:44.771+0000] {dag.py:3823} INFO - Setting next_dagrun for example_params_ui_tutorial to None, run_after=None
[2024-02-02T15:35:44.801+0000] {processor.py:183} INFO - Processing /home/airflow/.local/lib/python3.8/site-packages/airflow/example_dags/example_params_ui_tutorial.py took 0.140 seconds
