[2024-02-02T15:13:17.904+0000] {processor.py:161} INFO - Started process (PID=251) to work on /home/airflow/.local/lib/python3.8/site-packages/airflow/example_dags/example_time_delta_sensor_async.py
[2024-02-02T15:13:17.909+0000] {processor.py:830} INFO - Processing file /home/airflow/.local/lib/python3.8/site-packages/airflow/example_dags/example_time_delta_sensor_async.py for tasks to queue
[2024-02-02T15:13:17.913+0000] {logging_mixin.py:188} INFO - [2024-02-02T15:13:17.911+0000] {dagbag.py:538} INFO - Filling up the DagBag from /home/airflow/.local/lib/python3.8/site-packages/airflow/example_dags/example_time_delta_sensor_async.py
[2024-02-02T15:13:17.932+0000] {processor.py:840} INFO - DAG(s) 'example_time_delta_sensor_async' retrieved from /home/airflow/.local/lib/python3.8/site-packages/airflow/example_dags/example_time_delta_sensor_async.py
[2024-02-02T15:13:17.953+0000] {logging_mixin.py:188} INFO - [2024-02-02T15:13:17.953+0000] {dag.py:3036} INFO - Sync 1 DAGs
[2024-02-02T15:13:17.998+0000] {logging_mixin.py:188} INFO - [2024-02-02T15:13:17.997+0000] {dag.py:3823} INFO - Setting next_dagrun for example_time_delta_sensor_async to None, run_after=None
[2024-02-02T15:13:18.035+0000] {processor.py:183} INFO - Processing /home/airflow/.local/lib/python3.8/site-packages/airflow/example_dags/example_time_delta_sensor_async.py took 0.137 seconds
[2024-02-02T15:13:49.622+0000] {processor.py:161} INFO - Started process (PID=498) to work on /home/airflow/.local/lib/python3.8/site-packages/airflow/example_dags/example_time_delta_sensor_async.py
[2024-02-02T15:13:49.623+0000] {processor.py:830} INFO - Processing file /home/airflow/.local/lib/python3.8/site-packages/airflow/example_dags/example_time_delta_sensor_async.py for tasks to queue
[2024-02-02T15:13:49.625+0000] {logging_mixin.py:188} INFO - [2024-02-02T15:13:49.624+0000] {dagbag.py:538} INFO - Filling up the DagBag from /home/airflow/.local/lib/python3.8/site-packages/airflow/example_dags/example_time_delta_sensor_async.py
[2024-02-02T15:13:49.633+0000] {processor.py:840} INFO - DAG(s) 'example_time_delta_sensor_async' retrieved from /home/airflow/.local/lib/python3.8/site-packages/airflow/example_dags/example_time_delta_sensor_async.py
[2024-02-02T15:13:49.812+0000] {logging_mixin.py:188} INFO - [2024-02-02T15:13:49.812+0000] {dag.py:3036} INFO - Sync 1 DAGs
[2024-02-02T15:13:49.834+0000] {logging_mixin.py:188} INFO - [2024-02-02T15:13:49.833+0000] {dag.py:3823} INFO - Setting next_dagrun for example_time_delta_sensor_async to None, run_after=None
[2024-02-02T15:13:49.870+0000] {processor.py:183} INFO - Processing /home/airflow/.local/lib/python3.8/site-packages/airflow/example_dags/example_time_delta_sensor_async.py took 0.252 seconds
[2024-02-02T15:14:20.508+0000] {processor.py:161} INFO - Started process (PID=745) to work on /home/airflow/.local/lib/python3.8/site-packages/airflow/example_dags/example_time_delta_sensor_async.py
[2024-02-02T15:14:20.510+0000] {processor.py:830} INFO - Processing file /home/airflow/.local/lib/python3.8/site-packages/airflow/example_dags/example_time_delta_sensor_async.py for tasks to queue
[2024-02-02T15:14:20.511+0000] {logging_mixin.py:188} INFO - [2024-02-02T15:14:20.511+0000] {dagbag.py:538} INFO - Filling up the DagBag from /home/airflow/.local/lib/python3.8/site-packages/airflow/example_dags/example_time_delta_sensor_async.py
[2024-02-02T15:14:20.518+0000] {processor.py:840} INFO - DAG(s) 'example_time_delta_sensor_async' retrieved from /home/airflow/.local/lib/python3.8/site-packages/airflow/example_dags/example_time_delta_sensor_async.py
[2024-02-02T15:14:20.545+0000] {logging_mixin.py:188} INFO - [2024-02-02T15:14:20.544+0000] {dag.py:3036} INFO - Sync 1 DAGs
[2024-02-02T15:14:20.564+0000] {logging_mixin.py:188} INFO - [2024-02-02T15:14:20.563+0000] {dag.py:3823} INFO - Setting next_dagrun for example_time_delta_sensor_async to None, run_after=None
[2024-02-02T15:14:20.595+0000] {processor.py:183} INFO - Processing /home/airflow/.local/lib/python3.8/site-packages/airflow/example_dags/example_time_delta_sensor_async.py took 0.091 seconds
[2024-02-02T15:14:50.985+0000] {processor.py:161} INFO - Started process (PID=992) to work on /home/airflow/.local/lib/python3.8/site-packages/airflow/example_dags/example_time_delta_sensor_async.py
[2024-02-02T15:14:50.987+0000] {processor.py:830} INFO - Processing file /home/airflow/.local/lib/python3.8/site-packages/airflow/example_dags/example_time_delta_sensor_async.py for tasks to queue
[2024-02-02T15:14:50.989+0000] {logging_mixin.py:188} INFO - [2024-02-02T15:14:50.988+0000] {dagbag.py:538} INFO - Filling up the DagBag from /home/airflow/.local/lib/python3.8/site-packages/airflow/example_dags/example_time_delta_sensor_async.py
[2024-02-02T15:14:50.996+0000] {processor.py:840} INFO - DAG(s) 'example_time_delta_sensor_async' retrieved from /home/airflow/.local/lib/python3.8/site-packages/airflow/example_dags/example_time_delta_sensor_async.py
[2024-02-02T15:14:51.023+0000] {logging_mixin.py:188} INFO - [2024-02-02T15:14:51.023+0000] {dag.py:3036} INFO - Sync 1 DAGs
[2024-02-02T15:14:51.041+0000] {logging_mixin.py:188} INFO - [2024-02-02T15:14:51.041+0000] {dag.py:3823} INFO - Setting next_dagrun for example_time_delta_sensor_async to None, run_after=None
[2024-02-02T15:14:51.069+0000] {processor.py:183} INFO - Processing /home/airflow/.local/lib/python3.8/site-packages/airflow/example_dags/example_time_delta_sensor_async.py took 0.092 seconds
[2024-02-02T15:15:21.277+0000] {processor.py:161} INFO - Started process (PID=1239) to work on /home/airflow/.local/lib/python3.8/site-packages/airflow/example_dags/example_time_delta_sensor_async.py
[2024-02-02T15:15:21.279+0000] {processor.py:830} INFO - Processing file /home/airflow/.local/lib/python3.8/site-packages/airflow/example_dags/example_time_delta_sensor_async.py for tasks to queue
[2024-02-02T15:15:21.281+0000] {logging_mixin.py:188} INFO - [2024-02-02T15:15:21.281+0000] {dagbag.py:538} INFO - Filling up the DagBag from /home/airflow/.local/lib/python3.8/site-packages/airflow/example_dags/example_time_delta_sensor_async.py
[2024-02-02T15:15:21.294+0000] {processor.py:840} INFO - DAG(s) 'example_time_delta_sensor_async' retrieved from /home/airflow/.local/lib/python3.8/site-packages/airflow/example_dags/example_time_delta_sensor_async.py
[2024-02-02T15:15:21.328+0000] {logging_mixin.py:188} INFO - [2024-02-02T15:15:21.327+0000] {dag.py:3036} INFO - Sync 1 DAGs
[2024-02-02T15:15:21.349+0000] {logging_mixin.py:188} INFO - [2024-02-02T15:15:21.348+0000] {dag.py:3823} INFO - Setting next_dagrun for example_time_delta_sensor_async to None, run_after=None
[2024-02-02T15:15:21.378+0000] {processor.py:183} INFO - Processing /home/airflow/.local/lib/python3.8/site-packages/airflow/example_dags/example_time_delta_sensor_async.py took 0.114 seconds
[2024-02-02T15:15:51.544+0000] {processor.py:161} INFO - Started process (PID=1486) to work on /home/airflow/.local/lib/python3.8/site-packages/airflow/example_dags/example_time_delta_sensor_async.py
[2024-02-02T15:15:51.545+0000] {processor.py:830} INFO - Processing file /home/airflow/.local/lib/python3.8/site-packages/airflow/example_dags/example_time_delta_sensor_async.py for tasks to queue
[2024-02-02T15:15:51.547+0000] {logging_mixin.py:188} INFO - [2024-02-02T15:15:51.546+0000] {dagbag.py:538} INFO - Filling up the DagBag from /home/airflow/.local/lib/python3.8/site-packages/airflow/example_dags/example_time_delta_sensor_async.py
[2024-02-02T15:15:51.554+0000] {processor.py:840} INFO - DAG(s) 'example_time_delta_sensor_async' retrieved from /home/airflow/.local/lib/python3.8/site-packages/airflow/example_dags/example_time_delta_sensor_async.py
[2024-02-02T15:15:51.585+0000] {logging_mixin.py:188} INFO - [2024-02-02T15:15:51.585+0000] {dag.py:3036} INFO - Sync 1 DAGs
[2024-02-02T15:15:51.609+0000] {logging_mixin.py:188} INFO - [2024-02-02T15:15:51.609+0000] {dag.py:3823} INFO - Setting next_dagrun for example_time_delta_sensor_async to None, run_after=None
[2024-02-02T15:15:51.641+0000] {processor.py:183} INFO - Processing /home/airflow/.local/lib/python3.8/site-packages/airflow/example_dags/example_time_delta_sensor_async.py took 0.103 seconds
[2024-02-02T15:16:21.798+0000] {processor.py:161} INFO - Started process (PID=1728) to work on /home/airflow/.local/lib/python3.8/site-packages/airflow/example_dags/example_time_delta_sensor_async.py
[2024-02-02T15:16:21.800+0000] {processor.py:830} INFO - Processing file /home/airflow/.local/lib/python3.8/site-packages/airflow/example_dags/example_time_delta_sensor_async.py for tasks to queue
[2024-02-02T15:16:21.801+0000] {logging_mixin.py:188} INFO - [2024-02-02T15:16:21.801+0000] {dagbag.py:538} INFO - Filling up the DagBag from /home/airflow/.local/lib/python3.8/site-packages/airflow/example_dags/example_time_delta_sensor_async.py
[2024-02-02T15:16:21.812+0000] {processor.py:840} INFO - DAG(s) 'example_time_delta_sensor_async' retrieved from /home/airflow/.local/lib/python3.8/site-packages/airflow/example_dags/example_time_delta_sensor_async.py
[2024-02-02T15:16:21.850+0000] {logging_mixin.py:188} INFO - [2024-02-02T15:16:21.849+0000] {dag.py:3036} INFO - Sync 1 DAGs
[2024-02-02T15:16:21.875+0000] {logging_mixin.py:188} INFO - [2024-02-02T15:16:21.874+0000] {dag.py:3823} INFO - Setting next_dagrun for example_time_delta_sensor_async to None, run_after=None
[2024-02-02T15:16:21.912+0000] {processor.py:183} INFO - Processing /home/airflow/.local/lib/python3.8/site-packages/airflow/example_dags/example_time_delta_sensor_async.py took 0.120 seconds
[2024-02-02T15:16:52.286+0000] {processor.py:161} INFO - Started process (PID=1977) to work on /home/airflow/.local/lib/python3.8/site-packages/airflow/example_dags/example_time_delta_sensor_async.py
[2024-02-02T15:16:52.287+0000] {processor.py:830} INFO - Processing file /home/airflow/.local/lib/python3.8/site-packages/airflow/example_dags/example_time_delta_sensor_async.py for tasks to queue
[2024-02-02T15:16:52.288+0000] {logging_mixin.py:188} INFO - [2024-02-02T15:16:52.288+0000] {dagbag.py:538} INFO - Filling up the DagBag from /home/airflow/.local/lib/python3.8/site-packages/airflow/example_dags/example_time_delta_sensor_async.py
[2024-02-02T15:16:52.296+0000] {processor.py:840} INFO - DAG(s) 'example_time_delta_sensor_async' retrieved from /home/airflow/.local/lib/python3.8/site-packages/airflow/example_dags/example_time_delta_sensor_async.py
[2024-02-02T15:16:52.324+0000] {logging_mixin.py:188} INFO - [2024-02-02T15:16:52.323+0000] {dag.py:3036} INFO - Sync 1 DAGs
[2024-02-02T15:16:52.345+0000] {logging_mixin.py:188} INFO - [2024-02-02T15:16:52.345+0000] {dag.py:3823} INFO - Setting next_dagrun for example_time_delta_sensor_async to None, run_after=None
[2024-02-02T15:16:52.370+0000] {processor.py:183} INFO - Processing /home/airflow/.local/lib/python3.8/site-packages/airflow/example_dags/example_time_delta_sensor_async.py took 0.089 seconds
[2024-02-02T15:17:22.816+0000] {processor.py:161} INFO - Started process (PID=2224) to work on /home/airflow/.local/lib/python3.8/site-packages/airflow/example_dags/example_time_delta_sensor_async.py
[2024-02-02T15:17:22.817+0000] {processor.py:830} INFO - Processing file /home/airflow/.local/lib/python3.8/site-packages/airflow/example_dags/example_time_delta_sensor_async.py for tasks to queue
[2024-02-02T15:17:22.819+0000] {logging_mixin.py:188} INFO - [2024-02-02T15:17:22.819+0000] {dagbag.py:538} INFO - Filling up the DagBag from /home/airflow/.local/lib/python3.8/site-packages/airflow/example_dags/example_time_delta_sensor_async.py
[2024-02-02T15:17:22.828+0000] {processor.py:840} INFO - DAG(s) 'example_time_delta_sensor_async' retrieved from /home/airflow/.local/lib/python3.8/site-packages/airflow/example_dags/example_time_delta_sensor_async.py
[2024-02-02T15:17:22.858+0000] {logging_mixin.py:188} INFO - [2024-02-02T15:17:22.858+0000] {dag.py:3036} INFO - Sync 1 DAGs
[2024-02-02T15:17:22.877+0000] {logging_mixin.py:188} INFO - [2024-02-02T15:17:22.876+0000] {dag.py:3823} INFO - Setting next_dagrun for example_time_delta_sensor_async to None, run_after=None
[2024-02-02T15:17:22.904+0000] {processor.py:183} INFO - Processing /home/airflow/.local/lib/python3.8/site-packages/airflow/example_dags/example_time_delta_sensor_async.py took 0.093 seconds
[2024-02-02T15:17:53.288+0000] {processor.py:161} INFO - Started process (PID=2471) to work on /home/airflow/.local/lib/python3.8/site-packages/airflow/example_dags/example_time_delta_sensor_async.py
[2024-02-02T15:17:53.290+0000] {processor.py:830} INFO - Processing file /home/airflow/.local/lib/python3.8/site-packages/airflow/example_dags/example_time_delta_sensor_async.py for tasks to queue
[2024-02-02T15:17:53.291+0000] {logging_mixin.py:188} INFO - [2024-02-02T15:17:53.291+0000] {dagbag.py:538} INFO - Filling up the DagBag from /home/airflow/.local/lib/python3.8/site-packages/airflow/example_dags/example_time_delta_sensor_async.py
[2024-02-02T15:17:53.299+0000] {processor.py:840} INFO - DAG(s) 'example_time_delta_sensor_async' retrieved from /home/airflow/.local/lib/python3.8/site-packages/airflow/example_dags/example_time_delta_sensor_async.py
[2024-02-02T15:17:53.335+0000] {logging_mixin.py:188} INFO - [2024-02-02T15:17:53.334+0000] {dag.py:3036} INFO - Sync 1 DAGs
[2024-02-02T15:17:53.357+0000] {logging_mixin.py:188} INFO - [2024-02-02T15:17:53.357+0000] {dag.py:3823} INFO - Setting next_dagrun for example_time_delta_sensor_async to None, run_after=None
[2024-02-02T15:17:53.389+0000] {processor.py:183} INFO - Processing /home/airflow/.local/lib/python3.8/site-packages/airflow/example_dags/example_time_delta_sensor_async.py took 0.105 seconds
[2024-02-02T15:18:23.521+0000] {processor.py:161} INFO - Started process (PID=2766) to work on /home/airflow/.local/lib/python3.8/site-packages/airflow/example_dags/example_time_delta_sensor_async.py
[2024-02-02T15:18:23.523+0000] {processor.py:830} INFO - Processing file /home/airflow/.local/lib/python3.8/site-packages/airflow/example_dags/example_time_delta_sensor_async.py for tasks to queue
[2024-02-02T15:18:23.525+0000] {logging_mixin.py:188} INFO - [2024-02-02T15:18:23.524+0000] {dagbag.py:538} INFO - Filling up the DagBag from /home/airflow/.local/lib/python3.8/site-packages/airflow/example_dags/example_time_delta_sensor_async.py
[2024-02-02T15:18:23.534+0000] {processor.py:840} INFO - DAG(s) 'example_time_delta_sensor_async' retrieved from /home/airflow/.local/lib/python3.8/site-packages/airflow/example_dags/example_time_delta_sensor_async.py
[2024-02-02T15:18:23.597+0000] {logging_mixin.py:188} INFO - [2024-02-02T15:18:23.596+0000] {dag.py:3036} INFO - Sync 1 DAGs
[2024-02-02T15:18:23.624+0000] {logging_mixin.py:188} INFO - [2024-02-02T15:18:23.624+0000] {dag.py:3823} INFO - Setting next_dagrun for example_time_delta_sensor_async to None, run_after=None
[2024-02-02T15:18:23.679+0000] {processor.py:183} INFO - Processing /home/airflow/.local/lib/python3.8/site-packages/airflow/example_dags/example_time_delta_sensor_async.py took 0.163 seconds
[2024-02-02T15:18:53.953+0000] {processor.py:161} INFO - Started process (PID=3011) to work on /home/airflow/.local/lib/python3.8/site-packages/airflow/example_dags/example_time_delta_sensor_async.py
[2024-02-02T15:18:53.956+0000] {processor.py:830} INFO - Processing file /home/airflow/.local/lib/python3.8/site-packages/airflow/example_dags/example_time_delta_sensor_async.py for tasks to queue
[2024-02-02T15:18:53.959+0000] {logging_mixin.py:188} INFO - [2024-02-02T15:18:53.958+0000] {dagbag.py:538} INFO - Filling up the DagBag from /home/airflow/.local/lib/python3.8/site-packages/airflow/example_dags/example_time_delta_sensor_async.py
[2024-02-02T15:18:53.981+0000] {processor.py:840} INFO - DAG(s) 'example_time_delta_sensor_async' retrieved from /home/airflow/.local/lib/python3.8/site-packages/airflow/example_dags/example_time_delta_sensor_async.py
[2024-02-02T15:18:54.035+0000] {logging_mixin.py:188} INFO - [2024-02-02T15:18:54.034+0000] {dag.py:3036} INFO - Sync 1 DAGs
[2024-02-02T15:18:54.060+0000] {logging_mixin.py:188} INFO - [2024-02-02T15:18:54.059+0000] {dag.py:3823} INFO - Setting next_dagrun for example_time_delta_sensor_async to None, run_after=None
[2024-02-02T15:18:54.091+0000] {processor.py:183} INFO - Processing /home/airflow/.local/lib/python3.8/site-packages/airflow/example_dags/example_time_delta_sensor_async.py took 0.149 seconds
[2024-02-02T15:19:24.327+0000] {processor.py:161} INFO - Started process (PID=3261) to work on /home/airflow/.local/lib/python3.8/site-packages/airflow/example_dags/example_time_delta_sensor_async.py
[2024-02-02T15:19:24.329+0000] {processor.py:830} INFO - Processing file /home/airflow/.local/lib/python3.8/site-packages/airflow/example_dags/example_time_delta_sensor_async.py for tasks to queue
[2024-02-02T15:19:24.330+0000] {logging_mixin.py:188} INFO - [2024-02-02T15:19:24.330+0000] {dagbag.py:538} INFO - Filling up the DagBag from /home/airflow/.local/lib/python3.8/site-packages/airflow/example_dags/example_time_delta_sensor_async.py
[2024-02-02T15:19:24.337+0000] {processor.py:840} INFO - DAG(s) 'example_time_delta_sensor_async' retrieved from /home/airflow/.local/lib/python3.8/site-packages/airflow/example_dags/example_time_delta_sensor_async.py
[2024-02-02T15:19:24.361+0000] {logging_mixin.py:188} INFO - [2024-02-02T15:19:24.361+0000] {dag.py:3036} INFO - Sync 1 DAGs
[2024-02-02T15:19:24.376+0000] {logging_mixin.py:188} INFO - [2024-02-02T15:19:24.375+0000] {dag.py:3823} INFO - Setting next_dagrun for example_time_delta_sensor_async to None, run_after=None
[2024-02-02T15:19:24.399+0000] {processor.py:183} INFO - Processing /home/airflow/.local/lib/python3.8/site-packages/airflow/example_dags/example_time_delta_sensor_async.py took 0.076 seconds
[2024-02-02T15:19:54.823+0000] {processor.py:161} INFO - Started process (PID=3508) to work on /home/airflow/.local/lib/python3.8/site-packages/airflow/example_dags/example_time_delta_sensor_async.py
[2024-02-02T15:19:54.824+0000] {processor.py:830} INFO - Processing file /home/airflow/.local/lib/python3.8/site-packages/airflow/example_dags/example_time_delta_sensor_async.py for tasks to queue
[2024-02-02T15:19:54.826+0000] {logging_mixin.py:188} INFO - [2024-02-02T15:19:54.825+0000] {dagbag.py:538} INFO - Filling up the DagBag from /home/airflow/.local/lib/python3.8/site-packages/airflow/example_dags/example_time_delta_sensor_async.py
[2024-02-02T15:19:54.832+0000] {processor.py:840} INFO - DAG(s) 'example_time_delta_sensor_async' retrieved from /home/airflow/.local/lib/python3.8/site-packages/airflow/example_dags/example_time_delta_sensor_async.py
[2024-02-02T15:19:54.862+0000] {logging_mixin.py:188} INFO - [2024-02-02T15:19:54.861+0000] {dag.py:3036} INFO - Sync 1 DAGs
[2024-02-02T15:19:54.877+0000] {logging_mixin.py:188} INFO - [2024-02-02T15:19:54.877+0000] {dag.py:3823} INFO - Setting next_dagrun for example_time_delta_sensor_async to None, run_after=None
[2024-02-02T15:19:54.899+0000] {processor.py:183} INFO - Processing /home/airflow/.local/lib/python3.8/site-packages/airflow/example_dags/example_time_delta_sensor_async.py took 0.080 seconds
[2024-02-02T15:20:25.278+0000] {processor.py:161} INFO - Started process (PID=3755) to work on /home/airflow/.local/lib/python3.8/site-packages/airflow/example_dags/example_time_delta_sensor_async.py
[2024-02-02T15:20:25.280+0000] {processor.py:830} INFO - Processing file /home/airflow/.local/lib/python3.8/site-packages/airflow/example_dags/example_time_delta_sensor_async.py for tasks to queue
[2024-02-02T15:20:25.281+0000] {logging_mixin.py:188} INFO - [2024-02-02T15:20:25.281+0000] {dagbag.py:538} INFO - Filling up the DagBag from /home/airflow/.local/lib/python3.8/site-packages/airflow/example_dags/example_time_delta_sensor_async.py
[2024-02-02T15:20:25.292+0000] {processor.py:840} INFO - DAG(s) 'example_time_delta_sensor_async' retrieved from /home/airflow/.local/lib/python3.8/site-packages/airflow/example_dags/example_time_delta_sensor_async.py
[2024-02-02T15:20:25.324+0000] {logging_mixin.py:188} INFO - [2024-02-02T15:20:25.324+0000] {dag.py:3036} INFO - Sync 1 DAGs
[2024-02-02T15:20:25.346+0000] {logging_mixin.py:188} INFO - [2024-02-02T15:20:25.345+0000] {dag.py:3823} INFO - Setting next_dagrun for example_time_delta_sensor_async to None, run_after=None
[2024-02-02T15:20:25.377+0000] {processor.py:183} INFO - Processing /home/airflow/.local/lib/python3.8/site-packages/airflow/example_dags/example_time_delta_sensor_async.py took 0.103 seconds
[2024-02-02T15:20:55.636+0000] {processor.py:161} INFO - Started process (PID=4002) to work on /home/airflow/.local/lib/python3.8/site-packages/airflow/example_dags/example_time_delta_sensor_async.py
[2024-02-02T15:20:55.638+0000] {processor.py:830} INFO - Processing file /home/airflow/.local/lib/python3.8/site-packages/airflow/example_dags/example_time_delta_sensor_async.py for tasks to queue
[2024-02-02T15:20:55.640+0000] {logging_mixin.py:188} INFO - [2024-02-02T15:20:55.639+0000] {dagbag.py:538} INFO - Filling up the DagBag from /home/airflow/.local/lib/python3.8/site-packages/airflow/example_dags/example_time_delta_sensor_async.py
[2024-02-02T15:20:55.646+0000] {processor.py:840} INFO - DAG(s) 'example_time_delta_sensor_async' retrieved from /home/airflow/.local/lib/python3.8/site-packages/airflow/example_dags/example_time_delta_sensor_async.py
[2024-02-02T15:20:55.671+0000] {logging_mixin.py:188} INFO - [2024-02-02T15:20:55.670+0000] {dag.py:3036} INFO - Sync 1 DAGs
[2024-02-02T15:20:55.687+0000] {logging_mixin.py:188} INFO - [2024-02-02T15:20:55.687+0000] {dag.py:3823} INFO - Setting next_dagrun for example_time_delta_sensor_async to None, run_after=None
[2024-02-02T15:20:55.711+0000] {processor.py:183} INFO - Processing /home/airflow/.local/lib/python3.8/site-packages/airflow/example_dags/example_time_delta_sensor_async.py took 0.079 seconds
[2024-02-02T15:21:26.025+0000] {processor.py:161} INFO - Started process (PID=4249) to work on /home/airflow/.local/lib/python3.8/site-packages/airflow/example_dags/example_time_delta_sensor_async.py
[2024-02-02T15:21:26.027+0000] {processor.py:830} INFO - Processing file /home/airflow/.local/lib/python3.8/site-packages/airflow/example_dags/example_time_delta_sensor_async.py for tasks to queue
[2024-02-02T15:21:26.028+0000] {logging_mixin.py:188} INFO - [2024-02-02T15:21:26.028+0000] {dagbag.py:538} INFO - Filling up the DagBag from /home/airflow/.local/lib/python3.8/site-packages/airflow/example_dags/example_time_delta_sensor_async.py
[2024-02-02T15:21:26.034+0000] {processor.py:840} INFO - DAG(s) 'example_time_delta_sensor_async' retrieved from /home/airflow/.local/lib/python3.8/site-packages/airflow/example_dags/example_time_delta_sensor_async.py
[2024-02-02T15:21:26.060+0000] {logging_mixin.py:188} INFO - [2024-02-02T15:21:26.060+0000] {dag.py:3036} INFO - Sync 1 DAGs
[2024-02-02T15:21:26.075+0000] {logging_mixin.py:188} INFO - [2024-02-02T15:21:26.075+0000] {dag.py:3823} INFO - Setting next_dagrun for example_time_delta_sensor_async to None, run_after=None
[2024-02-02T15:21:26.100+0000] {processor.py:183} INFO - Processing /home/airflow/.local/lib/python3.8/site-packages/airflow/example_dags/example_time_delta_sensor_async.py took 0.079 seconds
[2024-02-02T15:21:56.309+0000] {processor.py:161} INFO - Started process (PID=4496) to work on /home/airflow/.local/lib/python3.8/site-packages/airflow/example_dags/example_time_delta_sensor_async.py
[2024-02-02T15:21:56.311+0000] {processor.py:830} INFO - Processing file /home/airflow/.local/lib/python3.8/site-packages/airflow/example_dags/example_time_delta_sensor_async.py for tasks to queue
[2024-02-02T15:21:56.312+0000] {logging_mixin.py:188} INFO - [2024-02-02T15:21:56.312+0000] {dagbag.py:538} INFO - Filling up the DagBag from /home/airflow/.local/lib/python3.8/site-packages/airflow/example_dags/example_time_delta_sensor_async.py
[2024-02-02T15:21:56.318+0000] {processor.py:840} INFO - DAG(s) 'example_time_delta_sensor_async' retrieved from /home/airflow/.local/lib/python3.8/site-packages/airflow/example_dags/example_time_delta_sensor_async.py
[2024-02-02T15:21:56.345+0000] {logging_mixin.py:188} INFO - [2024-02-02T15:21:56.345+0000] {dag.py:3036} INFO - Sync 1 DAGs
[2024-02-02T15:21:56.360+0000] {logging_mixin.py:188} INFO - [2024-02-02T15:21:56.360+0000] {dag.py:3823} INFO - Setting next_dagrun for example_time_delta_sensor_async to None, run_after=None
[2024-02-02T15:21:56.384+0000] {processor.py:183} INFO - Processing /home/airflow/.local/lib/python3.8/site-packages/airflow/example_dags/example_time_delta_sensor_async.py took 0.079 seconds
[2024-02-02T15:22:26.780+0000] {processor.py:161} INFO - Started process (PID=4743) to work on /home/airflow/.local/lib/python3.8/site-packages/airflow/example_dags/example_time_delta_sensor_async.py
[2024-02-02T15:22:26.782+0000] {processor.py:830} INFO - Processing file /home/airflow/.local/lib/python3.8/site-packages/airflow/example_dags/example_time_delta_sensor_async.py for tasks to queue
[2024-02-02T15:22:26.783+0000] {logging_mixin.py:188} INFO - [2024-02-02T15:22:26.783+0000] {dagbag.py:538} INFO - Filling up the DagBag from /home/airflow/.local/lib/python3.8/site-packages/airflow/example_dags/example_time_delta_sensor_async.py
[2024-02-02T15:22:26.789+0000] {processor.py:840} INFO - DAG(s) 'example_time_delta_sensor_async' retrieved from /home/airflow/.local/lib/python3.8/site-packages/airflow/example_dags/example_time_delta_sensor_async.py
[2024-02-02T15:22:26.815+0000] {logging_mixin.py:188} INFO - [2024-02-02T15:22:26.815+0000] {dag.py:3036} INFO - Sync 1 DAGs
[2024-02-02T15:22:26.830+0000] {logging_mixin.py:188} INFO - [2024-02-02T15:22:26.830+0000] {dag.py:3823} INFO - Setting next_dagrun for example_time_delta_sensor_async to None, run_after=None
[2024-02-02T15:22:26.854+0000] {processor.py:183} INFO - Processing /home/airflow/.local/lib/python3.8/site-packages/airflow/example_dags/example_time_delta_sensor_async.py took 0.078 seconds
[2024-02-02T15:22:57.792+0000] {processor.py:161} INFO - Started process (PID=4990) to work on /home/airflow/.local/lib/python3.8/site-packages/airflow/example_dags/example_time_delta_sensor_async.py
[2024-02-02T15:22:57.794+0000] {processor.py:830} INFO - Processing file /home/airflow/.local/lib/python3.8/site-packages/airflow/example_dags/example_time_delta_sensor_async.py for tasks to queue
[2024-02-02T15:22:57.796+0000] {logging_mixin.py:188} INFO - [2024-02-02T15:22:57.795+0000] {dagbag.py:538} INFO - Filling up the DagBag from /home/airflow/.local/lib/python3.8/site-packages/airflow/example_dags/example_time_delta_sensor_async.py
[2024-02-02T15:22:57.803+0000] {processor.py:840} INFO - DAG(s) 'example_time_delta_sensor_async' retrieved from /home/airflow/.local/lib/python3.8/site-packages/airflow/example_dags/example_time_delta_sensor_async.py
[2024-02-02T15:22:57.837+0000] {logging_mixin.py:188} INFO - [2024-02-02T15:22:57.836+0000] {dag.py:3036} INFO - Sync 1 DAGs
[2024-02-02T15:22:57.858+0000] {logging_mixin.py:188} INFO - [2024-02-02T15:22:57.858+0000] {dag.py:3823} INFO - Setting next_dagrun for example_time_delta_sensor_async to None, run_after=None
[2024-02-02T15:22:57.886+0000] {processor.py:183} INFO - Processing /home/airflow/.local/lib/python3.8/site-packages/airflow/example_dags/example_time_delta_sensor_async.py took 0.100 seconds
[2024-02-02T15:23:28.491+0000] {processor.py:161} INFO - Started process (PID=5235) to work on /home/airflow/.local/lib/python3.8/site-packages/airflow/example_dags/example_time_delta_sensor_async.py
[2024-02-02T15:23:28.492+0000] {processor.py:830} INFO - Processing file /home/airflow/.local/lib/python3.8/site-packages/airflow/example_dags/example_time_delta_sensor_async.py for tasks to queue
[2024-02-02T15:23:28.494+0000] {logging_mixin.py:188} INFO - [2024-02-02T15:23:28.493+0000] {dagbag.py:538} INFO - Filling up the DagBag from /home/airflow/.local/lib/python3.8/site-packages/airflow/example_dags/example_time_delta_sensor_async.py
[2024-02-02T15:23:28.500+0000] {processor.py:840} INFO - DAG(s) 'example_time_delta_sensor_async' retrieved from /home/airflow/.local/lib/python3.8/site-packages/airflow/example_dags/example_time_delta_sensor_async.py
[2024-02-02T15:23:28.526+0000] {logging_mixin.py:188} INFO - [2024-02-02T15:23:28.525+0000] {dag.py:3036} INFO - Sync 1 DAGs
[2024-02-02T15:23:28.541+0000] {logging_mixin.py:188} INFO - [2024-02-02T15:23:28.541+0000] {dag.py:3823} INFO - Setting next_dagrun for example_time_delta_sensor_async to None, run_after=None
[2024-02-02T15:23:28.567+0000] {processor.py:183} INFO - Processing /home/airflow/.local/lib/python3.8/site-packages/airflow/example_dags/example_time_delta_sensor_async.py took 0.080 seconds
[2024-02-02T15:23:58.905+0000] {processor.py:161} INFO - Started process (PID=5484) to work on /home/airflow/.local/lib/python3.8/site-packages/airflow/example_dags/example_time_delta_sensor_async.py
[2024-02-02T15:23:58.906+0000] {processor.py:830} INFO - Processing file /home/airflow/.local/lib/python3.8/site-packages/airflow/example_dags/example_time_delta_sensor_async.py for tasks to queue
[2024-02-02T15:23:58.908+0000] {logging_mixin.py:188} INFO - [2024-02-02T15:23:58.908+0000] {dagbag.py:538} INFO - Filling up the DagBag from /home/airflow/.local/lib/python3.8/site-packages/airflow/example_dags/example_time_delta_sensor_async.py
[2024-02-02T15:23:58.915+0000] {processor.py:840} INFO - DAG(s) 'example_time_delta_sensor_async' retrieved from /home/airflow/.local/lib/python3.8/site-packages/airflow/example_dags/example_time_delta_sensor_async.py
[2024-02-02T15:23:58.939+0000] {logging_mixin.py:188} INFO - [2024-02-02T15:23:58.939+0000] {dag.py:3036} INFO - Sync 1 DAGs
[2024-02-02T15:23:58.955+0000] {logging_mixin.py:188} INFO - [2024-02-02T15:23:58.955+0000] {dag.py:3823} INFO - Setting next_dagrun for example_time_delta_sensor_async to None, run_after=None
[2024-02-02T15:23:58.980+0000] {processor.py:183} INFO - Processing /home/airflow/.local/lib/python3.8/site-packages/airflow/example_dags/example_time_delta_sensor_async.py took 0.079 seconds
[2024-02-02T15:24:29.023+0000] {processor.py:161} INFO - Started process (PID=5729) to work on /home/airflow/.local/lib/python3.8/site-packages/airflow/example_dags/example_time_delta_sensor_async.py
[2024-02-02T15:24:29.025+0000] {processor.py:830} INFO - Processing file /home/airflow/.local/lib/python3.8/site-packages/airflow/example_dags/example_time_delta_sensor_async.py for tasks to queue
[2024-02-02T15:24:29.026+0000] {logging_mixin.py:188} INFO - [2024-02-02T15:24:29.026+0000] {dagbag.py:538} INFO - Filling up the DagBag from /home/airflow/.local/lib/python3.8/site-packages/airflow/example_dags/example_time_delta_sensor_async.py
[2024-02-02T15:24:29.031+0000] {processor.py:840} INFO - DAG(s) 'example_time_delta_sensor_async' retrieved from /home/airflow/.local/lib/python3.8/site-packages/airflow/example_dags/example_time_delta_sensor_async.py
[2024-02-02T15:24:29.058+0000] {logging_mixin.py:188} INFO - [2024-02-02T15:24:29.057+0000] {dag.py:3036} INFO - Sync 1 DAGs
[2024-02-02T15:24:29.072+0000] {logging_mixin.py:188} INFO - [2024-02-02T15:24:29.072+0000] {dag.py:3823} INFO - Setting next_dagrun for example_time_delta_sensor_async to None, run_after=None
[2024-02-02T15:24:29.096+0000] {processor.py:183} INFO - Processing /home/airflow/.local/lib/python3.8/site-packages/airflow/example_dags/example_time_delta_sensor_async.py took 0.077 seconds
[2024-02-02T15:24:59.211+0000] {processor.py:161} INFO - Started process (PID=5976) to work on /home/airflow/.local/lib/python3.8/site-packages/airflow/example_dags/example_time_delta_sensor_async.py
[2024-02-02T15:24:59.213+0000] {processor.py:830} INFO - Processing file /home/airflow/.local/lib/python3.8/site-packages/airflow/example_dags/example_time_delta_sensor_async.py for tasks to queue
[2024-02-02T15:24:59.214+0000] {logging_mixin.py:188} INFO - [2024-02-02T15:24:59.214+0000] {dagbag.py:538} INFO - Filling up the DagBag from /home/airflow/.local/lib/python3.8/site-packages/airflow/example_dags/example_time_delta_sensor_async.py
[2024-02-02T15:24:59.220+0000] {processor.py:840} INFO - DAG(s) 'example_time_delta_sensor_async' retrieved from /home/airflow/.local/lib/python3.8/site-packages/airflow/example_dags/example_time_delta_sensor_async.py
[2024-02-02T15:24:59.246+0000] {logging_mixin.py:188} INFO - [2024-02-02T15:24:59.245+0000] {dag.py:3036} INFO - Sync 1 DAGs
[2024-02-02T15:24:59.261+0000] {logging_mixin.py:188} INFO - [2024-02-02T15:24:59.261+0000] {dag.py:3823} INFO - Setting next_dagrun for example_time_delta_sensor_async to None, run_after=None
[2024-02-02T15:24:59.285+0000] {processor.py:183} INFO - Processing /home/airflow/.local/lib/python3.8/site-packages/airflow/example_dags/example_time_delta_sensor_async.py took 0.078 seconds
[2024-02-02T15:25:29.745+0000] {processor.py:161} INFO - Started process (PID=6231) to work on /home/airflow/.local/lib/python3.8/site-packages/airflow/example_dags/example_time_delta_sensor_async.py
[2024-02-02T15:25:29.747+0000] {processor.py:830} INFO - Processing file /home/airflow/.local/lib/python3.8/site-packages/airflow/example_dags/example_time_delta_sensor_async.py for tasks to queue
[2024-02-02T15:25:29.748+0000] {logging_mixin.py:188} INFO - [2024-02-02T15:25:29.748+0000] {dagbag.py:538} INFO - Filling up the DagBag from /home/airflow/.local/lib/python3.8/site-packages/airflow/example_dags/example_time_delta_sensor_async.py
[2024-02-02T15:25:29.753+0000] {processor.py:840} INFO - DAG(s) 'example_time_delta_sensor_async' retrieved from /home/airflow/.local/lib/python3.8/site-packages/airflow/example_dags/example_time_delta_sensor_async.py
[2024-02-02T15:25:29.781+0000] {logging_mixin.py:188} INFO - [2024-02-02T15:25:29.780+0000] {dag.py:3036} INFO - Sync 1 DAGs
[2024-02-02T15:25:29.801+0000] {logging_mixin.py:188} INFO - [2024-02-02T15:25:29.801+0000] {dag.py:3823} INFO - Setting next_dagrun for example_time_delta_sensor_async to None, run_after=None
[2024-02-02T15:25:29.826+0000] {processor.py:183} INFO - Processing /home/airflow/.local/lib/python3.8/site-packages/airflow/example_dags/example_time_delta_sensor_async.py took 0.085 seconds
[2024-02-02T15:26:00.378+0000] {processor.py:161} INFO - Started process (PID=6478) to work on /home/airflow/.local/lib/python3.8/site-packages/airflow/example_dags/example_time_delta_sensor_async.py
[2024-02-02T15:26:00.379+0000] {processor.py:830} INFO - Processing file /home/airflow/.local/lib/python3.8/site-packages/airflow/example_dags/example_time_delta_sensor_async.py for tasks to queue
[2024-02-02T15:26:00.381+0000] {logging_mixin.py:188} INFO - [2024-02-02T15:26:00.381+0000] {dagbag.py:538} INFO - Filling up the DagBag from /home/airflow/.local/lib/python3.8/site-packages/airflow/example_dags/example_time_delta_sensor_async.py
[2024-02-02T15:26:00.387+0000] {processor.py:840} INFO - DAG(s) 'example_time_delta_sensor_async' retrieved from /home/airflow/.local/lib/python3.8/site-packages/airflow/example_dags/example_time_delta_sensor_async.py
[2024-02-02T15:26:00.413+0000] {logging_mixin.py:188} INFO - [2024-02-02T15:26:00.412+0000] {dag.py:3036} INFO - Sync 1 DAGs
[2024-02-02T15:26:00.428+0000] {logging_mixin.py:188} INFO - [2024-02-02T15:26:00.428+0000] {dag.py:3823} INFO - Setting next_dagrun for example_time_delta_sensor_async to None, run_after=None
[2024-02-02T15:26:00.452+0000] {processor.py:183} INFO - Processing /home/airflow/.local/lib/python3.8/site-packages/airflow/example_dags/example_time_delta_sensor_async.py took 0.079 seconds
[2024-02-02T15:26:31.086+0000] {processor.py:161} INFO - Started process (PID=6725) to work on /home/airflow/.local/lib/python3.8/site-packages/airflow/example_dags/example_time_delta_sensor_async.py
[2024-02-02T15:26:31.088+0000] {processor.py:830} INFO - Processing file /home/airflow/.local/lib/python3.8/site-packages/airflow/example_dags/example_time_delta_sensor_async.py for tasks to queue
[2024-02-02T15:26:31.089+0000] {logging_mixin.py:188} INFO - [2024-02-02T15:26:31.089+0000] {dagbag.py:538} INFO - Filling up the DagBag from /home/airflow/.local/lib/python3.8/site-packages/airflow/example_dags/example_time_delta_sensor_async.py
[2024-02-02T15:26:31.095+0000] {processor.py:840} INFO - DAG(s) 'example_time_delta_sensor_async' retrieved from /home/airflow/.local/lib/python3.8/site-packages/airflow/example_dags/example_time_delta_sensor_async.py
[2024-02-02T15:26:31.120+0000] {logging_mixin.py:188} INFO - [2024-02-02T15:26:31.120+0000] {dag.py:3036} INFO - Sync 1 DAGs
[2024-02-02T15:26:31.136+0000] {logging_mixin.py:188} INFO - [2024-02-02T15:26:31.136+0000] {dag.py:3823} INFO - Setting next_dagrun for example_time_delta_sensor_async to None, run_after=None
[2024-02-02T15:26:31.162+0000] {processor.py:183} INFO - Processing /home/airflow/.local/lib/python3.8/site-packages/airflow/example_dags/example_time_delta_sensor_async.py took 0.080 seconds
[2024-02-02T15:27:01.341+0000] {processor.py:161} INFO - Started process (PID=6972) to work on /home/airflow/.local/lib/python3.8/site-packages/airflow/example_dags/example_time_delta_sensor_async.py
[2024-02-02T15:27:01.342+0000] {processor.py:830} INFO - Processing file /home/airflow/.local/lib/python3.8/site-packages/airflow/example_dags/example_time_delta_sensor_async.py for tasks to queue
[2024-02-02T15:27:01.344+0000] {logging_mixin.py:188} INFO - [2024-02-02T15:27:01.343+0000] {dagbag.py:538} INFO - Filling up the DagBag from /home/airflow/.local/lib/python3.8/site-packages/airflow/example_dags/example_time_delta_sensor_async.py
[2024-02-02T15:27:01.350+0000] {processor.py:840} INFO - DAG(s) 'example_time_delta_sensor_async' retrieved from /home/airflow/.local/lib/python3.8/site-packages/airflow/example_dags/example_time_delta_sensor_async.py
[2024-02-02T15:27:01.375+0000] {logging_mixin.py:188} INFO - [2024-02-02T15:27:01.375+0000] {dag.py:3036} INFO - Sync 1 DAGs
[2024-02-02T15:27:01.390+0000] {logging_mixin.py:188} INFO - [2024-02-02T15:27:01.390+0000] {dag.py:3823} INFO - Setting next_dagrun for example_time_delta_sensor_async to None, run_after=None
[2024-02-02T15:27:01.416+0000] {processor.py:183} INFO - Processing /home/airflow/.local/lib/python3.8/site-packages/airflow/example_dags/example_time_delta_sensor_async.py took 0.079 seconds
[2024-02-02T15:27:32.178+0000] {processor.py:161} INFO - Started process (PID=7219) to work on /home/airflow/.local/lib/python3.8/site-packages/airflow/example_dags/example_time_delta_sensor_async.py
[2024-02-02T15:27:32.180+0000] {processor.py:830} INFO - Processing file /home/airflow/.local/lib/python3.8/site-packages/airflow/example_dags/example_time_delta_sensor_async.py for tasks to queue
[2024-02-02T15:27:32.182+0000] {logging_mixin.py:188} INFO - [2024-02-02T15:27:32.182+0000] {dagbag.py:538} INFO - Filling up the DagBag from /home/airflow/.local/lib/python3.8/site-packages/airflow/example_dags/example_time_delta_sensor_async.py
[2024-02-02T15:27:32.188+0000] {processor.py:840} INFO - DAG(s) 'example_time_delta_sensor_async' retrieved from /home/airflow/.local/lib/python3.8/site-packages/airflow/example_dags/example_time_delta_sensor_async.py
[2024-02-02T15:27:32.219+0000] {logging_mixin.py:188} INFO - [2024-02-02T15:27:32.219+0000] {dag.py:3036} INFO - Sync 1 DAGs
[2024-02-02T15:27:32.236+0000] {logging_mixin.py:188} INFO - [2024-02-02T15:27:32.236+0000] {dag.py:3823} INFO - Setting next_dagrun for example_time_delta_sensor_async to None, run_after=None
[2024-02-02T15:27:32.263+0000] {processor.py:183} INFO - Processing /home/airflow/.local/lib/python3.8/site-packages/airflow/example_dags/example_time_delta_sensor_async.py took 0.088 seconds
[2024-02-02T15:28:02.517+0000] {processor.py:161} INFO - Started process (PID=7466) to work on /home/airflow/.local/lib/python3.8/site-packages/airflow/example_dags/example_time_delta_sensor_async.py
[2024-02-02T15:28:02.519+0000] {processor.py:830} INFO - Processing file /home/airflow/.local/lib/python3.8/site-packages/airflow/example_dags/example_time_delta_sensor_async.py for tasks to queue
[2024-02-02T15:28:02.521+0000] {logging_mixin.py:188} INFO - [2024-02-02T15:28:02.520+0000] {dagbag.py:538} INFO - Filling up the DagBag from /home/airflow/.local/lib/python3.8/site-packages/airflow/example_dags/example_time_delta_sensor_async.py
[2024-02-02T15:28:02.526+0000] {processor.py:840} INFO - DAG(s) 'example_time_delta_sensor_async' retrieved from /home/airflow/.local/lib/python3.8/site-packages/airflow/example_dags/example_time_delta_sensor_async.py
[2024-02-02T15:28:02.555+0000] {logging_mixin.py:188} INFO - [2024-02-02T15:28:02.555+0000] {dag.py:3036} INFO - Sync 1 DAGs
[2024-02-02T15:28:02.572+0000] {logging_mixin.py:188} INFO - [2024-02-02T15:28:02.572+0000] {dag.py:3823} INFO - Setting next_dagrun for example_time_delta_sensor_async to None, run_after=None
[2024-02-02T15:28:02.599+0000] {processor.py:183} INFO - Processing /home/airflow/.local/lib/python3.8/site-packages/airflow/example_dags/example_time_delta_sensor_async.py took 0.086 seconds
[2024-02-02T15:28:32.904+0000] {processor.py:161} INFO - Started process (PID=7713) to work on /home/airflow/.local/lib/python3.8/site-packages/airflow/example_dags/example_time_delta_sensor_async.py
[2024-02-02T15:28:32.906+0000] {processor.py:830} INFO - Processing file /home/airflow/.local/lib/python3.8/site-packages/airflow/example_dags/example_time_delta_sensor_async.py for tasks to queue
[2024-02-02T15:28:32.908+0000] {logging_mixin.py:188} INFO - [2024-02-02T15:28:32.907+0000] {dagbag.py:538} INFO - Filling up the DagBag from /home/airflow/.local/lib/python3.8/site-packages/airflow/example_dags/example_time_delta_sensor_async.py
[2024-02-02T15:28:32.916+0000] {processor.py:840} INFO - DAG(s) 'example_time_delta_sensor_async' retrieved from /home/airflow/.local/lib/python3.8/site-packages/airflow/example_dags/example_time_delta_sensor_async.py
[2024-02-02T15:28:32.950+0000] {logging_mixin.py:188} INFO - [2024-02-02T15:28:32.949+0000] {dag.py:3036} INFO - Sync 1 DAGs
[2024-02-02T15:28:32.971+0000] {logging_mixin.py:188} INFO - [2024-02-02T15:28:32.971+0000] {dag.py:3823} INFO - Setting next_dagrun for example_time_delta_sensor_async to None, run_after=None
[2024-02-02T15:28:33.004+0000] {processor.py:183} INFO - Processing /home/airflow/.local/lib/python3.8/site-packages/airflow/example_dags/example_time_delta_sensor_async.py took 0.106 seconds
[2024-02-02T15:29:03.247+0000] {processor.py:161} INFO - Started process (PID=7958) to work on /home/airflow/.local/lib/python3.8/site-packages/airflow/example_dags/example_time_delta_sensor_async.py
[2024-02-02T15:29:03.249+0000] {processor.py:830} INFO - Processing file /home/airflow/.local/lib/python3.8/site-packages/airflow/example_dags/example_time_delta_sensor_async.py for tasks to queue
[2024-02-02T15:29:03.251+0000] {logging_mixin.py:188} INFO - [2024-02-02T15:29:03.250+0000] {dagbag.py:538} INFO - Filling up the DagBag from /home/airflow/.local/lib/python3.8/site-packages/airflow/example_dags/example_time_delta_sensor_async.py
[2024-02-02T15:29:03.258+0000] {processor.py:840} INFO - DAG(s) 'example_time_delta_sensor_async' retrieved from /home/airflow/.local/lib/python3.8/site-packages/airflow/example_dags/example_time_delta_sensor_async.py
[2024-02-02T15:29:03.286+0000] {logging_mixin.py:188} INFO - [2024-02-02T15:29:03.286+0000] {dag.py:3036} INFO - Sync 1 DAGs
[2024-02-02T15:29:03.302+0000] {logging_mixin.py:188} INFO - [2024-02-02T15:29:03.302+0000] {dag.py:3823} INFO - Setting next_dagrun for example_time_delta_sensor_async to None, run_after=None
[2024-02-02T15:29:03.327+0000] {processor.py:183} INFO - Processing /home/airflow/.local/lib/python3.8/site-packages/airflow/example_dags/example_time_delta_sensor_async.py took 0.085 seconds
[2024-02-02T15:29:33.569+0000] {processor.py:161} INFO - Started process (PID=8205) to work on /home/airflow/.local/lib/python3.8/site-packages/airflow/example_dags/example_time_delta_sensor_async.py
[2024-02-02T15:29:33.571+0000] {processor.py:830} INFO - Processing file /home/airflow/.local/lib/python3.8/site-packages/airflow/example_dags/example_time_delta_sensor_async.py for tasks to queue
[2024-02-02T15:29:33.574+0000] {logging_mixin.py:188} INFO - [2024-02-02T15:29:33.572+0000] {dagbag.py:538} INFO - Filling up the DagBag from /home/airflow/.local/lib/python3.8/site-packages/airflow/example_dags/example_time_delta_sensor_async.py
[2024-02-02T15:29:33.582+0000] {processor.py:840} INFO - DAG(s) 'example_time_delta_sensor_async' retrieved from /home/airflow/.local/lib/python3.8/site-packages/airflow/example_dags/example_time_delta_sensor_async.py
[2024-02-02T15:29:33.610+0000] {logging_mixin.py:188} INFO - [2024-02-02T15:29:33.610+0000] {dag.py:3036} INFO - Sync 1 DAGs
[2024-02-02T15:29:33.626+0000] {logging_mixin.py:188} INFO - [2024-02-02T15:29:33.625+0000] {dag.py:3823} INFO - Setting next_dagrun for example_time_delta_sensor_async to None, run_after=None
[2024-02-02T15:29:33.651+0000] {processor.py:183} INFO - Processing /home/airflow/.local/lib/python3.8/site-packages/airflow/example_dags/example_time_delta_sensor_async.py took 0.086 seconds
[2024-02-02T15:30:04.278+0000] {processor.py:161} INFO - Started process (PID=8454) to work on /home/airflow/.local/lib/python3.8/site-packages/airflow/example_dags/example_time_delta_sensor_async.py
[2024-02-02T15:30:04.279+0000] {processor.py:830} INFO - Processing file /home/airflow/.local/lib/python3.8/site-packages/airflow/example_dags/example_time_delta_sensor_async.py for tasks to queue
[2024-02-02T15:30:04.281+0000] {logging_mixin.py:188} INFO - [2024-02-02T15:30:04.281+0000] {dagbag.py:538} INFO - Filling up the DagBag from /home/airflow/.local/lib/python3.8/site-packages/airflow/example_dags/example_time_delta_sensor_async.py
[2024-02-02T15:30:04.287+0000] {processor.py:840} INFO - DAG(s) 'example_time_delta_sensor_async' retrieved from /home/airflow/.local/lib/python3.8/site-packages/airflow/example_dags/example_time_delta_sensor_async.py
[2024-02-02T15:30:04.315+0000] {logging_mixin.py:188} INFO - [2024-02-02T15:30:04.314+0000] {dag.py:3036} INFO - Sync 1 DAGs
[2024-02-02T15:30:04.330+0000] {logging_mixin.py:188} INFO - [2024-02-02T15:30:04.330+0000] {dag.py:3823} INFO - Setting next_dagrun for example_time_delta_sensor_async to None, run_after=None
[2024-02-02T15:30:04.356+0000] {processor.py:183} INFO - Processing /home/airflow/.local/lib/python3.8/site-packages/airflow/example_dags/example_time_delta_sensor_async.py took 0.083 seconds
[2024-02-02T15:30:34.419+0000] {processor.py:161} INFO - Started process (PID=8699) to work on /home/airflow/.local/lib/python3.8/site-packages/airflow/example_dags/example_time_delta_sensor_async.py
[2024-02-02T15:30:34.420+0000] {processor.py:830} INFO - Processing file /home/airflow/.local/lib/python3.8/site-packages/airflow/example_dags/example_time_delta_sensor_async.py for tasks to queue
[2024-02-02T15:30:34.422+0000] {logging_mixin.py:188} INFO - [2024-02-02T15:30:34.421+0000] {dagbag.py:538} INFO - Filling up the DagBag from /home/airflow/.local/lib/python3.8/site-packages/airflow/example_dags/example_time_delta_sensor_async.py
[2024-02-02T15:30:34.429+0000] {processor.py:840} INFO - DAG(s) 'example_time_delta_sensor_async' retrieved from /home/airflow/.local/lib/python3.8/site-packages/airflow/example_dags/example_time_delta_sensor_async.py
[2024-02-02T15:30:34.461+0000] {logging_mixin.py:188} INFO - [2024-02-02T15:30:34.461+0000] {dag.py:3036} INFO - Sync 1 DAGs
[2024-02-02T15:30:34.481+0000] {logging_mixin.py:188} INFO - [2024-02-02T15:30:34.481+0000] {dag.py:3823} INFO - Setting next_dagrun for example_time_delta_sensor_async to None, run_after=None
[2024-02-02T15:30:34.509+0000] {processor.py:183} INFO - Processing /home/airflow/.local/lib/python3.8/site-packages/airflow/example_dags/example_time_delta_sensor_async.py took 0.095 seconds
[2024-02-02T15:31:04.780+0000] {processor.py:161} INFO - Started process (PID=8946) to work on /home/airflow/.local/lib/python3.8/site-packages/airflow/example_dags/example_time_delta_sensor_async.py
[2024-02-02T15:31:04.782+0000] {processor.py:830} INFO - Processing file /home/airflow/.local/lib/python3.8/site-packages/airflow/example_dags/example_time_delta_sensor_async.py for tasks to queue
[2024-02-02T15:31:04.784+0000] {logging_mixin.py:188} INFO - [2024-02-02T15:31:04.783+0000] {dagbag.py:538} INFO - Filling up the DagBag from /home/airflow/.local/lib/python3.8/site-packages/airflow/example_dags/example_time_delta_sensor_async.py
[2024-02-02T15:31:04.790+0000] {processor.py:840} INFO - DAG(s) 'example_time_delta_sensor_async' retrieved from /home/airflow/.local/lib/python3.8/site-packages/airflow/example_dags/example_time_delta_sensor_async.py
[2024-02-02T15:31:04.817+0000] {logging_mixin.py:188} INFO - [2024-02-02T15:31:04.816+0000] {dag.py:3036} INFO - Sync 1 DAGs
[2024-02-02T15:31:04.833+0000] {logging_mixin.py:188} INFO - [2024-02-02T15:31:04.833+0000] {dag.py:3823} INFO - Setting next_dagrun for example_time_delta_sensor_async to None, run_after=None
[2024-02-02T15:31:04.858+0000] {processor.py:183} INFO - Processing /home/airflow/.local/lib/python3.8/site-packages/airflow/example_dags/example_time_delta_sensor_async.py took 0.081 seconds
[2024-02-02T15:31:35.176+0000] {processor.py:161} INFO - Started process (PID=9195) to work on /home/airflow/.local/lib/python3.8/site-packages/airflow/example_dags/example_time_delta_sensor_async.py
[2024-02-02T15:31:35.178+0000] {processor.py:830} INFO - Processing file /home/airflow/.local/lib/python3.8/site-packages/airflow/example_dags/example_time_delta_sensor_async.py for tasks to queue
[2024-02-02T15:31:35.180+0000] {logging_mixin.py:188} INFO - [2024-02-02T15:31:35.179+0000] {dagbag.py:538} INFO - Filling up the DagBag from /home/airflow/.local/lib/python3.8/site-packages/airflow/example_dags/example_time_delta_sensor_async.py
[2024-02-02T15:31:35.186+0000] {processor.py:840} INFO - DAG(s) 'example_time_delta_sensor_async' retrieved from /home/airflow/.local/lib/python3.8/site-packages/airflow/example_dags/example_time_delta_sensor_async.py
[2024-02-02T15:31:35.212+0000] {logging_mixin.py:188} INFO - [2024-02-02T15:31:35.212+0000] {dag.py:3036} INFO - Sync 1 DAGs
[2024-02-02T15:31:35.227+0000] {logging_mixin.py:188} INFO - [2024-02-02T15:31:35.226+0000] {dag.py:3823} INFO - Setting next_dagrun for example_time_delta_sensor_async to None, run_after=None
[2024-02-02T15:31:35.251+0000] {processor.py:183} INFO - Processing /home/airflow/.local/lib/python3.8/site-packages/airflow/example_dags/example_time_delta_sensor_async.py took 0.079 seconds
[2024-02-02T15:32:05.428+0000] {processor.py:161} INFO - Started process (PID=9440) to work on /home/airflow/.local/lib/python3.8/site-packages/airflow/example_dags/example_time_delta_sensor_async.py
[2024-02-02T15:32:05.430+0000] {processor.py:830} INFO - Processing file /home/airflow/.local/lib/python3.8/site-packages/airflow/example_dags/example_time_delta_sensor_async.py for tasks to queue
[2024-02-02T15:32:05.431+0000] {logging_mixin.py:188} INFO - [2024-02-02T15:32:05.431+0000] {dagbag.py:538} INFO - Filling up the DagBag from /home/airflow/.local/lib/python3.8/site-packages/airflow/example_dags/example_time_delta_sensor_async.py
[2024-02-02T15:32:05.438+0000] {processor.py:840} INFO - DAG(s) 'example_time_delta_sensor_async' retrieved from /home/airflow/.local/lib/python3.8/site-packages/airflow/example_dags/example_time_delta_sensor_async.py
[2024-02-02T15:32:05.465+0000] {logging_mixin.py:188} INFO - [2024-02-02T15:32:05.465+0000] {dag.py:3036} INFO - Sync 1 DAGs
[2024-02-02T15:32:05.480+0000] {logging_mixin.py:188} INFO - [2024-02-02T15:32:05.480+0000] {dag.py:3823} INFO - Setting next_dagrun for example_time_delta_sensor_async to None, run_after=None
[2024-02-02T15:32:05.505+0000] {processor.py:183} INFO - Processing /home/airflow/.local/lib/python3.8/site-packages/airflow/example_dags/example_time_delta_sensor_async.py took 0.081 seconds
[2024-02-02T15:32:35.584+0000] {processor.py:161} INFO - Started process (PID=9682) to work on /home/airflow/.local/lib/python3.8/site-packages/airflow/example_dags/example_time_delta_sensor_async.py
[2024-02-02T15:32:35.586+0000] {processor.py:830} INFO - Processing file /home/airflow/.local/lib/python3.8/site-packages/airflow/example_dags/example_time_delta_sensor_async.py for tasks to queue
[2024-02-02T15:32:35.588+0000] {logging_mixin.py:188} INFO - [2024-02-02T15:32:35.587+0000] {dagbag.py:538} INFO - Filling up the DagBag from /home/airflow/.local/lib/python3.8/site-packages/airflow/example_dags/example_time_delta_sensor_async.py
[2024-02-02T15:32:35.596+0000] {processor.py:840} INFO - DAG(s) 'example_time_delta_sensor_async' retrieved from /home/airflow/.local/lib/python3.8/site-packages/airflow/example_dags/example_time_delta_sensor_async.py
[2024-02-02T15:32:35.625+0000] {logging_mixin.py:188} INFO - [2024-02-02T15:32:35.625+0000] {dag.py:3036} INFO - Sync 1 DAGs
[2024-02-02T15:32:35.645+0000] {logging_mixin.py:188} INFO - [2024-02-02T15:32:35.644+0000] {dag.py:3823} INFO - Setting next_dagrun for example_time_delta_sensor_async to None, run_after=None
[2024-02-02T15:32:35.671+0000] {processor.py:183} INFO - Processing /home/airflow/.local/lib/python3.8/site-packages/airflow/example_dags/example_time_delta_sensor_async.py took 0.095 seconds
[2024-02-02T15:33:06.781+0000] {processor.py:161} INFO - Started process (PID=9934) to work on /home/airflow/.local/lib/python3.8/site-packages/airflow/example_dags/example_time_delta_sensor_async.py
[2024-02-02T15:33:06.782+0000] {processor.py:830} INFO - Processing file /home/airflow/.local/lib/python3.8/site-packages/airflow/example_dags/example_time_delta_sensor_async.py for tasks to queue
[2024-02-02T15:33:06.784+0000] {logging_mixin.py:188} INFO - [2024-02-02T15:33:06.783+0000] {dagbag.py:538} INFO - Filling up the DagBag from /home/airflow/.local/lib/python3.8/site-packages/airflow/example_dags/example_time_delta_sensor_async.py
[2024-02-02T15:33:06.789+0000] {processor.py:840} INFO - DAG(s) 'example_time_delta_sensor_async' retrieved from /home/airflow/.local/lib/python3.8/site-packages/airflow/example_dags/example_time_delta_sensor_async.py
[2024-02-02T15:33:06.814+0000] {logging_mixin.py:188} INFO - [2024-02-02T15:33:06.813+0000] {dag.py:3036} INFO - Sync 1 DAGs
[2024-02-02T15:33:06.829+0000] {logging_mixin.py:188} INFO - [2024-02-02T15:33:06.829+0000] {dag.py:3823} INFO - Setting next_dagrun for example_time_delta_sensor_async to None, run_after=None
[2024-02-02T15:33:06.854+0000] {processor.py:183} INFO - Processing /home/airflow/.local/lib/python3.8/site-packages/airflow/example_dags/example_time_delta_sensor_async.py took 0.077 seconds
[2024-02-02T15:33:37.354+0000] {processor.py:161} INFO - Started process (PID=10175) to work on /home/airflow/.local/lib/python3.8/site-packages/airflow/example_dags/example_time_delta_sensor_async.py
[2024-02-02T15:33:37.355+0000] {processor.py:830} INFO - Processing file /home/airflow/.local/lib/python3.8/site-packages/airflow/example_dags/example_time_delta_sensor_async.py for tasks to queue
[2024-02-02T15:33:37.357+0000] {logging_mixin.py:188} INFO - [2024-02-02T15:33:37.357+0000] {dagbag.py:538} INFO - Filling up the DagBag from /home/airflow/.local/lib/python3.8/site-packages/airflow/example_dags/example_time_delta_sensor_async.py
[2024-02-02T15:33:37.363+0000] {processor.py:840} INFO - DAG(s) 'example_time_delta_sensor_async' retrieved from /home/airflow/.local/lib/python3.8/site-packages/airflow/example_dags/example_time_delta_sensor_async.py
[2024-02-02T15:33:37.390+0000] {logging_mixin.py:188} INFO - [2024-02-02T15:33:37.390+0000] {dag.py:3036} INFO - Sync 1 DAGs
[2024-02-02T15:33:37.405+0000] {logging_mixin.py:188} INFO - [2024-02-02T15:33:37.405+0000] {dag.py:3823} INFO - Setting next_dagrun for example_time_delta_sensor_async to None, run_after=None
[2024-02-02T15:33:37.429+0000] {processor.py:183} INFO - Processing /home/airflow/.local/lib/python3.8/site-packages/airflow/example_dags/example_time_delta_sensor_async.py took 0.080 seconds
[2024-02-02T15:34:08.097+0000] {processor.py:161} INFO - Started process (PID=10422) to work on /home/airflow/.local/lib/python3.8/site-packages/airflow/example_dags/example_time_delta_sensor_async.py
[2024-02-02T15:34:08.098+0000] {processor.py:830} INFO - Processing file /home/airflow/.local/lib/python3.8/site-packages/airflow/example_dags/example_time_delta_sensor_async.py for tasks to queue
[2024-02-02T15:34:08.100+0000] {logging_mixin.py:188} INFO - [2024-02-02T15:34:08.099+0000] {dagbag.py:538} INFO - Filling up the DagBag from /home/airflow/.local/lib/python3.8/site-packages/airflow/example_dags/example_time_delta_sensor_async.py
[2024-02-02T15:34:08.106+0000] {processor.py:840} INFO - DAG(s) 'example_time_delta_sensor_async' retrieved from /home/airflow/.local/lib/python3.8/site-packages/airflow/example_dags/example_time_delta_sensor_async.py
[2024-02-02T15:34:08.132+0000] {logging_mixin.py:188} INFO - [2024-02-02T15:34:08.131+0000] {dag.py:3036} INFO - Sync 1 DAGs
[2024-02-02T15:34:08.147+0000] {logging_mixin.py:188} INFO - [2024-02-02T15:34:08.146+0000] {dag.py:3823} INFO - Setting next_dagrun for example_time_delta_sensor_async to None, run_after=None
[2024-02-02T15:34:08.174+0000] {processor.py:183} INFO - Processing /home/airflow/.local/lib/python3.8/site-packages/airflow/example_dags/example_time_delta_sensor_async.py took 0.082 seconds
[2024-02-02T15:34:38.576+0000] {processor.py:161} INFO - Started process (PID=10666) to work on /home/airflow/.local/lib/python3.8/site-packages/airflow/example_dags/example_time_delta_sensor_async.py
[2024-02-02T15:34:38.577+0000] {processor.py:830} INFO - Processing file /home/airflow/.local/lib/python3.8/site-packages/airflow/example_dags/example_time_delta_sensor_async.py for tasks to queue
[2024-02-02T15:34:38.579+0000] {logging_mixin.py:188} INFO - [2024-02-02T15:34:38.578+0000] {dagbag.py:538} INFO - Filling up the DagBag from /home/airflow/.local/lib/python3.8/site-packages/airflow/example_dags/example_time_delta_sensor_async.py
[2024-02-02T15:34:38.585+0000] {processor.py:840} INFO - DAG(s) 'example_time_delta_sensor_async' retrieved from /home/airflow/.local/lib/python3.8/site-packages/airflow/example_dags/example_time_delta_sensor_async.py
[2024-02-02T15:34:38.607+0000] {logging_mixin.py:188} INFO - [2024-02-02T15:34:38.607+0000] {dag.py:3036} INFO - Sync 1 DAGs
[2024-02-02T15:34:38.620+0000] {logging_mixin.py:188} INFO - [2024-02-02T15:34:38.620+0000] {dag.py:3823} INFO - Setting next_dagrun for example_time_delta_sensor_async to None, run_after=None
[2024-02-02T15:34:38.644+0000] {processor.py:183} INFO - Processing /home/airflow/.local/lib/python3.8/site-packages/airflow/example_dags/example_time_delta_sensor_async.py took 0.073 seconds
[2024-02-02T15:35:09.011+0000] {processor.py:161} INFO - Started process (PID=10918) to work on /home/airflow/.local/lib/python3.8/site-packages/airflow/example_dags/example_time_delta_sensor_async.py
[2024-02-02T15:35:09.013+0000] {processor.py:830} INFO - Processing file /home/airflow/.local/lib/python3.8/site-packages/airflow/example_dags/example_time_delta_sensor_async.py for tasks to queue
[2024-02-02T15:35:09.015+0000] {logging_mixin.py:188} INFO - [2024-02-02T15:35:09.014+0000] {dagbag.py:538} INFO - Filling up the DagBag from /home/airflow/.local/lib/python3.8/site-packages/airflow/example_dags/example_time_delta_sensor_async.py
[2024-02-02T15:35:09.021+0000] {processor.py:840} INFO - DAG(s) 'example_time_delta_sensor_async' retrieved from /home/airflow/.local/lib/python3.8/site-packages/airflow/example_dags/example_time_delta_sensor_async.py
[2024-02-02T15:35:09.048+0000] {logging_mixin.py:188} INFO - [2024-02-02T15:35:09.048+0000] {dag.py:3036} INFO - Sync 1 DAGs
[2024-02-02T15:35:09.063+0000] {logging_mixin.py:188} INFO - [2024-02-02T15:35:09.063+0000] {dag.py:3823} INFO - Setting next_dagrun for example_time_delta_sensor_async to None, run_after=None
[2024-02-02T15:35:09.089+0000] {processor.py:183} INFO - Processing /home/airflow/.local/lib/python3.8/site-packages/airflow/example_dags/example_time_delta_sensor_async.py took 0.082 seconds
[2024-02-02T15:35:39.179+0000] {processor.py:161} INFO - Started process (PID=11163) to work on /home/airflow/.local/lib/python3.8/site-packages/airflow/example_dags/example_time_delta_sensor_async.py
[2024-02-02T15:35:39.181+0000] {processor.py:830} INFO - Processing file /home/airflow/.local/lib/python3.8/site-packages/airflow/example_dags/example_time_delta_sensor_async.py for tasks to queue
[2024-02-02T15:35:39.182+0000] {logging_mixin.py:188} INFO - [2024-02-02T15:35:39.182+0000] {dagbag.py:538} INFO - Filling up the DagBag from /home/airflow/.local/lib/python3.8/site-packages/airflow/example_dags/example_time_delta_sensor_async.py
[2024-02-02T15:35:39.189+0000] {processor.py:840} INFO - DAG(s) 'example_time_delta_sensor_async' retrieved from /home/airflow/.local/lib/python3.8/site-packages/airflow/example_dags/example_time_delta_sensor_async.py
[2024-02-02T15:35:39.216+0000] {logging_mixin.py:188} INFO - [2024-02-02T15:35:39.216+0000] {dag.py:3036} INFO - Sync 1 DAGs
[2024-02-02T15:35:39.234+0000] {logging_mixin.py:188} INFO - [2024-02-02T15:35:39.234+0000] {dag.py:3823} INFO - Setting next_dagrun for example_time_delta_sensor_async to None, run_after=None
[2024-02-02T15:35:39.262+0000] {processor.py:183} INFO - Processing /home/airflow/.local/lib/python3.8/site-packages/airflow/example_dags/example_time_delta_sensor_async.py took 0.087 seconds
[2024-02-02T15:36:10.101+0000] {processor.py:161} INFO - Started process (PID=11410) to work on /home/airflow/.local/lib/python3.8/site-packages/airflow/example_dags/example_time_delta_sensor_async.py
[2024-02-02T15:36:10.103+0000] {processor.py:830} INFO - Processing file /home/airflow/.local/lib/python3.8/site-packages/airflow/example_dags/example_time_delta_sensor_async.py for tasks to queue
[2024-02-02T15:36:10.108+0000] {logging_mixin.py:188} INFO - [2024-02-02T15:36:10.107+0000] {dagbag.py:538} INFO - Filling up the DagBag from /home/airflow/.local/lib/python3.8/site-packages/airflow/example_dags/example_time_delta_sensor_async.py
[2024-02-02T15:36:10.119+0000] {processor.py:840} INFO - DAG(s) 'example_time_delta_sensor_async' retrieved from /home/airflow/.local/lib/python3.8/site-packages/airflow/example_dags/example_time_delta_sensor_async.py
[2024-02-02T15:36:10.162+0000] {logging_mixin.py:188} INFO - [2024-02-02T15:36:10.161+0000] {dag.py:3036} INFO - Sync 1 DAGs
[2024-02-02T15:36:10.222+0000] {logging_mixin.py:188} INFO - [2024-02-02T15:36:10.221+0000] {dag.py:3823} INFO - Setting next_dagrun for example_time_delta_sensor_async to None, run_after=None
[2024-02-02T15:36:10.310+0000] {processor.py:183} INFO - Processing /home/airflow/.local/lib/python3.8/site-packages/airflow/example_dags/example_time_delta_sensor_async.py took 0.215 seconds
