[2024-02-02T15:13:18.081+0000] {processor.py:161} INFO - Started process (PID=261) to work on /home/airflow/.local/lib/python3.8/site-packages/airflow/example_dags/example_sensors.py
[2024-02-02T15:13:18.082+0000] {processor.py:830} INFO - Processing file /home/airflow/.local/lib/python3.8/site-packages/airflow/example_dags/example_sensors.py for tasks to queue
[2024-02-02T15:13:18.084+0000] {logging_mixin.py:188} INFO - [2024-02-02T15:13:18.084+0000] {dagbag.py:538} INFO - Filling up the DagBag from /home/airflow/.local/lib/python3.8/site-packages/airflow/example_dags/example_sensors.py
[2024-02-02T15:13:18.101+0000] {processor.py:840} INFO - DAG(s) 'example_sensors' retrieved from /home/airflow/.local/lib/python3.8/site-packages/airflow/example_dags/example_sensors.py
[2024-02-02T15:13:18.118+0000] {logging_mixin.py:188} INFO - [2024-02-02T15:13:18.117+0000] {dag.py:3036} INFO - Sync 1 DAGs
[2024-02-02T15:13:18.136+0000] {logging_mixin.py:188} INFO - [2024-02-02T15:13:18.136+0000] {dag.py:3823} INFO - Setting next_dagrun for example_sensors to None, run_after=None
[2024-02-02T15:13:18.162+0000] {processor.py:183} INFO - Processing /home/airflow/.local/lib/python3.8/site-packages/airflow/example_dags/example_sensors.py took 0.085 seconds
[2024-02-02T15:13:49.924+0000] {processor.py:161} INFO - Started process (PID=508) to work on /home/airflow/.local/lib/python3.8/site-packages/airflow/example_dags/example_sensors.py
[2024-02-02T15:13:49.926+0000] {processor.py:830} INFO - Processing file /home/airflow/.local/lib/python3.8/site-packages/airflow/example_dags/example_sensors.py for tasks to queue
[2024-02-02T15:13:49.928+0000] {logging_mixin.py:188} INFO - [2024-02-02T15:13:49.928+0000] {dagbag.py:538} INFO - Filling up the DagBag from /home/airflow/.local/lib/python3.8/site-packages/airflow/example_dags/example_sensors.py
[2024-02-02T15:13:49.952+0000] {processor.py:840} INFO - DAG(s) 'example_sensors' retrieved from /home/airflow/.local/lib/python3.8/site-packages/airflow/example_dags/example_sensors.py
[2024-02-02T15:13:50.158+0000] {logging_mixin.py:188} INFO - [2024-02-02T15:13:50.157+0000] {dag.py:3036} INFO - Sync 1 DAGs
[2024-02-02T15:13:50.175+0000] {logging_mixin.py:188} INFO - [2024-02-02T15:13:50.175+0000] {dag.py:3823} INFO - Setting next_dagrun for example_sensors to None, run_after=None
[2024-02-02T15:13:50.210+0000] {processor.py:183} INFO - Processing /home/airflow/.local/lib/python3.8/site-packages/airflow/example_dags/example_sensors.py took 0.291 seconds
[2024-02-02T15:14:20.641+0000] {processor.py:161} INFO - Started process (PID=755) to work on /home/airflow/.local/lib/python3.8/site-packages/airflow/example_dags/example_sensors.py
[2024-02-02T15:14:20.642+0000] {processor.py:830} INFO - Processing file /home/airflow/.local/lib/python3.8/site-packages/airflow/example_dags/example_sensors.py for tasks to queue
[2024-02-02T15:14:20.644+0000] {logging_mixin.py:188} INFO - [2024-02-02T15:14:20.644+0000] {dagbag.py:538} INFO - Filling up the DagBag from /home/airflow/.local/lib/python3.8/site-packages/airflow/example_dags/example_sensors.py
[2024-02-02T15:14:20.657+0000] {processor.py:840} INFO - DAG(s) 'example_sensors' retrieved from /home/airflow/.local/lib/python3.8/site-packages/airflow/example_dags/example_sensors.py
[2024-02-02T15:14:20.692+0000] {logging_mixin.py:188} INFO - [2024-02-02T15:14:20.692+0000] {dag.py:3036} INFO - Sync 1 DAGs
[2024-02-02T15:14:20.712+0000] {logging_mixin.py:188} INFO - [2024-02-02T15:14:20.712+0000] {dag.py:3823} INFO - Setting next_dagrun for example_sensors to None, run_after=None
[2024-02-02T15:14:20.741+0000] {processor.py:183} INFO - Processing /home/airflow/.local/lib/python3.8/site-packages/airflow/example_dags/example_sensors.py took 0.104 seconds
[2024-02-02T15:14:51.112+0000] {processor.py:161} INFO - Started process (PID=1002) to work on /home/airflow/.local/lib/python3.8/site-packages/airflow/example_dags/example_sensors.py
[2024-02-02T15:14:51.114+0000] {processor.py:830} INFO - Processing file /home/airflow/.local/lib/python3.8/site-packages/airflow/example_dags/example_sensors.py for tasks to queue
[2024-02-02T15:14:51.116+0000] {logging_mixin.py:188} INFO - [2024-02-02T15:14:51.115+0000] {dagbag.py:538} INFO - Filling up the DagBag from /home/airflow/.local/lib/python3.8/site-packages/airflow/example_dags/example_sensors.py
[2024-02-02T15:14:51.127+0000] {processor.py:840} INFO - DAG(s) 'example_sensors' retrieved from /home/airflow/.local/lib/python3.8/site-packages/airflow/example_dags/example_sensors.py
[2024-02-02T15:14:51.157+0000] {logging_mixin.py:188} INFO - [2024-02-02T15:14:51.156+0000] {dag.py:3036} INFO - Sync 1 DAGs
[2024-02-02T15:14:51.174+0000] {logging_mixin.py:188} INFO - [2024-02-02T15:14:51.174+0000] {dag.py:3823} INFO - Setting next_dagrun for example_sensors to None, run_after=None
[2024-02-02T15:14:51.204+0000] {processor.py:183} INFO - Processing /home/airflow/.local/lib/python3.8/site-packages/airflow/example_dags/example_sensors.py took 0.096 seconds
[2024-02-02T15:15:21.510+0000] {processor.py:161} INFO - Started process (PID=1249) to work on /home/airflow/.local/lib/python3.8/site-packages/airflow/example_dags/example_sensors.py
[2024-02-02T15:15:21.511+0000] {processor.py:830} INFO - Processing file /home/airflow/.local/lib/python3.8/site-packages/airflow/example_dags/example_sensors.py for tasks to queue
[2024-02-02T15:15:21.513+0000] {logging_mixin.py:188} INFO - [2024-02-02T15:15:21.512+0000] {dagbag.py:538} INFO - Filling up the DagBag from /home/airflow/.local/lib/python3.8/site-packages/airflow/example_dags/example_sensors.py
[2024-02-02T15:15:21.527+0000] {processor.py:840} INFO - DAG(s) 'example_sensors' retrieved from /home/airflow/.local/lib/python3.8/site-packages/airflow/example_dags/example_sensors.py
[2024-02-02T15:15:21.564+0000] {logging_mixin.py:188} INFO - [2024-02-02T15:15:21.563+0000] {dag.py:3036} INFO - Sync 1 DAGs
[2024-02-02T15:15:21.581+0000] {logging_mixin.py:188} INFO - [2024-02-02T15:15:21.580+0000] {dag.py:3823} INFO - Setting next_dagrun for example_sensors to None, run_after=None
[2024-02-02T15:15:21.605+0000] {processor.py:183} INFO - Processing /home/airflow/.local/lib/python3.8/site-packages/airflow/example_dags/example_sensors.py took 0.100 seconds
[2024-02-02T15:15:51.910+0000] {processor.py:161} INFO - Started process (PID=1496) to work on /home/airflow/.local/lib/python3.8/site-packages/airflow/example_dags/example_sensors.py
[2024-02-02T15:15:51.912+0000] {processor.py:830} INFO - Processing file /home/airflow/.local/lib/python3.8/site-packages/airflow/example_dags/example_sensors.py for tasks to queue
[2024-02-02T15:15:51.913+0000] {logging_mixin.py:188} INFO - [2024-02-02T15:15:51.913+0000] {dagbag.py:538} INFO - Filling up the DagBag from /home/airflow/.local/lib/python3.8/site-packages/airflow/example_dags/example_sensors.py
[2024-02-02T15:15:51.932+0000] {processor.py:840} INFO - DAG(s) 'example_sensors' retrieved from /home/airflow/.local/lib/python3.8/site-packages/airflow/example_dags/example_sensors.py
[2024-02-02T15:15:51.979+0000] {logging_mixin.py:188} INFO - [2024-02-02T15:15:51.979+0000] {dag.py:3036} INFO - Sync 1 DAGs
[2024-02-02T15:15:52.001+0000] {logging_mixin.py:188} INFO - [2024-02-02T15:15:52.000+0000] {dag.py:3823} INFO - Setting next_dagrun for example_sensors to None, run_after=None
[2024-02-02T15:15:52.043+0000] {processor.py:183} INFO - Processing /home/airflow/.local/lib/python3.8/site-packages/airflow/example_dags/example_sensors.py took 0.141 seconds
[2024-02-02T15:16:22.179+0000] {processor.py:161} INFO - Started process (PID=1743) to work on /home/airflow/.local/lib/python3.8/site-packages/airflow/example_dags/example_sensors.py
[2024-02-02T15:16:22.181+0000] {processor.py:830} INFO - Processing file /home/airflow/.local/lib/python3.8/site-packages/airflow/example_dags/example_sensors.py for tasks to queue
[2024-02-02T15:16:22.182+0000] {logging_mixin.py:188} INFO - [2024-02-02T15:16:22.182+0000] {dagbag.py:538} INFO - Filling up the DagBag from /home/airflow/.local/lib/python3.8/site-packages/airflow/example_dags/example_sensors.py
[2024-02-02T15:16:22.199+0000] {processor.py:840} INFO - DAG(s) 'example_sensors' retrieved from /home/airflow/.local/lib/python3.8/site-packages/airflow/example_dags/example_sensors.py
[2024-02-02T15:16:22.236+0000] {logging_mixin.py:188} INFO - [2024-02-02T15:16:22.236+0000] {dag.py:3036} INFO - Sync 1 DAGs
[2024-02-02T15:16:22.265+0000] {logging_mixin.py:188} INFO - [2024-02-02T15:16:22.264+0000] {dag.py:3823} INFO - Setting next_dagrun for example_sensors to None, run_after=None
[2024-02-02T15:16:22.326+0000] {processor.py:183} INFO - Processing /home/airflow/.local/lib/python3.8/site-packages/airflow/example_dags/example_sensors.py took 0.153 seconds
[2024-02-02T15:16:52.427+0000] {processor.py:161} INFO - Started process (PID=1985) to work on /home/airflow/.local/lib/python3.8/site-packages/airflow/example_dags/example_sensors.py
[2024-02-02T15:16:52.429+0000] {processor.py:830} INFO - Processing file /home/airflow/.local/lib/python3.8/site-packages/airflow/example_dags/example_sensors.py for tasks to queue
[2024-02-02T15:16:52.431+0000] {logging_mixin.py:188} INFO - [2024-02-02T15:16:52.430+0000] {dagbag.py:538} INFO - Filling up the DagBag from /home/airflow/.local/lib/python3.8/site-packages/airflow/example_dags/example_sensors.py
[2024-02-02T15:16:52.445+0000] {processor.py:840} INFO - DAG(s) 'example_sensors' retrieved from /home/airflow/.local/lib/python3.8/site-packages/airflow/example_dags/example_sensors.py
[2024-02-02T15:16:52.482+0000] {logging_mixin.py:188} INFO - [2024-02-02T15:16:52.482+0000] {dag.py:3036} INFO - Sync 1 DAGs
[2024-02-02T15:16:52.501+0000] {logging_mixin.py:188} INFO - [2024-02-02T15:16:52.501+0000] {dag.py:3823} INFO - Setting next_dagrun for example_sensors to None, run_after=None
[2024-02-02T15:16:52.535+0000] {processor.py:183} INFO - Processing /home/airflow/.local/lib/python3.8/site-packages/airflow/example_dags/example_sensors.py took 0.114 seconds
[2024-02-02T15:17:23.141+0000] {processor.py:161} INFO - Started process (PID=2237) to work on /home/airflow/.local/lib/python3.8/site-packages/airflow/example_dags/example_sensors.py
[2024-02-02T15:17:23.142+0000] {processor.py:830} INFO - Processing file /home/airflow/.local/lib/python3.8/site-packages/airflow/example_dags/example_sensors.py for tasks to queue
[2024-02-02T15:17:23.144+0000] {logging_mixin.py:188} INFO - [2024-02-02T15:17:23.144+0000] {dagbag.py:538} INFO - Filling up the DagBag from /home/airflow/.local/lib/python3.8/site-packages/airflow/example_dags/example_sensors.py
[2024-02-02T15:17:23.159+0000] {processor.py:840} INFO - DAG(s) 'example_sensors' retrieved from /home/airflow/.local/lib/python3.8/site-packages/airflow/example_dags/example_sensors.py
[2024-02-02T15:17:23.196+0000] {logging_mixin.py:188} INFO - [2024-02-02T15:17:23.196+0000] {dag.py:3036} INFO - Sync 1 DAGs
[2024-02-02T15:17:23.216+0000] {logging_mixin.py:188} INFO - [2024-02-02T15:17:23.215+0000] {dag.py:3823} INFO - Setting next_dagrun for example_sensors to None, run_after=None
[2024-02-02T15:17:23.245+0000] {processor.py:183} INFO - Processing /home/airflow/.local/lib/python3.8/site-packages/airflow/example_dags/example_sensors.py took 0.109 seconds
[2024-02-02T15:17:53.465+0000] {processor.py:161} INFO - Started process (PID=2484) to work on /home/airflow/.local/lib/python3.8/site-packages/airflow/example_dags/example_sensors.py
[2024-02-02T15:17:53.466+0000] {processor.py:830} INFO - Processing file /home/airflow/.local/lib/python3.8/site-packages/airflow/example_dags/example_sensors.py for tasks to queue
[2024-02-02T15:17:53.467+0000] {logging_mixin.py:188} INFO - [2024-02-02T15:17:53.467+0000] {dagbag.py:538} INFO - Filling up the DagBag from /home/airflow/.local/lib/python3.8/site-packages/airflow/example_dags/example_sensors.py
[2024-02-02T15:17:53.480+0000] {processor.py:840} INFO - DAG(s) 'example_sensors' retrieved from /home/airflow/.local/lib/python3.8/site-packages/airflow/example_dags/example_sensors.py
[2024-02-02T15:17:53.514+0000] {logging_mixin.py:188} INFO - [2024-02-02T15:17:53.514+0000] {dag.py:3036} INFO - Sync 1 DAGs
[2024-02-02T15:17:53.531+0000] {logging_mixin.py:188} INFO - [2024-02-02T15:17:53.531+0000] {dag.py:3823} INFO - Setting next_dagrun for example_sensors to None, run_after=None
[2024-02-02T15:17:53.559+0000] {processor.py:183} INFO - Processing /home/airflow/.local/lib/python3.8/site-packages/airflow/example_dags/example_sensors.py took 0.100 seconds
[2024-02-02T15:18:23.723+0000] {processor.py:161} INFO - Started process (PID=2774) to work on /home/airflow/.local/lib/python3.8/site-packages/airflow/example_dags/example_sensors.py
[2024-02-02T15:18:23.724+0000] {processor.py:830} INFO - Processing file /home/airflow/.local/lib/python3.8/site-packages/airflow/example_dags/example_sensors.py for tasks to queue
[2024-02-02T15:18:23.726+0000] {logging_mixin.py:188} INFO - [2024-02-02T15:18:23.725+0000] {dagbag.py:538} INFO - Filling up the DagBag from /home/airflow/.local/lib/python3.8/site-packages/airflow/example_dags/example_sensors.py
[2024-02-02T15:18:23.740+0000] {processor.py:840} INFO - DAG(s) 'example_sensors' retrieved from /home/airflow/.local/lib/python3.8/site-packages/airflow/example_dags/example_sensors.py
[2024-02-02T15:18:23.773+0000] {logging_mixin.py:188} INFO - [2024-02-02T15:18:23.772+0000] {dag.py:3036} INFO - Sync 1 DAGs
[2024-02-02T15:18:23.791+0000] {logging_mixin.py:188} INFO - [2024-02-02T15:18:23.791+0000] {dag.py:3823} INFO - Setting next_dagrun for example_sensors to None, run_after=None
[2024-02-02T15:18:23.818+0000] {processor.py:183} INFO - Processing /home/airflow/.local/lib/python3.8/site-packages/airflow/example_dags/example_sensors.py took 0.099 seconds
[2024-02-02T15:18:54.155+0000] {processor.py:161} INFO - Started process (PID=3021) to work on /home/airflow/.local/lib/python3.8/site-packages/airflow/example_dags/example_sensors.py
[2024-02-02T15:18:54.157+0000] {processor.py:830} INFO - Processing file /home/airflow/.local/lib/python3.8/site-packages/airflow/example_dags/example_sensors.py for tasks to queue
[2024-02-02T15:18:54.159+0000] {logging_mixin.py:188} INFO - [2024-02-02T15:18:54.159+0000] {dagbag.py:538} INFO - Filling up the DagBag from /home/airflow/.local/lib/python3.8/site-packages/airflow/example_dags/example_sensors.py
[2024-02-02T15:18:54.187+0000] {processor.py:840} INFO - DAG(s) 'example_sensors' retrieved from /home/airflow/.local/lib/python3.8/site-packages/airflow/example_dags/example_sensors.py
[2024-02-02T15:18:54.264+0000] {logging_mixin.py:188} INFO - [2024-02-02T15:18:54.263+0000] {dag.py:3036} INFO - Sync 1 DAGs
[2024-02-02T15:18:54.293+0000] {logging_mixin.py:188} INFO - [2024-02-02T15:18:54.292+0000] {dag.py:3823} INFO - Setting next_dagrun for example_sensors to None, run_after=None
[2024-02-02T15:18:54.326+0000] {processor.py:183} INFO - Processing /home/airflow/.local/lib/python3.8/site-packages/airflow/example_dags/example_sensors.py took 0.176 seconds
[2024-02-02T15:19:24.449+0000] {processor.py:161} INFO - Started process (PID=3269) to work on /home/airflow/.local/lib/python3.8/site-packages/airflow/example_dags/example_sensors.py
[2024-02-02T15:19:24.451+0000] {processor.py:830} INFO - Processing file /home/airflow/.local/lib/python3.8/site-packages/airflow/example_dags/example_sensors.py for tasks to queue
[2024-02-02T15:19:24.453+0000] {logging_mixin.py:188} INFO - [2024-02-02T15:19:24.452+0000] {dagbag.py:538} INFO - Filling up the DagBag from /home/airflow/.local/lib/python3.8/site-packages/airflow/example_dags/example_sensors.py
[2024-02-02T15:19:24.464+0000] {processor.py:840} INFO - DAG(s) 'example_sensors' retrieved from /home/airflow/.local/lib/python3.8/site-packages/airflow/example_dags/example_sensors.py
[2024-02-02T15:19:24.497+0000] {logging_mixin.py:188} INFO - [2024-02-02T15:19:24.497+0000] {dag.py:3036} INFO - Sync 1 DAGs
[2024-02-02T15:19:24.513+0000] {logging_mixin.py:188} INFO - [2024-02-02T15:19:24.512+0000] {dag.py:3823} INFO - Setting next_dagrun for example_sensors to None, run_after=None
[2024-02-02T15:19:24.539+0000] {processor.py:183} INFO - Processing /home/airflow/.local/lib/python3.8/site-packages/airflow/example_dags/example_sensors.py took 0.095 seconds
[2024-02-02T15:19:54.948+0000] {processor.py:161} INFO - Started process (PID=3516) to work on /home/airflow/.local/lib/python3.8/site-packages/airflow/example_dags/example_sensors.py
[2024-02-02T15:19:54.950+0000] {processor.py:830} INFO - Processing file /home/airflow/.local/lib/python3.8/site-packages/airflow/example_dags/example_sensors.py for tasks to queue
[2024-02-02T15:19:54.951+0000] {logging_mixin.py:188} INFO - [2024-02-02T15:19:54.951+0000] {dagbag.py:538} INFO - Filling up the DagBag from /home/airflow/.local/lib/python3.8/site-packages/airflow/example_dags/example_sensors.py
[2024-02-02T15:19:54.964+0000] {processor.py:840} INFO - DAG(s) 'example_sensors' retrieved from /home/airflow/.local/lib/python3.8/site-packages/airflow/example_dags/example_sensors.py
[2024-02-02T15:19:55.000+0000] {logging_mixin.py:188} INFO - [2024-02-02T15:19:55.000+0000] {dag.py:3036} INFO - Sync 1 DAGs
[2024-02-02T15:19:55.016+0000] {logging_mixin.py:188} INFO - [2024-02-02T15:19:55.015+0000] {dag.py:3823} INFO - Setting next_dagrun for example_sensors to None, run_after=None
[2024-02-02T15:19:55.045+0000] {processor.py:183} INFO - Processing /home/airflow/.local/lib/python3.8/site-packages/airflow/example_dags/example_sensors.py took 0.101 seconds
[2024-02-02T15:20:25.434+0000] {processor.py:161} INFO - Started process (PID=3763) to work on /home/airflow/.local/lib/python3.8/site-packages/airflow/example_dags/example_sensors.py
[2024-02-02T15:20:25.436+0000] {processor.py:830} INFO - Processing file /home/airflow/.local/lib/python3.8/site-packages/airflow/example_dags/example_sensors.py for tasks to queue
[2024-02-02T15:20:25.437+0000] {logging_mixin.py:188} INFO - [2024-02-02T15:20:25.437+0000] {dagbag.py:538} INFO - Filling up the DagBag from /home/airflow/.local/lib/python3.8/site-packages/airflow/example_dags/example_sensors.py
[2024-02-02T15:20:25.449+0000] {processor.py:840} INFO - DAG(s) 'example_sensors' retrieved from /home/airflow/.local/lib/python3.8/site-packages/airflow/example_dags/example_sensors.py
[2024-02-02T15:20:25.480+0000] {logging_mixin.py:188} INFO - [2024-02-02T15:20:25.480+0000] {dag.py:3036} INFO - Sync 1 DAGs
[2024-02-02T15:20:25.496+0000] {logging_mixin.py:188} INFO - [2024-02-02T15:20:25.495+0000] {dag.py:3823} INFO - Setting next_dagrun for example_sensors to None, run_after=None
[2024-02-02T15:20:25.523+0000] {processor.py:183} INFO - Processing /home/airflow/.local/lib/python3.8/site-packages/airflow/example_dags/example_sensors.py took 0.093 seconds
[2024-02-02T15:20:55.753+0000] {processor.py:161} INFO - Started process (PID=4010) to work on /home/airflow/.local/lib/python3.8/site-packages/airflow/example_dags/example_sensors.py
[2024-02-02T15:20:55.754+0000] {processor.py:830} INFO - Processing file /home/airflow/.local/lib/python3.8/site-packages/airflow/example_dags/example_sensors.py for tasks to queue
[2024-02-02T15:20:55.756+0000] {logging_mixin.py:188} INFO - [2024-02-02T15:20:55.755+0000] {dagbag.py:538} INFO - Filling up the DagBag from /home/airflow/.local/lib/python3.8/site-packages/airflow/example_dags/example_sensors.py
[2024-02-02T15:20:55.769+0000] {processor.py:840} INFO - DAG(s) 'example_sensors' retrieved from /home/airflow/.local/lib/python3.8/site-packages/airflow/example_dags/example_sensors.py
[2024-02-02T15:20:55.801+0000] {logging_mixin.py:188} INFO - [2024-02-02T15:20:55.801+0000] {dag.py:3036} INFO - Sync 1 DAGs
[2024-02-02T15:20:55.816+0000] {logging_mixin.py:188} INFO - [2024-02-02T15:20:55.816+0000] {dag.py:3823} INFO - Setting next_dagrun for example_sensors to None, run_after=None
[2024-02-02T15:20:55.844+0000] {processor.py:183} INFO - Processing /home/airflow/.local/lib/python3.8/site-packages/airflow/example_dags/example_sensors.py took 0.096 seconds
[2024-02-02T15:21:26.142+0000] {processor.py:161} INFO - Started process (PID=4257) to work on /home/airflow/.local/lib/python3.8/site-packages/airflow/example_dags/example_sensors.py
[2024-02-02T15:21:26.143+0000] {processor.py:830} INFO - Processing file /home/airflow/.local/lib/python3.8/site-packages/airflow/example_dags/example_sensors.py for tasks to queue
[2024-02-02T15:21:26.145+0000] {logging_mixin.py:188} INFO - [2024-02-02T15:21:26.144+0000] {dagbag.py:538} INFO - Filling up the DagBag from /home/airflow/.local/lib/python3.8/site-packages/airflow/example_dags/example_sensors.py
[2024-02-02T15:21:26.159+0000] {processor.py:840} INFO - DAG(s) 'example_sensors' retrieved from /home/airflow/.local/lib/python3.8/site-packages/airflow/example_dags/example_sensors.py
[2024-02-02T15:21:26.191+0000] {logging_mixin.py:188} INFO - [2024-02-02T15:21:26.191+0000] {dag.py:3036} INFO - Sync 1 DAGs
[2024-02-02T15:21:26.207+0000] {logging_mixin.py:188} INFO - [2024-02-02T15:21:26.207+0000] {dag.py:3823} INFO - Setting next_dagrun for example_sensors to None, run_after=None
[2024-02-02T15:21:26.232+0000] {processor.py:183} INFO - Processing /home/airflow/.local/lib/python3.8/site-packages/airflow/example_dags/example_sensors.py took 0.095 seconds
[2024-02-02T15:21:56.422+0000] {processor.py:161} INFO - Started process (PID=4504) to work on /home/airflow/.local/lib/python3.8/site-packages/airflow/example_dags/example_sensors.py
[2024-02-02T15:21:56.424+0000] {processor.py:830} INFO - Processing file /home/airflow/.local/lib/python3.8/site-packages/airflow/example_dags/example_sensors.py for tasks to queue
[2024-02-02T15:21:56.425+0000] {logging_mixin.py:188} INFO - [2024-02-02T15:21:56.425+0000] {dagbag.py:538} INFO - Filling up the DagBag from /home/airflow/.local/lib/python3.8/site-packages/airflow/example_dags/example_sensors.py
[2024-02-02T15:21:56.438+0000] {processor.py:840} INFO - DAG(s) 'example_sensors' retrieved from /home/airflow/.local/lib/python3.8/site-packages/airflow/example_dags/example_sensors.py
[2024-02-02T15:21:56.471+0000] {logging_mixin.py:188} INFO - [2024-02-02T15:21:56.471+0000] {dag.py:3036} INFO - Sync 1 DAGs
[2024-02-02T15:21:56.487+0000] {logging_mixin.py:188} INFO - [2024-02-02T15:21:56.487+0000] {dag.py:3823} INFO - Setting next_dagrun for example_sensors to None, run_after=None
[2024-02-02T15:21:56.512+0000] {processor.py:183} INFO - Processing /home/airflow/.local/lib/python3.8/site-packages/airflow/example_dags/example_sensors.py took 0.094 seconds
[2024-02-02T15:22:26.898+0000] {processor.py:161} INFO - Started process (PID=4751) to work on /home/airflow/.local/lib/python3.8/site-packages/airflow/example_dags/example_sensors.py
[2024-02-02T15:22:26.899+0000] {processor.py:830} INFO - Processing file /home/airflow/.local/lib/python3.8/site-packages/airflow/example_dags/example_sensors.py for tasks to queue
[2024-02-02T15:22:26.901+0000] {logging_mixin.py:188} INFO - [2024-02-02T15:22:26.901+0000] {dagbag.py:538} INFO - Filling up the DagBag from /home/airflow/.local/lib/python3.8/site-packages/airflow/example_dags/example_sensors.py
[2024-02-02T15:22:26.915+0000] {processor.py:840} INFO - DAG(s) 'example_sensors' retrieved from /home/airflow/.local/lib/python3.8/site-packages/airflow/example_dags/example_sensors.py
[2024-02-02T15:22:26.949+0000] {logging_mixin.py:188} INFO - [2024-02-02T15:22:26.949+0000] {dag.py:3036} INFO - Sync 1 DAGs
[2024-02-02T15:22:26.966+0000] {logging_mixin.py:188} INFO - [2024-02-02T15:22:26.965+0000] {dag.py:3823} INFO - Setting next_dagrun for example_sensors to None, run_after=None
[2024-02-02T15:22:26.991+0000] {processor.py:183} INFO - Processing /home/airflow/.local/lib/python3.8/site-packages/airflow/example_dags/example_sensors.py took 0.098 seconds
[2024-02-02T15:22:57.930+0000] {processor.py:161} INFO - Started process (PID=4998) to work on /home/airflow/.local/lib/python3.8/site-packages/airflow/example_dags/example_sensors.py
[2024-02-02T15:22:57.932+0000] {processor.py:830} INFO - Processing file /home/airflow/.local/lib/python3.8/site-packages/airflow/example_dags/example_sensors.py for tasks to queue
[2024-02-02T15:22:57.934+0000] {logging_mixin.py:188} INFO - [2024-02-02T15:22:57.933+0000] {dagbag.py:538} INFO - Filling up the DagBag from /home/airflow/.local/lib/python3.8/site-packages/airflow/example_dags/example_sensors.py
[2024-02-02T15:22:57.946+0000] {processor.py:840} INFO - DAG(s) 'example_sensors' retrieved from /home/airflow/.local/lib/python3.8/site-packages/airflow/example_dags/example_sensors.py
[2024-02-02T15:22:57.981+0000] {logging_mixin.py:188} INFO - [2024-02-02T15:22:57.981+0000] {dag.py:3036} INFO - Sync 1 DAGs
[2024-02-02T15:22:57.997+0000] {logging_mixin.py:188} INFO - [2024-02-02T15:22:57.997+0000] {dag.py:3823} INFO - Setting next_dagrun for example_sensors to None, run_after=None
[2024-02-02T15:22:58.022+0000] {processor.py:183} INFO - Processing /home/airflow/.local/lib/python3.8/site-packages/airflow/example_dags/example_sensors.py took 0.097 seconds
[2024-02-02T15:23:28.653+0000] {processor.py:161} INFO - Started process (PID=5245) to work on /home/airflow/.local/lib/python3.8/site-packages/airflow/example_dags/example_sensors.py
[2024-02-02T15:23:28.654+0000] {processor.py:830} INFO - Processing file /home/airflow/.local/lib/python3.8/site-packages/airflow/example_dags/example_sensors.py for tasks to queue
[2024-02-02T15:23:28.656+0000] {logging_mixin.py:188} INFO - [2024-02-02T15:23:28.655+0000] {dagbag.py:538} INFO - Filling up the DagBag from /home/airflow/.local/lib/python3.8/site-packages/airflow/example_dags/example_sensors.py
[2024-02-02T15:23:28.668+0000] {processor.py:840} INFO - DAG(s) 'example_sensors' retrieved from /home/airflow/.local/lib/python3.8/site-packages/airflow/example_dags/example_sensors.py
[2024-02-02T15:23:28.699+0000] {logging_mixin.py:188} INFO - [2024-02-02T15:23:28.699+0000] {dag.py:3036} INFO - Sync 1 DAGs
[2024-02-02T15:23:28.718+0000] {logging_mixin.py:188} INFO - [2024-02-02T15:23:28.717+0000] {dag.py:3823} INFO - Setting next_dagrun for example_sensors to None, run_after=None
[2024-02-02T15:23:28.749+0000] {processor.py:183} INFO - Processing /home/airflow/.local/lib/python3.8/site-packages/airflow/example_dags/example_sensors.py took 0.100 seconds
[2024-02-02T15:23:59.034+0000] {processor.py:161} INFO - Started process (PID=5492) to work on /home/airflow/.local/lib/python3.8/site-packages/airflow/example_dags/example_sensors.py
[2024-02-02T15:23:59.035+0000] {processor.py:830} INFO - Processing file /home/airflow/.local/lib/python3.8/site-packages/airflow/example_dags/example_sensors.py for tasks to queue
[2024-02-02T15:23:59.037+0000] {logging_mixin.py:188} INFO - [2024-02-02T15:23:59.037+0000] {dagbag.py:538} INFO - Filling up the DagBag from /home/airflow/.local/lib/python3.8/site-packages/airflow/example_dags/example_sensors.py
[2024-02-02T15:23:59.051+0000] {processor.py:840} INFO - DAG(s) 'example_sensors' retrieved from /home/airflow/.local/lib/python3.8/site-packages/airflow/example_dags/example_sensors.py
[2024-02-02T15:23:59.086+0000] {logging_mixin.py:188} INFO - [2024-02-02T15:23:59.085+0000] {dag.py:3036} INFO - Sync 1 DAGs
[2024-02-02T15:23:59.106+0000] {logging_mixin.py:188} INFO - [2024-02-02T15:23:59.105+0000] {dag.py:3823} INFO - Setting next_dagrun for example_sensors to None, run_after=None
[2024-02-02T15:23:59.135+0000] {processor.py:183} INFO - Processing /home/airflow/.local/lib/python3.8/site-packages/airflow/example_dags/example_sensors.py took 0.107 seconds
[2024-02-02T15:24:29.181+0000] {processor.py:161} INFO - Started process (PID=5736) to work on /home/airflow/.local/lib/python3.8/site-packages/airflow/example_dags/example_sensors.py
[2024-02-02T15:24:29.182+0000] {processor.py:830} INFO - Processing file /home/airflow/.local/lib/python3.8/site-packages/airflow/example_dags/example_sensors.py for tasks to queue
[2024-02-02T15:24:29.184+0000] {logging_mixin.py:188} INFO - [2024-02-02T15:24:29.184+0000] {dagbag.py:538} INFO - Filling up the DagBag from /home/airflow/.local/lib/python3.8/site-packages/airflow/example_dags/example_sensors.py
[2024-02-02T15:24:29.197+0000] {processor.py:840} INFO - DAG(s) 'example_sensors' retrieved from /home/airflow/.local/lib/python3.8/site-packages/airflow/example_dags/example_sensors.py
[2024-02-02T15:24:29.226+0000] {logging_mixin.py:188} INFO - [2024-02-02T15:24:29.226+0000] {dag.py:3036} INFO - Sync 1 DAGs
[2024-02-02T15:24:29.241+0000] {logging_mixin.py:188} INFO - [2024-02-02T15:24:29.240+0000] {dag.py:3823} INFO - Setting next_dagrun for example_sensors to None, run_after=None
[2024-02-02T15:24:29.263+0000] {processor.py:183} INFO - Processing /home/airflow/.local/lib/python3.8/site-packages/airflow/example_dags/example_sensors.py took 0.086 seconds
[2024-02-02T15:24:59.330+0000] {processor.py:161} INFO - Started process (PID=5981) to work on /home/airflow/.local/lib/python3.8/site-packages/airflow/example_dags/example_sensors.py
[2024-02-02T15:24:59.331+0000] {processor.py:830} INFO - Processing file /home/airflow/.local/lib/python3.8/site-packages/airflow/example_dags/example_sensors.py for tasks to queue
[2024-02-02T15:24:59.333+0000] {logging_mixin.py:188} INFO - [2024-02-02T15:24:59.333+0000] {dagbag.py:538} INFO - Filling up the DagBag from /home/airflow/.local/lib/python3.8/site-packages/airflow/example_dags/example_sensors.py
[2024-02-02T15:24:59.349+0000] {processor.py:840} INFO - DAG(s) 'example_sensors' retrieved from /home/airflow/.local/lib/python3.8/site-packages/airflow/example_dags/example_sensors.py
[2024-02-02T15:24:59.378+0000] {logging_mixin.py:188} INFO - [2024-02-02T15:24:59.377+0000] {dag.py:3036} INFO - Sync 1 DAGs
[2024-02-02T15:24:59.392+0000] {logging_mixin.py:188} INFO - [2024-02-02T15:24:59.392+0000] {dag.py:3823} INFO - Setting next_dagrun for example_sensors to None, run_after=None
[2024-02-02T15:24:59.415+0000] {processor.py:183} INFO - Processing /home/airflow/.local/lib/python3.8/site-packages/airflow/example_dags/example_sensors.py took 0.090 seconds
[2024-02-02T15:25:29.876+0000] {processor.py:161} INFO - Started process (PID=6236) to work on /home/airflow/.local/lib/python3.8/site-packages/airflow/example_dags/example_sensors.py
[2024-02-02T15:25:29.877+0000] {processor.py:830} INFO - Processing file /home/airflow/.local/lib/python3.8/site-packages/airflow/example_dags/example_sensors.py for tasks to queue
[2024-02-02T15:25:29.878+0000] {logging_mixin.py:188} INFO - [2024-02-02T15:25:29.878+0000] {dagbag.py:538} INFO - Filling up the DagBag from /home/airflow/.local/lib/python3.8/site-packages/airflow/example_dags/example_sensors.py
[2024-02-02T15:25:29.889+0000] {processor.py:840} INFO - DAG(s) 'example_sensors' retrieved from /home/airflow/.local/lib/python3.8/site-packages/airflow/example_dags/example_sensors.py
[2024-02-02T15:25:29.918+0000] {logging_mixin.py:188} INFO - [2024-02-02T15:25:29.917+0000] {dag.py:3036} INFO - Sync 1 DAGs
[2024-02-02T15:25:29.932+0000] {logging_mixin.py:188} INFO - [2024-02-02T15:25:29.932+0000] {dag.py:3823} INFO - Setting next_dagrun for example_sensors to None, run_after=None
[2024-02-02T15:25:29.955+0000] {processor.py:183} INFO - Processing /home/airflow/.local/lib/python3.8/site-packages/airflow/example_dags/example_sensors.py took 0.083 seconds
[2024-02-02T15:26:00.378+0000] {processor.py:161} INFO - Started process (PID=6481) to work on /home/airflow/.local/lib/python3.8/site-packages/airflow/example_dags/example_sensors.py
[2024-02-02T15:26:00.380+0000] {processor.py:830} INFO - Processing file /home/airflow/.local/lib/python3.8/site-packages/airflow/example_dags/example_sensors.py for tasks to queue
[2024-02-02T15:26:00.381+0000] {logging_mixin.py:188} INFO - [2024-02-02T15:26:00.381+0000] {dagbag.py:538} INFO - Filling up the DagBag from /home/airflow/.local/lib/python3.8/site-packages/airflow/example_dags/example_sensors.py
[2024-02-02T15:26:00.394+0000] {processor.py:840} INFO - DAG(s) 'example_sensors' retrieved from /home/airflow/.local/lib/python3.8/site-packages/airflow/example_dags/example_sensors.py
[2024-02-02T15:26:00.424+0000] {logging_mixin.py:188} INFO - [2024-02-02T15:26:00.424+0000] {dag.py:3036} INFO - Sync 1 DAGs
[2024-02-02T15:26:00.440+0000] {logging_mixin.py:188} INFO - [2024-02-02T15:26:00.439+0000] {dag.py:3823} INFO - Setting next_dagrun for example_sensors to None, run_after=None
[2024-02-02T15:26:00.467+0000] {processor.py:183} INFO - Processing /home/airflow/.local/lib/python3.8/site-packages/airflow/example_dags/example_sensors.py took 0.093 seconds
[2024-02-02T15:26:31.086+0000] {processor.py:161} INFO - Started process (PID=6728) to work on /home/airflow/.local/lib/python3.8/site-packages/airflow/example_dags/example_sensors.py
[2024-02-02T15:26:31.088+0000] {processor.py:830} INFO - Processing file /home/airflow/.local/lib/python3.8/site-packages/airflow/example_dags/example_sensors.py for tasks to queue
[2024-02-02T15:26:31.089+0000] {logging_mixin.py:188} INFO - [2024-02-02T15:26:31.089+0000] {dagbag.py:538} INFO - Filling up the DagBag from /home/airflow/.local/lib/python3.8/site-packages/airflow/example_dags/example_sensors.py
[2024-02-02T15:26:31.102+0000] {processor.py:840} INFO - DAG(s) 'example_sensors' retrieved from /home/airflow/.local/lib/python3.8/site-packages/airflow/example_dags/example_sensors.py
[2024-02-02T15:26:31.133+0000] {logging_mixin.py:188} INFO - [2024-02-02T15:26:31.132+0000] {dag.py:3036} INFO - Sync 1 DAGs
[2024-02-02T15:26:31.149+0000] {logging_mixin.py:188} INFO - [2024-02-02T15:26:31.149+0000] {dag.py:3823} INFO - Setting next_dagrun for example_sensors to None, run_after=None
[2024-02-02T15:26:31.176+0000] {processor.py:183} INFO - Processing /home/airflow/.local/lib/python3.8/site-packages/airflow/example_dags/example_sensors.py took 0.094 seconds
[2024-02-02T15:27:01.341+0000] {processor.py:161} INFO - Started process (PID=6975) to work on /home/airflow/.local/lib/python3.8/site-packages/airflow/example_dags/example_sensors.py
[2024-02-02T15:27:01.342+0000] {processor.py:830} INFO - Processing file /home/airflow/.local/lib/python3.8/site-packages/airflow/example_dags/example_sensors.py for tasks to queue
[2024-02-02T15:27:01.344+0000] {logging_mixin.py:188} INFO - [2024-02-02T15:27:01.343+0000] {dagbag.py:538} INFO - Filling up the DagBag from /home/airflow/.local/lib/python3.8/site-packages/airflow/example_dags/example_sensors.py
[2024-02-02T15:27:01.356+0000] {processor.py:840} INFO - DAG(s) 'example_sensors' retrieved from /home/airflow/.local/lib/python3.8/site-packages/airflow/example_dags/example_sensors.py
[2024-02-02T15:27:01.387+0000] {logging_mixin.py:188} INFO - [2024-02-02T15:27:01.387+0000] {dag.py:3036} INFO - Sync 1 DAGs
[2024-02-02T15:27:01.403+0000] {logging_mixin.py:188} INFO - [2024-02-02T15:27:01.403+0000] {dag.py:3823} INFO - Setting next_dagrun for example_sensors to None, run_after=None
[2024-02-02T15:27:01.431+0000] {processor.py:183} INFO - Processing /home/airflow/.local/lib/python3.8/site-packages/airflow/example_dags/example_sensors.py took 0.094 seconds
[2024-02-02T15:27:32.179+0000] {processor.py:161} INFO - Started process (PID=7222) to work on /home/airflow/.local/lib/python3.8/site-packages/airflow/example_dags/example_sensors.py
[2024-02-02T15:27:32.181+0000] {processor.py:830} INFO - Processing file /home/airflow/.local/lib/python3.8/site-packages/airflow/example_dags/example_sensors.py for tasks to queue
[2024-02-02T15:27:32.182+0000] {logging_mixin.py:188} INFO - [2024-02-02T15:27:32.182+0000] {dagbag.py:538} INFO - Filling up the DagBag from /home/airflow/.local/lib/python3.8/site-packages/airflow/example_dags/example_sensors.py
[2024-02-02T15:27:32.195+0000] {processor.py:840} INFO - DAG(s) 'example_sensors' retrieved from /home/airflow/.local/lib/python3.8/site-packages/airflow/example_dags/example_sensors.py
[2024-02-02T15:27:32.232+0000] {logging_mixin.py:188} INFO - [2024-02-02T15:27:32.231+0000] {dag.py:3036} INFO - Sync 1 DAGs
[2024-02-02T15:27:32.249+0000] {logging_mixin.py:188} INFO - [2024-02-02T15:27:32.248+0000] {dag.py:3823} INFO - Setting next_dagrun for example_sensors to None, run_after=None
[2024-02-02T15:27:32.281+0000] {processor.py:183} INFO - Processing /home/airflow/.local/lib/python3.8/site-packages/airflow/example_dags/example_sensors.py took 0.106 seconds
[2024-02-02T15:28:02.518+0000] {processor.py:161} INFO - Started process (PID=7469) to work on /home/airflow/.local/lib/python3.8/site-packages/airflow/example_dags/example_sensors.py
[2024-02-02T15:28:02.519+0000] {processor.py:830} INFO - Processing file /home/airflow/.local/lib/python3.8/site-packages/airflow/example_dags/example_sensors.py for tasks to queue
[2024-02-02T15:28:02.521+0000] {logging_mixin.py:188} INFO - [2024-02-02T15:28:02.520+0000] {dagbag.py:538} INFO - Filling up the DagBag from /home/airflow/.local/lib/python3.8/site-packages/airflow/example_dags/example_sensors.py
[2024-02-02T15:28:02.533+0000] {processor.py:840} INFO - DAG(s) 'example_sensors' retrieved from /home/airflow/.local/lib/python3.8/site-packages/airflow/example_dags/example_sensors.py
[2024-02-02T15:28:02.569+0000] {logging_mixin.py:188} INFO - [2024-02-02T15:28:02.569+0000] {dag.py:3036} INFO - Sync 1 DAGs
[2024-02-02T15:28:02.586+0000] {logging_mixin.py:188} INFO - [2024-02-02T15:28:02.585+0000] {dag.py:3823} INFO - Setting next_dagrun for example_sensors to None, run_after=None
[2024-02-02T15:28:02.616+0000] {processor.py:183} INFO - Processing /home/airflow/.local/lib/python3.8/site-packages/airflow/example_dags/example_sensors.py took 0.103 seconds
[2024-02-02T15:28:32.907+0000] {processor.py:161} INFO - Started process (PID=7716) to work on /home/airflow/.local/lib/python3.8/site-packages/airflow/example_dags/example_sensors.py
[2024-02-02T15:28:32.909+0000] {processor.py:830} INFO - Processing file /home/airflow/.local/lib/python3.8/site-packages/airflow/example_dags/example_sensors.py for tasks to queue
[2024-02-02T15:28:32.911+0000] {logging_mixin.py:188} INFO - [2024-02-02T15:28:32.910+0000] {dagbag.py:538} INFO - Filling up the DagBag from /home/airflow/.local/lib/python3.8/site-packages/airflow/example_dags/example_sensors.py
[2024-02-02T15:28:32.928+0000] {processor.py:840} INFO - DAG(s) 'example_sensors' retrieved from /home/airflow/.local/lib/python3.8/site-packages/airflow/example_dags/example_sensors.py
[2024-02-02T15:28:32.970+0000] {logging_mixin.py:188} INFO - [2024-02-02T15:28:32.970+0000] {dag.py:3036} INFO - Sync 1 DAGs
[2024-02-02T15:28:32.990+0000] {logging_mixin.py:188} INFO - [2024-02-02T15:28:32.990+0000] {dag.py:3823} INFO - Setting next_dagrun for example_sensors to None, run_after=None
[2024-02-02T15:28:33.022+0000] {processor.py:183} INFO - Processing /home/airflow/.local/lib/python3.8/site-packages/airflow/example_dags/example_sensors.py took 0.122 seconds
[2024-02-02T15:29:03.368+0000] {processor.py:161} INFO - Started process (PID=7963) to work on /home/airflow/.local/lib/python3.8/site-packages/airflow/example_dags/example_sensors.py
[2024-02-02T15:29:03.369+0000] {processor.py:830} INFO - Processing file /home/airflow/.local/lib/python3.8/site-packages/airflow/example_dags/example_sensors.py for tasks to queue
[2024-02-02T15:29:03.371+0000] {logging_mixin.py:188} INFO - [2024-02-02T15:29:03.371+0000] {dagbag.py:538} INFO - Filling up the DagBag from /home/airflow/.local/lib/python3.8/site-packages/airflow/example_dags/example_sensors.py
[2024-02-02T15:29:03.385+0000] {processor.py:840} INFO - DAG(s) 'example_sensors' retrieved from /home/airflow/.local/lib/python3.8/site-packages/airflow/example_dags/example_sensors.py
[2024-02-02T15:29:03.412+0000] {logging_mixin.py:188} INFO - [2024-02-02T15:29:03.411+0000] {dag.py:3036} INFO - Sync 1 DAGs
[2024-02-02T15:29:03.427+0000] {logging_mixin.py:188} INFO - [2024-02-02T15:29:03.427+0000] {dag.py:3823} INFO - Setting next_dagrun for example_sensors to None, run_after=None
[2024-02-02T15:29:03.448+0000] {processor.py:183} INFO - Processing /home/airflow/.local/lib/python3.8/site-packages/airflow/example_dags/example_sensors.py took 0.086 seconds
[2024-02-02T15:29:33.690+0000] {processor.py:161} INFO - Started process (PID=8210) to work on /home/airflow/.local/lib/python3.8/site-packages/airflow/example_dags/example_sensors.py
[2024-02-02T15:29:33.692+0000] {processor.py:830} INFO - Processing file /home/airflow/.local/lib/python3.8/site-packages/airflow/example_dags/example_sensors.py for tasks to queue
[2024-02-02T15:29:33.693+0000] {logging_mixin.py:188} INFO - [2024-02-02T15:29:33.693+0000] {dagbag.py:538} INFO - Filling up the DagBag from /home/airflow/.local/lib/python3.8/site-packages/airflow/example_dags/example_sensors.py
[2024-02-02T15:29:33.708+0000] {processor.py:840} INFO - DAG(s) 'example_sensors' retrieved from /home/airflow/.local/lib/python3.8/site-packages/airflow/example_dags/example_sensors.py
[2024-02-02T15:29:33.737+0000] {logging_mixin.py:188} INFO - [2024-02-02T15:29:33.737+0000] {dag.py:3036} INFO - Sync 1 DAGs
[2024-02-02T15:29:33.753+0000] {logging_mixin.py:188} INFO - [2024-02-02T15:29:33.753+0000] {dag.py:3823} INFO - Setting next_dagrun for example_sensors to None, run_after=None
[2024-02-02T15:29:33.776+0000] {processor.py:183} INFO - Processing /home/airflow/.local/lib/python3.8/site-packages/airflow/example_dags/example_sensors.py took 0.091 seconds
[2024-02-02T15:30:04.278+0000] {processor.py:161} INFO - Started process (PID=8457) to work on /home/airflow/.local/lib/python3.8/site-packages/airflow/example_dags/example_sensors.py
[2024-02-02T15:30:04.280+0000] {processor.py:830} INFO - Processing file /home/airflow/.local/lib/python3.8/site-packages/airflow/example_dags/example_sensors.py for tasks to queue
[2024-02-02T15:30:04.281+0000] {logging_mixin.py:188} INFO - [2024-02-02T15:30:04.281+0000] {dagbag.py:538} INFO - Filling up the DagBag from /home/airflow/.local/lib/python3.8/site-packages/airflow/example_dags/example_sensors.py
[2024-02-02T15:30:04.293+0000] {processor.py:840} INFO - DAG(s) 'example_sensors' retrieved from /home/airflow/.local/lib/python3.8/site-packages/airflow/example_dags/example_sensors.py
[2024-02-02T15:30:04.325+0000] {logging_mixin.py:188} INFO - [2024-02-02T15:30:04.325+0000] {dag.py:3036} INFO - Sync 1 DAGs
[2024-02-02T15:30:04.341+0000] {logging_mixin.py:188} INFO - [2024-02-02T15:30:04.341+0000] {dag.py:3823} INFO - Setting next_dagrun for example_sensors to None, run_after=None
[2024-02-02T15:30:04.369+0000] {processor.py:183} INFO - Processing /home/airflow/.local/lib/python3.8/site-packages/airflow/example_dags/example_sensors.py took 0.095 seconds
[2024-02-02T15:30:34.550+0000] {processor.py:161} INFO - Started process (PID=8704) to work on /home/airflow/.local/lib/python3.8/site-packages/airflow/example_dags/example_sensors.py
[2024-02-02T15:30:34.552+0000] {processor.py:830} INFO - Processing file /home/airflow/.local/lib/python3.8/site-packages/airflow/example_dags/example_sensors.py for tasks to queue
[2024-02-02T15:30:34.553+0000] {logging_mixin.py:188} INFO - [2024-02-02T15:30:34.553+0000] {dagbag.py:538} INFO - Filling up the DagBag from /home/airflow/.local/lib/python3.8/site-packages/airflow/example_dags/example_sensors.py
[2024-02-02T15:30:34.566+0000] {processor.py:840} INFO - DAG(s) 'example_sensors' retrieved from /home/airflow/.local/lib/python3.8/site-packages/airflow/example_dags/example_sensors.py
[2024-02-02T15:30:34.596+0000] {logging_mixin.py:188} INFO - [2024-02-02T15:30:34.595+0000] {dag.py:3036} INFO - Sync 1 DAGs
[2024-02-02T15:30:34.612+0000] {logging_mixin.py:188} INFO - [2024-02-02T15:30:34.612+0000] {dag.py:3823} INFO - Setting next_dagrun for example_sensors to None, run_after=None
[2024-02-02T15:30:34.635+0000] {processor.py:183} INFO - Processing /home/airflow/.local/lib/python3.8/site-packages/airflow/example_dags/example_sensors.py took 0.089 seconds
[2024-02-02T15:31:04.898+0000] {processor.py:161} INFO - Started process (PID=8951) to work on /home/airflow/.local/lib/python3.8/site-packages/airflow/example_dags/example_sensors.py
[2024-02-02T15:31:04.899+0000] {processor.py:830} INFO - Processing file /home/airflow/.local/lib/python3.8/site-packages/airflow/example_dags/example_sensors.py for tasks to queue
[2024-02-02T15:31:04.901+0000] {logging_mixin.py:188} INFO - [2024-02-02T15:31:04.901+0000] {dagbag.py:538} INFO - Filling up the DagBag from /home/airflow/.local/lib/python3.8/site-packages/airflow/example_dags/example_sensors.py
[2024-02-02T15:31:04.915+0000] {processor.py:840} INFO - DAG(s) 'example_sensors' retrieved from /home/airflow/.local/lib/python3.8/site-packages/airflow/example_dags/example_sensors.py
[2024-02-02T15:31:04.941+0000] {logging_mixin.py:188} INFO - [2024-02-02T15:31:04.941+0000] {dag.py:3036} INFO - Sync 1 DAGs
[2024-02-02T15:31:04.955+0000] {logging_mixin.py:188} INFO - [2024-02-02T15:31:04.955+0000] {dag.py:3823} INFO - Setting next_dagrun for example_sensors to None, run_after=None
[2024-02-02T15:31:04.981+0000] {processor.py:183} INFO - Processing /home/airflow/.local/lib/python3.8/site-packages/airflow/example_dags/example_sensors.py took 0.087 seconds
[2024-02-02T15:31:35.176+0000] {processor.py:161} INFO - Started process (PID=9198) to work on /home/airflow/.local/lib/python3.8/site-packages/airflow/example_dags/example_sensors.py
[2024-02-02T15:31:35.178+0000] {processor.py:830} INFO - Processing file /home/airflow/.local/lib/python3.8/site-packages/airflow/example_dags/example_sensors.py for tasks to queue
[2024-02-02T15:31:35.180+0000] {logging_mixin.py:188} INFO - [2024-02-02T15:31:35.179+0000] {dagbag.py:538} INFO - Filling up the DagBag from /home/airflow/.local/lib/python3.8/site-packages/airflow/example_dags/example_sensors.py
[2024-02-02T15:31:35.194+0000] {processor.py:840} INFO - DAG(s) 'example_sensors' retrieved from /home/airflow/.local/lib/python3.8/site-packages/airflow/example_dags/example_sensors.py
[2024-02-02T15:31:35.224+0000] {logging_mixin.py:188} INFO - [2024-02-02T15:31:35.224+0000] {dag.py:3036} INFO - Sync 1 DAGs
[2024-02-02T15:31:35.240+0000] {logging_mixin.py:188} INFO - [2024-02-02T15:31:35.239+0000] {dag.py:3823} INFO - Setting next_dagrun for example_sensors to None, run_after=None
[2024-02-02T15:31:35.267+0000] {processor.py:183} INFO - Processing /home/airflow/.local/lib/python3.8/site-packages/airflow/example_dags/example_sensors.py took 0.094 seconds
[2024-02-02T15:32:05.550+0000] {processor.py:161} INFO - Started process (PID=9445) to work on /home/airflow/.local/lib/python3.8/site-packages/airflow/example_dags/example_sensors.py
[2024-02-02T15:32:05.552+0000] {processor.py:830} INFO - Processing file /home/airflow/.local/lib/python3.8/site-packages/airflow/example_dags/example_sensors.py for tasks to queue
[2024-02-02T15:32:05.554+0000] {logging_mixin.py:188} INFO - [2024-02-02T15:32:05.553+0000] {dagbag.py:538} INFO - Filling up the DagBag from /home/airflow/.local/lib/python3.8/site-packages/airflow/example_dags/example_sensors.py
[2024-02-02T15:32:05.569+0000] {processor.py:840} INFO - DAG(s) 'example_sensors' retrieved from /home/airflow/.local/lib/python3.8/site-packages/airflow/example_dags/example_sensors.py
[2024-02-02T15:32:05.597+0000] {logging_mixin.py:188} INFO - [2024-02-02T15:32:05.597+0000] {dag.py:3036} INFO - Sync 1 DAGs
[2024-02-02T15:32:05.612+0000] {logging_mixin.py:188} INFO - [2024-02-02T15:32:05.612+0000] {dag.py:3823} INFO - Setting next_dagrun for example_sensors to None, run_after=None
[2024-02-02T15:32:05.635+0000] {processor.py:183} INFO - Processing /home/airflow/.local/lib/python3.8/site-packages/airflow/example_dags/example_sensors.py took 0.091 seconds
[2024-02-02T15:32:35.863+0000] {processor.py:161} INFO - Started process (PID=9694) to work on /home/airflow/.local/lib/python3.8/site-packages/airflow/example_dags/example_sensors.py
[2024-02-02T15:32:35.864+0000] {processor.py:830} INFO - Processing file /home/airflow/.local/lib/python3.8/site-packages/airflow/example_dags/example_sensors.py for tasks to queue
[2024-02-02T15:32:35.865+0000] {logging_mixin.py:188} INFO - [2024-02-02T15:32:35.865+0000] {dagbag.py:538} INFO - Filling up the DagBag from /home/airflow/.local/lib/python3.8/site-packages/airflow/example_dags/example_sensors.py
[2024-02-02T15:32:35.876+0000] {processor.py:840} INFO - DAG(s) 'example_sensors' retrieved from /home/airflow/.local/lib/python3.8/site-packages/airflow/example_dags/example_sensors.py
[2024-02-02T15:32:35.906+0000] {logging_mixin.py:188} INFO - [2024-02-02T15:32:35.905+0000] {dag.py:3036} INFO - Sync 1 DAGs
[2024-02-02T15:32:35.921+0000] {logging_mixin.py:188} INFO - [2024-02-02T15:32:35.920+0000] {dag.py:3823} INFO - Setting next_dagrun for example_sensors to None, run_after=None
[2024-02-02T15:32:35.945+0000] {processor.py:183} INFO - Processing /home/airflow/.local/lib/python3.8/site-packages/airflow/example_dags/example_sensors.py took 0.087 seconds
[2024-02-02T15:33:06.892+0000] {processor.py:161} INFO - Started process (PID=9939) to work on /home/airflow/.local/lib/python3.8/site-packages/airflow/example_dags/example_sensors.py
[2024-02-02T15:33:06.894+0000] {processor.py:830} INFO - Processing file /home/airflow/.local/lib/python3.8/site-packages/airflow/example_dags/example_sensors.py for tasks to queue
[2024-02-02T15:33:06.896+0000] {logging_mixin.py:188} INFO - [2024-02-02T15:33:06.895+0000] {dagbag.py:538} INFO - Filling up the DagBag from /home/airflow/.local/lib/python3.8/site-packages/airflow/example_dags/example_sensors.py
[2024-02-02T15:33:06.906+0000] {processor.py:840} INFO - DAG(s) 'example_sensors' retrieved from /home/airflow/.local/lib/python3.8/site-packages/airflow/example_dags/example_sensors.py
[2024-02-02T15:33:06.936+0000] {logging_mixin.py:188} INFO - [2024-02-02T15:33:06.936+0000] {dag.py:3036} INFO - Sync 1 DAGs
[2024-02-02T15:33:06.950+0000] {logging_mixin.py:188} INFO - [2024-02-02T15:33:06.950+0000] {dag.py:3823} INFO - Setting next_dagrun for example_sensors to None, run_after=None
[2024-02-02T15:33:06.973+0000] {processor.py:183} INFO - Processing /home/airflow/.local/lib/python3.8/site-packages/airflow/example_dags/example_sensors.py took 0.085 seconds
[2024-02-02T15:33:37.470+0000] {processor.py:161} INFO - Started process (PID=10180) to work on /home/airflow/.local/lib/python3.8/site-packages/airflow/example_dags/example_sensors.py
[2024-02-02T15:33:37.472+0000] {processor.py:830} INFO - Processing file /home/airflow/.local/lib/python3.8/site-packages/airflow/example_dags/example_sensors.py for tasks to queue
[2024-02-02T15:33:37.473+0000] {logging_mixin.py:188} INFO - [2024-02-02T15:33:37.473+0000] {dagbag.py:538} INFO - Filling up the DagBag from /home/airflow/.local/lib/python3.8/site-packages/airflow/example_dags/example_sensors.py
[2024-02-02T15:33:37.487+0000] {processor.py:840} INFO - DAG(s) 'example_sensors' retrieved from /home/airflow/.local/lib/python3.8/site-packages/airflow/example_dags/example_sensors.py
[2024-02-02T15:33:37.523+0000] {logging_mixin.py:188} INFO - [2024-02-02T15:33:37.522+0000] {dag.py:3036} INFO - Sync 1 DAGs
[2024-02-02T15:33:37.538+0000] {logging_mixin.py:188} INFO - [2024-02-02T15:33:37.538+0000] {dag.py:3823} INFO - Setting next_dagrun for example_sensors to None, run_after=None
[2024-02-02T15:33:37.563+0000] {processor.py:183} INFO - Processing /home/airflow/.local/lib/python3.8/site-packages/airflow/example_dags/example_sensors.py took 0.097 seconds
[2024-02-02T15:34:08.224+0000] {processor.py:161} INFO - Started process (PID=10427) to work on /home/airflow/.local/lib/python3.8/site-packages/airflow/example_dags/example_sensors.py
[2024-02-02T15:34:08.226+0000] {processor.py:830} INFO - Processing file /home/airflow/.local/lib/python3.8/site-packages/airflow/example_dags/example_sensors.py for tasks to queue
[2024-02-02T15:34:08.228+0000] {logging_mixin.py:188} INFO - [2024-02-02T15:34:08.227+0000] {dagbag.py:538} INFO - Filling up the DagBag from /home/airflow/.local/lib/python3.8/site-packages/airflow/example_dags/example_sensors.py
[2024-02-02T15:34:08.246+0000] {processor.py:840} INFO - DAG(s) 'example_sensors' retrieved from /home/airflow/.local/lib/python3.8/site-packages/airflow/example_dags/example_sensors.py
[2024-02-02T15:34:08.291+0000] {logging_mixin.py:188} INFO - [2024-02-02T15:34:08.290+0000] {dag.py:3036} INFO - Sync 1 DAGs
[2024-02-02T15:34:08.312+0000] {logging_mixin.py:188} INFO - [2024-02-02T15:34:08.312+0000] {dag.py:3823} INFO - Setting next_dagrun for example_sensors to None, run_after=None
[2024-02-02T15:34:08.348+0000] {processor.py:183} INFO - Processing /home/airflow/.local/lib/python3.8/site-packages/airflow/example_dags/example_sensors.py took 0.131 seconds
[2024-02-02T15:34:38.696+0000] {processor.py:161} INFO - Started process (PID=10674) to work on /home/airflow/.local/lib/python3.8/site-packages/airflow/example_dags/example_sensors.py
[2024-02-02T15:34:38.698+0000] {processor.py:830} INFO - Processing file /home/airflow/.local/lib/python3.8/site-packages/airflow/example_dags/example_sensors.py for tasks to queue
[2024-02-02T15:34:38.699+0000] {logging_mixin.py:188} INFO - [2024-02-02T15:34:38.699+0000] {dagbag.py:538} INFO - Filling up the DagBag from /home/airflow/.local/lib/python3.8/site-packages/airflow/example_dags/example_sensors.py
[2024-02-02T15:34:38.710+0000] {processor.py:840} INFO - DAG(s) 'example_sensors' retrieved from /home/airflow/.local/lib/python3.8/site-packages/airflow/example_dags/example_sensors.py
[2024-02-02T15:34:38.741+0000] {logging_mixin.py:188} INFO - [2024-02-02T15:34:38.741+0000] {dag.py:3036} INFO - Sync 1 DAGs
[2024-02-02T15:34:38.756+0000] {logging_mixin.py:188} INFO - [2024-02-02T15:34:38.756+0000] {dag.py:3823} INFO - Setting next_dagrun for example_sensors to None, run_after=None
[2024-02-02T15:34:38.780+0000] {processor.py:183} INFO - Processing /home/airflow/.local/lib/python3.8/site-packages/airflow/example_dags/example_sensors.py took 0.088 seconds
[2024-02-02T15:35:09.012+0000] {processor.py:161} INFO - Started process (PID=10921) to work on /home/airflow/.local/lib/python3.8/site-packages/airflow/example_dags/example_sensors.py
[2024-02-02T15:35:09.014+0000] {processor.py:830} INFO - Processing file /home/airflow/.local/lib/python3.8/site-packages/airflow/example_dags/example_sensors.py for tasks to queue
[2024-02-02T15:35:09.015+0000] {logging_mixin.py:188} INFO - [2024-02-02T15:35:09.015+0000] {dagbag.py:538} INFO - Filling up the DagBag from /home/airflow/.local/lib/python3.8/site-packages/airflow/example_dags/example_sensors.py
[2024-02-02T15:35:09.028+0000] {processor.py:840} INFO - DAG(s) 'example_sensors' retrieved from /home/airflow/.local/lib/python3.8/site-packages/airflow/example_dags/example_sensors.py
[2024-02-02T15:35:09.060+0000] {logging_mixin.py:188} INFO - [2024-02-02T15:35:09.060+0000] {dag.py:3036} INFO - Sync 1 DAGs
[2024-02-02T15:35:09.077+0000] {logging_mixin.py:188} INFO - [2024-02-02T15:35:09.076+0000] {dag.py:3823} INFO - Setting next_dagrun for example_sensors to None, run_after=None
[2024-02-02T15:35:09.103+0000] {processor.py:183} INFO - Processing /home/airflow/.local/lib/python3.8/site-packages/airflow/example_dags/example_sensors.py took 0.096 seconds
[2024-02-02T15:35:39.249+0000] {processor.py:161} INFO - Started process (PID=11168) to work on /home/airflow/.local/lib/python3.8/site-packages/airflow/example_dags/example_sensors.py
[2024-02-02T15:35:39.251+0000] {processor.py:830} INFO - Processing file /home/airflow/.local/lib/python3.8/site-packages/airflow/example_dags/example_sensors.py for tasks to queue
[2024-02-02T15:35:39.252+0000] {logging_mixin.py:188} INFO - [2024-02-02T15:35:39.252+0000] {dagbag.py:538} INFO - Filling up the DagBag from /home/airflow/.local/lib/python3.8/site-packages/airflow/example_dags/example_sensors.py
[2024-02-02T15:35:39.266+0000] {processor.py:840} INFO - DAG(s) 'example_sensors' retrieved from /home/airflow/.local/lib/python3.8/site-packages/airflow/example_dags/example_sensors.py
[2024-02-02T15:35:39.297+0000] {logging_mixin.py:188} INFO - [2024-02-02T15:35:39.297+0000] {dag.py:3036} INFO - Sync 1 DAGs
[2024-02-02T15:35:39.312+0000] {logging_mixin.py:188} INFO - [2024-02-02T15:35:39.311+0000] {dag.py:3823} INFO - Setting next_dagrun for example_sensors to None, run_after=None
[2024-02-02T15:35:39.335+0000] {processor.py:183} INFO - Processing /home/airflow/.local/lib/python3.8/site-packages/airflow/example_dags/example_sensors.py took 0.089 seconds
[2024-02-02T15:36:10.197+0000] {processor.py:161} INFO - Started process (PID=11415) to work on /home/airflow/.local/lib/python3.8/site-packages/airflow/example_dags/example_sensors.py
[2024-02-02T15:36:10.203+0000] {processor.py:830} INFO - Processing file /home/airflow/.local/lib/python3.8/site-packages/airflow/example_dags/example_sensors.py for tasks to queue
[2024-02-02T15:36:10.214+0000] {logging_mixin.py:188} INFO - [2024-02-02T15:36:10.211+0000] {dagbag.py:538} INFO - Filling up the DagBag from /home/airflow/.local/lib/python3.8/site-packages/airflow/example_dags/example_sensors.py
[2024-02-02T15:36:10.275+0000] {processor.py:840} INFO - DAG(s) 'example_sensors' retrieved from /home/airflow/.local/lib/python3.8/site-packages/airflow/example_dags/example_sensors.py
[2024-02-02T15:36:10.369+0000] {logging_mixin.py:188} INFO - [2024-02-02T15:36:10.367+0000] {dag.py:3036} INFO - Sync 1 DAGs
[2024-02-02T15:36:10.399+0000] {logging_mixin.py:188} INFO - [2024-02-02T15:36:10.399+0000] {dag.py:3823} INFO - Setting next_dagrun for example_sensors to None, run_after=None
[2024-02-02T15:36:10.420+0000] {processor.py:183} INFO - Processing /home/airflow/.local/lib/python3.8/site-packages/airflow/example_dags/example_sensors.py took 0.232 seconds
