[2024-02-02T15:13:17.479+0000] {processor.py:161} INFO - Started process (PID=231) to work on /home/airflow/.local/lib/python3.8/site-packages/airflow/example_dags/example_dag_decorator.py
[2024-02-02T15:13:17.481+0000] {processor.py:830} INFO - Processing file /home/airflow/.local/lib/python3.8/site-packages/airflow/example_dags/example_dag_decorator.py for tasks to queue
[2024-02-02T15:13:17.483+0000] {logging_mixin.py:188} INFO - [2024-02-02T15:13:17.483+0000] {dagbag.py:538} INFO - Filling up the DagBag from /home/airflow/.local/lib/python3.8/site-packages/airflow/example_dags/example_dag_decorator.py
[2024-02-02T15:13:17.780+0000] {processor.py:840} INFO - DAG(s) 'example_dag_decorator' retrieved from /home/airflow/.local/lib/python3.8/site-packages/airflow/example_dags/example_dag_decorator.py
[2024-02-02T15:13:17.794+0000] {logging_mixin.py:188} INFO - [2024-02-02T15:13:17.793+0000] {dag.py:3036} INFO - Sync 1 DAGs
[2024-02-02T15:13:17.815+0000] {logging_mixin.py:188} INFO - [2024-02-02T15:13:17.815+0000] {dag.py:3823} INFO - Setting next_dagrun for example_dag_decorator to None, run_after=None
[2024-02-02T15:13:17.844+0000] {processor.py:183} INFO - Processing /home/airflow/.local/lib/python3.8/site-packages/airflow/example_dags/example_dag_decorator.py took 0.368 seconds
[2024-02-02T15:13:49.075+0000] {processor.py:161} INFO - Started process (PID=480) to work on /home/airflow/.local/lib/python3.8/site-packages/airflow/example_dags/example_dag_decorator.py
[2024-02-02T15:13:49.076+0000] {processor.py:830} INFO - Processing file /home/airflow/.local/lib/python3.8/site-packages/airflow/example_dags/example_dag_decorator.py for tasks to queue
[2024-02-02T15:13:49.078+0000] {logging_mixin.py:188} INFO - [2024-02-02T15:13:49.078+0000] {dagbag.py:538} INFO - Filling up the DagBag from /home/airflow/.local/lib/python3.8/site-packages/airflow/example_dags/example_dag_decorator.py
[2024-02-02T15:13:49.202+0000] {processor.py:840} INFO - DAG(s) 'example_dag_decorator' retrieved from /home/airflow/.local/lib/python3.8/site-packages/airflow/example_dags/example_dag_decorator.py
[2024-02-02T15:13:49.368+0000] {logging_mixin.py:188} INFO - [2024-02-02T15:13:49.367+0000] {dag.py:3036} INFO - Sync 1 DAGs
[2024-02-02T15:13:49.393+0000] {logging_mixin.py:188} INFO - [2024-02-02T15:13:49.392+0000] {dag.py:3823} INFO - Setting next_dagrun for example_dag_decorator to None, run_after=None
[2024-02-02T15:13:49.433+0000] {processor.py:183} INFO - Processing /home/airflow/.local/lib/python3.8/site-packages/airflow/example_dags/example_dag_decorator.py took 0.363 seconds
[2024-02-02T15:14:20.103+0000] {processor.py:161} INFO - Started process (PID=727) to work on /home/airflow/.local/lib/python3.8/site-packages/airflow/example_dags/example_dag_decorator.py
[2024-02-02T15:14:20.105+0000] {processor.py:830} INFO - Processing file /home/airflow/.local/lib/python3.8/site-packages/airflow/example_dags/example_dag_decorator.py for tasks to queue
[2024-02-02T15:14:20.106+0000] {logging_mixin.py:188} INFO - [2024-02-02T15:14:20.106+0000] {dagbag.py:538} INFO - Filling up the DagBag from /home/airflow/.local/lib/python3.8/site-packages/airflow/example_dags/example_dag_decorator.py
[2024-02-02T15:14:20.261+0000] {processor.py:840} INFO - DAG(s) 'example_dag_decorator' retrieved from /home/airflow/.local/lib/python3.8/site-packages/airflow/example_dags/example_dag_decorator.py
[2024-02-02T15:14:20.423+0000] {logging_mixin.py:188} INFO - [2024-02-02T15:14:20.422+0000] {dag.py:3036} INFO - Sync 1 DAGs
[2024-02-02T15:14:20.439+0000] {logging_mixin.py:188} INFO - [2024-02-02T15:14:20.439+0000] {dag.py:3823} INFO - Setting next_dagrun for example_dag_decorator to None, run_after=None
[2024-02-02T15:14:20.466+0000] {processor.py:183} INFO - Processing /home/airflow/.local/lib/python3.8/site-packages/airflow/example_dags/example_dag_decorator.py took 0.370 seconds
[2024-02-02T15:14:50.633+0000] {processor.py:161} INFO - Started process (PID=974) to work on /home/airflow/.local/lib/python3.8/site-packages/airflow/example_dags/example_dag_decorator.py
[2024-02-02T15:14:50.635+0000] {processor.py:830} INFO - Processing file /home/airflow/.local/lib/python3.8/site-packages/airflow/example_dags/example_dag_decorator.py for tasks to queue
[2024-02-02T15:14:50.637+0000] {logging_mixin.py:188} INFO - [2024-02-02T15:14:50.636+0000] {dagbag.py:538} INFO - Filling up the DagBag from /home/airflow/.local/lib/python3.8/site-packages/airflow/example_dags/example_dag_decorator.py
[2024-02-02T15:14:50.769+0000] {processor.py:840} INFO - DAG(s) 'example_dag_decorator' retrieved from /home/airflow/.local/lib/python3.8/site-packages/airflow/example_dags/example_dag_decorator.py
[2024-02-02T15:14:50.901+0000] {logging_mixin.py:188} INFO - [2024-02-02T15:14:50.900+0000] {dag.py:3036} INFO - Sync 1 DAGs
[2024-02-02T15:14:50.914+0000] {logging_mixin.py:188} INFO - [2024-02-02T15:14:50.914+0000] {dag.py:3823} INFO - Setting next_dagrun for example_dag_decorator to None, run_after=None
[2024-02-02T15:14:50.940+0000] {processor.py:183} INFO - Processing /home/airflow/.local/lib/python3.8/site-packages/airflow/example_dags/example_dag_decorator.py took 0.310 seconds
[2024-02-02T15:15:21.092+0000] {processor.py:161} INFO - Started process (PID=1231) to work on /home/airflow/.local/lib/python3.8/site-packages/airflow/example_dags/example_dag_decorator.py
[2024-02-02T15:15:21.094+0000] {processor.py:830} INFO - Processing file /home/airflow/.local/lib/python3.8/site-packages/airflow/example_dags/example_dag_decorator.py for tasks to queue
[2024-02-02T15:15:21.095+0000] {logging_mixin.py:188} INFO - [2024-02-02T15:15:21.095+0000] {dagbag.py:538} INFO - Filling up the DagBag from /home/airflow/.local/lib/python3.8/site-packages/airflow/example_dags/example_dag_decorator.py
[2024-02-02T15:15:21.218+0000] {processor.py:840} INFO - DAG(s) 'example_dag_decorator' retrieved from /home/airflow/.local/lib/python3.8/site-packages/airflow/example_dags/example_dag_decorator.py
[2024-02-02T15:15:21.432+0000] {logging_mixin.py:188} INFO - [2024-02-02T15:15:21.431+0000] {dag.py:3036} INFO - Sync 1 DAGs
[2024-02-02T15:15:21.446+0000] {logging_mixin.py:188} INFO - [2024-02-02T15:15:21.446+0000] {dag.py:3823} INFO - Setting next_dagrun for example_dag_decorator to None, run_after=None
[2024-02-02T15:15:21.469+0000] {processor.py:183} INFO - Processing /home/airflow/.local/lib/python3.8/site-packages/airflow/example_dags/example_dag_decorator.py took 0.382 seconds
[2024-02-02T15:15:51.543+0000] {processor.py:161} INFO - Started process (PID=1483) to work on /home/airflow/.local/lib/python3.8/site-packages/airflow/example_dags/example_dag_decorator.py
[2024-02-02T15:15:51.545+0000] {processor.py:830} INFO - Processing file /home/airflow/.local/lib/python3.8/site-packages/airflow/example_dags/example_dag_decorator.py for tasks to queue
[2024-02-02T15:15:51.546+0000] {logging_mixin.py:188} INFO - [2024-02-02T15:15:51.546+0000] {dagbag.py:538} INFO - Filling up the DagBag from /home/airflow/.local/lib/python3.8/site-packages/airflow/example_dags/example_dag_decorator.py
[2024-02-02T15:15:51.709+0000] {processor.py:840} INFO - DAG(s) 'example_dag_decorator' retrieved from /home/airflow/.local/lib/python3.8/site-packages/airflow/example_dags/example_dag_decorator.py
[2024-02-02T15:15:51.935+0000] {logging_mixin.py:188} INFO - [2024-02-02T15:15:51.935+0000] {dag.py:3036} INFO - Sync 1 DAGs
[2024-02-02T15:15:51.960+0000] {logging_mixin.py:188} INFO - [2024-02-02T15:15:51.959+0000] {dag.py:3823} INFO - Setting next_dagrun for example_dag_decorator to None, run_after=None
[2024-02-02T15:15:51.995+0000] {processor.py:183} INFO - Processing /home/airflow/.local/lib/python3.8/site-packages/airflow/example_dags/example_dag_decorator.py took 0.458 seconds
[2024-02-02T15:16:22.051+0000] {processor.py:161} INFO - Started process (PID=1738) to work on /home/airflow/.local/lib/python3.8/site-packages/airflow/example_dags/example_dag_decorator.py
[2024-02-02T15:16:22.053+0000] {processor.py:830} INFO - Processing file /home/airflow/.local/lib/python3.8/site-packages/airflow/example_dags/example_dag_decorator.py for tasks to queue
[2024-02-02T15:16:22.054+0000] {logging_mixin.py:188} INFO - [2024-02-02T15:16:22.054+0000] {dagbag.py:538} INFO - Filling up the DagBag from /home/airflow/.local/lib/python3.8/site-packages/airflow/example_dags/example_dag_decorator.py
[2024-02-02T15:16:22.222+0000] {processor.py:840} INFO - DAG(s) 'example_dag_decorator' retrieved from /home/airflow/.local/lib/python3.8/site-packages/airflow/example_dags/example_dag_decorator.py
[2024-02-02T15:16:22.454+0000] {logging_mixin.py:188} INFO - [2024-02-02T15:16:22.453+0000] {dag.py:3036} INFO - Sync 1 DAGs
[2024-02-02T15:16:22.477+0000] {logging_mixin.py:188} INFO - [2024-02-02T15:16:22.476+0000] {dag.py:3823} INFO - Setting next_dagrun for example_dag_decorator to None, run_after=None
[2024-02-02T15:16:22.510+0000] {processor.py:183} INFO - Processing /home/airflow/.local/lib/python3.8/site-packages/airflow/example_dags/example_dag_decorator.py took 0.465 seconds
[2024-02-02T15:16:52.594+0000] {processor.py:161} INFO - Started process (PID=1992) to work on /home/airflow/.local/lib/python3.8/site-packages/airflow/example_dags/example_dag_decorator.py
[2024-02-02T15:16:52.595+0000] {processor.py:830} INFO - Processing file /home/airflow/.local/lib/python3.8/site-packages/airflow/example_dags/example_dag_decorator.py for tasks to queue
[2024-02-02T15:16:52.597+0000] {logging_mixin.py:188} INFO - [2024-02-02T15:16:52.596+0000] {dagbag.py:538} INFO - Filling up the DagBag from /home/airflow/.local/lib/python3.8/site-packages/airflow/example_dags/example_dag_decorator.py
[2024-02-02T15:16:52.725+0000] {processor.py:840} INFO - DAG(s) 'example_dag_decorator' retrieved from /home/airflow/.local/lib/python3.8/site-packages/airflow/example_dags/example_dag_decorator.py
[2024-02-02T15:16:52.865+0000] {logging_mixin.py:188} INFO - [2024-02-02T15:16:52.865+0000] {dag.py:3036} INFO - Sync 1 DAGs
[2024-02-02T15:16:52.881+0000] {logging_mixin.py:188} INFO - [2024-02-02T15:16:52.881+0000] {dag.py:3823} INFO - Setting next_dagrun for example_dag_decorator to None, run_after=None
[2024-02-02T15:16:52.910+0000] {processor.py:183} INFO - Processing /home/airflow/.local/lib/python3.8/site-packages/airflow/example_dags/example_dag_decorator.py took 0.322 seconds
[2024-02-02T15:17:22.963+0000] {processor.py:161} INFO - Started process (PID=2229) to work on /home/airflow/.local/lib/python3.8/site-packages/airflow/example_dags/example_dag_decorator.py
[2024-02-02T15:17:22.964+0000] {processor.py:830} INFO - Processing file /home/airflow/.local/lib/python3.8/site-packages/airflow/example_dags/example_dag_decorator.py for tasks to queue
[2024-02-02T15:17:22.966+0000] {logging_mixin.py:188} INFO - [2024-02-02T15:17:22.965+0000] {dagbag.py:538} INFO - Filling up the DagBag from /home/airflow/.local/lib/python3.8/site-packages/airflow/example_dags/example_dag_decorator.py
[2024-02-02T15:17:23.124+0000] {processor.py:840} INFO - DAG(s) 'example_dag_decorator' retrieved from /home/airflow/.local/lib/python3.8/site-packages/airflow/example_dags/example_dag_decorator.py
[2024-02-02T15:17:23.292+0000] {logging_mixin.py:188} INFO - [2024-02-02T15:17:23.292+0000] {dag.py:3036} INFO - Sync 1 DAGs
[2024-02-02T15:17:23.308+0000] {logging_mixin.py:188} INFO - [2024-02-02T15:17:23.308+0000] {dag.py:3823} INFO - Setting next_dagrun for example_dag_decorator to None, run_after=None
[2024-02-02T15:17:23.342+0000] {processor.py:183} INFO - Processing /home/airflow/.local/lib/python3.8/site-packages/airflow/example_dags/example_dag_decorator.py took 0.384 seconds
[2024-02-02T15:17:53.435+0000] {processor.py:161} INFO - Started process (PID=2479) to work on /home/airflow/.local/lib/python3.8/site-packages/airflow/example_dags/example_dag_decorator.py
[2024-02-02T15:17:53.437+0000] {processor.py:830} INFO - Processing file /home/airflow/.local/lib/python3.8/site-packages/airflow/example_dags/example_dag_decorator.py for tasks to queue
[2024-02-02T15:17:53.439+0000] {logging_mixin.py:188} INFO - [2024-02-02T15:17:53.438+0000] {dagbag.py:538} INFO - Filling up the DagBag from /home/airflow/.local/lib/python3.8/site-packages/airflow/example_dags/example_dag_decorator.py
[2024-02-02T15:17:53.572+0000] {processor.py:840} INFO - DAG(s) 'example_dag_decorator' retrieved from /home/airflow/.local/lib/python3.8/site-packages/airflow/example_dags/example_dag_decorator.py
[2024-02-02T15:17:53.732+0000] {logging_mixin.py:188} INFO - [2024-02-02T15:17:53.731+0000] {dag.py:3036} INFO - Sync 1 DAGs
[2024-02-02T15:17:53.752+0000] {logging_mixin.py:188} INFO - [2024-02-02T15:17:53.752+0000] {dag.py:3823} INFO - Setting next_dagrun for example_dag_decorator to None, run_after=None
[2024-02-02T15:17:53.782+0000] {processor.py:183} INFO - Processing /home/airflow/.local/lib/python3.8/site-packages/airflow/example_dags/example_dag_decorator.py took 0.354 seconds
[2024-02-02T15:18:23.861+0000] {processor.py:161} INFO - Started process (PID=2784) to work on /home/airflow/.local/lib/python3.8/site-packages/airflow/example_dags/example_dag_decorator.py
[2024-02-02T15:18:23.862+0000] {processor.py:830} INFO - Processing file /home/airflow/.local/lib/python3.8/site-packages/airflow/example_dags/example_dag_decorator.py for tasks to queue
[2024-02-02T15:18:23.865+0000] {logging_mixin.py:188} INFO - [2024-02-02T15:18:23.864+0000] {dagbag.py:538} INFO - Filling up the DagBag from /home/airflow/.local/lib/python3.8/site-packages/airflow/example_dags/example_dag_decorator.py
[2024-02-02T15:18:24.022+0000] {processor.py:840} INFO - DAG(s) 'example_dag_decorator' retrieved from /home/airflow/.local/lib/python3.8/site-packages/airflow/example_dags/example_dag_decorator.py
[2024-02-02T15:18:24.186+0000] {logging_mixin.py:188} INFO - [2024-02-02T15:18:24.185+0000] {dag.py:3036} INFO - Sync 1 DAGs
[2024-02-02T15:18:24.203+0000] {logging_mixin.py:188} INFO - [2024-02-02T15:18:24.203+0000] {dag.py:3823} INFO - Setting next_dagrun for example_dag_decorator to None, run_after=None
[2024-02-02T15:18:24.237+0000] {processor.py:183} INFO - Processing /home/airflow/.local/lib/python3.8/site-packages/airflow/example_dags/example_dag_decorator.py took 0.382 seconds
[2024-02-02T15:18:54.379+0000] {processor.py:161} INFO - Started process (PID=3031) to work on /home/airflow/.local/lib/python3.8/site-packages/airflow/example_dags/example_dag_decorator.py
[2024-02-02T15:18:54.381+0000] {processor.py:830} INFO - Processing file /home/airflow/.local/lib/python3.8/site-packages/airflow/example_dags/example_dag_decorator.py for tasks to queue
[2024-02-02T15:18:54.384+0000] {logging_mixin.py:188} INFO - [2024-02-02T15:18:54.383+0000] {dagbag.py:538} INFO - Filling up the DagBag from /home/airflow/.local/lib/python3.8/site-packages/airflow/example_dags/example_dag_decorator.py
[2024-02-02T15:18:54.535+0000] {processor.py:840} INFO - DAG(s) 'example_dag_decorator' retrieved from /home/airflow/.local/lib/python3.8/site-packages/airflow/example_dags/example_dag_decorator.py
[2024-02-02T15:18:54.672+0000] {logging_mixin.py:188} INFO - [2024-02-02T15:18:54.672+0000] {dag.py:3036} INFO - Sync 1 DAGs
[2024-02-02T15:18:54.685+0000] {logging_mixin.py:188} INFO - [2024-02-02T15:18:54.685+0000] {dag.py:3823} INFO - Setting next_dagrun for example_dag_decorator to None, run_after=None
[2024-02-02T15:18:54.715+0000] {processor.py:183} INFO - Processing /home/airflow/.local/lib/python3.8/site-packages/airflow/example_dags/example_dag_decorator.py took 0.342 seconds
[2024-02-02T15:19:24.845+0000] {processor.py:161} INFO - Started process (PID=3286) to work on /home/airflow/.local/lib/python3.8/site-packages/airflow/example_dags/example_dag_decorator.py
[2024-02-02T15:19:24.846+0000] {processor.py:830} INFO - Processing file /home/airflow/.local/lib/python3.8/site-packages/airflow/example_dags/example_dag_decorator.py for tasks to queue
[2024-02-02T15:19:24.848+0000] {logging_mixin.py:188} INFO - [2024-02-02T15:19:24.847+0000] {dagbag.py:538} INFO - Filling up the DagBag from /home/airflow/.local/lib/python3.8/site-packages/airflow/example_dags/example_dag_decorator.py
[2024-02-02T15:19:24.980+0000] {processor.py:840} INFO - DAG(s) 'example_dag_decorator' retrieved from /home/airflow/.local/lib/python3.8/site-packages/airflow/example_dags/example_dag_decorator.py
[2024-02-02T15:19:25.122+0000] {logging_mixin.py:188} INFO - [2024-02-02T15:19:25.121+0000] {dag.py:3036} INFO - Sync 1 DAGs
[2024-02-02T15:19:25.137+0000] {logging_mixin.py:188} INFO - [2024-02-02T15:19:25.137+0000] {dag.py:3823} INFO - Setting next_dagrun for example_dag_decorator to None, run_after=None
[2024-02-02T15:19:25.169+0000] {processor.py:183} INFO - Processing /home/airflow/.local/lib/python3.8/site-packages/airflow/example_dags/example_dag_decorator.py took 0.329 seconds
[2024-02-02T15:19:55.348+0000] {processor.py:161} INFO - Started process (PID=3533) to work on /home/airflow/.local/lib/python3.8/site-packages/airflow/example_dags/example_dag_decorator.py
[2024-02-02T15:19:55.350+0000] {processor.py:830} INFO - Processing file /home/airflow/.local/lib/python3.8/site-packages/airflow/example_dags/example_dag_decorator.py for tasks to queue
[2024-02-02T15:19:55.351+0000] {logging_mixin.py:188} INFO - [2024-02-02T15:19:55.351+0000] {dagbag.py:538} INFO - Filling up the DagBag from /home/airflow/.local/lib/python3.8/site-packages/airflow/example_dags/example_dag_decorator.py
[2024-02-02T15:19:55.479+0000] {processor.py:840} INFO - DAG(s) 'example_dag_decorator' retrieved from /home/airflow/.local/lib/python3.8/site-packages/airflow/example_dags/example_dag_decorator.py
[2024-02-02T15:19:55.617+0000] {logging_mixin.py:188} INFO - [2024-02-02T15:19:55.616+0000] {dag.py:3036} INFO - Sync 1 DAGs
[2024-02-02T15:19:55.631+0000] {logging_mixin.py:188} INFO - [2024-02-02T15:19:55.631+0000] {dag.py:3823} INFO - Setting next_dagrun for example_dag_decorator to None, run_after=None
[2024-02-02T15:19:55.663+0000] {processor.py:183} INFO - Processing /home/airflow/.local/lib/python3.8/site-packages/airflow/example_dags/example_dag_decorator.py took 0.319 seconds
[2024-02-02T15:20:25.825+0000] {processor.py:161} INFO - Started process (PID=3780) to work on /home/airflow/.local/lib/python3.8/site-packages/airflow/example_dags/example_dag_decorator.py
[2024-02-02T15:20:25.827+0000] {processor.py:830} INFO - Processing file /home/airflow/.local/lib/python3.8/site-packages/airflow/example_dags/example_dag_decorator.py for tasks to queue
[2024-02-02T15:20:25.828+0000] {logging_mixin.py:188} INFO - [2024-02-02T15:20:25.828+0000] {dagbag.py:538} INFO - Filling up the DagBag from /home/airflow/.local/lib/python3.8/site-packages/airflow/example_dags/example_dag_decorator.py
[2024-02-02T15:20:25.952+0000] {processor.py:840} INFO - DAG(s) 'example_dag_decorator' retrieved from /home/airflow/.local/lib/python3.8/site-packages/airflow/example_dags/example_dag_decorator.py
[2024-02-02T15:20:26.097+0000] {logging_mixin.py:188} INFO - [2024-02-02T15:20:26.097+0000] {dag.py:3036} INFO - Sync 1 DAGs
[2024-02-02T15:20:26.112+0000] {logging_mixin.py:188} INFO - [2024-02-02T15:20:26.112+0000] {dag.py:3823} INFO - Setting next_dagrun for example_dag_decorator to None, run_after=None
[2024-02-02T15:20:26.142+0000] {processor.py:183} INFO - Processing /home/airflow/.local/lib/python3.8/site-packages/airflow/example_dags/example_dag_decorator.py took 0.323 seconds
[2024-02-02T15:20:56.338+0000] {processor.py:161} INFO - Started process (PID=4037) to work on /home/airflow/.local/lib/python3.8/site-packages/airflow/example_dags/example_dag_decorator.py
[2024-02-02T15:20:56.340+0000] {processor.py:830} INFO - Processing file /home/airflow/.local/lib/python3.8/site-packages/airflow/example_dags/example_dag_decorator.py for tasks to queue
[2024-02-02T15:20:56.342+0000] {logging_mixin.py:188} INFO - [2024-02-02T15:20:56.341+0000] {dagbag.py:538} INFO - Filling up the DagBag from /home/airflow/.local/lib/python3.8/site-packages/airflow/example_dags/example_dag_decorator.py
[2024-02-02T15:20:56.461+0000] {processor.py:840} INFO - DAG(s) 'example_dag_decorator' retrieved from /home/airflow/.local/lib/python3.8/site-packages/airflow/example_dags/example_dag_decorator.py
[2024-02-02T15:20:56.597+0000] {logging_mixin.py:188} INFO - [2024-02-02T15:20:56.596+0000] {dag.py:3036} INFO - Sync 1 DAGs
[2024-02-02T15:20:56.611+0000] {logging_mixin.py:188} INFO - [2024-02-02T15:20:56.610+0000] {dag.py:3823} INFO - Setting next_dagrun for example_dag_decorator to None, run_after=None
[2024-02-02T15:20:56.634+0000] {processor.py:183} INFO - Processing /home/airflow/.local/lib/python3.8/site-packages/airflow/example_dags/example_dag_decorator.py took 0.300 seconds
[2024-02-02T15:21:26.764+0000] {processor.py:161} INFO - Started process (PID=4289) to work on /home/airflow/.local/lib/python3.8/site-packages/airflow/example_dags/example_dag_decorator.py
[2024-02-02T15:21:26.766+0000] {processor.py:830} INFO - Processing file /home/airflow/.local/lib/python3.8/site-packages/airflow/example_dags/example_dag_decorator.py for tasks to queue
[2024-02-02T15:21:26.767+0000] {logging_mixin.py:188} INFO - [2024-02-02T15:21:26.767+0000] {dagbag.py:538} INFO - Filling up the DagBag from /home/airflow/.local/lib/python3.8/site-packages/airflow/example_dags/example_dag_decorator.py
[2024-02-02T15:21:26.885+0000] {processor.py:840} INFO - DAG(s) 'example_dag_decorator' retrieved from /home/airflow/.local/lib/python3.8/site-packages/airflow/example_dags/example_dag_decorator.py
[2024-02-02T15:21:26.998+0000] {logging_mixin.py:188} INFO - [2024-02-02T15:21:26.998+0000] {dag.py:3036} INFO - Sync 1 DAGs
[2024-02-02T15:21:27.012+0000] {logging_mixin.py:188} INFO - [2024-02-02T15:21:27.011+0000] {dag.py:3823} INFO - Setting next_dagrun for example_dag_decorator to None, run_after=None
[2024-02-02T15:21:27.038+0000] {processor.py:183} INFO - Processing /home/airflow/.local/lib/python3.8/site-packages/airflow/example_dags/example_dag_decorator.py took 0.277 seconds
[2024-02-02T15:21:57.180+0000] {processor.py:161} INFO - Started process (PID=4541) to work on /home/airflow/.local/lib/python3.8/site-packages/airflow/example_dags/example_dag_decorator.py
[2024-02-02T15:21:57.182+0000] {processor.py:830} INFO - Processing file /home/airflow/.local/lib/python3.8/site-packages/airflow/example_dags/example_dag_decorator.py for tasks to queue
[2024-02-02T15:21:57.183+0000] {logging_mixin.py:188} INFO - [2024-02-02T15:21:57.183+0000] {dagbag.py:538} INFO - Filling up the DagBag from /home/airflow/.local/lib/python3.8/site-packages/airflow/example_dags/example_dag_decorator.py
[2024-02-02T15:21:57.284+0000] {processor.py:840} INFO - DAG(s) 'example_dag_decorator' retrieved from /home/airflow/.local/lib/python3.8/site-packages/airflow/example_dags/example_dag_decorator.py
[2024-02-02T15:21:57.394+0000] {logging_mixin.py:188} INFO - [2024-02-02T15:21:57.393+0000] {dag.py:3036} INFO - Sync 1 DAGs
[2024-02-02T15:21:57.405+0000] {logging_mixin.py:188} INFO - [2024-02-02T15:21:57.405+0000] {dag.py:3823} INFO - Setting next_dagrun for example_dag_decorator to None, run_after=None
[2024-02-02T15:21:57.438+0000] {processor.py:183} INFO - Processing /home/airflow/.local/lib/python3.8/site-packages/airflow/example_dags/example_dag_decorator.py took 0.264 seconds
[2024-02-02T15:22:28.387+0000] {processor.py:161} INFO - Started process (PID=4788) to work on /home/airflow/.local/lib/python3.8/site-packages/airflow/example_dags/example_dag_decorator.py
[2024-02-02T15:22:28.388+0000] {processor.py:830} INFO - Processing file /home/airflow/.local/lib/python3.8/site-packages/airflow/example_dags/example_dag_decorator.py for tasks to queue
[2024-02-02T15:22:28.390+0000] {logging_mixin.py:188} INFO - [2024-02-02T15:22:28.390+0000] {dagbag.py:538} INFO - Filling up the DagBag from /home/airflow/.local/lib/python3.8/site-packages/airflow/example_dags/example_dag_decorator.py
[2024-02-02T15:22:28.530+0000] {processor.py:840} INFO - DAG(s) 'example_dag_decorator' retrieved from /home/airflow/.local/lib/python3.8/site-packages/airflow/example_dags/example_dag_decorator.py
[2024-02-02T15:22:28.667+0000] {logging_mixin.py:188} INFO - [2024-02-02T15:22:28.666+0000] {dag.py:3036} INFO - Sync 1 DAGs
[2024-02-02T15:22:28.682+0000] {logging_mixin.py:188} INFO - [2024-02-02T15:22:28.681+0000] {dag.py:3823} INFO - Setting next_dagrun for example_dag_decorator to None, run_after=None
[2024-02-02T15:22:28.714+0000] {processor.py:183} INFO - Processing /home/airflow/.local/lib/python3.8/site-packages/airflow/example_dags/example_dag_decorator.py took 0.331 seconds
[2024-02-02T15:22:59.450+0000] {processor.py:161} INFO - Started process (PID=5041) to work on /home/airflow/.local/lib/python3.8/site-packages/airflow/example_dags/example_dag_decorator.py
[2024-02-02T15:22:59.451+0000] {processor.py:830} INFO - Processing file /home/airflow/.local/lib/python3.8/site-packages/airflow/example_dags/example_dag_decorator.py for tasks to queue
[2024-02-02T15:22:59.453+0000] {logging_mixin.py:188} INFO - [2024-02-02T15:22:59.452+0000] {dagbag.py:538} INFO - Filling up the DagBag from /home/airflow/.local/lib/python3.8/site-packages/airflow/example_dags/example_dag_decorator.py
[2024-02-02T15:22:59.574+0000] {processor.py:840} INFO - DAG(s) 'example_dag_decorator' retrieved from /home/airflow/.local/lib/python3.8/site-packages/airflow/example_dags/example_dag_decorator.py
[2024-02-02T15:22:59.705+0000] {logging_mixin.py:188} INFO - [2024-02-02T15:22:59.704+0000] {dag.py:3036} INFO - Sync 1 DAGs
[2024-02-02T15:22:59.719+0000] {logging_mixin.py:188} INFO - [2024-02-02T15:22:59.719+0000] {dag.py:3823} INFO - Setting next_dagrun for example_dag_decorator to None, run_after=None
[2024-02-02T15:22:59.747+0000] {processor.py:183} INFO - Processing /home/airflow/.local/lib/python3.8/site-packages/airflow/example_dags/example_dag_decorator.py took 0.301 seconds
[2024-02-02T15:23:30.261+0000] {processor.py:161} INFO - Started process (PID=5288) to work on /home/airflow/.local/lib/python3.8/site-packages/airflow/example_dags/example_dag_decorator.py
[2024-02-02T15:23:30.262+0000] {processor.py:830} INFO - Processing file /home/airflow/.local/lib/python3.8/site-packages/airflow/example_dags/example_dag_decorator.py for tasks to queue
[2024-02-02T15:23:30.264+0000] {logging_mixin.py:188} INFO - [2024-02-02T15:23:30.263+0000] {dagbag.py:538} INFO - Filling up the DagBag from /home/airflow/.local/lib/python3.8/site-packages/airflow/example_dags/example_dag_decorator.py
[2024-02-02T15:23:30.383+0000] {processor.py:840} INFO - DAG(s) 'example_dag_decorator' retrieved from /home/airflow/.local/lib/python3.8/site-packages/airflow/example_dags/example_dag_decorator.py
[2024-02-02T15:23:30.538+0000] {logging_mixin.py:188} INFO - [2024-02-02T15:23:30.538+0000] {dag.py:3036} INFO - Sync 1 DAGs
[2024-02-02T15:23:30.552+0000] {logging_mixin.py:188} INFO - [2024-02-02T15:23:30.552+0000] {dag.py:3823} INFO - Setting next_dagrun for example_dag_decorator to None, run_after=None
[2024-02-02T15:23:30.579+0000] {processor.py:183} INFO - Processing /home/airflow/.local/lib/python3.8/site-packages/airflow/example_dags/example_dag_decorator.py took 0.322 seconds
[2024-02-02T15:24:00.909+0000] {processor.py:161} INFO - Started process (PID=5535) to work on /home/airflow/.local/lib/python3.8/site-packages/airflow/example_dags/example_dag_decorator.py
[2024-02-02T15:24:00.911+0000] {processor.py:830} INFO - Processing file /home/airflow/.local/lib/python3.8/site-packages/airflow/example_dags/example_dag_decorator.py for tasks to queue
[2024-02-02T15:24:00.913+0000] {logging_mixin.py:188} INFO - [2024-02-02T15:24:00.912+0000] {dagbag.py:538} INFO - Filling up the DagBag from /home/airflow/.local/lib/python3.8/site-packages/airflow/example_dags/example_dag_decorator.py
[2024-02-02T15:24:01.047+0000] {processor.py:840} INFO - DAG(s) 'example_dag_decorator' retrieved from /home/airflow/.local/lib/python3.8/site-packages/airflow/example_dags/example_dag_decorator.py
[2024-02-02T15:24:01.193+0000] {logging_mixin.py:188} INFO - [2024-02-02T15:24:01.193+0000] {dag.py:3036} INFO - Sync 1 DAGs
[2024-02-02T15:24:01.210+0000] {logging_mixin.py:188} INFO - [2024-02-02T15:24:01.210+0000] {dag.py:3823} INFO - Setting next_dagrun for example_dag_decorator to None, run_after=None
[2024-02-02T15:24:01.242+0000] {processor.py:183} INFO - Processing /home/airflow/.local/lib/python3.8/site-packages/airflow/example_dags/example_dag_decorator.py took 0.337 seconds
[2024-02-02T15:24:31.355+0000] {processor.py:161} INFO - Started process (PID=5787) to work on /home/airflow/.local/lib/python3.8/site-packages/airflow/example_dags/example_dag_decorator.py
[2024-02-02T15:24:31.356+0000] {processor.py:830} INFO - Processing file /home/airflow/.local/lib/python3.8/site-packages/airflow/example_dags/example_dag_decorator.py for tasks to queue
[2024-02-02T15:24:31.358+0000] {logging_mixin.py:188} INFO - [2024-02-02T15:24:31.358+0000] {dagbag.py:538} INFO - Filling up the DagBag from /home/airflow/.local/lib/python3.8/site-packages/airflow/example_dags/example_dag_decorator.py
[2024-02-02T15:24:31.501+0000] {processor.py:840} INFO - DAG(s) 'example_dag_decorator' retrieved from /home/airflow/.local/lib/python3.8/site-packages/airflow/example_dags/example_dag_decorator.py
[2024-02-02T15:24:31.647+0000] {logging_mixin.py:188} INFO - [2024-02-02T15:24:31.646+0000] {dag.py:3036} INFO - Sync 1 DAGs
[2024-02-02T15:24:31.663+0000] {logging_mixin.py:188} INFO - [2024-02-02T15:24:31.662+0000] {dag.py:3823} INFO - Setting next_dagrun for example_dag_decorator to None, run_after=None
[2024-02-02T15:24:31.686+0000] {processor.py:183} INFO - Processing /home/airflow/.local/lib/python3.8/site-packages/airflow/example_dags/example_dag_decorator.py took 0.336 seconds
[2024-02-02T15:25:02.061+0000] {processor.py:161} INFO - Started process (PID=6029) to work on /home/airflow/.local/lib/python3.8/site-packages/airflow/example_dags/example_dag_decorator.py
[2024-02-02T15:25:02.062+0000] {processor.py:830} INFO - Processing file /home/airflow/.local/lib/python3.8/site-packages/airflow/example_dags/example_dag_decorator.py for tasks to queue
[2024-02-02T15:25:02.063+0000] {logging_mixin.py:188} INFO - [2024-02-02T15:25:02.063+0000] {dagbag.py:538} INFO - Filling up the DagBag from /home/airflow/.local/lib/python3.8/site-packages/airflow/example_dags/example_dag_decorator.py
[2024-02-02T15:25:02.196+0000] {processor.py:840} INFO - DAG(s) 'example_dag_decorator' retrieved from /home/airflow/.local/lib/python3.8/site-packages/airflow/example_dags/example_dag_decorator.py
[2024-02-02T15:25:02.357+0000] {logging_mixin.py:188} INFO - [2024-02-02T15:25:02.356+0000] {dag.py:3036} INFO - Sync 1 DAGs
[2024-02-02T15:25:02.373+0000] {logging_mixin.py:188} INFO - [2024-02-02T15:25:02.373+0000] {dag.py:3823} INFO - Setting next_dagrun for example_dag_decorator to None, run_after=None
[2024-02-02T15:25:02.404+0000] {processor.py:183} INFO - Processing /home/airflow/.local/lib/python3.8/site-packages/airflow/example_dags/example_dag_decorator.py took 0.347 seconds
[2024-02-02T15:25:32.496+0000] {processor.py:161} INFO - Started process (PID=6276) to work on /home/airflow/.local/lib/python3.8/site-packages/airflow/example_dags/example_dag_decorator.py
[2024-02-02T15:25:32.497+0000] {processor.py:830} INFO - Processing file /home/airflow/.local/lib/python3.8/site-packages/airflow/example_dags/example_dag_decorator.py for tasks to queue
[2024-02-02T15:25:32.498+0000] {logging_mixin.py:188} INFO - [2024-02-02T15:25:32.498+0000] {dagbag.py:538} INFO - Filling up the DagBag from /home/airflow/.local/lib/python3.8/site-packages/airflow/example_dags/example_dag_decorator.py
[2024-02-02T15:25:32.620+0000] {processor.py:840} INFO - DAG(s) 'example_dag_decorator' retrieved from /home/airflow/.local/lib/python3.8/site-packages/airflow/example_dags/example_dag_decorator.py
[2024-02-02T15:25:32.752+0000] {logging_mixin.py:188} INFO - [2024-02-02T15:25:32.752+0000] {dag.py:3036} INFO - Sync 1 DAGs
[2024-02-02T15:25:32.768+0000] {logging_mixin.py:188} INFO - [2024-02-02T15:25:32.768+0000] {dag.py:3823} INFO - Setting next_dagrun for example_dag_decorator to None, run_after=None
[2024-02-02T15:25:32.799+0000] {processor.py:183} INFO - Processing /home/airflow/.local/lib/python3.8/site-packages/airflow/example_dags/example_dag_decorator.py took 0.308 seconds
[2024-02-02T15:26:03.130+0000] {processor.py:161} INFO - Started process (PID=6523) to work on /home/airflow/.local/lib/python3.8/site-packages/airflow/example_dags/example_dag_decorator.py
[2024-02-02T15:26:03.131+0000] {processor.py:830} INFO - Processing file /home/airflow/.local/lib/python3.8/site-packages/airflow/example_dags/example_dag_decorator.py for tasks to queue
[2024-02-02T15:26:03.133+0000] {logging_mixin.py:188} INFO - [2024-02-02T15:26:03.133+0000] {dagbag.py:538} INFO - Filling up the DagBag from /home/airflow/.local/lib/python3.8/site-packages/airflow/example_dags/example_dag_decorator.py
[2024-02-02T15:26:03.253+0000] {processor.py:840} INFO - DAG(s) 'example_dag_decorator' retrieved from /home/airflow/.local/lib/python3.8/site-packages/airflow/example_dags/example_dag_decorator.py
[2024-02-02T15:26:03.390+0000] {logging_mixin.py:188} INFO - [2024-02-02T15:26:03.390+0000] {dag.py:3036} INFO - Sync 1 DAGs
[2024-02-02T15:26:03.404+0000] {logging_mixin.py:188} INFO - [2024-02-02T15:26:03.404+0000] {dag.py:3823} INFO - Setting next_dagrun for example_dag_decorator to None, run_after=None
[2024-02-02T15:26:03.432+0000] {processor.py:183} INFO - Processing /home/airflow/.local/lib/python3.8/site-packages/airflow/example_dags/example_dag_decorator.py took 0.306 seconds
[2024-02-02T15:26:33.828+0000] {processor.py:161} INFO - Started process (PID=6770) to work on /home/airflow/.local/lib/python3.8/site-packages/airflow/example_dags/example_dag_decorator.py
[2024-02-02T15:26:33.829+0000] {processor.py:830} INFO - Processing file /home/airflow/.local/lib/python3.8/site-packages/airflow/example_dags/example_dag_decorator.py for tasks to queue
[2024-02-02T15:26:33.831+0000] {logging_mixin.py:188} INFO - [2024-02-02T15:26:33.830+0000] {dagbag.py:538} INFO - Filling up the DagBag from /home/airflow/.local/lib/python3.8/site-packages/airflow/example_dags/example_dag_decorator.py
[2024-02-02T15:26:33.946+0000] {processor.py:840} INFO - DAG(s) 'example_dag_decorator' retrieved from /home/airflow/.local/lib/python3.8/site-packages/airflow/example_dags/example_dag_decorator.py
[2024-02-02T15:26:34.076+0000] {logging_mixin.py:188} INFO - [2024-02-02T15:26:34.076+0000] {dag.py:3036} INFO - Sync 1 DAGs
[2024-02-02T15:26:34.091+0000] {logging_mixin.py:188} INFO - [2024-02-02T15:26:34.091+0000] {dag.py:3823} INFO - Setting next_dagrun for example_dag_decorator to None, run_after=None
[2024-02-02T15:26:34.121+0000] {processor.py:183} INFO - Processing /home/airflow/.local/lib/python3.8/site-packages/airflow/example_dags/example_dag_decorator.py took 0.297 seconds
[2024-02-02T15:27:04.234+0000] {processor.py:161} INFO - Started process (PID=7022) to work on /home/airflow/.local/lib/python3.8/site-packages/airflow/example_dags/example_dag_decorator.py
[2024-02-02T15:27:04.235+0000] {processor.py:830} INFO - Processing file /home/airflow/.local/lib/python3.8/site-packages/airflow/example_dags/example_dag_decorator.py for tasks to queue
[2024-02-02T15:27:04.237+0000] {logging_mixin.py:188} INFO - [2024-02-02T15:27:04.237+0000] {dagbag.py:538} INFO - Filling up the DagBag from /home/airflow/.local/lib/python3.8/site-packages/airflow/example_dags/example_dag_decorator.py
[2024-02-02T15:27:04.375+0000] {processor.py:840} INFO - DAG(s) 'example_dag_decorator' retrieved from /home/airflow/.local/lib/python3.8/site-packages/airflow/example_dags/example_dag_decorator.py
[2024-02-02T15:27:04.507+0000] {logging_mixin.py:188} INFO - [2024-02-02T15:27:04.506+0000] {dag.py:3036} INFO - Sync 1 DAGs
[2024-02-02T15:27:04.521+0000] {logging_mixin.py:188} INFO - [2024-02-02T15:27:04.521+0000] {dag.py:3823} INFO - Setting next_dagrun for example_dag_decorator to None, run_after=None
[2024-02-02T15:27:04.543+0000] {processor.py:183} INFO - Processing /home/airflow/.local/lib/python3.8/site-packages/airflow/example_dags/example_dag_decorator.py took 0.314 seconds
[2024-02-02T15:27:34.954+0000] {processor.py:161} INFO - Started process (PID=7264) to work on /home/airflow/.local/lib/python3.8/site-packages/airflow/example_dags/example_dag_decorator.py
[2024-02-02T15:27:34.956+0000] {processor.py:830} INFO - Processing file /home/airflow/.local/lib/python3.8/site-packages/airflow/example_dags/example_dag_decorator.py for tasks to queue
[2024-02-02T15:27:34.958+0000] {logging_mixin.py:188} INFO - [2024-02-02T15:27:34.957+0000] {dagbag.py:538} INFO - Filling up the DagBag from /home/airflow/.local/lib/python3.8/site-packages/airflow/example_dags/example_dag_decorator.py
[2024-02-02T15:27:35.083+0000] {processor.py:840} INFO - DAG(s) 'example_dag_decorator' retrieved from /home/airflow/.local/lib/python3.8/site-packages/airflow/example_dags/example_dag_decorator.py
[2024-02-02T15:27:35.213+0000] {logging_mixin.py:188} INFO - [2024-02-02T15:27:35.213+0000] {dag.py:3036} INFO - Sync 1 DAGs
[2024-02-02T15:27:35.228+0000] {logging_mixin.py:188} INFO - [2024-02-02T15:27:35.228+0000] {dag.py:3823} INFO - Setting next_dagrun for example_dag_decorator to None, run_after=None
[2024-02-02T15:27:35.260+0000] {processor.py:183} INFO - Processing /home/airflow/.local/lib/python3.8/site-packages/airflow/example_dags/example_dag_decorator.py took 0.311 seconds
[2024-02-02T15:28:05.386+0000] {processor.py:161} INFO - Started process (PID=7516) to work on /home/airflow/.local/lib/python3.8/site-packages/airflow/example_dags/example_dag_decorator.py
[2024-02-02T15:28:05.388+0000] {processor.py:830} INFO - Processing file /home/airflow/.local/lib/python3.8/site-packages/airflow/example_dags/example_dag_decorator.py for tasks to queue
[2024-02-02T15:28:05.390+0000] {logging_mixin.py:188} INFO - [2024-02-02T15:28:05.389+0000] {dagbag.py:538} INFO - Filling up the DagBag from /home/airflow/.local/lib/python3.8/site-packages/airflow/example_dags/example_dag_decorator.py
[2024-02-02T15:28:05.507+0000] {processor.py:840} INFO - DAG(s) 'example_dag_decorator' retrieved from /home/airflow/.local/lib/python3.8/site-packages/airflow/example_dags/example_dag_decorator.py
[2024-02-02T15:28:05.647+0000] {logging_mixin.py:188} INFO - [2024-02-02T15:28:05.646+0000] {dag.py:3036} INFO - Sync 1 DAGs
[2024-02-02T15:28:05.661+0000] {logging_mixin.py:188} INFO - [2024-02-02T15:28:05.661+0000] {dag.py:3823} INFO - Setting next_dagrun for example_dag_decorator to None, run_after=None
[2024-02-02T15:28:05.687+0000] {processor.py:183} INFO - Processing /home/airflow/.local/lib/python3.8/site-packages/airflow/example_dags/example_dag_decorator.py took 0.305 seconds
[2024-02-02T15:28:35.806+0000] {processor.py:161} INFO - Started process (PID=7768) to work on /home/airflow/.local/lib/python3.8/site-packages/airflow/example_dags/example_dag_decorator.py
[2024-02-02T15:28:35.807+0000] {processor.py:830} INFO - Processing file /home/airflow/.local/lib/python3.8/site-packages/airflow/example_dags/example_dag_decorator.py for tasks to queue
[2024-02-02T15:28:35.808+0000] {logging_mixin.py:188} INFO - [2024-02-02T15:28:35.808+0000] {dagbag.py:538} INFO - Filling up the DagBag from /home/airflow/.local/lib/python3.8/site-packages/airflow/example_dags/example_dag_decorator.py
[2024-02-02T15:28:35.914+0000] {processor.py:840} INFO - DAG(s) 'example_dag_decorator' retrieved from /home/airflow/.local/lib/python3.8/site-packages/airflow/example_dags/example_dag_decorator.py
[2024-02-02T15:28:36.031+0000] {logging_mixin.py:188} INFO - [2024-02-02T15:28:36.031+0000] {dag.py:3036} INFO - Sync 1 DAGs
[2024-02-02T15:28:36.044+0000] {logging_mixin.py:188} INFO - [2024-02-02T15:28:36.043+0000] {dag.py:3823} INFO - Setting next_dagrun for example_dag_decorator to None, run_after=None
[2024-02-02T15:28:36.067+0000] {processor.py:183} INFO - Processing /home/airflow/.local/lib/python3.8/site-packages/airflow/example_dags/example_dag_decorator.py took 0.265 seconds
[2024-02-02T15:29:06.163+0000] {processor.py:161} INFO - Started process (PID=8013) to work on /home/airflow/.local/lib/python3.8/site-packages/airflow/example_dags/example_dag_decorator.py
[2024-02-02T15:29:06.165+0000] {processor.py:830} INFO - Processing file /home/airflow/.local/lib/python3.8/site-packages/airflow/example_dags/example_dag_decorator.py for tasks to queue
[2024-02-02T15:29:06.166+0000] {logging_mixin.py:188} INFO - [2024-02-02T15:29:06.166+0000] {dagbag.py:538} INFO - Filling up the DagBag from /home/airflow/.local/lib/python3.8/site-packages/airflow/example_dags/example_dag_decorator.py
[2024-02-02T15:29:06.276+0000] {processor.py:840} INFO - DAG(s) 'example_dag_decorator' retrieved from /home/airflow/.local/lib/python3.8/site-packages/airflow/example_dags/example_dag_decorator.py
[2024-02-02T15:29:06.388+0000] {logging_mixin.py:188} INFO - [2024-02-02T15:29:06.388+0000] {dag.py:3036} INFO - Sync 1 DAGs
[2024-02-02T15:29:06.402+0000] {logging_mixin.py:188} INFO - [2024-02-02T15:29:06.402+0000] {dag.py:3823} INFO - Setting next_dagrun for example_dag_decorator to None, run_after=None
[2024-02-02T15:29:06.425+0000] {processor.py:183} INFO - Processing /home/airflow/.local/lib/python3.8/site-packages/airflow/example_dags/example_dag_decorator.py took 0.265 seconds
[2024-02-02T15:29:36.551+0000] {processor.py:161} INFO - Started process (PID=8262) to work on /home/airflow/.local/lib/python3.8/site-packages/airflow/example_dags/example_dag_decorator.py
[2024-02-02T15:29:36.553+0000] {processor.py:830} INFO - Processing file /home/airflow/.local/lib/python3.8/site-packages/airflow/example_dags/example_dag_decorator.py for tasks to queue
[2024-02-02T15:29:36.554+0000] {logging_mixin.py:188} INFO - [2024-02-02T15:29:36.554+0000] {dagbag.py:538} INFO - Filling up the DagBag from /home/airflow/.local/lib/python3.8/site-packages/airflow/example_dags/example_dag_decorator.py
[2024-02-02T15:29:36.666+0000] {processor.py:840} INFO - DAG(s) 'example_dag_decorator' retrieved from /home/airflow/.local/lib/python3.8/site-packages/airflow/example_dags/example_dag_decorator.py
[2024-02-02T15:29:36.778+0000] {logging_mixin.py:188} INFO - [2024-02-02T15:29:36.778+0000] {dag.py:3036} INFO - Sync 1 DAGs
[2024-02-02T15:29:36.791+0000] {logging_mixin.py:188} INFO - [2024-02-02T15:29:36.791+0000] {dag.py:3823} INFO - Setting next_dagrun for example_dag_decorator to None, run_after=None
[2024-02-02T15:29:36.826+0000] {processor.py:183} INFO - Processing /home/airflow/.local/lib/python3.8/site-packages/airflow/example_dags/example_dag_decorator.py took 0.278 seconds
[2024-02-02T15:30:06.991+0000] {processor.py:161} INFO - Started process (PID=8499) to work on /home/airflow/.local/lib/python3.8/site-packages/airflow/example_dags/example_dag_decorator.py
[2024-02-02T15:30:06.992+0000] {processor.py:830} INFO - Processing file /home/airflow/.local/lib/python3.8/site-packages/airflow/example_dags/example_dag_decorator.py for tasks to queue
[2024-02-02T15:30:06.994+0000] {logging_mixin.py:188} INFO - [2024-02-02T15:30:06.994+0000] {dagbag.py:538} INFO - Filling up the DagBag from /home/airflow/.local/lib/python3.8/site-packages/airflow/example_dags/example_dag_decorator.py
[2024-02-02T15:30:07.125+0000] {processor.py:840} INFO - DAG(s) 'example_dag_decorator' retrieved from /home/airflow/.local/lib/python3.8/site-packages/airflow/example_dags/example_dag_decorator.py
[2024-02-02T15:30:07.257+0000] {logging_mixin.py:188} INFO - [2024-02-02T15:30:07.257+0000] {dag.py:3036} INFO - Sync 1 DAGs
[2024-02-02T15:30:07.271+0000] {logging_mixin.py:188} INFO - [2024-02-02T15:30:07.271+0000] {dag.py:3823} INFO - Setting next_dagrun for example_dag_decorator to None, run_after=None
[2024-02-02T15:30:07.300+0000] {processor.py:183} INFO - Processing /home/airflow/.local/lib/python3.8/site-packages/airflow/example_dags/example_dag_decorator.py took 0.314 seconds
[2024-02-02T15:30:37.501+0000] {processor.py:161} INFO - Started process (PID=8756) to work on /home/airflow/.local/lib/python3.8/site-packages/airflow/example_dags/example_dag_decorator.py
[2024-02-02T15:30:37.502+0000] {processor.py:830} INFO - Processing file /home/airflow/.local/lib/python3.8/site-packages/airflow/example_dags/example_dag_decorator.py for tasks to queue
[2024-02-02T15:30:37.504+0000] {logging_mixin.py:188} INFO - [2024-02-02T15:30:37.504+0000] {dagbag.py:538} INFO - Filling up the DagBag from /home/airflow/.local/lib/python3.8/site-packages/airflow/example_dags/example_dag_decorator.py
[2024-02-02T15:30:37.655+0000] {processor.py:840} INFO - DAG(s) 'example_dag_decorator' retrieved from /home/airflow/.local/lib/python3.8/site-packages/airflow/example_dags/example_dag_decorator.py
[2024-02-02T15:30:37.784+0000] {logging_mixin.py:188} INFO - [2024-02-02T15:30:37.783+0000] {dag.py:3036} INFO - Sync 1 DAGs
[2024-02-02T15:30:37.796+0000] {logging_mixin.py:188} INFO - [2024-02-02T15:30:37.796+0000] {dag.py:3823} INFO - Setting next_dagrun for example_dag_decorator to None, run_after=None
[2024-02-02T15:30:37.818+0000] {processor.py:183} INFO - Processing /home/airflow/.local/lib/python3.8/site-packages/airflow/example_dags/example_dag_decorator.py took 0.321 seconds
[2024-02-02T15:31:07.911+0000] {processor.py:161} INFO - Started process (PID=9008) to work on /home/airflow/.local/lib/python3.8/site-packages/airflow/example_dags/example_dag_decorator.py
[2024-02-02T15:31:07.913+0000] {processor.py:830} INFO - Processing file /home/airflow/.local/lib/python3.8/site-packages/airflow/example_dags/example_dag_decorator.py for tasks to queue
[2024-02-02T15:31:07.914+0000] {logging_mixin.py:188} INFO - [2024-02-02T15:31:07.914+0000] {dagbag.py:538} INFO - Filling up the DagBag from /home/airflow/.local/lib/python3.8/site-packages/airflow/example_dags/example_dag_decorator.py
[2024-02-02T15:31:08.036+0000] {processor.py:840} INFO - DAG(s) 'example_dag_decorator' retrieved from /home/airflow/.local/lib/python3.8/site-packages/airflow/example_dags/example_dag_decorator.py
[2024-02-02T15:31:08.224+0000] {logging_mixin.py:188} INFO - [2024-02-02T15:31:08.223+0000] {dag.py:3036} INFO - Sync 1 DAGs
[2024-02-02T15:31:08.242+0000] {logging_mixin.py:188} INFO - [2024-02-02T15:31:08.242+0000] {dag.py:3823} INFO - Setting next_dagrun for example_dag_decorator to None, run_after=None
[2024-02-02T15:31:08.283+0000] {processor.py:183} INFO - Processing /home/airflow/.local/lib/python3.8/site-packages/airflow/example_dags/example_dag_decorator.py took 0.375 seconds
[2024-02-02T15:31:39.099+0000] {processor.py:161} INFO - Started process (PID=9255) to work on /home/airflow/.local/lib/python3.8/site-packages/airflow/example_dags/example_dag_decorator.py
[2024-02-02T15:31:39.100+0000] {processor.py:830} INFO - Processing file /home/airflow/.local/lib/python3.8/site-packages/airflow/example_dags/example_dag_decorator.py for tasks to queue
[2024-02-02T15:31:39.102+0000] {logging_mixin.py:188} INFO - [2024-02-02T15:31:39.101+0000] {dagbag.py:538} INFO - Filling up the DagBag from /home/airflow/.local/lib/python3.8/site-packages/airflow/example_dags/example_dag_decorator.py
[2024-02-02T15:31:39.236+0000] {processor.py:840} INFO - DAG(s) 'example_dag_decorator' retrieved from /home/airflow/.local/lib/python3.8/site-packages/airflow/example_dags/example_dag_decorator.py
[2024-02-02T15:31:39.389+0000] {logging_mixin.py:188} INFO - [2024-02-02T15:31:39.388+0000] {dag.py:3036} INFO - Sync 1 DAGs
[2024-02-02T15:31:39.403+0000] {logging_mixin.py:188} INFO - [2024-02-02T15:31:39.403+0000] {dag.py:3823} INFO - Setting next_dagrun for example_dag_decorator to None, run_after=None
[2024-02-02T15:31:39.430+0000] {processor.py:183} INFO - Processing /home/airflow/.local/lib/python3.8/site-packages/airflow/example_dags/example_dag_decorator.py took 0.336 seconds
[2024-02-02T15:32:09.577+0000] {processor.py:161} INFO - Started process (PID=9512) to work on /home/airflow/.local/lib/python3.8/site-packages/airflow/example_dags/example_dag_decorator.py
[2024-02-02T15:32:09.579+0000] {processor.py:830} INFO - Processing file /home/airflow/.local/lib/python3.8/site-packages/airflow/example_dags/example_dag_decorator.py for tasks to queue
[2024-02-02T15:32:09.580+0000] {logging_mixin.py:188} INFO - [2024-02-02T15:32:09.580+0000] {dagbag.py:538} INFO - Filling up the DagBag from /home/airflow/.local/lib/python3.8/site-packages/airflow/example_dags/example_dag_decorator.py
[2024-02-02T15:32:09.706+0000] {processor.py:840} INFO - DAG(s) 'example_dag_decorator' retrieved from /home/airflow/.local/lib/python3.8/site-packages/airflow/example_dags/example_dag_decorator.py
[2024-02-02T15:32:09.854+0000] {logging_mixin.py:188} INFO - [2024-02-02T15:32:09.853+0000] {dag.py:3036} INFO - Sync 1 DAGs
[2024-02-02T15:32:09.867+0000] {logging_mixin.py:188} INFO - [2024-02-02T15:32:09.867+0000] {dag.py:3823} INFO - Setting next_dagrun for example_dag_decorator to None, run_after=None
[2024-02-02T15:32:09.895+0000] {processor.py:183} INFO - Processing /home/airflow/.local/lib/python3.8/site-packages/airflow/example_dags/example_dag_decorator.py took 0.322 seconds
[2024-02-02T15:32:40.087+0000] {processor.py:161} INFO - Started process (PID=9769) to work on /home/airflow/.local/lib/python3.8/site-packages/airflow/example_dags/example_dag_decorator.py
[2024-02-02T15:32:40.089+0000] {processor.py:830} INFO - Processing file /home/airflow/.local/lib/python3.8/site-packages/airflow/example_dags/example_dag_decorator.py for tasks to queue
[2024-02-02T15:32:40.091+0000] {logging_mixin.py:188} INFO - [2024-02-02T15:32:40.090+0000] {dagbag.py:538} INFO - Filling up the DagBag from /home/airflow/.local/lib/python3.8/site-packages/airflow/example_dags/example_dag_decorator.py
[2024-02-02T15:32:40.207+0000] {processor.py:840} INFO - DAG(s) 'example_dag_decorator' retrieved from /home/airflow/.local/lib/python3.8/site-packages/airflow/example_dags/example_dag_decorator.py
[2024-02-02T15:32:40.326+0000] {logging_mixin.py:188} INFO - [2024-02-02T15:32:40.326+0000] {dag.py:3036} INFO - Sync 1 DAGs
[2024-02-02T15:32:40.339+0000] {logging_mixin.py:188} INFO - [2024-02-02T15:32:40.339+0000] {dag.py:3823} INFO - Setting next_dagrun for example_dag_decorator to None, run_after=None
[2024-02-02T15:32:40.362+0000] {processor.py:183} INFO - Processing /home/airflow/.local/lib/python3.8/site-packages/airflow/example_dags/example_dag_decorator.py took 0.279 seconds
[2024-02-02T15:33:10.666+0000] {processor.py:161} INFO - Started process (PID=9996) to work on /home/airflow/.local/lib/python3.8/site-packages/airflow/example_dags/example_dag_decorator.py
[2024-02-02T15:33:10.667+0000] {processor.py:830} INFO - Processing file /home/airflow/.local/lib/python3.8/site-packages/airflow/example_dags/example_dag_decorator.py for tasks to queue
[2024-02-02T15:33:10.668+0000] {logging_mixin.py:188} INFO - [2024-02-02T15:33:10.668+0000] {dagbag.py:538} INFO - Filling up the DagBag from /home/airflow/.local/lib/python3.8/site-packages/airflow/example_dags/example_dag_decorator.py
[2024-02-02T15:33:10.785+0000] {processor.py:840} INFO - DAG(s) 'example_dag_decorator' retrieved from /home/airflow/.local/lib/python3.8/site-packages/airflow/example_dags/example_dag_decorator.py
[2024-02-02T15:33:10.939+0000] {logging_mixin.py:188} INFO - [2024-02-02T15:33:10.938+0000] {dag.py:3036} INFO - Sync 1 DAGs
[2024-02-02T15:33:10.956+0000] {logging_mixin.py:188} INFO - [2024-02-02T15:33:10.956+0000] {dag.py:3823} INFO - Setting next_dagrun for example_dag_decorator to None, run_after=None
[2024-02-02T15:33:10.988+0000] {processor.py:183} INFO - Processing /home/airflow/.local/lib/python3.8/site-packages/airflow/example_dags/example_dag_decorator.py took 0.327 seconds
[2024-02-02T15:33:41.421+0000] {processor.py:161} INFO - Started process (PID=10243) to work on /home/airflow/.local/lib/python3.8/site-packages/airflow/example_dags/example_dag_decorator.py
[2024-02-02T15:33:41.423+0000] {processor.py:830} INFO - Processing file /home/airflow/.local/lib/python3.8/site-packages/airflow/example_dags/example_dag_decorator.py for tasks to queue
[2024-02-02T15:33:41.425+0000] {logging_mixin.py:188} INFO - [2024-02-02T15:33:41.424+0000] {dagbag.py:538} INFO - Filling up the DagBag from /home/airflow/.local/lib/python3.8/site-packages/airflow/example_dags/example_dag_decorator.py
[2024-02-02T15:33:41.550+0000] {processor.py:840} INFO - DAG(s) 'example_dag_decorator' retrieved from /home/airflow/.local/lib/python3.8/site-packages/airflow/example_dags/example_dag_decorator.py
[2024-02-02T15:33:41.689+0000] {logging_mixin.py:188} INFO - [2024-02-02T15:33:41.688+0000] {dag.py:3036} INFO - Sync 1 DAGs
[2024-02-02T15:33:41.702+0000] {logging_mixin.py:188} INFO - [2024-02-02T15:33:41.702+0000] {dag.py:3823} INFO - Setting next_dagrun for example_dag_decorator to None, run_after=None
[2024-02-02T15:33:41.736+0000] {processor.py:183} INFO - Processing /home/airflow/.local/lib/python3.8/site-packages/airflow/example_dags/example_dag_decorator.py took 0.318 seconds
[2024-02-02T15:34:11.873+0000] {processor.py:161} INFO - Started process (PID=10500) to work on /home/airflow/.local/lib/python3.8/site-packages/airflow/example_dags/example_dag_decorator.py
[2024-02-02T15:34:11.874+0000] {processor.py:830} INFO - Processing file /home/airflow/.local/lib/python3.8/site-packages/airflow/example_dags/example_dag_decorator.py for tasks to queue
[2024-02-02T15:34:11.876+0000] {logging_mixin.py:188} INFO - [2024-02-02T15:34:11.875+0000] {dagbag.py:538} INFO - Filling up the DagBag from /home/airflow/.local/lib/python3.8/site-packages/airflow/example_dags/example_dag_decorator.py
[2024-02-02T15:34:12.041+0000] {processor.py:840} INFO - DAG(s) 'example_dag_decorator' retrieved from /home/airflow/.local/lib/python3.8/site-packages/airflow/example_dags/example_dag_decorator.py
[2024-02-02T15:34:12.177+0000] {logging_mixin.py:188} INFO - [2024-02-02T15:34:12.177+0000] {dag.py:3036} INFO - Sync 1 DAGs
[2024-02-02T15:34:12.190+0000] {logging_mixin.py:188} INFO - [2024-02-02T15:34:12.190+0000] {dag.py:3823} INFO - Setting next_dagrun for example_dag_decorator to None, run_after=None
[2024-02-02T15:34:12.215+0000] {processor.py:183} INFO - Processing /home/airflow/.local/lib/python3.8/site-packages/airflow/example_dags/example_dag_decorator.py took 0.347 seconds
[2024-02-02T15:34:42.378+0000] {processor.py:161} INFO - Started process (PID=10752) to work on /home/airflow/.local/lib/python3.8/site-packages/airflow/example_dags/example_dag_decorator.py
[2024-02-02T15:34:42.379+0000] {processor.py:830} INFO - Processing file /home/airflow/.local/lib/python3.8/site-packages/airflow/example_dags/example_dag_decorator.py for tasks to queue
[2024-02-02T15:34:42.381+0000] {logging_mixin.py:188} INFO - [2024-02-02T15:34:42.380+0000] {dagbag.py:538} INFO - Filling up the DagBag from /home/airflow/.local/lib/python3.8/site-packages/airflow/example_dags/example_dag_decorator.py
[2024-02-02T15:34:42.502+0000] {processor.py:840} INFO - DAG(s) 'example_dag_decorator' retrieved from /home/airflow/.local/lib/python3.8/site-packages/airflow/example_dags/example_dag_decorator.py
[2024-02-02T15:34:42.627+0000] {logging_mixin.py:188} INFO - [2024-02-02T15:34:42.627+0000] {dag.py:3036} INFO - Sync 1 DAGs
[2024-02-02T15:34:42.640+0000] {logging_mixin.py:188} INFO - [2024-02-02T15:34:42.639+0000] {dag.py:3823} INFO - Setting next_dagrun for example_dag_decorator to None, run_after=None
[2024-02-02T15:34:42.664+0000] {processor.py:183} INFO - Processing /home/airflow/.local/lib/python3.8/site-packages/airflow/example_dags/example_dag_decorator.py took 0.290 seconds
[2024-02-02T15:35:12.796+0000] {processor.py:161} INFO - Started process (PID=10999) to work on /home/airflow/.local/lib/python3.8/site-packages/airflow/example_dags/example_dag_decorator.py
[2024-02-02T15:35:12.797+0000] {processor.py:830} INFO - Processing file /home/airflow/.local/lib/python3.8/site-packages/airflow/example_dags/example_dag_decorator.py for tasks to queue
[2024-02-02T15:35:12.799+0000] {logging_mixin.py:188} INFO - [2024-02-02T15:35:12.798+0000] {dagbag.py:538} INFO - Filling up the DagBag from /home/airflow/.local/lib/python3.8/site-packages/airflow/example_dags/example_dag_decorator.py
[2024-02-02T15:35:12.925+0000] {processor.py:840} INFO - DAG(s) 'example_dag_decorator' retrieved from /home/airflow/.local/lib/python3.8/site-packages/airflow/example_dags/example_dag_decorator.py
[2024-02-02T15:35:12.955+0000] {logging_mixin.py:188} INFO - [2024-02-02T15:35:12.954+0000] {dag.py:3036} INFO - Sync 1 DAGs
[2024-02-02T15:35:12.970+0000] {logging_mixin.py:188} INFO - [2024-02-02T15:35:12.970+0000] {dag.py:3823} INFO - Setting next_dagrun for example_dag_decorator to None, run_after=None
[2024-02-02T15:35:12.995+0000] {processor.py:183} INFO - Processing /home/airflow/.local/lib/python3.8/site-packages/airflow/example_dags/example_dag_decorator.py took 0.204 seconds
[2024-02-02T15:35:43.130+0000] {processor.py:161} INFO - Started process (PID=11231) to work on /home/airflow/.local/lib/python3.8/site-packages/airflow/example_dags/example_dag_decorator.py
[2024-02-02T15:35:43.131+0000] {processor.py:830} INFO - Processing file /home/airflow/.local/lib/python3.8/site-packages/airflow/example_dags/example_dag_decorator.py for tasks to queue
[2024-02-02T15:35:43.133+0000] {logging_mixin.py:188} INFO - [2024-02-02T15:35:43.133+0000] {dagbag.py:538} INFO - Filling up the DagBag from /home/airflow/.local/lib/python3.8/site-packages/airflow/example_dags/example_dag_decorator.py
[2024-02-02T15:35:43.286+0000] {processor.py:840} INFO - DAG(s) 'example_dag_decorator' retrieved from /home/airflow/.local/lib/python3.8/site-packages/airflow/example_dags/example_dag_decorator.py
[2024-02-02T15:35:43.430+0000] {logging_mixin.py:188} INFO - [2024-02-02T15:35:43.430+0000] {dag.py:3036} INFO - Sync 1 DAGs
[2024-02-02T15:35:43.447+0000] {logging_mixin.py:188} INFO - [2024-02-02T15:35:43.446+0000] {dag.py:3823} INFO - Setting next_dagrun for example_dag_decorator to None, run_after=None
[2024-02-02T15:35:43.474+0000] {processor.py:183} INFO - Processing /home/airflow/.local/lib/python3.8/site-packages/airflow/example_dags/example_dag_decorator.py took 0.348 seconds
[2024-02-02T15:36:13.678+0000] {processor.py:161} INFO - Started process (PID=11478) to work on /home/airflow/.local/lib/python3.8/site-packages/airflow/example_dags/example_dag_decorator.py
[2024-02-02T15:36:13.680+0000] {processor.py:830} INFO - Processing file /home/airflow/.local/lib/python3.8/site-packages/airflow/example_dags/example_dag_decorator.py for tasks to queue
[2024-02-02T15:36:13.681+0000] {logging_mixin.py:188} INFO - [2024-02-02T15:36:13.681+0000] {dagbag.py:538} INFO - Filling up the DagBag from /home/airflow/.local/lib/python3.8/site-packages/airflow/example_dags/example_dag_decorator.py
[2024-02-02T15:36:14.978+0000] {logging_mixin.py:188} INFO - [2024-02-02T15:36:14.977+0000] {process_utils.py:262} INFO - Waiting up to 5 seconds for processes to exit...
