[2024-02-02T15:13:18.199+0000] {processor.py:161} INFO - Started process (PID=271) to work on /home/airflow/.local/lib/python3.8/site-packages/airflow/example_dags/tutorial_dag.py
[2024-02-02T15:13:18.200+0000] {processor.py:830} INFO - Processing file /home/airflow/.local/lib/python3.8/site-packages/airflow/example_dags/tutorial_dag.py for tasks to queue
[2024-02-02T15:13:18.202+0000] {logging_mixin.py:188} INFO - [2024-02-02T15:13:18.201+0000] {dagbag.py:538} INFO - Filling up the DagBag from /home/airflow/.local/lib/python3.8/site-packages/airflow/example_dags/tutorial_dag.py
[2024-02-02T15:13:18.213+0000] {processor.py:840} INFO - DAG(s) 'tutorial_dag' retrieved from /home/airflow/.local/lib/python3.8/site-packages/airflow/example_dags/tutorial_dag.py
[2024-02-02T15:13:18.227+0000] {logging_mixin.py:188} INFO - [2024-02-02T15:13:18.226+0000] {dag.py:3036} INFO - Sync 1 DAGs
[2024-02-02T15:13:18.250+0000] {logging_mixin.py:188} INFO - [2024-02-02T15:13:18.249+0000] {dag.py:3823} INFO - Setting next_dagrun for tutorial_dag to None, run_after=None
[2024-02-02T15:13:18.276+0000] {processor.py:183} INFO - Processing /home/airflow/.local/lib/python3.8/site-packages/airflow/example_dags/tutorial_dag.py took 0.082 seconds
[2024-02-02T15:13:50.283+0000] {processor.py:161} INFO - Started process (PID=518) to work on /home/airflow/.local/lib/python3.8/site-packages/airflow/example_dags/tutorial_dag.py
[2024-02-02T15:13:50.284+0000] {processor.py:830} INFO - Processing file /home/airflow/.local/lib/python3.8/site-packages/airflow/example_dags/tutorial_dag.py for tasks to queue
[2024-02-02T15:13:50.286+0000] {logging_mixin.py:188} INFO - [2024-02-02T15:13:50.286+0000] {dagbag.py:538} INFO - Filling up the DagBag from /home/airflow/.local/lib/python3.8/site-packages/airflow/example_dags/tutorial_dag.py
[2024-02-02T15:13:50.295+0000] {processor.py:840} INFO - DAG(s) 'tutorial_dag' retrieved from /home/airflow/.local/lib/python3.8/site-packages/airflow/example_dags/tutorial_dag.py
[2024-02-02T15:13:50.456+0000] {logging_mixin.py:188} INFO - [2024-02-02T15:13:50.455+0000] {dag.py:3036} INFO - Sync 1 DAGs
[2024-02-02T15:13:50.473+0000] {logging_mixin.py:188} INFO - [2024-02-02T15:13:50.473+0000] {dag.py:3823} INFO - Setting next_dagrun for tutorial_dag to None, run_after=None
[2024-02-02T15:13:50.500+0000] {processor.py:183} INFO - Processing /home/airflow/.local/lib/python3.8/site-packages/airflow/example_dags/tutorial_dag.py took 0.223 seconds
[2024-02-02T15:14:20.799+0000] {processor.py:161} INFO - Started process (PID=765) to work on /home/airflow/.local/lib/python3.8/site-packages/airflow/example_dags/tutorial_dag.py
[2024-02-02T15:14:20.800+0000] {processor.py:830} INFO - Processing file /home/airflow/.local/lib/python3.8/site-packages/airflow/example_dags/tutorial_dag.py for tasks to queue
[2024-02-02T15:14:20.802+0000] {logging_mixin.py:188} INFO - [2024-02-02T15:14:20.801+0000] {dagbag.py:538} INFO - Filling up the DagBag from /home/airflow/.local/lib/python3.8/site-packages/airflow/example_dags/tutorial_dag.py
[2024-02-02T15:14:20.811+0000] {processor.py:840} INFO - DAG(s) 'tutorial_dag' retrieved from /home/airflow/.local/lib/python3.8/site-packages/airflow/example_dags/tutorial_dag.py
[2024-02-02T15:14:20.843+0000] {logging_mixin.py:188} INFO - [2024-02-02T15:14:20.842+0000] {dag.py:3036} INFO - Sync 1 DAGs
[2024-02-02T15:14:20.861+0000] {logging_mixin.py:188} INFO - [2024-02-02T15:14:20.860+0000] {dag.py:3823} INFO - Setting next_dagrun for tutorial_dag to None, run_after=None
[2024-02-02T15:14:20.892+0000] {processor.py:183} INFO - Processing /home/airflow/.local/lib/python3.8/site-packages/airflow/example_dags/tutorial_dag.py took 0.100 seconds
[2024-02-02T15:14:51.247+0000] {processor.py:161} INFO - Started process (PID=1012) to work on /home/airflow/.local/lib/python3.8/site-packages/airflow/example_dags/tutorial_dag.py
[2024-02-02T15:14:51.249+0000] {processor.py:830} INFO - Processing file /home/airflow/.local/lib/python3.8/site-packages/airflow/example_dags/tutorial_dag.py for tasks to queue
[2024-02-02T15:14:51.250+0000] {logging_mixin.py:188} INFO - [2024-02-02T15:14:51.250+0000] {dagbag.py:538} INFO - Filling up the DagBag from /home/airflow/.local/lib/python3.8/site-packages/airflow/example_dags/tutorial_dag.py
[2024-02-02T15:14:51.256+0000] {processor.py:840} INFO - DAG(s) 'tutorial_dag' retrieved from /home/airflow/.local/lib/python3.8/site-packages/airflow/example_dags/tutorial_dag.py
[2024-02-02T15:14:51.281+0000] {logging_mixin.py:188} INFO - [2024-02-02T15:14:51.281+0000] {dag.py:3036} INFO - Sync 1 DAGs
[2024-02-02T15:14:51.297+0000] {logging_mixin.py:188} INFO - [2024-02-02T15:14:51.296+0000] {dag.py:3823} INFO - Setting next_dagrun for tutorial_dag to None, run_after=None
[2024-02-02T15:14:51.323+0000] {processor.py:183} INFO - Processing /home/airflow/.local/lib/python3.8/site-packages/airflow/example_dags/tutorial_dag.py took 0.079 seconds
[2024-02-02T15:15:21.646+0000] {processor.py:161} INFO - Started process (PID=1259) to work on /home/airflow/.local/lib/python3.8/site-packages/airflow/example_dags/tutorial_dag.py
[2024-02-02T15:15:21.647+0000] {processor.py:830} INFO - Processing file /home/airflow/.local/lib/python3.8/site-packages/airflow/example_dags/tutorial_dag.py for tasks to queue
[2024-02-02T15:15:21.649+0000] {logging_mixin.py:188} INFO - [2024-02-02T15:15:21.649+0000] {dagbag.py:538} INFO - Filling up the DagBag from /home/airflow/.local/lib/python3.8/site-packages/airflow/example_dags/tutorial_dag.py
[2024-02-02T15:15:21.656+0000] {processor.py:840} INFO - DAG(s) 'tutorial_dag' retrieved from /home/airflow/.local/lib/python3.8/site-packages/airflow/example_dags/tutorial_dag.py
[2024-02-02T15:15:21.686+0000] {logging_mixin.py:188} INFO - [2024-02-02T15:15:21.685+0000] {dag.py:3036} INFO - Sync 1 DAGs
[2024-02-02T15:15:21.704+0000] {logging_mixin.py:188} INFO - [2024-02-02T15:15:21.704+0000] {dag.py:3823} INFO - Setting next_dagrun for tutorial_dag to None, run_after=None
[2024-02-02T15:15:21.730+0000] {processor.py:183} INFO - Processing /home/airflow/.local/lib/python3.8/site-packages/airflow/example_dags/tutorial_dag.py took 0.088 seconds
[2024-02-02T15:15:52.094+0000] {processor.py:161} INFO - Started process (PID=1506) to work on /home/airflow/.local/lib/python3.8/site-packages/airflow/example_dags/tutorial_dag.py
[2024-02-02T15:15:52.096+0000] {processor.py:830} INFO - Processing file /home/airflow/.local/lib/python3.8/site-packages/airflow/example_dags/tutorial_dag.py for tasks to queue
[2024-02-02T15:15:52.097+0000] {logging_mixin.py:188} INFO - [2024-02-02T15:15:52.097+0000] {dagbag.py:538} INFO - Filling up the DagBag from /home/airflow/.local/lib/python3.8/site-packages/airflow/example_dags/tutorial_dag.py
[2024-02-02T15:15:52.106+0000] {processor.py:840} INFO - DAG(s) 'tutorial_dag' retrieved from /home/airflow/.local/lib/python3.8/site-packages/airflow/example_dags/tutorial_dag.py
[2024-02-02T15:15:52.142+0000] {logging_mixin.py:188} INFO - [2024-02-02T15:15:52.141+0000] {dag.py:3036} INFO - Sync 1 DAGs
[2024-02-02T15:15:52.176+0000] {logging_mixin.py:188} INFO - [2024-02-02T15:15:52.175+0000] {dag.py:3823} INFO - Setting next_dagrun for tutorial_dag to None, run_after=None
[2024-02-02T15:15:52.213+0000] {processor.py:183} INFO - Processing /home/airflow/.local/lib/python3.8/site-packages/airflow/example_dags/tutorial_dag.py took 0.127 seconds
[2024-02-02T15:16:22.569+0000] {processor.py:161} INFO - Started process (PID=1755) to work on /home/airflow/.local/lib/python3.8/site-packages/airflow/example_dags/tutorial_dag.py
[2024-02-02T15:16:22.571+0000] {processor.py:830} INFO - Processing file /home/airflow/.local/lib/python3.8/site-packages/airflow/example_dags/tutorial_dag.py for tasks to queue
[2024-02-02T15:16:22.573+0000] {logging_mixin.py:188} INFO - [2024-02-02T15:16:22.572+0000] {dagbag.py:538} INFO - Filling up the DagBag from /home/airflow/.local/lib/python3.8/site-packages/airflow/example_dags/tutorial_dag.py
[2024-02-02T15:16:22.583+0000] {processor.py:840} INFO - DAG(s) 'tutorial_dag' retrieved from /home/airflow/.local/lib/python3.8/site-packages/airflow/example_dags/tutorial_dag.py
[2024-02-02T15:16:22.617+0000] {logging_mixin.py:188} INFO - [2024-02-02T15:16:22.616+0000] {dag.py:3036} INFO - Sync 1 DAGs
[2024-02-02T15:16:22.638+0000] {logging_mixin.py:188} INFO - [2024-02-02T15:16:22.638+0000] {dag.py:3823} INFO - Setting next_dagrun for tutorial_dag to None, run_after=None
[2024-02-02T15:16:22.677+0000] {processor.py:183} INFO - Processing /home/airflow/.local/lib/python3.8/site-packages/airflow/example_dags/tutorial_dag.py took 0.112 seconds
[2024-02-02T15:16:53.132+0000] {processor.py:161} INFO - Started process (PID=2002) to work on /home/airflow/.local/lib/python3.8/site-packages/airflow/example_dags/tutorial_dag.py
[2024-02-02T15:16:53.134+0000] {processor.py:830} INFO - Processing file /home/airflow/.local/lib/python3.8/site-packages/airflow/example_dags/tutorial_dag.py for tasks to queue
[2024-02-02T15:16:53.136+0000] {logging_mixin.py:188} INFO - [2024-02-02T15:16:53.136+0000] {dagbag.py:538} INFO - Filling up the DagBag from /home/airflow/.local/lib/python3.8/site-packages/airflow/example_dags/tutorial_dag.py
[2024-02-02T15:16:53.146+0000] {processor.py:840} INFO - DAG(s) 'tutorial_dag' retrieved from /home/airflow/.local/lib/python3.8/site-packages/airflow/example_dags/tutorial_dag.py
[2024-02-02T15:16:53.186+0000] {logging_mixin.py:188} INFO - [2024-02-02T15:16:53.185+0000] {dag.py:3036} INFO - Sync 1 DAGs
[2024-02-02T15:16:53.210+0000] {logging_mixin.py:188} INFO - [2024-02-02T15:16:53.208+0000] {dag.py:3823} INFO - Setting next_dagrun for tutorial_dag to None, run_after=None
[2024-02-02T15:16:53.249+0000] {processor.py:183} INFO - Processing /home/airflow/.local/lib/python3.8/site-packages/airflow/example_dags/tutorial_dag.py took 0.126 seconds
[2024-02-02T15:17:23.389+0000] {processor.py:161} INFO - Started process (PID=2247) to work on /home/airflow/.local/lib/python3.8/site-packages/airflow/example_dags/tutorial_dag.py
[2024-02-02T15:17:23.390+0000] {processor.py:830} INFO - Processing file /home/airflow/.local/lib/python3.8/site-packages/airflow/example_dags/tutorial_dag.py for tasks to queue
[2024-02-02T15:17:23.392+0000] {logging_mixin.py:188} INFO - [2024-02-02T15:17:23.391+0000] {dagbag.py:538} INFO - Filling up the DagBag from /home/airflow/.local/lib/python3.8/site-packages/airflow/example_dags/tutorial_dag.py
[2024-02-02T15:17:23.400+0000] {processor.py:840} INFO - DAG(s) 'tutorial_dag' retrieved from /home/airflow/.local/lib/python3.8/site-packages/airflow/example_dags/tutorial_dag.py
[2024-02-02T15:17:23.433+0000] {logging_mixin.py:188} INFO - [2024-02-02T15:17:23.433+0000] {dag.py:3036} INFO - Sync 1 DAGs
[2024-02-02T15:17:23.458+0000] {logging_mixin.py:188} INFO - [2024-02-02T15:17:23.457+0000] {dag.py:3823} INFO - Setting next_dagrun for tutorial_dag to None, run_after=None
[2024-02-02T15:17:23.491+0000] {processor.py:183} INFO - Processing /home/airflow/.local/lib/python3.8/site-packages/airflow/example_dags/tutorial_dag.py took 0.109 seconds
[2024-02-02T15:17:53.756+0000] {processor.py:161} INFO - Started process (PID=2494) to work on /home/airflow/.local/lib/python3.8/site-packages/airflow/example_dags/tutorial_dag.py
[2024-02-02T15:17:53.758+0000] {processor.py:830} INFO - Processing file /home/airflow/.local/lib/python3.8/site-packages/airflow/example_dags/tutorial_dag.py for tasks to queue
[2024-02-02T15:17:53.759+0000] {logging_mixin.py:188} INFO - [2024-02-02T15:17:53.759+0000] {dagbag.py:538} INFO - Filling up the DagBag from /home/airflow/.local/lib/python3.8/site-packages/airflow/example_dags/tutorial_dag.py
[2024-02-02T15:17:53.768+0000] {processor.py:840} INFO - DAG(s) 'tutorial_dag' retrieved from /home/airflow/.local/lib/python3.8/site-packages/airflow/example_dags/tutorial_dag.py
[2024-02-02T15:17:53.800+0000] {logging_mixin.py:188} INFO - [2024-02-02T15:17:53.799+0000] {dag.py:3036} INFO - Sync 1 DAGs
[2024-02-02T15:17:53.822+0000] {logging_mixin.py:188} INFO - [2024-02-02T15:17:53.822+0000] {dag.py:3823} INFO - Setting next_dagrun for tutorial_dag to None, run_after=None
[2024-02-02T15:17:53.853+0000] {processor.py:183} INFO - Processing /home/airflow/.local/lib/python3.8/site-packages/airflow/example_dags/tutorial_dag.py took 0.101 seconds
[2024-02-02T15:18:23.905+0000] {processor.py:161} INFO - Started process (PID=2789) to work on /home/airflow/.local/lib/python3.8/site-packages/airflow/example_dags/tutorial_dag.py
[2024-02-02T15:18:23.907+0000] {processor.py:830} INFO - Processing file /home/airflow/.local/lib/python3.8/site-packages/airflow/example_dags/tutorial_dag.py for tasks to queue
[2024-02-02T15:18:23.908+0000] {logging_mixin.py:188} INFO - [2024-02-02T15:18:23.908+0000] {dagbag.py:538} INFO - Filling up the DagBag from /home/airflow/.local/lib/python3.8/site-packages/airflow/example_dags/tutorial_dag.py
[2024-02-02T15:18:23.916+0000] {processor.py:840} INFO - DAG(s) 'tutorial_dag' retrieved from /home/airflow/.local/lib/python3.8/site-packages/airflow/example_dags/tutorial_dag.py
[2024-02-02T15:18:23.944+0000] {logging_mixin.py:188} INFO - [2024-02-02T15:18:23.944+0000] {dag.py:3036} INFO - Sync 1 DAGs
[2024-02-02T15:18:23.967+0000] {logging_mixin.py:188} INFO - [2024-02-02T15:18:23.967+0000] {dag.py:3823} INFO - Setting next_dagrun for tutorial_dag to None, run_after=None
[2024-02-02T15:18:23.998+0000] {processor.py:183} INFO - Processing /home/airflow/.local/lib/python3.8/site-packages/airflow/example_dags/tutorial_dag.py took 0.097 seconds
[2024-02-02T15:18:54.517+0000] {processor.py:161} INFO - Started process (PID=3036) to work on /home/airflow/.local/lib/python3.8/site-packages/airflow/example_dags/tutorial_dag.py
[2024-02-02T15:18:54.519+0000] {processor.py:830} INFO - Processing file /home/airflow/.local/lib/python3.8/site-packages/airflow/example_dags/tutorial_dag.py for tasks to queue
[2024-02-02T15:18:54.520+0000] {logging_mixin.py:188} INFO - [2024-02-02T15:18:54.519+0000] {dagbag.py:538} INFO - Filling up the DagBag from /home/airflow/.local/lib/python3.8/site-packages/airflow/example_dags/tutorial_dag.py
[2024-02-02T15:18:54.526+0000] {processor.py:840} INFO - DAG(s) 'tutorial_dag' retrieved from /home/airflow/.local/lib/python3.8/site-packages/airflow/example_dags/tutorial_dag.py
[2024-02-02T15:18:54.551+0000] {logging_mixin.py:188} INFO - [2024-02-02T15:18:54.551+0000] {dag.py:3036} INFO - Sync 1 DAGs
[2024-02-02T15:18:54.567+0000] {logging_mixin.py:188} INFO - [2024-02-02T15:18:54.567+0000] {dag.py:3823} INFO - Setting next_dagrun for tutorial_dag to None, run_after=None
[2024-02-02T15:18:54.591+0000] {processor.py:183} INFO - Processing /home/airflow/.local/lib/python3.8/site-packages/airflow/example_dags/tutorial_dag.py took 0.079 seconds
[2024-02-02T15:19:24.723+0000] {processor.py:161} INFO - Started process (PID=3281) to work on /home/airflow/.local/lib/python3.8/site-packages/airflow/example_dags/tutorial_dag.py
[2024-02-02T15:19:24.724+0000] {processor.py:830} INFO - Processing file /home/airflow/.local/lib/python3.8/site-packages/airflow/example_dags/tutorial_dag.py for tasks to queue
[2024-02-02T15:19:24.726+0000] {logging_mixin.py:188} INFO - [2024-02-02T15:19:24.726+0000] {dagbag.py:538} INFO - Filling up the DagBag from /home/airflow/.local/lib/python3.8/site-packages/airflow/example_dags/tutorial_dag.py
[2024-02-02T15:19:24.732+0000] {processor.py:840} INFO - DAG(s) 'tutorial_dag' retrieved from /home/airflow/.local/lib/python3.8/site-packages/airflow/example_dags/tutorial_dag.py
[2024-02-02T15:19:24.757+0000] {logging_mixin.py:188} INFO - [2024-02-02T15:19:24.757+0000] {dag.py:3036} INFO - Sync 1 DAGs
[2024-02-02T15:19:24.772+0000] {logging_mixin.py:188} INFO - [2024-02-02T15:19:24.771+0000] {dag.py:3823} INFO - Setting next_dagrun for tutorial_dag to None, run_after=None
[2024-02-02T15:19:24.795+0000] {processor.py:183} INFO - Processing /home/airflow/.local/lib/python3.8/site-packages/airflow/example_dags/tutorial_dag.py took 0.075 seconds
[2024-02-02T15:19:55.228+0000] {processor.py:161} INFO - Started process (PID=3528) to work on /home/airflow/.local/lib/python3.8/site-packages/airflow/example_dags/tutorial_dag.py
[2024-02-02T15:19:55.229+0000] {processor.py:830} INFO - Processing file /home/airflow/.local/lib/python3.8/site-packages/airflow/example_dags/tutorial_dag.py for tasks to queue
[2024-02-02T15:19:55.231+0000] {logging_mixin.py:188} INFO - [2024-02-02T15:19:55.231+0000] {dagbag.py:538} INFO - Filling up the DagBag from /home/airflow/.local/lib/python3.8/site-packages/airflow/example_dags/tutorial_dag.py
[2024-02-02T15:19:55.237+0000] {processor.py:840} INFO - DAG(s) 'tutorial_dag' retrieved from /home/airflow/.local/lib/python3.8/site-packages/airflow/example_dags/tutorial_dag.py
[2024-02-02T15:19:55.260+0000] {logging_mixin.py:188} INFO - [2024-02-02T15:19:55.260+0000] {dag.py:3036} INFO - Sync 1 DAGs
[2024-02-02T15:19:55.274+0000] {logging_mixin.py:188} INFO - [2024-02-02T15:19:55.274+0000] {dag.py:3823} INFO - Setting next_dagrun for tutorial_dag to None, run_after=None
[2024-02-02T15:19:55.299+0000] {processor.py:183} INFO - Processing /home/airflow/.local/lib/python3.8/site-packages/airflow/example_dags/tutorial_dag.py took 0.074 seconds
[2024-02-02T15:20:25.702+0000] {processor.py:161} INFO - Started process (PID=3775) to work on /home/airflow/.local/lib/python3.8/site-packages/airflow/example_dags/tutorial_dag.py
[2024-02-02T15:20:25.703+0000] {processor.py:830} INFO - Processing file /home/airflow/.local/lib/python3.8/site-packages/airflow/example_dags/tutorial_dag.py for tasks to queue
[2024-02-02T15:20:25.705+0000] {logging_mixin.py:188} INFO - [2024-02-02T15:20:25.705+0000] {dagbag.py:538} INFO - Filling up the DagBag from /home/airflow/.local/lib/python3.8/site-packages/airflow/example_dags/tutorial_dag.py
[2024-02-02T15:20:25.712+0000] {processor.py:840} INFO - DAG(s) 'tutorial_dag' retrieved from /home/airflow/.local/lib/python3.8/site-packages/airflow/example_dags/tutorial_dag.py
[2024-02-02T15:20:25.741+0000] {logging_mixin.py:188} INFO - [2024-02-02T15:20:25.741+0000] {dag.py:3036} INFO - Sync 1 DAGs
[2024-02-02T15:20:25.755+0000] {logging_mixin.py:188} INFO - [2024-02-02T15:20:25.755+0000] {dag.py:3823} INFO - Setting next_dagrun for tutorial_dag to None, run_after=None
[2024-02-02T15:20:25.777+0000] {processor.py:183} INFO - Processing /home/airflow/.local/lib/python3.8/site-packages/airflow/example_dags/tutorial_dag.py took 0.079 seconds
[2024-02-02T15:20:55.894+0000] {processor.py:161} INFO - Started process (PID=4020) to work on /home/airflow/.local/lib/python3.8/site-packages/airflow/example_dags/tutorial_dag.py
[2024-02-02T15:20:55.896+0000] {processor.py:830} INFO - Processing file /home/airflow/.local/lib/python3.8/site-packages/airflow/example_dags/tutorial_dag.py for tasks to queue
[2024-02-02T15:20:55.898+0000] {logging_mixin.py:188} INFO - [2024-02-02T15:20:55.897+0000] {dagbag.py:538} INFO - Filling up the DagBag from /home/airflow/.local/lib/python3.8/site-packages/airflow/example_dags/tutorial_dag.py
[2024-02-02T15:20:55.907+0000] {processor.py:840} INFO - DAG(s) 'tutorial_dag' retrieved from /home/airflow/.local/lib/python3.8/site-packages/airflow/example_dags/tutorial_dag.py
[2024-02-02T15:20:55.936+0000] {logging_mixin.py:188} INFO - [2024-02-02T15:20:55.936+0000] {dag.py:3036} INFO - Sync 1 DAGs
[2024-02-02T15:20:55.955+0000] {logging_mixin.py:188} INFO - [2024-02-02T15:20:55.954+0000] {dag.py:3823} INFO - Setting next_dagrun for tutorial_dag to None, run_after=None
[2024-02-02T15:20:55.988+0000] {processor.py:183} INFO - Processing /home/airflow/.local/lib/python3.8/site-packages/airflow/example_dags/tutorial_dag.py took 0.100 seconds
[2024-02-02T15:21:26.277+0000] {processor.py:161} INFO - Started process (PID=4267) to work on /home/airflow/.local/lib/python3.8/site-packages/airflow/example_dags/tutorial_dag.py
[2024-02-02T15:21:26.279+0000] {processor.py:830} INFO - Processing file /home/airflow/.local/lib/python3.8/site-packages/airflow/example_dags/tutorial_dag.py for tasks to queue
[2024-02-02T15:21:26.280+0000] {logging_mixin.py:188} INFO - [2024-02-02T15:21:26.280+0000] {dagbag.py:538} INFO - Filling up the DagBag from /home/airflow/.local/lib/python3.8/site-packages/airflow/example_dags/tutorial_dag.py
[2024-02-02T15:21:26.288+0000] {processor.py:840} INFO - DAG(s) 'tutorial_dag' retrieved from /home/airflow/.local/lib/python3.8/site-packages/airflow/example_dags/tutorial_dag.py
[2024-02-02T15:21:26.317+0000] {logging_mixin.py:188} INFO - [2024-02-02T15:21:26.316+0000] {dag.py:3036} INFO - Sync 1 DAGs
[2024-02-02T15:21:26.334+0000] {logging_mixin.py:188} INFO - [2024-02-02T15:21:26.333+0000] {dag.py:3823} INFO - Setting next_dagrun for tutorial_dag to None, run_after=None
[2024-02-02T15:21:26.360+0000] {processor.py:183} INFO - Processing /home/airflow/.local/lib/python3.8/site-packages/airflow/example_dags/tutorial_dag.py took 0.087 seconds
[2024-02-02T15:21:56.554+0000] {processor.py:161} INFO - Started process (PID=4514) to work on /home/airflow/.local/lib/python3.8/site-packages/airflow/example_dags/tutorial_dag.py
[2024-02-02T15:21:56.555+0000] {processor.py:830} INFO - Processing file /home/airflow/.local/lib/python3.8/site-packages/airflow/example_dags/tutorial_dag.py for tasks to queue
[2024-02-02T15:21:56.557+0000] {logging_mixin.py:188} INFO - [2024-02-02T15:21:56.557+0000] {dagbag.py:538} INFO - Filling up the DagBag from /home/airflow/.local/lib/python3.8/site-packages/airflow/example_dags/tutorial_dag.py
[2024-02-02T15:21:56.564+0000] {processor.py:840} INFO - DAG(s) 'tutorial_dag' retrieved from /home/airflow/.local/lib/python3.8/site-packages/airflow/example_dags/tutorial_dag.py
[2024-02-02T15:21:56.593+0000] {logging_mixin.py:188} INFO - [2024-02-02T15:21:56.592+0000] {dag.py:3036} INFO - Sync 1 DAGs
[2024-02-02T15:21:56.608+0000] {logging_mixin.py:188} INFO - [2024-02-02T15:21:56.607+0000] {dag.py:3823} INFO - Setting next_dagrun for tutorial_dag to None, run_after=None
[2024-02-02T15:21:56.634+0000] {processor.py:183} INFO - Processing /home/airflow/.local/lib/python3.8/site-packages/airflow/example_dags/tutorial_dag.py took 0.085 seconds
[2024-02-02T15:22:27.036+0000] {processor.py:161} INFO - Started process (PID=4761) to work on /home/airflow/.local/lib/python3.8/site-packages/airflow/example_dags/tutorial_dag.py
[2024-02-02T15:22:27.037+0000] {processor.py:830} INFO - Processing file /home/airflow/.local/lib/python3.8/site-packages/airflow/example_dags/tutorial_dag.py for tasks to queue
[2024-02-02T15:22:27.039+0000] {logging_mixin.py:188} INFO - [2024-02-02T15:22:27.038+0000] {dagbag.py:538} INFO - Filling up the DagBag from /home/airflow/.local/lib/python3.8/site-packages/airflow/example_dags/tutorial_dag.py
[2024-02-02T15:22:27.046+0000] {processor.py:840} INFO - DAG(s) 'tutorial_dag' retrieved from /home/airflow/.local/lib/python3.8/site-packages/airflow/example_dags/tutorial_dag.py
[2024-02-02T15:22:27.075+0000] {logging_mixin.py:188} INFO - [2024-02-02T15:22:27.075+0000] {dag.py:3036} INFO - Sync 1 DAGs
[2024-02-02T15:22:27.092+0000] {logging_mixin.py:188} INFO - [2024-02-02T15:22:27.091+0000] {dag.py:3823} INFO - Setting next_dagrun for tutorial_dag to None, run_after=None
[2024-02-02T15:22:27.117+0000] {processor.py:183} INFO - Processing /home/airflow/.local/lib/python3.8/site-packages/airflow/example_dags/tutorial_dag.py took 0.087 seconds
[2024-02-02T15:22:58.063+0000] {processor.py:161} INFO - Started process (PID=5008) to work on /home/airflow/.local/lib/python3.8/site-packages/airflow/example_dags/tutorial_dag.py
[2024-02-02T15:22:58.065+0000] {processor.py:830} INFO - Processing file /home/airflow/.local/lib/python3.8/site-packages/airflow/example_dags/tutorial_dag.py for tasks to queue
[2024-02-02T15:22:58.066+0000] {logging_mixin.py:188} INFO - [2024-02-02T15:22:58.066+0000] {dagbag.py:538} INFO - Filling up the DagBag from /home/airflow/.local/lib/python3.8/site-packages/airflow/example_dags/tutorial_dag.py
[2024-02-02T15:22:58.074+0000] {processor.py:840} INFO - DAG(s) 'tutorial_dag' retrieved from /home/airflow/.local/lib/python3.8/site-packages/airflow/example_dags/tutorial_dag.py
[2024-02-02T15:22:58.103+0000] {logging_mixin.py:188} INFO - [2024-02-02T15:22:58.103+0000] {dag.py:3036} INFO - Sync 1 DAGs
[2024-02-02T15:22:58.121+0000] {logging_mixin.py:188} INFO - [2024-02-02T15:22:58.121+0000] {dag.py:3823} INFO - Setting next_dagrun for tutorial_dag to None, run_after=None
[2024-02-02T15:22:58.156+0000] {processor.py:183} INFO - Processing /home/airflow/.local/lib/python3.8/site-packages/airflow/example_dags/tutorial_dag.py took 0.098 seconds
[2024-02-02T15:23:28.798+0000] {processor.py:161} INFO - Started process (PID=5255) to work on /home/airflow/.local/lib/python3.8/site-packages/airflow/example_dags/tutorial_dag.py
[2024-02-02T15:23:28.800+0000] {processor.py:830} INFO - Processing file /home/airflow/.local/lib/python3.8/site-packages/airflow/example_dags/tutorial_dag.py for tasks to queue
[2024-02-02T15:23:28.802+0000] {logging_mixin.py:188} INFO - [2024-02-02T15:23:28.801+0000] {dagbag.py:538} INFO - Filling up the DagBag from /home/airflow/.local/lib/python3.8/site-packages/airflow/example_dags/tutorial_dag.py
[2024-02-02T15:23:28.810+0000] {processor.py:840} INFO - DAG(s) 'tutorial_dag' retrieved from /home/airflow/.local/lib/python3.8/site-packages/airflow/example_dags/tutorial_dag.py
[2024-02-02T15:23:28.841+0000] {logging_mixin.py:188} INFO - [2024-02-02T15:23:28.841+0000] {dag.py:3036} INFO - Sync 1 DAGs
[2024-02-02T15:23:28.867+0000] {logging_mixin.py:188} INFO - [2024-02-02T15:23:28.866+0000] {dag.py:3823} INFO - Setting next_dagrun for tutorial_dag to None, run_after=None
[2024-02-02T15:23:28.900+0000] {processor.py:183} INFO - Processing /home/airflow/.local/lib/python3.8/site-packages/airflow/example_dags/tutorial_dag.py took 0.108 seconds
[2024-02-02T15:23:59.343+0000] {processor.py:161} INFO - Started process (PID=5504) to work on /home/airflow/.local/lib/python3.8/site-packages/airflow/example_dags/tutorial_dag.py
[2024-02-02T15:23:59.345+0000] {processor.py:830} INFO - Processing file /home/airflow/.local/lib/python3.8/site-packages/airflow/example_dags/tutorial_dag.py for tasks to queue
[2024-02-02T15:23:59.348+0000] {logging_mixin.py:188} INFO - [2024-02-02T15:23:59.347+0000] {dagbag.py:538} INFO - Filling up the DagBag from /home/airflow/.local/lib/python3.8/site-packages/airflow/example_dags/tutorial_dag.py
[2024-02-02T15:23:59.360+0000] {processor.py:840} INFO - DAG(s) 'tutorial_dag' retrieved from /home/airflow/.local/lib/python3.8/site-packages/airflow/example_dags/tutorial_dag.py
[2024-02-02T15:23:59.398+0000] {logging_mixin.py:188} INFO - [2024-02-02T15:23:59.397+0000] {dag.py:3036} INFO - Sync 1 DAGs
[2024-02-02T15:23:59.419+0000] {logging_mixin.py:188} INFO - [2024-02-02T15:23:59.419+0000] {dag.py:3823} INFO - Setting next_dagrun for tutorial_dag to None, run_after=None
[2024-02-02T15:23:59.450+0000] {processor.py:183} INFO - Processing /home/airflow/.local/lib/python3.8/site-packages/airflow/example_dags/tutorial_dag.py took 0.113 seconds
[2024-02-02T15:24:29.602+0000] {processor.py:161} INFO - Started process (PID=5757) to work on /home/airflow/.local/lib/python3.8/site-packages/airflow/example_dags/tutorial_dag.py
[2024-02-02T15:24:29.604+0000] {processor.py:830} INFO - Processing file /home/airflow/.local/lib/python3.8/site-packages/airflow/example_dags/tutorial_dag.py for tasks to queue
[2024-02-02T15:24:29.605+0000] {logging_mixin.py:188} INFO - [2024-02-02T15:24:29.605+0000] {dagbag.py:538} INFO - Filling up the DagBag from /home/airflow/.local/lib/python3.8/site-packages/airflow/example_dags/tutorial_dag.py
[2024-02-02T15:24:29.610+0000] {processor.py:840} INFO - DAG(s) 'tutorial_dag' retrieved from /home/airflow/.local/lib/python3.8/site-packages/airflow/example_dags/tutorial_dag.py
[2024-02-02T15:24:29.634+0000] {logging_mixin.py:188} INFO - [2024-02-02T15:24:29.634+0000] {dag.py:3036} INFO - Sync 1 DAGs
[2024-02-02T15:24:29.648+0000] {logging_mixin.py:188} INFO - [2024-02-02T15:24:29.648+0000] {dag.py:3823} INFO - Setting next_dagrun for tutorial_dag to None, run_after=None
[2024-02-02T15:24:29.670+0000] {processor.py:183} INFO - Processing /home/airflow/.local/lib/python3.8/site-packages/airflow/example_dags/tutorial_dag.py took 0.071 seconds
[2024-02-02T15:25:00.607+0000] {processor.py:161} INFO - Started process (PID=6004) to work on /home/airflow/.local/lib/python3.8/site-packages/airflow/example_dags/tutorial_dag.py
[2024-02-02T15:25:00.609+0000] {processor.py:830} INFO - Processing file /home/airflow/.local/lib/python3.8/site-packages/airflow/example_dags/tutorial_dag.py for tasks to queue
[2024-02-02T15:25:00.610+0000] {logging_mixin.py:188} INFO - [2024-02-02T15:25:00.610+0000] {dagbag.py:538} INFO - Filling up the DagBag from /home/airflow/.local/lib/python3.8/site-packages/airflow/example_dags/tutorial_dag.py
[2024-02-02T15:25:00.619+0000] {processor.py:840} INFO - DAG(s) 'tutorial_dag' retrieved from /home/airflow/.local/lib/python3.8/site-packages/airflow/example_dags/tutorial_dag.py
[2024-02-02T15:25:00.657+0000] {logging_mixin.py:188} INFO - [2024-02-02T15:25:00.657+0000] {dag.py:3036} INFO - Sync 1 DAGs
[2024-02-02T15:25:00.674+0000] {logging_mixin.py:188} INFO - [2024-02-02T15:25:00.674+0000] {dag.py:3823} INFO - Setting next_dagrun for tutorial_dag to None, run_after=None
[2024-02-02T15:25:00.701+0000] {processor.py:183} INFO - Processing /home/airflow/.local/lib/python3.8/site-packages/airflow/example_dags/tutorial_dag.py took 0.099 seconds
[2024-02-02T15:25:31.025+0000] {processor.py:161} INFO - Started process (PID=6251) to work on /home/airflow/.local/lib/python3.8/site-packages/airflow/example_dags/tutorial_dag.py
[2024-02-02T15:25:31.026+0000] {processor.py:830} INFO - Processing file /home/airflow/.local/lib/python3.8/site-packages/airflow/example_dags/tutorial_dag.py for tasks to queue
[2024-02-02T15:25:31.027+0000] {logging_mixin.py:188} INFO - [2024-02-02T15:25:31.027+0000] {dagbag.py:538} INFO - Filling up the DagBag from /home/airflow/.local/lib/python3.8/site-packages/airflow/example_dags/tutorial_dag.py
[2024-02-02T15:25:31.033+0000] {processor.py:840} INFO - DAG(s) 'tutorial_dag' retrieved from /home/airflow/.local/lib/python3.8/site-packages/airflow/example_dags/tutorial_dag.py
[2024-02-02T15:25:31.057+0000] {logging_mixin.py:188} INFO - [2024-02-02T15:25:31.057+0000] {dag.py:3036} INFO - Sync 1 DAGs
[2024-02-02T15:25:31.070+0000] {logging_mixin.py:188} INFO - [2024-02-02T15:25:31.070+0000] {dag.py:3823} INFO - Setting next_dagrun for tutorial_dag to None, run_after=None
[2024-02-02T15:25:31.093+0000] {processor.py:183} INFO - Processing /home/airflow/.local/lib/python3.8/site-packages/airflow/example_dags/tutorial_dag.py took 0.072 seconds
[2024-02-02T15:26:01.680+0000] {processor.py:161} INFO - Started process (PID=6498) to work on /home/airflow/.local/lib/python3.8/site-packages/airflow/example_dags/tutorial_dag.py
[2024-02-02T15:26:01.681+0000] {processor.py:830} INFO - Processing file /home/airflow/.local/lib/python3.8/site-packages/airflow/example_dags/tutorial_dag.py for tasks to queue
[2024-02-02T15:26:01.683+0000] {logging_mixin.py:188} INFO - [2024-02-02T15:26:01.683+0000] {dagbag.py:538} INFO - Filling up the DagBag from /home/airflow/.local/lib/python3.8/site-packages/airflow/example_dags/tutorial_dag.py
[2024-02-02T15:26:01.693+0000] {processor.py:840} INFO - DAG(s) 'tutorial_dag' retrieved from /home/airflow/.local/lib/python3.8/site-packages/airflow/example_dags/tutorial_dag.py
[2024-02-02T15:26:01.729+0000] {logging_mixin.py:188} INFO - [2024-02-02T15:26:01.728+0000] {dag.py:3036} INFO - Sync 1 DAGs
[2024-02-02T15:26:01.748+0000] {logging_mixin.py:188} INFO - [2024-02-02T15:26:01.747+0000] {dag.py:3823} INFO - Setting next_dagrun for tutorial_dag to None, run_after=None
[2024-02-02T15:26:01.776+0000] {processor.py:183} INFO - Processing /home/airflow/.local/lib/python3.8/site-packages/airflow/example_dags/tutorial_dag.py took 0.101 seconds
[2024-02-02T15:26:32.389+0000] {processor.py:161} INFO - Started process (PID=6745) to work on /home/airflow/.local/lib/python3.8/site-packages/airflow/example_dags/tutorial_dag.py
[2024-02-02T15:26:32.390+0000] {processor.py:830} INFO - Processing file /home/airflow/.local/lib/python3.8/site-packages/airflow/example_dags/tutorial_dag.py for tasks to queue
[2024-02-02T15:26:32.392+0000] {logging_mixin.py:188} INFO - [2024-02-02T15:26:32.392+0000] {dagbag.py:538} INFO - Filling up the DagBag from /home/airflow/.local/lib/python3.8/site-packages/airflow/example_dags/tutorial_dag.py
[2024-02-02T15:26:32.402+0000] {processor.py:840} INFO - DAG(s) 'tutorial_dag' retrieved from /home/airflow/.local/lib/python3.8/site-packages/airflow/example_dags/tutorial_dag.py
[2024-02-02T15:26:32.433+0000] {logging_mixin.py:188} INFO - [2024-02-02T15:26:32.433+0000] {dag.py:3036} INFO - Sync 1 DAGs
[2024-02-02T15:26:32.450+0000] {logging_mixin.py:188} INFO - [2024-02-02T15:26:32.450+0000] {dag.py:3823} INFO - Setting next_dagrun for tutorial_dag to None, run_after=None
[2024-02-02T15:26:32.471+0000] {processor.py:183} INFO - Processing /home/airflow/.local/lib/python3.8/site-packages/airflow/example_dags/tutorial_dag.py took 0.088 seconds
[2024-02-02T15:27:02.621+0000] {processor.py:161} INFO - Started process (PID=6992) to work on /home/airflow/.local/lib/python3.8/site-packages/airflow/example_dags/tutorial_dag.py
[2024-02-02T15:27:02.622+0000] {processor.py:830} INFO - Processing file /home/airflow/.local/lib/python3.8/site-packages/airflow/example_dags/tutorial_dag.py for tasks to queue
[2024-02-02T15:27:02.623+0000] {logging_mixin.py:188} INFO - [2024-02-02T15:27:02.623+0000] {dagbag.py:538} INFO - Filling up the DagBag from /home/airflow/.local/lib/python3.8/site-packages/airflow/example_dags/tutorial_dag.py
[2024-02-02T15:27:02.630+0000] {processor.py:840} INFO - DAG(s) 'tutorial_dag' retrieved from /home/airflow/.local/lib/python3.8/site-packages/airflow/example_dags/tutorial_dag.py
[2024-02-02T15:27:02.655+0000] {logging_mixin.py:188} INFO - [2024-02-02T15:27:02.654+0000] {dag.py:3036} INFO - Sync 1 DAGs
[2024-02-02T15:27:02.669+0000] {logging_mixin.py:188} INFO - [2024-02-02T15:27:02.669+0000] {dag.py:3823} INFO - Setting next_dagrun for tutorial_dag to None, run_after=None
[2024-02-02T15:27:02.693+0000] {processor.py:183} INFO - Processing /home/airflow/.local/lib/python3.8/site-packages/airflow/example_dags/tutorial_dag.py took 0.076 seconds
[2024-02-02T15:27:33.473+0000] {processor.py:161} INFO - Started process (PID=7239) to work on /home/airflow/.local/lib/python3.8/site-packages/airflow/example_dags/tutorial_dag.py
[2024-02-02T15:27:33.474+0000] {processor.py:830} INFO - Processing file /home/airflow/.local/lib/python3.8/site-packages/airflow/example_dags/tutorial_dag.py for tasks to queue
[2024-02-02T15:27:33.475+0000] {logging_mixin.py:188} INFO - [2024-02-02T15:27:33.475+0000] {dagbag.py:538} INFO - Filling up the DagBag from /home/airflow/.local/lib/python3.8/site-packages/airflow/example_dags/tutorial_dag.py
[2024-02-02T15:27:33.482+0000] {processor.py:840} INFO - DAG(s) 'tutorial_dag' retrieved from /home/airflow/.local/lib/python3.8/site-packages/airflow/example_dags/tutorial_dag.py
[2024-02-02T15:27:33.506+0000] {logging_mixin.py:188} INFO - [2024-02-02T15:27:33.506+0000] {dag.py:3036} INFO - Sync 1 DAGs
[2024-02-02T15:27:33.521+0000] {logging_mixin.py:188} INFO - [2024-02-02T15:27:33.521+0000] {dag.py:3823} INFO - Setting next_dagrun for tutorial_dag to None, run_after=None
[2024-02-02T15:27:33.544+0000] {processor.py:183} INFO - Processing /home/airflow/.local/lib/python3.8/site-packages/airflow/example_dags/tutorial_dag.py took 0.075 seconds
[2024-02-02T15:28:03.804+0000] {processor.py:161} INFO - Started process (PID=7486) to work on /home/airflow/.local/lib/python3.8/site-packages/airflow/example_dags/tutorial_dag.py
[2024-02-02T15:28:03.805+0000] {processor.py:830} INFO - Processing file /home/airflow/.local/lib/python3.8/site-packages/airflow/example_dags/tutorial_dag.py for tasks to queue
[2024-02-02T15:28:03.806+0000] {logging_mixin.py:188} INFO - [2024-02-02T15:28:03.806+0000] {dagbag.py:538} INFO - Filling up the DagBag from /home/airflow/.local/lib/python3.8/site-packages/airflow/example_dags/tutorial_dag.py
[2024-02-02T15:28:03.812+0000] {processor.py:840} INFO - DAG(s) 'tutorial_dag' retrieved from /home/airflow/.local/lib/python3.8/site-packages/airflow/example_dags/tutorial_dag.py
[2024-02-02T15:28:03.837+0000] {logging_mixin.py:188} INFO - [2024-02-02T15:28:03.837+0000] {dag.py:3036} INFO - Sync 1 DAGs
[2024-02-02T15:28:03.852+0000] {logging_mixin.py:188} INFO - [2024-02-02T15:28:03.852+0000] {dag.py:3823} INFO - Setting next_dagrun for tutorial_dag to None, run_after=None
[2024-02-02T15:28:03.873+0000] {processor.py:183} INFO - Processing /home/airflow/.local/lib/python3.8/site-packages/airflow/example_dags/tutorial_dag.py took 0.074 seconds
[2024-02-02T15:28:34.210+0000] {processor.py:161} INFO - Started process (PID=7733) to work on /home/airflow/.local/lib/python3.8/site-packages/airflow/example_dags/tutorial_dag.py
[2024-02-02T15:28:34.212+0000] {processor.py:830} INFO - Processing file /home/airflow/.local/lib/python3.8/site-packages/airflow/example_dags/tutorial_dag.py for tasks to queue
[2024-02-02T15:28:34.214+0000] {logging_mixin.py:188} INFO - [2024-02-02T15:28:34.213+0000] {dagbag.py:538} INFO - Filling up the DagBag from /home/airflow/.local/lib/python3.8/site-packages/airflow/example_dags/tutorial_dag.py
[2024-02-02T15:28:34.221+0000] {processor.py:840} INFO - DAG(s) 'tutorial_dag' retrieved from /home/airflow/.local/lib/python3.8/site-packages/airflow/example_dags/tutorial_dag.py
[2024-02-02T15:28:34.242+0000] {logging_mixin.py:188} INFO - [2024-02-02T15:28:34.242+0000] {dag.py:3036} INFO - Sync 1 DAGs
[2024-02-02T15:28:34.256+0000] {logging_mixin.py:188} INFO - [2024-02-02T15:28:34.256+0000] {dag.py:3823} INFO - Setting next_dagrun for tutorial_dag to None, run_after=None
[2024-02-02T15:28:34.279+0000] {processor.py:183} INFO - Processing /home/airflow/.local/lib/python3.8/site-packages/airflow/example_dags/tutorial_dag.py took 0.074 seconds
[2024-02-02T15:29:04.587+0000] {processor.py:161} INFO - Started process (PID=7980) to work on /home/airflow/.local/lib/python3.8/site-packages/airflow/example_dags/tutorial_dag.py
[2024-02-02T15:29:04.588+0000] {processor.py:830} INFO - Processing file /home/airflow/.local/lib/python3.8/site-packages/airflow/example_dags/tutorial_dag.py for tasks to queue
[2024-02-02T15:29:04.590+0000] {logging_mixin.py:188} INFO - [2024-02-02T15:29:04.589+0000] {dagbag.py:538} INFO - Filling up the DagBag from /home/airflow/.local/lib/python3.8/site-packages/airflow/example_dags/tutorial_dag.py
[2024-02-02T15:29:04.595+0000] {processor.py:840} INFO - DAG(s) 'tutorial_dag' retrieved from /home/airflow/.local/lib/python3.8/site-packages/airflow/example_dags/tutorial_dag.py
[2024-02-02T15:29:04.619+0000] {logging_mixin.py:188} INFO - [2024-02-02T15:29:04.619+0000] {dag.py:3036} INFO - Sync 1 DAGs
[2024-02-02T15:29:04.633+0000] {logging_mixin.py:188} INFO - [2024-02-02T15:29:04.633+0000] {dag.py:3823} INFO - Setting next_dagrun for tutorial_dag to None, run_after=None
[2024-02-02T15:29:04.657+0000] {processor.py:183} INFO - Processing /home/airflow/.local/lib/python3.8/site-packages/airflow/example_dags/tutorial_dag.py took 0.074 seconds
[2024-02-02T15:29:34.904+0000] {processor.py:161} INFO - Started process (PID=8227) to work on /home/airflow/.local/lib/python3.8/site-packages/airflow/example_dags/tutorial_dag.py
[2024-02-02T15:29:34.905+0000] {processor.py:830} INFO - Processing file /home/airflow/.local/lib/python3.8/site-packages/airflow/example_dags/tutorial_dag.py for tasks to queue
[2024-02-02T15:29:34.906+0000] {logging_mixin.py:188} INFO - [2024-02-02T15:29:34.906+0000] {dagbag.py:538} INFO - Filling up the DagBag from /home/airflow/.local/lib/python3.8/site-packages/airflow/example_dags/tutorial_dag.py
[2024-02-02T15:29:34.912+0000] {processor.py:840} INFO - DAG(s) 'tutorial_dag' retrieved from /home/airflow/.local/lib/python3.8/site-packages/airflow/example_dags/tutorial_dag.py
[2024-02-02T15:29:34.936+0000] {logging_mixin.py:188} INFO - [2024-02-02T15:29:34.936+0000] {dag.py:3036} INFO - Sync 1 DAGs
[2024-02-02T15:29:34.951+0000] {logging_mixin.py:188} INFO - [2024-02-02T15:29:34.951+0000] {dag.py:3823} INFO - Setting next_dagrun for tutorial_dag to None, run_after=None
[2024-02-02T15:29:34.979+0000] {processor.py:183} INFO - Processing /home/airflow/.local/lib/python3.8/site-packages/airflow/example_dags/tutorial_dag.py took 0.079 seconds
[2024-02-02T15:30:05.564+0000] {processor.py:161} INFO - Started process (PID=8474) to work on /home/airflow/.local/lib/python3.8/site-packages/airflow/example_dags/tutorial_dag.py
[2024-02-02T15:30:05.565+0000] {processor.py:830} INFO - Processing file /home/airflow/.local/lib/python3.8/site-packages/airflow/example_dags/tutorial_dag.py for tasks to queue
[2024-02-02T15:30:05.567+0000] {logging_mixin.py:188} INFO - [2024-02-02T15:30:05.566+0000] {dagbag.py:538} INFO - Filling up the DagBag from /home/airflow/.local/lib/python3.8/site-packages/airflow/example_dags/tutorial_dag.py
[2024-02-02T15:30:05.573+0000] {processor.py:840} INFO - DAG(s) 'tutorial_dag' retrieved from /home/airflow/.local/lib/python3.8/site-packages/airflow/example_dags/tutorial_dag.py
[2024-02-02T15:30:05.596+0000] {logging_mixin.py:188} INFO - [2024-02-02T15:30:05.596+0000] {dag.py:3036} INFO - Sync 1 DAGs
[2024-02-02T15:30:05.611+0000] {logging_mixin.py:188} INFO - [2024-02-02T15:30:05.611+0000] {dag.py:3823} INFO - Setting next_dagrun for tutorial_dag to None, run_after=None
[2024-02-02T15:30:05.633+0000] {processor.py:183} INFO - Processing /home/airflow/.local/lib/python3.8/site-packages/airflow/example_dags/tutorial_dag.py took 0.073 seconds
[2024-02-02T15:30:35.754+0000] {processor.py:161} INFO - Started process (PID=8721) to work on /home/airflow/.local/lib/python3.8/site-packages/airflow/example_dags/tutorial_dag.py
[2024-02-02T15:30:35.755+0000] {processor.py:830} INFO - Processing file /home/airflow/.local/lib/python3.8/site-packages/airflow/example_dags/tutorial_dag.py for tasks to queue
[2024-02-02T15:30:35.757+0000] {logging_mixin.py:188} INFO - [2024-02-02T15:30:35.757+0000] {dagbag.py:538} INFO - Filling up the DagBag from /home/airflow/.local/lib/python3.8/site-packages/airflow/example_dags/tutorial_dag.py
[2024-02-02T15:30:35.764+0000] {processor.py:840} INFO - DAG(s) 'tutorial_dag' retrieved from /home/airflow/.local/lib/python3.8/site-packages/airflow/example_dags/tutorial_dag.py
[2024-02-02T15:30:35.789+0000] {logging_mixin.py:188} INFO - [2024-02-02T15:30:35.788+0000] {dag.py:3036} INFO - Sync 1 DAGs
[2024-02-02T15:30:35.808+0000] {logging_mixin.py:188} INFO - [2024-02-02T15:30:35.808+0000] {dag.py:3823} INFO - Setting next_dagrun for tutorial_dag to None, run_after=None
[2024-02-02T15:30:35.832+0000] {processor.py:183} INFO - Processing /home/airflow/.local/lib/python3.8/site-packages/airflow/example_dags/tutorial_dag.py took 0.082 seconds
[2024-02-02T15:31:06.122+0000] {processor.py:161} INFO - Started process (PID=8968) to work on /home/airflow/.local/lib/python3.8/site-packages/airflow/example_dags/tutorial_dag.py
[2024-02-02T15:31:06.124+0000] {processor.py:830} INFO - Processing file /home/airflow/.local/lib/python3.8/site-packages/airflow/example_dags/tutorial_dag.py for tasks to queue
[2024-02-02T15:31:06.125+0000] {logging_mixin.py:188} INFO - [2024-02-02T15:31:06.125+0000] {dagbag.py:538} INFO - Filling up the DagBag from /home/airflow/.local/lib/python3.8/site-packages/airflow/example_dags/tutorial_dag.py
[2024-02-02T15:31:06.132+0000] {processor.py:840} INFO - DAG(s) 'tutorial_dag' retrieved from /home/airflow/.local/lib/python3.8/site-packages/airflow/example_dags/tutorial_dag.py
[2024-02-02T15:31:06.158+0000] {logging_mixin.py:188} INFO - [2024-02-02T15:31:06.158+0000] {dag.py:3036} INFO - Sync 1 DAGs
[2024-02-02T15:31:06.201+0000] {logging_mixin.py:188} INFO - [2024-02-02T15:31:06.200+0000] {dag.py:3823} INFO - Setting next_dagrun for tutorial_dag to None, run_after=None
[2024-02-02T15:31:06.229+0000] {processor.py:183} INFO - Processing /home/airflow/.local/lib/python3.8/site-packages/airflow/example_dags/tutorial_dag.py took 0.111 seconds
[2024-02-02T15:31:36.453+0000] {processor.py:161} INFO - Started process (PID=9215) to work on /home/airflow/.local/lib/python3.8/site-packages/airflow/example_dags/tutorial_dag.py
[2024-02-02T15:31:36.455+0000] {processor.py:830} INFO - Processing file /home/airflow/.local/lib/python3.8/site-packages/airflow/example_dags/tutorial_dag.py for tasks to queue
[2024-02-02T15:31:36.456+0000] {logging_mixin.py:188} INFO - [2024-02-02T15:31:36.456+0000] {dagbag.py:538} INFO - Filling up the DagBag from /home/airflow/.local/lib/python3.8/site-packages/airflow/example_dags/tutorial_dag.py
[2024-02-02T15:31:36.466+0000] {processor.py:840} INFO - DAG(s) 'tutorial_dag' retrieved from /home/airflow/.local/lib/python3.8/site-packages/airflow/example_dags/tutorial_dag.py
[2024-02-02T15:31:36.500+0000] {logging_mixin.py:188} INFO - [2024-02-02T15:31:36.499+0000] {dag.py:3036} INFO - Sync 1 DAGs
[2024-02-02T15:31:36.522+0000] {logging_mixin.py:188} INFO - [2024-02-02T15:31:36.521+0000] {dag.py:3823} INFO - Setting next_dagrun for tutorial_dag to None, run_after=None
[2024-02-02T15:31:36.552+0000] {processor.py:183} INFO - Processing /home/airflow/.local/lib/python3.8/site-packages/airflow/example_dags/tutorial_dag.py took 0.103 seconds
[2024-02-02T15:32:06.757+0000] {processor.py:161} INFO - Started process (PID=9462) to work on /home/airflow/.local/lib/python3.8/site-packages/airflow/example_dags/tutorial_dag.py
[2024-02-02T15:32:06.758+0000] {processor.py:830} INFO - Processing file /home/airflow/.local/lib/python3.8/site-packages/airflow/example_dags/tutorial_dag.py for tasks to queue
[2024-02-02T15:32:06.759+0000] {logging_mixin.py:188} INFO - [2024-02-02T15:32:06.759+0000] {dagbag.py:538} INFO - Filling up the DagBag from /home/airflow/.local/lib/python3.8/site-packages/airflow/example_dags/tutorial_dag.py
[2024-02-02T15:32:06.765+0000] {processor.py:840} INFO - DAG(s) 'tutorial_dag' retrieved from /home/airflow/.local/lib/python3.8/site-packages/airflow/example_dags/tutorial_dag.py
[2024-02-02T15:32:06.788+0000] {logging_mixin.py:188} INFO - [2024-02-02T15:32:06.788+0000] {dag.py:3036} INFO - Sync 1 DAGs
[2024-02-02T15:32:06.803+0000] {logging_mixin.py:188} INFO - [2024-02-02T15:32:06.803+0000] {dag.py:3823} INFO - Setting next_dagrun for tutorial_dag to None, run_after=None
[2024-02-02T15:32:06.829+0000] {processor.py:183} INFO - Processing /home/airflow/.local/lib/python3.8/site-packages/airflow/example_dags/tutorial_dag.py took 0.076 seconds
[2024-02-02T15:32:37.028+0000] {processor.py:161} INFO - Started process (PID=9709) to work on /home/airflow/.local/lib/python3.8/site-packages/airflow/example_dags/tutorial_dag.py
[2024-02-02T15:32:37.029+0000] {processor.py:830} INFO - Processing file /home/airflow/.local/lib/python3.8/site-packages/airflow/example_dags/tutorial_dag.py for tasks to queue
[2024-02-02T15:32:37.030+0000] {logging_mixin.py:188} INFO - [2024-02-02T15:32:37.030+0000] {dagbag.py:538} INFO - Filling up the DagBag from /home/airflow/.local/lib/python3.8/site-packages/airflow/example_dags/tutorial_dag.py
[2024-02-02T15:32:37.037+0000] {processor.py:840} INFO - DAG(s) 'tutorial_dag' retrieved from /home/airflow/.local/lib/python3.8/site-packages/airflow/example_dags/tutorial_dag.py
[2024-02-02T15:32:37.060+0000] {logging_mixin.py:188} INFO - [2024-02-02T15:32:37.060+0000] {dag.py:3036} INFO - Sync 1 DAGs
[2024-02-02T15:32:37.075+0000] {logging_mixin.py:188} INFO - [2024-02-02T15:32:37.075+0000] {dag.py:3823} INFO - Setting next_dagrun for tutorial_dag to None, run_after=None
[2024-02-02T15:32:37.097+0000] {processor.py:183} INFO - Processing /home/airflow/.local/lib/python3.8/site-packages/airflow/example_dags/tutorial_dag.py took 0.072 seconds
[2024-02-02T15:33:08.090+0000] {processor.py:161} INFO - Started process (PID=9956) to work on /home/airflow/.local/lib/python3.8/site-packages/airflow/example_dags/tutorial_dag.py
[2024-02-02T15:33:08.092+0000] {processor.py:830} INFO - Processing file /home/airflow/.local/lib/python3.8/site-packages/airflow/example_dags/tutorial_dag.py for tasks to queue
[2024-02-02T15:33:08.093+0000] {logging_mixin.py:188} INFO - [2024-02-02T15:33:08.093+0000] {dagbag.py:538} INFO - Filling up the DagBag from /home/airflow/.local/lib/python3.8/site-packages/airflow/example_dags/tutorial_dag.py
[2024-02-02T15:33:08.101+0000] {processor.py:840} INFO - DAG(s) 'tutorial_dag' retrieved from /home/airflow/.local/lib/python3.8/site-packages/airflow/example_dags/tutorial_dag.py
[2024-02-02T15:33:08.126+0000] {logging_mixin.py:188} INFO - [2024-02-02T15:33:08.126+0000] {dag.py:3036} INFO - Sync 1 DAGs
[2024-02-02T15:33:08.150+0000] {logging_mixin.py:188} INFO - [2024-02-02T15:33:08.149+0000] {dag.py:3823} INFO - Setting next_dagrun for tutorial_dag to None, run_after=None
[2024-02-02T15:33:08.180+0000] {processor.py:183} INFO - Processing /home/airflow/.local/lib/python3.8/site-packages/airflow/example_dags/tutorial_dag.py took 0.094 seconds
[2024-02-02T15:33:38.761+0000] {processor.py:161} INFO - Started process (PID=10203) to work on /home/airflow/.local/lib/python3.8/site-packages/airflow/example_dags/tutorial_dag.py
[2024-02-02T15:33:38.762+0000] {processor.py:830} INFO - Processing file /home/airflow/.local/lib/python3.8/site-packages/airflow/example_dags/tutorial_dag.py for tasks to queue
[2024-02-02T15:33:38.764+0000] {logging_mixin.py:188} INFO - [2024-02-02T15:33:38.763+0000] {dagbag.py:538} INFO - Filling up the DagBag from /home/airflow/.local/lib/python3.8/site-packages/airflow/example_dags/tutorial_dag.py
[2024-02-02T15:33:38.773+0000] {processor.py:840} INFO - DAG(s) 'tutorial_dag' retrieved from /home/airflow/.local/lib/python3.8/site-packages/airflow/example_dags/tutorial_dag.py
[2024-02-02T15:33:38.805+0000] {logging_mixin.py:188} INFO - [2024-02-02T15:33:38.805+0000] {dag.py:3036} INFO - Sync 1 DAGs
[2024-02-02T15:33:38.826+0000] {logging_mixin.py:188} INFO - [2024-02-02T15:33:38.825+0000] {dag.py:3823} INFO - Setting next_dagrun for tutorial_dag to None, run_after=None
[2024-02-02T15:33:38.857+0000] {processor.py:183} INFO - Processing /home/airflow/.local/lib/python3.8/site-packages/airflow/example_dags/tutorial_dag.py took 0.102 seconds
[2024-02-02T15:34:08.939+0000] {processor.py:161} INFO - Started process (PID=10450) to work on /home/airflow/.local/lib/python3.8/site-packages/airflow/example_dags/tutorial_dag.py
[2024-02-02T15:34:08.941+0000] {processor.py:830} INFO - Processing file /home/airflow/.local/lib/python3.8/site-packages/airflow/example_dags/tutorial_dag.py for tasks to queue
[2024-02-02T15:34:08.942+0000] {logging_mixin.py:188} INFO - [2024-02-02T15:34:08.942+0000] {dagbag.py:538} INFO - Filling up the DagBag from /home/airflow/.local/lib/python3.8/site-packages/airflow/example_dags/tutorial_dag.py
[2024-02-02T15:34:08.949+0000] {processor.py:840} INFO - DAG(s) 'tutorial_dag' retrieved from /home/airflow/.local/lib/python3.8/site-packages/airflow/example_dags/tutorial_dag.py
[2024-02-02T15:34:08.973+0000] {logging_mixin.py:188} INFO - [2024-02-02T15:34:08.973+0000] {dag.py:3036} INFO - Sync 1 DAGs
[2024-02-02T15:34:08.989+0000] {logging_mixin.py:188} INFO - [2024-02-02T15:34:08.989+0000] {dag.py:3823} INFO - Setting next_dagrun for tutorial_dag to None, run_after=None
[2024-02-02T15:34:09.010+0000] {processor.py:183} INFO - Processing /home/airflow/.local/lib/python3.8/site-packages/airflow/example_dags/tutorial_dag.py took 0.075 seconds
[2024-02-02T15:34:39.438+0000] {processor.py:161} INFO - Started process (PID=10697) to work on /home/airflow/.local/lib/python3.8/site-packages/airflow/example_dags/tutorial_dag.py
[2024-02-02T15:34:39.439+0000] {processor.py:830} INFO - Processing file /home/airflow/.local/lib/python3.8/site-packages/airflow/example_dags/tutorial_dag.py for tasks to queue
[2024-02-02T15:34:39.440+0000] {logging_mixin.py:188} INFO - [2024-02-02T15:34:39.440+0000] {dagbag.py:538} INFO - Filling up the DagBag from /home/airflow/.local/lib/python3.8/site-packages/airflow/example_dags/tutorial_dag.py
[2024-02-02T15:34:39.451+0000] {processor.py:840} INFO - DAG(s) 'tutorial_dag' retrieved from /home/airflow/.local/lib/python3.8/site-packages/airflow/example_dags/tutorial_dag.py
[2024-02-02T15:34:39.479+0000] {logging_mixin.py:188} INFO - [2024-02-02T15:34:39.478+0000] {dag.py:3036} INFO - Sync 1 DAGs
[2024-02-02T15:34:39.498+0000] {logging_mixin.py:188} INFO - [2024-02-02T15:34:39.498+0000] {dag.py:3823} INFO - Setting next_dagrun for tutorial_dag to None, run_after=None
[2024-02-02T15:34:39.523+0000] {processor.py:183} INFO - Processing /home/airflow/.local/lib/python3.8/site-packages/airflow/example_dags/tutorial_dag.py took 0.089 seconds
[2024-02-02T15:35:10.286+0000] {processor.py:161} INFO - Started process (PID=10938) to work on /home/airflow/.local/lib/python3.8/site-packages/airflow/example_dags/tutorial_dag.py
[2024-02-02T15:35:10.288+0000] {processor.py:830} INFO - Processing file /home/airflow/.local/lib/python3.8/site-packages/airflow/example_dags/tutorial_dag.py for tasks to queue
[2024-02-02T15:35:10.289+0000] {logging_mixin.py:188} INFO - [2024-02-02T15:35:10.289+0000] {dagbag.py:538} INFO - Filling up the DagBag from /home/airflow/.local/lib/python3.8/site-packages/airflow/example_dags/tutorial_dag.py
[2024-02-02T15:35:10.297+0000] {processor.py:840} INFO - DAG(s) 'tutorial_dag' retrieved from /home/airflow/.local/lib/python3.8/site-packages/airflow/example_dags/tutorial_dag.py
[2024-02-02T15:35:10.319+0000] {logging_mixin.py:188} INFO - [2024-02-02T15:35:10.319+0000] {dag.py:3036} INFO - Sync 1 DAGs
[2024-02-02T15:35:10.334+0000] {logging_mixin.py:188} INFO - [2024-02-02T15:35:10.333+0000] {dag.py:3823} INFO - Setting next_dagrun for tutorial_dag to None, run_after=None
[2024-02-02T15:35:10.364+0000] {processor.py:183} INFO - Processing /home/airflow/.local/lib/python3.8/site-packages/airflow/example_dags/tutorial_dag.py took 0.082 seconds
[2024-02-02T15:35:40.472+0000] {processor.py:161} INFO - Started process (PID=11185) to work on /home/airflow/.local/lib/python3.8/site-packages/airflow/example_dags/tutorial_dag.py
[2024-02-02T15:35:40.474+0000] {processor.py:830} INFO - Processing file /home/airflow/.local/lib/python3.8/site-packages/airflow/example_dags/tutorial_dag.py for tasks to queue
[2024-02-02T15:35:40.476+0000] {logging_mixin.py:188} INFO - [2024-02-02T15:35:40.475+0000] {dagbag.py:538} INFO - Filling up the DagBag from /home/airflow/.local/lib/python3.8/site-packages/airflow/example_dags/tutorial_dag.py
[2024-02-02T15:35:40.488+0000] {processor.py:840} INFO - DAG(s) 'tutorial_dag' retrieved from /home/airflow/.local/lib/python3.8/site-packages/airflow/example_dags/tutorial_dag.py
[2024-02-02T15:35:40.513+0000] {logging_mixin.py:188} INFO - [2024-02-02T15:35:40.513+0000] {dag.py:3036} INFO - Sync 1 DAGs
[2024-02-02T15:35:40.529+0000] {logging_mixin.py:188} INFO - [2024-02-02T15:35:40.529+0000] {dag.py:3823} INFO - Setting next_dagrun for tutorial_dag to None, run_after=None
[2024-02-02T15:35:40.550+0000] {processor.py:183} INFO - Processing /home/airflow/.local/lib/python3.8/site-packages/airflow/example_dags/tutorial_dag.py took 0.081 seconds
[2024-02-02T15:36:10.614+0000] {processor.py:161} INFO - Started process (PID=11430) to work on /home/airflow/.local/lib/python3.8/site-packages/airflow/example_dags/tutorial_dag.py
[2024-02-02T15:36:10.616+0000] {processor.py:830} INFO - Processing file /home/airflow/.local/lib/python3.8/site-packages/airflow/example_dags/tutorial_dag.py for tasks to queue
[2024-02-02T15:36:10.617+0000] {logging_mixin.py:188} INFO - [2024-02-02T15:36:10.617+0000] {dagbag.py:538} INFO - Filling up the DagBag from /home/airflow/.local/lib/python3.8/site-packages/airflow/example_dags/tutorial_dag.py
[2024-02-02T15:36:10.625+0000] {processor.py:840} INFO - DAG(s) 'tutorial_dag' retrieved from /home/airflow/.local/lib/python3.8/site-packages/airflow/example_dags/tutorial_dag.py
[2024-02-02T15:36:10.655+0000] {logging_mixin.py:188} INFO - [2024-02-02T15:36:10.655+0000] {dag.py:3036} INFO - Sync 1 DAGs
[2024-02-02T15:36:10.673+0000] {logging_mixin.py:188} INFO - [2024-02-02T15:36:10.673+0000] {dag.py:3823} INFO - Setting next_dagrun for tutorial_dag to None, run_after=None
[2024-02-02T15:36:10.702+0000] {processor.py:183} INFO - Processing /home/airflow/.local/lib/python3.8/site-packages/airflow/example_dags/tutorial_dag.py took 0.092 seconds
