[2024-02-02T15:13:19.183+0000] {processor.py:161} INFO - Started process (PID=333) to work on /home/airflow/.local/lib/python3.8/site-packages/airflow/example_dags/tutorial_objectstorage.py
[2024-02-02T15:13:19.184+0000] {processor.py:830} INFO - Processing file /home/airflow/.local/lib/python3.8/site-packages/airflow/example_dags/tutorial_objectstorage.py for tasks to queue
[2024-02-02T15:13:19.186+0000] {logging_mixin.py:188} INFO - [2024-02-02T15:13:19.185+0000] {dagbag.py:538} INFO - Filling up the DagBag from /home/airflow/.local/lib/python3.8/site-packages/airflow/example_dags/tutorial_objectstorage.py
[2024-02-02T15:13:19.197+0000] {processor.py:840} INFO - DAG(s) 'tutorial_objectstorage' retrieved from /home/airflow/.local/lib/python3.8/site-packages/airflow/example_dags/tutorial_objectstorage.py
[2024-02-02T15:13:19.211+0000] {logging_mixin.py:188} INFO - [2024-02-02T15:13:19.210+0000] {dag.py:3036} INFO - Sync 1 DAGs
[2024-02-02T15:13:19.230+0000] {logging_mixin.py:188} INFO - [2024-02-02T15:13:19.230+0000] {dag.py:3823} INFO - Setting next_dagrun for tutorial_objectstorage to None, run_after=None
[2024-02-02T15:13:19.256+0000] {processor.py:183} INFO - Processing /home/airflow/.local/lib/python3.8/site-packages/airflow/example_dags/tutorial_objectstorage.py took 0.077 seconds
[2024-02-02T15:13:52.467+0000] {processor.py:161} INFO - Started process (PID=578) to work on /home/airflow/.local/lib/python3.8/site-packages/airflow/example_dags/tutorial_objectstorage.py
[2024-02-02T15:13:52.468+0000] {processor.py:830} INFO - Processing file /home/airflow/.local/lib/python3.8/site-packages/airflow/example_dags/tutorial_objectstorage.py for tasks to queue
[2024-02-02T15:13:52.470+0000] {logging_mixin.py:188} INFO - [2024-02-02T15:13:52.469+0000] {dagbag.py:538} INFO - Filling up the DagBag from /home/airflow/.local/lib/python3.8/site-packages/airflow/example_dags/tutorial_objectstorage.py
[2024-02-02T15:13:52.482+0000] {processor.py:840} INFO - DAG(s) 'tutorial_objectstorage' retrieved from /home/airflow/.local/lib/python3.8/site-packages/airflow/example_dags/tutorial_objectstorage.py
[2024-02-02T15:13:52.648+0000] {logging_mixin.py:188} INFO - [2024-02-02T15:13:52.647+0000] {dag.py:3036} INFO - Sync 1 DAGs
[2024-02-02T15:13:52.664+0000] {logging_mixin.py:188} INFO - [2024-02-02T15:13:52.664+0000] {dag.py:3823} INFO - Setting next_dagrun for tutorial_objectstorage to None, run_after=None
[2024-02-02T15:13:52.704+0000] {processor.py:183} INFO - Processing /home/airflow/.local/lib/python3.8/site-packages/airflow/example_dags/tutorial_objectstorage.py took 0.244 seconds
[2024-02-02T15:14:23.072+0000] {processor.py:161} INFO - Started process (PID=825) to work on /home/airflow/.local/lib/python3.8/site-packages/airflow/example_dags/tutorial_objectstorage.py
[2024-02-02T15:14:23.074+0000] {processor.py:830} INFO - Processing file /home/airflow/.local/lib/python3.8/site-packages/airflow/example_dags/tutorial_objectstorage.py for tasks to queue
[2024-02-02T15:14:23.075+0000] {logging_mixin.py:188} INFO - [2024-02-02T15:14:23.075+0000] {dagbag.py:538} INFO - Filling up the DagBag from /home/airflow/.local/lib/python3.8/site-packages/airflow/example_dags/tutorial_objectstorage.py
[2024-02-02T15:14:23.088+0000] {processor.py:840} INFO - DAG(s) 'tutorial_objectstorage' retrieved from /home/airflow/.local/lib/python3.8/site-packages/airflow/example_dags/tutorial_objectstorage.py
[2024-02-02T15:14:23.117+0000] {logging_mixin.py:188} INFO - [2024-02-02T15:14:23.117+0000] {dag.py:3036} INFO - Sync 1 DAGs
[2024-02-02T15:14:23.135+0000] {logging_mixin.py:188} INFO - [2024-02-02T15:14:23.135+0000] {dag.py:3823} INFO - Setting next_dagrun for tutorial_objectstorage to None, run_after=None
[2024-02-02T15:14:23.160+0000] {processor.py:183} INFO - Processing /home/airflow/.local/lib/python3.8/site-packages/airflow/example_dags/tutorial_objectstorage.py took 0.093 seconds
[2024-02-02T15:14:53.266+0000] {processor.py:161} INFO - Started process (PID=1072) to work on /home/airflow/.local/lib/python3.8/site-packages/airflow/example_dags/tutorial_objectstorage.py
[2024-02-02T15:14:53.267+0000] {processor.py:830} INFO - Processing file /home/airflow/.local/lib/python3.8/site-packages/airflow/example_dags/tutorial_objectstorage.py for tasks to queue
[2024-02-02T15:14:53.269+0000] {logging_mixin.py:188} INFO - [2024-02-02T15:14:53.268+0000] {dagbag.py:538} INFO - Filling up the DagBag from /home/airflow/.local/lib/python3.8/site-packages/airflow/example_dags/tutorial_objectstorage.py
[2024-02-02T15:14:53.278+0000] {processor.py:840} INFO - DAG(s) 'tutorial_objectstorage' retrieved from /home/airflow/.local/lib/python3.8/site-packages/airflow/example_dags/tutorial_objectstorage.py
[2024-02-02T15:14:53.301+0000] {logging_mixin.py:188} INFO - [2024-02-02T15:14:53.301+0000] {dag.py:3036} INFO - Sync 1 DAGs
[2024-02-02T15:14:53.317+0000] {logging_mixin.py:188} INFO - [2024-02-02T15:14:53.317+0000] {dag.py:3823} INFO - Setting next_dagrun for tutorial_objectstorage to None, run_after=None
[2024-02-02T15:14:53.342+0000] {processor.py:183} INFO - Processing /home/airflow/.local/lib/python3.8/site-packages/airflow/example_dags/tutorial_objectstorage.py took 0.081 seconds
[2024-02-02T15:15:23.676+0000] {processor.py:161} INFO - Started process (PID=1321) to work on /home/airflow/.local/lib/python3.8/site-packages/airflow/example_dags/tutorial_objectstorage.py
[2024-02-02T15:15:23.677+0000] {processor.py:830} INFO - Processing file /home/airflow/.local/lib/python3.8/site-packages/airflow/example_dags/tutorial_objectstorage.py for tasks to queue
[2024-02-02T15:15:23.679+0000] {logging_mixin.py:188} INFO - [2024-02-02T15:15:23.678+0000] {dagbag.py:538} INFO - Filling up the DagBag from /home/airflow/.local/lib/python3.8/site-packages/airflow/example_dags/tutorial_objectstorage.py
[2024-02-02T15:15:23.690+0000] {processor.py:840} INFO - DAG(s) 'tutorial_objectstorage' retrieved from /home/airflow/.local/lib/python3.8/site-packages/airflow/example_dags/tutorial_objectstorage.py
[2024-02-02T15:15:23.716+0000] {logging_mixin.py:188} INFO - [2024-02-02T15:15:23.716+0000] {dag.py:3036} INFO - Sync 1 DAGs
[2024-02-02T15:15:23.735+0000] {logging_mixin.py:188} INFO - [2024-02-02T15:15:23.735+0000] {dag.py:3823} INFO - Setting next_dagrun for tutorial_objectstorage to None, run_after=None
[2024-02-02T15:15:23.780+0000] {processor.py:183} INFO - Processing /home/airflow/.local/lib/python3.8/site-packages/airflow/example_dags/tutorial_objectstorage.py took 0.110 seconds
[2024-02-02T15:15:54.377+0000] {processor.py:161} INFO - Started process (PID=1566) to work on /home/airflow/.local/lib/python3.8/site-packages/airflow/example_dags/tutorial_objectstorage.py
[2024-02-02T15:15:54.379+0000] {processor.py:830} INFO - Processing file /home/airflow/.local/lib/python3.8/site-packages/airflow/example_dags/tutorial_objectstorage.py for tasks to queue
[2024-02-02T15:15:54.381+0000] {logging_mixin.py:188} INFO - [2024-02-02T15:15:54.381+0000] {dagbag.py:538} INFO - Filling up the DagBag from /home/airflow/.local/lib/python3.8/site-packages/airflow/example_dags/tutorial_objectstorage.py
[2024-02-02T15:15:54.395+0000] {processor.py:840} INFO - DAG(s) 'tutorial_objectstorage' retrieved from /home/airflow/.local/lib/python3.8/site-packages/airflow/example_dags/tutorial_objectstorage.py
[2024-02-02T15:15:54.427+0000] {logging_mixin.py:188} INFO - [2024-02-02T15:15:54.427+0000] {dag.py:3036} INFO - Sync 1 DAGs
[2024-02-02T15:15:54.449+0000] {logging_mixin.py:188} INFO - [2024-02-02T15:15:54.449+0000] {dag.py:3823} INFO - Setting next_dagrun for tutorial_objectstorage to None, run_after=None
[2024-02-02T15:15:54.486+0000] {processor.py:183} INFO - Processing /home/airflow/.local/lib/python3.8/site-packages/airflow/example_dags/tutorial_objectstorage.py took 0.116 seconds
[2024-02-02T15:16:24.737+0000] {processor.py:161} INFO - Started process (PID=1815) to work on /home/airflow/.local/lib/python3.8/site-packages/airflow/example_dags/tutorial_objectstorage.py
[2024-02-02T15:16:24.741+0000] {processor.py:830} INFO - Processing file /home/airflow/.local/lib/python3.8/site-packages/airflow/example_dags/tutorial_objectstorage.py for tasks to queue
[2024-02-02T15:16:24.743+0000] {logging_mixin.py:188} INFO - [2024-02-02T15:16:24.742+0000] {dagbag.py:538} INFO - Filling up the DagBag from /home/airflow/.local/lib/python3.8/site-packages/airflow/example_dags/tutorial_objectstorage.py
[2024-02-02T15:16:24.750+0000] {processor.py:840} INFO - DAG(s) 'tutorial_objectstorage' retrieved from /home/airflow/.local/lib/python3.8/site-packages/airflow/example_dags/tutorial_objectstorage.py
[2024-02-02T15:16:24.781+0000] {logging_mixin.py:188} INFO - [2024-02-02T15:16:24.781+0000] {dag.py:3036} INFO - Sync 1 DAGs
[2024-02-02T15:16:24.799+0000] {logging_mixin.py:188} INFO - [2024-02-02T15:16:24.798+0000] {dag.py:3823} INFO - Setting next_dagrun for tutorial_objectstorage to None, run_after=None
[2024-02-02T15:16:24.828+0000] {processor.py:183} INFO - Processing /home/airflow/.local/lib/python3.8/site-packages/airflow/example_dags/tutorial_objectstorage.py took 0.095 seconds
[2024-02-02T15:16:55.547+0000] {processor.py:161} INFO - Started process (PID=2060) to work on /home/airflow/.local/lib/python3.8/site-packages/airflow/example_dags/tutorial_objectstorage.py
[2024-02-02T15:16:55.548+0000] {processor.py:830} INFO - Processing file /home/airflow/.local/lib/python3.8/site-packages/airflow/example_dags/tutorial_objectstorage.py for tasks to queue
[2024-02-02T15:16:55.550+0000] {logging_mixin.py:188} INFO - [2024-02-02T15:16:55.549+0000] {dagbag.py:538} INFO - Filling up the DagBag from /home/airflow/.local/lib/python3.8/site-packages/airflow/example_dags/tutorial_objectstorage.py
[2024-02-02T15:16:55.564+0000] {processor.py:840} INFO - DAG(s) 'tutorial_objectstorage' retrieved from /home/airflow/.local/lib/python3.8/site-packages/airflow/example_dags/tutorial_objectstorage.py
[2024-02-02T15:16:55.606+0000] {logging_mixin.py:188} INFO - [2024-02-02T15:16:55.606+0000] {dag.py:3036} INFO - Sync 1 DAGs
[2024-02-02T15:16:55.635+0000] {logging_mixin.py:188} INFO - [2024-02-02T15:16:55.634+0000] {dag.py:3823} INFO - Setting next_dagrun for tutorial_objectstorage to None, run_after=None
[2024-02-02T15:16:55.669+0000] {processor.py:183} INFO - Processing /home/airflow/.local/lib/python3.8/site-packages/airflow/example_dags/tutorial_objectstorage.py took 0.131 seconds
[2024-02-02T15:17:25.774+0000] {processor.py:161} INFO - Started process (PID=2307) to work on /home/airflow/.local/lib/python3.8/site-packages/airflow/example_dags/tutorial_objectstorage.py
[2024-02-02T15:17:25.776+0000] {processor.py:830} INFO - Processing file /home/airflow/.local/lib/python3.8/site-packages/airflow/example_dags/tutorial_objectstorage.py for tasks to queue
[2024-02-02T15:17:25.778+0000] {logging_mixin.py:188} INFO - [2024-02-02T15:17:25.777+0000] {dagbag.py:538} INFO - Filling up the DagBag from /home/airflow/.local/lib/python3.8/site-packages/airflow/example_dags/tutorial_objectstorage.py
[2024-02-02T15:17:25.790+0000] {processor.py:840} INFO - DAG(s) 'tutorial_objectstorage' retrieved from /home/airflow/.local/lib/python3.8/site-packages/airflow/example_dags/tutorial_objectstorage.py
[2024-02-02T15:17:25.821+0000] {logging_mixin.py:188} INFO - [2024-02-02T15:17:25.820+0000] {dag.py:3036} INFO - Sync 1 DAGs
[2024-02-02T15:17:25.841+0000] {logging_mixin.py:188} INFO - [2024-02-02T15:17:25.841+0000] {dag.py:3823} INFO - Setting next_dagrun for tutorial_objectstorage to None, run_after=None
[2024-02-02T15:17:25.886+0000] {processor.py:183} INFO - Processing /home/airflow/.local/lib/python3.8/site-packages/airflow/example_dags/tutorial_objectstorage.py took 0.118 seconds
[2024-02-02T15:17:56.049+0000] {processor.py:161} INFO - Started process (PID=2554) to work on /home/airflow/.local/lib/python3.8/site-packages/airflow/example_dags/tutorial_objectstorage.py
[2024-02-02T15:17:56.050+0000] {processor.py:830} INFO - Processing file /home/airflow/.local/lib/python3.8/site-packages/airflow/example_dags/tutorial_objectstorage.py for tasks to queue
[2024-02-02T15:17:56.052+0000] {logging_mixin.py:188} INFO - [2024-02-02T15:17:56.052+0000] {dagbag.py:538} INFO - Filling up the DagBag from /home/airflow/.local/lib/python3.8/site-packages/airflow/example_dags/tutorial_objectstorage.py
[2024-02-02T15:17:56.065+0000] {processor.py:840} INFO - DAG(s) 'tutorial_objectstorage' retrieved from /home/airflow/.local/lib/python3.8/site-packages/airflow/example_dags/tutorial_objectstorage.py
[2024-02-02T15:17:56.098+0000] {logging_mixin.py:188} INFO - [2024-02-02T15:17:56.098+0000] {dag.py:3036} INFO - Sync 1 DAGs
[2024-02-02T15:17:56.118+0000] {logging_mixin.py:188} INFO - [2024-02-02T15:17:56.118+0000] {dag.py:3823} INFO - Setting next_dagrun for tutorial_objectstorage to None, run_after=None
[2024-02-02T15:17:56.149+0000] {processor.py:183} INFO - Processing /home/airflow/.local/lib/python3.8/site-packages/airflow/example_dags/tutorial_objectstorage.py took 0.105 seconds
[2024-02-02T15:18:27.024+0000] {processor.py:161} INFO - Started process (PID=2849) to work on /home/airflow/.local/lib/python3.8/site-packages/airflow/example_dags/tutorial_objectstorage.py
[2024-02-02T15:18:27.025+0000] {processor.py:830} INFO - Processing file /home/airflow/.local/lib/python3.8/site-packages/airflow/example_dags/tutorial_objectstorage.py for tasks to queue
[2024-02-02T15:18:27.027+0000] {logging_mixin.py:188} INFO - [2024-02-02T15:18:27.026+0000] {dagbag.py:538} INFO - Filling up the DagBag from /home/airflow/.local/lib/python3.8/site-packages/airflow/example_dags/tutorial_objectstorage.py
[2024-02-02T15:18:27.039+0000] {processor.py:840} INFO - DAG(s) 'tutorial_objectstorage' retrieved from /home/airflow/.local/lib/python3.8/site-packages/airflow/example_dags/tutorial_objectstorage.py
[2024-02-02T15:18:27.067+0000] {logging_mixin.py:188} INFO - [2024-02-02T15:18:27.067+0000] {dag.py:3036} INFO - Sync 1 DAGs
[2024-02-02T15:18:27.083+0000] {logging_mixin.py:188} INFO - [2024-02-02T15:18:27.083+0000] {dag.py:3823} INFO - Setting next_dagrun for tutorial_objectstorage to None, run_after=None
[2024-02-02T15:18:27.109+0000] {processor.py:183} INFO - Processing /home/airflow/.local/lib/python3.8/site-packages/airflow/example_dags/tutorial_objectstorage.py took 0.089 seconds
[2024-02-02T15:18:57.657+0000] {processor.py:161} INFO - Started process (PID=3096) to work on /home/airflow/.local/lib/python3.8/site-packages/airflow/example_dags/tutorial_objectstorage.py
[2024-02-02T15:18:57.659+0000] {processor.py:830} INFO - Processing file /home/airflow/.local/lib/python3.8/site-packages/airflow/example_dags/tutorial_objectstorage.py for tasks to queue
[2024-02-02T15:18:57.661+0000] {logging_mixin.py:188} INFO - [2024-02-02T15:18:57.660+0000] {dagbag.py:538} INFO - Filling up the DagBag from /home/airflow/.local/lib/python3.8/site-packages/airflow/example_dags/tutorial_objectstorage.py
[2024-02-02T15:18:57.678+0000] {processor.py:840} INFO - DAG(s) 'tutorial_objectstorage' retrieved from /home/airflow/.local/lib/python3.8/site-packages/airflow/example_dags/tutorial_objectstorage.py
[2024-02-02T15:18:57.723+0000] {logging_mixin.py:188} INFO - [2024-02-02T15:18:57.723+0000] {dag.py:3036} INFO - Sync 1 DAGs
[2024-02-02T15:18:57.752+0000] {logging_mixin.py:188} INFO - [2024-02-02T15:18:57.751+0000] {dag.py:3823} INFO - Setting next_dagrun for tutorial_objectstorage to None, run_after=None
[2024-02-02T15:18:57.788+0000] {processor.py:183} INFO - Processing /home/airflow/.local/lib/python3.8/site-packages/airflow/example_dags/tutorial_objectstorage.py took 0.140 seconds
[2024-02-02T15:19:27.862+0000] {processor.py:161} INFO - Started process (PID=3344) to work on /home/airflow/.local/lib/python3.8/site-packages/airflow/example_dags/tutorial_objectstorage.py
[2024-02-02T15:19:27.863+0000] {processor.py:830} INFO - Processing file /home/airflow/.local/lib/python3.8/site-packages/airflow/example_dags/tutorial_objectstorage.py for tasks to queue
[2024-02-02T15:19:27.865+0000] {logging_mixin.py:188} INFO - [2024-02-02T15:19:27.865+0000] {dagbag.py:538} INFO - Filling up the DagBag from /home/airflow/.local/lib/python3.8/site-packages/airflow/example_dags/tutorial_objectstorage.py
[2024-02-02T15:19:27.874+0000] {processor.py:840} INFO - DAG(s) 'tutorial_objectstorage' retrieved from /home/airflow/.local/lib/python3.8/site-packages/airflow/example_dags/tutorial_objectstorage.py
[2024-02-02T15:19:27.898+0000] {logging_mixin.py:188} INFO - [2024-02-02T15:19:27.898+0000] {dag.py:3036} INFO - Sync 1 DAGs
[2024-02-02T15:19:27.914+0000] {logging_mixin.py:188} INFO - [2024-02-02T15:19:27.913+0000] {dag.py:3823} INFO - Setting next_dagrun for tutorial_objectstorage to None, run_after=None
[2024-02-02T15:19:27.940+0000] {processor.py:183} INFO - Processing /home/airflow/.local/lib/python3.8/site-packages/airflow/example_dags/tutorial_objectstorage.py took 0.082 seconds
[2024-02-02T15:19:58.209+0000] {processor.py:161} INFO - Started process (PID=3591) to work on /home/airflow/.local/lib/python3.8/site-packages/airflow/example_dags/tutorial_objectstorage.py
[2024-02-02T15:19:58.210+0000] {processor.py:830} INFO - Processing file /home/airflow/.local/lib/python3.8/site-packages/airflow/example_dags/tutorial_objectstorage.py for tasks to queue
[2024-02-02T15:19:58.212+0000] {logging_mixin.py:188} INFO - [2024-02-02T15:19:58.211+0000] {dagbag.py:538} INFO - Filling up the DagBag from /home/airflow/.local/lib/python3.8/site-packages/airflow/example_dags/tutorial_objectstorage.py
[2024-02-02T15:19:58.221+0000] {processor.py:840} INFO - DAG(s) 'tutorial_objectstorage' retrieved from /home/airflow/.local/lib/python3.8/site-packages/airflow/example_dags/tutorial_objectstorage.py
[2024-02-02T15:19:58.244+0000] {logging_mixin.py:188} INFO - [2024-02-02T15:19:58.244+0000] {dag.py:3036} INFO - Sync 1 DAGs
[2024-02-02T15:19:58.261+0000] {logging_mixin.py:188} INFO - [2024-02-02T15:19:58.260+0000] {dag.py:3823} INFO - Setting next_dagrun for tutorial_objectstorage to None, run_after=None
[2024-02-02T15:19:58.286+0000] {processor.py:183} INFO - Processing /home/airflow/.local/lib/python3.8/site-packages/airflow/example_dags/tutorial_objectstorage.py took 0.082 seconds
[2024-02-02T15:20:28.777+0000] {processor.py:161} INFO - Started process (PID=3838) to work on /home/airflow/.local/lib/python3.8/site-packages/airflow/example_dags/tutorial_objectstorage.py
[2024-02-02T15:20:28.778+0000] {processor.py:830} INFO - Processing file /home/airflow/.local/lib/python3.8/site-packages/airflow/example_dags/tutorial_objectstorage.py for tasks to queue
[2024-02-02T15:20:28.780+0000] {logging_mixin.py:188} INFO - [2024-02-02T15:20:28.780+0000] {dagbag.py:538} INFO - Filling up the DagBag from /home/airflow/.local/lib/python3.8/site-packages/airflow/example_dags/tutorial_objectstorage.py
[2024-02-02T15:20:28.791+0000] {processor.py:840} INFO - DAG(s) 'tutorial_objectstorage' retrieved from /home/airflow/.local/lib/python3.8/site-packages/airflow/example_dags/tutorial_objectstorage.py
[2024-02-02T15:20:28.816+0000] {logging_mixin.py:188} INFO - [2024-02-02T15:20:28.816+0000] {dag.py:3036} INFO - Sync 1 DAGs
[2024-02-02T15:20:28.832+0000] {logging_mixin.py:188} INFO - [2024-02-02T15:20:28.832+0000] {dag.py:3823} INFO - Setting next_dagrun for tutorial_objectstorage to None, run_after=None
[2024-02-02T15:20:28.857+0000] {processor.py:183} INFO - Processing /home/airflow/.local/lib/python3.8/site-packages/airflow/example_dags/tutorial_objectstorage.py took 0.085 seconds
[2024-02-02T15:20:59.142+0000] {processor.py:161} INFO - Started process (PID=4091) to work on /home/airflow/.local/lib/python3.8/site-packages/airflow/example_dags/tutorial_objectstorage.py
[2024-02-02T15:20:59.144+0000] {processor.py:830} INFO - Processing file /home/airflow/.local/lib/python3.8/site-packages/airflow/example_dags/tutorial_objectstorage.py for tasks to queue
[2024-02-02T15:20:59.145+0000] {logging_mixin.py:188} INFO - [2024-02-02T15:20:59.145+0000] {dagbag.py:538} INFO - Filling up the DagBag from /home/airflow/.local/lib/python3.8/site-packages/airflow/example_dags/tutorial_objectstorage.py
[2024-02-02T15:20:59.153+0000] {processor.py:840} INFO - DAG(s) 'tutorial_objectstorage' retrieved from /home/airflow/.local/lib/python3.8/site-packages/airflow/example_dags/tutorial_objectstorage.py
[2024-02-02T15:20:59.177+0000] {logging_mixin.py:188} INFO - [2024-02-02T15:20:59.177+0000] {dag.py:3036} INFO - Sync 1 DAGs
[2024-02-02T15:20:59.193+0000] {logging_mixin.py:188} INFO - [2024-02-02T15:20:59.192+0000] {dag.py:3823} INFO - Setting next_dagrun for tutorial_objectstorage to None, run_after=None
[2024-02-02T15:20:59.217+0000] {processor.py:183} INFO - Processing /home/airflow/.local/lib/python3.8/site-packages/airflow/example_dags/tutorial_objectstorage.py took 0.080 seconds
[2024-02-02T15:21:29.400+0000] {processor.py:161} INFO - Started process (PID=4340) to work on /home/airflow/.local/lib/python3.8/site-packages/airflow/example_dags/tutorial_objectstorage.py
[2024-02-02T15:21:29.402+0000] {processor.py:830} INFO - Processing file /home/airflow/.local/lib/python3.8/site-packages/airflow/example_dags/tutorial_objectstorage.py for tasks to queue
[2024-02-02T15:21:29.403+0000] {logging_mixin.py:188} INFO - [2024-02-02T15:21:29.402+0000] {dagbag.py:538} INFO - Filling up the DagBag from /home/airflow/.local/lib/python3.8/site-packages/airflow/example_dags/tutorial_objectstorage.py
[2024-02-02T15:21:29.411+0000] {processor.py:840} INFO - DAG(s) 'tutorial_objectstorage' retrieved from /home/airflow/.local/lib/python3.8/site-packages/airflow/example_dags/tutorial_objectstorage.py
[2024-02-02T15:21:29.433+0000] {logging_mixin.py:188} INFO - [2024-02-02T15:21:29.433+0000] {dag.py:3036} INFO - Sync 1 DAGs
[2024-02-02T15:21:29.450+0000] {logging_mixin.py:188} INFO - [2024-02-02T15:21:29.450+0000] {dag.py:3823} INFO - Setting next_dagrun for tutorial_objectstorage to None, run_after=None
[2024-02-02T15:21:29.472+0000] {processor.py:183} INFO - Processing /home/airflow/.local/lib/python3.8/site-packages/airflow/example_dags/tutorial_objectstorage.py took 0.075 seconds
[2024-02-02T15:21:59.665+0000] {processor.py:161} INFO - Started process (PID=4587) to work on /home/airflow/.local/lib/python3.8/site-packages/airflow/example_dags/tutorial_objectstorage.py
[2024-02-02T15:21:59.667+0000] {processor.py:830} INFO - Processing file /home/airflow/.local/lib/python3.8/site-packages/airflow/example_dags/tutorial_objectstorage.py for tasks to queue
[2024-02-02T15:21:59.668+0000] {logging_mixin.py:188} INFO - [2024-02-02T15:21:59.668+0000] {dagbag.py:538} INFO - Filling up the DagBag from /home/airflow/.local/lib/python3.8/site-packages/airflow/example_dags/tutorial_objectstorage.py
[2024-02-02T15:21:59.676+0000] {processor.py:840} INFO - DAG(s) 'tutorial_objectstorage' retrieved from /home/airflow/.local/lib/python3.8/site-packages/airflow/example_dags/tutorial_objectstorage.py
[2024-02-02T15:21:59.699+0000] {logging_mixin.py:188} INFO - [2024-02-02T15:21:59.699+0000] {dag.py:3036} INFO - Sync 1 DAGs
[2024-02-02T15:21:59.720+0000] {logging_mixin.py:188} INFO - [2024-02-02T15:21:59.720+0000] {dag.py:3823} INFO - Setting next_dagrun for tutorial_objectstorage to None, run_after=None
[2024-02-02T15:21:59.751+0000] {processor.py:183} INFO - Processing /home/airflow/.local/lib/python3.8/site-packages/airflow/example_dags/tutorial_objectstorage.py took 0.090 seconds
[2024-02-02T15:22:30.186+0000] {processor.py:161} INFO - Started process (PID=4834) to work on /home/airflow/.local/lib/python3.8/site-packages/airflow/example_dags/tutorial_objectstorage.py
[2024-02-02T15:22:30.188+0000] {processor.py:830} INFO - Processing file /home/airflow/.local/lib/python3.8/site-packages/airflow/example_dags/tutorial_objectstorage.py for tasks to queue
[2024-02-02T15:22:30.189+0000] {logging_mixin.py:188} INFO - [2024-02-02T15:22:30.189+0000] {dagbag.py:538} INFO - Filling up the DagBag from /home/airflow/.local/lib/python3.8/site-packages/airflow/example_dags/tutorial_objectstorage.py
[2024-02-02T15:22:30.197+0000] {processor.py:840} INFO - DAG(s) 'tutorial_objectstorage' retrieved from /home/airflow/.local/lib/python3.8/site-packages/airflow/example_dags/tutorial_objectstorage.py
[2024-02-02T15:22:30.219+0000] {logging_mixin.py:188} INFO - [2024-02-02T15:22:30.219+0000] {dag.py:3036} INFO - Sync 1 DAGs
[2024-02-02T15:22:30.234+0000] {logging_mixin.py:188} INFO - [2024-02-02T15:22:30.234+0000] {dag.py:3823} INFO - Setting next_dagrun for tutorial_objectstorage to None, run_after=None
[2024-02-02T15:22:30.258+0000] {processor.py:183} INFO - Processing /home/airflow/.local/lib/python3.8/site-packages/airflow/example_dags/tutorial_objectstorage.py took 0.076 seconds
[2024-02-02T15:23:01.087+0000] {processor.py:161} INFO - Started process (PID=5079) to work on /home/airflow/.local/lib/python3.8/site-packages/airflow/example_dags/tutorial_objectstorage.py
[2024-02-02T15:23:01.089+0000] {processor.py:830} INFO - Processing file /home/airflow/.local/lib/python3.8/site-packages/airflow/example_dags/tutorial_objectstorage.py for tasks to queue
[2024-02-02T15:23:01.090+0000] {logging_mixin.py:188} INFO - [2024-02-02T15:23:01.090+0000] {dagbag.py:538} INFO - Filling up the DagBag from /home/airflow/.local/lib/python3.8/site-packages/airflow/example_dags/tutorial_objectstorage.py
[2024-02-02T15:23:01.099+0000] {processor.py:840} INFO - DAG(s) 'tutorial_objectstorage' retrieved from /home/airflow/.local/lib/python3.8/site-packages/airflow/example_dags/tutorial_objectstorage.py
[2024-02-02T15:23:01.123+0000] {logging_mixin.py:188} INFO - [2024-02-02T15:23:01.123+0000] {dag.py:3036} INFO - Sync 1 DAGs
[2024-02-02T15:23:01.138+0000] {logging_mixin.py:188} INFO - [2024-02-02T15:23:01.138+0000] {dag.py:3823} INFO - Setting next_dagrun for tutorial_objectstorage to None, run_after=None
[2024-02-02T15:23:01.164+0000] {processor.py:183} INFO - Processing /home/airflow/.local/lib/python3.8/site-packages/airflow/example_dags/tutorial_objectstorage.py took 0.081 seconds
[2024-02-02T15:23:31.906+0000] {processor.py:161} INFO - Started process (PID=5327) to work on /home/airflow/.local/lib/python3.8/site-packages/airflow/example_dags/tutorial_objectstorage.py
[2024-02-02T15:23:31.907+0000] {processor.py:830} INFO - Processing file /home/airflow/.local/lib/python3.8/site-packages/airflow/example_dags/tutorial_objectstorage.py for tasks to queue
[2024-02-02T15:23:31.908+0000] {logging_mixin.py:188} INFO - [2024-02-02T15:23:31.908+0000] {dagbag.py:538} INFO - Filling up the DagBag from /home/airflow/.local/lib/python3.8/site-packages/airflow/example_dags/tutorial_objectstorage.py
[2024-02-02T15:23:31.916+0000] {processor.py:840} INFO - DAG(s) 'tutorial_objectstorage' retrieved from /home/airflow/.local/lib/python3.8/site-packages/airflow/example_dags/tutorial_objectstorage.py
[2024-02-02T15:23:31.938+0000] {logging_mixin.py:188} INFO - [2024-02-02T15:23:31.938+0000] {dag.py:3036} INFO - Sync 1 DAGs
[2024-02-02T15:23:31.951+0000] {logging_mixin.py:188} INFO - [2024-02-02T15:23:31.951+0000] {dag.py:3823} INFO - Setting next_dagrun for tutorial_objectstorage to None, run_after=None
[2024-02-02T15:23:31.973+0000] {processor.py:183} INFO - Processing /home/airflow/.local/lib/python3.8/site-packages/airflow/example_dags/tutorial_objectstorage.py took 0.072 seconds
[2024-02-02T15:24:02.574+0000] {processor.py:161} INFO - Started process (PID=5574) to work on /home/airflow/.local/lib/python3.8/site-packages/airflow/example_dags/tutorial_objectstorage.py
[2024-02-02T15:24:02.575+0000] {processor.py:830} INFO - Processing file /home/airflow/.local/lib/python3.8/site-packages/airflow/example_dags/tutorial_objectstorage.py for tasks to queue
[2024-02-02T15:24:02.576+0000] {logging_mixin.py:188} INFO - [2024-02-02T15:24:02.576+0000] {dagbag.py:538} INFO - Filling up the DagBag from /home/airflow/.local/lib/python3.8/site-packages/airflow/example_dags/tutorial_objectstorage.py
[2024-02-02T15:24:02.585+0000] {processor.py:840} INFO - DAG(s) 'tutorial_objectstorage' retrieved from /home/airflow/.local/lib/python3.8/site-packages/airflow/example_dags/tutorial_objectstorage.py
[2024-02-02T15:24:02.607+0000] {logging_mixin.py:188} INFO - [2024-02-02T15:24:02.607+0000] {dag.py:3036} INFO - Sync 1 DAGs
[2024-02-02T15:24:02.624+0000] {logging_mixin.py:188} INFO - [2024-02-02T15:24:02.624+0000] {dag.py:3823} INFO - Setting next_dagrun for tutorial_objectstorage to None, run_after=None
[2024-02-02T15:24:02.646+0000] {processor.py:183} INFO - Processing /home/airflow/.local/lib/python3.8/site-packages/airflow/example_dags/tutorial_objectstorage.py took 0.076 seconds
[2024-02-02T15:24:32.981+0000] {processor.py:161} INFO - Started process (PID=5822) to work on /home/airflow/.local/lib/python3.8/site-packages/airflow/example_dags/tutorial_objectstorage.py
[2024-02-02T15:24:32.982+0000] {processor.py:830} INFO - Processing file /home/airflow/.local/lib/python3.8/site-packages/airflow/example_dags/tutorial_objectstorage.py for tasks to queue
[2024-02-02T15:24:32.983+0000] {logging_mixin.py:188} INFO - [2024-02-02T15:24:32.983+0000] {dagbag.py:538} INFO - Filling up the DagBag from /home/airflow/.local/lib/python3.8/site-packages/airflow/example_dags/tutorial_objectstorage.py
[2024-02-02T15:24:32.992+0000] {processor.py:840} INFO - DAG(s) 'tutorial_objectstorage' retrieved from /home/airflow/.local/lib/python3.8/site-packages/airflow/example_dags/tutorial_objectstorage.py
[2024-02-02T15:24:33.016+0000] {logging_mixin.py:188} INFO - [2024-02-02T15:24:33.016+0000] {dag.py:3036} INFO - Sync 1 DAGs
[2024-02-02T15:24:33.033+0000] {logging_mixin.py:188} INFO - [2024-02-02T15:24:33.033+0000] {dag.py:3823} INFO - Setting next_dagrun for tutorial_objectstorage to None, run_after=None
[2024-02-02T15:24:33.058+0000] {processor.py:183} INFO - Processing /home/airflow/.local/lib/python3.8/site-packages/airflow/example_dags/tutorial_objectstorage.py took 0.082 seconds
[2024-02-02T15:25:03.742+0000] {processor.py:161} INFO - Started process (PID=6067) to work on /home/airflow/.local/lib/python3.8/site-packages/airflow/example_dags/tutorial_objectstorage.py
[2024-02-02T15:25:03.744+0000] {processor.py:830} INFO - Processing file /home/airflow/.local/lib/python3.8/site-packages/airflow/example_dags/tutorial_objectstorage.py for tasks to queue
[2024-02-02T15:25:03.745+0000] {logging_mixin.py:188} INFO - [2024-02-02T15:25:03.745+0000] {dagbag.py:538} INFO - Filling up the DagBag from /home/airflow/.local/lib/python3.8/site-packages/airflow/example_dags/tutorial_objectstorage.py
[2024-02-02T15:25:03.756+0000] {processor.py:840} INFO - DAG(s) 'tutorial_objectstorage' retrieved from /home/airflow/.local/lib/python3.8/site-packages/airflow/example_dags/tutorial_objectstorage.py
[2024-02-02T15:25:03.786+0000] {logging_mixin.py:188} INFO - [2024-02-02T15:25:03.786+0000] {dag.py:3036} INFO - Sync 1 DAGs
[2024-02-02T15:25:03.805+0000] {logging_mixin.py:188} INFO - [2024-02-02T15:25:03.805+0000] {dag.py:3823} INFO - Setting next_dagrun for tutorial_objectstorage to None, run_after=None
[2024-02-02T15:25:03.832+0000] {processor.py:183} INFO - Processing /home/airflow/.local/lib/python3.8/site-packages/airflow/example_dags/tutorial_objectstorage.py took 0.095 seconds
[2024-02-02T15:25:34.122+0000] {processor.py:161} INFO - Started process (PID=6315) to work on /home/airflow/.local/lib/python3.8/site-packages/airflow/example_dags/tutorial_objectstorage.py
[2024-02-02T15:25:34.124+0000] {processor.py:830} INFO - Processing file /home/airflow/.local/lib/python3.8/site-packages/airflow/example_dags/tutorial_objectstorage.py for tasks to queue
[2024-02-02T15:25:34.125+0000] {logging_mixin.py:188} INFO - [2024-02-02T15:25:34.125+0000] {dagbag.py:538} INFO - Filling up the DagBag from /home/airflow/.local/lib/python3.8/site-packages/airflow/example_dags/tutorial_objectstorage.py
[2024-02-02T15:25:34.132+0000] {processor.py:840} INFO - DAG(s) 'tutorial_objectstorage' retrieved from /home/airflow/.local/lib/python3.8/site-packages/airflow/example_dags/tutorial_objectstorage.py
[2024-02-02T15:25:34.154+0000] {logging_mixin.py:188} INFO - [2024-02-02T15:25:34.153+0000] {dag.py:3036} INFO - Sync 1 DAGs
[2024-02-02T15:25:34.169+0000] {logging_mixin.py:188} INFO - [2024-02-02T15:25:34.169+0000] {dag.py:3823} INFO - Setting next_dagrun for tutorial_objectstorage to None, run_after=None
[2024-02-02T15:25:34.194+0000] {processor.py:183} INFO - Processing /home/airflow/.local/lib/python3.8/site-packages/airflow/example_dags/tutorial_objectstorage.py took 0.076 seconds
[2024-02-02T15:26:04.766+0000] {processor.py:161} INFO - Started process (PID=6561) to work on /home/airflow/.local/lib/python3.8/site-packages/airflow/example_dags/tutorial_objectstorage.py
[2024-02-02T15:26:04.767+0000] {processor.py:830} INFO - Processing file /home/airflow/.local/lib/python3.8/site-packages/airflow/example_dags/tutorial_objectstorage.py for tasks to queue
[2024-02-02T15:26:04.769+0000] {logging_mixin.py:188} INFO - [2024-02-02T15:26:04.768+0000] {dagbag.py:538} INFO - Filling up the DagBag from /home/airflow/.local/lib/python3.8/site-packages/airflow/example_dags/tutorial_objectstorage.py
[2024-02-02T15:26:04.778+0000] {processor.py:840} INFO - DAG(s) 'tutorial_objectstorage' retrieved from /home/airflow/.local/lib/python3.8/site-packages/airflow/example_dags/tutorial_objectstorage.py
[2024-02-02T15:26:04.799+0000] {logging_mixin.py:188} INFO - [2024-02-02T15:26:04.799+0000] {dag.py:3036} INFO - Sync 1 DAGs
[2024-02-02T15:26:04.815+0000] {logging_mixin.py:188} INFO - [2024-02-02T15:26:04.815+0000] {dag.py:3823} INFO - Setting next_dagrun for tutorial_objectstorage to None, run_after=None
[2024-02-02T15:26:04.838+0000] {processor.py:183} INFO - Processing /home/airflow/.local/lib/python3.8/site-packages/airflow/example_dags/tutorial_objectstorage.py took 0.076 seconds
[2024-02-02T15:26:35.460+0000] {processor.py:161} INFO - Started process (PID=6810) to work on /home/airflow/.local/lib/python3.8/site-packages/airflow/example_dags/tutorial_objectstorage.py
[2024-02-02T15:26:35.461+0000] {processor.py:830} INFO - Processing file /home/airflow/.local/lib/python3.8/site-packages/airflow/example_dags/tutorial_objectstorage.py for tasks to queue
[2024-02-02T15:26:35.462+0000] {logging_mixin.py:188} INFO - [2024-02-02T15:26:35.462+0000] {dagbag.py:538} INFO - Filling up the DagBag from /home/airflow/.local/lib/python3.8/site-packages/airflow/example_dags/tutorial_objectstorage.py
[2024-02-02T15:26:35.469+0000] {processor.py:840} INFO - DAG(s) 'tutorial_objectstorage' retrieved from /home/airflow/.local/lib/python3.8/site-packages/airflow/example_dags/tutorial_objectstorage.py
[2024-02-02T15:26:35.490+0000] {logging_mixin.py:188} INFO - [2024-02-02T15:26:35.489+0000] {dag.py:3036} INFO - Sync 1 DAGs
[2024-02-02T15:26:35.503+0000] {logging_mixin.py:188} INFO - [2024-02-02T15:26:35.503+0000] {dag.py:3823} INFO - Setting next_dagrun for tutorial_objectstorage to None, run_after=None
[2024-02-02T15:26:35.525+0000] {processor.py:183} INFO - Processing /home/airflow/.local/lib/python3.8/site-packages/airflow/example_dags/tutorial_objectstorage.py took 0.069 seconds
[2024-02-02T15:27:05.949+0000] {processor.py:161} INFO - Started process (PID=7057) to work on /home/airflow/.local/lib/python3.8/site-packages/airflow/example_dags/tutorial_objectstorage.py
[2024-02-02T15:27:05.950+0000] {processor.py:830} INFO - Processing file /home/airflow/.local/lib/python3.8/site-packages/airflow/example_dags/tutorial_objectstorage.py for tasks to queue
[2024-02-02T15:27:05.951+0000] {logging_mixin.py:188} INFO - [2024-02-02T15:27:05.951+0000] {dagbag.py:538} INFO - Filling up the DagBag from /home/airflow/.local/lib/python3.8/site-packages/airflow/example_dags/tutorial_objectstorage.py
[2024-02-02T15:27:05.960+0000] {processor.py:840} INFO - DAG(s) 'tutorial_objectstorage' retrieved from /home/airflow/.local/lib/python3.8/site-packages/airflow/example_dags/tutorial_objectstorage.py
[2024-02-02T15:27:05.981+0000] {logging_mixin.py:188} INFO - [2024-02-02T15:27:05.981+0000] {dag.py:3036} INFO - Sync 1 DAGs
[2024-02-02T15:27:06.000+0000] {logging_mixin.py:188} INFO - [2024-02-02T15:27:06.000+0000] {dag.py:3823} INFO - Setting next_dagrun for tutorial_objectstorage to None, run_after=None
[2024-02-02T15:27:06.025+0000] {processor.py:183} INFO - Processing /home/airflow/.local/lib/python3.8/site-packages/airflow/example_dags/tutorial_objectstorage.py took 0.079 seconds
[2024-02-02T15:27:36.619+0000] {processor.py:161} INFO - Started process (PID=7303) to work on /home/airflow/.local/lib/python3.8/site-packages/airflow/example_dags/tutorial_objectstorage.py
[2024-02-02T15:27:36.621+0000] {processor.py:830} INFO - Processing file /home/airflow/.local/lib/python3.8/site-packages/airflow/example_dags/tutorial_objectstorage.py for tasks to queue
[2024-02-02T15:27:36.624+0000] {logging_mixin.py:188} INFO - [2024-02-02T15:27:36.623+0000] {dagbag.py:538} INFO - Filling up the DagBag from /home/airflow/.local/lib/python3.8/site-packages/airflow/example_dags/tutorial_objectstorage.py
[2024-02-02T15:27:36.640+0000] {processor.py:840} INFO - DAG(s) 'tutorial_objectstorage' retrieved from /home/airflow/.local/lib/python3.8/site-packages/airflow/example_dags/tutorial_objectstorage.py
[2024-02-02T15:27:36.668+0000] {logging_mixin.py:188} INFO - [2024-02-02T15:27:36.668+0000] {dag.py:3036} INFO - Sync 1 DAGs
[2024-02-02T15:27:36.685+0000] {logging_mixin.py:188} INFO - [2024-02-02T15:27:36.685+0000] {dag.py:3823} INFO - Setting next_dagrun for tutorial_objectstorage to None, run_after=None
[2024-02-02T15:27:36.709+0000] {processor.py:183} INFO - Processing /home/airflow/.local/lib/python3.8/site-packages/airflow/example_dags/tutorial_objectstorage.py took 0.103 seconds
[2024-02-02T15:28:07.104+0000] {processor.py:161} INFO - Started process (PID=7551) to work on /home/airflow/.local/lib/python3.8/site-packages/airflow/example_dags/tutorial_objectstorage.py
[2024-02-02T15:28:07.105+0000] {processor.py:830} INFO - Processing file /home/airflow/.local/lib/python3.8/site-packages/airflow/example_dags/tutorial_objectstorage.py for tasks to queue
[2024-02-02T15:28:07.106+0000] {logging_mixin.py:188} INFO - [2024-02-02T15:28:07.106+0000] {dagbag.py:538} INFO - Filling up the DagBag from /home/airflow/.local/lib/python3.8/site-packages/airflow/example_dags/tutorial_objectstorage.py
[2024-02-02T15:28:07.114+0000] {processor.py:840} INFO - DAG(s) 'tutorial_objectstorage' retrieved from /home/airflow/.local/lib/python3.8/site-packages/airflow/example_dags/tutorial_objectstorage.py
[2024-02-02T15:28:07.135+0000] {logging_mixin.py:188} INFO - [2024-02-02T15:28:07.135+0000] {dag.py:3036} INFO - Sync 1 DAGs
[2024-02-02T15:28:07.149+0000] {logging_mixin.py:188} INFO - [2024-02-02T15:28:07.149+0000] {dag.py:3823} INFO - Setting next_dagrun for tutorial_objectstorage to None, run_after=None
[2024-02-02T15:28:07.174+0000] {processor.py:183} INFO - Processing /home/airflow/.local/lib/python3.8/site-packages/airflow/example_dags/tutorial_objectstorage.py took 0.074 seconds
[2024-02-02T15:28:37.564+0000] {processor.py:161} INFO - Started process (PID=7798) to work on /home/airflow/.local/lib/python3.8/site-packages/airflow/example_dags/tutorial_objectstorage.py
[2024-02-02T15:28:37.565+0000] {processor.py:830} INFO - Processing file /home/airflow/.local/lib/python3.8/site-packages/airflow/example_dags/tutorial_objectstorage.py for tasks to queue
[2024-02-02T15:28:37.567+0000] {logging_mixin.py:188} INFO - [2024-02-02T15:28:37.566+0000] {dagbag.py:538} INFO - Filling up the DagBag from /home/airflow/.local/lib/python3.8/site-packages/airflow/example_dags/tutorial_objectstorage.py
[2024-02-02T15:28:37.574+0000] {processor.py:840} INFO - DAG(s) 'tutorial_objectstorage' retrieved from /home/airflow/.local/lib/python3.8/site-packages/airflow/example_dags/tutorial_objectstorage.py
[2024-02-02T15:28:37.595+0000] {logging_mixin.py:188} INFO - [2024-02-02T15:28:37.595+0000] {dag.py:3036} INFO - Sync 1 DAGs
[2024-02-02T15:28:37.609+0000] {logging_mixin.py:188} INFO - [2024-02-02T15:28:37.609+0000] {dag.py:3823} INFO - Setting next_dagrun for tutorial_objectstorage to None, run_after=None
[2024-02-02T15:28:37.631+0000] {processor.py:183} INFO - Processing /home/airflow/.local/lib/python3.8/site-packages/airflow/example_dags/tutorial_objectstorage.py took 0.072 seconds
[2024-02-02T15:29:07.746+0000] {processor.py:161} INFO - Started process (PID=8043) to work on /home/airflow/.local/lib/python3.8/site-packages/airflow/example_dags/tutorial_objectstorage.py
[2024-02-02T15:29:07.747+0000] {processor.py:830} INFO - Processing file /home/airflow/.local/lib/python3.8/site-packages/airflow/example_dags/tutorial_objectstorage.py for tasks to queue
[2024-02-02T15:29:07.749+0000] {logging_mixin.py:188} INFO - [2024-02-02T15:29:07.748+0000] {dagbag.py:538} INFO - Filling up the DagBag from /home/airflow/.local/lib/python3.8/site-packages/airflow/example_dags/tutorial_objectstorage.py
[2024-02-02T15:29:07.758+0000] {processor.py:840} INFO - DAG(s) 'tutorial_objectstorage' retrieved from /home/airflow/.local/lib/python3.8/site-packages/airflow/example_dags/tutorial_objectstorage.py
[2024-02-02T15:29:07.782+0000] {logging_mixin.py:188} INFO - [2024-02-02T15:29:07.782+0000] {dag.py:3036} INFO - Sync 1 DAGs
[2024-02-02T15:29:07.798+0000] {logging_mixin.py:188} INFO - [2024-02-02T15:29:07.797+0000] {dag.py:3823} INFO - Setting next_dagrun for tutorial_objectstorage to None, run_after=None
[2024-02-02T15:29:07.822+0000] {processor.py:183} INFO - Processing /home/airflow/.local/lib/python3.8/site-packages/airflow/example_dags/tutorial_objectstorage.py took 0.081 seconds
[2024-02-02T15:29:38.206+0000] {processor.py:161} INFO - Started process (PID=8290) to work on /home/airflow/.local/lib/python3.8/site-packages/airflow/example_dags/tutorial_objectstorage.py
[2024-02-02T15:29:38.207+0000] {processor.py:830} INFO - Processing file /home/airflow/.local/lib/python3.8/site-packages/airflow/example_dags/tutorial_objectstorage.py for tasks to queue
[2024-02-02T15:29:38.209+0000] {logging_mixin.py:188} INFO - [2024-02-02T15:29:38.208+0000] {dagbag.py:538} INFO - Filling up the DagBag from /home/airflow/.local/lib/python3.8/site-packages/airflow/example_dags/tutorial_objectstorage.py
[2024-02-02T15:29:38.219+0000] {processor.py:840} INFO - DAG(s) 'tutorial_objectstorage' retrieved from /home/airflow/.local/lib/python3.8/site-packages/airflow/example_dags/tutorial_objectstorage.py
[2024-02-02T15:29:38.242+0000] {logging_mixin.py:188} INFO - [2024-02-02T15:29:38.242+0000] {dag.py:3036} INFO - Sync 1 DAGs
[2024-02-02T15:29:38.258+0000] {logging_mixin.py:188} INFO - [2024-02-02T15:29:38.258+0000] {dag.py:3823} INFO - Setting next_dagrun for tutorial_objectstorage to None, run_after=None
[2024-02-02T15:29:38.285+0000] {processor.py:183} INFO - Processing /home/airflow/.local/lib/python3.8/site-packages/airflow/example_dags/tutorial_objectstorage.py took 0.083 seconds
[2024-02-02T15:30:08.639+0000] {processor.py:161} INFO - Started process (PID=8539) to work on /home/airflow/.local/lib/python3.8/site-packages/airflow/example_dags/tutorial_objectstorage.py
[2024-02-02T15:30:08.641+0000] {processor.py:830} INFO - Processing file /home/airflow/.local/lib/python3.8/site-packages/airflow/example_dags/tutorial_objectstorage.py for tasks to queue
[2024-02-02T15:30:08.642+0000] {logging_mixin.py:188} INFO - [2024-02-02T15:30:08.642+0000] {dagbag.py:538} INFO - Filling up the DagBag from /home/airflow/.local/lib/python3.8/site-packages/airflow/example_dags/tutorial_objectstorage.py
[2024-02-02T15:30:08.650+0000] {processor.py:840} INFO - DAG(s) 'tutorial_objectstorage' retrieved from /home/airflow/.local/lib/python3.8/site-packages/airflow/example_dags/tutorial_objectstorage.py
[2024-02-02T15:30:08.671+0000] {logging_mixin.py:188} INFO - [2024-02-02T15:30:08.671+0000] {dag.py:3036} INFO - Sync 1 DAGs
[2024-02-02T15:30:08.685+0000] {logging_mixin.py:188} INFO - [2024-02-02T15:30:08.685+0000] {dag.py:3823} INFO - Setting next_dagrun for tutorial_objectstorage to None, run_after=None
[2024-02-02T15:30:08.709+0000] {processor.py:183} INFO - Processing /home/airflow/.local/lib/python3.8/site-packages/airflow/example_dags/tutorial_objectstorage.py took 0.073 seconds
[2024-02-02T15:30:39.089+0000] {processor.py:161} INFO - Started process (PID=8786) to work on /home/airflow/.local/lib/python3.8/site-packages/airflow/example_dags/tutorial_objectstorage.py
[2024-02-02T15:30:39.090+0000] {processor.py:830} INFO - Processing file /home/airflow/.local/lib/python3.8/site-packages/airflow/example_dags/tutorial_objectstorage.py for tasks to queue
[2024-02-02T15:30:39.091+0000] {logging_mixin.py:188} INFO - [2024-02-02T15:30:39.091+0000] {dagbag.py:538} INFO - Filling up the DagBag from /home/airflow/.local/lib/python3.8/site-packages/airflow/example_dags/tutorial_objectstorage.py
[2024-02-02T15:30:39.099+0000] {processor.py:840} INFO - DAG(s) 'tutorial_objectstorage' retrieved from /home/airflow/.local/lib/python3.8/site-packages/airflow/example_dags/tutorial_objectstorage.py
[2024-02-02T15:30:39.121+0000] {logging_mixin.py:188} INFO - [2024-02-02T15:30:39.121+0000] {dag.py:3036} INFO - Sync 1 DAGs
[2024-02-02T15:30:39.134+0000] {logging_mixin.py:188} INFO - [2024-02-02T15:30:39.134+0000] {dag.py:3823} INFO - Setting next_dagrun for tutorial_objectstorage to None, run_after=None
[2024-02-02T15:30:39.157+0000] {processor.py:183} INFO - Processing /home/airflow/.local/lib/python3.8/site-packages/airflow/example_dags/tutorial_objectstorage.py took 0.072 seconds
[2024-02-02T15:31:09.302+0000] {processor.py:161} INFO - Started process (PID=9033) to work on /home/airflow/.local/lib/python3.8/site-packages/airflow/example_dags/tutorial_objectstorage.py
[2024-02-02T15:31:09.303+0000] {processor.py:830} INFO - Processing file /home/airflow/.local/lib/python3.8/site-packages/airflow/example_dags/tutorial_objectstorage.py for tasks to queue
[2024-02-02T15:31:09.305+0000] {logging_mixin.py:188} INFO - [2024-02-02T15:31:09.304+0000] {dagbag.py:538} INFO - Filling up the DagBag from /home/airflow/.local/lib/python3.8/site-packages/airflow/example_dags/tutorial_objectstorage.py
[2024-02-02T15:31:09.313+0000] {processor.py:840} INFO - DAG(s) 'tutorial_objectstorage' retrieved from /home/airflow/.local/lib/python3.8/site-packages/airflow/example_dags/tutorial_objectstorage.py
[2024-02-02T15:31:09.335+0000] {logging_mixin.py:188} INFO - [2024-02-02T15:31:09.334+0000] {dag.py:3036} INFO - Sync 1 DAGs
[2024-02-02T15:31:09.349+0000] {logging_mixin.py:188} INFO - [2024-02-02T15:31:09.349+0000] {dag.py:3823} INFO - Setting next_dagrun for tutorial_objectstorage to None, run_after=None
[2024-02-02T15:31:09.372+0000] {processor.py:183} INFO - Processing /home/airflow/.local/lib/python3.8/site-packages/airflow/example_dags/tutorial_objectstorage.py took 0.074 seconds
[2024-02-02T15:31:39.514+0000] {processor.py:161} INFO - Started process (PID=9278) to work on /home/airflow/.local/lib/python3.8/site-packages/airflow/example_dags/tutorial_objectstorage.py
[2024-02-02T15:31:39.516+0000] {processor.py:830} INFO - Processing file /home/airflow/.local/lib/python3.8/site-packages/airflow/example_dags/tutorial_objectstorage.py for tasks to queue
[2024-02-02T15:31:39.517+0000] {logging_mixin.py:188} INFO - [2024-02-02T15:31:39.517+0000] {dagbag.py:538} INFO - Filling up the DagBag from /home/airflow/.local/lib/python3.8/site-packages/airflow/example_dags/tutorial_objectstorage.py
[2024-02-02T15:31:39.527+0000] {processor.py:840} INFO - DAG(s) 'tutorial_objectstorage' retrieved from /home/airflow/.local/lib/python3.8/site-packages/airflow/example_dags/tutorial_objectstorage.py
[2024-02-02T15:31:39.552+0000] {logging_mixin.py:188} INFO - [2024-02-02T15:31:39.552+0000] {dag.py:3036} INFO - Sync 1 DAGs
[2024-02-02T15:31:39.572+0000] {logging_mixin.py:188} INFO - [2024-02-02T15:31:39.572+0000] {dag.py:3823} INFO - Setting next_dagrun for tutorial_objectstorage to None, run_after=None
[2024-02-02T15:31:39.597+0000] {processor.py:183} INFO - Processing /home/airflow/.local/lib/python3.8/site-packages/airflow/example_dags/tutorial_objectstorage.py took 0.088 seconds
[2024-02-02T15:32:09.826+0000] {processor.py:161} INFO - Started process (PID=9525) to work on /home/airflow/.local/lib/python3.8/site-packages/airflow/example_dags/tutorial_objectstorage.py
[2024-02-02T15:32:09.828+0000] {processor.py:830} INFO - Processing file /home/airflow/.local/lib/python3.8/site-packages/airflow/example_dags/tutorial_objectstorage.py for tasks to queue
[2024-02-02T15:32:09.829+0000] {logging_mixin.py:188} INFO - [2024-02-02T15:32:09.829+0000] {dagbag.py:538} INFO - Filling up the DagBag from /home/airflow/.local/lib/python3.8/site-packages/airflow/example_dags/tutorial_objectstorage.py
[2024-02-02T15:32:09.839+0000] {processor.py:840} INFO - DAG(s) 'tutorial_objectstorage' retrieved from /home/airflow/.local/lib/python3.8/site-packages/airflow/example_dags/tutorial_objectstorage.py
[2024-02-02T15:32:09.863+0000] {logging_mixin.py:188} INFO - [2024-02-02T15:32:09.863+0000] {dag.py:3036} INFO - Sync 1 DAGs
[2024-02-02T15:32:09.879+0000] {logging_mixin.py:188} INFO - [2024-02-02T15:32:09.879+0000] {dag.py:3823} INFO - Setting next_dagrun for tutorial_objectstorage to None, run_after=None
[2024-02-02T15:32:09.907+0000] {processor.py:183} INFO - Processing /home/airflow/.local/lib/python3.8/site-packages/airflow/example_dags/tutorial_objectstorage.py took 0.085 seconds
[2024-02-02T15:32:40.088+0000] {processor.py:161} INFO - Started process (PID=9772) to work on /home/airflow/.local/lib/python3.8/site-packages/airflow/example_dags/tutorial_objectstorage.py
[2024-02-02T15:32:40.089+0000] {processor.py:830} INFO - Processing file /home/airflow/.local/lib/python3.8/site-packages/airflow/example_dags/tutorial_objectstorage.py for tasks to queue
[2024-02-02T15:32:40.091+0000] {logging_mixin.py:188} INFO - [2024-02-02T15:32:40.090+0000] {dagbag.py:538} INFO - Filling up the DagBag from /home/airflow/.local/lib/python3.8/site-packages/airflow/example_dags/tutorial_objectstorage.py
[2024-02-02T15:32:40.100+0000] {processor.py:840} INFO - DAG(s) 'tutorial_objectstorage' retrieved from /home/airflow/.local/lib/python3.8/site-packages/airflow/example_dags/tutorial_objectstorage.py
[2024-02-02T15:32:40.124+0000] {logging_mixin.py:188} INFO - [2024-02-02T15:32:40.123+0000] {dag.py:3036} INFO - Sync 1 DAGs
[2024-02-02T15:32:40.139+0000] {logging_mixin.py:188} INFO - [2024-02-02T15:32:40.139+0000] {dag.py:3823} INFO - Setting next_dagrun for tutorial_objectstorage to None, run_after=None
[2024-02-02T15:32:40.164+0000] {processor.py:183} INFO - Processing /home/airflow/.local/lib/python3.8/site-packages/airflow/example_dags/tutorial_objectstorage.py took 0.080 seconds
[2024-02-02T15:33:11.086+0000] {processor.py:161} INFO - Started process (PID=10019) to work on /home/airflow/.local/lib/python3.8/site-packages/airflow/example_dags/tutorial_objectstorage.py
[2024-02-02T15:33:11.087+0000] {processor.py:830} INFO - Processing file /home/airflow/.local/lib/python3.8/site-packages/airflow/example_dags/tutorial_objectstorage.py for tasks to queue
[2024-02-02T15:33:11.088+0000] {logging_mixin.py:188} INFO - [2024-02-02T15:33:11.088+0000] {dagbag.py:538} INFO - Filling up the DagBag from /home/airflow/.local/lib/python3.8/site-packages/airflow/example_dags/tutorial_objectstorage.py
[2024-02-02T15:33:11.097+0000] {processor.py:840} INFO - DAG(s) 'tutorial_objectstorage' retrieved from /home/airflow/.local/lib/python3.8/site-packages/airflow/example_dags/tutorial_objectstorage.py
[2024-02-02T15:33:11.122+0000] {logging_mixin.py:188} INFO - [2024-02-02T15:33:11.122+0000] {dag.py:3036} INFO - Sync 1 DAGs
[2024-02-02T15:33:11.141+0000] {logging_mixin.py:188} INFO - [2024-02-02T15:33:11.140+0000] {dag.py:3823} INFO - Setting next_dagrun for tutorial_objectstorage to None, run_after=None
[2024-02-02T15:33:11.163+0000] {processor.py:183} INFO - Processing /home/airflow/.local/lib/python3.8/site-packages/airflow/example_dags/tutorial_objectstorage.py took 0.081 seconds
[2024-02-02T15:33:41.823+0000] {processor.py:161} INFO - Started process (PID=10266) to work on /home/airflow/.local/lib/python3.8/site-packages/airflow/example_dags/tutorial_objectstorage.py
[2024-02-02T15:33:41.825+0000] {processor.py:830} INFO - Processing file /home/airflow/.local/lib/python3.8/site-packages/airflow/example_dags/tutorial_objectstorage.py for tasks to queue
[2024-02-02T15:33:41.826+0000] {logging_mixin.py:188} INFO - [2024-02-02T15:33:41.826+0000] {dagbag.py:538} INFO - Filling up the DagBag from /home/airflow/.local/lib/python3.8/site-packages/airflow/example_dags/tutorial_objectstorage.py
[2024-02-02T15:33:41.836+0000] {processor.py:840} INFO - DAG(s) 'tutorial_objectstorage' retrieved from /home/airflow/.local/lib/python3.8/site-packages/airflow/example_dags/tutorial_objectstorage.py
[2024-02-02T15:33:41.861+0000] {logging_mixin.py:188} INFO - [2024-02-02T15:33:41.861+0000] {dag.py:3036} INFO - Sync 1 DAGs
[2024-02-02T15:33:41.880+0000] {logging_mixin.py:188} INFO - [2024-02-02T15:33:41.880+0000] {dag.py:3823} INFO - Setting next_dagrun for tutorial_objectstorage to None, run_after=None
[2024-02-02T15:33:41.906+0000] {processor.py:183} INFO - Processing /home/airflow/.local/lib/python3.8/site-packages/airflow/example_dags/tutorial_objectstorage.py took 0.086 seconds
[2024-02-02T15:34:12.149+0000] {processor.py:161} INFO - Started process (PID=10513) to work on /home/airflow/.local/lib/python3.8/site-packages/airflow/example_dags/tutorial_objectstorage.py
[2024-02-02T15:34:12.151+0000] {processor.py:830} INFO - Processing file /home/airflow/.local/lib/python3.8/site-packages/airflow/example_dags/tutorial_objectstorage.py for tasks to queue
[2024-02-02T15:34:12.153+0000] {logging_mixin.py:188} INFO - [2024-02-02T15:34:12.152+0000] {dagbag.py:538} INFO - Filling up the DagBag from /home/airflow/.local/lib/python3.8/site-packages/airflow/example_dags/tutorial_objectstorage.py
[2024-02-02T15:34:12.163+0000] {processor.py:840} INFO - DAG(s) 'tutorial_objectstorage' retrieved from /home/airflow/.local/lib/python3.8/site-packages/airflow/example_dags/tutorial_objectstorage.py
[2024-02-02T15:34:12.187+0000] {logging_mixin.py:188} INFO - [2024-02-02T15:34:12.186+0000] {dag.py:3036} INFO - Sync 1 DAGs
[2024-02-02T15:34:12.203+0000] {logging_mixin.py:188} INFO - [2024-02-02T15:34:12.202+0000] {dag.py:3823} INFO - Setting next_dagrun for tutorial_objectstorage to None, run_after=None
[2024-02-02T15:34:12.229+0000] {processor.py:183} INFO - Processing /home/airflow/.local/lib/python3.8/site-packages/airflow/example_dags/tutorial_objectstorage.py took 0.084 seconds
[2024-02-02T15:34:42.499+0000] {processor.py:161} INFO - Started process (PID=10760) to work on /home/airflow/.local/lib/python3.8/site-packages/airflow/example_dags/tutorial_objectstorage.py
[2024-02-02T15:34:42.501+0000] {processor.py:830} INFO - Processing file /home/airflow/.local/lib/python3.8/site-packages/airflow/example_dags/tutorial_objectstorage.py for tasks to queue
[2024-02-02T15:34:42.502+0000] {logging_mixin.py:188} INFO - [2024-02-02T15:34:42.502+0000] {dagbag.py:538} INFO - Filling up the DagBag from /home/airflow/.local/lib/python3.8/site-packages/airflow/example_dags/tutorial_objectstorage.py
[2024-02-02T15:34:42.512+0000] {processor.py:840} INFO - DAG(s) 'tutorial_objectstorage' retrieved from /home/airflow/.local/lib/python3.8/site-packages/airflow/example_dags/tutorial_objectstorage.py
[2024-02-02T15:34:42.537+0000] {logging_mixin.py:188} INFO - [2024-02-02T15:34:42.536+0000] {dag.py:3036} INFO - Sync 1 DAGs
[2024-02-02T15:34:42.551+0000] {logging_mixin.py:188} INFO - [2024-02-02T15:34:42.551+0000] {dag.py:3823} INFO - Setting next_dagrun for tutorial_objectstorage to None, run_after=None
[2024-02-02T15:34:42.576+0000] {processor.py:183} INFO - Processing /home/airflow/.local/lib/python3.8/site-packages/airflow/example_dags/tutorial_objectstorage.py took 0.080 seconds
[2024-02-02T15:35:12.922+0000] {processor.py:161} INFO - Started process (PID=11007) to work on /home/airflow/.local/lib/python3.8/site-packages/airflow/example_dags/tutorial_objectstorage.py
[2024-02-02T15:35:12.923+0000] {processor.py:830} INFO - Processing file /home/airflow/.local/lib/python3.8/site-packages/airflow/example_dags/tutorial_objectstorage.py for tasks to queue
[2024-02-02T15:35:12.925+0000] {logging_mixin.py:188} INFO - [2024-02-02T15:35:12.924+0000] {dagbag.py:538} INFO - Filling up the DagBag from /home/airflow/.local/lib/python3.8/site-packages/airflow/example_dags/tutorial_objectstorage.py
[2024-02-02T15:35:12.935+0000] {processor.py:840} INFO - DAG(s) 'tutorial_objectstorage' retrieved from /home/airflow/.local/lib/python3.8/site-packages/airflow/example_dags/tutorial_objectstorage.py
[2024-02-02T15:35:12.959+0000] {logging_mixin.py:188} INFO - [2024-02-02T15:35:12.958+0000] {dag.py:3036} INFO - Sync 1 DAGs
[2024-02-02T15:35:12.974+0000] {logging_mixin.py:188} INFO - [2024-02-02T15:35:12.974+0000] {dag.py:3823} INFO - Setting next_dagrun for tutorial_objectstorage to None, run_after=None
[2024-02-02T15:35:13.000+0000] {processor.py:183} INFO - Processing /home/airflow/.local/lib/python3.8/site-packages/airflow/example_dags/tutorial_objectstorage.py took 0.082 seconds
[2024-02-02T15:35:43.563+0000] {processor.py:161} INFO - Started process (PID=11254) to work on /home/airflow/.local/lib/python3.8/site-packages/airflow/example_dags/tutorial_objectstorage.py
[2024-02-02T15:35:43.564+0000] {processor.py:830} INFO - Processing file /home/airflow/.local/lib/python3.8/site-packages/airflow/example_dags/tutorial_objectstorage.py for tasks to queue
[2024-02-02T15:35:43.566+0000] {logging_mixin.py:188} INFO - [2024-02-02T15:35:43.566+0000] {dagbag.py:538} INFO - Filling up the DagBag from /home/airflow/.local/lib/python3.8/site-packages/airflow/example_dags/tutorial_objectstorage.py
[2024-02-02T15:35:43.574+0000] {processor.py:840} INFO - DAG(s) 'tutorial_objectstorage' retrieved from /home/airflow/.local/lib/python3.8/site-packages/airflow/example_dags/tutorial_objectstorage.py
[2024-02-02T15:35:43.599+0000] {logging_mixin.py:188} INFO - [2024-02-02T15:35:43.598+0000] {dag.py:3036} INFO - Sync 1 DAGs
[2024-02-02T15:35:43.616+0000] {logging_mixin.py:188} INFO - [2024-02-02T15:35:43.615+0000] {dag.py:3823} INFO - Setting next_dagrun for tutorial_objectstorage to None, run_after=None
[2024-02-02T15:35:43.640+0000] {processor.py:183} INFO - Processing /home/airflow/.local/lib/python3.8/site-packages/airflow/example_dags/tutorial_objectstorage.py took 0.082 seconds
