[2024-02-02T15:13:18.765+0000] {processor.py:161} INFO - Started process (PID=311) to work on /home/airflow/.local/lib/python3.8/site-packages/airflow/example_dags/tutorial.py
[2024-02-02T15:13:18.767+0000] {processor.py:830} INFO - Processing file /home/airflow/.local/lib/python3.8/site-packages/airflow/example_dags/tutorial.py for tasks to queue
[2024-02-02T15:13:18.769+0000] {logging_mixin.py:188} INFO - [2024-02-02T15:13:18.768+0000] {dagbag.py:538} INFO - Filling up the DagBag from /home/airflow/.local/lib/python3.8/site-packages/airflow/example_dags/tutorial.py
[2024-02-02T15:13:18.777+0000] {processor.py:840} INFO - DAG(s) 'tutorial' retrieved from /home/airflow/.local/lib/python3.8/site-packages/airflow/example_dags/tutorial.py
[2024-02-02T15:13:18.792+0000] {logging_mixin.py:188} INFO - [2024-02-02T15:13:18.792+0000] {dag.py:3036} INFO - Sync 1 DAGs
[2024-02-02T15:13:18.830+0000] {logging_mixin.py:188} INFO - [2024-02-02T15:13:18.829+0000] {dag.py:3823} INFO - Setting next_dagrun for tutorial to 2024-02-01 00:00:00+00:00, run_after=2024-02-02 00:00:00+00:00
[2024-02-02T15:13:18.872+0000] {processor.py:183} INFO - Processing /home/airflow/.local/lib/python3.8/site-packages/airflow/example_dags/tutorial.py took 0.110 seconds
[2024-02-02T15:13:51.770+0000] {processor.py:161} INFO - Started process (PID=558) to work on /home/airflow/.local/lib/python3.8/site-packages/airflow/example_dags/tutorial.py
[2024-02-02T15:13:51.772+0000] {processor.py:830} INFO - Processing file /home/airflow/.local/lib/python3.8/site-packages/airflow/example_dags/tutorial.py for tasks to queue
[2024-02-02T15:13:51.774+0000] {logging_mixin.py:188} INFO - [2024-02-02T15:13:51.773+0000] {dagbag.py:538} INFO - Filling up the DagBag from /home/airflow/.local/lib/python3.8/site-packages/airflow/example_dags/tutorial.py
[2024-02-02T15:13:51.785+0000] {processor.py:840} INFO - DAG(s) 'tutorial' retrieved from /home/airflow/.local/lib/python3.8/site-packages/airflow/example_dags/tutorial.py
[2024-02-02T15:13:51.963+0000] {logging_mixin.py:188} INFO - [2024-02-02T15:13:51.962+0000] {dag.py:3036} INFO - Sync 1 DAGs
[2024-02-02T15:13:52.002+0000] {logging_mixin.py:188} INFO - [2024-02-02T15:13:52.001+0000] {dag.py:3823} INFO - Setting next_dagrun for tutorial to 2024-02-01 00:00:00+00:00, run_after=2024-02-02 00:00:00+00:00
[2024-02-02T15:13:52.035+0000] {processor.py:183} INFO - Processing /home/airflow/.local/lib/python3.8/site-packages/airflow/example_dags/tutorial.py took 0.270 seconds
[2024-02-02T15:14:22.794+0000] {processor.py:161} INFO - Started process (PID=807) to work on /home/airflow/.local/lib/python3.8/site-packages/airflow/example_dags/tutorial.py
[2024-02-02T15:14:22.796+0000] {processor.py:830} INFO - Processing file /home/airflow/.local/lib/python3.8/site-packages/airflow/example_dags/tutorial.py for tasks to queue
[2024-02-02T15:14:22.798+0000] {logging_mixin.py:188} INFO - [2024-02-02T15:14:22.797+0000] {dagbag.py:538} INFO - Filling up the DagBag from /home/airflow/.local/lib/python3.8/site-packages/airflow/example_dags/tutorial.py
[2024-02-02T15:14:22.805+0000] {processor.py:840} INFO - DAG(s) 'tutorial' retrieved from /home/airflow/.local/lib/python3.8/site-packages/airflow/example_dags/tutorial.py
[2024-02-02T15:14:22.829+0000] {logging_mixin.py:188} INFO - [2024-02-02T15:14:22.829+0000] {dag.py:3036} INFO - Sync 1 DAGs
[2024-02-02T15:14:22.856+0000] {logging_mixin.py:188} INFO - [2024-02-02T15:14:22.856+0000] {dag.py:3823} INFO - Setting next_dagrun for tutorial to 2024-02-01 00:00:00+00:00, run_after=2024-02-02 00:00:00+00:00
[2024-02-02T15:14:22.880+0000] {processor.py:183} INFO - Processing /home/airflow/.local/lib/python3.8/site-packages/airflow/example_dags/tutorial.py took 0.090 seconds
[2024-02-02T15:14:53.007+0000] {processor.py:161} INFO - Started process (PID=1054) to work on /home/airflow/.local/lib/python3.8/site-packages/airflow/example_dags/tutorial.py
[2024-02-02T15:14:53.009+0000] {processor.py:830} INFO - Processing file /home/airflow/.local/lib/python3.8/site-packages/airflow/example_dags/tutorial.py for tasks to queue
[2024-02-02T15:14:53.010+0000] {logging_mixin.py:188} INFO - [2024-02-02T15:14:53.010+0000] {dagbag.py:538} INFO - Filling up the DagBag from /home/airflow/.local/lib/python3.8/site-packages/airflow/example_dags/tutorial.py
[2024-02-02T15:14:53.023+0000] {processor.py:840} INFO - DAG(s) 'tutorial' retrieved from /home/airflow/.local/lib/python3.8/site-packages/airflow/example_dags/tutorial.py
[2024-02-02T15:14:53.051+0000] {logging_mixin.py:188} INFO - [2024-02-02T15:14:53.050+0000] {dag.py:3036} INFO - Sync 1 DAGs
[2024-02-02T15:14:53.078+0000] {logging_mixin.py:188} INFO - [2024-02-02T15:14:53.078+0000] {dag.py:3823} INFO - Setting next_dagrun for tutorial to 2024-02-01 00:00:00+00:00, run_after=2024-02-02 00:00:00+00:00
[2024-02-02T15:14:53.103+0000] {processor.py:183} INFO - Processing /home/airflow/.local/lib/python3.8/site-packages/airflow/example_dags/tutorial.py took 0.101 seconds
[2024-02-02T15:15:23.226+0000] {processor.py:161} INFO - Started process (PID=1299) to work on /home/airflow/.local/lib/python3.8/site-packages/airflow/example_dags/tutorial.py
[2024-02-02T15:15:23.228+0000] {processor.py:830} INFO - Processing file /home/airflow/.local/lib/python3.8/site-packages/airflow/example_dags/tutorial.py for tasks to queue
[2024-02-02T15:15:23.229+0000] {logging_mixin.py:188} INFO - [2024-02-02T15:15:23.229+0000] {dagbag.py:538} INFO - Filling up the DagBag from /home/airflow/.local/lib/python3.8/site-packages/airflow/example_dags/tutorial.py
[2024-02-02T15:15:23.238+0000] {processor.py:840} INFO - DAG(s) 'tutorial' retrieved from /home/airflow/.local/lib/python3.8/site-packages/airflow/example_dags/tutorial.py
[2024-02-02T15:15:23.265+0000] {logging_mixin.py:188} INFO - [2024-02-02T15:15:23.264+0000] {dag.py:3036} INFO - Sync 1 DAGs
[2024-02-02T15:15:23.297+0000] {logging_mixin.py:188} INFO - [2024-02-02T15:15:23.297+0000] {dag.py:3823} INFO - Setting next_dagrun for tutorial to 2024-02-01 00:00:00+00:00, run_after=2024-02-02 00:00:00+00:00
[2024-02-02T15:15:23.325+0000] {processor.py:183} INFO - Processing /home/airflow/.local/lib/python3.8/site-packages/airflow/example_dags/tutorial.py took 0.104 seconds
[2024-02-02T15:15:53.953+0000] {processor.py:161} INFO - Started process (PID=1546) to work on /home/airflow/.local/lib/python3.8/site-packages/airflow/example_dags/tutorial.py
[2024-02-02T15:15:53.957+0000] {processor.py:830} INFO - Processing file /home/airflow/.local/lib/python3.8/site-packages/airflow/example_dags/tutorial.py for tasks to queue
[2024-02-02T15:15:53.959+0000] {logging_mixin.py:188} INFO - [2024-02-02T15:15:53.958+0000] {dagbag.py:538} INFO - Filling up the DagBag from /home/airflow/.local/lib/python3.8/site-packages/airflow/example_dags/tutorial.py
[2024-02-02T15:15:53.968+0000] {processor.py:840} INFO - DAG(s) 'tutorial' retrieved from /home/airflow/.local/lib/python3.8/site-packages/airflow/example_dags/tutorial.py
[2024-02-02T15:15:54.008+0000] {logging_mixin.py:188} INFO - [2024-02-02T15:15:54.008+0000] {dag.py:3036} INFO - Sync 1 DAGs
[2024-02-02T15:15:54.046+0000] {logging_mixin.py:188} INFO - [2024-02-02T15:15:54.045+0000] {dag.py:3823} INFO - Setting next_dagrun for tutorial to 2024-02-01 00:00:00+00:00, run_after=2024-02-02 00:00:00+00:00
[2024-02-02T15:15:54.080+0000] {processor.py:183} INFO - Processing /home/airflow/.local/lib/python3.8/site-packages/airflow/example_dags/tutorial.py took 0.132 seconds
[2024-02-02T15:16:24.231+0000] {processor.py:161} INFO - Started process (PID=1793) to work on /home/airflow/.local/lib/python3.8/site-packages/airflow/example_dags/tutorial.py
[2024-02-02T15:16:24.232+0000] {processor.py:830} INFO - Processing file /home/airflow/.local/lib/python3.8/site-packages/airflow/example_dags/tutorial.py for tasks to queue
[2024-02-02T15:16:24.234+0000] {logging_mixin.py:188} INFO - [2024-02-02T15:16:24.233+0000] {dagbag.py:538} INFO - Filling up the DagBag from /home/airflow/.local/lib/python3.8/site-packages/airflow/example_dags/tutorial.py
[2024-02-02T15:16:24.247+0000] {processor.py:840} INFO - DAG(s) 'tutorial' retrieved from /home/airflow/.local/lib/python3.8/site-packages/airflow/example_dags/tutorial.py
[2024-02-02T15:16:24.283+0000] {logging_mixin.py:188} INFO - [2024-02-02T15:16:24.283+0000] {dag.py:3036} INFO - Sync 1 DAGs
[2024-02-02T15:16:24.325+0000] {logging_mixin.py:188} INFO - [2024-02-02T15:16:24.325+0000] {dag.py:3823} INFO - Setting next_dagrun for tutorial to 2024-02-01 00:00:00+00:00, run_after=2024-02-02 00:00:00+00:00
[2024-02-02T15:16:24.365+0000] {processor.py:183} INFO - Processing /home/airflow/.local/lib/python3.8/site-packages/airflow/example_dags/tutorial.py took 0.141 seconds
[2024-02-02T15:16:55.116+0000] {processor.py:161} INFO - Started process (PID=2042) to work on /home/airflow/.local/lib/python3.8/site-packages/airflow/example_dags/tutorial.py
[2024-02-02T15:16:55.118+0000] {processor.py:830} INFO - Processing file /home/airflow/.local/lib/python3.8/site-packages/airflow/example_dags/tutorial.py for tasks to queue
[2024-02-02T15:16:55.120+0000] {logging_mixin.py:188} INFO - [2024-02-02T15:16:55.119+0000] {dagbag.py:538} INFO - Filling up the DagBag from /home/airflow/.local/lib/python3.8/site-packages/airflow/example_dags/tutorial.py
[2024-02-02T15:16:55.132+0000] {processor.py:840} INFO - DAG(s) 'tutorial' retrieved from /home/airflow/.local/lib/python3.8/site-packages/airflow/example_dags/tutorial.py
[2024-02-02T15:16:55.165+0000] {logging_mixin.py:188} INFO - [2024-02-02T15:16:55.165+0000] {dag.py:3036} INFO - Sync 1 DAGs
[2024-02-02T15:16:55.201+0000] {logging_mixin.py:188} INFO - [2024-02-02T15:16:55.201+0000] {dag.py:3823} INFO - Setting next_dagrun for tutorial to 2024-02-01 00:00:00+00:00, run_after=2024-02-02 00:00:00+00:00
[2024-02-02T15:16:55.233+0000] {processor.py:183} INFO - Processing /home/airflow/.local/lib/python3.8/site-packages/airflow/example_dags/tutorial.py took 0.122 seconds
[2024-02-02T15:17:25.324+0000] {processor.py:161} INFO - Started process (PID=2289) to work on /home/airflow/.local/lib/python3.8/site-packages/airflow/example_dags/tutorial.py
[2024-02-02T15:17:25.328+0000] {processor.py:830} INFO - Processing file /home/airflow/.local/lib/python3.8/site-packages/airflow/example_dags/tutorial.py for tasks to queue
[2024-02-02T15:17:25.332+0000] {logging_mixin.py:188} INFO - [2024-02-02T15:17:25.331+0000] {dagbag.py:538} INFO - Filling up the DagBag from /home/airflow/.local/lib/python3.8/site-packages/airflow/example_dags/tutorial.py
[2024-02-02T15:17:25.348+0000] {processor.py:840} INFO - DAG(s) 'tutorial' retrieved from /home/airflow/.local/lib/python3.8/site-packages/airflow/example_dags/tutorial.py
[2024-02-02T15:17:25.389+0000] {logging_mixin.py:188} INFO - [2024-02-02T15:17:25.389+0000] {dag.py:3036} INFO - Sync 1 DAGs
[2024-02-02T15:17:25.436+0000] {logging_mixin.py:188} INFO - [2024-02-02T15:17:25.435+0000] {dag.py:3823} INFO - Setting next_dagrun for tutorial to 2024-02-01 00:00:00+00:00, run_after=2024-02-02 00:00:00+00:00
[2024-02-02T15:17:25.486+0000] {processor.py:183} INFO - Processing /home/airflow/.local/lib/python3.8/site-packages/airflow/example_dags/tutorial.py took 0.168 seconds
[2024-02-02T15:17:55.698+0000] {processor.py:161} INFO - Started process (PID=2536) to work on /home/airflow/.local/lib/python3.8/site-packages/airflow/example_dags/tutorial.py
[2024-02-02T15:17:55.700+0000] {processor.py:830} INFO - Processing file /home/airflow/.local/lib/python3.8/site-packages/airflow/example_dags/tutorial.py for tasks to queue
[2024-02-02T15:17:55.702+0000] {logging_mixin.py:188} INFO - [2024-02-02T15:17:55.702+0000] {dagbag.py:538} INFO - Filling up the DagBag from /home/airflow/.local/lib/python3.8/site-packages/airflow/example_dags/tutorial.py
[2024-02-02T15:17:55.710+0000] {processor.py:840} INFO - DAG(s) 'tutorial' retrieved from /home/airflow/.local/lib/python3.8/site-packages/airflow/example_dags/tutorial.py
[2024-02-02T15:17:55.745+0000] {logging_mixin.py:188} INFO - [2024-02-02T15:17:55.744+0000] {dag.py:3036} INFO - Sync 1 DAGs
[2024-02-02T15:17:55.782+0000] {logging_mixin.py:188} INFO - [2024-02-02T15:17:55.782+0000] {dag.py:3823} INFO - Setting next_dagrun for tutorial to 2024-02-01 00:00:00+00:00, run_after=2024-02-02 00:00:00+00:00
[2024-02-02T15:17:55.812+0000] {processor.py:183} INFO - Processing /home/airflow/.local/lib/python3.8/site-packages/airflow/example_dags/tutorial.py took 0.122 seconds
[2024-02-02T15:18:26.741+0000] {processor.py:161} INFO - Started process (PID=2831) to work on /home/airflow/.local/lib/python3.8/site-packages/airflow/example_dags/tutorial.py
[2024-02-02T15:18:26.743+0000] {processor.py:830} INFO - Processing file /home/airflow/.local/lib/python3.8/site-packages/airflow/example_dags/tutorial.py for tasks to queue
[2024-02-02T15:18:26.747+0000] {logging_mixin.py:188} INFO - [2024-02-02T15:18:26.746+0000] {dagbag.py:538} INFO - Filling up the DagBag from /home/airflow/.local/lib/python3.8/site-packages/airflow/example_dags/tutorial.py
[2024-02-02T15:18:26.759+0000] {processor.py:840} INFO - DAG(s) 'tutorial' retrieved from /home/airflow/.local/lib/python3.8/site-packages/airflow/example_dags/tutorial.py
[2024-02-02T15:18:26.794+0000] {logging_mixin.py:188} INFO - [2024-02-02T15:18:26.794+0000] {dag.py:3036} INFO - Sync 1 DAGs
[2024-02-02T15:18:26.834+0000] {logging_mixin.py:188} INFO - [2024-02-02T15:18:26.833+0000] {dag.py:3823} INFO - Setting next_dagrun for tutorial to 2024-02-01 00:00:00+00:00, run_after=2024-02-02 00:00:00+00:00
[2024-02-02T15:18:26.864+0000] {processor.py:183} INFO - Processing /home/airflow/.local/lib/python3.8/site-packages/airflow/example_dags/tutorial.py took 0.131 seconds
[2024-02-02T15:18:57.312+0000] {processor.py:161} INFO - Started process (PID=3078) to work on /home/airflow/.local/lib/python3.8/site-packages/airflow/example_dags/tutorial.py
[2024-02-02T15:18:57.314+0000] {processor.py:830} INFO - Processing file /home/airflow/.local/lib/python3.8/site-packages/airflow/example_dags/tutorial.py for tasks to queue
[2024-02-02T15:18:57.316+0000] {logging_mixin.py:188} INFO - [2024-02-02T15:18:57.315+0000] {dagbag.py:538} INFO - Filling up the DagBag from /home/airflow/.local/lib/python3.8/site-packages/airflow/example_dags/tutorial.py
[2024-02-02T15:18:57.327+0000] {processor.py:840} INFO - DAG(s) 'tutorial' retrieved from /home/airflow/.local/lib/python3.8/site-packages/airflow/example_dags/tutorial.py
[2024-02-02T15:18:57.361+0000] {logging_mixin.py:188} INFO - [2024-02-02T15:18:57.360+0000] {dag.py:3036} INFO - Sync 1 DAGs
[2024-02-02T15:18:57.393+0000] {logging_mixin.py:188} INFO - [2024-02-02T15:18:57.393+0000] {dag.py:3823} INFO - Setting next_dagrun for tutorial to 2024-02-01 00:00:00+00:00, run_after=2024-02-02 00:00:00+00:00
[2024-02-02T15:18:57.433+0000] {processor.py:183} INFO - Processing /home/airflow/.local/lib/python3.8/site-packages/airflow/example_dags/tutorial.py took 0.125 seconds
[2024-02-02T15:19:27.551+0000] {processor.py:161} INFO - Started process (PID=3326) to work on /home/airflow/.local/lib/python3.8/site-packages/airflow/example_dags/tutorial.py
[2024-02-02T15:19:27.552+0000] {processor.py:830} INFO - Processing file /home/airflow/.local/lib/python3.8/site-packages/airflow/example_dags/tutorial.py for tasks to queue
[2024-02-02T15:19:27.554+0000] {logging_mixin.py:188} INFO - [2024-02-02T15:19:27.553+0000] {dagbag.py:538} INFO - Filling up the DagBag from /home/airflow/.local/lib/python3.8/site-packages/airflow/example_dags/tutorial.py
[2024-02-02T15:19:27.567+0000] {processor.py:840} INFO - DAG(s) 'tutorial' retrieved from /home/airflow/.local/lib/python3.8/site-packages/airflow/example_dags/tutorial.py
[2024-02-02T15:19:27.598+0000] {logging_mixin.py:188} INFO - [2024-02-02T15:19:27.598+0000] {dag.py:3036} INFO - Sync 1 DAGs
[2024-02-02T15:19:27.633+0000] {logging_mixin.py:188} INFO - [2024-02-02T15:19:27.633+0000] {dag.py:3823} INFO - Setting next_dagrun for tutorial to 2024-02-01 00:00:00+00:00, run_after=2024-02-02 00:00:00+00:00
[2024-02-02T15:19:27.675+0000] {processor.py:183} INFO - Processing /home/airflow/.local/lib/python3.8/site-packages/airflow/example_dags/tutorial.py took 0.129 seconds
[2024-02-02T15:19:57.939+0000] {processor.py:161} INFO - Started process (PID=3573) to work on /home/airflow/.local/lib/python3.8/site-packages/airflow/example_dags/tutorial.py
[2024-02-02T15:19:57.941+0000] {processor.py:830} INFO - Processing file /home/airflow/.local/lib/python3.8/site-packages/airflow/example_dags/tutorial.py for tasks to queue
[2024-02-02T15:19:57.943+0000] {logging_mixin.py:188} INFO - [2024-02-02T15:19:57.942+0000] {dagbag.py:538} INFO - Filling up the DagBag from /home/airflow/.local/lib/python3.8/site-packages/airflow/example_dags/tutorial.py
[2024-02-02T15:19:57.952+0000] {processor.py:840} INFO - DAG(s) 'tutorial' retrieved from /home/airflow/.local/lib/python3.8/site-packages/airflow/example_dags/tutorial.py
[2024-02-02T15:19:57.980+0000] {logging_mixin.py:188} INFO - [2024-02-02T15:19:57.980+0000] {dag.py:3036} INFO - Sync 1 DAGs
[2024-02-02T15:19:58.008+0000] {logging_mixin.py:188} INFO - [2024-02-02T15:19:58.008+0000] {dag.py:3823} INFO - Setting next_dagrun for tutorial to 2024-02-01 00:00:00+00:00, run_after=2024-02-02 00:00:00+00:00
[2024-02-02T15:19:58.033+0000] {processor.py:183} INFO - Processing /home/airflow/.local/lib/python3.8/site-packages/airflow/example_dags/tutorial.py took 0.098 seconds
[2024-02-02T15:20:28.507+0000] {processor.py:161} INFO - Started process (PID=3820) to work on /home/airflow/.local/lib/python3.8/site-packages/airflow/example_dags/tutorial.py
[2024-02-02T15:20:28.509+0000] {processor.py:830} INFO - Processing file /home/airflow/.local/lib/python3.8/site-packages/airflow/example_dags/tutorial.py for tasks to queue
[2024-02-02T15:20:28.511+0000] {logging_mixin.py:188} INFO - [2024-02-02T15:20:28.510+0000] {dagbag.py:538} INFO - Filling up the DagBag from /home/airflow/.local/lib/python3.8/site-packages/airflow/example_dags/tutorial.py
[2024-02-02T15:20:28.518+0000] {processor.py:840} INFO - DAG(s) 'tutorial' retrieved from /home/airflow/.local/lib/python3.8/site-packages/airflow/example_dags/tutorial.py
[2024-02-02T15:20:28.544+0000] {logging_mixin.py:188} INFO - [2024-02-02T15:20:28.544+0000] {dag.py:3036} INFO - Sync 1 DAGs
[2024-02-02T15:20:28.570+0000] {logging_mixin.py:188} INFO - [2024-02-02T15:20:28.570+0000] {dag.py:3823} INFO - Setting next_dagrun for tutorial to 2024-02-01 00:00:00+00:00, run_after=2024-02-02 00:00:00+00:00
[2024-02-02T15:20:28.605+0000] {processor.py:183} INFO - Processing /home/airflow/.local/lib/python3.8/site-packages/airflow/example_dags/tutorial.py took 0.102 seconds
[2024-02-02T15:20:58.867+0000] {processor.py:161} INFO - Started process (PID=4067) to work on /home/airflow/.local/lib/python3.8/site-packages/airflow/example_dags/tutorial.py
[2024-02-02T15:20:58.868+0000] {processor.py:830} INFO - Processing file /home/airflow/.local/lib/python3.8/site-packages/airflow/example_dags/tutorial.py for tasks to queue
[2024-02-02T15:20:58.869+0000] {logging_mixin.py:188} INFO - [2024-02-02T15:20:58.869+0000] {dagbag.py:538} INFO - Filling up the DagBag from /home/airflow/.local/lib/python3.8/site-packages/airflow/example_dags/tutorial.py
[2024-02-02T15:20:58.879+0000] {processor.py:840} INFO - DAG(s) 'tutorial' retrieved from /home/airflow/.local/lib/python3.8/site-packages/airflow/example_dags/tutorial.py
[2024-02-02T15:20:58.904+0000] {logging_mixin.py:188} INFO - [2024-02-02T15:20:58.903+0000] {dag.py:3036} INFO - Sync 1 DAGs
[2024-02-02T15:20:58.933+0000] {logging_mixin.py:188} INFO - [2024-02-02T15:20:58.932+0000] {dag.py:3823} INFO - Setting next_dagrun for tutorial to 2024-02-01 00:00:00+00:00, run_after=2024-02-02 00:00:00+00:00
[2024-02-02T15:20:58.961+0000] {processor.py:183} INFO - Processing /home/airflow/.local/lib/python3.8/site-packages/airflow/example_dags/tutorial.py took 0.098 seconds
[2024-02-02T15:21:29.119+0000] {processor.py:161} INFO - Started process (PID=4314) to work on /home/airflow/.local/lib/python3.8/site-packages/airflow/example_dags/tutorial.py
[2024-02-02T15:21:29.121+0000] {processor.py:830} INFO - Processing file /home/airflow/.local/lib/python3.8/site-packages/airflow/example_dags/tutorial.py for tasks to queue
[2024-02-02T15:21:29.124+0000] {logging_mixin.py:188} INFO - [2024-02-02T15:21:29.122+0000] {dagbag.py:538} INFO - Filling up the DagBag from /home/airflow/.local/lib/python3.8/site-packages/airflow/example_dags/tutorial.py
[2024-02-02T15:21:29.134+0000] {processor.py:840} INFO - DAG(s) 'tutorial' retrieved from /home/airflow/.local/lib/python3.8/site-packages/airflow/example_dags/tutorial.py
[2024-02-02T15:21:29.160+0000] {logging_mixin.py:188} INFO - [2024-02-02T15:21:29.160+0000] {dag.py:3036} INFO - Sync 1 DAGs
[2024-02-02T15:21:29.189+0000] {logging_mixin.py:188} INFO - [2024-02-02T15:21:29.189+0000] {dag.py:3823} INFO - Setting next_dagrun for tutorial to 2024-02-01 00:00:00+00:00, run_after=2024-02-02 00:00:00+00:00
[2024-02-02T15:21:29.214+0000] {processor.py:183} INFO - Processing /home/airflow/.local/lib/python3.8/site-packages/airflow/example_dags/tutorial.py took 0.099 seconds
[2024-02-02T15:21:59.391+0000] {processor.py:161} INFO - Started process (PID=4567) to work on /home/airflow/.local/lib/python3.8/site-packages/airflow/example_dags/tutorial.py
[2024-02-02T15:21:59.393+0000] {processor.py:830} INFO - Processing file /home/airflow/.local/lib/python3.8/site-packages/airflow/example_dags/tutorial.py for tasks to queue
[2024-02-02T15:21:59.394+0000] {logging_mixin.py:188} INFO - [2024-02-02T15:21:59.394+0000] {dagbag.py:538} INFO - Filling up the DagBag from /home/airflow/.local/lib/python3.8/site-packages/airflow/example_dags/tutorial.py
[2024-02-02T15:21:59.401+0000] {processor.py:840} INFO - DAG(s) 'tutorial' retrieved from /home/airflow/.local/lib/python3.8/site-packages/airflow/example_dags/tutorial.py
[2024-02-02T15:21:59.426+0000] {logging_mixin.py:188} INFO - [2024-02-02T15:21:59.425+0000] {dag.py:3036} INFO - Sync 1 DAGs
[2024-02-02T15:21:59.452+0000] {logging_mixin.py:188} INFO - [2024-02-02T15:21:59.451+0000] {dag.py:3823} INFO - Setting next_dagrun for tutorial to 2024-02-01 00:00:00+00:00, run_after=2024-02-02 00:00:00+00:00
[2024-02-02T15:21:59.487+0000] {processor.py:183} INFO - Processing /home/airflow/.local/lib/python3.8/site-packages/airflow/example_dags/tutorial.py took 0.100 seconds
[2024-02-02T15:22:29.781+0000] {processor.py:161} INFO - Started process (PID=4814) to work on /home/airflow/.local/lib/python3.8/site-packages/airflow/example_dags/tutorial.py
[2024-02-02T15:22:29.782+0000] {processor.py:830} INFO - Processing file /home/airflow/.local/lib/python3.8/site-packages/airflow/example_dags/tutorial.py for tasks to queue
[2024-02-02T15:22:29.785+0000] {logging_mixin.py:188} INFO - [2024-02-02T15:22:29.784+0000] {dagbag.py:538} INFO - Filling up the DagBag from /home/airflow/.local/lib/python3.8/site-packages/airflow/example_dags/tutorial.py
[2024-02-02T15:22:29.798+0000] {processor.py:840} INFO - DAG(s) 'tutorial' retrieved from /home/airflow/.local/lib/python3.8/site-packages/airflow/example_dags/tutorial.py
[2024-02-02T15:22:29.832+0000] {logging_mixin.py:188} INFO - [2024-02-02T15:22:29.831+0000] {dag.py:3036} INFO - Sync 1 DAGs
[2024-02-02T15:22:29.876+0000] {logging_mixin.py:188} INFO - [2024-02-02T15:22:29.876+0000] {dag.py:3823} INFO - Setting next_dagrun for tutorial to 2024-02-01 00:00:00+00:00, run_after=2024-02-02 00:00:00+00:00
[2024-02-02T15:22:29.907+0000] {processor.py:183} INFO - Processing /home/airflow/.local/lib/python3.8/site-packages/airflow/example_dags/tutorial.py took 0.134 seconds
[2024-02-02T15:23:00.811+0000] {processor.py:161} INFO - Started process (PID=5061) to work on /home/airflow/.local/lib/python3.8/site-packages/airflow/example_dags/tutorial.py
[2024-02-02T15:23:00.813+0000] {processor.py:830} INFO - Processing file /home/airflow/.local/lib/python3.8/site-packages/airflow/example_dags/tutorial.py for tasks to queue
[2024-02-02T15:23:00.814+0000] {logging_mixin.py:188} INFO - [2024-02-02T15:23:00.814+0000] {dagbag.py:538} INFO - Filling up the DagBag from /home/airflow/.local/lib/python3.8/site-packages/airflow/example_dags/tutorial.py
[2024-02-02T15:23:00.821+0000] {processor.py:840} INFO - DAG(s) 'tutorial' retrieved from /home/airflow/.local/lib/python3.8/site-packages/airflow/example_dags/tutorial.py
[2024-02-02T15:23:00.847+0000] {logging_mixin.py:188} INFO - [2024-02-02T15:23:00.847+0000] {dag.py:3036} INFO - Sync 1 DAGs
[2024-02-02T15:23:00.876+0000] {logging_mixin.py:188} INFO - [2024-02-02T15:23:00.876+0000] {dag.py:3823} INFO - Setting next_dagrun for tutorial to 2024-02-01 00:00:00+00:00, run_after=2024-02-02 00:00:00+00:00
[2024-02-02T15:23:00.915+0000] {processor.py:183} INFO - Processing /home/airflow/.local/lib/python3.8/site-packages/airflow/example_dags/tutorial.py took 0.108 seconds
[2024-02-02T15:23:31.643+0000] {processor.py:161} INFO - Started process (PID=5308) to work on /home/airflow/.local/lib/python3.8/site-packages/airflow/example_dags/tutorial.py
[2024-02-02T15:23:31.645+0000] {processor.py:830} INFO - Processing file /home/airflow/.local/lib/python3.8/site-packages/airflow/example_dags/tutorial.py for tasks to queue
[2024-02-02T15:23:31.647+0000] {logging_mixin.py:188} INFO - [2024-02-02T15:23:31.646+0000] {dagbag.py:538} INFO - Filling up the DagBag from /home/airflow/.local/lib/python3.8/site-packages/airflow/example_dags/tutorial.py
[2024-02-02T15:23:31.655+0000] {processor.py:840} INFO - DAG(s) 'tutorial' retrieved from /home/airflow/.local/lib/python3.8/site-packages/airflow/example_dags/tutorial.py
[2024-02-02T15:23:31.684+0000] {logging_mixin.py:188} INFO - [2024-02-02T15:23:31.683+0000] {dag.py:3036} INFO - Sync 1 DAGs
[2024-02-02T15:23:31.711+0000] {logging_mixin.py:188} INFO - [2024-02-02T15:23:31.711+0000] {dag.py:3823} INFO - Setting next_dagrun for tutorial to 2024-02-01 00:00:00+00:00, run_after=2024-02-02 00:00:00+00:00
[2024-02-02T15:23:31.737+0000] {processor.py:183} INFO - Processing /home/airflow/.local/lib/python3.8/site-packages/airflow/example_dags/tutorial.py took 0.098 seconds
[2024-02-02T15:24:02.304+0000] {processor.py:161} INFO - Started process (PID=5555) to work on /home/airflow/.local/lib/python3.8/site-packages/airflow/example_dags/tutorial.py
[2024-02-02T15:24:02.306+0000] {processor.py:830} INFO - Processing file /home/airflow/.local/lib/python3.8/site-packages/airflow/example_dags/tutorial.py for tasks to queue
[2024-02-02T15:24:02.307+0000] {logging_mixin.py:188} INFO - [2024-02-02T15:24:02.307+0000] {dagbag.py:538} INFO - Filling up the DagBag from /home/airflow/.local/lib/python3.8/site-packages/airflow/example_dags/tutorial.py
[2024-02-02T15:24:02.316+0000] {processor.py:840} INFO - DAG(s) 'tutorial' retrieved from /home/airflow/.local/lib/python3.8/site-packages/airflow/example_dags/tutorial.py
[2024-02-02T15:24:02.345+0000] {logging_mixin.py:188} INFO - [2024-02-02T15:24:02.344+0000] {dag.py:3036} INFO - Sync 1 DAGs
[2024-02-02T15:24:02.375+0000] {logging_mixin.py:188} INFO - [2024-02-02T15:24:02.375+0000] {dag.py:3823} INFO - Setting next_dagrun for tutorial to 2024-02-01 00:00:00+00:00, run_after=2024-02-02 00:00:00+00:00
[2024-02-02T15:24:02.402+0000] {processor.py:183} INFO - Processing /home/airflow/.local/lib/python3.8/site-packages/airflow/example_dags/tutorial.py took 0.102 seconds
[2024-02-02T15:24:32.695+0000] {processor.py:161} INFO - Started process (PID=5802) to work on /home/airflow/.local/lib/python3.8/site-packages/airflow/example_dags/tutorial.py
[2024-02-02T15:24:32.696+0000] {processor.py:830} INFO - Processing file /home/airflow/.local/lib/python3.8/site-packages/airflow/example_dags/tutorial.py for tasks to queue
[2024-02-02T15:24:32.698+0000] {logging_mixin.py:188} INFO - [2024-02-02T15:24:32.697+0000] {dagbag.py:538} INFO - Filling up the DagBag from /home/airflow/.local/lib/python3.8/site-packages/airflow/example_dags/tutorial.py
[2024-02-02T15:24:32.706+0000] {processor.py:840} INFO - DAG(s) 'tutorial' retrieved from /home/airflow/.local/lib/python3.8/site-packages/airflow/example_dags/tutorial.py
[2024-02-02T15:24:32.735+0000] {logging_mixin.py:188} INFO - [2024-02-02T15:24:32.734+0000] {dag.py:3036} INFO - Sync 1 DAGs
[2024-02-02T15:24:32.762+0000] {logging_mixin.py:188} INFO - [2024-02-02T15:24:32.762+0000] {dag.py:3823} INFO - Setting next_dagrun for tutorial to 2024-02-01 00:00:00+00:00, run_after=2024-02-02 00:00:00+00:00
[2024-02-02T15:24:32.798+0000] {processor.py:183} INFO - Processing /home/airflow/.local/lib/python3.8/site-packages/airflow/example_dags/tutorial.py took 0.108 seconds
[2024-02-02T15:25:03.473+0000] {processor.py:161} INFO - Started process (PID=6049) to work on /home/airflow/.local/lib/python3.8/site-packages/airflow/example_dags/tutorial.py
[2024-02-02T15:25:03.475+0000] {processor.py:830} INFO - Processing file /home/airflow/.local/lib/python3.8/site-packages/airflow/example_dags/tutorial.py for tasks to queue
[2024-02-02T15:25:03.477+0000] {logging_mixin.py:188} INFO - [2024-02-02T15:25:03.476+0000] {dagbag.py:538} INFO - Filling up the DagBag from /home/airflow/.local/lib/python3.8/site-packages/airflow/example_dags/tutorial.py
[2024-02-02T15:25:03.484+0000] {processor.py:840} INFO - DAG(s) 'tutorial' retrieved from /home/airflow/.local/lib/python3.8/site-packages/airflow/example_dags/tutorial.py
[2024-02-02T15:25:03.510+0000] {logging_mixin.py:188} INFO - [2024-02-02T15:25:03.509+0000] {dag.py:3036} INFO - Sync 1 DAGs
[2024-02-02T15:25:03.536+0000] {logging_mixin.py:188} INFO - [2024-02-02T15:25:03.536+0000] {dag.py:3823} INFO - Setting next_dagrun for tutorial to 2024-02-01 00:00:00+00:00, run_after=2024-02-02 00:00:00+00:00
[2024-02-02T15:25:03.570+0000] {processor.py:183} INFO - Processing /home/airflow/.local/lib/python3.8/site-packages/airflow/example_dags/tutorial.py took 0.100 seconds
[2024-02-02T15:25:33.858+0000] {processor.py:161} INFO - Started process (PID=6296) to work on /home/airflow/.local/lib/python3.8/site-packages/airflow/example_dags/tutorial.py
[2024-02-02T15:25:33.860+0000] {processor.py:830} INFO - Processing file /home/airflow/.local/lib/python3.8/site-packages/airflow/example_dags/tutorial.py for tasks to queue
[2024-02-02T15:25:33.861+0000] {logging_mixin.py:188} INFO - [2024-02-02T15:25:33.861+0000] {dagbag.py:538} INFO - Filling up the DagBag from /home/airflow/.local/lib/python3.8/site-packages/airflow/example_dags/tutorial.py
[2024-02-02T15:25:33.868+0000] {processor.py:840} INFO - DAG(s) 'tutorial' retrieved from /home/airflow/.local/lib/python3.8/site-packages/airflow/example_dags/tutorial.py
[2024-02-02T15:25:33.895+0000] {logging_mixin.py:188} INFO - [2024-02-02T15:25:33.895+0000] {dag.py:3036} INFO - Sync 1 DAGs
[2024-02-02T15:25:33.924+0000] {logging_mixin.py:188} INFO - [2024-02-02T15:25:33.923+0000] {dag.py:3823} INFO - Setting next_dagrun for tutorial to 2024-02-01 00:00:00+00:00, run_after=2024-02-02 00:00:00+00:00
[2024-02-02T15:25:33.949+0000] {processor.py:183} INFO - Processing /home/airflow/.local/lib/python3.8/site-packages/airflow/example_dags/tutorial.py took 0.095 seconds
[2024-02-02T15:26:04.502+0000] {processor.py:161} INFO - Started process (PID=6543) to work on /home/airflow/.local/lib/python3.8/site-packages/airflow/example_dags/tutorial.py
[2024-02-02T15:26:04.503+0000] {processor.py:830} INFO - Processing file /home/airflow/.local/lib/python3.8/site-packages/airflow/example_dags/tutorial.py for tasks to queue
[2024-02-02T15:26:04.505+0000] {logging_mixin.py:188} INFO - [2024-02-02T15:26:04.505+0000] {dagbag.py:538} INFO - Filling up the DagBag from /home/airflow/.local/lib/python3.8/site-packages/airflow/example_dags/tutorial.py
[2024-02-02T15:26:04.512+0000] {processor.py:840} INFO - DAG(s) 'tutorial' retrieved from /home/airflow/.local/lib/python3.8/site-packages/airflow/example_dags/tutorial.py
[2024-02-02T15:26:04.538+0000] {logging_mixin.py:188} INFO - [2024-02-02T15:26:04.538+0000] {dag.py:3036} INFO - Sync 1 DAGs
[2024-02-02T15:26:04.565+0000] {logging_mixin.py:188} INFO - [2024-02-02T15:26:04.564+0000] {dag.py:3823} INFO - Setting next_dagrun for tutorial to 2024-02-01 00:00:00+00:00, run_after=2024-02-02 00:00:00+00:00
[2024-02-02T15:26:04.590+0000] {processor.py:183} INFO - Processing /home/airflow/.local/lib/python3.8/site-packages/airflow/example_dags/tutorial.py took 0.093 seconds
[2024-02-02T15:26:35.186+0000] {processor.py:161} INFO - Started process (PID=6790) to work on /home/airflow/.local/lib/python3.8/site-packages/airflow/example_dags/tutorial.py
[2024-02-02T15:26:35.188+0000] {processor.py:830} INFO - Processing file /home/airflow/.local/lib/python3.8/site-packages/airflow/example_dags/tutorial.py for tasks to queue
[2024-02-02T15:26:35.189+0000] {logging_mixin.py:188} INFO - [2024-02-02T15:26:35.189+0000] {dagbag.py:538} INFO - Filling up the DagBag from /home/airflow/.local/lib/python3.8/site-packages/airflow/example_dags/tutorial.py
[2024-02-02T15:26:35.197+0000] {processor.py:840} INFO - DAG(s) 'tutorial' retrieved from /home/airflow/.local/lib/python3.8/site-packages/airflow/example_dags/tutorial.py
[2024-02-02T15:26:35.223+0000] {logging_mixin.py:188} INFO - [2024-02-02T15:26:35.223+0000] {dag.py:3036} INFO - Sync 1 DAGs
[2024-02-02T15:26:35.252+0000] {logging_mixin.py:188} INFO - [2024-02-02T15:26:35.252+0000] {dag.py:3823} INFO - Setting next_dagrun for tutorial to 2024-02-01 00:00:00+00:00, run_after=2024-02-02 00:00:00+00:00
[2024-02-02T15:26:35.277+0000] {processor.py:183} INFO - Processing /home/airflow/.local/lib/python3.8/site-packages/airflow/example_dags/tutorial.py took 0.096 seconds
[2024-02-02T15:27:05.555+0000] {processor.py:161} INFO - Started process (PID=7037) to work on /home/airflow/.local/lib/python3.8/site-packages/airflow/example_dags/tutorial.py
[2024-02-02T15:27:05.556+0000] {processor.py:830} INFO - Processing file /home/airflow/.local/lib/python3.8/site-packages/airflow/example_dags/tutorial.py for tasks to queue
[2024-02-02T15:27:05.558+0000] {logging_mixin.py:188} INFO - [2024-02-02T15:27:05.557+0000] {dagbag.py:538} INFO - Filling up the DagBag from /home/airflow/.local/lib/python3.8/site-packages/airflow/example_dags/tutorial.py
[2024-02-02T15:27:05.568+0000] {processor.py:840} INFO - DAG(s) 'tutorial' retrieved from /home/airflow/.local/lib/python3.8/site-packages/airflow/example_dags/tutorial.py
[2024-02-02T15:27:05.594+0000] {logging_mixin.py:188} INFO - [2024-02-02T15:27:05.593+0000] {dag.py:3036} INFO - Sync 1 DAGs
[2024-02-02T15:27:05.620+0000] {logging_mixin.py:188} INFO - [2024-02-02T15:27:05.620+0000] {dag.py:3823} INFO - Setting next_dagrun for tutorial to 2024-02-01 00:00:00+00:00, run_after=2024-02-02 00:00:00+00:00
[2024-02-02T15:27:05.658+0000] {processor.py:183} INFO - Processing /home/airflow/.local/lib/python3.8/site-packages/airflow/example_dags/tutorial.py took 0.107 seconds
[2024-02-02T15:27:36.330+0000] {processor.py:161} INFO - Started process (PID=7284) to work on /home/airflow/.local/lib/python3.8/site-packages/airflow/example_dags/tutorial.py
[2024-02-02T15:27:36.331+0000] {processor.py:830} INFO - Processing file /home/airflow/.local/lib/python3.8/site-packages/airflow/example_dags/tutorial.py for tasks to queue
[2024-02-02T15:27:36.333+0000] {logging_mixin.py:188} INFO - [2024-02-02T15:27:36.333+0000] {dagbag.py:538} INFO - Filling up the DagBag from /home/airflow/.local/lib/python3.8/site-packages/airflow/example_dags/tutorial.py
[2024-02-02T15:27:36.341+0000] {processor.py:840} INFO - DAG(s) 'tutorial' retrieved from /home/airflow/.local/lib/python3.8/site-packages/airflow/example_dags/tutorial.py
[2024-02-02T15:27:36.369+0000] {logging_mixin.py:188} INFO - [2024-02-02T15:27:36.369+0000] {dag.py:3036} INFO - Sync 1 DAGs
[2024-02-02T15:27:36.398+0000] {logging_mixin.py:188} INFO - [2024-02-02T15:27:36.398+0000] {dag.py:3823} INFO - Setting next_dagrun for tutorial to 2024-02-01 00:00:00+00:00, run_after=2024-02-02 00:00:00+00:00
[2024-02-02T15:27:36.423+0000] {processor.py:183} INFO - Processing /home/airflow/.local/lib/python3.8/site-packages/airflow/example_dags/tutorial.py took 0.098 seconds
[2024-02-02T15:28:06.709+0000] {processor.py:161} INFO - Started process (PID=7531) to work on /home/airflow/.local/lib/python3.8/site-packages/airflow/example_dags/tutorial.py
[2024-02-02T15:28:06.711+0000] {processor.py:830} INFO - Processing file /home/airflow/.local/lib/python3.8/site-packages/airflow/example_dags/tutorial.py for tasks to queue
[2024-02-02T15:28:06.713+0000] {logging_mixin.py:188} INFO - [2024-02-02T15:28:06.712+0000] {dagbag.py:538} INFO - Filling up the DagBag from /home/airflow/.local/lib/python3.8/site-packages/airflow/example_dags/tutorial.py
[2024-02-02T15:28:06.721+0000] {processor.py:840} INFO - DAG(s) 'tutorial' retrieved from /home/airflow/.local/lib/python3.8/site-packages/airflow/example_dags/tutorial.py
[2024-02-02T15:28:06.752+0000] {logging_mixin.py:188} INFO - [2024-02-02T15:28:06.752+0000] {dag.py:3036} INFO - Sync 1 DAGs
[2024-02-02T15:28:06.789+0000] {logging_mixin.py:188} INFO - [2024-02-02T15:28:06.788+0000] {dag.py:3823} INFO - Setting next_dagrun for tutorial to 2024-02-01 00:00:00+00:00, run_after=2024-02-02 00:00:00+00:00
[2024-02-02T15:28:06.816+0000] {processor.py:183} INFO - Processing /home/airflow/.local/lib/python3.8/site-packages/airflow/example_dags/tutorial.py took 0.113 seconds
[2024-02-02T15:28:37.136+0000] {processor.py:161} INFO - Started process (PID=7778) to work on /home/airflow/.local/lib/python3.8/site-packages/airflow/example_dags/tutorial.py
[2024-02-02T15:28:37.138+0000] {processor.py:830} INFO - Processing file /home/airflow/.local/lib/python3.8/site-packages/airflow/example_dags/tutorial.py for tasks to queue
[2024-02-02T15:28:37.139+0000] {logging_mixin.py:188} INFO - [2024-02-02T15:28:37.139+0000] {dagbag.py:538} INFO - Filling up the DagBag from /home/airflow/.local/lib/python3.8/site-packages/airflow/example_dags/tutorial.py
[2024-02-02T15:28:37.146+0000] {processor.py:840} INFO - DAG(s) 'tutorial' retrieved from /home/airflow/.local/lib/python3.8/site-packages/airflow/example_dags/tutorial.py
[2024-02-02T15:28:37.173+0000] {logging_mixin.py:188} INFO - [2024-02-02T15:28:37.173+0000] {dag.py:3036} INFO - Sync 1 DAGs
[2024-02-02T15:28:37.200+0000] {logging_mixin.py:188} INFO - [2024-02-02T15:28:37.199+0000] {dag.py:3823} INFO - Setting next_dagrun for tutorial to 2024-02-01 00:00:00+00:00, run_after=2024-02-02 00:00:00+00:00
[2024-02-02T15:28:37.236+0000] {processor.py:183} INFO - Processing /home/airflow/.local/lib/python3.8/site-packages/airflow/example_dags/tutorial.py took 0.105 seconds
[2024-02-02T15:29:07.485+0000] {processor.py:161} INFO - Started process (PID=8025) to work on /home/airflow/.local/lib/python3.8/site-packages/airflow/example_dags/tutorial.py
[2024-02-02T15:29:07.487+0000] {processor.py:830} INFO - Processing file /home/airflow/.local/lib/python3.8/site-packages/airflow/example_dags/tutorial.py for tasks to queue
[2024-02-02T15:29:07.488+0000] {logging_mixin.py:188} INFO - [2024-02-02T15:29:07.488+0000] {dagbag.py:538} INFO - Filling up the DagBag from /home/airflow/.local/lib/python3.8/site-packages/airflow/example_dags/tutorial.py
[2024-02-02T15:29:07.495+0000] {processor.py:840} INFO - DAG(s) 'tutorial' retrieved from /home/airflow/.local/lib/python3.8/site-packages/airflow/example_dags/tutorial.py
[2024-02-02T15:29:07.521+0000] {logging_mixin.py:188} INFO - [2024-02-02T15:29:07.520+0000] {dag.py:3036} INFO - Sync 1 DAGs
[2024-02-02T15:29:07.546+0000] {logging_mixin.py:188} INFO - [2024-02-02T15:29:07.546+0000] {dag.py:3823} INFO - Setting next_dagrun for tutorial to 2024-02-01 00:00:00+00:00, run_after=2024-02-02 00:00:00+00:00
[2024-02-02T15:29:07.583+0000] {processor.py:183} INFO - Processing /home/airflow/.local/lib/python3.8/site-packages/airflow/example_dags/tutorial.py took 0.102 seconds
[2024-02-02T15:29:37.886+0000] {processor.py:161} INFO - Started process (PID=8272) to work on /home/airflow/.local/lib/python3.8/site-packages/airflow/example_dags/tutorial.py
[2024-02-02T15:29:37.887+0000] {processor.py:830} INFO - Processing file /home/airflow/.local/lib/python3.8/site-packages/airflow/example_dags/tutorial.py for tasks to queue
[2024-02-02T15:29:37.889+0000] {logging_mixin.py:188} INFO - [2024-02-02T15:29:37.889+0000] {dagbag.py:538} INFO - Filling up the DagBag from /home/airflow/.local/lib/python3.8/site-packages/airflow/example_dags/tutorial.py
[2024-02-02T15:29:37.897+0000] {processor.py:840} INFO - DAG(s) 'tutorial' retrieved from /home/airflow/.local/lib/python3.8/site-packages/airflow/example_dags/tutorial.py
[2024-02-02T15:29:37.923+0000] {logging_mixin.py:188} INFO - [2024-02-02T15:29:37.923+0000] {dag.py:3036} INFO - Sync 1 DAGs
[2024-02-02T15:29:37.949+0000] {logging_mixin.py:188} INFO - [2024-02-02T15:29:37.949+0000] {dag.py:3823} INFO - Setting next_dagrun for tutorial to 2024-02-01 00:00:00+00:00, run_after=2024-02-02 00:00:00+00:00
[2024-02-02T15:29:37.994+0000] {processor.py:183} INFO - Processing /home/airflow/.local/lib/python3.8/site-packages/airflow/example_dags/tutorial.py took 0.113 seconds
[2024-02-02T15:30:08.366+0000] {processor.py:161} INFO - Started process (PID=8519) to work on /home/airflow/.local/lib/python3.8/site-packages/airflow/example_dags/tutorial.py
[2024-02-02T15:30:08.367+0000] {processor.py:830} INFO - Processing file /home/airflow/.local/lib/python3.8/site-packages/airflow/example_dags/tutorial.py for tasks to queue
[2024-02-02T15:30:08.369+0000] {logging_mixin.py:188} INFO - [2024-02-02T15:30:08.368+0000] {dagbag.py:538} INFO - Filling up the DagBag from /home/airflow/.local/lib/python3.8/site-packages/airflow/example_dags/tutorial.py
[2024-02-02T15:30:08.376+0000] {processor.py:840} INFO - DAG(s) 'tutorial' retrieved from /home/airflow/.local/lib/python3.8/site-packages/airflow/example_dags/tutorial.py
[2024-02-02T15:30:08.401+0000] {logging_mixin.py:188} INFO - [2024-02-02T15:30:08.400+0000] {dag.py:3036} INFO - Sync 1 DAGs
[2024-02-02T15:30:08.428+0000] {logging_mixin.py:188} INFO - [2024-02-02T15:30:08.428+0000] {dag.py:3823} INFO - Setting next_dagrun for tutorial to 2024-02-01 00:00:00+00:00, run_after=2024-02-02 00:00:00+00:00
[2024-02-02T15:30:08.463+0000] {processor.py:183} INFO - Processing /home/airflow/.local/lib/python3.8/site-packages/airflow/example_dags/tutorial.py took 0.102 seconds
[2024-02-02T15:30:38.687+0000] {processor.py:161} INFO - Started process (PID=8766) to work on /home/airflow/.local/lib/python3.8/site-packages/airflow/example_dags/tutorial.py
[2024-02-02T15:30:38.689+0000] {processor.py:830} INFO - Processing file /home/airflow/.local/lib/python3.8/site-packages/airflow/example_dags/tutorial.py for tasks to queue
[2024-02-02T15:30:38.691+0000] {logging_mixin.py:188} INFO - [2024-02-02T15:30:38.690+0000] {dagbag.py:538} INFO - Filling up the DagBag from /home/airflow/.local/lib/python3.8/site-packages/airflow/example_dags/tutorial.py
[2024-02-02T15:30:38.698+0000] {processor.py:840} INFO - DAG(s) 'tutorial' retrieved from /home/airflow/.local/lib/python3.8/site-packages/airflow/example_dags/tutorial.py
[2024-02-02T15:30:38.723+0000] {logging_mixin.py:188} INFO - [2024-02-02T15:30:38.723+0000] {dag.py:3036} INFO - Sync 1 DAGs
[2024-02-02T15:30:38.749+0000] {logging_mixin.py:188} INFO - [2024-02-02T15:30:38.749+0000] {dag.py:3823} INFO - Setting next_dagrun for tutorial to 2024-02-01 00:00:00+00:00, run_after=2024-02-02 00:00:00+00:00
[2024-02-02T15:30:38.787+0000] {processor.py:183} INFO - Processing /home/airflow/.local/lib/python3.8/site-packages/airflow/example_dags/tutorial.py took 0.103 seconds
[2024-02-02T15:31:08.913+0000] {processor.py:161} INFO - Started process (PID=9013) to work on /home/airflow/.local/lib/python3.8/site-packages/airflow/example_dags/tutorial.py
[2024-02-02T15:31:08.914+0000] {processor.py:830} INFO - Processing file /home/airflow/.local/lib/python3.8/site-packages/airflow/example_dags/tutorial.py for tasks to queue
[2024-02-02T15:31:08.916+0000] {logging_mixin.py:188} INFO - [2024-02-02T15:31:08.915+0000] {dagbag.py:538} INFO - Filling up the DagBag from /home/airflow/.local/lib/python3.8/site-packages/airflow/example_dags/tutorial.py
[2024-02-02T15:31:08.925+0000] {processor.py:840} INFO - DAG(s) 'tutorial' retrieved from /home/airflow/.local/lib/python3.8/site-packages/airflow/example_dags/tutorial.py
[2024-02-02T15:31:08.953+0000] {logging_mixin.py:188} INFO - [2024-02-02T15:31:08.952+0000] {dag.py:3036} INFO - Sync 1 DAGs
[2024-02-02T15:31:08.980+0000] {logging_mixin.py:188} INFO - [2024-02-02T15:31:08.980+0000] {dag.py:3823} INFO - Setting next_dagrun for tutorial to 2024-02-01 00:00:00+00:00, run_after=2024-02-02 00:00:00+00:00
[2024-02-02T15:31:09.006+0000] {processor.py:183} INFO - Processing /home/airflow/.local/lib/python3.8/site-packages/airflow/example_dags/tutorial.py took 0.098 seconds
[2024-02-02T15:31:39.099+0000] {processor.py:161} INFO - Started process (PID=9258) to work on /home/airflow/.local/lib/python3.8/site-packages/airflow/example_dags/tutorial.py
[2024-02-02T15:31:39.100+0000] {processor.py:830} INFO - Processing file /home/airflow/.local/lib/python3.8/site-packages/airflow/example_dags/tutorial.py for tasks to queue
[2024-02-02T15:31:39.102+0000] {logging_mixin.py:188} INFO - [2024-02-02T15:31:39.102+0000] {dagbag.py:538} INFO - Filling up the DagBag from /home/airflow/.local/lib/python3.8/site-packages/airflow/example_dags/tutorial.py
[2024-02-02T15:31:39.109+0000] {processor.py:840} INFO - DAG(s) 'tutorial' retrieved from /home/airflow/.local/lib/python3.8/site-packages/airflow/example_dags/tutorial.py
[2024-02-02T15:31:39.140+0000] {logging_mixin.py:188} INFO - [2024-02-02T15:31:39.140+0000] {dag.py:3036} INFO - Sync 1 DAGs
[2024-02-02T15:31:39.169+0000] {logging_mixin.py:188} INFO - [2024-02-02T15:31:39.169+0000] {dag.py:3823} INFO - Setting next_dagrun for tutorial to 2024-02-01 00:00:00+00:00, run_after=2024-02-02 00:00:00+00:00
[2024-02-02T15:31:39.196+0000] {processor.py:183} INFO - Processing /home/airflow/.local/lib/python3.8/site-packages/airflow/example_dags/tutorial.py took 0.101 seconds
[2024-02-02T15:32:09.434+0000] {processor.py:161} INFO - Started process (PID=9502) to work on /home/airflow/.local/lib/python3.8/site-packages/airflow/example_dags/tutorial.py
[2024-02-02T15:32:09.435+0000] {processor.py:830} INFO - Processing file /home/airflow/.local/lib/python3.8/site-packages/airflow/example_dags/tutorial.py for tasks to queue
[2024-02-02T15:32:09.436+0000] {logging_mixin.py:188} INFO - [2024-02-02T15:32:09.436+0000] {dagbag.py:538} INFO - Filling up the DagBag from /home/airflow/.local/lib/python3.8/site-packages/airflow/example_dags/tutorial.py
[2024-02-02T15:32:09.444+0000] {processor.py:840} INFO - DAG(s) 'tutorial' retrieved from /home/airflow/.local/lib/python3.8/site-packages/airflow/example_dags/tutorial.py
[2024-02-02T15:32:09.469+0000] {logging_mixin.py:188} INFO - [2024-02-02T15:32:09.469+0000] {dag.py:3036} INFO - Sync 1 DAGs
[2024-02-02T15:32:09.495+0000] {logging_mixin.py:188} INFO - [2024-02-02T15:32:09.495+0000] {dag.py:3823} INFO - Setting next_dagrun for tutorial to 2024-02-01 00:00:00+00:00, run_after=2024-02-02 00:00:00+00:00
[2024-02-02T15:32:09.530+0000] {processor.py:183} INFO - Processing /home/airflow/.local/lib/python3.8/site-packages/airflow/example_dags/tutorial.py took 0.100 seconds
[2024-02-02T15:32:39.666+0000] {processor.py:161} INFO - Started process (PID=9749) to work on /home/airflow/.local/lib/python3.8/site-packages/airflow/example_dags/tutorial.py
[2024-02-02T15:32:39.668+0000] {processor.py:830} INFO - Processing file /home/airflow/.local/lib/python3.8/site-packages/airflow/example_dags/tutorial.py for tasks to queue
[2024-02-02T15:32:39.669+0000] {logging_mixin.py:188} INFO - [2024-02-02T15:32:39.669+0000] {dagbag.py:538} INFO - Filling up the DagBag from /home/airflow/.local/lib/python3.8/site-packages/airflow/example_dags/tutorial.py
[2024-02-02T15:32:39.677+0000] {processor.py:840} INFO - DAG(s) 'tutorial' retrieved from /home/airflow/.local/lib/python3.8/site-packages/airflow/example_dags/tutorial.py
[2024-02-02T15:32:39.703+0000] {logging_mixin.py:188} INFO - [2024-02-02T15:32:39.703+0000] {dag.py:3036} INFO - Sync 1 DAGs
[2024-02-02T15:32:39.731+0000] {logging_mixin.py:188} INFO - [2024-02-02T15:32:39.730+0000] {dag.py:3823} INFO - Setting next_dagrun for tutorial to 2024-02-01 00:00:00+00:00, run_after=2024-02-02 00:00:00+00:00
[2024-02-02T15:32:39.756+0000] {processor.py:183} INFO - Processing /home/airflow/.local/lib/python3.8/site-packages/airflow/example_dags/tutorial.py took 0.094 seconds
[2024-02-02T15:33:10.667+0000] {processor.py:161} INFO - Started process (PID=9999) to work on /home/airflow/.local/lib/python3.8/site-packages/airflow/example_dags/tutorial.py
[2024-02-02T15:33:10.668+0000] {processor.py:830} INFO - Processing file /home/airflow/.local/lib/python3.8/site-packages/airflow/example_dags/tutorial.py for tasks to queue
[2024-02-02T15:33:10.670+0000] {logging_mixin.py:188} INFO - [2024-02-02T15:33:10.669+0000] {dagbag.py:538} INFO - Filling up the DagBag from /home/airflow/.local/lib/python3.8/site-packages/airflow/example_dags/tutorial.py
[2024-02-02T15:33:10.676+0000] {processor.py:840} INFO - DAG(s) 'tutorial' retrieved from /home/airflow/.local/lib/python3.8/site-packages/airflow/example_dags/tutorial.py
[2024-02-02T15:33:10.702+0000] {logging_mixin.py:188} INFO - [2024-02-02T15:33:10.702+0000] {dag.py:3036} INFO - Sync 1 DAGs
[2024-02-02T15:33:10.728+0000] {logging_mixin.py:188} INFO - [2024-02-02T15:33:10.728+0000] {dag.py:3823} INFO - Setting next_dagrun for tutorial to 2024-02-01 00:00:00+00:00, run_after=2024-02-02 00:00:00+00:00
[2024-02-02T15:33:10.765+0000] {processor.py:183} INFO - Processing /home/airflow/.local/lib/python3.8/site-packages/airflow/example_dags/tutorial.py took 0.103 seconds
[2024-02-02T15:33:41.422+0000] {processor.py:161} INFO - Started process (PID=10246) to work on /home/airflow/.local/lib/python3.8/site-packages/airflow/example_dags/tutorial.py
[2024-02-02T15:33:41.423+0000] {processor.py:830} INFO - Processing file /home/airflow/.local/lib/python3.8/site-packages/airflow/example_dags/tutorial.py for tasks to queue
[2024-02-02T15:33:41.425+0000] {logging_mixin.py:188} INFO - [2024-02-02T15:33:41.424+0000] {dagbag.py:538} INFO - Filling up the DagBag from /home/airflow/.local/lib/python3.8/site-packages/airflow/example_dags/tutorial.py
[2024-02-02T15:33:41.432+0000] {processor.py:840} INFO - DAG(s) 'tutorial' retrieved from /home/airflow/.local/lib/python3.8/site-packages/airflow/example_dags/tutorial.py
[2024-02-02T15:33:41.458+0000] {logging_mixin.py:188} INFO - [2024-02-02T15:33:41.458+0000] {dag.py:3036} INFO - Sync 1 DAGs
[2024-02-02T15:33:41.485+0000] {logging_mixin.py:188} INFO - [2024-02-02T15:33:41.485+0000] {dag.py:3823} INFO - Setting next_dagrun for tutorial to 2024-02-01 00:00:00+00:00, run_after=2024-02-02 00:00:00+00:00
[2024-02-02T15:33:41.520+0000] {processor.py:183} INFO - Processing /home/airflow/.local/lib/python3.8/site-packages/airflow/example_dags/tutorial.py took 0.102 seconds
[2024-02-02T15:34:11.731+0000] {processor.py:161} INFO - Started process (PID=10490) to work on /home/airflow/.local/lib/python3.8/site-packages/airflow/example_dags/tutorial.py
[2024-02-02T15:34:11.732+0000] {processor.py:830} INFO - Processing file /home/airflow/.local/lib/python3.8/site-packages/airflow/example_dags/tutorial.py for tasks to queue
[2024-02-02T15:34:11.734+0000] {logging_mixin.py:188} INFO - [2024-02-02T15:34:11.733+0000] {dagbag.py:538} INFO - Filling up the DagBag from /home/airflow/.local/lib/python3.8/site-packages/airflow/example_dags/tutorial.py
[2024-02-02T15:34:11.742+0000] {processor.py:840} INFO - DAG(s) 'tutorial' retrieved from /home/airflow/.local/lib/python3.8/site-packages/airflow/example_dags/tutorial.py
[2024-02-02T15:34:11.767+0000] {logging_mixin.py:188} INFO - [2024-02-02T15:34:11.767+0000] {dag.py:3036} INFO - Sync 1 DAGs
[2024-02-02T15:34:11.794+0000] {logging_mixin.py:188} INFO - [2024-02-02T15:34:11.794+0000] {dag.py:3823} INFO - Setting next_dagrun for tutorial to 2024-02-01 00:00:00+00:00, run_after=2024-02-02 00:00:00+00:00
[2024-02-02T15:34:11.819+0000] {processor.py:183} INFO - Processing /home/airflow/.local/lib/python3.8/site-packages/airflow/example_dags/tutorial.py took 0.092 seconds
[2024-02-02T15:34:42.094+0000] {processor.py:161} INFO - Started process (PID=10737) to work on /home/airflow/.local/lib/python3.8/site-packages/airflow/example_dags/tutorial.py
[2024-02-02T15:34:42.096+0000] {processor.py:830} INFO - Processing file /home/airflow/.local/lib/python3.8/site-packages/airflow/example_dags/tutorial.py for tasks to queue
[2024-02-02T15:34:42.098+0000] {logging_mixin.py:188} INFO - [2024-02-02T15:34:42.098+0000] {dagbag.py:538} INFO - Filling up the DagBag from /home/airflow/.local/lib/python3.8/site-packages/airflow/example_dags/tutorial.py
[2024-02-02T15:34:42.111+0000] {processor.py:840} INFO - DAG(s) 'tutorial' retrieved from /home/airflow/.local/lib/python3.8/site-packages/airflow/example_dags/tutorial.py
[2024-02-02T15:34:42.147+0000] {logging_mixin.py:188} INFO - [2024-02-02T15:34:42.146+0000] {dag.py:3036} INFO - Sync 1 DAGs
[2024-02-02T15:34:42.183+0000] {logging_mixin.py:188} INFO - [2024-02-02T15:34:42.182+0000] {dag.py:3823} INFO - Setting next_dagrun for tutorial to 2024-02-01 00:00:00+00:00, run_after=2024-02-02 00:00:00+00:00
[2024-02-02T15:34:42.213+0000] {processor.py:183} INFO - Processing /home/airflow/.local/lib/python3.8/site-packages/airflow/example_dags/tutorial.py took 0.124 seconds
[2024-02-02T15:35:12.493+0000] {processor.py:161} INFO - Started process (PID=10984) to work on /home/airflow/.local/lib/python3.8/site-packages/airflow/example_dags/tutorial.py
[2024-02-02T15:35:12.495+0000] {processor.py:830} INFO - Processing file /home/airflow/.local/lib/python3.8/site-packages/airflow/example_dags/tutorial.py for tasks to queue
[2024-02-02T15:35:12.496+0000] {logging_mixin.py:188} INFO - [2024-02-02T15:35:12.496+0000] {dagbag.py:538} INFO - Filling up the DagBag from /home/airflow/.local/lib/python3.8/site-packages/airflow/example_dags/tutorial.py
[2024-02-02T15:35:12.504+0000] {processor.py:840} INFO - DAG(s) 'tutorial' retrieved from /home/airflow/.local/lib/python3.8/site-packages/airflow/example_dags/tutorial.py
[2024-02-02T15:35:12.530+0000] {logging_mixin.py:188} INFO - [2024-02-02T15:35:12.530+0000] {dag.py:3036} INFO - Sync 1 DAGs
[2024-02-02T15:35:12.556+0000] {logging_mixin.py:188} INFO - [2024-02-02T15:35:12.556+0000] {dag.py:3823} INFO - Setting next_dagrun for tutorial to 2024-02-01 00:00:00+00:00, run_after=2024-02-02 00:00:00+00:00
[2024-02-02T15:35:12.593+0000] {processor.py:183} INFO - Processing /home/airflow/.local/lib/python3.8/site-packages/airflow/example_dags/tutorial.py took 0.104 seconds
[2024-02-02T15:35:43.131+0000] {processor.py:161} INFO - Started process (PID=11234) to work on /home/airflow/.local/lib/python3.8/site-packages/airflow/example_dags/tutorial.py
[2024-02-02T15:35:43.132+0000] {processor.py:830} INFO - Processing file /home/airflow/.local/lib/python3.8/site-packages/airflow/example_dags/tutorial.py for tasks to queue
[2024-02-02T15:35:43.134+0000] {logging_mixin.py:188} INFO - [2024-02-02T15:35:43.134+0000] {dagbag.py:538} INFO - Filling up the DagBag from /home/airflow/.local/lib/python3.8/site-packages/airflow/example_dags/tutorial.py
[2024-02-02T15:35:43.142+0000] {processor.py:840} INFO - DAG(s) 'tutorial' retrieved from /home/airflow/.local/lib/python3.8/site-packages/airflow/example_dags/tutorial.py
[2024-02-02T15:35:43.176+0000] {logging_mixin.py:188} INFO - [2024-02-02T15:35:43.175+0000] {dag.py:3036} INFO - Sync 1 DAGs
[2024-02-02T15:35:43.212+0000] {logging_mixin.py:188} INFO - [2024-02-02T15:35:43.212+0000] {dag.py:3823} INFO - Setting next_dagrun for tutorial to 2024-02-01 00:00:00+00:00, run_after=2024-02-02 00:00:00+00:00
[2024-02-02T15:35:43.242+0000] {processor.py:183} INFO - Processing /home/airflow/.local/lib/python3.8/site-packages/airflow/example_dags/tutorial.py took 0.116 seconds
[2024-02-02T15:36:13.513+0000] {processor.py:161} INFO - Started process (PID=11476) to work on /home/airflow/.local/lib/python3.8/site-packages/airflow/example_dags/tutorial.py
[2024-02-02T15:36:13.515+0000] {processor.py:830} INFO - Processing file /home/airflow/.local/lib/python3.8/site-packages/airflow/example_dags/tutorial.py for tasks to queue
[2024-02-02T15:36:13.516+0000] {logging_mixin.py:188} INFO - [2024-02-02T15:36:13.516+0000] {dagbag.py:538} INFO - Filling up the DagBag from /home/airflow/.local/lib/python3.8/site-packages/airflow/example_dags/tutorial.py
[2024-02-02T15:36:13.526+0000] {processor.py:840} INFO - DAG(s) 'tutorial' retrieved from /home/airflow/.local/lib/python3.8/site-packages/airflow/example_dags/tutorial.py
[2024-02-02T15:36:13.554+0000] {logging_mixin.py:188} INFO - [2024-02-02T15:36:13.553+0000] {dag.py:3036} INFO - Sync 1 DAGs
[2024-02-02T15:36:13.590+0000] {logging_mixin.py:188} INFO - [2024-02-02T15:36:13.590+0000] {dag.py:3823} INFO - Setting next_dagrun for tutorial to 2024-02-01 00:00:00+00:00, run_after=2024-02-02 00:00:00+00:00
[2024-02-02T15:36:13.630+0000] {processor.py:183} INFO - Processing /home/airflow/.local/lib/python3.8/site-packages/airflow/example_dags/tutorial.py took 0.122 seconds
